============================================================
MDP Solver 2D (Optimized)
============================================================

--- Instance ---
Instance name: 2D_CaseMMM

--- Demand Parameters ---
Annual demand rates: [40.0, 20.0]
Weekly demand means: [0.7692307692307693, 0.38461538461538464]
Annual CV: 0.5
Distribution: NegativeBinomial

--- Cost Parameters ---
Holding costs (annual): [2.0, 2.0]
Holding costs (weekly): [0.038461538461538464, 0.038461538461538464]
Penalty costs (annual): [50.0, 50.0]
Penalty costs (weekly): [0.9615384615384616, 0.9615384615384616]
Variable costs: [0.1, 0.4]
Fixed cost: 50.0

--- Discount ---
Weekly discount factor γ: 0.999039
Implied annual interest rate: 0.05

--- State & Action Space ---
State space: [-250, 100]² = 351² = 123201 states
Order-up-to range: [10, 100] (n_z = 91)

--- Numerical Parameters ---
Demand truncation: 250
Time unit Δn: 0.019230769230769232 (weekly)
============================================================

--- Distribution Details ---
Item 1: NegativeBinomial{Float64}(r=0.08547008547008549, p=0.10000000000000002)
  Mean: 0.7692
  Variance: 7.6923
  P(D > 250): 0.0%
Item 2: NegativeBinomial{Float64}(r=0.09615384615384617, p=0.20000000000000004)
  Mean: 0.3846
  Variance: 1.9231
  P(D > 250): 0.0%
============================================================
Precomputing transition matrices...
Precomputation done. Starting policy iteration...
Policy iteration: 1
  Policy evaluation converged in 16004 iterations (δ = 9.994517313316464e-5)
200.058345 seconds (1.97 G allocations: 137.723 GiB, 10.87% gc time, 0.62% compilation time)
  Cost at V(0,0) = 399059.79166658345
  Policy stable: false
  5.310172 seconds (2.37 G allocations: 35.318 GiB, 38.72% gc time, 14.15% compilation time)
Policy iteration: 2
  Policy evaluation converged in 15509 iterations (δ = 9.992149352910928e-5)
220.920653 seconds (5.73 G allocations: 190.405 GiB, 17.84% gc time)
  Cost at V(0,0) = 23705.313606162304
  Policy stable: false
  5.504760 seconds (2.37 G allocations: 35.315 GiB, 42.34% gc time)
Policy iteration: 3
  Policy evaluation converged in 12475 iterations (δ = 9.994880747399293e-5)
170.134505 seconds (4.25 G allocations: 147.748 GiB, 18.11% gc time)
  Cost at V(0,0) = 6981.794168707142
  Policy stable: false
  5.746104 seconds (2.37 G allocations: 35.315 GiB, 44.46% gc time)
Policy iteration: 4
  Policy evaluation converged in 8769 iterations (δ = 9.999369194702012e-5)
130.091075 seconds (3.20 G allocations: 106.977 GiB, 16.97% gc time)
  Cost at V(0,0) = 6278.128305714644
  Policy stable: false
  4.443601 seconds (2.37 G allocations: 35.315 GiB, 32.47% gc time)
Policy iteration: 5
  Policy evaluation converged in 10454 iterations (δ = 9.992853483709041e-5)
137.230703 seconds (3.64 G allocations: 125.018 GiB, 18.18% gc time)
  Cost at V(0,0) = 3912.971832842586
  Policy stable: false
  5.718299 seconds (2.37 G allocations: 35.315 GiB, 44.08% gc time)
Policy iteration: 6
  Policy evaluation converged in 8373 iterations (δ = 9.998621908380301e-5)
117.166128 seconds (2.95 G allocations: 100.699 GiB, 17.22% gc time)
  Cost at V(0,0) = 3554.480167661927
  Policy stable: false
  6.132246 seconds (2.37 G allocations: 35.315 GiB, 47.28% gc time)
Policy iteration: 7
  Policy evaluation converged in 8925 iterations (δ = 9.999887288358877e-5)
131.265983 seconds (3.12 G allocations: 106.845 GiB, 16.31% gc time)
  Cost at V(0,0) = 3005.6994780474433
  Policy stable: false
  5.728303 seconds (2.37 G allocations: 35.315 GiB, 44.01% gc time)
Policy iteration: 8
  Policy evaluation converged in 6662 iterations (δ = 9.992510013034916e-5)
 97.443382 seconds (2.33 G allocations: 79.758 GiB, 16.49% gc time)
  Cost at V(0,0) = 2942.076734992923
  Policy stable: false
  4.497892 seconds (2.37 G allocations: 35.315 GiB, 33.26% gc time)
Policy iteration: 9
  Policy evaluation converged in 4288 iterations (δ = 9.996000744649791e-5)
 62.417775 seconds (1.50 G allocations: 51.323 GiB, 16.62% gc time)
  Cost at V(0,0) = 2935.1854921855092
  Policy stable: false
  5.469286 seconds (2.37 G allocations: 35.315 GiB, 43.01% gc time)
Policy iteration: 10
  Policy evaluation converged in 215 iterations (δ = 9.994223273679381e-5)
  3.456926 seconds (75.04 M allocations: 2.573 GiB, 15.39% gc time)
  Cost at V(0,0) = 2935.161866210597
  Policy stable: false
  5.108273 seconds (2.37 G allocations: 35.315 GiB, 40.29% gc time)
Policy iteration: 11
  Policy evaluation converged in 32 iterations (δ = 9.998943323807907e-5)
  0.883928 seconds (11.17 M allocations: 392.197 MiB, 7.73% gc time)
  Cost at V(0,0) = 2935.158763827191
  Policy stable: true
  5.088437 seconds (2.37 G allocations: 35.315 GiB, 39.13% gc time)
Policy iteration converged!
1331.237612 seconds (54.85 G allocations: 1.405 TiB, 17.42% gc time, 0.26% compilation time)
============================================================
Final Results
============================================================
Cost at V(0,0) = 2935.158763827191
Action at (0, 0): (0, 0)
Action at (-50, -50): (84, 71)
Policy saved to: output/2d_mdp/mdppolicy_2D_CaseMMM.jld2
