
============================================================
DeepSJRP - Stochastic Joint Replenishment Problem Solver
============================================================
Instance: 50D_CaseHM
Options: Dict{Symbol, Any}(:beta_override => 100000.0, :alpha_override => nothing, :device => :gpu, :nu_override => 0.2, :T_override => 0.2, :seed => 777)
============================================================

Device: CUDA GPU
CUDA toolchain: 
- runtime 12.8, local installation
- driver 580.126.16 for 13.2
- compiler 12.9

CUDA libraries: 
- CUBLAS: 12.8.4
- CURAND: 10.3.9
- CUFFT: 11.3.3
- CUSOLVER: 11.7.3
- CUSPARSE: 12.5.8
- CUPTI: 2025.1.1 (API 12.8.0)
- NVML: 13.0.0+580.126.16

Julia packages: 
- CUDA: 5.11.0
- GPUArrays: 11.4.1
- GPUCompiler: 1.9.1
- KernelAbstractions: 0.9.41
- CUDA_Driver_jll: 13.2.0+0
- CUDA_Compiler_jll: 0.4.2+0
- CUDA_Runtime_jll: 0.21.0+0
- CUDA_Runtime_Discovery: 1.0.0

Toolchain:
- Julia: 1.11.7
- LLVM: 16.0.6

Preferences:
- CUDA_Runtime_jll.version: local

1 device:
  0: NVIDIA H100 80GB HBM3 (sm_90, 79.175 GiB / 79.647 GiB available)
BLAS threads: 1
Julia threads: 10

Benchmark source: QS

============================================================
IMPULSE CONTROL PROBLEM (scaled, annual)
============================================================
Instance: 50D_CaseHM
Dimension: 50
Interest rate: 0.05
Cost scaling κ: 0.01

Drift μ (annual demand rates): [50.0, 50.0, 50.0, 50.0, 50.0, 50.0, 50.0, 50.0, 50.0, 50.0, 50.0, 50.0, 50.0, 50.0, 50.0, 25.0, 25.0, 25.0, 25.0, 25.0, 25.0, 25.0, 25.0, 25.0, 25.0, 25.0, 25.0, 25.0, 25.0, 25.0, 12.5, 12.5, 12.5, 12.5, 12.5, 12.5, 12.5, 12.5, 12.5, 12.5, 12.5, 12.5, 12.5, 12.5, 12.5, 12.5, 12.5, 12.5, 12.5, 12.5]
Covariance Σ diagonal: [2500.0, 2500.0, 2500.0, 2500.0, 2500.0, 2500.0, 2500.0, 2500.0, 2500.0, 2500.0, 2500.0, 2500.0, 2500.0, 2500.0, 2500.0, 625.0, 625.0, 625.0, 625.0, 625.0, 625.0, 625.0, 625.0, 625.0, 625.0, 625.0, 625.0, 625.0, 625.0, 625.0, 156.25, 156.25, 156.25, 156.25, 156.25, 156.25, 156.25, 156.25, 156.25, 156.25, 156.25, 156.25, 156.25, 156.25, 156.25, 156.25, 156.25, 156.25, 156.25, 156.25]

Scaled costs (× κ = 0.01):
  Fixed cost K:    1.5
  Variable costs c: [0.001, 0.001, 0.001, 0.001, 0.001, 0.001, 0.001, 0.001, 0.001, 0.001, 0.001, 0.001, 0.001, 0.001, 0.001, 0.002, 0.002, 0.002, 0.002, 0.002, 0.002, 0.002, 0.002, 0.002, 0.002, 0.002, 0.002, 0.002, 0.002, 0.002, 0.004, 0.004, 0.004, 0.004, 0.004, 0.004, 0.004, 0.004, 0.004, 0.004, 0.004, 0.004, 0.004, 0.004, 0.004, 0.004, 0.004, 0.004, 0.004, 0.004]
  Holding costs h:  [0.01, 0.01, 0.01, 0.01, 0.01, 0.01, 0.01, 0.01, 0.01, 0.01, 0.01, 0.01, 0.01, 0.01, 0.01, 0.02, 0.02, 0.02, 0.02, 0.02, 0.02, 0.02, 0.02, 0.02, 0.02, 0.02, 0.02, 0.02, 0.02, 0.02, 0.04, 0.04, 0.04, 0.04, 0.04, 0.04, 0.04, 0.04, 0.04, 0.04, 0.04, 0.04, 0.04, 0.04, 0.04, 0.04, 0.04, 0.04, 0.04, 0.04]
  Penalty costs p:  [0.25, 0.25, 0.25, 0.25, 0.25, 0.25, 0.25, 0.25, 0.25, 0.25, 0.25, 0.25, 0.25, 0.25, 0.25, 0.5, 0.5, 0.5, 0.5, 0.5, 0.5, 0.5, 0.5, 0.5, 0.5, 0.5, 0.5, 0.5, 0.5, 0.5, 1.0, 1.0, 1.0, 1.0, 1.0, 1.0, 1.0, 1.0, 1.0, 1.0, 1.0, 1.0, 1.0, 1.0, 1.0, 1.0, 1.0, 1.0, 1.0, 1.0]

Original costs (unscaled):
  Fixed cost K:    150.0
  Variable costs c: [0.1, 0.1, 0.1, 0.1, 0.1, 0.1, 0.1, 0.1, 0.1, 0.1, 0.1, 0.1, 0.1, 0.1, 0.1, 0.2, 0.2, 0.2, 0.2, 0.2, 0.2, 0.2, 0.2, 0.2, 0.2, 0.2, 0.2, 0.2, 0.2, 0.2, 0.4, 0.4, 0.4, 0.4, 0.4, 0.4, 0.4, 0.4, 0.4, 0.4, 0.4, 0.4, 0.4, 0.4, 0.4, 0.4, 0.4, 0.4, 0.4, 0.4]
  Holding costs h:  [1.0, 1.0, 1.0, 1.0, 1.0, 1.0, 1.0, 1.0, 1.0, 1.0, 1.0, 1.0, 1.0, 1.0, 1.0, 2.0, 2.0, 2.0, 2.0, 2.0, 2.0, 2.0, 2.0, 2.0, 2.0, 2.0, 2.0, 2.0, 2.0, 2.0, 4.0, 4.0, 4.0, 4.0, 4.0, 4.0, 4.0, 4.0, 4.0, 4.0, 4.0, 4.0, 4.0, 4.0, 4.0, 4.0, 4.0, 4.0, 4.0, 4.0]
  Penalty costs p:  [25.0, 25.0, 25.0, 25.0, 25.0, 25.0, 25.0, 25.0, 25.0, 25.0, 25.0, 25.0, 25.0, 25.0, 25.0, 50.0, 50.0, 50.0, 50.0, 50.0, 50.0, 50.0, 50.0, 50.0, 50.0, 50.0, 50.0, 50.0, 50.0, 50.0, 100.0, 100.0, 100.0, 100.0, 100.0, 100.0, 100.0, 100.0, 100.0, 100.0, 100.0, 100.0, 100.0, 100.0, 100.0, 100.0, 100.0, 100.0, 100.0, 100.0]
============================================================

============================================================
TRAINING HYPERPARAMETERS
============================================================
Benchmark source: QS
Precision:        Float32
Batch size:       5000
Num intervals:    100
T horizon:        0.2
Num iterations:   40000
Learning rates:   [0.001, 0.0002, 0.0001, 1.0e-5, 1.0e-6]
LR steps:         [1, 5000, 10000, 20000, 30000]
Beta penalty:     [1.0, 10.0, 100.0, 1000.0, 10000.0, 100000.0]
Penalty steps:    [1, 2500, 5000, 7500, 10000, 20000]
Lambda rate:      8.446313568643136
S guess:          [[20.0, 20.0, 20.0, 20.0, 20.0, 20.0, 20.0, 20.0, 20.0, 20.0, 20.0, 20.0, 20.0, 20.0, 19.0, 12.0, 12.0, 12.0, 12.0, 12.0, 12.0, 12.0, 12.0, 12.0, 12.0, 12.0, 12.0, 12.0, 12.0, 12.0, 7.0, 7.0, 7.0, 7.0, 7.0, 7.0, 7.0, 7.0, 7.0, 7.0, 7.0, 7.0, 7.0, 7.0, 7.0, 7.0, 7.0, 7.0, 7.0, 7.0]]
Nu radius:        0.2
S distribution:   lognormal
Alpha factor:     0.0
Alpha js:         [0.0, 0.0, 0.0, 0.0, 0.0, 0.0, 0.0, 0.0, 0.0, 0.0, 0.0, 0.0, 0.0, 0.0, 0.0, 0.0, 0.0, 0.0, 0.0, 0.0, 0.0, 0.0, 0.0, 0.0, 0.0, 0.0, 0.0, 0.0, 0.0, 0.0, 0.0, 0.0, 0.0, 0.0, 0.0, 0.0, 0.0, 0.0, 0.0, 0.0, 0.0, 0.0, 0.0, 0.0, 0.0, 0.0, 0.0, 0.0, 0.0, 0.0]
Cost scaling:     0.01

Neural network architecture:
  Hidden layers:  4
  Width:          1000
  Activation:     elu

Optimization parameters:
  Start factor:   1.0
  Lower factor:   0.5
  Upper factor:   1.5
  Sim runs:       10
  Sim horizon:    5000
  Epsilons:       [-1.25, -2.5, -5.0, -7.5, -10.0, -12.5, -15.0, -20.0, -25.0, -30.0, -40.0, -50.0, -75.0, -100.0]
============================================================

Gradient network G (∇V):
Chain(
  Dense(50 => 1000, elu),               # 51_000 parameters
  Dense(1000 => 1000, elu),             # 1_001_000 parameters
  Dense(1000 => 1000, elu),             # 1_001_000 parameters
  Dense(1000 => 1000, elu),             # 1_001_000 parameters
  Dense(1000 => 50),                    # 50_050 parameters
)                   # Total: 10 arrays, 3_104_050 parameters, 1.562 KiB.

Value network H (V):
Chain(
  Dense(50 => 1000, elu),               # 51_000 parameters
  Dense(1000 => 1000, elu),             # 1_001_000 parameters
  Dense(1000 => 1000, elu),             # 1_001_000 parameters
  Dense(1000 => 1000, elu),             # 1_001_000 parameters
  Dense(1000 => 1),                     # 1_001 parameters
)                   # Total: 10 arrays, 3_055_001 parameters, 1.562 KiB.


============================================================
Starting neural network training...
============================================================

Starting training with steady-state sampler:
-----------------------------------------
Epoch: 1; Penalty β updated to: 1.0
-----------------------------------------
─── Device check ───
  x_tn: CuArray{Float32} (50, 100, 5000)
  dB: CuArray{Float32} (50, 100, 5000)
  dU: CuArray{Float32} (50, 100, 5000)
  exponentials: CuArray{Float32} (1, 100)
  loss_dB: CuArray{Float32} (1, 5000)
  loss_df: CuArray{Float32} (1, 5000)
  loss_dU: CuArray{Float32} (1, 5000)
  H_x0: CuArray{Float32} (1, 5000)
  H_xT: CuArray{Float32} (1, 5000)
  penalties: CuArray{Float32} (1, 5000)
────────────────────
Epoch: 1; Computation time: 67.944287475; Current value of V(0): 0.0
Lagrangian objective: 1.8803531e6; Average H(x0): 0.0; Quantile-hedge α(β): 50.12
Simulation time per epoch: 12.033970207; Gradient computation time: 43.210028858; Testing time: 11.837823523
Epoch: 1000; Computation time: 406.704013592; Current value of V(0): -888.5293006896973
Lagrangian objective: -3015.6816; Average H(x0): 5965.0366; Quantile-hedge α(β): 1.3399999999999967
Simulation time per epoch: 0.073942136; Gradient computation time: 0.181219233; Testing time: 0.083310747
Epoch: 2000; Computation time: 745.084989696; Current value of V(0): -835.6747627258301
Lagrangian objective: -3338.277; Average H(x0): 5996.0625; Quantile-hedge α(β): 0.11999999999999789
Simulation time per epoch: 0.074044021; Gradient computation time: 0.181164536; Testing time: 0.083121847
-----------------------------------------
Epoch: 2500; Penalty β updated to: 10.0
-----------------------------------------
Epoch: 3000; Computation time: 1083.45086198; Current value of V(0): -353.88455390930176
Lagrangian objective: 101.5711; Average H(x0): 25.291122; Quantile-hedge α(β): 81.74
Simulation time per epoch: 0.073860501; Gradient computation time: 0.180369505; Testing time: 0.083096986
Epoch: 4000; Computation time: 1421.500256685; Current value of V(0): -227.378249168396
Lagrangian objective: -589.0344; Average H(x0): 752.2739; Quantile-hedge α(β): 59.58
Simulation time per epoch: 0.073944598; Gradient computation time: 0.180920122; Testing time: 0.083046825
-----------------------------------------
Epoch: 5000; Penalty β updated to: 100.0
-----------------------------------------
Epoch: 5000; Computation time: 1759.614983906; Current value of V(0): 774.2824554443359
Lagrangian objective: 2519.0703; Average H(x0): 1371.3094; Quantile-hedge α(β): 17.500000000000004
Simulation time per epoch: 0.074063372; Gradient computation time: 0.18013595; Testing time: 0.08299323
Epoch: 6000; Computation time: 2097.068484198; Current value of V(0): 260.65099239349365
Lagrangian objective: -743.2156; Average H(x0): 845.7667; Quantile-hedge α(β): 57.02
Simulation time per epoch: 0.073943241; Gradient computation time: 0.180222046; Testing time: 0.083043945
Epoch: 7000; Computation time: 2434.49637918; Current value of V(0): 317.27135181427
Lagrangian objective: -738.54443; Average H(x0): 842.5877; Quantile-hedge α(β): 56.580000000000005
Simulation time per epoch: 0.074042717; Gradient computation time: 0.180594552; Testing time: 0.082934208
-----------------------------------------
Epoch: 7500; Penalty β updated to: 1000.0
-----------------------------------------
Epoch: 8000; Computation time: 2771.818978659; Current value of V(0): 2466.7600631713867
Lagrangian objective: -304.55054; Average H(x0): 511.1454; Quantile-hedge α(β): 95.52000000000001
Simulation time per epoch: 0.07394342; Gradient computation time: 0.180537981; Testing time: 0.082976316
Epoch: 9000; Computation time: 3109.174548802; Current value of V(0): 3611.9373321533203
Lagrangian objective: -499.2321; Average H(x0): 532.1305; Quantile-hedge α(β): 97.14
Simulation time per epoch: 0.074295612; Gradient computation time: 0.180426661; Testing time: 0.082913395
-----------------------------------------
Epoch: 10000; Penalty β updated to: 10000.0
-----------------------------------------
Epoch: 10000; Computation time: 3446.582118379; Current value of V(0): 4657.712554931641
Lagrangian objective: -391.85474; Average H(x0): 575.91455; Quantile-hedge α(β): 96.76
Simulation time per epoch: 0.074253629; Gradient computation time: 0.180381592; Testing time: 0.082903101
Epoch: 11000; Computation time: 3783.951102888; Current value of V(0): 2171.1700439453125
Lagrangian objective: -404.3922; Average H(x0): 414.8358; Quantile-hedge α(β): 99.72
Simulation time per epoch: 0.07403096; Gradient computation time: 0.180200779; Testing time: 0.082944674
Epoch: 12000; Computation time: 4121.333211563; Current value of V(0): 2913.975715637207
Lagrangian objective: -391.76706; Average H(x0): 423.12775; Quantile-hedge α(β): 99.74
Simulation time per epoch: 0.074027914; Gradient computation time: 0.180272973; Testing time: 0.08290111
Epoch: 13000; Computation time: 4458.677968524; Current value of V(0): 3378.532028198242
Lagrangian objective: -412.2847; Average H(x0): 436.5178; Quantile-hedge α(β): 99.8
Simulation time per epoch: 0.074048572; Gradient computation time: 0.180183153; Testing time: 0.083109815
Epoch: 14000; Computation time: 4796.034819133; Current value of V(0): 3876.7505645751953
Lagrangian objective: -450.21024; Average H(x0): 457.8794; Quantile-hedge α(β): 99.72
Simulation time per epoch: 0.074054932; Gradient computation time: 0.180240771; Testing time: 0.082913979
Epoch: 15000; Computation time: 5133.345120142; Current value of V(0): 4001.178741455078
Lagrangian objective: -481.7305; Average H(x0): 491.3269; Quantile-hedge α(β): 99.68
Simulation time per epoch: 0.074030813; Gradient computation time: 0.180260756; Testing time: 0.082922632
Epoch: 16000; Computation time: 5470.657624615; Current value of V(0): 3900.457763671875
Lagrangian objective: -498.74054; Average H(x0): 525.4556; Quantile-hedge α(β): 99.4
Simulation time per epoch: 0.074280191; Gradient computation time: 0.180269567; Testing time: 0.082948668
Epoch: 17000; Computation time: 5807.988755908; Current value of V(0): 2875.992965698242
Lagrangian objective: -342.00055; Average H(x0): 358.04956; Quantile-hedge α(β): 99.8
Simulation time per epoch: 0.074053019; Gradient computation time: 0.18012367; Testing time: 0.083096627
Epoch: 18000; Computation time: 6145.310769713; Current value of V(0): 3135.4625701904297
Lagrangian objective: -366.83057; Average H(x0): 369.2621; Quantile-hedge α(β): 99.88
Simulation time per epoch: 0.07421547; Gradient computation time: 0.180130251; Testing time: 0.082882355
Epoch: 19000; Computation time: 6482.584133335; Current value of V(0): 3344.05517578125
Lagrangian objective: -383.47842; Average H(x0): 386.6873; Quantile-hedge α(β): 99.94
Simulation time per epoch: 0.073945684; Gradient computation time: 0.18016152; Testing time: 0.083038753
-----------------------------------------
Epoch: 20000; Penalty β updated to: 100000.0
-----------------------------------------
Epoch: 20000; Computation time: 6819.844389266; Current value of V(0): 3641.510772705078
Lagrangian objective: -403.9922; Average H(x0): 414.813; Quantile-hedge α(β): 99.94
Simulation time per epoch: 0.073996435; Gradient computation time: 0.180133735; Testing time: 0.082889085
Epoch: 21000; Computation time: 7157.068629801; Current value of V(0): 3657.9029083251953
Lagrangian objective: -412.5918; Average H(x0): 412.60898; Quantile-hedge α(β): 99.98
Simulation time per epoch: 0.074058159; Gradient computation time: 0.180161133; Testing time: 0.082881541
Epoch: 22000; Computation time: 7494.340490126; Current value of V(0): 3625.5447387695312
Lagrangian objective: -411.67426; Average H(x0): 414.59964; Quantile-hedge α(β): 99.96000000000001
Simulation time per epoch: 0.073963283; Gradient computation time: 0.180243793; Testing time: 0.082910911
Epoch: 23000; Computation time: 7831.540260097; Current value of V(0): 3546.2337493896484
Lagrangian objective: -412.8627; Average H(x0): 420.46436; Quantile-hedge α(β): 99.94
Simulation time per epoch: 0.073997722; Gradient computation time: 0.180241493; Testing time: 0.08288276
Epoch: 24000; Computation time: 8168.760597455; Current value of V(0): 3564.643096923828
Lagrangian objective: -397.0059; Average H(x0): 432.1777; Quantile-hedge α(β): 99.82
Simulation time per epoch: 0.074208869; Gradient computation time: 0.180121135; Testing time: 0.082968518
Epoch: 25000; Computation time: 8505.963698291; Current value of V(0): 3512.143325805664
Lagrangian objective: -437.46674; Average H(x0): 437.9693; Quantile-hedge α(β): 99.94
Simulation time per epoch: 0.073957217; Gradient computation time: 0.180402275; Testing time: 0.08296181
Epoch: 26000; Computation time: 8843.153540939; Current value of V(0): 2880.3293228149414
Lagrangian objective: -409.91772; Average H(x0): 419.39975; Quantile-hedge α(β): 99.9
Simulation time per epoch: 0.074043836; Gradient computation time: 0.180079224; Testing time: 0.082863411
Epoch: 27000; Computation time: 9180.343783693; Current value of V(0): 2798.236846923828
Lagrangian objective: -427.589; Average H(x0): 427.589; Quantile-hedge α(β): 100.0
Simulation time per epoch: 0.074049705; Gradient computation time: 0.180177176; Testing time: 0.082884044
Epoch: 28000; Computation time: 9517.509400928; Current value of V(0): 2660.8572006225586
Lagrangian objective: -431.00235; Average H(x0): 433.68; Quantile-hedge α(β): 99.98
Simulation time per epoch: 0.074042716; Gradient computation time: 0.180341632; Testing time: 0.082887787
Epoch: 29000; Computation time: 9854.679968573; Current value of V(0): 2714.958953857422
Lagrangian objective: -441.8263; Average H(x0): 441.8263; Quantile-hedge α(β): 100.0
Simulation time per epoch: 0.074254448; Gradient computation time: 0.180174067; Testing time: 0.082897952
Epoch: 30000; Computation time: 10191.856283814; Current value of V(0): 2581.6871643066406
Lagrangian objective: -452.70193; Average H(x0): 452.71664; Quantile-hedge α(β): 99.98
Simulation time per epoch: 0.074166291; Gradient computation time: 0.180087207; Testing time: 0.082958656
Epoch: 31000; Computation time: 10529.03796955; Current value of V(0): 2580.791473388672
Lagrangian objective: -452.0677; Average H(x0): 452.0677; Quantile-hedge α(β): 100.0
Simulation time per epoch: 0.073980445; Gradient computation time: 0.180335302; Testing time: 0.082864706
Epoch: 32000; Computation time: 10866.213597017; Current value of V(0): 2602.7177810668945
Lagrangian objective: -458.8146; Average H(x0): 458.8146; Quantile-hedge α(β): 100.0
Simulation time per epoch: 0.074054409; Gradient computation time: 0.18014754; Testing time: 0.082871652
Epoch: 33000; Computation time: 11203.478922098; Current value of V(0): 2635.1423263549805
Lagrangian objective: -462.1503; Average H(x0): 463.3545; Quantile-hedge α(β): 99.98
Simulation time per epoch: 0.073967072; Gradient computation time: 0.180469734; Testing time: 0.083029701
Epoch: 34000; Computation time: 11540.732478068; Current value of V(0): 2677.3340225219727
Lagrangian objective: -469.844; Average H(x0): 469.844; Quantile-hedge α(β): 100.0
Simulation time per epoch: 0.074281269; Gradient computation time: 0.180307261; Testing time: 0.082836724
Epoch: 35000; Computation time: 11877.998530618; Current value of V(0): 2735.8484268188477
Lagrangian objective: -476.66254; Average H(x0): 476.66254; Quantile-hedge α(β): 100.0
Simulation time per epoch: 0.0741307; Gradient computation time: 0.180263222; Testing time: 0.082991885
Epoch: 36000; Computation time: 12215.223832164; Current value of V(0): 2784.9340438842773
Lagrangian objective: -484.7089; Average H(x0): 484.82944; Quantile-hedge α(β): 99.98
Simulation time per epoch: 0.073995057; Gradient computation time: 0.18026617; Testing time: 0.08286951
Epoch: 37000; Computation time: 12552.470654762; Current value of V(0): 2824.848747253418
Lagrangian objective: -492.961; Average H(x0): 493.0745; Quantile-hedge α(β): 99.98
Simulation time per epoch: 0.073986454; Gradient computation time: 0.180201382; Testing time: 0.082876274
Epoch: 38000; Computation time: 12889.639392422; Current value of V(0): 2872.9990005493164
Lagrangian objective: -502.6307; Average H(x0): 502.633; Quantile-hedge α(β): 99.98
Simulation time per epoch: 0.074044766; Gradient computation time: 0.180361183; Testing time: 0.082884152
Epoch: 39000; Computation time: 13226.817974668; Current value of V(0): 2915.1187896728516
Lagrangian objective: -507.9933; Average H(x0): 510.39465; Quantile-hedge α(β): 99.98
Simulation time per epoch: 0.074044315; Gradient computation time: 0.180074829; Testing time: 0.083006031
Epoch: 40000; Computation time: 13563.982017755; Current value of V(0): 2949.7087478637695
Lagrangian objective: -513.955; Average H(x0): 519.6708; Quantile-hedge α(β): 99.98
Simulation time per epoch: 0.074006308; Gradient computation time: 0.18020936; Testing time: 0.082936672

Training completed in 13563.982107181 seconds
Final V(0): 2949.7608184814453

============================================================
Running policy evaluation...
============================================================


============================================================
INVENTORY PROBLEM (unscaled, weekly)
============================================================
Dimension:       50
Discount factor: 0.9990389236684376
Fixed cost:      150.0
Variable costs:  [0.1, 0.1, 0.1, 0.1, 0.1, 0.1, 0.1, 0.1, 0.1, 0.1, 0.1, 0.1, 0.1, 0.1, 0.1, 0.2, 0.2, 0.2, 0.2, 0.2, 0.2, 0.2, 0.2, 0.2, 0.2, 0.2, 0.2, 0.2, 0.2, 0.2, 0.4, 0.4, 0.4, 0.4, 0.4, 0.4, 0.4, 0.4, 0.4, 0.4, 0.4, 0.4, 0.4, 0.4, 0.4, 0.4, 0.4, 0.4, 0.4, 0.4]
Holding costs:   [0.019230769230769232, 0.019230769230769232, 0.019230769230769232, 0.019230769230769232, 0.019230769230769232, 0.019230769230769232, 0.019230769230769232, 0.019230769230769232, 0.019230769230769232, 0.019230769230769232, 0.019230769230769232, 0.019230769230769232, 0.019230769230769232, 0.019230769230769232, 0.019230769230769232, 0.038461538461538464, 0.038461538461538464, 0.038461538461538464, 0.038461538461538464, 0.038461538461538464, 0.038461538461538464, 0.038461538461538464, 0.038461538461538464, 0.038461538461538464, 0.038461538461538464, 0.038461538461538464, 0.038461538461538464, 0.038461538461538464, 0.038461538461538464, 0.038461538461538464, 0.07692307692307693, 0.07692307692307693, 0.07692307692307693, 0.07692307692307693, 0.07692307692307693, 0.07692307692307693, 0.07692307692307693, 0.07692307692307693, 0.07692307692307693, 0.07692307692307693, 0.07692307692307693, 0.07692307692307693, 0.07692307692307693, 0.07692307692307693, 0.07692307692307693, 0.07692307692307693, 0.07692307692307693, 0.07692307692307693, 0.07692307692307693, 0.07692307692307693]
Backlog costs:   [0.4807692307692308, 0.4807692307692308, 0.4807692307692308, 0.4807692307692308, 0.4807692307692308, 0.4807692307692308, 0.4807692307692308, 0.4807692307692308, 0.4807692307692308, 0.4807692307692308, 0.4807692307692308, 0.4807692307692308, 0.4807692307692308, 0.4807692307692308, 0.4807692307692308, 0.9615384615384616, 0.9615384615384616, 0.9615384615384616, 0.9615384615384616, 0.9615384615384616, 0.9615384615384616, 0.9615384615384616, 0.9615384615384616, 0.9615384615384616, 0.9615384615384616, 0.9615384615384616, 0.9615384615384616, 0.9615384615384616, 0.9615384615384616, 0.9615384615384616, 1.9230769230769231, 1.9230769230769231, 1.9230769230769231, 1.9230769230769231, 1.9230769230769231, 1.9230769230769231, 1.9230769230769231, 1.9230769230769231, 1.9230769230769231, 1.9230769230769231, 1.9230769230769231, 1.9230769230769231, 1.9230769230769231, 1.9230769230769231, 1.9230769230769231, 1.9230769230769231, 1.9230769230769231, 1.9230769230769231, 1.9230769230769231, 1.9230769230769231]
Demand dists:    DataType[Distributions.NegativeBinomial{Float64}, Distributions.NegativeBinomial{Float64}, Distributions.NegativeBinomial{Float64}, Distributions.NegativeBinomial{Float64}, Distributions.NegativeBinomial{Float64}, Distributions.NegativeBinomial{Float64}, Distributions.NegativeBinomial{Float64}, Distributions.NegativeBinomial{Float64}, Distributions.NegativeBinomial{Float64}, Distributions.NegativeBinomial{Float64}, Distributions.NegativeBinomial{Float64}, Distributions.NegativeBinomial{Float64}, Distributions.NegativeBinomial{Float64}, Distributions.NegativeBinomial{Float64}, Distributions.NegativeBinomial{Float64}, Distributions.NegativeBinomial{Float64}, Distributions.NegativeBinomial{Float64}, Distributions.NegativeBinomial{Float64}, Distributions.NegativeBinomial{Float64}, Distributions.NegativeBinomial{Float64}, Distributions.NegativeBinomial{Float64}, Distributions.NegativeBinomial{Float64}, Distributions.NegativeBinomial{Float64}, Distributions.NegativeBinomial{Float64}, Distributions.NegativeBinomial{Float64}, Distributions.NegativeBinomial{Float64}, Distributions.NegativeBinomial{Float64}, Distributions.NegativeBinomial{Float64}, Distributions.NegativeBinomial{Float64}, Distributions.NegativeBinomial{Float64}, Distributions.NegativeBinomial{Float64}, Distributions.NegativeBinomial{Float64}, Distributions.NegativeBinomial{Float64}, Distributions.NegativeBinomial{Float64}, Distributions.NegativeBinomial{Float64}, Distributions.NegativeBinomial{Float64}, Distributions.NegativeBinomial{Float64}, Distributions.NegativeBinomial{Float64}, Distributions.NegativeBinomial{Float64}, Distributions.NegativeBinomial{Float64}, Distributions.NegativeBinomial{Float64}, Distributions.NegativeBinomial{Float64}, Distributions.NegativeBinomial{Float64}, Distributions.NegativeBinomial{Float64}, Distributions.NegativeBinomial{Float64}, Distributions.NegativeBinomial{Float64}, Distributions.NegativeBinomial{Float64}, Distributions.NegativeBinomial{Float64}, Distributions.NegativeBinomial{Float64}, Distributions.NegativeBinomial{Float64}]
Demand means:    [0.9615384615384615, 0.9615384615384615, 0.9615384615384615, 0.9615384615384615, 0.9615384615384615, 0.9615384615384615, 0.9615384615384615, 0.9615384615384615, 0.9615384615384615, 0.9615384615384615, 0.9615384615384615, 0.9615384615384615, 0.9615384615384615, 0.9615384615384615, 0.9615384615384615, 0.4807692307692307, 0.4807692307692307, 0.4807692307692307, 0.4807692307692307, 0.4807692307692307, 0.4807692307692307, 0.4807692307692307, 0.4807692307692307, 0.4807692307692307, 0.4807692307692307, 0.4807692307692307, 0.4807692307692307, 0.4807692307692307, 0.4807692307692307, 0.4807692307692307, 0.2403846153846154, 0.2403846153846154, 0.2403846153846154, 0.2403846153846154, 0.2403846153846154, 0.2403846153846154, 0.2403846153846154, 0.2403846153846154, 0.2403846153846154, 0.2403846153846154, 0.2403846153846154, 0.2403846153846154, 0.2403846153846154, 0.2403846153846154, 0.2403846153846154, 0.2403846153846154, 0.2403846153846154, 0.2403846153846154, 0.2403846153846154, 0.2403846153846154]
============================================================

==================================================
Computing order-up-to vector via :solve_inf
==================================================

Method: solve_inf
Final objective: 520.6339769477582
z*: [24.989942661297956, 23.141078929052146, 23.603928071970664, 27.69745528439317, 29.23816579395023, 24.923066441391178, 30.0, 25.39165154399491, 24.133450403516406, 21.942815074000656, 24.30543649451419, 26.472064007596018, 26.90658537318127, 23.962706534091485, 21.75572531046602, 18.0, 15.498266832991748, 18.0, 15.48349892929779, 13.620174549949564, 18.0, 18.0, 18.0, 18.0, 18.0, 18.0, 18.0, 18.0, 15.43921822458237, 14.346138755604565, 10.5, 10.5, 10.5, 10.5, 10.5, 10.5, 10.5, 10.5, 10.5, 10.5, 10.5, 10.5, 10.5, 10.5, 10.5, 10.5, 10.5, 10.5, 10.5, 10.5]
Intervention value: -492.6364851112104

==================================================
Computing order-up-to vector via :find_stationary
==================================================

Method: find_stationary
Final residual: 0.03765263384540969
z*: [19.644153103618525, 18.15273323182197, 25.38410247497503, 21.48536127082895, 22.38330629329898, 20.215057066013557, 24.257620157448816, 22.59430942938318, 16.73818551753521, 24.639047927740304, 24.245124433979914, 26.605570074916816, 20.820787671549766, 22.712964516102176, 23.560288736065303, 11.966070939002822, 15.459859203836617, 8.94791033855132, 13.500416022023431, 15.339825312990044, 16.097043882399344, 14.742443337090446, 11.931105141903139, 11.333924219943325, 8.290267594680731, 11.485427217635198, 10.895205963052163, 6.0, 17.478901424059092, 14.51494189316049, 8.79368742175728, 10.5, 7.170787528353701, 5.974362935478759, 6.15176694607438, 6.1288747844429015, 3.5, 3.950794906291232, 3.5, 3.7557112651021463, 3.8000243107959504, 7.122483139758075, 9.680098778452408, 7.712499627071468, 6.6671164048898675, 4.266270285527554, 8.541184685725788, 8.444965310155277, 7.715748255693262, 3.52625597283517]
Intervention value: -494.0184741858842

==================================================
Summary:
  solve_inf:       z* = [25, 23, 24, 28, 29, 25, 30, 25, 24, 22, 24, 26, 27, 24, 22, 18, 15, 18, 15, 14, 18, 18, 18, 18, 18, 18, 18, 18, 15, 14, 10, 10, 10, 10, 10, 10, 10, 10, 10, 10, 10, 10, 10, 10, 10, 10, 10, 10, 10, 10]
  find_stationary: z* = [20, 18, 25, 21, 22, 20, 24, 23, 17, 25, 24, 27, 21, 23, 24, 12, 15, 9, 14, 15, 16, 15, 12, 11, 8, 11, 11, 6, 17, 15, 9, 10, 7, 6, 6, 6, 4, 4, 4, 4, 4, 7, 10, 8, 7, 4, 9, 8, 8, 4]
==================================================

============================================================
Evaluating method: solve_inf
============================================================

----------------------------------------
Evaluating ε = -1.25
----------------------------------------
Mean cost: 78874.45363271718 ± 540.6455832092753
  Inventory costs: 40234.89530454324
  Variable costs:  5115.305012127688
  Fixed costs:     33524.25331604622
  Simulation time: 438.3s

----------------------------------------
Evaluating ε = -2.5
----------------------------------------
Mean cost: 76901.65675593956 ± 373.0298012016705
  Inventory costs: 40861.17201039365
  Variable costs:  5116.058243399811
  Fixed costs:     30924.426502146052
  Simulation time: 478.8s

----------------------------------------
Evaluating ε = -5.0
----------------------------------------
Mean cost: 74512.4330550961 ± 495.7019265239785
  Inventory costs: 42234.13037158123
  Variable costs:  5050.502593203992
  Fixed costs:     27227.80009031088
  Simulation time: 498.5s

----------------------------------------
Evaluating ε = -7.5
----------------------------------------
Mean cost: 73231.36889655088 ± 466.83155665436817
  Inventory costs: 43669.43132792701
  Variable costs:  5121.09394411368
  Fixed costs:     24440.84362451035
  Simulation time: 511.6s

----------------------------------------
Evaluating ε = -10.0
----------------------------------------
Mean cost: 73154.33612922627 ± 355.1228375941605
  Inventory costs: 45749.81860739565
  Variable costs:  5114.353572014688
  Fixed costs:     22290.163949815924
  Simulation time: 537.2s

----------------------------------------
Evaluating ε = -12.5
----------------------------------------
Mean cost: 72854.35112862944 ± 495.9878774144189
  Inventory costs: 47441.30914144813
  Variable costs:  5123.642705302458
  Fixed costs:     20289.399281878865
  Simulation time: 534.3s

----------------------------------------
Evaluating ε = -15.0
----------------------------------------
Mean cost: 73805.08718639656 ± 360.9111688860217
  Inventory costs: 49695.512498510914
  Variable costs:  5127.261413256133
  Fixed costs:     18982.313274629705
  Simulation time: 528.2s

----------------------------------------
Evaluating ε = -20.0
----------------------------------------
Mean cost: 74652.7904107087 ± 310.62879483978827
  Inventory costs: 53444.27753643737
  Variable costs:  5088.773502768971
  Fixed costs:     16119.73937150237
  Simulation time: 531.9s

----------------------------------------
Evaluating ε = -25.0
----------------------------------------
Mean cost: 77609.65369155374 ± 200.30755304727816
  Inventory costs: 57945.98077602192
  Variable costs:  5098.61113630472
  Fixed costs:     14565.061779227055
  Simulation time: 529.0s

----------------------------------------
Evaluating ε = -30.0
----------------------------------------
Mean cost: 80367.26458050268 ± 262.11157414114734
  Inventory costs: 62208.10245444284
  Variable costs:  5100.312094113587
  Fixed costs:     13058.850031946318
  Simulation time: 537.4s

----------------------------------------
Evaluating ε = -40.0
----------------------------------------
Mean cost: 87263.17974271663 ± 406.0867856095929
  Inventory costs: 70948.56607460542
  Variable costs:  5152.998748821298
  Fixed costs:     11161.614919289908
  Simulation time: 533.1s

----------------------------------------
Evaluating ε = -50.0
----------------------------------------
Mean cost: 94382.32504404154 ± 418.0422276288982
  Inventory costs: 79885.28652544758
  Variable costs:  5048.920305841788
  Fixed costs:     9448.118212752215
  Simulation time: 536.5s

----------------------------------------
Evaluating ε = -75.0
----------------------------------------
Mean cost: 113008.77794178843 ± 497.2685422752945
  Inventory costs: 100347.00112008583
  Variable costs:  5160.860064869724
  Fixed costs:     7500.916756832885
  Simulation time: 539.7s

----------------------------------------
Evaluating ε = -100.0
----------------------------------------
Mean cost: 133491.84955281863 ± 720.5771034295913
  Inventory costs: 122315.99971378979
  Variable costs:  5064.78740428021
  Fixed costs:     6111.062434748538
  Simulation time: 520.5s

==================================================
Best epsilon: -12.5 with cost: 72854.35112862944 ± 495.9878774144189
==================================================

============================================================
Evaluating method: find_stationary
============================================================

----------------------------------------
Evaluating ε = -1.25
----------------------------------------
Mean cost: 75188.77616084884 ± 458.2773788018317
  Inventory costs: 37164.21571151499
  Variable costs:  5069.225742115112
  Fixed costs:     32955.33470721878
  Simulation time: 537.4s

----------------------------------------
Evaluating ε = -2.5
----------------------------------------
Mean cost: 74853.65784897443 ± 588.2679943015012
  Inventory costs: 37981.26309067649
  Variable costs:  5111.072053985959
  Fixed costs:     31761.322704311857
  Simulation time: 531.2s

----------------------------------------
Evaluating ε = -5.0
----------------------------------------
Mean cost: 73634.000275988 ± 256.8691293876104
  Inventory costs: 39957.11257777449
  Variable costs:  5093.1947153937745
  Fixed costs:     28583.692982819717
  Simulation time: 537.4s

----------------------------------------
Evaluating ε = -7.5
----------------------------------------
Mean cost: 72739.48363190054 ± 411.59172714359227
  Inventory costs: 41755.30822161302
  Variable costs:  5037.404862016035
  Fixed costs:     25946.770548271415
  Simulation time: 544.7s

----------------------------------------
Evaluating ε = -10.0
----------------------------------------
Mean cost: 72796.50794404342 ± 351.02271883437055
  Inventory costs: 43980.833892083625
  Variable costs:  5057.349108123742
  Fixed costs:     23758.324943836127
  Simulation time: 536.7s

----------------------------------------
Evaluating ε = -12.5
----------------------------------------
Mean cost: 73849.32970059963 ± 375.32247437728387
  Inventory costs: 46398.14702168864
  Variable costs:  5104.580048110378
  Fixed costs:     22346.6026308005
  Simulation time: 535.4s

----------------------------------------
Evaluating ε = -15.0
----------------------------------------
Mean cost: 73654.6683444505 ± 280.8450454015589
  Inventory costs: 48403.134891917725
  Variable costs:  4992.249538445705
  Fixed costs:     20259.283914086926
  Simulation time: 533.6s

----------------------------------------
Evaluating ε = -20.0
----------------------------------------
Mean cost: 76303.27661215038 ± 275.0740854477467
  Inventory costs: 52949.46912280567
  Variable costs:  5071.383918041864
  Fixed costs:     18282.42357130282
  Simulation time: 529.0s

----------------------------------------
Evaluating ε = -25.0
----------------------------------------
Mean cost: 78044.43597731323 ± 461.1098288657696
  Inventory costs: 56957.861375013
  Variable costs:  4986.475936928444
  Fixed costs:     16100.09866537184
  Simulation time: 528.7s

----------------------------------------
Evaluating ε = -30.0
----------------------------------------
Mean cost: 81424.38860244557 ± 496.50167503101557
  Inventory costs: 61339.892648512985
  Variable costs:  5068.949958380724
  Fixed costs:     15015.545995551956
  Simulation time: 533.4s

----------------------------------------
Evaluating ε = -40.0
----------------------------------------
Mean cost: 88192.31775613394 ± 432.55038283961244
  Inventory costs: 70645.98196593081
  Variable costs:  5016.143527890895
  Fixed costs:     12530.192262312252
  Simulation time: 538.6s

----------------------------------------
Evaluating ε = -50.0
----------------------------------------
Mean cost: 96093.33172993136 ± 349.48614509238206
  Inventory costs: 79979.49715699958
  Variable costs:  5029.776794385109
  Fixed costs:     11084.057778546628
  Simulation time: 526.7s

----------------------------------------
Evaluating ε = -75.0
----------------------------------------
Mean cost: 115872.25287947958 ± 813.3117271946501
  Inventory costs: 102060.70411200037
  Variable costs:  5097.924277399476
  Fixed costs:     8713.624490079685
  Simulation time: 535.5s

----------------------------------------
Evaluating ε = -100.0
----------------------------------------
Mean cost: 134887.67090947676 ± 498.660434217843
  Inventory costs: 122635.57785205144
  Variable costs:  5025.712172217043
  Fixed costs:     7226.3808852082875
  Simulation time: 526.8s

==================================================
Best epsilon: -7.5 with cost: 72739.48363190054 ± 411.59172714359227
==================================================
Improving solve_inf: 73121.93690569924 -> 72854.35112862944
Results saved to: output/nn_training/results_50D_CaseHM_solve_inf.json
Neural networks saved to: policies/policies50D/neural_networks_50D_CaseHM_solve_inf.bson
Skipping save for find_stationary: existing cost 71321.88123722243 <= new cost 72739.48363190054

============================================================
FINAL RESULTS SUMMARY
============================================================

Method: solve_inf
  Order-up-to vector: [25, 23, 24, 28, 29, 25, 30, 25, 24, 22, 24, 26, 27, 24, 22, 18, 15, 18, 15, 14, 18, 18, 18, 18, 18, 18, 18, 18, 15, 14, 10, 10, 10, 10, 10, 10, 10, 10, 10, 10, 10, 10, 10, 10, 10, 10, 10, 10, 10, 10]
  Best epsilon: -12.5
  Best cost: 72854.35112862944 ± 495.9878774144189

Method: find_stationary
  Order-up-to vector: [20, 18, 25, 21, 22, 20, 24, 23, 17, 25, 24, 27, 21, 23, 24, 12, 15, 9, 14, 15, 16, 15, 12, 11, 8, 11, 11, 6, 17, 15, 9, 10, 7, 6, 6, 6, 4, 4, 4, 4, 4, 7, 10, 8, 7, 4, 9, 8, 8, 4]
  Best epsilon: -7.5
  Best cost: 72739.48363190054 ± 411.59172714359227

============================================================
Complete! Per-method results saved to:
  output/nn_training/results_50D_CaseHM_solve_inf.json
  output/nn_training/results_50D_CaseHM_find_stationary.json
============================================================

  Activating project at `~/DeepSJRP`
[ Info:  started timer at: 2026-04-29T10:39:47.996
┌ Warning: Layer with Float32 parameters got Float64 input.
│   The input will be converted, but any earlier layers may be very slow.
│   layer = Dense(50 => 1000, elu)  # 51_000 parameters
│   summary(x) = "50-element Vector{Float64}"
└ @ Flux ~/.julia/packages/Flux/DZYiO/src/layers/stateless.jl:60
RUNNING THE L-BFGS-B CODE

           * * *

Machine precision = 2.220D-16
 N =           50     M =           10

At X0         0 variables are exactly at the bounds

At iterate    0    f=  5.22002D+02    |proj g|=  1.63910D-02

At iterate    1    f=  5.21999D+02    |proj g|=  1.64055D-02
  ys=-5.231E-06  -gs= 3.422E-03 BFGS update SKIPPED

At iterate    2    f=  5.21316D+02    |proj g|=  1.28853D-02

At iterate    3    f=  5.20634D+02    |proj g|=  6.40939D-03

           * * *

Tit   = total number of iterations
Tnf   = total number of function evaluations
Tnint = total number of segments explored during Cauchy searches
Skip  = number of BFGS updates skipped
Nact  = number of active bounds at final generalized Cauchy point
Projg = norm of the final projected gradient
F     = final function value

           * * *

   N    Tit     Tnf  Tnint  Skip  Nact     Projg        F
   50      3      8     33     1    31   6.409D-03   5.206D+02
  F =   520.63397694775824     

CONVERGENCE: NORM_OF_PROJECTED_GRADIENT_<=_PGTOL            

 Cauchy                time 0.000E+00 seconds.
 Subspace minimization time 0.000E+00 seconds.
 Line search           time 7.812E-03 seconds.

 Total User time 2.011E+00 seconds.

RUNNING THE L-BFGS-B CODE

           * * *

Machine precision = 2.220D-16
 N =           50     M =           10

At X0         0 variables are exactly at the bounds

At iterate    0    f=  8.54787D-01    |proj g|=  9.20095D-02

At iterate    1    f=  7.55426D-01    |proj g|=  8.59308D-02

At iterate    2    f=  4.00523D-02    |proj g|=  7.90992D-03

At iterate    3    f=  2.79403D-02    |proj g|=  5.28403D-03

At iterate    4    f=  1.36847D-02    |proj g|=  2.23661D-03

At iterate    5    f=  8.31555D-03    |proj g|=  1.13333D-03

At iterate    6    f=  5.24746D-03    |proj g|=  5.41678D-04

At iterate    7    f=  3.76655D-03    |proj g|=  2.95378D-04

At iterate    8    f=  2.91199D-03    |proj g|=  1.56383D-04

At iterate    9    f=  2.36359D-03    |proj g|=  7.79604D-05

At iterate   10    f=  2.00725D-03    |proj g|=  5.13382D-05

At iterate   11    f=  1.73685D-03    |proj g|=  3.43201D-05

At iterate   12    f=  1.61570D-03    |proj g|=  2.04672D-05

At iterate   13    f=  1.56487D-03    |proj g|=  1.92698D-05

At iterate   14    f=  1.53837D-03    |proj g|=  1.11761D-05

At iterate   15    f=  1.48161D-03    |proj g|=  1.44235D-05

At iterate   16    f=  1.41772D-03    |proj g|=  8.00476D-06

           * * *

Tit   = total number of iterations
Tnf   = total number of function evaluations
Tnint = total number of segments explored during Cauchy searches
Skip  = number of BFGS updates skipped
Nact  = number of active bounds at final generalized Cauchy point
Projg = norm of the final projected gradient
F     = final function value

           * * *

   N    Tit     Tnf  Tnint  Skip  Nact     Projg        F
   50     16     18     20     0     2   8.005D-06   1.418D-03
  F =   1.4177208354964916E-003

CONVERGENCE: NORM_OF_PROJECTED_GRADIENT_<=_PGTOL            

 Cauchy                time 0.000E+00 seconds.
 Subspace minimization time 9.766E-04 seconds.
 Line search           time 1.660E-02 seconds.

 Total User time 2.656E-01 seconds.

