┌ Warning: Module SparseArrays with build ID fafbfcfd-d943-8f8c-5736-2ec99cfde3c0 is missing from the cache.
│ This may mean SparseArrays [2f01184e-e22b-5df5-ae63-d93ebab69eaf] does not support precompilation but is imported by a module that does.
└ @ Base loading.jl:2541
┌ Warning: failed to remove pidfile on close
│   path = "/hpc_temp/wvaneeke/99100/julia_depot/compiled/v1.11/Distributions/xILW0_p8k0p.ji.pidfile"
│   removed = false
└ @ FileWatching.Pidfile /apps/julia/julia-1.11.7/share/julia/stdlib/v1.11/FileWatching/src/pidfile.jl:347
┌ Warning: Module Printf with build ID fafbfcfd-6ed3-1d00-3f4e-870a871fb4cf is missing from the cache.
│ This may mean Printf [de0858da-6303-5e67-8744-51eddeeeb8d7] does not support precompilation but is imported by a module that does.
└ @ Base loading.jl:2541
┌ Warning: Module Printf with build ID fafbfcfd-6ed3-1d00-3f4e-870a871fb4cf is missing from the cache.
│ This may mean Printf [de0858da-6303-5e67-8744-51eddeeeb8d7] does not support precompilation but is imported by a module that does.
└ @ Base loading.jl:2541
┌ Warning: Module StatsBase with build ID ffffffff-ffff-ffff-f314-545453622d89 is missing from the cache.
│ This may mean StatsBase [2913bbd2-ae8a-5f71-8c99-4fb6c76f3a91] does not support precompilation but is imported by a module that does.
└ @ Base loading.jl:2541
┌ Warning: Module TOML with build ID fafbfcfd-2973-2f72-4822-d300fbf755dc is missing from the cache.
│ This may mean TOML [fa267f1f-6049-4f14-aa54-33bafae1ed76] does not support precompilation but is imported by a module that does.
└ @ Base loading.jl:2541
┌ Warning: Module TOML with build ID fafbfcfd-2973-2f72-4822-d300fbf755dc is missing from the cache.
│ This may mean TOML [fa267f1f-6049-4f14-aa54-33bafae1ed76] does not support precompilation but is imported by a module that does.
└ @ Base loading.jl:2541
