
============================================================
DeepSJRP - Stochastic Joint Replenishment Problem Solver
============================================================
Instance: 50D_CaseLM
Options: Dict{Symbol, Any}(:beta_override => 1.0e6, :alpha_override => nothing, :device => :gpu, :nu_override => 0.1, :T_override => 0.2, :seed => 777)
============================================================

Device: CUDA GPU
CUDA toolchain: 
- runtime 12.8, local installation
- driver 580.126.16 for 13.2
- compiler 12.9

CUDA libraries: 
- CUBLAS: 12.8.4
- CURAND: 10.3.9
- CUFFT: 11.3.3
- CUSOLVER: 11.7.3
- CUSPARSE: 12.5.8
- CUPTI: 2025.1.1 (API 12.8.0)
- NVML: 13.0.0+580.126.16

Julia packages: 
- CUDA: 5.11.0
- GPUArrays: 11.4.1
- GPUCompiler: 1.9.1
- KernelAbstractions: 0.9.41
- CUDA_Driver_jll: 13.2.0+0
- CUDA_Compiler_jll: 0.4.2+0
- CUDA_Runtime_jll: 0.21.0+0
- CUDA_Runtime_Discovery: 1.0.0

Toolchain:
- Julia: 1.11.7
- LLVM: 16.0.6

Preferences:
- CUDA_Runtime_jll.version: local

1 device:
  0: NVIDIA H100 80GB HBM3 (sm_90, 79.175 GiB / 79.647 GiB available)
BLAS threads: 1
Julia threads: 10

Benchmark source: QS

============================================================
IMPULSE CONTROL PROBLEM (scaled, annual)
============================================================
Instance: 50D_CaseLM
Dimension: 50
Interest rate: 0.05
Cost scaling κ: 0.01

Drift μ (annual demand rates): [50.0, 50.0, 50.0, 50.0, 50.0, 50.0, 50.0, 50.0, 50.0, 50.0, 50.0, 50.0, 50.0, 50.0, 50.0, 25.0, 25.0, 25.0, 25.0, 25.0, 25.0, 25.0, 25.0, 25.0, 25.0, 25.0, 25.0, 25.0, 25.0, 25.0, 12.5, 12.5, 12.5, 12.5, 12.5, 12.5, 12.5, 12.5, 12.5, 12.5, 12.5, 12.5, 12.5, 12.5, 12.5, 12.5, 12.5, 12.5, 12.5, 12.5]
Covariance Σ diagonal: [50.0, 50.0, 50.0, 50.0, 50.0, 50.0, 50.0, 50.0, 50.0, 50.0, 50.0, 50.0, 50.0, 50.0, 50.0, 25.0, 25.0, 25.0, 25.0, 25.0, 25.0, 25.0, 25.0, 25.0, 25.0, 25.0, 25.0, 25.0, 25.0, 25.0, 12.5, 12.5, 12.5, 12.5, 12.5, 12.5, 12.5, 12.5, 12.5, 12.5, 12.5, 12.5, 12.5, 12.5, 12.5, 12.5, 12.5, 12.5, 12.5, 12.5]

Scaled costs (× κ = 0.01):
  Fixed cost K:    1.5
  Variable costs c: [0.001, 0.001, 0.001, 0.001, 0.001, 0.001, 0.001, 0.001, 0.001, 0.001, 0.001, 0.001, 0.001, 0.001, 0.001, 0.002, 0.002, 0.002, 0.002, 0.002, 0.002, 0.002, 0.002, 0.002, 0.002, 0.002, 0.002, 0.002, 0.002, 0.002, 0.004, 0.004, 0.004, 0.004, 0.004, 0.004, 0.004, 0.004, 0.004, 0.004, 0.004, 0.004, 0.004, 0.004, 0.004, 0.004, 0.004, 0.004, 0.004, 0.004]
  Holding costs h:  [0.01, 0.01, 0.01, 0.01, 0.01, 0.01, 0.01, 0.01, 0.01, 0.01, 0.01, 0.01, 0.01, 0.01, 0.01, 0.02, 0.02, 0.02, 0.02, 0.02, 0.02, 0.02, 0.02, 0.02, 0.02, 0.02, 0.02, 0.02, 0.02, 0.02, 0.04, 0.04, 0.04, 0.04, 0.04, 0.04, 0.04, 0.04, 0.04, 0.04, 0.04, 0.04, 0.04, 0.04, 0.04, 0.04, 0.04, 0.04, 0.04, 0.04]
  Penalty costs p:  [0.25, 0.25, 0.25, 0.25, 0.25, 0.25, 0.25, 0.25, 0.25, 0.25, 0.25, 0.25, 0.25, 0.25, 0.25, 0.5, 0.5, 0.5, 0.5, 0.5, 0.5, 0.5, 0.5, 0.5, 0.5, 0.5, 0.5, 0.5, 0.5, 0.5, 1.0, 1.0, 1.0, 1.0, 1.0, 1.0, 1.0, 1.0, 1.0, 1.0, 1.0, 1.0, 1.0, 1.0, 1.0, 1.0, 1.0, 1.0, 1.0, 1.0]

Original costs (unscaled):
  Fixed cost K:    150.0
  Variable costs c: [0.1, 0.1, 0.1, 0.1, 0.1, 0.1, 0.1, 0.1, 0.1, 0.1, 0.1, 0.1, 0.1, 0.1, 0.1, 0.2, 0.2, 0.2, 0.2, 0.2, 0.2, 0.2, 0.2, 0.2, 0.2, 0.2, 0.2, 0.2, 0.2, 0.2, 0.4, 0.4, 0.4, 0.4, 0.4, 0.4, 0.4, 0.4, 0.4, 0.4, 0.4, 0.4, 0.4, 0.4, 0.4, 0.4, 0.4, 0.4, 0.4, 0.4]
  Holding costs h:  [1.0, 1.0, 1.0, 1.0, 1.0, 1.0, 1.0, 1.0, 1.0, 1.0, 1.0, 1.0, 1.0, 1.0, 1.0, 2.0, 2.0, 2.0, 2.0, 2.0, 2.0, 2.0, 2.0, 2.0, 2.0, 2.0, 2.0, 2.0, 2.0, 2.0, 4.0, 4.0, 4.0, 4.0, 4.0, 4.0, 4.0, 4.0, 4.0, 4.0, 4.0, 4.0, 4.0, 4.0, 4.0, 4.0, 4.0, 4.0, 4.0, 4.0]
  Penalty costs p:  [25.0, 25.0, 25.0, 25.0, 25.0, 25.0, 25.0, 25.0, 25.0, 25.0, 25.0, 25.0, 25.0, 25.0, 25.0, 50.0, 50.0, 50.0, 50.0, 50.0, 50.0, 50.0, 50.0, 50.0, 50.0, 50.0, 50.0, 50.0, 50.0, 50.0, 100.0, 100.0, 100.0, 100.0, 100.0, 100.0, 100.0, 100.0, 100.0, 100.0, 100.0, 100.0, 100.0, 100.0, 100.0, 100.0, 100.0, 100.0, 100.0, 100.0]
============================================================

============================================================
TRAINING HYPERPARAMETERS
============================================================
Benchmark source: QS
Precision:        Float32
Batch size:       5000
Num intervals:    100
T horizon:        0.2
Num iterations:   40000
Learning rates:   [0.001, 0.0002, 0.0001, 1.0e-5, 1.0e-6]
LR steps:         [1, 5000, 10000, 20000, 30000]
Beta penalty:     [1.0, 10.0, 100.0, 1000.0, 10000.0, 1.0e6]
Penalty steps:    [1, 2500, 5000, 7500, 10000, 20000]
Lambda rate:      3.205862653734628
S guess:          [[18.0, 18.0, 18.0, 18.0, 18.0, 18.0, 18.0, 18.0, 18.0, 18.0, 18.0, 18.0, 18.0, 18.0, 18.0, 10.0, 10.0, 10.0, 10.0, 10.0, 10.0, 10.0, 10.0, 10.0, 10.0, 10.0, 10.0, 10.0, 10.0, 10.0, 6.0, 6.0, 6.0, 6.0, 6.0, 6.0, 6.0, 6.0, 6.0, 6.0, 6.0, 6.0, 6.0, 6.0, 6.0, 6.0, 6.0, 6.0, 6.0, 6.0]]
Nu radius:        0.1
S distribution:   lognormal
Alpha factor:     0.0
Alpha js:         [0.0, 0.0, 0.0, 0.0, 0.0, 0.0, 0.0, 0.0, 0.0, 0.0, 0.0, 0.0, 0.0, 0.0, 0.0, 0.0, 0.0, 0.0, 0.0, 0.0, 0.0, 0.0, 0.0, 0.0, 0.0, 0.0, 0.0, 0.0, 0.0, 0.0, 0.0, 0.0, 0.0, 0.0, 0.0, 0.0, 0.0, 0.0, 0.0, 0.0, 0.0, 0.0, 0.0, 0.0, 0.0, 0.0, 0.0, 0.0, 0.0, 0.0]
Cost scaling:     0.01

Neural network architecture:
  Hidden layers:  4
  Width:          1000
  Activation:     elu

Optimization parameters:
  Start factor:   1.0
  Lower factor:   0.5
  Upper factor:   1.5
  Sim runs:       10
  Sim horizon:    5000
  Epsilons:       [-1.25, -2.5, -5.0, -7.5, -10.0, -12.5, -15.0, -20.0, -25.0, -30.0, -40.0, -50.0, -75.0, -100.0]
============================================================

Gradient network G (∇V):
Chain(
  Dense(50 => 1000, elu),               # 51_000 parameters
  Dense(1000 => 1000, elu),             # 1_001_000 parameters
  Dense(1000 => 1000, elu),             # 1_001_000 parameters
  Dense(1000 => 1000, elu),             # 1_001_000 parameters
  Dense(1000 => 50),                    # 50_050 parameters
)                   # Total: 10 arrays, 3_104_050 parameters, 1.562 KiB.

Value network H (V):
Chain(
  Dense(50 => 1000, elu),               # 51_000 parameters
  Dense(1000 => 1000, elu),             # 1_001_000 parameters
  Dense(1000 => 1000, elu),             # 1_001_000 parameters
  Dense(1000 => 1000, elu),             # 1_001_000 parameters
  Dense(1000 => 1),                     # 1_001 parameters
)                   # Total: 10 arrays, 3_055_001 parameters, 1.562 KiB.


============================================================
Starting neural network training...
============================================================

Starting training with steady-state sampler:
-----------------------------------------
Epoch: 1; Penalty β updated to: 1.0
-----------------------------------------
─── Device check ───
  x_tn: CuArray{Float32} (50, 100, 5000)
  dB: CuArray{Float32} (50, 100, 5000)
  dU: CuArray{Float32} (50, 100, 5000)
  exponentials: CuArray{Float32} (1, 100)
  loss_dB: CuArray{Float32} (1, 5000)
  loss_df: CuArray{Float32} (1, 5000)
  loss_dU: CuArray{Float32} (1, 5000)
  H_x0: CuArray{Float32} (1, 5000)
  H_xT: CuArray{Float32} (1, 5000)
  penalties: CuArray{Float32} (1, 5000)
────────────────────
Epoch: 1; Computation time: 54.831550833; Current value of V(0): 0.0
Lagrangian objective: 10053.455; Average H(x0): 0.0; Quantile-hedge α(β): 52.2
Simulation time per epoch: 9.744497146; Gradient computation time: 34.087308585; Testing time: 10.322202188
Epoch: 1000; Computation time: 392.89247206; Current value of V(0): 95969.1650390625
Lagrangian objective: -3524.6597; Average H(x0): 6259.1353; Quantile-hedge α(β): 3.5599999999999965
Simulation time per epoch: 0.074494494; Gradient computation time: 0.180233849; Testing time: 0.083114805
Epoch: 2000; Computation time: 730.889898216; Current value of V(0): 105546.30126953125
Lagrangian objective: -3484.0947; Average H(x0): 6279.9785; Quantile-hedge α(β): 3.3399999999999985
Simulation time per epoch: 0.074506495; Gradient computation time: 0.18029494; Testing time: 0.083135611
-----------------------------------------
Epoch: 2500; Penalty β updated to: 10.0
-----------------------------------------
Epoch: 3000; Computation time: 1068.379219999; Current value of V(0): 60210.791015625
Lagrangian objective: -784.2075; Average H(x0): 1165.2753; Quantile-hedge α(β): 24.439999999999994
Simulation time per epoch: 0.074299325; Gradient computation time: 0.180241284; Testing time: 0.08288682
Epoch: 4000; Computation time: 1405.712770729; Current value of V(0): 62179.730224609375
Lagrangian objective: -762.6015; Average H(x0): 1162.7358; Quantile-hedge α(β): 23.28
Simulation time per epoch: 0.07431441; Gradient computation time: 0.180012236; Testing time: 0.08289884
-----------------------------------------
Epoch: 5000; Penalty β updated to: 100.0
-----------------------------------------
Epoch: 5000; Computation time: 1743.101902547; Current value of V(0): 64914.080810546875
Lagrangian objective: 2785.2744; Average H(x0): 1166.4545; Quantile-hedge α(β): 24.039999999999996
Simulation time per epoch: 0.07423726; Gradient computation time: 0.180327837; Testing time: 0.082900992
Epoch: 6000; Computation time: 2080.593203919; Current value of V(0): 37715.35949707031
Lagrangian objective: -396.36218; Average H(x0): 470.3634; Quantile-hedge α(β): 48.72
Simulation time per epoch: 0.074309393; Gradient computation time: 0.180040152; Testing time: 0.082879233
Epoch: 7000; Computation time: 2417.942987373; Current value of V(0): 37638.4765625
Lagrangian objective: -394.37256; Average H(x0): 469.0639; Quantile-hedge α(β): 48.9
Simulation time per epoch: 0.074301663; Gradient computation time: 0.180019547; Testing time: 0.08289317
-----------------------------------------
Epoch: 7500; Penalty β updated to: 1000.0
-----------------------------------------
Epoch: 8000; Computation time: 2755.364092839; Current value of V(0): 30827.703857421875
Lagrangian objective: -316.3486; Average H(x0): 335.7516; Quantile-hedge α(β): 78.52
Simulation time per epoch: 0.074345706; Gradient computation time: 0.180133013; Testing time: 0.082908632
Epoch: 9000; Computation time: 3092.756230997; Current value of V(0): 31011.75537109375
Lagrangian objective: -313.50415; Average H(x0): 334.88397; Quantile-hedge α(β): 81.74
Simulation time per epoch: 0.074339262; Gradient computation time: 0.180061978; Testing time: 0.082906906
-----------------------------------------
Epoch: 10000; Penalty β updated to: 10000.0
-----------------------------------------
Epoch: 10000; Computation time: 3430.122836964; Current value of V(0): 31181.89697265625
Lagrangian objective: -136.79805; Average H(x0): 333.12244; Quantile-hedge α(β): 82.58
Simulation time per epoch: 0.074222205; Gradient computation time: 0.18030176; Testing time: 0.082887859
Epoch: 11000; Computation time: 3767.479236262; Current value of V(0): 28802.334594726562
Lagrangian objective: -294.13245; Average H(x0): 300.50552; Quantile-hedge α(β): 94.6
Simulation time per epoch: 0.074343111; Gradient computation time: 0.180012624; Testing time: 0.08279969
Epoch: 12000; Computation time: 4104.841024861; Current value of V(0): 28729.232788085938
Lagrangian objective: -286.13113; Average H(x0): 297.98892; Quantile-hedge α(β): 93.72
Simulation time per epoch: 0.074342161; Gradient computation time: 0.180205009; Testing time: 0.082888591
Epoch: 13000; Computation time: 4442.193749977; Current value of V(0): 28402.508544921875
Lagrangian objective: -280.80307; Average H(x0): 292.61215; Quantile-hedge α(β): 95.66
Simulation time per epoch: 0.07431688; Gradient computation time: 0.180155308; Testing time: 0.082875671
Epoch: 14000; Computation time: 4779.545367079; Current value of V(0): 28580.673217773438
Lagrangian objective: -287.6317; Average H(x0): 294.96304; Quantile-hedge α(β): 96.32000000000001
Simulation time per epoch: 0.074310406; Gradient computation time: 0.180267311; Testing time: 0.082874554
Epoch: 15000; Computation time: 5116.923924203; Current value of V(0): 28652.557373046875
Lagrangian objective: -284.99457; Average H(x0): 296.30914; Quantile-hedge α(β): 95.62
Simulation time per epoch: 0.074298819; Gradient computation time: 0.180118596; Testing time: 0.082871983
Epoch: 16000; Computation time: 5454.347544928; Current value of V(0): 28090.911865234375
Lagrangian objective: -281.9662; Average H(x0): 287.39716; Quantile-hedge α(β): 97.18
Simulation time per epoch: 0.07416165; Gradient computation time: 0.180530152; Testing time: 0.083040663
Epoch: 17000; Computation time: 5791.827590603; Current value of V(0): 28196.090698242188
Lagrangian objective: -277.1264; Average H(x0): 289.33572; Quantile-hedge α(β): 95.74000000000001
Simulation time per epoch: 0.074344358; Gradient computation time: 0.180056597; Testing time: 0.082882728
Epoch: 18000; Computation time: 6129.206205797; Current value of V(0): 28436.761474609375
Lagrangian objective: -280.3552; Average H(x0): 291.87256; Quantile-hedge α(β): 95.26
Simulation time per epoch: 0.074300587; Gradient computation time: 0.180098521; Testing time: 0.082910027
Epoch: 19000; Computation time: 6466.591063365; Current value of V(0): 28434.429931640625
Lagrangian objective: -286.51846; Average H(x0): 291.29953; Quantile-hedge α(β): 97.02
Simulation time per epoch: 0.074279233; Gradient computation time: 0.180121223; Testing time: 0.082885096
-----------------------------------------
Epoch: 20000; Penalty β updated to: 1.0e6
-----------------------------------------
Epoch: 20000; Computation time: 6803.936816996; Current value of V(0): 28678.872680664062
Lagrangian objective: 1053.5426; Average H(x0): 294.7143; Quantile-hedge α(β): 95.78
Simulation time per epoch: 0.074236656; Gradient computation time: 0.180021267; Testing time: 0.0828631
Epoch: 21000; Computation time: 7141.283349836; Current value of V(0): 27208.767700195312
Lagrangian objective: -274.10724; Average H(x0): 274.2083; Quantile-hedge α(β): 99.96000000000001
Simulation time per epoch: 0.074344559; Gradient computation time: 0.180274282; Testing time: 0.082850422
Epoch: 22000; Computation time: 7478.622239552; Current value of V(0): 27645.169067382812
Lagrangian objective: -279.00906; Average H(x0): 280.7449; Quantile-hedge α(β): 99.76
Simulation time per epoch: 0.074326356; Gradient computation time: 0.180123801; Testing time: 0.082886424
Epoch: 23000; Computation time: 7815.967579911; Current value of V(0): 27525.772094726562
Lagrangian objective: -277.50073; Average H(x0): 279.73486; Quantile-hedge α(β): 99.8
Simulation time per epoch: 0.074288444; Gradient computation time: 0.180075374; Testing time: 0.082877995
Epoch: 24000; Computation time: 8153.361111222; Current value of V(0): 26939.1845703125
Lagrangian objective: -269.22598; Average H(x0): 272.19724; Quantile-hedge α(β): 99.9
Simulation time per epoch: 0.074336803; Gradient computation time: 0.180023549; Testing time: 0.082865395
Epoch: 25000; Computation time: 8490.715561787; Current value of V(0): 26686.441040039062
Lagrangian objective: -267.83508; Average H(x0): 270.01465; Quantile-hedge α(β): 99.9
Simulation time per epoch: 0.074328845; Gradient computation time: 0.180109725; Testing time: 0.08287415
Epoch: 26000; Computation time: 8828.116431329; Current value of V(0): 26247.543334960938
Lagrangian objective: -263.74405; Average H(x0): 264.07724; Quantile-hedge α(β): 99.96000000000001
Simulation time per epoch: 0.074277879; Gradient computation time: 0.1802816; Testing time: 0.082855643
Epoch: 27000; Computation time: 9165.586562288; Current value of V(0): 26409.603881835938
Lagrangian objective: -265.98563; Average H(x0): 266.46844; Quantile-hedge α(β): 99.94
Simulation time per epoch: 0.074301216; Gradient computation time: 0.180000071; Testing time: 0.082880576
Epoch: 28000; Computation time: 9502.940179515; Current value of V(0): 26598.3154296875
Lagrangian objective: -269.8047; Average H(x0): 269.8047; Quantile-hedge α(β): 100.0
Simulation time per epoch: 0.074318566; Gradient computation time: 0.180582978; Testing time: 0.082909126
Epoch: 29000; Computation time: 9840.330295805; Current value of V(0): 26011.663818359375
Lagrangian objective: -261.25873; Average H(x0): 262.11002; Quantile-hedge α(β): 99.98
Simulation time per epoch: 0.074320278; Gradient computation time: 0.18038303; Testing time: 0.082865946
Epoch: 30000; Computation time: 10177.700367234; Current value of V(0): 26442.391967773438
Lagrangian objective: -264.15967; Average H(x0): 268.1533; Quantile-hedge α(β): 99.92
Simulation time per epoch: 0.074348071; Gradient computation time: 0.179957989; Testing time: 0.082865559
Epoch: 31000; Computation time: 10515.05162636; Current value of V(0): 27443.292236328125
Lagrangian objective: -277.9612; Average H(x0): 281.4909; Quantile-hedge α(β): 99.88
Simulation time per epoch: 0.074240293; Gradient computation time: 0.180153446; Testing time: 0.082915454
Epoch: 32000; Computation time: 10852.40694301; Current value of V(0): 27602.838134765625
Lagrangian objective: -280.21005; Average H(x0): 283.43756; Quantile-hedge α(β): 99.78
Simulation time per epoch: 0.074332285; Gradient computation time: 0.180036439; Testing time: 0.082862581
Epoch: 33000; Computation time: 11189.752580718; Current value of V(0): 27611.346435546875
Lagrangian objective: -282.85983; Average H(x0): 283.503; Quantile-hedge α(β): 99.8
Simulation time per epoch: 0.074327623; Gradient computation time: 0.180040882; Testing time: 0.082887059
Epoch: 34000; Computation time: 11527.095780642; Current value of V(0): 27640.194702148438
Lagrangian objective: -281.74866; Average H(x0): 283.8374; Quantile-hedge α(β): 99.76
Simulation time per epoch: 0.074297371; Gradient computation time: 0.180021942; Testing time: 0.082892463
Epoch: 35000; Computation time: 11864.437898269; Current value of V(0): 27635.012817382812
Lagrangian objective: -281.1777; Average H(x0): 283.77786; Quantile-hedge α(β): 99.72
Simulation time per epoch: 0.074348924; Gradient computation time: 0.179978175; Testing time: 0.082850883
Epoch: 36000; Computation time: 12201.911402703; Current value of V(0): 27651.708984375
Lagrangian objective: -280.57544; Average H(x0): 283.90756; Quantile-hedge α(β): 99.76
Simulation time per epoch: 0.074173764; Gradient computation time: 0.181002202; Testing time: 0.083269583
Epoch: 37000; Computation time: 12540.102042733; Current value of V(0): 27632.733154296875
Lagrangian objective: -278.2966; Average H(x0): 283.72174; Quantile-hedge α(β): 99.86
Simulation time per epoch: 0.074188441; Gradient computation time: 0.18123886; Testing time: 0.083257155
Epoch: 38000; Computation time: 12878.865967883; Current value of V(0): 27634.14306640625
Lagrangian objective: -282.40253; Average H(x0): 283.60364; Quantile-hedge α(β): 99.88
Simulation time per epoch: 0.074102094; Gradient computation time: 0.181367428; Testing time: 0.083329936
Epoch: 39000; Computation time: 13217.838181557; Current value of V(0): 27674.249267578125
Lagrangian objective: -280.88437; Average H(x0): 284.0931; Quantile-hedge α(β): 99.8
Simulation time per epoch: 0.074085191; Gradient computation time: 0.18157184; Testing time: 0.08340811
Epoch: 40000; Computation time: 13556.885078056; Current value of V(0): 27662.1826171875
Lagrangian objective: -281.53995; Average H(x0): 283.85217; Quantile-hedge α(β): 99.76
Simulation time per epoch: 0.074088699; Gradient computation time: 0.181505787; Testing time: 0.083398042

Training completed in 13556.885196652 seconds
Final V(0): 27661.508178710938

============================================================
Running policy evaluation...
============================================================


============================================================
INVENTORY PROBLEM (unscaled, weekly)
============================================================
Dimension:       50
Discount factor: 0.9990389236684376
Fixed cost:      150.0
Variable costs:  [0.1, 0.1, 0.1, 0.1, 0.1, 0.1, 0.1, 0.1, 0.1, 0.1, 0.1, 0.1, 0.1, 0.1, 0.1, 0.2, 0.2, 0.2, 0.2, 0.2, 0.2, 0.2, 0.2, 0.2, 0.2, 0.2, 0.2, 0.2, 0.2, 0.2, 0.4, 0.4, 0.4, 0.4, 0.4, 0.4, 0.4, 0.4, 0.4, 0.4, 0.4, 0.4, 0.4, 0.4, 0.4, 0.4, 0.4, 0.4, 0.4, 0.4]
Holding costs:   [0.019230769230769232, 0.019230769230769232, 0.019230769230769232, 0.019230769230769232, 0.019230769230769232, 0.019230769230769232, 0.019230769230769232, 0.019230769230769232, 0.019230769230769232, 0.019230769230769232, 0.019230769230769232, 0.019230769230769232, 0.019230769230769232, 0.019230769230769232, 0.019230769230769232, 0.038461538461538464, 0.038461538461538464, 0.038461538461538464, 0.038461538461538464, 0.038461538461538464, 0.038461538461538464, 0.038461538461538464, 0.038461538461538464, 0.038461538461538464, 0.038461538461538464, 0.038461538461538464, 0.038461538461538464, 0.038461538461538464, 0.038461538461538464, 0.038461538461538464, 0.07692307692307693, 0.07692307692307693, 0.07692307692307693, 0.07692307692307693, 0.07692307692307693, 0.07692307692307693, 0.07692307692307693, 0.07692307692307693, 0.07692307692307693, 0.07692307692307693, 0.07692307692307693, 0.07692307692307693, 0.07692307692307693, 0.07692307692307693, 0.07692307692307693, 0.07692307692307693, 0.07692307692307693, 0.07692307692307693, 0.07692307692307693, 0.07692307692307693]
Backlog costs:   [0.4807692307692308, 0.4807692307692308, 0.4807692307692308, 0.4807692307692308, 0.4807692307692308, 0.4807692307692308, 0.4807692307692308, 0.4807692307692308, 0.4807692307692308, 0.4807692307692308, 0.4807692307692308, 0.4807692307692308, 0.4807692307692308, 0.4807692307692308, 0.4807692307692308, 0.9615384615384616, 0.9615384615384616, 0.9615384615384616, 0.9615384615384616, 0.9615384615384616, 0.9615384615384616, 0.9615384615384616, 0.9615384615384616, 0.9615384615384616, 0.9615384615384616, 0.9615384615384616, 0.9615384615384616, 0.9615384615384616, 0.9615384615384616, 0.9615384615384616, 1.9230769230769231, 1.9230769230769231, 1.9230769230769231, 1.9230769230769231, 1.9230769230769231, 1.9230769230769231, 1.9230769230769231, 1.9230769230769231, 1.9230769230769231, 1.9230769230769231, 1.9230769230769231, 1.9230769230769231, 1.9230769230769231, 1.9230769230769231, 1.9230769230769231, 1.9230769230769231, 1.9230769230769231, 1.9230769230769231, 1.9230769230769231, 1.9230769230769231]
Demand dists:    DataType[Distributions.Poisson{Float64}, Distributions.Poisson{Float64}, Distributions.Poisson{Float64}, Distributions.Poisson{Float64}, Distributions.Poisson{Float64}, Distributions.Poisson{Float64}, Distributions.Poisson{Float64}, Distributions.Poisson{Float64}, Distributions.Poisson{Float64}, Distributions.Poisson{Float64}, Distributions.Poisson{Float64}, Distributions.Poisson{Float64}, Distributions.Poisson{Float64}, Distributions.Poisson{Float64}, Distributions.Poisson{Float64}, Distributions.Poisson{Float64}, Distributions.Poisson{Float64}, Distributions.Poisson{Float64}, Distributions.Poisson{Float64}, Distributions.Poisson{Float64}, Distributions.Poisson{Float64}, Distributions.Poisson{Float64}, Distributions.Poisson{Float64}, Distributions.Poisson{Float64}, Distributions.Poisson{Float64}, Distributions.Poisson{Float64}, Distributions.Poisson{Float64}, Distributions.Poisson{Float64}, Distributions.Poisson{Float64}, Distributions.Poisson{Float64}, Distributions.Poisson{Float64}, Distributions.Poisson{Float64}, Distributions.Poisson{Float64}, Distributions.Poisson{Float64}, Distributions.Poisson{Float64}, Distributions.Poisson{Float64}, Distributions.Poisson{Float64}, Distributions.Poisson{Float64}, Distributions.Poisson{Float64}, Distributions.Poisson{Float64}, Distributions.Poisson{Float64}, Distributions.Poisson{Float64}, Distributions.Poisson{Float64}, Distributions.Poisson{Float64}, Distributions.Poisson{Float64}, Distributions.Poisson{Float64}, Distributions.Poisson{Float64}, Distributions.Poisson{Float64}, Distributions.Poisson{Float64}, Distributions.Poisson{Float64}]
Demand means:    [0.9615384615384616, 0.9615384615384616, 0.9615384615384616, 0.9615384615384616, 0.9615384615384616, 0.9615384615384616, 0.9615384615384616, 0.9615384615384616, 0.9615384615384616, 0.9615384615384616, 0.9615384615384616, 0.9615384615384616, 0.9615384615384616, 0.9615384615384616, 0.9615384615384616, 0.4807692307692308, 0.4807692307692308, 0.4807692307692308, 0.4807692307692308, 0.4807692307692308, 0.4807692307692308, 0.4807692307692308, 0.4807692307692308, 0.4807692307692308, 0.4807692307692308, 0.4807692307692308, 0.4807692307692308, 0.4807692307692308, 0.4807692307692308, 0.4807692307692308, 0.2403846153846154, 0.2403846153846154, 0.2403846153846154, 0.2403846153846154, 0.2403846153846154, 0.2403846153846154, 0.2403846153846154, 0.2403846153846154, 0.2403846153846154, 0.2403846153846154, 0.2403846153846154, 0.2403846153846154, 0.2403846153846154, 0.2403846153846154, 0.2403846153846154, 0.2403846153846154, 0.2403846153846154, 0.2403846153846154, 0.2403846153846154, 0.2403846153846154]
============================================================

==================================================
Computing order-up-to vector via :solve_inf
==================================================

Method: solve_inf
Final objective: 283.1875427246094
z*: [18.0, 18.0, 18.0, 18.0, 18.0, 18.0, 18.0, 18.0, 18.0, 18.0, 18.0, 18.0, 18.0, 18.0, 18.0, 10.0, 10.0, 10.0, 10.0, 10.0, 10.0, 10.0, 10.0, 10.0, 10.0, 10.0, 10.0, 10.0, 10.0, 10.0, 6.0, 6.0, 6.0, 6.0, 6.0, 6.0, 6.0, 6.0, 6.0, 6.0, 6.0, 6.0, 6.0, 6.0, 6.0, 6.0, 6.0, 6.0, 6.0, 6.0]
Intervention value: -8.072369384765636

==================================================
Computing order-up-to vector via :find_stationary
==================================================

Method: find_stationary
Final residual: 0.01798644894137674
z*: [18.0, 18.0, 18.0, 18.0, 18.0, 18.0, 18.0, 18.0, 18.0, 18.0, 18.0, 18.0, 18.0, 18.0, 18.0, 10.0, 10.0, 10.0, 10.0, 10.0, 10.0, 10.0, 10.0, 10.0, 10.0, 10.0, 10.0, 10.0, 10.0, 10.0, 6.0, 6.0, 6.0, 6.0, 6.0, 6.0, 6.0, 6.0, 6.0, 6.0, 6.0, 6.0, 6.0, 6.0, 6.0, 6.0, 6.0, 6.0, 6.0, 6.0]
Intervention value: -8.072369384765636

==================================================
Summary:
  solve_inf:       z* = [18, 18, 18, 18, 18, 18, 18, 18, 18, 18, 18, 18, 18, 18, 18, 10, 10, 10, 10, 10, 10, 10, 10, 10, 10, 10, 10, 10, 10, 10, 6, 6, 6, 6, 6, 6, 6, 6, 6, 6, 6, 6, 6, 6, 6, 6, 6, 6, 6, 6]
  find_stationary: z* = [18, 18, 18, 18, 18, 18, 18, 18, 18, 18, 18, 18, 18, 18, 18, 10, 10, 10, 10, 10, 10, 10, 10, 10, 10, 10, 10, 10, 10, 10, 6, 6, 6, 6, 6, 6, 6, 6, 6, 6, 6, 6, 6, 6, 6, 6, 6, 6, 6, 6]
==================================================

============================================================
Evaluating method: solve_inf
============================================================

----------------------------------------
Evaluating ε = -1.25
----------------------------------------
Mean cost: 31638.795927663632 ± 75.85794338047839
  Inventory costs: 15097.64043545367
  Variable costs:  5029.381014112253
  Fixed costs:     11511.774478097721
  Simulation time: 545.7s

----------------------------------------
Evaluating ε = -2.5
----------------------------------------
Mean cost: 30712.45532595442 ± 61.51663467883208
  Inventory costs: 15445.565810208984
  Variable costs:  5036.774681857159
  Fixed costs:     10230.11483388827
  Simulation time: 551.9s

----------------------------------------
Evaluating ε = -5.0
----------------------------------------
Mean cost: 30539.70288221408 ± 53.54237111211516
  Inventory costs: 16450.892341793988
  Variable costs:  5016.21884280109
  Fixed costs:     9072.591697618967
  Simulation time: 547.8s

----------------------------------------
Evaluating ε = -7.5
----------------------------------------
Mean cost: 31122.426172114017 ± 25.52272235206023
  Inventory costs: 17622.242317613316
  Variable costs:  5010.938197919253
  Fixed costs:     8489.245656581415
  Simulation time: 550.4s

----------------------------------------
Evaluating ε = -10.0
----------------------------------------
Mean cost: 31936.967938886413 ± 49.767407911263135
  Inventory costs: 18721.78461328715
  Variable costs:  5024.684749118333
  Fixed costs:     8190.498576480956
  Simulation time: 548.5s

----------------------------------------
Evaluating ε = -12.5
----------------------------------------
Mean cost: 32676.452411582384 ± 63.40441648068187
  Inventory costs: 19705.052827132145
  Variable costs:  5018.129865484116
  Fixed costs:     7953.269718966143
  Simulation time: 550.3s

----------------------------------------
Evaluating ε = -15.0
----------------------------------------
Mean cost: 33534.26868777991 ± 43.602915115442066
  Inventory costs: 20801.298453824802
  Variable costs:  5004.9271933577
  Fixed costs:     7728.043040597421
  Simulation time: 549.4s

----------------------------------------
Evaluating ε = -20.0
----------------------------------------
Mean cost: 35225.17490066898 ± 72.27373518010243
  Inventory costs: 22820.68456378597
  Variable costs:  5015.750876331343
  Fixed costs:     7388.739460551535
  Simulation time: 554.6s

----------------------------------------
Evaluating ε = -25.0
----------------------------------------
Mean cost: 37040.595076850244 ± 51.01569404592407
  Inventory costs: 24922.418627811952
  Variable costs:  5002.902523594815
  Fixed costs:     7115.2739254435755
  Simulation time: 547.6s

----------------------------------------
Evaluating ε = -30.0
----------------------------------------
Mean cost: 39042.55871580575 ± 66.66722770048042
  Inventory costs: 27121.69711131436
  Variable costs:  5020.621479521522
  Fixed costs:     6900.240124969857
  Simulation time: 546.6s

----------------------------------------
Evaluating ε = -40.0
----------------------------------------
Mean cost: 43021.879342606815 ± 72.67182432691939
  Inventory costs: 31493.396816797605
  Variable costs:  5014.917994458885
  Fixed costs:     6513.564531350257
  Simulation time: 551.4s

----------------------------------------
Evaluating ε = -50.0
----------------------------------------
Mean cost: 47269.37873845377 ± 66.80381791940755
  Inventory costs: 36085.82559681643
  Variable costs:  5000.8288514895185
  Fixed costs:     6182.724290147833
  Simulation time: 556.4s

----------------------------------------
Evaluating ε = -75.0
----------------------------------------
Mean cost: 58903.74591976985 ± 112.31562563801211
  Inventory costs: 48297.40238536161
  Variable costs:  5008.09303380363
  Fixed costs:     5598.250500604575
  Simulation time: 549.1s

----------------------------------------
Evaluating ε = -100.0
----------------------------------------
Mean cost: 72388.35014771581 ± 138.08201003856374
  Inventory costs: 62249.49693596916
  Variable costs:  4998.767973018191
  Fixed costs:     5140.085238728376
  Simulation time: 553.0s

==================================================
Best epsilon: -5.0 with cost: 30539.70288221408 ± 53.54237111211516
==================================================

============================================================
Evaluating method: find_stationary
============================================================

----------------------------------------
Evaluating ε = -1.25
----------------------------------------
Mean cost: 31678.06355936781 ± 120.04840551528363
  Inventory costs: 15102.626347070089
  Variable costs:  5043.799800042614
  Fixed costs:     11531.637412255073
  Simulation time: 552.8s

----------------------------------------
Evaluating ε = -2.5
----------------------------------------
Mean cost: 30617.959967159222 ± 35.717467117623734
  Inventory costs: 15424.226105408878
  Variable costs:  5022.683475732998
  Fixed costs:     10171.050386017385
  Simulation time: 553.7s

----------------------------------------
Evaluating ε = -5.0
----------------------------------------
Mean cost: 30659.182619407355 ± 46.42014898122242
  Inventory costs: 16480.458571275238
  Variable costs:  5034.664770988782
  Fixed costs:     9144.059277143271
  Simulation time: 550.7s

----------------------------------------
Evaluating ε = -7.5
----------------------------------------
Mean cost: 31201.86451720594 ± 51.26615082491075
  Inventory costs: 17626.93940528706
  Variable costs:  5020.622757871971
  Fixed costs:     8554.302354046906
  Simulation time: 550.4s

----------------------------------------
Evaluating ε = -10.0
----------------------------------------
Mean cost: 31901.09693463198 ± 60.13886208444117
  Inventory costs: 18693.703357164188
  Variable costs:  5012.076329852222
  Fixed costs:     8195.317247615578
  Simulation time: 544.7s

----------------------------------------
Evaluating ε = -12.5
----------------------------------------
Mean cost: 32653.262161960254 ± 46.80421526505819
  Inventory costs: 19701.511431887713
  Variable costs:  5020.681969212233
  Fixed costs:     7931.068760860307
  Simulation time: 552.5s

----------------------------------------
Evaluating ε = -15.0
----------------------------------------
Mean cost: 33463.55709554629 ± 59.347773015194846
  Inventory costs: 20738.135138287103
  Variable costs:  5013.607346969913
  Fixed costs:     7711.814610289352
  Simulation time: 553.2s

----------------------------------------
Evaluating ε = -20.0
----------------------------------------
Mean cost: 35213.13681250428 ± 46.26379962692142
  Inventory costs: 22802.19333109445
  Variable costs:  5020.425533885561
  Fixed costs:     7390.517947524236
  Simulation time: 548.9s

----------------------------------------
Evaluating ε = -25.0
----------------------------------------
Mean cost: 37004.991170189234 ± 57.09809065636819
  Inventory costs: 24897.68872211289
  Variable costs:  5009.806898449899
  Fixed costs:     7097.495549626445
  Simulation time: 548.2s

----------------------------------------
Evaluating ε = -30.0
----------------------------------------
Mean cost: 39021.23107629321 ± 67.92273839760976
  Inventory costs: 27149.569594456163
  Variable costs:  5003.535704412408
  Fixed costs:     6868.125777424726
  Simulation time: 552.7s

----------------------------------------
Evaluating ε = -40.0
----------------------------------------
Mean cost: 42977.53633057229 ± 76.63121621669129
  Inventory costs: 31494.274097578105
  Variable costs:  4998.858545585534
  Fixed costs:     6484.40368740865
  Simulation time: 524.5s

----------------------------------------
Evaluating ε = -50.0
----------------------------------------
Mean cost: 47266.104695880975 ± 93.17456648918073
  Inventory costs: 36064.37875259913
  Variable costs:  5011.774492525993
  Fixed costs:     6189.9514507558515
  Simulation time: 482.4s

----------------------------------------
Evaluating ε = -75.0
----------------------------------------
Mean cost: 59147.99166879661 ± 95.43759466436948
  Inventory costs: 48549.47422817601
  Variable costs:  5007.828379496206
  Fixed costs:     5590.68906112438
  Simulation time: 444.6s

----------------------------------------
Evaluating ε = -100.0
----------------------------------------
Mean cost: 72409.54772586984 ± 132.34239248950576
  Inventory costs: 62255.300348260964
  Variable costs:  5008.5132647322625
  Fixed costs:     5145.734112876612
  Simulation time: 435.7s

==================================================
Best epsilon: -2.5 with cost: 30617.959967159222 ± 35.717467117623734
==================================================
Skipping save for solve_inf: existing cost 30216.518723252346 <= new cost 30539.70288221408
Skipping save for find_stationary: existing cost 30256.78445739169 <= new cost 30617.959967159222

============================================================
FINAL RESULTS SUMMARY
============================================================

Method: solve_inf
  Order-up-to vector: [18, 18, 18, 18, 18, 18, 18, 18, 18, 18, 18, 18, 18, 18, 18, 10, 10, 10, 10, 10, 10, 10, 10, 10, 10, 10, 10, 10, 10, 10, 6, 6, 6, 6, 6, 6, 6, 6, 6, 6, 6, 6, 6, 6, 6, 6, 6, 6, 6, 6]
  Best epsilon: -5.0
  Best cost: 30539.70288221408 ± 53.54237111211516

Method: find_stationary
  Order-up-to vector: [18, 18, 18, 18, 18, 18, 18, 18, 18, 18, 18, 18, 18, 18, 18, 10, 10, 10, 10, 10, 10, 10, 10, 10, 10, 10, 10, 10, 10, 10, 6, 6, 6, 6, 6, 6, 6, 6, 6, 6, 6, 6, 6, 6, 6, 6, 6, 6, 6, 6]
  Best epsilon: -2.5
  Best cost: 30617.959967159222 ± 35.717467117623734

============================================================
Complete! Per-method results saved to:
  output/nn_training/results_50D_CaseLM_solve_inf.json
  output/nn_training/results_50D_CaseLM_find_stationary.json
============================================================

  Activating project at `~/DeepSJRP`
[ Info:  started timer at: 2026-04-29T03:11:22.204
┌ Warning: Layer with Float32 parameters got Float64 input.
│   The input will be converted, but any earlier layers may be very slow.
│   layer = Dense(50 => 1000, elu)  # 51_000 parameters
│   summary(x) = "50-element Vector{Float64}"
└ @ Flux ~/.julia/packages/Flux/DZYiO/src/layers/stateless.jl:60
RUNNING THE L-BFGS-B CODE

           * * *

Machine precision = 2.220D-16
 N =           50     M =           10

At X0         0 variables are exactly at the bounds

At iterate    0    f=  2.83188D+02    |proj g|=  3.62726D-03

           * * *

Tit   = total number of iterations
Tnf   = total number of function evaluations
Tnint = total number of segments explored during Cauchy searches
Skip  = number of BFGS updates skipped
Nact  = number of active bounds at final generalized Cauchy point
Projg = norm of the final projected gradient
F     = final function value

           * * *

   N    Tit     Tnf  Tnint  Skip  Nact     Projg        F
   50      0      1      0     0     0   3.627D-03   2.832D+02
  F =   283.18754272460939     

CONVERGENCE: NORM_OF_PROJECTED_GRADIENT_<=_PGTOL            

 Cauchy                time 0.000E+00 seconds.
 Subspace minimization time 0.000E+00 seconds.
 Line search           time 0.000E+00 seconds.

 Total User time 2.687E+00 seconds.

RUNNING THE L-BFGS-B CODE

           * * *

Machine precision = 2.220D-16
 N =           50     M =           10

At X0         0 variables are exactly at the bounds

At iterate    0    f=  3.23512D-04    |proj g|=  7.55060D-06

           * * *

Tit   = total number of iterations
Tnf   = total number of function evaluations
Tnint = total number of segments explored during Cauchy searches
Skip  = number of BFGS updates skipped
Nact  = number of active bounds at final generalized Cauchy point
Projg = norm of the final projected gradient
F     = final function value

           * * *

   N    Tit     Tnf  Tnint  Skip  Nact     Projg        F
   50      0      1      0     0     0   7.551D-06   3.235D-04
  F =   3.2351234552075245E-004

CONVERGENCE: NORM_OF_PROJECTED_GRADIENT_<=_PGTOL            

 Cauchy                time 0.000E+00 seconds.
 Subspace minimization time 0.000E+00 seconds.
 Line search           time 0.000E+00 seconds.

 Total User time 3.193E-01 seconds.

