
============================================================
DeepSJRP - Stochastic Joint Replenishment Problem Solver
============================================================
Instance: 50D_CaseHM
Options: Dict{Symbol, Any}(:beta_override => 1.0e6, :alpha_override => nothing, :device => :gpu, :nu_override => 0.1, :T_override => 0.2, :seed => 777)
============================================================

Device: CUDA GPU
CUDA toolchain: 
- runtime 12.8, local installation
- driver 580.126.16 for 13.2
- compiler 12.9

CUDA libraries: 
- CUBLAS: 12.8.4
- CURAND: 10.3.9
- CUFFT: 11.3.3
- CUSOLVER: 11.7.3
- CUSPARSE: 12.5.8
- CUPTI: 2025.1.1 (API 12.8.0)
- NVML: 13.0.0+580.126.16

Julia packages: 
- CUDA: 5.11.0
- GPUArrays: 11.4.1
- GPUCompiler: 1.9.1
- KernelAbstractions: 0.9.41
- CUDA_Driver_jll: 13.2.0+0
- CUDA_Compiler_jll: 0.4.2+0
- CUDA_Runtime_jll: 0.21.0+0
- CUDA_Runtime_Discovery: 1.0.0

Toolchain:
- Julia: 1.11.7
- LLVM: 16.0.6

Preferences:
- CUDA_Runtime_jll.version: local

1 device:
  0: NVIDIA H100 80GB HBM3 (sm_90, 79.175 GiB / 79.647 GiB available)
BLAS threads: 1
Julia threads: 10

Benchmark source: QS

============================================================
IMPULSE CONTROL PROBLEM (scaled, annual)
============================================================
Instance: 50D_CaseHM
Dimension: 50
Interest rate: 0.05
Cost scaling κ: 0.01

Drift μ (annual demand rates): [50.0, 50.0, 50.0, 50.0, 50.0, 50.0, 50.0, 50.0, 50.0, 50.0, 50.0, 50.0, 50.0, 50.0, 50.0, 25.0, 25.0, 25.0, 25.0, 25.0, 25.0, 25.0, 25.0, 25.0, 25.0, 25.0, 25.0, 25.0, 25.0, 25.0, 12.5, 12.5, 12.5, 12.5, 12.5, 12.5, 12.5, 12.5, 12.5, 12.5, 12.5, 12.5, 12.5, 12.5, 12.5, 12.5, 12.5, 12.5, 12.5, 12.5]
Covariance Σ diagonal: [2500.0, 2500.0, 2500.0, 2500.0, 2500.0, 2500.0, 2500.0, 2500.0, 2500.0, 2500.0, 2500.0, 2500.0, 2500.0, 2500.0, 2500.0, 625.0, 625.0, 625.0, 625.0, 625.0, 625.0, 625.0, 625.0, 625.0, 625.0, 625.0, 625.0, 625.0, 625.0, 625.0, 156.25, 156.25, 156.25, 156.25, 156.25, 156.25, 156.25, 156.25, 156.25, 156.25, 156.25, 156.25, 156.25, 156.25, 156.25, 156.25, 156.25, 156.25, 156.25, 156.25]

Scaled costs (× κ = 0.01):
  Fixed cost K:    1.5
  Variable costs c: [0.001, 0.001, 0.001, 0.001, 0.001, 0.001, 0.001, 0.001, 0.001, 0.001, 0.001, 0.001, 0.001, 0.001, 0.001, 0.002, 0.002, 0.002, 0.002, 0.002, 0.002, 0.002, 0.002, 0.002, 0.002, 0.002, 0.002, 0.002, 0.002, 0.002, 0.004, 0.004, 0.004, 0.004, 0.004, 0.004, 0.004, 0.004, 0.004, 0.004, 0.004, 0.004, 0.004, 0.004, 0.004, 0.004, 0.004, 0.004, 0.004, 0.004]
  Holding costs h:  [0.01, 0.01, 0.01, 0.01, 0.01, 0.01, 0.01, 0.01, 0.01, 0.01, 0.01, 0.01, 0.01, 0.01, 0.01, 0.02, 0.02, 0.02, 0.02, 0.02, 0.02, 0.02, 0.02, 0.02, 0.02, 0.02, 0.02, 0.02, 0.02, 0.02, 0.04, 0.04, 0.04, 0.04, 0.04, 0.04, 0.04, 0.04, 0.04, 0.04, 0.04, 0.04, 0.04, 0.04, 0.04, 0.04, 0.04, 0.04, 0.04, 0.04]
  Penalty costs p:  [0.25, 0.25, 0.25, 0.25, 0.25, 0.25, 0.25, 0.25, 0.25, 0.25, 0.25, 0.25, 0.25, 0.25, 0.25, 0.5, 0.5, 0.5, 0.5, 0.5, 0.5, 0.5, 0.5, 0.5, 0.5, 0.5, 0.5, 0.5, 0.5, 0.5, 1.0, 1.0, 1.0, 1.0, 1.0, 1.0, 1.0, 1.0, 1.0, 1.0, 1.0, 1.0, 1.0, 1.0, 1.0, 1.0, 1.0, 1.0, 1.0, 1.0]

Original costs (unscaled):
  Fixed cost K:    150.0
  Variable costs c: [0.1, 0.1, 0.1, 0.1, 0.1, 0.1, 0.1, 0.1, 0.1, 0.1, 0.1, 0.1, 0.1, 0.1, 0.1, 0.2, 0.2, 0.2, 0.2, 0.2, 0.2, 0.2, 0.2, 0.2, 0.2, 0.2, 0.2, 0.2, 0.2, 0.2, 0.4, 0.4, 0.4, 0.4, 0.4, 0.4, 0.4, 0.4, 0.4, 0.4, 0.4, 0.4, 0.4, 0.4, 0.4, 0.4, 0.4, 0.4, 0.4, 0.4]
  Holding costs h:  [1.0, 1.0, 1.0, 1.0, 1.0, 1.0, 1.0, 1.0, 1.0, 1.0, 1.0, 1.0, 1.0, 1.0, 1.0, 2.0, 2.0, 2.0, 2.0, 2.0, 2.0, 2.0, 2.0, 2.0, 2.0, 2.0, 2.0, 2.0, 2.0, 2.0, 4.0, 4.0, 4.0, 4.0, 4.0, 4.0, 4.0, 4.0, 4.0, 4.0, 4.0, 4.0, 4.0, 4.0, 4.0, 4.0, 4.0, 4.0, 4.0, 4.0]
  Penalty costs p:  [25.0, 25.0, 25.0, 25.0, 25.0, 25.0, 25.0, 25.0, 25.0, 25.0, 25.0, 25.0, 25.0, 25.0, 25.0, 50.0, 50.0, 50.0, 50.0, 50.0, 50.0, 50.0, 50.0, 50.0, 50.0, 50.0, 50.0, 50.0, 50.0, 50.0, 100.0, 100.0, 100.0, 100.0, 100.0, 100.0, 100.0, 100.0, 100.0, 100.0, 100.0, 100.0, 100.0, 100.0, 100.0, 100.0, 100.0, 100.0, 100.0, 100.0]
============================================================

============================================================
TRAINING HYPERPARAMETERS
============================================================
Benchmark source: QS
Precision:        Float32
Batch size:       5000
Num intervals:    100
T horizon:        0.2
Num iterations:   40000
Learning rates:   [0.001, 0.0002, 0.0001, 1.0e-5, 1.0e-6]
LR steps:         [1, 5000, 10000, 20000, 30000]
Beta penalty:     [1.0, 10.0, 100.0, 1000.0, 10000.0, 1.0e6]
Penalty steps:    [1, 2500, 5000, 7500, 10000, 20000]
Lambda rate:      8.446313568643136
S guess:          [[20.0, 20.0, 20.0, 20.0, 20.0, 20.0, 20.0, 20.0, 20.0, 20.0, 20.0, 20.0, 20.0, 20.0, 19.0, 12.0, 12.0, 12.0, 12.0, 12.0, 12.0, 12.0, 12.0, 12.0, 12.0, 12.0, 12.0, 12.0, 12.0, 12.0, 7.0, 7.0, 7.0, 7.0, 7.0, 7.0, 7.0, 7.0, 7.0, 7.0, 7.0, 7.0, 7.0, 7.0, 7.0, 7.0, 7.0, 7.0, 7.0, 7.0]]
Nu radius:        0.1
S distribution:   lognormal
Alpha factor:     0.0
Alpha js:         [0.0, 0.0, 0.0, 0.0, 0.0, 0.0, 0.0, 0.0, 0.0, 0.0, 0.0, 0.0, 0.0, 0.0, 0.0, 0.0, 0.0, 0.0, 0.0, 0.0, 0.0, 0.0, 0.0, 0.0, 0.0, 0.0, 0.0, 0.0, 0.0, 0.0, 0.0, 0.0, 0.0, 0.0, 0.0, 0.0, 0.0, 0.0, 0.0, 0.0, 0.0, 0.0, 0.0, 0.0, 0.0, 0.0, 0.0, 0.0, 0.0, 0.0]
Cost scaling:     0.01

Neural network architecture:
  Hidden layers:  4
  Width:          1000
  Activation:     elu

Optimization parameters:
  Start factor:   1.0
  Lower factor:   0.5
  Upper factor:   1.5
  Sim runs:       10
  Sim horizon:    5000
  Epsilons:       [-1.25, -2.5, -5.0, -7.5, -10.0, -12.5, -15.0, -20.0, -25.0, -30.0, -40.0, -50.0, -75.0, -100.0]
============================================================

Gradient network G (∇V):
Chain(
  Dense(50 => 1000, elu),               # 51_000 parameters
  Dense(1000 => 1000, elu),             # 1_001_000 parameters
  Dense(1000 => 1000, elu),             # 1_001_000 parameters
  Dense(1000 => 1000, elu),             # 1_001_000 parameters
  Dense(1000 => 50),                    # 50_050 parameters
)                   # Total: 10 arrays, 3_104_050 parameters, 1.562 KiB.

Value network H (V):
Chain(
  Dense(50 => 1000, elu),               # 51_000 parameters
  Dense(1000 => 1000, elu),             # 1_001_000 parameters
  Dense(1000 => 1000, elu),             # 1_001_000 parameters
  Dense(1000 => 1000, elu),             # 1_001_000 parameters
  Dense(1000 => 1),                     # 1_001 parameters
)                   # Total: 10 arrays, 3_055_001 parameters, 1.562 KiB.


============================================================
Starting neural network training...
============================================================

Starting training with steady-state sampler:
-----------------------------------------
Epoch: 1; Penalty β updated to: 1.0
-----------------------------------------
─── Device check ───
  x_tn: CuArray{Float32} (50, 100, 5000)
  dB: CuArray{Float32} (50, 100, 5000)
  dU: CuArray{Float32} (50, 100, 5000)
  exponentials: CuArray{Float32} (1, 100)
  loss_dB: CuArray{Float32} (1, 5000)
  loss_df: CuArray{Float32} (1, 5000)
  loss_dU: CuArray{Float32} (1, 5000)
  H_x0: CuArray{Float32} (1, 5000)
  H_xT: CuArray{Float32} (1, 5000)
  penalties: CuArray{Float32} (1, 5000)
────────────────────
Epoch: 1; Computation time: 78.742621319; Current value of V(0): 0.0
Lagrangian objective: 1.8159755e6; Average H(x0): 0.0; Quantile-hedge α(β): 50.44
Simulation time per epoch: 13.669011693; Gradient computation time: 50.299328879; Testing time: 13.582197792
Epoch: 1000; Computation time: 417.872250793; Current value of V(0): -907.2216033935547
Lagrangian objective: -2897.574; Average H(x0): 5956.8203; Quantile-hedge α(β): 1.980000000000004
Simulation time per epoch: 0.073372231; Gradient computation time: 0.182157936; Testing time: 0.083489518
Epoch: 2000; Computation time: 757.076455105; Current value of V(0): -840.8137321472168
Lagrangian objective: -3355.4185; Average H(x0): 5972.0034; Quantile-hedge α(β): 0.18000000000000238
Simulation time per epoch: 0.073740147; Gradient computation time: 0.182881841; Testing time: 0.083340691
-----------------------------------------
Epoch: 2500; Penalty β updated to: 10.0
-----------------------------------------
Epoch: 3000; Computation time: 1096.283764416; Current value of V(0): 197.35841751098633
Lagrangian objective: 86.1959; Average H(x0): 40.471874; Quantile-hedge α(β): 79.86
Simulation time per epoch: 0.073727073; Gradient computation time: 0.181939716; Testing time: 0.083367819
Epoch: 4000; Computation time: 1435.532833598; Current value of V(0): -388.8295888900757
Lagrangian objective: -889.7368; Average H(x0): 1281.0558; Quantile-hedge α(β): 26.539999999999996
Simulation time per epoch: 0.073762468; Gradient computation time: 0.182013762; Testing time: 0.083388812
-----------------------------------------
Epoch: 5000; Penalty β updated to: 100.0
-----------------------------------------
Epoch: 5000; Computation time: 1774.887882354; Current value of V(0): -429.01368141174316
Lagrangian objective: 2274.714; Average H(x0): 1392.2006; Quantile-hedge α(β): 13.780000000000003
Simulation time per epoch: 0.073582698; Gradient computation time: 0.182219131; Testing time: 0.0833049
Epoch: 6000; Computation time: 2114.176613845; Current value of V(0): 273.61433506011963
Lagrangian objective: -719.7064; Average H(x0): 857.9446; Quantile-hedge α(β): 53.04
Simulation time per epoch: 0.07379867; Gradient computation time: 0.182032617; Testing time: 0.083257502
Epoch: 7000; Computation time: 2453.416820124; Current value of V(0): 309.883975982666
Lagrangian objective: -734.8826; Average H(x0): 833.1665; Quantile-hedge α(β): 57.76
Simulation time per epoch: 0.073798306; Gradient computation time: 0.182245456; Testing time: 0.083362971
-----------------------------------------
Epoch: 7500; Penalty β updated to: 1000.0
-----------------------------------------
Epoch: 8000; Computation time: 2792.670389345; Current value of V(0): 1107.7034950256348
Lagrangian objective: -470.02826; Average H(x0): 552.71796; Quantile-hedge α(β): 94.67999999999999
Simulation time per epoch: 0.073808324; Gradient computation time: 0.18182374; Testing time: 0.083425945
Epoch: 9000; Computation time: 3131.958146464; Current value of V(0): 1068.2696342468262
Lagrangian objective: -546.6963; Average H(x0): 570.85144; Quantile-hedge α(β): 95.88
Simulation time per epoch: 0.073850655; Gradient computation time: 0.182130661; Testing time: 0.083342074
-----------------------------------------
Epoch: 10000; Penalty β updated to: 10000.0
-----------------------------------------
Epoch: 10000; Computation time: 3471.338895945; Current value of V(0): 974.5237350463867
Lagrangian objective: -230.69142; Average H(x0): 619.17896; Quantile-hedge α(β): 94.16
Simulation time per epoch: 0.073606366; Gradient computation time: 0.182016112; Testing time: 0.083286156
Epoch: 11000; Computation time: 3810.609126608; Current value of V(0): 1703.2861709594727
Lagrangian objective: -424.1743; Average H(x0): 464.859; Quantile-hedge α(β): 99.33999999999999
Simulation time per epoch: 0.073801474; Gradient computation time: 0.181899727; Testing time: 0.083404451
Epoch: 12000; Computation time: 4149.841584211; Current value of V(0): 1630.051612854004
Lagrangian objective: -458.3574; Average H(x0): 469.8973; Quantile-hedge α(β): 99.64
Simulation time per epoch: 0.073752861; Gradient computation time: 0.18194903; Testing time: 0.083434265
Epoch: 13000; Computation time: 4489.085579556; Current value of V(0): 1685.2968215942383
Lagrangian objective: -466.36084; Average H(x0): 481.8112; Quantile-hedge α(β): 99.6
Simulation time per epoch: 0.073800125; Gradient computation time: 0.182283196; Testing time: 0.083346556
Epoch: 14000; Computation time: 4828.526416142; Current value of V(0): 1589.7611618041992
Lagrangian objective: -432.55536; Average H(x0): 496.9718; Quantile-hedge α(β): 99.46000000000001
Simulation time per epoch: 0.073683799; Gradient computation time: 0.182284039; Testing time: 0.08339078
Epoch: 15000; Computation time: 5167.784761145; Current value of V(0): 1458.4331512451172
Lagrangian objective: -511.2518; Average H(x0): 523.4866; Quantile-hedge α(β): 99.36
Simulation time per epoch: 0.073668129; Gradient computation time: 0.181878672; Testing time: 0.083330128
Epoch: 16000; Computation time: 5507.01161965; Current value of V(0): 1427.806282043457
Lagrangian objective: -529.0553; Average H(x0): 550.3063; Quantile-hedge α(β): 99.36
Simulation time per epoch: 0.073790835; Gradient computation time: 0.182035998; Testing time: 0.083315334
Epoch: 17000; Computation time: 5846.337441969; Current value of V(0): 9337.132263183594
Lagrangian objective: -371.19766; Average H(x0): 391.08917; Quantile-hedge α(β): 99.72
Simulation time per epoch: 0.073769965; Gradient computation time: 0.181967304; Testing time: 0.083376915
Epoch: 18000; Computation time: 6185.570810211; Current value of V(0): 9473.40316772461
Lagrangian objective: -405.4035; Average H(x0): 420.4162; Quantile-hedge α(β): 99.76
Simulation time per epoch: 0.07378884; Gradient computation time: 0.182139768; Testing time: 0.083336164
Epoch: 19000; Computation time: 6524.836364208; Current value of V(0): 10088.558959960938
Lagrangian objective: -466.01706; Average H(x0): 481.1215; Quantile-hedge α(β): 99.66000000000001
Simulation time per epoch: 0.073610244; Gradient computation time: 0.183680921; Testing time: 0.083386292
-----------------------------------------
Epoch: 20000; Penalty β updated to: 1.0e6
-----------------------------------------
Epoch: 20000; Computation time: 6864.167458536; Current value of V(0): 10597.640991210938
Lagrangian objective: 497.8063; Average H(x0): 553.6808; Quantile-hedge α(β): 99.24
Simulation time per epoch: 0.073686678; Gradient computation time: 0.18198295; Testing time: 0.08324796
Epoch: 21000; Computation time: 7203.445280375; Current value of V(0): 10449.549865722656
Lagrangian objective: -311.1237; Average H(x0): 529.2168; Quantile-hedge α(β): 99.83999999999999
Simulation time per epoch: 0.073638706; Gradient computation time: 0.182128263; Testing time: 0.083313221
Epoch: 22000; Computation time: 7542.593456478; Current value of V(0): 10587.786865234375
Lagrangian objective: -481.40585; Average H(x0): 525.034; Quantile-hedge α(β): 99.88
Simulation time per epoch: 0.073800706; Gradient computation time: 0.18161704; Testing time: 0.083268315
Epoch: 23000; Computation time: 7881.556091705; Current value of V(0): 10680.258178710938
Lagrangian objective: -286.8597; Average H(x0): 517.2038; Quantile-hedge α(β): 99.88
Simulation time per epoch: 0.07378566; Gradient computation time: 0.181890184; Testing time: 0.083265679
Epoch: 24000; Computation time: 8220.440571488; Current value of V(0): 10859.425354003906
Lagrangian objective: -310.86707; Average H(x0): 507.9553; Quantile-hedge α(β): 99.8
Simulation time per epoch: 0.073829214; Gradient computation time: 0.181423164; Testing time: 0.083201023
Epoch: 25000; Computation time: 8559.091713577; Current value of V(0): 10445.413970947266
Lagrangian objective: -481.65146; Average H(x0): 485.6943; Quantile-hedge α(β): 99.98
Simulation time per epoch: 0.073816732; Gradient computation time: 0.181455118; Testing time: 0.083223065
Epoch: 26000; Computation time: 8897.667106946; Current value of V(0): 10424.593353271484
Lagrangian objective: -486.5646; Average H(x0): 486.5646; Quantile-hedge α(β): 100.0
Simulation time per epoch: 0.073681036; Gradient computation time: 0.181784764; Testing time: 0.083163971
Epoch: 27000; Computation time: 9236.160380391; Current value of V(0): 10544.55795288086
Lagrangian objective: -470.87405; Average H(x0): 484.8251; Quantile-hedge α(β): 99.92
Simulation time per epoch: 0.073933792; Gradient computation time: 0.18099907; Testing time: 0.083032655
Epoch: 28000; Computation time: 9574.28661856; Current value of V(0): 10496.956634521484
Lagrangian objective: -484.116; Average H(x0): 484.116; Quantile-hedge α(β): 100.0
Simulation time per epoch: 0.073922229; Gradient computation time: 0.18094699; Testing time: 0.083063122
Epoch: 29000; Computation time: 9912.385569931; Current value of V(0): 10363.70620727539
Lagrangian objective: -353.2239; Average H(x0): 480.7701; Quantile-hedge α(β): 99.88
Simulation time per epoch: 0.07388172; Gradient computation time: 0.181069103; Testing time: 0.083031663
Epoch: 30000; Computation time: 10250.586339566; Current value of V(0): 10220.282745361328
Lagrangian objective: -50.9211; Average H(x0): 467.9357; Quantile-hedge α(β): 99.86
Simulation time per epoch: 0.073927173; Gradient computation time: 0.180866428; Testing time: 0.083060703
Epoch: 31000; Computation time: 10588.649881427; Current value of V(0): 10217.122650146484
Lagrangian objective: -469.1447; Average H(x0): 469.2127; Quantile-hedge α(β): 99.98
Simulation time per epoch: 0.073914283; Gradient computation time: 0.181099859; Testing time: 0.083061381
Epoch: 32000; Computation time: 10926.592609013; Current value of V(0): 10213.150024414062
Lagrangian objective: -444.39246; Average H(x0): 469.42874; Quantile-hedge α(β): 99.98
Simulation time per epoch: 0.074041388; Gradient computation time: 0.180718351; Testing time: 0.08297641
Epoch: 33000; Computation time: 11264.436165722; Current value of V(0): 10204.554748535156
Lagrangian objective: -468.78064; Average H(x0): 468.78064; Quantile-hedge α(β): 100.0
Simulation time per epoch: 0.074024116; Gradient computation time: 0.180501059; Testing time: 0.082889488
Epoch: 34000; Computation time: 11602.221176959; Current value of V(0): 10188.096618652344
Lagrangian objective: -469.18634; Average H(x0): 469.18634; Quantile-hedge α(β): 100.0
Simulation time per epoch: 0.07401968; Gradient computation time: 0.180969143; Testing time: 0.083074416
Epoch: 35000; Computation time: 11940.047400732; Current value of V(0): 10177.586364746094
Lagrangian objective: -470.1673; Average H(x0): 470.1673; Quantile-hedge α(β): 100.0
Simulation time per epoch: 0.07400059; Gradient computation time: 0.180755627; Testing time: 0.083008965
Epoch: 36000; Computation time: 12277.873568948; Current value of V(0): 10170.063781738281
Lagrangian objective: -470.9731; Average H(x0): 471.0003; Quantile-hedge α(β): 99.98
Simulation time per epoch: 0.074006608; Gradient computation time: 0.180699613; Testing time: 0.083014581
Epoch: 37000; Computation time: 12615.568125276; Current value of V(0): 10152.238464355469
Lagrangian objective: -470.58496; Average H(x0): 470.58496; Quantile-hedge α(β): 100.0
Simulation time per epoch: 0.074076538; Gradient computation time: 0.18018241; Testing time: 0.082825135
Epoch: 38000; Computation time: 12952.799273273; Current value of V(0): 10146.759033203125
Lagrangian objective: -465.29935; Average H(x0): 467.6483; Quantile-hedge α(β): 99.96000000000001
Simulation time per epoch: 0.074076103; Gradient computation time: 0.180121504; Testing time: 0.082842971
Epoch: 39000; Computation time: 13290.041633997; Current value of V(0): 10114.534759521484
Lagrangian objective: -470.2631; Average H(x0): 470.2631; Quantile-hedge α(β): 100.0
Simulation time per epoch: 0.074081331; Gradient computation time: 0.180153165; Testing time: 0.082832584
Epoch: 40000; Computation time: 13627.377455571; Current value of V(0): 10068.168640136719
Lagrangian objective: 217.45515; Average H(x0): 471.2692; Quantile-hedge α(β): 99.94
Simulation time per epoch: 0.074064395; Gradient computation time: 0.180768197; Testing time: 0.082941642

Training completed in 13627.377548523 seconds
Final V(0): 10068.130493164062

============================================================
Running policy evaluation...
============================================================


============================================================
INVENTORY PROBLEM (unscaled, weekly)
============================================================
Dimension:       50
Discount factor: 0.9990389236684376
Fixed cost:      150.0
Variable costs:  [0.1, 0.1, 0.1, 0.1, 0.1, 0.1, 0.1, 0.1, 0.1, 0.1, 0.1, 0.1, 0.1, 0.1, 0.1, 0.2, 0.2, 0.2, 0.2, 0.2, 0.2, 0.2, 0.2, 0.2, 0.2, 0.2, 0.2, 0.2, 0.2, 0.2, 0.4, 0.4, 0.4, 0.4, 0.4, 0.4, 0.4, 0.4, 0.4, 0.4, 0.4, 0.4, 0.4, 0.4, 0.4, 0.4, 0.4, 0.4, 0.4, 0.4]
Holding costs:   [0.019230769230769232, 0.019230769230769232, 0.019230769230769232, 0.019230769230769232, 0.019230769230769232, 0.019230769230769232, 0.019230769230769232, 0.019230769230769232, 0.019230769230769232, 0.019230769230769232, 0.019230769230769232, 0.019230769230769232, 0.019230769230769232, 0.019230769230769232, 0.019230769230769232, 0.038461538461538464, 0.038461538461538464, 0.038461538461538464, 0.038461538461538464, 0.038461538461538464, 0.038461538461538464, 0.038461538461538464, 0.038461538461538464, 0.038461538461538464, 0.038461538461538464, 0.038461538461538464, 0.038461538461538464, 0.038461538461538464, 0.038461538461538464, 0.038461538461538464, 0.07692307692307693, 0.07692307692307693, 0.07692307692307693, 0.07692307692307693, 0.07692307692307693, 0.07692307692307693, 0.07692307692307693, 0.07692307692307693, 0.07692307692307693, 0.07692307692307693, 0.07692307692307693, 0.07692307692307693, 0.07692307692307693, 0.07692307692307693, 0.07692307692307693, 0.07692307692307693, 0.07692307692307693, 0.07692307692307693, 0.07692307692307693, 0.07692307692307693]
Backlog costs:   [0.4807692307692308, 0.4807692307692308, 0.4807692307692308, 0.4807692307692308, 0.4807692307692308, 0.4807692307692308, 0.4807692307692308, 0.4807692307692308, 0.4807692307692308, 0.4807692307692308, 0.4807692307692308, 0.4807692307692308, 0.4807692307692308, 0.4807692307692308, 0.4807692307692308, 0.9615384615384616, 0.9615384615384616, 0.9615384615384616, 0.9615384615384616, 0.9615384615384616, 0.9615384615384616, 0.9615384615384616, 0.9615384615384616, 0.9615384615384616, 0.9615384615384616, 0.9615384615384616, 0.9615384615384616, 0.9615384615384616, 0.9615384615384616, 0.9615384615384616, 1.9230769230769231, 1.9230769230769231, 1.9230769230769231, 1.9230769230769231, 1.9230769230769231, 1.9230769230769231, 1.9230769230769231, 1.9230769230769231, 1.9230769230769231, 1.9230769230769231, 1.9230769230769231, 1.9230769230769231, 1.9230769230769231, 1.9230769230769231, 1.9230769230769231, 1.9230769230769231, 1.9230769230769231, 1.9230769230769231, 1.9230769230769231, 1.9230769230769231]
Demand dists:    DataType[Distributions.NegativeBinomial{Float64}, Distributions.NegativeBinomial{Float64}, Distributions.NegativeBinomial{Float64}, Distributions.NegativeBinomial{Float64}, Distributions.NegativeBinomial{Float64}, Distributions.NegativeBinomial{Float64}, Distributions.NegativeBinomial{Float64}, Distributions.NegativeBinomial{Float64}, Distributions.NegativeBinomial{Float64}, Distributions.NegativeBinomial{Float64}, Distributions.NegativeBinomial{Float64}, Distributions.NegativeBinomial{Float64}, Distributions.NegativeBinomial{Float64}, Distributions.NegativeBinomial{Float64}, Distributions.NegativeBinomial{Float64}, Distributions.NegativeBinomial{Float64}, Distributions.NegativeBinomial{Float64}, Distributions.NegativeBinomial{Float64}, Distributions.NegativeBinomial{Float64}, Distributions.NegativeBinomial{Float64}, Distributions.NegativeBinomial{Float64}, Distributions.NegativeBinomial{Float64}, Distributions.NegativeBinomial{Float64}, Distributions.NegativeBinomial{Float64}, Distributions.NegativeBinomial{Float64}, Distributions.NegativeBinomial{Float64}, Distributions.NegativeBinomial{Float64}, Distributions.NegativeBinomial{Float64}, Distributions.NegativeBinomial{Float64}, Distributions.NegativeBinomial{Float64}, Distributions.NegativeBinomial{Float64}, Distributions.NegativeBinomial{Float64}, Distributions.NegativeBinomial{Float64}, Distributions.NegativeBinomial{Float64}, Distributions.NegativeBinomial{Float64}, Distributions.NegativeBinomial{Float64}, Distributions.NegativeBinomial{Float64}, Distributions.NegativeBinomial{Float64}, Distributions.NegativeBinomial{Float64}, Distributions.NegativeBinomial{Float64}, Distributions.NegativeBinomial{Float64}, Distributions.NegativeBinomial{Float64}, Distributions.NegativeBinomial{Float64}, Distributions.NegativeBinomial{Float64}, Distributions.NegativeBinomial{Float64}, Distributions.NegativeBinomial{Float64}, Distributions.NegativeBinomial{Float64}, Distributions.NegativeBinomial{Float64}, Distributions.NegativeBinomial{Float64}, Distributions.NegativeBinomial{Float64}]
Demand means:    [0.9615384615384615, 0.9615384615384615, 0.9615384615384615, 0.9615384615384615, 0.9615384615384615, 0.9615384615384615, 0.9615384615384615, 0.9615384615384615, 0.9615384615384615, 0.9615384615384615, 0.9615384615384615, 0.9615384615384615, 0.9615384615384615, 0.9615384615384615, 0.9615384615384615, 0.4807692307692307, 0.4807692307692307, 0.4807692307692307, 0.4807692307692307, 0.4807692307692307, 0.4807692307692307, 0.4807692307692307, 0.4807692307692307, 0.4807692307692307, 0.4807692307692307, 0.4807692307692307, 0.4807692307692307, 0.4807692307692307, 0.4807692307692307, 0.4807692307692307, 0.2403846153846154, 0.2403846153846154, 0.2403846153846154, 0.2403846153846154, 0.2403846153846154, 0.2403846153846154, 0.2403846153846154, 0.2403846153846154, 0.2403846153846154, 0.2403846153846154, 0.2403846153846154, 0.2403846153846154, 0.2403846153846154, 0.2403846153846154, 0.2403846153846154, 0.2403846153846154, 0.2403846153846154, 0.2403846153846154, 0.2403846153846154, 0.2403846153846154]
============================================================

==================================================
Computing order-up-to vector via :solve_inf
==================================================

Method: solve_inf
Final objective: 472.39298899024595
z*: [23.236523008069213, 25.715264609758044, 30.0, 30.0, 22.861428092842694, 23.94331396127485, 18.051150493809615, 28.39177972280684, 27.747208902348454, 27.063338583825097, 25.346168861961434, 25.11675124131887, 30.0, 24.471153240269967, 26.037330915480226, 18.0, 18.0, 18.0, 18.0, 16.57715356391524, 18.0, 18.0, 18.0, 18.0, 18.0, 18.0, 18.0, 18.0, 18.0, 18.0, 10.5, 10.5, 10.5, 3.5, 10.5, 10.5, 10.5, 10.5, 10.5, 10.5, 10.5, 10.5, 10.5, 10.5, 10.5, 10.5, 10.5, 10.5, 10.5, 10.5]
Intervention value: -373.21166117042173

==================================================
Computing order-up-to vector via :find_stationary
==================================================

Method: find_stationary
Final residual: 0.04375804566855154
z*: [27.675177390228402, 19.15149882702395, 21.41020487466546, 14.654640572279963, 27.146056767758175, 19.08125094680178, 28.919506569976317, 18.802720341819356, 19.270094244568096, 21.26737713791381, 19.109077937653332, 24.367282366310558, 17.859832582491446, 22.021177255737733, 11.095563167406304, 13.345164406638961, 11.35515175225262, 14.354625175158766, 18.0, 11.8707684748828, 13.21828514395714, 14.533637767939613, 6.563082408693102, 14.818257327337932, 7.479695335633729, 13.445026291030215, 14.498868484734574, 17.524960351786785, 15.574173427614538, 18.0, 9.318113627401647, 10.46119619277417, 7.476860941481846, 5.825941130188149, 10.5, 10.5, 4.071733692185303, 6.229434138891518, 5.086308432721999, 10.5, 3.5, 8.748907301218475, 5.4292498813802625, 10.424645847463834, 10.5, 10.5, 3.5, 6.790168727960863, 10.5, 3.5]
Intervention value: -374.2650252324928

==================================================
Summary:
  solve_inf:       z* = [23, 26, 30, 30, 23, 24, 18, 28, 28, 27, 25, 25, 30, 24, 26, 18, 18, 18, 18, 17, 18, 18, 18, 18, 18, 18, 18, 18, 18, 18, 10, 10, 10, 4, 10, 10, 10, 10, 10, 10, 10, 10, 10, 10, 10, 10, 10, 10, 10, 10]
  find_stationary: z* = [28, 19, 21, 15, 27, 19, 29, 19, 19, 21, 19, 24, 18, 22, 11, 13, 11, 14, 18, 12, 13, 15, 7, 15, 7, 13, 14, 18, 16, 18, 9, 10, 7, 6, 10, 10, 4, 6, 5, 10, 4, 9, 5, 10, 10, 10, 4, 7, 10, 4]
==================================================

============================================================
Evaluating method: solve_inf
============================================================

----------------------------------------
Evaluating ε = -1.25
----------------------------------------
Mean cost: 87102.74122933704 ± 498.8601376983703
  Inventory costs: 38886.68423136098
  Variable costs:  5119.8853998821605
  Fixed costs:     43096.17159809383
  Simulation time: 434.8s

----------------------------------------
Evaluating ε = -2.5
----------------------------------------
Mean cost: 82758.21439381203 ± 423.7770374946343
  Inventory costs: 39316.30786790362
  Variable costs:  5120.406058660162
  Fixed costs:     38321.500467248225
  Simulation time: 441.7s

----------------------------------------
Evaluating ε = -5.0
----------------------------------------
Mean cost: 77753.90703255986 ± 524.7141103319755
  Inventory costs: 40585.58181910681
  Variable costs:  5054.469645015345
  Fixed costs:     32113.855568437943
  Simulation time: 436.3s

----------------------------------------
Evaluating ε = -7.5
----------------------------------------
Mean cost: 74985.6078523559 ± 588.4852660638119
  Inventory costs: 42116.88258136635
  Variable costs:  5125.083703015875
  Fixed costs:     27743.641567973653
  Simulation time: 425.9s

----------------------------------------
Evaluating ε = -10.0
----------------------------------------
Mean cost: 73858.87503826231 ± 380.233876356255
  Inventory costs: 44093.945943043924
  Variable costs:  5117.845384602695
  Fixed costs:     24647.083710615792
  Simulation time: 432.5s

----------------------------------------
Evaluating ε = -12.5
----------------------------------------
Mean cost: 73121.93690569924 ± 519.7451453835982
  Inventory costs: 45858.96033910825
  Variable costs:  5127.025914847767
  Fixed costs:     22135.950651743224
  Simulation time: 447.0s

----------------------------------------
Evaluating ε = -15.0
----------------------------------------
Mean cost: 73474.06213003967 ± 378.00569754684784
  Inventory costs: 47901.710954856535
  Variable costs:  5130.723788404933
  Fixed costs:     20441.627386778302
  Simulation time: 476.6s

----------------------------------------
Evaluating ε = -20.0
----------------------------------------
Mean cost: 73844.88498670078 ± 397.9455535245461
  Inventory costs: 51681.55106556491
  Variable costs:  5092.27938068156
  Fixed costs:     17071.05454045444
  Simulation time: 461.3s

----------------------------------------
Evaluating ε = -25.0
----------------------------------------
Mean cost: 76447.8184982489 ± 204.71293621524666
  Inventory costs: 56045.64410226402
  Variable costs:  5101.737674815209
  Fixed costs:     15300.436721169686
  Simulation time: 468.4s

----------------------------------------
Evaluating ε = -30.0
----------------------------------------
Mean cost: 79297.28567983997 ± 352.1203503434536
  Inventory costs: 60542.33927986722
  Variable costs:  5103.771027585759
  Fixed costs:     13651.175372387
  Simulation time: 466.3s

----------------------------------------
Evaluating ε = -40.0
----------------------------------------
Mean cost: 85743.68744041695 ± 393.53734701280905
  Inventory costs: 69061.4674308286
  Variable costs:  5156.199916924756
  Fixed costs:     11526.020092663526
  Simulation time: 462.3s

----------------------------------------
Evaluating ε = -50.0
----------------------------------------
Mean cost: 92932.55045119312 ± 580.6433694052815
  Inventory costs: 78203.1493911951
  Variable costs:  5052.3154615518815
  Fixed costs:     9677.085598446083
  Simulation time: 477.6s

----------------------------------------
Evaluating ε = -75.0
----------------------------------------
Mean cost: 112579.27314960743 ± 487.28076699188694
  Inventory costs: 99818.6522090141
  Variable costs:  5163.54611499979
  Fixed costs:     7597.07482559352
  Simulation time: 481.9s

----------------------------------------
Evaluating ε = -100.0
----------------------------------------
Mean cost: 133058.90751340723 ± 821.6098458372215
  Inventory costs: 121863.59952434115
  Variable costs:  5067.300830889483
  Fixed costs:     6128.007158176729
  Simulation time: 478.3s

==================================================
Best epsilon: -12.5 with cost: 73121.93690569924 ± 519.7451453835982
==================================================

============================================================
Evaluating method: find_stationary
============================================================

----------------------------------------
Evaluating ε = -1.25
----------------------------------------
Mean cost: 82700.36277872355 ± 497.00315719389357
  Inventory costs: 35345.49547206223
  Variable costs:  5081.3748485361375
  Fixed costs:     42273.49245812528
  Simulation time: 482.9s

----------------------------------------
Evaluating ε = -2.5
----------------------------------------
Mean cost: 80703.42113849544 ± 653.444987190752
  Inventory costs: 36163.89934813742
  Variable costs:  5123.016326493527
  Fixed costs:     39416.50546386454
  Simulation time: 463.3s

----------------------------------------
Evaluating ε = -5.0
----------------------------------------
Mean cost: 77265.1744007908 ± 395.63285910508796
  Inventory costs: 37770.90531457892
  Variable costs:  5104.981530018656
  Fixed costs:     34389.28755619331
  Simulation time: 450.6s

----------------------------------------
Evaluating ε = -7.5
----------------------------------------
Mean cost: 74668.02673549496 ± 507.5487244762788
  Inventory costs: 39428.84900583567
  Variable costs:  5049.014128952085
  Fixed costs:     30190.163600707303
  Simulation time: 469.7s

----------------------------------------
Evaluating ε = -10.0
----------------------------------------
Mean cost: 73506.08132247496 ± 508.34001250071475
  Inventory costs: 41300.71155804884
  Variable costs:  5068.852256765151
  Fixed costs:     27136.51750766093
  Simulation time: 510.0s

----------------------------------------
Evaluating ε = -12.5
----------------------------------------
Mean cost: 74150.1934178725 ± 393.6388669013291
  Inventory costs: 43583.83555085906
  Variable costs:  5116.36251378888
  Fixed costs:     25449.99535322438
  Simulation time: 512.8s

----------------------------------------
Evaluating ε = -15.0
----------------------------------------
Mean cost: 72482.62153370271 ± 277.7361513834743
  Inventory costs: 44868.23442630532
  Variable costs:  5004.080665354588
  Fixed costs:     22610.306442042645
  Simulation time: 483.0s

----------------------------------------
Evaluating ε = -20.0
----------------------------------------
Mean cost: 74486.0413620236 ± 208.51386349799793
  Inventory costs: 49245.77692081219
  Variable costs:  5082.948969938407
  Fixed costs:     20157.315471273054
  Simulation time: 450.6s

----------------------------------------
Evaluating ε = -25.0
----------------------------------------
Mean cost: 75782.93068967719 ± 368.7460652311077
  Inventory costs: 53564.43933509554
  Variable costs:  4998.036077792904
  Fixed costs:     17220.45527678873
  Simulation time: 481.6s

----------------------------------------
Evaluating ε = -30.0
----------------------------------------
Mean cost: 79314.26843844951 ± 413.02345920221677
  Inventory costs: 58283.99449642476
  Variable costs:  5079.949226881889
  Fixed costs:     15950.324715142804
  Simulation time: 534.2s

----------------------------------------
Evaluating ε = -40.0
----------------------------------------
Mean cost: 85422.46284660783 ± 409.46676654470645
  Inventory costs: 67241.32596381221
  Variable costs:  5027.276687049167
  Fixed costs:     13153.860195746383
  Simulation time: 532.9s

----------------------------------------
Evaluating ε = -50.0
----------------------------------------
Mean cost: 93514.96710906492 ± 512.8217259428861
  Inventory costs: 77065.2654088091
  Variable costs:  5040.369075312037
  Fixed costs:     11409.332624943785
  Simulation time: 528.9s

----------------------------------------
Evaluating ε = -75.0
----------------------------------------
Mean cost: 114022.5552836841 ± 824.147906483925
  Inventory costs: 100108.52975636278
  Variable costs:  5108.252081443434
  Fixed costs:     8805.773445877885
  Simulation time: 557.1s

----------------------------------------
Evaluating ε = -100.0
----------------------------------------
Mean cost: 134948.23569858255 ± 649.5204585806649
  Inventory costs: 122816.2397107322
  Variable costs:  5034.572289484666
  Fixed costs:     7097.4236983658675
  Simulation time: 610.4s

==================================================
Best epsilon: -15.0 with cost: 72482.62153370271 ± 277.7361513834743
==================================================
Improving solve_inf: 73123.3288501094 -> 73121.93690569924
Results saved to: output/nn_training/results_50D_CaseHM_solve_inf.json
Neural networks saved to: policies/policies50D/neural_networks_50D_CaseHM_solve_inf.bson
Skipping save for find_stationary: existing cost 71321.88123722243 <= new cost 72482.62153370271

============================================================
FINAL RESULTS SUMMARY
============================================================

Method: solve_inf
  Order-up-to vector: [23, 26, 30, 30, 23, 24, 18, 28, 28, 27, 25, 25, 30, 24, 26, 18, 18, 18, 18, 17, 18, 18, 18, 18, 18, 18, 18, 18, 18, 18, 10, 10, 10, 4, 10, 10, 10, 10, 10, 10, 10, 10, 10, 10, 10, 10, 10, 10, 10, 10]
  Best epsilon: -12.5
  Best cost: 73121.93690569924 ± 519.7451453835982

Method: find_stationary
  Order-up-to vector: [28, 19, 21, 15, 27, 19, 29, 19, 19, 21, 19, 24, 18, 22, 11, 13, 11, 14, 18, 12, 13, 15, 7, 15, 7, 13, 14, 18, 16, 18, 9, 10, 7, 6, 10, 10, 4, 6, 5, 10, 4, 9, 5, 10, 10, 10, 4, 7, 10, 4]
  Best epsilon: -15.0
  Best cost: 72482.62153370271 ± 277.7361513834743

============================================================
Complete! Per-method results saved to:
  output/nn_training/results_50D_CaseHM_solve_inf.json
  output/nn_training/results_50D_CaseHM_find_stationary.json
============================================================

  Activating project at `~/DeepSJRP`
[ Info:  started timer at: 2026-04-29T09:57:51.838
┌ Warning: Layer with Float32 parameters got Float64 input.
│   The input will be converted, but any earlier layers may be very slow.
│   layer = Dense(50 => 1000, elu)  # 51_000 parameters
│   summary(x) = "50-element Vector{Float64}"
└ @ Flux ~/.julia/packages/Flux/DZYiO/src/layers/stateless.jl:60
RUNNING THE L-BFGS-B CODE

           * * *

Machine precision = 2.220D-16
 N =           50     M =           10

At X0         0 variables are exactly at the bounds

At iterate    0    f=  4.73666D+02    |proj g|=  1.63581D-02

At iterate    1    f=  4.73663D+02    |proj g|=  1.63394D-02

At iterate    2    f=  4.72393D+02    |proj g|=  7.49347D-03

           * * *

Tit   = total number of iterations
Tnf   = total number of function evaluations
Tnint = total number of segments explored during Cauchy searches
Skip  = number of BFGS updates skipped
Nact  = number of active bounds at final generalized Cauchy point
Projg = norm of the final projected gradient
F     = final function value

           * * *

   N    Tit     Tnf  Tnint  Skip  Nact     Projg        F
   50      2      3     39     0    37   7.493D-03   4.724D+02
  F =   472.39298899024595     

CONVERGENCE: NORM_OF_PROJECTED_GRADIENT_<=_PGTOL            

 Cauchy                time 0.000E+00 seconds.
 Subspace minimization time 0.000E+00 seconds.
 Line search           time 2.930E-03 seconds.

 Total User time 2.165E+00 seconds.

RUNNING THE L-BFGS-B CODE

           * * *

Machine precision = 2.220D-16
 N =           50     M =           10

At X0         0 variables are exactly at the bounds

At iterate    0    f=  8.64303D-03    |proj g|=  9.20091D-04

At iterate    1    f=  8.63453D-03    |proj g|=  9.17703D-04

At iterate    2    f=  6.37815D-03    |proj g|=  3.28925D-04

At iterate    3    f=  5.52857D-03    |proj g|=  1.92777D-04

At iterate    4    f=  4.37977D-03    |proj g|=  1.49052D-04

At iterate    5    f=  3.42274D-03    |proj g|=  6.31906D-05

At iterate    6    f=  2.89738D-03    |proj g|=  4.19241D-05

At iterate    7    f=  2.39492D-03    |proj g|=  2.06906D-05

At iterate    8    f=  2.18786D-03    |proj g|=  1.84177D-05

At iterate    9    f=  2.09664D-03    |proj g|=  1.41985D-05

At iterate   10    f=  2.02516D-03    |proj g|=  1.46500D-05

At iterate   11    f=  1.96056D-03    |proj g|=  2.16693D-05

At iterate   12    f=  1.92824D-03    |proj g|=  1.06188D-05

At iterate   13    f=  1.91477D-03    |proj g|=  8.83772D-06

           * * *

Tit   = total number of iterations
Tnf   = total number of function evaluations
Tnint = total number of segments explored during Cauchy searches
Skip  = number of BFGS updates skipped
Nact  = number of active bounds at final generalized Cauchy point
Projg = norm of the final projected gradient
F     = final function value

           * * *

   N    Tit     Tnf  Tnint  Skip  Nact     Projg        F
   50     13     15     20     0     9   8.838D-06   1.915D-03
  F =   1.9147665607310421E-003

CONVERGENCE: NORM_OF_PROJECTED_GRADIENT_<=_PGTOL            

 Cauchy                time 0.000E+00 seconds.
 Subspace minimization time 0.000E+00 seconds.
 Line search           time 1.465E-02 seconds.

 Total User time 2.744E-01 seconds.

