
============================================================
DeepSJRP - Stochastic Joint Replenishment Problem Solver
============================================================
Instance: 50D_CaseHH
Options: Dict{Symbol, Any}(:beta_override => 1.0e6, :alpha_override => nothing, :device => :gpu, :nu_override => 0.4, :T_override => 0.05, :seed => 777)
============================================================

Device: CUDA GPU
CUDA toolchain: 
- runtime 12.8, local installation
- driver 580.126.16 for 13.2
- compiler 12.9

CUDA libraries: 
- CUBLAS: 12.8.4
- CURAND: 10.3.9
- CUFFT: 11.3.3
- CUSOLVER: 11.7.3
- CUSPARSE: 12.5.8
- CUPTI: 2025.1.1 (API 12.8.0)
- NVML: 13.0.0+580.126.16

Julia packages: 
- CUDA: 5.11.0
- GPUArrays: 11.4.1
- GPUCompiler: 1.9.1
- KernelAbstractions: 0.9.41
- CUDA_Driver_jll: 13.2.0+0
- CUDA_Compiler_jll: 0.4.2+0
- CUDA_Runtime_jll: 0.21.0+0
- CUDA_Runtime_Discovery: 1.0.0

Toolchain:
- Julia: 1.11.7
- LLVM: 16.0.6

Preferences:
- CUDA_Runtime_jll.version: local

1 device:
  0: NVIDIA H100 80GB HBM3 (sm_90, 79.175 GiB / 79.647 GiB available)
BLAS threads: 1
Julia threads: 10

Benchmark source: QS

============================================================
IMPULSE CONTROL PROBLEM (scaled, annual)
============================================================
Instance: 50D_CaseHH
Dimension: 50
Interest rate: 0.05
Cost scaling κ: 0.01

Drift μ (annual demand rates): [50.0, 50.0, 50.0, 50.0, 50.0, 50.0, 50.0, 50.0, 50.0, 50.0, 50.0, 50.0, 50.0, 50.0, 50.0, 25.0, 25.0, 25.0, 25.0, 25.0, 25.0, 25.0, 25.0, 25.0, 25.0, 25.0, 25.0, 25.0, 25.0, 25.0, 12.5, 12.5, 12.5, 12.5, 12.5, 12.5, 12.5, 12.5, 12.5, 12.5, 12.5, 12.5, 12.5, 12.5, 12.5, 12.5, 12.5, 12.5, 12.5, 12.5]
Covariance Σ diagonal: [2500.0, 2500.0, 2500.0, 2500.0, 2500.0, 2500.0, 2500.0, 2500.0, 2500.0, 2500.0, 2500.0, 2500.0, 2500.0, 2500.0, 2500.0, 625.0, 625.0, 625.0, 625.0, 625.0, 625.0, 625.0, 625.0, 625.0, 625.0, 625.0, 625.0, 625.0, 625.0, 625.0, 156.25, 156.25, 156.25, 156.25, 156.25, 156.25, 156.25, 156.25, 156.25, 156.25, 156.25, 156.25, 156.25, 156.25, 156.25, 156.25, 156.25, 156.25, 156.25, 156.25]

Scaled costs (× κ = 0.01):
  Fixed cost K:    2.5
  Variable costs c: [0.001, 0.001, 0.001, 0.001, 0.001, 0.001, 0.001, 0.001, 0.001, 0.001, 0.001, 0.001, 0.001, 0.001, 0.001, 0.002, 0.002, 0.002, 0.002, 0.002, 0.002, 0.002, 0.002, 0.002, 0.002, 0.002, 0.002, 0.002, 0.002, 0.002, 0.004, 0.004, 0.004, 0.004, 0.004, 0.004, 0.004, 0.004, 0.004, 0.004, 0.004, 0.004, 0.004, 0.004, 0.004, 0.004, 0.004, 0.004, 0.004, 0.004]
  Holding costs h:  [0.01, 0.01, 0.01, 0.01, 0.01, 0.01, 0.01, 0.01, 0.01, 0.01, 0.01, 0.01, 0.01, 0.01, 0.01, 0.02, 0.02, 0.02, 0.02, 0.02, 0.02, 0.02, 0.02, 0.02, 0.02, 0.02, 0.02, 0.02, 0.02, 0.02, 0.04, 0.04, 0.04, 0.04, 0.04, 0.04, 0.04, 0.04, 0.04, 0.04, 0.04, 0.04, 0.04, 0.04, 0.04, 0.04, 0.04, 0.04, 0.04, 0.04]
  Penalty costs p:  [0.25, 0.25, 0.25, 0.25, 0.25, 0.25, 0.25, 0.25, 0.25, 0.25, 0.25, 0.25, 0.25, 0.25, 0.25, 0.5, 0.5, 0.5, 0.5, 0.5, 0.5, 0.5, 0.5, 0.5, 0.5, 0.5, 0.5, 0.5, 0.5, 0.5, 1.0, 1.0, 1.0, 1.0, 1.0, 1.0, 1.0, 1.0, 1.0, 1.0, 1.0, 1.0, 1.0, 1.0, 1.0, 1.0, 1.0, 1.0, 1.0, 1.0]

Original costs (unscaled):
  Fixed cost K:    250.0
  Variable costs c: [0.1, 0.1, 0.1, 0.1, 0.1, 0.1, 0.1, 0.1, 0.1, 0.1, 0.1, 0.1, 0.1, 0.1, 0.1, 0.2, 0.2, 0.2, 0.2, 0.2, 0.2, 0.2, 0.2, 0.2, 0.2, 0.2, 0.2, 0.2, 0.2, 0.2, 0.4, 0.4, 0.4, 0.4, 0.4, 0.4, 0.4, 0.4, 0.4, 0.4, 0.4, 0.4, 0.4, 0.4, 0.4, 0.4, 0.4, 0.4, 0.4, 0.4]
  Holding costs h:  [1.0, 1.0, 1.0, 1.0, 1.0, 1.0, 1.0, 1.0, 1.0, 1.0, 1.0, 1.0, 1.0, 1.0, 1.0, 2.0, 2.0, 2.0, 2.0, 2.0, 2.0, 2.0, 2.0, 2.0, 2.0, 2.0, 2.0, 2.0, 2.0, 2.0, 4.0, 4.0, 4.0, 4.0, 4.0, 4.0, 4.0, 4.0, 4.0, 4.0, 4.0, 4.0, 4.0, 4.0, 4.0, 4.0, 4.0, 4.0, 4.0, 4.0]
  Penalty costs p:  [25.0, 25.0, 25.0, 25.0, 25.0, 25.0, 25.0, 25.0, 25.0, 25.0, 25.0, 25.0, 25.0, 25.0, 25.0, 50.0, 50.0, 50.0, 50.0, 50.0, 50.0, 50.0, 50.0, 50.0, 50.0, 50.0, 50.0, 50.0, 50.0, 50.0, 100.0, 100.0, 100.0, 100.0, 100.0, 100.0, 100.0, 100.0, 100.0, 100.0, 100.0, 100.0, 100.0, 100.0, 100.0, 100.0, 100.0, 100.0, 100.0, 100.0]
============================================================

============================================================
TRAINING HYPERPARAMETERS
============================================================
Benchmark source: QS
Precision:        Float32
Batch size:       5000
Num intervals:    100
T horizon:        0.05
Num iterations:   40000
Learning rates:   [0.001, 0.0002, 0.0001, 1.0e-5, 1.0e-6]
LR steps:         [1, 5000, 10000, 20000, 30000]
Beta penalty:     [1.0, 10.0, 100.0, 1000.0, 10000.0, 1.0e6]
Penalty steps:    [1, 2500, 5000, 7500, 10000, 20000]
Lambda rate:      5.88094210578942
S guess:          [[27.0, 28.0, 28.0, 28.0, 28.0, 28.0, 28.0, 28.0, 27.0, 28.0, 28.0, 28.0, 28.0, 28.0, 28.0, 16.0, 17.0, 16.0, 17.0, 16.0, 16.0, 16.0, 16.0, 16.0, 16.0, 16.0, 16.0, 16.0, 16.0, 17.0, 9.0, 9.0, 9.0, 9.0, 9.0, 9.0, 9.0, 9.0, 9.0, 9.0, 9.0, 9.0, 9.0, 9.0, 9.0, 9.0, 9.0, 9.0, 9.0, 9.0]]
Nu radius:        0.4
S distribution:   lognormal
Alpha factor:     0.0
Alpha js:         [0.0, 0.0, 0.0, 0.0, 0.0, 0.0, 0.0, 0.0, 0.0, 0.0, 0.0, 0.0, 0.0, 0.0, 0.0, 0.0, 0.0, 0.0, 0.0, 0.0, 0.0, 0.0, 0.0, 0.0, 0.0, 0.0, 0.0, 0.0, 0.0, 0.0, 0.0, 0.0, 0.0, 0.0, 0.0, 0.0, 0.0, 0.0, 0.0, 0.0, 0.0, 0.0, 0.0, 0.0, 0.0, 0.0, 0.0, 0.0, 0.0, 0.0]
Cost scaling:     0.01

Neural network architecture:
  Hidden layers:  4
  Width:          1000
  Activation:     elu

Optimization parameters:
  Start factor:   1.0
  Lower factor:   0.5
  Upper factor:   1.5
  Sim runs:       10
  Sim horizon:    5000
  Epsilons:       [-1.25, -2.5, -5.0, -7.5, -10.0, -12.5, -15.0, -20.0, -25.0, -30.0, -40.0, -50.0, -75.0, -100.0]
============================================================

Gradient network G (∇V):
Chain(
  Dense(50 => 1000, elu),               # 51_000 parameters
  Dense(1000 => 1000, elu),             # 1_001_000 parameters
  Dense(1000 => 1000, elu),             # 1_001_000 parameters
  Dense(1000 => 1000, elu),             # 1_001_000 parameters
  Dense(1000 => 50),                    # 50_050 parameters
)                   # Total: 10 arrays, 3_104_050 parameters, 1.562 KiB.

Value network H (V):
Chain(
  Dense(50 => 1000, elu),               # 51_000 parameters
  Dense(1000 => 1000, elu),             # 1_001_000 parameters
  Dense(1000 => 1000, elu),             # 1_001_000 parameters
  Dense(1000 => 1000, elu),             # 1_001_000 parameters
  Dense(1000 => 1),                     # 1_001 parameters
)                   # Total: 10 arrays, 3_055_001 parameters, 1.562 KiB.


============================================================
Starting neural network training...
============================================================

Starting training with steady-state sampler:
-----------------------------------------
Epoch: 1; Penalty β updated to: 1.0
-----------------------------------------
─── Device check ───
  x_tn: CuArray{Float32} (50, 100, 5000)
  dB: CuArray{Float32} (50, 100, 5000)
  dU: CuArray{Float32} (50, 100, 5000)
  exponentials: CuArray{Float32} (1, 100)
  loss_dB: CuArray{Float32} (1, 5000)
  loss_df: CuArray{Float32} (1, 5000)
  loss_dU: CuArray{Float32} (1, 5000)
  H_x0: CuArray{Float32} (1, 5000)
  H_xT: CuArray{Float32} (1, 5000)
  penalties: CuArray{Float32} (1, 5000)
────────────────────
Epoch: 1; Computation time: 76.999241268; Current value of V(0): 0.0
Lagrangian objective: 204829.62; Average H(x0): 0.0; Quantile-hedge α(β): 50.12
Simulation time per epoch: 13.568496174; Gradient computation time: 48.830353585; Testing time: 13.516744994
Epoch: 1000; Computation time: 417.155022038; Current value of V(0): 1.37273271484375e6
Lagrangian objective: -40806.79; Average H(x0): 80289.41; Quantile-hedge α(β): 0.0
Simulation time per epoch: 0.074008301; Gradient computation time: 0.182337285; Testing time: 0.083502761
Epoch: 2000; Computation time: 757.510398489; Current value of V(0): 2.4553015625e6
Lagrangian objective: -41090.816; Average H(x0): 80221.195; Quantile-hedge α(β): 0.0
Simulation time per epoch: 0.073993052; Gradient computation time: 0.19139441; Testing time: 0.083421907
-----------------------------------------
Epoch: 2500; Penalty β updated to: 10.0
-----------------------------------------
Epoch: 3000; Computation time: 1097.69507155; Current value of V(0): 199522.03369140625
Lagrangian objective: -4831.176; Average H(x0): 11021.637; Quantile-hedge α(β): 0.060000000000004494
Simulation time per epoch: 0.073929622; Gradient computation time: 0.182814607; Testing time: 0.083488565
Epoch: 4000; Computation time: 1437.887777015; Current value of V(0): 140273.779296875
Lagrangian objective: -4761.564; Average H(x0): 9118.064; Quantile-hedge α(β): 0.039999999999995595
Simulation time per epoch: 0.073933525; Gradient computation time: 0.182121241; Testing time: 0.083503569
-----------------------------------------
Epoch: 5000; Penalty β updated to: 100.0
-----------------------------------------
Epoch: 5000; Computation time: 1777.410680934; Current value of V(0): 142028.8330078125
Lagrangian objective: 36762.793; Average H(x0): 9062.426; Quantile-hedge α(β): 0.18000000000000238
Simulation time per epoch: 0.073583004; Gradient computation time: 0.182100593; Testing time: 0.08329419
Epoch: 6000; Computation time: 2116.66752393; Current value of V(0): -45961.08703613281
Lagrangian objective: -1367.0789; Average H(x0): 1886.9543; Quantile-hedge α(β): 8.360000000000001
Simulation time per epoch: 0.073369343; Gradient computation time: 0.182640409; Testing time: 0.083526486
Epoch: 7000; Computation time: 2455.92666086; Current value of V(0): -47084.307861328125
Lagrangian objective: -1361.4442; Average H(x0): 1870.2068; Quantile-hedge α(β): 9.760000000000002
Simulation time per epoch: 0.074031232; Gradient computation time: 0.181586675; Testing time: 0.083298052
-----------------------------------------
Epoch: 7500; Penalty β updated to: 1000.0
-----------------------------------------
Epoch: 8000; Computation time: 2795.803869507; Current value of V(0): -64016.363525390625
Lagrangian objective: -342.22855; Average H(x0): 404.9136; Quantile-hedge α(β): 89.38000000000001
Simulation time per epoch: 0.073819117; Gradient computation time: 0.182378313; Testing time: 0.083461677
Epoch: 9000; Computation time: 3135.839739365; Current value of V(0): -50684.63134765625
Lagrangian objective: -849.8295; Average H(x0): 961.2901; Quantile-hedge α(β): 51.0
Simulation time per epoch: 0.073849361; Gradient computation time: 0.193743824; Testing time: 0.083478205
-----------------------------------------
Epoch: 10000; Penalty β updated to: 10000.0
-----------------------------------------
Epoch: 10000; Computation time: 3475.858089941; Current value of V(0): -50931.494140625
Lagrangian objective: 187.6087; Average H(x0): 969.9882; Quantile-hedge α(β): 48.260000000000005
Simulation time per epoch: 0.073731905; Gradient computation time: 0.182433107; Testing time: 0.083483797
Epoch: 11000; Computation time: 3815.960449887; Current value of V(0): -78776.5625
Lagrangian objective: 961.1572; Average H(x0): -100.50665; Quantile-hedge α(β): 92.36
Simulation time per epoch: 0.073938152; Gradient computation time: 0.183087457; Testing time: 0.084440997
Epoch: 12000; Computation time: 4156.170908753; Current value of V(0): -58527.996826171875
Lagrangian objective: -679.0161; Average H(x0): 736.8418; Quantile-hedge α(β): 87.3
Simulation time per epoch: 0.073917102; Gradient computation time: 0.18216441; Testing time: 0.083398808
Epoch: 13000; Computation time: 4495.847864825; Current value of V(0): -58936.77978515625
Lagrangian objective: -696.73914; Average H(x0): 730.60406; Quantile-hedge α(β): 89.06
Simulation time per epoch: 0.07394575; Gradient computation time: 0.181890646; Testing time: 0.083324786
Epoch: 14000; Computation time: 4835.234713396; Current value of V(0): -76856.75048828125
Lagrangian objective: 247.94353; Average H(x0): -245.10695; Quantile-hedge α(β): 99.72
Simulation time per epoch: 0.073881583; Gradient computation time: 0.181909098; Testing time: 0.083375211
Epoch: 15000; Computation time: 5175.415566494; Current value of V(0): -52054.815673828125
Lagrangian objective: -693.7392; Average H(x0): 748.6899; Quantile-hedge α(β): 86.4
Simulation time per epoch: 0.073825124; Gradient computation time: 0.18223623; Testing time: 0.083486783
Epoch: 16000; Computation time: 5515.405828554; Current value of V(0): -53364.31884765625
Lagrangian objective: -668.1805; Average H(x0): 698.1175; Quantile-hedge α(β): 91.9
Simulation time per epoch: 0.073847573; Gradient computation time: 0.182200645; Testing time: 0.083520369
Epoch: 17000; Computation time: 5855.387652967; Current value of V(0): -52818.29833984375
Lagrangian objective: -688.45416; Average H(x0): 738.1238; Quantile-hedge α(β): 88.53999999999999
Simulation time per epoch: 0.074013438; Gradient computation time: 0.182099929; Testing time: 0.083473374
Epoch: 18000; Computation time: 6195.472255982; Current value of V(0): -76087.04223632812
Lagrangian objective: 610.2504; Average H(x0): -600.52924; Quantile-hedge α(β): 99.8
Simulation time per epoch: 0.073926631; Gradient computation time: 0.182172655; Testing time: 0.083532928
Epoch: 19000; Computation time: 6535.398612621; Current value of V(0): -61962.359619140625
Lagrangian objective: -412.1969; Average H(x0): 416.65277; Quantile-hedge α(β): 99.03999999999999
Simulation time per epoch: 0.074061229; Gradient computation time: 0.181988204; Testing time: 0.083358169
-----------------------------------------
Epoch: 20000; Penalty β updated to: 1.0e6
-----------------------------------------
Epoch: 20000; Computation time: 6875.2522526; Current value of V(0): -56557.562255859375
Lagrangian objective: 5213.4976; Average H(x0): 756.3278; Quantile-hedge α(β): 86.0
Simulation time per epoch: 0.073861746; Gradient computation time: 0.181821935; Testing time: 0.083332568
Epoch: 21000; Computation time: 7214.985147907; Current value of V(0): -60431.89697265625
Lagrangian objective: -466.54596; Average H(x0): 466.61765; Quantile-hedge α(β): 99.98
Simulation time per epoch: 0.074055159; Gradient computation time: 0.181923898; Testing time: 0.083421736
Epoch: 22000; Computation time: 7554.828962185; Current value of V(0): -61588.41552734375
Lagrangian objective: -411.53833; Average H(x0): 414.45496; Quantile-hedge α(β): 99.92
Simulation time per epoch: 0.074138369; Gradient computation time: 0.181923529; Testing time: 0.083441669
Epoch: 23000; Computation time: 7894.587222526; Current value of V(0): -61791.485595703125
Lagrangian objective: -361.82806; Average H(x0): 399.9192; Quantile-hedge α(β): 99.88
Simulation time per epoch: 0.07395779; Gradient computation time: 0.182040695; Testing time: 0.083440804
Epoch: 24000; Computation time: 8234.164433077; Current value of V(0): -62028.06396484375
Lagrangian objective: -403.9703; Average H(x0): 412.01483; Quantile-hedge α(β): 99.96000000000001
Simulation time per epoch: 0.073658907; Gradient computation time: 0.181800082; Testing time: 0.083314011
Epoch: 25000; Computation time: 8572.888236033; Current value of V(0): -64138.409423828125
Lagrangian objective: -226.94092; Average H(x0): 252.5691; Quantile-hedge α(β): 99.96000000000001
Simulation time per epoch: 0.074077561; Gradient computation time: 0.181581046; Testing time: 0.083182257
Epoch: 26000; Computation time: 8910.968806248; Current value of V(0): -66917.7490234375
Lagrangian objective: 16.236773; Average H(x0): 41.570377; Quantile-hedge α(β): 99.92
Simulation time per epoch: 0.074175422; Gradient computation time: 0.180498983; Testing time: 0.082908344
Epoch: 27000; Computation time: 9248.84311251; Current value of V(0): -66489.501953125
Lagrangian objective: -62.81428; Average H(x0): 62.81428; Quantile-hedge α(β): 100.0
Simulation time per epoch: 0.074051454; Gradient computation time: 0.181002881; Testing time: 0.082903201
Epoch: 28000; Computation time: 9586.562796645; Current value of V(0): -67757.06787109375
Lagrangian objective: 51.62615; Average H(x0): -51.62615; Quantile-hedge α(β): 100.0
Simulation time per epoch: 0.074232309; Gradient computation time: 0.180748378; Testing time: 0.082983991
Epoch: 29000; Computation time: 9924.307481851; Current value of V(0): -68677.96630859375
Lagrangian objective: 93.368164; Average H(x0): -93.368164; Quantile-hedge α(β): 100.0
Simulation time per epoch: 0.074133003; Gradient computation time: 0.180791944; Testing time: 0.082938424
Epoch: 30000; Computation time: 10262.048764746; Current value of V(0): -70878.69873046875
Lagrangian objective: 287.33795; Average H(x0): -286.11584; Quantile-hedge α(β): 99.96000000000001
Simulation time per epoch: 0.074245892; Gradient computation time: 0.180552746; Testing time: 0.082920176
Epoch: 31000; Computation time: 10599.769868815; Current value of V(0): -71056.84814453125
Lagrangian objective: 314.6904; Average H(x0): -312.6171; Quantile-hedge α(β): 99.96000000000001
Simulation time per epoch: 0.074185503; Gradient computation time: 0.180600431; Testing time: 0.082931444
Epoch: 32000; Computation time: 10937.492138353; Current value of V(0): -71078.67431640625
Lagrangian objective: 375.38803; Average H(x0): -315.63113; Quantile-hedge α(β): 99.92
Simulation time per epoch: 0.07419716; Gradient computation time: 0.180575019; Testing time: 0.082929219
Epoch: 33000; Computation time: 11275.207014885; Current value of V(0): -70995.26977539062
Lagrangian objective: 330.9792; Average H(x0): -310.58517; Quantile-hedge α(β): 99.96000000000001
Simulation time per epoch: 0.074181898; Gradient computation time: 0.180708038; Testing time: 0.082881317
Epoch: 34000; Computation time: 11612.931263422; Current value of V(0): -70933.642578125
Lagrangian objective: 297.44556; Average H(x0): -297.44556; Quantile-hedge α(β): 100.0
Simulation time per epoch: 0.074213294; Gradient computation time: 0.180505489; Testing time: 0.082902566
Epoch: 35000; Computation time: 11950.658294514; Current value of V(0): -70874.55444335938
Lagrangian objective: 301.19864; Average H(x0): -283.77643; Quantile-hedge α(β): 99.98
Simulation time per epoch: 0.074204366; Gradient computation time: 0.18058406; Testing time: 0.082917874
Epoch: 36000; Computation time: 12288.403027356; Current value of V(0): -70801.66625976562
Lagrangian objective: 260.15265; Average H(x0): -260.15265; Quantile-hedge α(β): 100.0
Simulation time per epoch: 0.074193352; Gradient computation time: 0.180666751; Testing time: 0.082961115
Epoch: 37000; Computation time: 12626.135000139; Current value of V(0): -71053.7109375
Lagrangian objective: 278.30896; Average H(x0): -244.68857; Quantile-hedge α(β): 99.96000000000001
Simulation time per epoch: 0.074243483; Gradient computation time: 0.18047014; Testing time: 0.082904305
Epoch: 38000; Computation time: 12963.929178617; Current value of V(0): -70925.47607421875
Lagrangian objective: 235.5668; Average H(x0): -225.14702; Quantile-hedge α(β): 99.98
Simulation time per epoch: 0.074139105; Gradient computation time: 0.180898716; Testing time: 0.082982981
Epoch: 39000; Computation time: 13302.350270674; Current value of V(0): -70839.12963867188
Lagrangian objective: 217.28267; Average H(x0): -217.27742; Quantile-hedge α(β): 99.98
Simulation time per epoch: 0.073526967; Gradient computation time: 0.181313777; Testing time: 0.083288202
Epoch: 40000; Computation time: 13641.140782403; Current value of V(0): -70654.77294921875
Lagrangian objective: 192.40652; Average H(x0): -192.40652; Quantile-hedge α(β): 100.0
Simulation time per epoch: 0.074069867; Gradient computation time: 0.181563166; Testing time: 0.083150044

Training completed in 13641.140894313 seconds
Final V(0): -70654.16870117188

============================================================
Running policy evaluation...
============================================================


============================================================
INVENTORY PROBLEM (unscaled, weekly)
============================================================
Dimension:       50
Discount factor: 0.9990389236684376
Fixed cost:      250.0
Variable costs:  [0.1, 0.1, 0.1, 0.1, 0.1, 0.1, 0.1, 0.1, 0.1, 0.1, 0.1, 0.1, 0.1, 0.1, 0.1, 0.2, 0.2, 0.2, 0.2, 0.2, 0.2, 0.2, 0.2, 0.2, 0.2, 0.2, 0.2, 0.2, 0.2, 0.2, 0.4, 0.4, 0.4, 0.4, 0.4, 0.4, 0.4, 0.4, 0.4, 0.4, 0.4, 0.4, 0.4, 0.4, 0.4, 0.4, 0.4, 0.4, 0.4, 0.4]
Holding costs:   [0.019230769230769232, 0.019230769230769232, 0.019230769230769232, 0.019230769230769232, 0.019230769230769232, 0.019230769230769232, 0.019230769230769232, 0.019230769230769232, 0.019230769230769232, 0.019230769230769232, 0.019230769230769232, 0.019230769230769232, 0.019230769230769232, 0.019230769230769232, 0.019230769230769232, 0.038461538461538464, 0.038461538461538464, 0.038461538461538464, 0.038461538461538464, 0.038461538461538464, 0.038461538461538464, 0.038461538461538464, 0.038461538461538464, 0.038461538461538464, 0.038461538461538464, 0.038461538461538464, 0.038461538461538464, 0.038461538461538464, 0.038461538461538464, 0.038461538461538464, 0.07692307692307693, 0.07692307692307693, 0.07692307692307693, 0.07692307692307693, 0.07692307692307693, 0.07692307692307693, 0.07692307692307693, 0.07692307692307693, 0.07692307692307693, 0.07692307692307693, 0.07692307692307693, 0.07692307692307693, 0.07692307692307693, 0.07692307692307693, 0.07692307692307693, 0.07692307692307693, 0.07692307692307693, 0.07692307692307693, 0.07692307692307693, 0.07692307692307693]
Backlog costs:   [0.4807692307692308, 0.4807692307692308, 0.4807692307692308, 0.4807692307692308, 0.4807692307692308, 0.4807692307692308, 0.4807692307692308, 0.4807692307692308, 0.4807692307692308, 0.4807692307692308, 0.4807692307692308, 0.4807692307692308, 0.4807692307692308, 0.4807692307692308, 0.4807692307692308, 0.9615384615384616, 0.9615384615384616, 0.9615384615384616, 0.9615384615384616, 0.9615384615384616, 0.9615384615384616, 0.9615384615384616, 0.9615384615384616, 0.9615384615384616, 0.9615384615384616, 0.9615384615384616, 0.9615384615384616, 0.9615384615384616, 0.9615384615384616, 0.9615384615384616, 1.9230769230769231, 1.9230769230769231, 1.9230769230769231, 1.9230769230769231, 1.9230769230769231, 1.9230769230769231, 1.9230769230769231, 1.9230769230769231, 1.9230769230769231, 1.9230769230769231, 1.9230769230769231, 1.9230769230769231, 1.9230769230769231, 1.9230769230769231, 1.9230769230769231, 1.9230769230769231, 1.9230769230769231, 1.9230769230769231, 1.9230769230769231, 1.9230769230769231]
Demand dists:    DataType[Distributions.NegativeBinomial{Float64}, Distributions.NegativeBinomial{Float64}, Distributions.NegativeBinomial{Float64}, Distributions.NegativeBinomial{Float64}, Distributions.NegativeBinomial{Float64}, Distributions.NegativeBinomial{Float64}, Distributions.NegativeBinomial{Float64}, Distributions.NegativeBinomial{Float64}, Distributions.NegativeBinomial{Float64}, Distributions.NegativeBinomial{Float64}, Distributions.NegativeBinomial{Float64}, Distributions.NegativeBinomial{Float64}, Distributions.NegativeBinomial{Float64}, Distributions.NegativeBinomial{Float64}, Distributions.NegativeBinomial{Float64}, Distributions.NegativeBinomial{Float64}, Distributions.NegativeBinomial{Float64}, Distributions.NegativeBinomial{Float64}, Distributions.NegativeBinomial{Float64}, Distributions.NegativeBinomial{Float64}, Distributions.NegativeBinomial{Float64}, Distributions.NegativeBinomial{Float64}, Distributions.NegativeBinomial{Float64}, Distributions.NegativeBinomial{Float64}, Distributions.NegativeBinomial{Float64}, Distributions.NegativeBinomial{Float64}, Distributions.NegativeBinomial{Float64}, Distributions.NegativeBinomial{Float64}, Distributions.NegativeBinomial{Float64}, Distributions.NegativeBinomial{Float64}, Distributions.NegativeBinomial{Float64}, Distributions.NegativeBinomial{Float64}, Distributions.NegativeBinomial{Float64}, Distributions.NegativeBinomial{Float64}, Distributions.NegativeBinomial{Float64}, Distributions.NegativeBinomial{Float64}, Distributions.NegativeBinomial{Float64}, Distributions.NegativeBinomial{Float64}, Distributions.NegativeBinomial{Float64}, Distributions.NegativeBinomial{Float64}, Distributions.NegativeBinomial{Float64}, Distributions.NegativeBinomial{Float64}, Distributions.NegativeBinomial{Float64}, Distributions.NegativeBinomial{Float64}, Distributions.NegativeBinomial{Float64}, Distributions.NegativeBinomial{Float64}, Distributions.NegativeBinomial{Float64}, Distributions.NegativeBinomial{Float64}, Distributions.NegativeBinomial{Float64}, Distributions.NegativeBinomial{Float64}]
Demand means:    [0.9615384615384615, 0.9615384615384615, 0.9615384615384615, 0.9615384615384615, 0.9615384615384615, 0.9615384615384615, 0.9615384615384615, 0.9615384615384615, 0.9615384615384615, 0.9615384615384615, 0.9615384615384615, 0.9615384615384615, 0.9615384615384615, 0.9615384615384615, 0.9615384615384615, 0.4807692307692307, 0.4807692307692307, 0.4807692307692307, 0.4807692307692307, 0.4807692307692307, 0.4807692307692307, 0.4807692307692307, 0.4807692307692307, 0.4807692307692307, 0.4807692307692307, 0.4807692307692307, 0.4807692307692307, 0.4807692307692307, 0.4807692307692307, 0.4807692307692307, 0.2403846153846154, 0.2403846153846154, 0.2403846153846154, 0.2403846153846154, 0.2403846153846154, 0.2403846153846154, 0.2403846153846154, 0.2403846153846154, 0.2403846153846154, 0.2403846153846154, 0.2403846153846154, 0.2403846153846154, 0.2403846153846154, 0.2403846153846154, 0.2403846153846154, 0.2403846153846154, 0.2403846153846154, 0.2403846153846154, 0.2403846153846154, 0.2403846153846154]
============================================================

==================================================
Computing order-up-to vector via :solve_inf
==================================================
RUNNING THE L-BFGS-B CODE

           * * *

Machine precision = 2.220D-16
 N =           50     M =           10

At X0         0 variables are exactly at the bounds

At iterate    0    f= -1.88141D+02    |proj g|=  3.32979D-01

At iterate    1    f= -1.88989D+02    |proj g|=  3.06624D-01

At iterate    2    f= -1.96524D+02    |proj g|=  4.27615D-01

At iterate    3    f= -2.03857D+02    |proj g|=  3.31297D-01
  ys=-3.453E-01  -gs= 7.079E+00 BFGS update SKIPPED

At iterate    4    f= -2.05691D+02    |proj g|=  3.06289D-01

At iterate    5    f= -2.08890D+02    |proj g|=  1.87737D-01

At iterate    6    f= -2.10607D+02    |proj g|=  3.78345D-01

At iterate    7    f= -2.11736D+02    |proj g|=  6.57526D-01

At iterate    8    f= -2.15054D+02    |proj g|=  2.70184D-01

At iterate    9    f= -2.15718D+02    |proj g|=  1.87925D-01

At iterate   10    f= -2.17193D+02    |proj g|=  1.79222D-01

At iterate   11    f= -2.17727D+02    |proj g|=  1.03336D-01

At iterate   12    f= -2.18003D+02    |proj g|=  7.73730D-02

At iterate   13    f= -2.18684D+02    |proj g|=  1.03098D-01

At iterate   14    f= -2.18998D+02    |proj g|=  1.23937D-01

At iterate   15    f= -2.19451D+02    |proj g|=  1.12446D-01

At iterate   16    f= -2.19977D+02    |proj g|=  7.09432D-02

At iterate   17    f= -2.20402D+02    |proj g|=  8.84538D-02

At iterate   18    f= -2.20824D+02    |proj g|=  4.21438D-02

At iterate   19    f= -2.20963D+02    |proj g|=  2.91358D-02

At iterate   20    f= -2.21081D+02    |proj g|=  3.11244D-02

At iterate   21    f= -2.21131D+02    |proj g|=  2.72576D-02

At iterate   22    f= -2.21176D+02    |proj g|=  2.68454D-02

At iterate   23    f= -2.21197D+02    |proj g|=  5.21858D-02

At iterate   24    f= -2.21220D+02    |proj g|=  3.25831D-02

At iterate   25    f= -2.21254D+02    |proj g|=  2.84081D-02

At iterate   26    f= -2.21292D+02    |proj g|=  2.97939D-02

At iterate   27    f= -2.21344D+02    |proj g|=  8.51446D-02

At iterate   28    f= -2.21361D+02    |proj g|=  8.14224D-02

At iterate   29    f= -2.21396D+02    |proj g|=  5.69729D-02

At iterate   30    f= -2.21472D+02    |proj g|=  5.30832D-02

At iterate   31    f= -2.21558D+02    |proj g|=  2.80136D-02

At iterate   32    f= -2.21582D+02    |proj g|=  1.55304D-02

At iterate   33    f= -2.21624D+02    |proj g|=  1.41042D-02

At iterate   34    f= -2.21641D+02    |proj g|=  5.14538D-02

At iterate   35    f= -2.21643D+02    |proj g|=  7.10990D-02

At iterate   36    f= -2.21644D+02    |proj g|=  7.11352D-02

 Bad direction in the line search;
   refresh the lbfgs memory and restart the iteration.

At iterate   37    f= -2.21653D+02    |proj g|=  3.07502D-02

At iterate   38    f= -2.21659D+02    |proj g|=  1.99312D-02

At iterate   39    f= -2.21669D+02    |proj g|=  1.72490D-02

At iterate   40    f= -2.21680D+02    |proj g|=  1.64090D-02

At iterate   41    f= -2.21691D+02    |proj g|=  1.86283D-02

At iterate   42    f= -2.21700D+02    |proj g|=  2.75580D-02

At iterate   43    f= -2.21719D+02    |proj g|=  2.10803D-02

At iterate   44    f= -2.21738D+02    |proj g|=  6.34574D-02

At iterate   45    f= -2.21763D+02    |proj g|=  4.09187D-02

At iterate   46    f= -2.21852D+02    |proj g|=  5.76871D-02

At iterate   47    f= -2.21920D+02    |proj g|=  3.08520D-02

At iterate   48    f= -2.21980D+02    |proj g|=  2.39826D-02

At iterate   49    f= -2.21994D+02    |proj g|=  1.90739D-02

At iterate   50    f= -2.22001D+02    |proj g|=  2.49634D-02

At iterate   51    f= -2.22005D+02    |proj g|=  1.40582D-02

At iterate   52    f= -2.22007D+02    |proj g|=  7.56042D-03

           * * *

Tit   = total number of iterations
Tnf   = total number of function evaluations
Tnint = total number of segments explored during Cauchy searches
Skip  = number of BFGS updates skipped
Nact  = number of active bounds at final generalized Cauchy point
Projg = norm of the final projected gradient
F     = final function value

           * * *

   N    Tit     Tnf  Tnint  Skip  Nact     Projg        F
   50     52     86     59     1    36   7.560D-03  -2.220D+02
  F =  -222.00669887543771     

Method: solve_inf
Final objective: -222.0066988754377
z*: [39.06899539620782, 14.0, 17.90517699810293, 17.544134441364033, 42.0, 25.343980453982923, 14.0, 14.0, 13.5, 42.0, 42.0, 14.0, 14.0, 18.94227193173653, 42.0, 15.976671249206861, 8.5, 8.0, 8.5, 22.764824609189088, 11.041987378938737, 8.0, 8.0, 22.39907007742079, 8.0, 24.0, 17.776747205888555, 8.0, 8.0, 8.5, 4.5, 4.5, 13.5, 4.5, 4.5, 4.5, 13.5, 4.5, 4.5, 11.290957467884876, 4.5, 4.5, 4.5, 4.5, 13.5, 10.913677626293376, 4.5, 4.5, 8.111059358135824, 12.400451896024927]
Intervention value: -487.0350491714373

==================================================
Computing order-up-to vector via :find_stationary
==================================================

Method: find_stationary
Final residual: 0.09594814020117379
z*: [27.545100162202758, 27.47271278917347, 25.87170680738594, 32.312796193663424, 25.460906095128326, 33.9184432810797, 32.6112529954054, 35.20332885436374, 29.46854017141476, 31.66680644324417, 18.16909280593954, 38.28879519143789, 20.215956495448676, 36.20869054114876, 26.806131786733502, 21.47861730733496, 17.83181992174233, 14.649533786742305, 17.59276735023614, 18.631144279221104, 17.408073249055544, 11.859853212870506, 18.4536456228197, 8.0, 21.585181354003318, 10.916411442181232, 14.597123642448702, 13.621612352797667, 15.339697698214295, 17.51012425190302, 4.5, 7.033501284508767, 9.461866844925026, 8.163410803333027, 13.5, 13.319432912559103, 10.508455259985157, 8.144081527374977, 13.326533732864208, 13.14843102951439, 8.35364652709936, 12.695236577262204, 13.5, 4.5, 7.400334815656384, 10.727564294441535, 5.975824618684268, 8.330101873723077, 11.609374169642537, 7.0352018812011385]
Intervention value: -516.1256247044024

==================================================
Summary:
  solve_inf:       z* = [39, 14, 18, 18, 42, 25, 14, 14, 14, 42, 42, 14, 14, 19, 42, 16, 8, 8, 8, 23, 11, 8, 8, 22, 8, 24, 18, 8, 8, 8, 4, 4, 14, 4, 4, 4, 14, 4, 4, 11, 4, 4, 4, 4, 14, 11, 4, 4, 8, 12]
  find_stationary: z* = [28, 27, 26, 32, 25, 34, 33, 35, 29, 32, 18, 38, 20, 36, 27, 21, 18, 15, 18, 19, 17, 12, 18, 8, 22, 11, 15, 14, 15, 18, 4, 7, 9, 8, 14, 13, 11, 8, 13, 13, 8, 13, 14, 4, 7, 11, 6, 8, 12, 7]
==================================================

============================================================
Evaluating method: solve_inf
============================================================

----------------------------------------
Evaluating ε = -1.25
----------------------------------------
Mean cost: 285920.9521839534 ± 408.09050639839626
  Inventory costs: 33711.22645418769
  Variable costs:  5084.914531300668
  Fixed costs:     247124.81119846465
  Simulation time: 472.5s

----------------------------------------
Evaluating ε = -2.5
----------------------------------------
Mean cost: 284811.0088398179 ± 315.00334596286194
  Inventory costs: 33662.02787607715
  Variable costs:  5086.664155844215
  Fixed costs:     246062.31680789636
  Simulation time: 462.3s

----------------------------------------
Evaluating ε = -5.0
----------------------------------------
Mean cost: 285636.6347664769 ± 422.8126244320308
  Inventory costs: 33557.11581893107
  Variable costs:  5022.517553111689
  Fixed costs:     247057.00139443454
  Simulation time: 458.4s

----------------------------------------
Evaluating ε = -7.5
----------------------------------------
Mean cost: 285648.6295389699 ± 436.25804676365857
  Inventory costs: 33614.37178204329
  Variable costs:  5095.067623234101
  Fixed costs:     246939.19013369194
  Simulation time: 472.4s

----------------------------------------
Evaluating ε = -10.0
----------------------------------------
Mean cost: 286408.7297315736 ± 402.6700596155265
  Inventory costs: 33712.0456610973
  Variable costs:  5089.595673431476
  Fixed costs:     247607.08839704347
  Simulation time: 470.3s

----------------------------------------
Evaluating ε = -12.5
----------------------------------------
Mean cost: 286304.65191087895 ± 390.07832292936064
  Inventory costs: 33659.70279837265
  Variable costs:  5100.541195343407
  Fixed costs:     247544.40791716304
  Simulation time: 472.1s

----------------------------------------
Evaluating ε = -15.0
----------------------------------------
Mean cost: 286814.0553276933 ± 336.5686816775782
  Inventory costs: 33668.953995418684
  Variable costs:  5105.414937957725
  Fixed costs:     248039.68639431638
  Simulation time: 477.4s

----------------------------------------
Evaluating ε = -20.0
----------------------------------------
Mean cost: 285237.3386272503 ± 401.40245901784493
  Inventory costs: 33538.63142757506
  Variable costs:  5070.406781777904
  Fixed costs:     246628.30041789715
  Simulation time: 472.3s

----------------------------------------
Evaluating ε = -25.0
----------------------------------------
Mean cost: 220004.1964598731 ± 861.1443239185554
  Inventory costs: 34369.72195278003
  Variable costs:  5080.451578673291
  Fixed costs:     180554.02292841976
  Simulation time: 476.7s

----------------------------------------
Evaluating ε = -30.0
----------------------------------------
Mean cost: 109823.67246911633 ± 596.7445775751538
  Inventory costs: 37679.91733454678
  Variable costs:  5080.660767126542
  Fixed costs:     67063.09436744315
  Simulation time: 458.1s

----------------------------------------
Evaluating ε = -40.0
----------------------------------------
Mean cost: 92008.01696833022 ± 604.4309222666321
  Inventory costs: 47281.82614462732
  Variable costs:  5132.341968005801
  Fixed costs:     39593.848855697186
  Simulation time: 469.3s

----------------------------------------
Evaluating ε = -50.0
----------------------------------------
Mean cost: 91583.18467327933 ± 544.7685908056765
  Inventory costs: 56713.3313447447
  Variable costs:  5028.9197850684195
  Fixed costs:     29840.933543466275
  Simulation time: 469.0s

----------------------------------------
Evaluating ε = -75.0
----------------------------------------
Mean cost: 104714.19456468617 ± 408.9020632074658
  Inventory costs: 79495.3103518953
  Variable costs:  5141.051640433709
  Fixed costs:     20077.832572357052
  Simulation time: 464.0s

----------------------------------------
Evaluating ε = -100.0
----------------------------------------
Mean cost: 120482.54150833082 ± 511.8093358516815
  Inventory costs: 100248.5254267915
  Variable costs:  5046.403971871562
  Fixed costs:     15187.612109667703
  Simulation time: 490.0s

==================================================
Best epsilon: -50.0 with cost: 91583.18467327933 ± 544.7685908056765
==================================================

============================================================
Evaluating method: find_stationary
============================================================

----------------------------------------
Evaluating ε = -1.25
----------------------------------------
Mean cost: 291772.8129300804 ± 467.42280293881265
  Inventory costs: 39003.84982948469
  Variable costs:  5123.539290918559
  Fixed costs:     247645.4238096775
  Simulation time: 511.7s

----------------------------------------
Evaluating ε = -2.5
----------------------------------------
Mean cost: 291494.5017384492 ± 331.53553608442644
  Inventory costs: 39104.80252867087
  Variable costs:  5165.754414471381
  Fixed costs:     247223.94479530724
  Simulation time: 511.6s

----------------------------------------
Evaluating ε = -5.0
----------------------------------------
Mean cost: 292228.94976453285 ± 282.2079601891871
  Inventory costs: 39046.64333615006
  Variable costs:  5149.325061785059
  Fixed costs:     248032.98136659787
  Simulation time: 513.2s

----------------------------------------
Evaluating ε = -7.5
----------------------------------------
Mean cost: 290879.8725470627 ± 374.9933983910941
  Inventory costs: 39006.53972070434
  Variable costs:  5094.538819506723
  Fixed costs:     246778.79400685243
  Simulation time: 582.3s

----------------------------------------
Evaluating ε = -10.0
----------------------------------------
Mean cost: 291276.33852330735 ± 372.4446903010011
  Inventory costs: 39033.13289058744
  Variable costs:  5115.765058682012
  Fixed costs:     247127.44057403746
  Simulation time: 641.1s

----------------------------------------
Evaluating ε = -12.5
----------------------------------------
Mean cost: 291754.59322897205 ± 316.54057673377076
  Inventory costs: 39199.00600037828
  Variable costs:  5164.337641522017
  Fixed costs:     247391.2495870716
  Simulation time: 649.1s

----------------------------------------
Evaluating ε = -15.0
----------------------------------------
Mean cost: 291254.657672592 ± 347.5899800816632
  Inventory costs: 38909.67787349843
  Variable costs:  5053.548053646775
  Fixed costs:     247291.43174544637
  Simulation time: 653.2s

----------------------------------------
Evaluating ε = -20.0
----------------------------------------
Mean cost: 290866.4271038642 ± 249.03274348556783
  Inventory costs: 39061.8844069866
  Variable costs:  5134.536579978334
  Fixed costs:     246670.00611689864
  Simulation time: 655.6s

----------------------------------------
Evaluating ε = -25.0
----------------------------------------
Mean cost: 115711.59549470134 ± 655.8093966472452
  Inventory costs: 38898.04627221907
  Variable costs:  5046.178843308947
  Fixed costs:     71767.37037917328
  Simulation time: 660.3s

----------------------------------------
Evaluating ε = -30.0
----------------------------------------
Mean cost: 98110.52256984651 ± 781.780959632147
  Inventory costs: 41716.03614922553
  Variable costs:  5126.478100574796
  Fixed costs:     51268.00832004614
  Simulation time: 648.0s

----------------------------------------
Evaluating ε = -40.0
----------------------------------------
Mean cost: 86598.68241265547 ± 286.7899283205649
  Inventory costs: 49444.94066808091
  Variable costs:  5071.298366632222
  Fixed costs:     32082.443377942232
  Simulation time: 646.3s

----------------------------------------
Evaluating ε = -50.0
----------------------------------------
Mean cost: 87709.19413219609 ± 388.4835211417386
  Inventory costs: 58408.850132520136
  Variable costs:  5083.108495783819
  Fixed costs:     24217.23550389232
  Simulation time: 657.8s

----------------------------------------
Evaluating ε = -75.0
----------------------------------------
Mean cost: 102035.34367738216 ± 520.0918294239866
  Inventory costs: 80361.45481071465
  Variable costs:  5148.858430648401
  Fixed costs:     16525.030436019133
  Simulation time: 662.1s

----------------------------------------
Evaluating ε = -100.0
----------------------------------------
Mean cost: 118780.09638915662 ± 928.6155339166463
  Inventory costs: 101046.46305954168
  Variable costs:  5073.570155476178
  Fixed costs:     12660.063174138735
  Simulation time: 616.1s

==================================================
Best epsilon: -40.0 with cost: 86598.68241265547 ± 286.7899283205649
==================================================
Skipping save for solve_inf: existing cost 86472.45787137409 <= new cost 91583.18467327933
Skipping save for find_stationary: existing cost 84349.47223881047 <= new cost 86598.68241265547

============================================================
FINAL RESULTS SUMMARY
============================================================

Method: solve_inf
  Order-up-to vector: [39, 14, 18, 18, 42, 25, 14, 14, 14, 42, 42, 14, 14, 19, 42, 16, 8, 8, 8, 23, 11, 8, 8, 22, 8, 24, 18, 8, 8, 8, 4, 4, 14, 4, 4, 4, 14, 4, 4, 11, 4, 4, 4, 4, 14, 11, 4, 4, 8, 12]
  Best epsilon: -50.0
  Best cost: 91583.18467327933 ± 544.7685908056765

Method: find_stationary
  Order-up-to vector: [28, 27, 26, 32, 25, 34, 33, 35, 29, 32, 18, 38, 20, 36, 27, 21, 18, 15, 18, 19, 17, 12, 18, 8, 22, 11, 15, 14, 15, 18, 4, 7, 9, 8, 14, 13, 11, 8, 13, 13, 8, 13, 14, 4, 7, 11, 6, 8, 12, 7]
  Best epsilon: -40.0
  Best cost: 86598.68241265547 ± 286.7899283205649

============================================================
Complete! Per-method results saved to:
  output/nn_training/results_50D_CaseHH_solve_inf.json
  output/nn_training/results_50D_CaseHH_find_stationary.json
============================================================

  Activating project at `~/DeepSJRP`
[ Info:  started timer at: 2026-04-28T09:09:19.416
┌ Warning: Layer with Float32 parameters got Float64 input.
│   The input will be converted, but any earlier layers may be very slow.
│   layer = Dense(50 => 1000, elu)  # 51_000 parameters
│   summary(x) = "50-element Vector{Float64}"
└ @ Flux ~/.julia/packages/Flux/DZYiO/src/layers/stateless.jl:60

CONVERGENCE: NORM_OF_PROJECTED_GRADIENT_<=_PGTOL            

 Cauchy                time 9.766E-04 seconds.
 Subspace minimization time 0.000E+00 seconds.
 Line search           time 1.025E-01 seconds.

 Total User time 2.697E+00 seconds.

RUNNING THE L-BFGS-B CODE

           * * *

Machine precision = 2.220D-16
 N =           50     M =           10

At X0         0 variables are exactly at the bounds

At iterate    0    f=  4.62322D-02    |proj g|=  2.46761D-03

At iterate    1    f=  4.61720D-02    |proj g|=  2.46547D-03

At iterate    2    f=  1.13079D-02    |proj g|=  3.06237D-04

At iterate    3    f=  1.02165D-02    |proj g|=  1.08065D-04

At iterate    4    f=  9.98432D-03    |proj g|=  3.44111D-05

At iterate    5    f=  9.95634D-03    |proj g|=  3.53976D-05

At iterate    6    f=  9.68523D-03    |proj g|=  2.20932D-05

At iterate    7    f=  9.49371D-03    |proj g|=  5.98236D-05

At iterate    8    f=  9.36952D-03    |proj g|=  4.14791D-05

At iterate    9    f=  9.32762D-03    |proj g|=  2.38861D-05

At iterate   10    f=  9.30283D-03    |proj g|=  1.07270D-05

At iterate   11    f=  9.28364D-03    |proj g|=  1.35591D-05

At iterate   12    f=  9.20605D-03    |proj g|=  9.79849D-06

           * * *

Tit   = total number of iterations
Tnf   = total number of function evaluations
Tnint = total number of segments explored during Cauchy searches
Skip  = number of BFGS updates skipped
Nact  = number of active bounds at final generalized Cauchy point
Projg = norm of the final projected gradient
F     = final function value

           * * *

   N    Tit     Tnf  Tnint  Skip  Nact     Projg        F
   50     12     15     14     0     4   9.798D-06   9.206D-03
  F =   9.2060456080641003E-003

CONVERGENCE: NORM_OF_PROJECTED_GRADIENT_<=_PGTOL            

 Cauchy                time 0.000E+00 seconds.
 Subspace minimization time 0.000E+00 seconds.
 Line search           time 1.465E-02 seconds.

 Total User time 3.418E-01 seconds.

