
============================================================
DeepSJRP - Stochastic Joint Replenishment Problem Solver
============================================================
Instance: 50D_CaseLH
Options: Dict{Symbol, Any}(:beta_override => 100000.0, :alpha_override => nothing, :device => :gpu, :nu_override => 1.0, :T_override => 0.2, :seed => 777)
============================================================

Device: CUDA GPU
CUDA toolchain: 
- runtime 12.8, local installation
- driver 580.126.16 for 13.2
- compiler 12.9

CUDA libraries: 
- CUBLAS: 12.8.4
- CURAND: 10.3.9
- CUFFT: 11.3.3
- CUSOLVER: 11.7.3
- CUSPARSE: 12.5.8
- CUPTI: 2025.1.1 (API 12.8.0)
- NVML: 13.0.0+580.126.16

Julia packages: 
- CUDA: 5.11.0
- GPUArrays: 11.4.1
- GPUCompiler: 1.9.1
- KernelAbstractions: 0.9.41
- CUDA_Driver_jll: 13.2.0+0
- CUDA_Compiler_jll: 0.4.2+0
- CUDA_Runtime_jll: 0.21.0+0
- CUDA_Runtime_Discovery: 1.0.0

Toolchain:
- Julia: 1.11.7
- LLVM: 16.0.6

Preferences:
- CUDA_Runtime_jll.version: local

1 device:
  0: NVIDIA H100 80GB HBM3 (sm_90, 79.175 GiB / 79.647 GiB available)
BLAS threads: 1
Julia threads: 10

Benchmark source: QS

============================================================
IMPULSE CONTROL PROBLEM (scaled, annual)
============================================================
Instance: 50D_CaseLH
Dimension: 50
Interest rate: 0.05
Cost scaling κ: 0.01

Drift μ (annual demand rates): [50.0, 50.0, 50.0, 50.0, 50.0, 50.0, 50.0, 50.0, 50.0, 50.0, 50.0, 50.0, 50.0, 50.0, 50.0, 25.0, 25.0, 25.0, 25.0, 25.0, 25.0, 25.0, 25.0, 25.0, 25.0, 25.0, 25.0, 25.0, 25.0, 25.0, 12.5, 12.5, 12.5, 12.5, 12.5, 12.5, 12.5, 12.5, 12.5, 12.5, 12.5, 12.5, 12.5, 12.5, 12.5, 12.5, 12.5, 12.5, 12.5, 12.5]
Covariance Σ diagonal: [50.0, 50.0, 50.0, 50.0, 50.0, 50.0, 50.0, 50.0, 50.0, 50.0, 50.0, 50.0, 50.0, 50.0, 50.0, 25.0, 25.0, 25.0, 25.0, 25.0, 25.0, 25.0, 25.0, 25.0, 25.0, 25.0, 25.0, 25.0, 25.0, 25.0, 12.5, 12.5, 12.5, 12.5, 12.5, 12.5, 12.5, 12.5, 12.5, 12.5, 12.5, 12.5, 12.5, 12.5, 12.5, 12.5, 12.5, 12.5, 12.5, 12.5]

Scaled costs (× κ = 0.01):
  Fixed cost K:    2.5
  Variable costs c: [0.001, 0.001, 0.001, 0.001, 0.001, 0.001, 0.001, 0.001, 0.001, 0.001, 0.001, 0.001, 0.001, 0.001, 0.001, 0.002, 0.002, 0.002, 0.002, 0.002, 0.002, 0.002, 0.002, 0.002, 0.002, 0.002, 0.002, 0.002, 0.002, 0.002, 0.004, 0.004, 0.004, 0.004, 0.004, 0.004, 0.004, 0.004, 0.004, 0.004, 0.004, 0.004, 0.004, 0.004, 0.004, 0.004, 0.004, 0.004, 0.004, 0.004]
  Holding costs h:  [0.01, 0.01, 0.01, 0.01, 0.01, 0.01, 0.01, 0.01, 0.01, 0.01, 0.01, 0.01, 0.01, 0.01, 0.01, 0.02, 0.02, 0.02, 0.02, 0.02, 0.02, 0.02, 0.02, 0.02, 0.02, 0.02, 0.02, 0.02, 0.02, 0.02, 0.04, 0.04, 0.04, 0.04, 0.04, 0.04, 0.04, 0.04, 0.04, 0.04, 0.04, 0.04, 0.04, 0.04, 0.04, 0.04, 0.04, 0.04, 0.04, 0.04]
  Penalty costs p:  [0.25, 0.25, 0.25, 0.25, 0.25, 0.25, 0.25, 0.25, 0.25, 0.25, 0.25, 0.25, 0.25, 0.25, 0.25, 0.5, 0.5, 0.5, 0.5, 0.5, 0.5, 0.5, 0.5, 0.5, 0.5, 0.5, 0.5, 0.5, 0.5, 0.5, 1.0, 1.0, 1.0, 1.0, 1.0, 1.0, 1.0, 1.0, 1.0, 1.0, 1.0, 1.0, 1.0, 1.0, 1.0, 1.0, 1.0, 1.0, 1.0, 1.0]

Original costs (unscaled):
  Fixed cost K:    250.0
  Variable costs c: [0.1, 0.1, 0.1, 0.1, 0.1, 0.1, 0.1, 0.1, 0.1, 0.1, 0.1, 0.1, 0.1, 0.1, 0.1, 0.2, 0.2, 0.2, 0.2, 0.2, 0.2, 0.2, 0.2, 0.2, 0.2, 0.2, 0.2, 0.2, 0.2, 0.2, 0.4, 0.4, 0.4, 0.4, 0.4, 0.4, 0.4, 0.4, 0.4, 0.4, 0.4, 0.4, 0.4, 0.4, 0.4, 0.4, 0.4, 0.4, 0.4, 0.4]
  Holding costs h:  [1.0, 1.0, 1.0, 1.0, 1.0, 1.0, 1.0, 1.0, 1.0, 1.0, 1.0, 1.0, 1.0, 1.0, 1.0, 2.0, 2.0, 2.0, 2.0, 2.0, 2.0, 2.0, 2.0, 2.0, 2.0, 2.0, 2.0, 2.0, 2.0, 2.0, 4.0, 4.0, 4.0, 4.0, 4.0, 4.0, 4.0, 4.0, 4.0, 4.0, 4.0, 4.0, 4.0, 4.0, 4.0, 4.0, 4.0, 4.0, 4.0, 4.0]
  Penalty costs p:  [25.0, 25.0, 25.0, 25.0, 25.0, 25.0, 25.0, 25.0, 25.0, 25.0, 25.0, 25.0, 25.0, 25.0, 25.0, 50.0, 50.0, 50.0, 50.0, 50.0, 50.0, 50.0, 50.0, 50.0, 50.0, 50.0, 50.0, 50.0, 50.0, 50.0, 100.0, 100.0, 100.0, 100.0, 100.0, 100.0, 100.0, 100.0, 100.0, 100.0, 100.0, 100.0, 100.0, 100.0, 100.0, 100.0, 100.0, 100.0, 100.0, 100.0]
============================================================

============================================================
TRAINING HYPERPARAMETERS
============================================================
Benchmark source: QS
Precision:        Float32
Batch size:       5000
Num intervals:    100
T horizon:        0.2
Num iterations:   40000
Learning rates:   [0.001, 0.0002, 0.0001, 1.0e-5, 1.0e-6]
LR steps:         [1, 5000, 10000, 20000, 30000]
Beta penalty:     [1.0, 10.0, 100.0, 1000.0, 10000.0, 100000.0]
Penalty steps:    [1, 2500, 5000, 7500, 10000, 20000]
Lambda rate:      2.5618794920507937
S guess:          [[22.0, 22.0, 22.0, 22.0, 22.0, 22.0, 22.0, 22.0, 22.0, 22.0, 22.0, 22.0, 22.0, 22.0, 22.0, 12.0, 12.0, 12.0, 12.0, 12.0, 12.0, 12.0, 12.0, 12.0, 12.0, 12.0, 12.0, 12.0, 12.0, 12.0, 7.0, 7.0, 7.0, 7.0, 7.0, 7.0, 7.0, 7.0, 7.0, 7.0, 7.0, 7.0, 7.0, 7.0, 7.0, 7.0, 7.0, 7.0, 7.0, 7.0]]
Nu radius:        1.0
S distribution:   lognormal
Alpha factor:     0.0
Alpha js:         [0.0, 0.0, 0.0, 0.0, 0.0, 0.0, 0.0, 0.0, 0.0, 0.0, 0.0, 0.0, 0.0, 0.0, 0.0, 0.0, 0.0, 0.0, 0.0, 0.0, 0.0, 0.0, 0.0, 0.0, 0.0, 0.0, 0.0, 0.0, 0.0, 0.0, 0.0, 0.0, 0.0, 0.0, 0.0, 0.0, 0.0, 0.0, 0.0, 0.0, 0.0, 0.0, 0.0, 0.0, 0.0, 0.0, 0.0, 0.0, 0.0, 0.0]
Cost scaling:     0.01

Neural network architecture:
  Hidden layers:  4
  Width:          1000
  Activation:     elu

Optimization parameters:
  Start factor:   1.0
  Lower factor:   0.5
  Upper factor:   1.5
  Sim runs:       10
  Sim horizon:    5000
  Epsilons:       [-1.25, -2.5, -5.0, -7.5, -10.0, -12.5, -15.0, -20.0, -25.0, -30.0, -40.0, -50.0, -75.0, -100.0]
============================================================

Gradient network G (∇V):
Chain(
  Dense(50 => 1000, elu),               # 51_000 parameters
  Dense(1000 => 1000, elu),             # 1_001_000 parameters
  Dense(1000 => 1000, elu),             # 1_001_000 parameters
  Dense(1000 => 1000, elu),             # 1_001_000 parameters
  Dense(1000 => 50),                    # 50_050 parameters
)                   # Total: 10 arrays, 3_104_050 parameters, 1.562 KiB.

Value network H (V):
Chain(
  Dense(50 => 1000, elu),               # 51_000 parameters
  Dense(1000 => 1000, elu),             # 1_001_000 parameters
  Dense(1000 => 1000, elu),             # 1_001_000 parameters
  Dense(1000 => 1000, elu),             # 1_001_000 parameters
  Dense(1000 => 1),                     # 1_001 parameters
)                   # Total: 10 arrays, 3_055_001 parameters, 1.562 KiB.


============================================================
Starting neural network training...
============================================================

Starting training with steady-state sampler:
-----------------------------------------
Epoch: 1; Penalty β updated to: 1.0
-----------------------------------------
─── Device check ───
  x_tn: CuArray{Float32} (50, 100, 5000)
  dB: CuArray{Float32} (50, 100, 5000)
  dU: CuArray{Float32} (50, 100, 5000)
  exponentials: CuArray{Float32} (1, 100)
  loss_dB: CuArray{Float32} (1, 5000)
  loss_df: CuArray{Float32} (1, 5000)
  loss_dU: CuArray{Float32} (1, 5000)
  H_x0: CuArray{Float32} (1, 5000)
  H_xT: CuArray{Float32} (1, 5000)
  penalties: CuArray{Float32} (1, 5000)
────────────────────
Epoch: 1; Computation time: 65.836756882; Current value of V(0): 0.0
Lagrangian objective: 26577.5; Average H(x0): 0.0; Quantile-hedge α(β): 52.38
Simulation time per epoch: 11.69583794; Gradient computation time: 41.567036122; Testing time: 11.756307479
Epoch: 1000; Computation time: 405.123847529; Current value of V(0): 58275.897216796875
Lagrangian objective: -3967.3904; Average H(x0): 6696.9614; Quantile-hedge α(β): 4.720000000000002
Simulation time per epoch: 0.073779387; Gradient computation time: 0.183365947; Testing time: 0.084226185
Epoch: 2000; Computation time: 744.482416614; Current value of V(0): 91030.615234375
Lagrangian objective: -3927.5815; Average H(x0): 6694.3784; Quantile-hedge α(β): 3.5599999999999965
Simulation time per epoch: 0.073874077; Gradient computation time: 0.18148014; Testing time: 0.083157161
-----------------------------------------
Epoch: 2500; Penalty β updated to: 10.0
-----------------------------------------
Epoch: 3000; Computation time: 1083.712631694; Current value of V(0): 45570.587158203125
Lagrangian objective: -1149.534; Average H(x0): 1560.0272; Quantile-hedge α(β): 28.480000000000004
Simulation time per epoch: 0.07383845; Gradient computation time: 0.192855171; Testing time: 0.08317726
Epoch: 4000; Computation time: 1422.966092644; Current value of V(0): 46297.18933105469
Lagrangian objective: -1130.0698; Average H(x0): 1562.7024; Quantile-hedge α(β): 28.180000000000007
Simulation time per epoch: 0.073924636; Gradient computation time: 0.181115537; Testing time: 0.083194375
-----------------------------------------
Epoch: 5000; Penalty β updated to: 100.0
-----------------------------------------
Epoch: 5000; Computation time: 1762.201165562; Current value of V(0): 47054.76379394531
Lagrangian objective: 2792.642; Average H(x0): 1569.8878; Quantile-hedge α(β): 26.680000000000003
Simulation time per epoch: 0.0737662; Gradient computation time: 0.181617776; Testing time: 0.083117856
Epoch: 6000; Computation time: 2101.508421274; Current value of V(0): 26014.443969726562
Lagrangian objective: -705.3508; Average H(x0): 799.7392; Quantile-hedge α(β): 60.339999999999996
Simulation time per epoch: 0.073819353; Gradient computation time: 0.182088683; Testing time: 0.083128366
Epoch: 7000; Computation time: 2440.605312211; Current value of V(0): 25981.326293945312
Lagrangian objective: -702.48517; Average H(x0): 801.0094; Quantile-hedge α(β): 59.78
Simulation time per epoch: 0.073998002; Gradient computation time: 0.181245455; Testing time: 0.083094982
-----------------------------------------
Epoch: 7500; Penalty β updated to: 1000.0
-----------------------------------------
Epoch: 8000; Computation time: 2778.947780491; Current value of V(0): 19924.124145507812
Lagrangian objective: -576.3832; Average H(x0): 616.0072; Quantile-hedge α(β): 89.60000000000001
Simulation time per epoch: 0.073969213; Gradient computation time: 0.182561782; Testing time: 0.083191755
Epoch: 9000; Computation time: 3117.037773395; Current value of V(0): 20075.418090820312
Lagrangian objective: -576.72736; Average H(x0): 614.1253; Quantile-hedge α(β): 90.25999999999999
Simulation time per epoch: 0.074013256; Gradient computation time: 0.180787936; Testing time: 0.082910712
-----------------------------------------
Epoch: 10000; Penalty β updated to: 10000.0
-----------------------------------------
Epoch: 10000; Computation time: 3454.454760924; Current value of V(0): 19959.91973876953
Lagrangian objective: -103.712; Average H(x0): 612.1063; Quantile-hedge α(β): 89.64
Simulation time per epoch: 0.073965642; Gradient computation time: 0.180264753; Testing time: 0.082783019
Epoch: 11000; Computation time: 3791.641414755; Current value of V(0): 17053.036499023438
Lagrangian objective: -514.5944; Average H(x0): 532.3552; Quantile-hedge α(β): 98.26
Simulation time per epoch: 0.074068117; Gradient computation time: 0.180237227; Testing time: 0.082792607
Epoch: 12000; Computation time: 4128.86039793; Current value of V(0): 16438.441467285156
Lagrangian objective: -493.4434; Average H(x0): 527.8365; Quantile-hedge α(β): 98.08
Simulation time per epoch: 0.074031836; Gradient computation time: 0.180860083; Testing time: 0.082908944
Epoch: 13000; Computation time: 4467.080316183; Current value of V(0): 16162.478637695312
Lagrangian objective: -506.3312; Average H(x0): 522.1948; Quantile-hedge α(β): 98.66
Simulation time per epoch: 0.073945085; Gradient computation time: 0.181296508; Testing time: 0.082995617
Epoch: 14000; Computation time: 4805.509782432; Current value of V(0): 15770.759582519531
Lagrangian objective: -483.08; Average H(x0): 519.00854; Quantile-hedge α(β): 98.08
Simulation time per epoch: 0.073874118; Gradient computation time: 0.181513236; Testing time: 0.083036115
Epoch: 15000; Computation time: 5144.615821244; Current value of V(0): 16004.893493652344
Lagrangian objective: -480.6381; Average H(x0): 514.87524; Quantile-hedge α(β): 98.16
Simulation time per epoch: 0.07367772; Gradient computation time: 0.182193262; Testing time: 0.083230633
Epoch: 16000; Computation time: 5483.693154531; Current value of V(0): 17241.68701171875
Lagrangian objective: -508.36664; Average H(x0): 529.81055; Quantile-hedge α(β): 98.4
Simulation time per epoch: 0.073597495; Gradient computation time: 0.182068407; Testing time: 0.083303109
Epoch: 17000; Computation time: 5822.762910361; Current value of V(0): 17617.76123046875
Lagrangian objective: -500.6205; Average H(x0): 514.6478; Quantile-hedge α(β): 98.64
Simulation time per epoch: 0.07377756; Gradient computation time: 0.181875901; Testing time: 0.083249138
Epoch: 18000; Computation time: 6161.892603765; Current value of V(0): 18302.197265625
Lagrangian objective: -502.726; Average H(x0): 522.0453; Quantile-hedge α(β): 98.56
Simulation time per epoch: 0.073772944; Gradient computation time: 0.182016182; Testing time: 0.083193476
Epoch: 19000; Computation time: 6500.996268072; Current value of V(0): 18500.392150878906
Lagrangian objective: -494.9503; Average H(x0): 521.16345; Quantile-hedge α(β): 98.36
Simulation time per epoch: 0.073886506; Gradient computation time: 0.181773708; Testing time: 0.083145684
-----------------------------------------
Epoch: 20000; Penalty β updated to: 100000.0
-----------------------------------------
Epoch: 20000; Computation time: 6840.054971951; Current value of V(0): 16664.723205566406
Lagrangian objective: -207.08298; Average H(x0): 526.27704; Quantile-hedge α(β): 98.08
Simulation time per epoch: 0.073692761; Gradient computation time: 0.182074841; Testing time: 0.083222212
Epoch: 21000; Computation time: 7179.091720993; Current value of V(0): 16227.366638183594
Lagrangian objective: -479.7403; Average H(x0): 490.9117; Quantile-hedge α(β): 99.86
Simulation time per epoch: 0.073712168; Gradient computation time: 0.182106385; Testing time: 0.083187891
Epoch: 22000; Computation time: 7518.175751503; Current value of V(0): 16714.031982421875
Lagrangian objective: -486.1081; Average H(x0): 493.5522; Quantile-hedge α(β): 99.78
Simulation time per epoch: 0.073723429; Gradient computation time: 0.182094438; Testing time: 0.083221848
Epoch: 23000; Computation time: 7857.224144353; Current value of V(0): 16846.080017089844
Lagrangian objective: -487.9573; Average H(x0): 493.95755; Quantile-hedge α(β): 99.68
Simulation time per epoch: 0.073735429; Gradient computation time: 0.182059926; Testing time: 0.083210342
Epoch: 24000; Computation time: 8196.306712293; Current value of V(0): 17127.57110595703
Lagrangian objective: -472.7845; Average H(x0): 494.5252; Quantile-hedge α(β): 99.64
Simulation time per epoch: 0.073743244; Gradient computation time: 0.182033651; Testing time: 0.083208729
Epoch: 25000; Computation time: 8535.343417929; Current value of V(0): 16787.197875976562
Lagrangian objective: -482.8184; Average H(x0): 493.76236; Quantile-hedge α(β): 99.72
Simulation time per epoch: 0.073857556; Gradient computation time: 0.182171997; Testing time: 0.083188523
Epoch: 26000; Computation time: 8874.425816522; Current value of V(0): 17054.35333251953
Lagrangian objective: -468.26114; Average H(x0): 493.83145; Quantile-hedge α(β): 99.7
Simulation time per epoch: 0.073765094; Gradient computation time: 0.182143539; Testing time: 0.083193688
Epoch: 27000; Computation time: 9213.520321855; Current value of V(0): 18541.12548828125
Lagrangian objective: -483.8526; Average H(x0): 493.59775; Quantile-hedge α(β): 99.83999999999999
Simulation time per epoch: 0.073789265; Gradient computation time: 0.1824299; Testing time: 0.083221936
Epoch: 28000; Computation time: 9552.500874756; Current value of V(0): 18753.660583496094
Lagrangian objective: -462.8057; Average H(x0): 493.2381; Quantile-hedge α(β): 99.72
Simulation time per epoch: 0.073792113; Gradient computation time: 0.181919105; Testing time: 0.083185176
Epoch: 29000; Computation time: 9891.589565177; Current value of V(0): 18015.74249267578
Lagrangian objective: -488.4176; Average H(x0): 496.1211; Quantile-hedge α(β): 99.7
Simulation time per epoch: 0.073874111; Gradient computation time: 0.181962888; Testing time: 0.083139935
Epoch: 30000; Computation time: 10230.70883257; Current value of V(0): 18295.716857910156
Lagrangian objective: -461.7173; Average H(x0): 494.0726; Quantile-hedge α(β): 99.53999999999999
Simulation time per epoch: 0.073808119; Gradient computation time: 0.181879711; Testing time: 0.083206138
Epoch: 31000; Computation time: 10569.718604427; Current value of V(0): 18622.621154785156
Lagrangian objective: -473.4171; Average H(x0): 500.43195; Quantile-hedge α(β): 99.68
Simulation time per epoch: 0.073812331; Gradient computation time: 0.181836135; Testing time: 0.083132996
Epoch: 32000; Computation time: 10908.747190295; Current value of V(0): 18680.169677734375
Lagrangian objective: -493.8481; Average H(x0): 501.78995; Quantile-hedge α(β): 99.72
Simulation time per epoch: 0.073791112; Gradient computation time: 0.1818928; Testing time: 0.08310095
Epoch: 33000; Computation time: 11247.837318281; Current value of V(0): 18748.31085205078
Lagrangian objective: -472.5799; Average H(x0): 501.8124; Quantile-hedge α(β): 99.68
Simulation time per epoch: 0.07381735; Gradient computation time: 0.182137895; Testing time: 0.083180652
Epoch: 34000; Computation time: 11586.848385961; Current value of V(0): 18733.485412597656
Lagrangian objective: -489.90134; Average H(x0): 500.9362; Quantile-hedge α(β): 99.72
Simulation time per epoch: 0.073776854; Gradient computation time: 0.182069055; Testing time: 0.083063188
Epoch: 35000; Computation time: 11925.890990185; Current value of V(0): 18761.338806152344
Lagrangian objective: -468.2502; Average H(x0): 501.9508; Quantile-hedge α(β): 99.62
Simulation time per epoch: 0.073727819; Gradient computation time: 0.182188858; Testing time: 0.083153613
Epoch: 36000; Computation time: 12264.944644257; Current value of V(0): 18841.766357421875
Lagrangian objective: -454.9631; Average H(x0): 502.71506; Quantile-hedge α(β): 99.7
Simulation time per epoch: 0.073844299; Gradient computation time: 0.181757775; Testing time: 0.083175615
Epoch: 37000; Computation time: 12604.008969498; Current value of V(0): 18928.88641357422
Lagrangian objective: -493.9974; Average H(x0): 501.2235; Quantile-hedge α(β): 99.66000000000001
Simulation time per epoch: 0.073736833; Gradient computation time: 0.181982412; Testing time: 0.083199298
Epoch: 38000; Computation time: 12942.995771216; Current value of V(0): 19010.7666015625
Lagrangian objective: -490.1892; Average H(x0): 501.5622; Quantile-hedge α(β): 99.74
Simulation time per epoch: 0.073736301; Gradient computation time: 0.182080655; Testing time: 0.083204162
Epoch: 39000; Computation time: 13282.046182982; Current value of V(0): 18865.371704101562
Lagrangian objective: -496.7169; Average H(x0): 502.16376; Quantile-hedge α(β): 99.8
Simulation time per epoch: 0.073803353; Gradient computation time: 0.182061536; Testing time: 0.083176456
Epoch: 40000; Computation time: 13621.117200219; Current value of V(0): 18829.994201660156
Lagrangian objective: -490.1888; Average H(x0): 502.0362; Quantile-hedge α(β): 99.74
Simulation time per epoch: 0.073817904; Gradient computation time: 0.181915346; Testing time: 0.083149517

Training completed in 13621.117329967 seconds
Final V(0): 18827.029418945312

============================================================
Running policy evaluation...
============================================================


============================================================
INVENTORY PROBLEM (unscaled, weekly)
============================================================
Dimension:       50
Discount factor: 0.9990389236684376
Fixed cost:      250.0
Variable costs:  [0.1, 0.1, 0.1, 0.1, 0.1, 0.1, 0.1, 0.1, 0.1, 0.1, 0.1, 0.1, 0.1, 0.1, 0.1, 0.2, 0.2, 0.2, 0.2, 0.2, 0.2, 0.2, 0.2, 0.2, 0.2, 0.2, 0.2, 0.2, 0.2, 0.2, 0.4, 0.4, 0.4, 0.4, 0.4, 0.4, 0.4, 0.4, 0.4, 0.4, 0.4, 0.4, 0.4, 0.4, 0.4, 0.4, 0.4, 0.4, 0.4, 0.4]
Holding costs:   [0.019230769230769232, 0.019230769230769232, 0.019230769230769232, 0.019230769230769232, 0.019230769230769232, 0.019230769230769232, 0.019230769230769232, 0.019230769230769232, 0.019230769230769232, 0.019230769230769232, 0.019230769230769232, 0.019230769230769232, 0.019230769230769232, 0.019230769230769232, 0.019230769230769232, 0.038461538461538464, 0.038461538461538464, 0.038461538461538464, 0.038461538461538464, 0.038461538461538464, 0.038461538461538464, 0.038461538461538464, 0.038461538461538464, 0.038461538461538464, 0.038461538461538464, 0.038461538461538464, 0.038461538461538464, 0.038461538461538464, 0.038461538461538464, 0.038461538461538464, 0.07692307692307693, 0.07692307692307693, 0.07692307692307693, 0.07692307692307693, 0.07692307692307693, 0.07692307692307693, 0.07692307692307693, 0.07692307692307693, 0.07692307692307693, 0.07692307692307693, 0.07692307692307693, 0.07692307692307693, 0.07692307692307693, 0.07692307692307693, 0.07692307692307693, 0.07692307692307693, 0.07692307692307693, 0.07692307692307693, 0.07692307692307693, 0.07692307692307693]
Backlog costs:   [0.4807692307692308, 0.4807692307692308, 0.4807692307692308, 0.4807692307692308, 0.4807692307692308, 0.4807692307692308, 0.4807692307692308, 0.4807692307692308, 0.4807692307692308, 0.4807692307692308, 0.4807692307692308, 0.4807692307692308, 0.4807692307692308, 0.4807692307692308, 0.4807692307692308, 0.9615384615384616, 0.9615384615384616, 0.9615384615384616, 0.9615384615384616, 0.9615384615384616, 0.9615384615384616, 0.9615384615384616, 0.9615384615384616, 0.9615384615384616, 0.9615384615384616, 0.9615384615384616, 0.9615384615384616, 0.9615384615384616, 0.9615384615384616, 0.9615384615384616, 1.9230769230769231, 1.9230769230769231, 1.9230769230769231, 1.9230769230769231, 1.9230769230769231, 1.9230769230769231, 1.9230769230769231, 1.9230769230769231, 1.9230769230769231, 1.9230769230769231, 1.9230769230769231, 1.9230769230769231, 1.9230769230769231, 1.9230769230769231, 1.9230769230769231, 1.9230769230769231, 1.9230769230769231, 1.9230769230769231, 1.9230769230769231, 1.9230769230769231]
Demand dists:    DataType[Distributions.Poisson{Float64}, Distributions.Poisson{Float64}, Distributions.Poisson{Float64}, Distributions.Poisson{Float64}, Distributions.Poisson{Float64}, Distributions.Poisson{Float64}, Distributions.Poisson{Float64}, Distributions.Poisson{Float64}, Distributions.Poisson{Float64}, Distributions.Poisson{Float64}, Distributions.Poisson{Float64}, Distributions.Poisson{Float64}, Distributions.Poisson{Float64}, Distributions.Poisson{Float64}, Distributions.Poisson{Float64}, Distributions.Poisson{Float64}, Distributions.Poisson{Float64}, Distributions.Poisson{Float64}, Distributions.Poisson{Float64}, Distributions.Poisson{Float64}, Distributions.Poisson{Float64}, Distributions.Poisson{Float64}, Distributions.Poisson{Float64}, Distributions.Poisson{Float64}, Distributions.Poisson{Float64}, Distributions.Poisson{Float64}, Distributions.Poisson{Float64}, Distributions.Poisson{Float64}, Distributions.Poisson{Float64}, Distributions.Poisson{Float64}, Distributions.Poisson{Float64}, Distributions.Poisson{Float64}, Distributions.Poisson{Float64}, Distributions.Poisson{Float64}, Distributions.Poisson{Float64}, Distributions.Poisson{Float64}, Distributions.Poisson{Float64}, Distributions.Poisson{Float64}, Distributions.Poisson{Float64}, Distributions.Poisson{Float64}, Distributions.Poisson{Float64}, Distributions.Poisson{Float64}, Distributions.Poisson{Float64}, Distributions.Poisson{Float64}, Distributions.Poisson{Float64}, Distributions.Poisson{Float64}, Distributions.Poisson{Float64}, Distributions.Poisson{Float64}, Distributions.Poisson{Float64}, Distributions.Poisson{Float64}]
Demand means:    [0.9615384615384616, 0.9615384615384616, 0.9615384615384616, 0.9615384615384616, 0.9615384615384616, 0.9615384615384616, 0.9615384615384616, 0.9615384615384616, 0.9615384615384616, 0.9615384615384616, 0.9615384615384616, 0.9615384615384616, 0.9615384615384616, 0.9615384615384616, 0.9615384615384616, 0.4807692307692308, 0.4807692307692308, 0.4807692307692308, 0.4807692307692308, 0.4807692307692308, 0.4807692307692308, 0.4807692307692308, 0.4807692307692308, 0.4807692307692308, 0.4807692307692308, 0.4807692307692308, 0.4807692307692308, 0.4807692307692308, 0.4807692307692308, 0.4807692307692308, 0.2403846153846154, 0.2403846153846154, 0.2403846153846154, 0.2403846153846154, 0.2403846153846154, 0.2403846153846154, 0.2403846153846154, 0.2403846153846154, 0.2403846153846154, 0.2403846153846154, 0.2403846153846154, 0.2403846153846154, 0.2403846153846154, 0.2403846153846154, 0.2403846153846154, 0.2403846153846154, 0.2403846153846154, 0.2403846153846154, 0.2403846153846154, 0.2403846153846154]
============================================================

==================================================
Computing order-up-to vector via :solve_inf
==================================================

Method: solve_inf
Final objective: 500.05852278859686
z*: [15.413848545618894, 31.277396345921797, 15.118393884955449, 33.0, 17.795201180080404, 29.7905872925497, 23.918707308051484, 21.769637474556134, 19.23270689902169, 25.436636936564007, 25.16346834178815, 18.11349246881536, 20.65594153119112, 13.875422268841813, 15.632124772775539, 17.379210698079707, 18.0, 15.006435875051062, 11.447943645049527, 12.078521690649483, 13.107241258391358, 11.45175686193861, 18.0, 17.389500092964138, 10.263802157279455, 18.0, 7.436651608198069, 16.233314530316967, 16.311121970550936, 18.0, 10.5, 10.5, 10.5, 5.6823210254763605, 4.681437832627379, 6.929101555012443, 4.426487951272065, 10.5, 6.770311763730311, 5.758700067937623, 5.760138208455759, 4.470777823322508, 10.5, 9.160050567681358, 3.5, 3.5, 10.5, 9.848016866787217, 7.5677857104573825, 3.5]
Intervention value: -314.2882438579328

==================================================
Computing order-up-to vector via :find_stationary
==================================================

Method: find_stationary
Final residual: 0.06642746526851721
z*: [22.0, 22.0, 22.0, 22.0, 22.0, 22.0, 22.0, 22.0, 22.0, 22.0, 22.0, 22.0, 22.0, 22.0, 22.0, 12.0, 12.0, 12.0, 12.0, 12.0, 12.0, 12.0, 12.0, 12.0, 12.0, 12.0, 12.0, 12.0, 12.0, 12.0, 7.0, 7.0, 7.0, 7.0, 7.0, 7.0, 7.0, 7.0, 7.0, 7.0, 7.0, 7.0, 7.0, 7.0, 7.0, 7.0, 7.0, 7.0, 7.0, 7.0]
Intervention value: -315.3923797607422

==================================================
Summary:
  solve_inf:       z* = [15, 31, 15, 33, 18, 30, 24, 22, 19, 25, 25, 18, 21, 14, 16, 17, 18, 15, 11, 12, 13, 11, 18, 17, 10, 18, 7, 16, 16, 18, 10, 10, 10, 6, 5, 7, 4, 10, 7, 6, 6, 4, 10, 9, 4, 4, 10, 10, 8, 4]
  find_stationary: z* = [22, 22, 22, 22, 22, 22, 22, 22, 22, 22, 22, 22, 22, 22, 22, 12, 12, 12, 12, 12, 12, 12, 12, 12, 12, 12, 12, 12, 12, 12, 7, 7, 7, 7, 7, 7, 7, 7, 7, 7, 7, 7, 7, 7, 7, 7, 7, 7, 7, 7]
==================================================

============================================================
Evaluating method: solve_inf
============================================================

----------------------------------------
Evaluating ε = -1.25
----------------------------------------
Mean cost: 42655.5254980711 ± 110.89060747654949
  Inventory costs: 21948.892456494395
  Variable costs:  5051.575143686601
  Fixed costs:     15655.05789789007
  Simulation time: 530.5s

----------------------------------------
Evaluating ε = -2.5
----------------------------------------
Mean cost: 42501.00715426376 ± 58.131801342465145
  Inventory costs: 22414.969959719667
  Variable costs:  5060.8047541474825
  Fixed costs:     15025.232440396556
  Simulation time: 526.3s

----------------------------------------
Evaluating ε = -5.0
----------------------------------------
Mean cost: 42636.219119005844 ± 117.7406529834629
  Inventory costs: 23452.20966104284
  Variable costs:  5041.97295123055
  Fixed costs:     14142.036506732471
  Simulation time: 528.4s

----------------------------------------
Evaluating ε = -7.5
----------------------------------------
Mean cost: 42740.21318456315 ± 89.18787737112835
  Inventory costs: 24381.252390729518
  Variable costs:  5036.651392697436
  Fixed costs:     13322.309401136194
  Simulation time: 518.8s

----------------------------------------
Evaluating ε = -10.0
----------------------------------------
Mean cost: 43304.373661396836 ± 73.62919940098026
  Inventory costs: 25432.43216800215
  Variable costs:  5050.113465950772
  Fixed costs:     12821.828027443811
  Simulation time: 509.9s

----------------------------------------
Evaluating ε = -12.5
----------------------------------------
Mean cost: 43882.979929231005 ± 56.9461270845004
  Inventory costs: 26474.532590778865
  Variable costs:  5043.154070058889
  Fixed costs:     12365.293268393241
  Simulation time: 568.5s

----------------------------------------
Evaluating ε = -15.0
----------------------------------------
Mean cost: 44487.39080194921 ± 82.08716873740883
  Inventory costs: 27514.581463103146
  Variable costs:  5029.512311740897
  Fixed costs:     11943.297027105149
  Simulation time: 636.4s

----------------------------------------
Evaluating ε = -20.0
----------------------------------------
Mean cost: 46120.169998372716 ± 78.86086396516149
  Inventory costs: 29774.851515608094
  Variable costs:  5039.746748256987
  Fixed costs:     11305.571734507681
  Simulation time: 658.5s

----------------------------------------
Evaluating ε = -25.0
----------------------------------------
Mean cost: 47961.02439235529 ± 100.5710833822228
  Inventory costs: 32140.51014842702
  Variable costs:  5026.043665513707
  Fixed costs:     10794.470578414524
  Simulation time: 613.9s

----------------------------------------
Evaluating ε = -30.0
----------------------------------------
Mean cost: 50037.07578178005 ± 118.37102379515598
  Inventory costs: 34598.923273451146
  Variable costs:  5043.267485499678
  Fixed costs:     10394.885022829203
  Simulation time: 549.1s

----------------------------------------
Evaluating ε = -40.0
----------------------------------------
Mean cost: 53988.54271507972 ± 105.2325826711914
  Inventory costs: 39234.88163425049
  Variable costs:  5036.59767460939
  Fixed costs:     9717.063406219848
  Simulation time: 547.5s

----------------------------------------
Evaluating ε = -50.0
----------------------------------------
Mean cost: 58301.55054894385 ± 121.55293108825258
  Inventory costs: 44160.994419775845
  Variable costs:  5021.349530054589
  Fixed costs:     9119.206599113433
  Simulation time: 548.9s

----------------------------------------
Evaluating ε = -75.0
----------------------------------------
Mean cost: 70175.05471828158 ± 192.53524757489848
  Inventory costs: 56970.05189212484
  Variable costs:  5026.909136986826
  Fixed costs:     8178.093689170086
  Simulation time: 545.2s

----------------------------------------
Evaluating ε = -100.0
----------------------------------------
Mean cost: 82847.90336785719 ± 147.90782974643818
  Inventory costs: 70344.54402296896
  Variable costs:  5016.809939958224
  Fixed costs:     7486.5494049301105
  Simulation time: 542.1s

==================================================
Best epsilon: -2.5 with cost: 42501.00715426376 ± 58.131801342465145
==================================================

============================================================
Evaluating method: find_stationary
============================================================

----------------------------------------
Evaluating ε = -1.25
----------------------------------------
Mean cost: 36706.49192915742 ± 48.9551931881766
  Inventory costs: 19586.2737700689
  Variable costs:  5045.376185384384
  Fixed costs:     12074.841973704155
  Simulation time: 543.1s

----------------------------------------
Evaluating ε = -2.5
----------------------------------------
Mean cost: 36869.39344483259 ± 56.83465305033715
  Inventory costs: 20100.119920338213
  Variable costs:  5026.726363386026
  Fixed costs:     11742.547161108329
  Simulation time: 550.7s

----------------------------------------
Evaluating ε = -5.0
----------------------------------------
Mean cost: 37674.7765954881 ± 108.74226411982274
  Inventory costs: 21264.479673117272
  Variable costs:  5040.347931030248
  Fixed costs:     11369.948991340632
  Simulation time: 543.8s

----------------------------------------
Evaluating ε = -7.5
----------------------------------------
Mean cost: 38215.0490354682 ± 49.050374503031705
  Inventory costs: 22186.814331947717
  Variable costs:  5027.560030667492
  Fixed costs:     11000.674672853023
  Simulation time: 554.7s

----------------------------------------
Evaluating ε = -10.0
----------------------------------------
Mean cost: 38961.279028879406 ± 95.20585004834061
  Inventory costs: 23233.723497701532
  Variable costs:  5019.366612258801
  Fixed costs:     10708.18891891907
  Simulation time: 547.0s

----------------------------------------
Evaluating ε = -12.5
----------------------------------------
Mean cost: 39609.83231886495 ± 61.10626299335883
  Inventory costs: 24042.85742307308
  Variable costs:  5028.508964463274
  Fixed costs:     10538.465931328643
  Simulation time: 549.1s

----------------------------------------
Evaluating ε = -15.0
----------------------------------------
Mean cost: 40218.53294715959 ± 109.69410597840847
  Inventory costs: 24896.92323622443
  Variable costs:  5021.313520440063
  Fixed costs:     10300.296190495112
  Simulation time: 542.3s

----------------------------------------
Evaluating ε = -20.0
----------------------------------------
Mean cost: 41715.78382836787 ± 77.84115036320055
  Inventory costs: 26661.21230306592
  Variable costs:  5028.909269285394
  Fixed costs:     10025.662256016558
  Simulation time: 555.5s

----------------------------------------
Evaluating ε = -25.0
----------------------------------------
Mean cost: 43117.88585495531 ± 84.71444180405705
  Inventory costs: 28338.07317561165
  Variable costs:  5018.33340222317
  Fixed costs:     9761.479277120447
  Simulation time: 543.7s

----------------------------------------
Evaluating ε = -30.0
----------------------------------------
Mean cost: 44636.829873306364 ± 114.68244685882226
  Inventory costs: 30091.136877689558
  Variable costs:  5012.4555988964
  Fixed costs:     9533.237396720391
  Simulation time: 561.5s

----------------------------------------
Evaluating ε = -40.0
----------------------------------------
Mean cost: 47741.68490573093 ± 86.11559514527238
  Inventory costs: 33602.1838482732
  Variable costs:  5008.126155764489
  Fixed costs:     9131.374901693262
  Simulation time: 556.8s

----------------------------------------
Evaluating ε = -50.0
----------------------------------------
Mean cost: 51227.71383385801 ± 112.04469039852346
  Inventory costs: 37376.24660750613
  Variable costs:  5021.160172739118
  Fixed costs:     8830.307053612736
  Simulation time: 553.9s

----------------------------------------
Evaluating ε = -75.0
----------------------------------------
Mean cost: 61118.11811521983 ± 92.04756164530498
  Inventory costs: 47976.822379445846
  Variable costs:  5017.864029099763
  Fixed costs:     8123.431706674256
  Simulation time: 560.6s

----------------------------------------
Evaluating ε = -100.0
----------------------------------------
Mean cost: 72594.22364966238 ± 153.6269167491785
  Inventory costs: 60006.27123136681
  Variable costs:  5018.714606857865
  Fixed costs:     7569.23781143774
  Simulation time: 561.3s

==================================================
Best epsilon: -1.25 with cost: 36706.49192915742 ± 48.9551931881766
==================================================
Skipping save for solve_inf: existing cost 35981.474204358834 <= new cost 42501.00715426376
Skipping save for find_stationary: existing cost 35940.767677517724 <= new cost 36706.49192915742

============================================================
FINAL RESULTS SUMMARY
============================================================

Method: solve_inf
  Order-up-to vector: [15, 31, 15, 33, 18, 30, 24, 22, 19, 25, 25, 18, 21, 14, 16, 17, 18, 15, 11, 12, 13, 11, 18, 17, 10, 18, 7, 16, 16, 18, 10, 10, 10, 6, 5, 7, 4, 10, 7, 6, 6, 4, 10, 9, 4, 4, 10, 10, 8, 4]
  Best epsilon: -2.5
  Best cost: 42501.00715426376 ± 58.131801342465145

Method: find_stationary
  Order-up-to vector: [22, 22, 22, 22, 22, 22, 22, 22, 22, 22, 22, 22, 22, 22, 22, 12, 12, 12, 12, 12, 12, 12, 12, 12, 12, 12, 12, 12, 12, 12, 7, 7, 7, 7, 7, 7, 7, 7, 7, 7, 7, 7, 7, 7, 7, 7, 7, 7, 7, 7]
  Best epsilon: -1.25
  Best cost: 36706.49192915742 ± 48.9551931881766

============================================================
Complete! Per-method results saved to:
  output/nn_training/results_50D_CaseLH_solve_inf.json
  output/nn_training/results_50D_CaseLH_find_stationary.json
============================================================

  Activating project at `~/DeepSJRP`
[ Info:  started timer at: 2026-04-29T03:33:47.949
┌ Warning: Layer with Float32 parameters got Float64 input.
│   The input will be converted, but any earlier layers may be very slow.
│   layer = Dense(50 => 1000, elu)  # 51_000 parameters
│   summary(x) = "50-element Vector{Float64}"
└ @ Flux ~/.julia/packages/Flux/DZYiO/src/layers/stateless.jl:60
RUNNING THE L-BFGS-B CODE

           * * *

Machine precision = 2.220D-16
 N =           50     M =           10

At X0         0 variables are exactly at the bounds

At iterate    0    f=  5.01163D+02    |proj g|=  1.50409D-02

At iterate    1    f=  5.01161D+02    |proj g|=  1.50797D-02
  ys=-1.211E-06  -gs= 2.154E-03 BFGS update SKIPPED

At iterate    2    f=  5.00718D+02    |proj g|=  1.38308D-02

At iterate    3    f=  5.00372D+02    |proj g|=  1.35454D-02

At iterate    4    f=  5.00197D+02    |proj g|=  1.28026D-02

At iterate    5    f=  5.00119D+02    |proj g|=  1.26732D-02

At iterate    6    f=  5.00059D+02    |proj g|=  9.65380D-03

           * * *

Tit   = total number of iterations
Tnf   = total number of function evaluations
Tnint = total number of segments explored during Cauchy searches
Skip  = number of BFGS updates skipped
Nact  = number of active bounds at final generalized Cauchy point
Projg = norm of the final projected gradient
F     = final function value

           * * *

   N    Tit     Tnf  Tnint  Skip  Nact     Projg        F
   50      6     11     10     1    13   9.654D-03   5.001D+02
  F =   500.05852278859686     

CONVERGENCE: NORM_OF_PROJECTED_GRADIENT_<=_PGTOL            

 Cauchy                time 0.000E+00 seconds.
 Subspace minimization time 0.000E+00 seconds.
 Line search           time 1.465E-02 seconds.

 Total User time 2.825E+00 seconds.

RUNNING THE L-BFGS-B CODE

           * * *

Machine precision = 2.220D-16
 N =           50     M =           10

At X0         0 variables are exactly at the bounds

At iterate    0    f=  4.41261D-03    |proj g|=  2.25116D-09

           * * *

Tit   = total number of iterations
Tnf   = total number of function evaluations
Tnint = total number of segments explored during Cauchy searches
Skip  = number of BFGS updates skipped
Nact  = number of active bounds at final generalized Cauchy point
Projg = norm of the final projected gradient
F     = final function value

           * * *

   N    Tit     Tnf  Tnint  Skip  Nact     Projg        F
   50      0      1      0     0     0   2.251D-09   4.413D-03
  F =   4.4126081420000612E-003

CONVERGENCE: NORM_OF_PROJECTED_GRADIENT_<=_PGTOL            

 Cauchy                time 0.000E+00 seconds.
 Subspace minimization time 0.000E+00 seconds.
 Line search           time 0.000E+00 seconds.

 Total User time 3.174E-01 seconds.

