
============================================================
DeepSJRP - Stochastic Joint Replenishment Problem Solver
============================================================
Instance: 50D_CaseHH
Options: Dict{Symbol, Any}(:beta_override => 100000.0, :alpha_override => nothing, :device => :gpu, :nu_override => 0.4, :T_override => 0.05, :seed => 777)
============================================================

Device: CUDA GPU
CUDA toolchain: 
- runtime 12.8, local installation
- driver 580.126.20 for 13.2
- compiler 12.9

CUDA libraries: 
- CUBLAS: 12.8.4
- CURAND: 10.3.9
- CUFFT: 11.3.3
- CUSOLVER: 11.7.3
- CUSPARSE: 12.5.8
- CUPTI: 2025.1.1 (API 12.8.0)
- NVML: 13.0.0+580.126.20

Julia packages: 
- CUDA: 5.11.0
- GPUArrays: 11.4.1
- GPUCompiler: 1.9.1
- KernelAbstractions: 0.9.41
- CUDA_Driver_jll: 13.2.0+0
- CUDA_Compiler_jll: 0.4.2+0
- CUDA_Runtime_jll: 0.21.0+0
- CUDA_Runtime_Discovery: 1.0.0

Toolchain:
- Julia: 1.11.7
- LLVM: 16.0.6

Preferences:
- CUDA_Runtime_jll.version: local

1 device:
  0: NVIDIA H100 80GB HBM3 (sm_90, 79.175 GiB / 79.647 GiB available)
BLAS threads: 1
Julia threads: 10

Benchmark source: QS

============================================================
IMPULSE CONTROL PROBLEM (scaled, annual)
============================================================
Instance: 50D_CaseHH
Dimension: 50
Interest rate: 0.05
Cost scaling κ: 0.01

Drift μ (annual demand rates): [50.0, 50.0, 50.0, 50.0, 50.0, 50.0, 50.0, 50.0, 50.0, 50.0, 50.0, 50.0, 50.0, 50.0, 50.0, 25.0, 25.0, 25.0, 25.0, 25.0, 25.0, 25.0, 25.0, 25.0, 25.0, 25.0, 25.0, 25.0, 25.0, 25.0, 12.5, 12.5, 12.5, 12.5, 12.5, 12.5, 12.5, 12.5, 12.5, 12.5, 12.5, 12.5, 12.5, 12.5, 12.5, 12.5, 12.5, 12.5, 12.5, 12.5]
Covariance Σ diagonal: [2500.0, 2500.0, 2500.0, 2500.0, 2500.0, 2500.0, 2500.0, 2500.0, 2500.0, 2500.0, 2500.0, 2500.0, 2500.0, 2500.0, 2500.0, 625.0, 625.0, 625.0, 625.0, 625.0, 625.0, 625.0, 625.0, 625.0, 625.0, 625.0, 625.0, 625.0, 625.0, 625.0, 156.25, 156.25, 156.25, 156.25, 156.25, 156.25, 156.25, 156.25, 156.25, 156.25, 156.25, 156.25, 156.25, 156.25, 156.25, 156.25, 156.25, 156.25, 156.25, 156.25]

Scaled costs (× κ = 0.01):
  Fixed cost K:    2.5
  Variable costs c: [0.001, 0.001, 0.001, 0.001, 0.001, 0.001, 0.001, 0.001, 0.001, 0.001, 0.001, 0.001, 0.001, 0.001, 0.001, 0.002, 0.002, 0.002, 0.002, 0.002, 0.002, 0.002, 0.002, 0.002, 0.002, 0.002, 0.002, 0.002, 0.002, 0.002, 0.004, 0.004, 0.004, 0.004, 0.004, 0.004, 0.004, 0.004, 0.004, 0.004, 0.004, 0.004, 0.004, 0.004, 0.004, 0.004, 0.004, 0.004, 0.004, 0.004]
  Holding costs h:  [0.01, 0.01, 0.01, 0.01, 0.01, 0.01, 0.01, 0.01, 0.01, 0.01, 0.01, 0.01, 0.01, 0.01, 0.01, 0.02, 0.02, 0.02, 0.02, 0.02, 0.02, 0.02, 0.02, 0.02, 0.02, 0.02, 0.02, 0.02, 0.02, 0.02, 0.04, 0.04, 0.04, 0.04, 0.04, 0.04, 0.04, 0.04, 0.04, 0.04, 0.04, 0.04, 0.04, 0.04, 0.04, 0.04, 0.04, 0.04, 0.04, 0.04]
  Penalty costs p:  [0.25, 0.25, 0.25, 0.25, 0.25, 0.25, 0.25, 0.25, 0.25, 0.25, 0.25, 0.25, 0.25, 0.25, 0.25, 0.5, 0.5, 0.5, 0.5, 0.5, 0.5, 0.5, 0.5, 0.5, 0.5, 0.5, 0.5, 0.5, 0.5, 0.5, 1.0, 1.0, 1.0, 1.0, 1.0, 1.0, 1.0, 1.0, 1.0, 1.0, 1.0, 1.0, 1.0, 1.0, 1.0, 1.0, 1.0, 1.0, 1.0, 1.0]

Original costs (unscaled):
  Fixed cost K:    250.0
  Variable costs c: [0.1, 0.1, 0.1, 0.1, 0.1, 0.1, 0.1, 0.1, 0.1, 0.1, 0.1, 0.1, 0.1, 0.1, 0.1, 0.2, 0.2, 0.2, 0.2, 0.2, 0.2, 0.2, 0.2, 0.2, 0.2, 0.2, 0.2, 0.2, 0.2, 0.2, 0.4, 0.4, 0.4, 0.4, 0.4, 0.4, 0.4, 0.4, 0.4, 0.4, 0.4, 0.4, 0.4, 0.4, 0.4, 0.4, 0.4, 0.4, 0.4, 0.4]
  Holding costs h:  [1.0, 1.0, 1.0, 1.0, 1.0, 1.0, 1.0, 1.0, 1.0, 1.0, 1.0, 1.0, 1.0, 1.0, 1.0, 2.0, 2.0, 2.0, 2.0, 2.0, 2.0, 2.0, 2.0, 2.0, 2.0, 2.0, 2.0, 2.0, 2.0, 2.0, 4.0, 4.0, 4.0, 4.0, 4.0, 4.0, 4.0, 4.0, 4.0, 4.0, 4.0, 4.0, 4.0, 4.0, 4.0, 4.0, 4.0, 4.0, 4.0, 4.0]
  Penalty costs p:  [25.0, 25.0, 25.0, 25.0, 25.0, 25.0, 25.0, 25.0, 25.0, 25.0, 25.0, 25.0, 25.0, 25.0, 25.0, 50.0, 50.0, 50.0, 50.0, 50.0, 50.0, 50.0, 50.0, 50.0, 50.0, 50.0, 50.0, 50.0, 50.0, 50.0, 100.0, 100.0, 100.0, 100.0, 100.0, 100.0, 100.0, 100.0, 100.0, 100.0, 100.0, 100.0, 100.0, 100.0, 100.0, 100.0, 100.0, 100.0, 100.0, 100.0]
============================================================

============================================================
TRAINING HYPERPARAMETERS
============================================================
Benchmark source: QS
Precision:        Float32
Batch size:       5000
Num intervals:    100
T horizon:        0.05
Num iterations:   40000
Learning rates:   [0.001, 0.0002, 0.0001, 1.0e-5, 1.0e-6]
LR steps:         [1, 5000, 10000, 20000, 30000]
Beta penalty:     [1.0, 10.0, 100.0, 1000.0, 10000.0, 100000.0]
Penalty steps:    [1, 2500, 5000, 7500, 10000, 20000]
Lambda rate:      5.88094210578942
S guess:          [[27.0, 28.0, 28.0, 28.0, 28.0, 28.0, 28.0, 28.0, 27.0, 28.0, 28.0, 28.0, 28.0, 28.0, 28.0, 16.0, 17.0, 16.0, 17.0, 16.0, 16.0, 16.0, 16.0, 16.0, 16.0, 16.0, 16.0, 16.0, 16.0, 17.0, 9.0, 9.0, 9.0, 9.0, 9.0, 9.0, 9.0, 9.0, 9.0, 9.0, 9.0, 9.0, 9.0, 9.0, 9.0, 9.0, 9.0, 9.0, 9.0, 9.0]]
Nu radius:        0.4
S distribution:   lognormal
Alpha factor:     0.0
Alpha js:         [0.0, 0.0, 0.0, 0.0, 0.0, 0.0, 0.0, 0.0, 0.0, 0.0, 0.0, 0.0, 0.0, 0.0, 0.0, 0.0, 0.0, 0.0, 0.0, 0.0, 0.0, 0.0, 0.0, 0.0, 0.0, 0.0, 0.0, 0.0, 0.0, 0.0, 0.0, 0.0, 0.0, 0.0, 0.0, 0.0, 0.0, 0.0, 0.0, 0.0, 0.0, 0.0, 0.0, 0.0, 0.0, 0.0, 0.0, 0.0, 0.0, 0.0]
Cost scaling:     0.01

Neural network architecture:
  Hidden layers:  4
  Width:          1000
  Activation:     elu

Optimization parameters:
  Start factor:   1.0
  Lower factor:   0.5
  Upper factor:   1.5
  Sim runs:       10
  Sim horizon:    5000
  Epsilons:       [-1.25, -2.5, -5.0, -7.5, -10.0, -12.5, -15.0, -20.0, -25.0, -30.0, -40.0, -50.0, -75.0, -100.0]
============================================================

Gradient network G (∇V):
Chain(
  Dense(50 => 1000, elu),               # 51_000 parameters
  Dense(1000 => 1000, elu),             # 1_001_000 parameters
  Dense(1000 => 1000, elu),             # 1_001_000 parameters
  Dense(1000 => 1000, elu),             # 1_001_000 parameters
  Dense(1000 => 50),                    # 50_050 parameters
)                   # Total: 10 arrays, 3_104_050 parameters, 1.562 KiB.

Value network H (V):
Chain(
  Dense(50 => 1000, elu),               # 51_000 parameters
  Dense(1000 => 1000, elu),             # 1_001_000 parameters
  Dense(1000 => 1000, elu),             # 1_001_000 parameters
  Dense(1000 => 1000, elu),             # 1_001_000 parameters
  Dense(1000 => 1),                     # 1_001 parameters
)                   # Total: 10 arrays, 3_055_001 parameters, 1.562 KiB.


============================================================
Starting neural network training...
============================================================

Starting training with steady-state sampler:
-----------------------------------------
Epoch: 1; Penalty β updated to: 1.0
-----------------------------------------
─── Device check ───
  x_tn: CuArray{Float32} (50, 100, 5000)
  dB: CuArray{Float32} (50, 100, 5000)
  dU: CuArray{Float32} (50, 100, 5000)
  exponentials: CuArray{Float32} (1, 100)
  loss_dB: CuArray{Float32} (1, 5000)
  loss_df: CuArray{Float32} (1, 5000)
  loss_dU: CuArray{Float32} (1, 5000)
  H_x0: CuArray{Float32} (1, 5000)
  H_xT: CuArray{Float32} (1, 5000)
  penalties: CuArray{Float32} (1, 5000)
────────────────────
Epoch: 1; Computation time: 59.462210264; Current value of V(0): 0.0
Lagrangian objective: 204829.62; Average H(x0): 0.0; Quantile-hedge α(β): 50.12
Simulation time per epoch: 10.590050165; Gradient computation time: 37.213649937; Testing time: 10.931866157
Epoch: 1000; Computation time: 397.942011386; Current value of V(0): 1.37273271484375e6
Lagrangian objective: -40806.79; Average H(x0): 80289.41; Quantile-hedge α(β): 0.0
Simulation time per epoch: 0.074315188; Gradient computation time: 0.180998195; Testing time: 0.083062024
Epoch: 2000; Computation time: 736.51116776; Current value of V(0): 2.4553015625e6
Lagrangian objective: -41090.816; Average H(x0): 80221.195; Quantile-hedge α(β): 0.0
Simulation time per epoch: 0.074343285; Gradient computation time: 0.180412046; Testing time: 0.082943669
-----------------------------------------
Epoch: 2500; Penalty β updated to: 10.0
-----------------------------------------
Epoch: 3000; Computation time: 1074.925144448; Current value of V(0): 199522.03369140625
Lagrangian objective: -4831.176; Average H(x0): 11021.637; Quantile-hedge α(β): 0.060000000000004494
Simulation time per epoch: 0.074186797; Gradient computation time: 0.180877917; Testing time: 0.082972374
Epoch: 4000; Computation time: 1413.418870418; Current value of V(0): 140273.779296875
Lagrangian objective: -4761.564; Average H(x0): 9118.064; Quantile-hedge α(β): 0.039999999999995595
Simulation time per epoch: 0.074226419; Gradient computation time: 0.181476929; Testing time: 0.083355997
-----------------------------------------
Epoch: 5000; Penalty β updated to: 100.0
-----------------------------------------
Epoch: 5000; Computation time: 1752.577485719; Current value of V(0): 142028.8330078125
Lagrangian objective: 36762.793; Average H(x0): 9062.426; Quantile-hedge α(β): 0.18000000000000238
Simulation time per epoch: 0.074122516; Gradient computation time: 0.181670736; Testing time: 0.083439879
Epoch: 6000; Computation time: 2091.59401753; Current value of V(0): -45961.08703613281
Lagrangian objective: -1367.0789; Average H(x0): 1886.9543; Quantile-hedge α(β): 8.360000000000001
Simulation time per epoch: 0.074103799; Gradient computation time: 0.181572222; Testing time: 0.083359067
Epoch: 7000; Computation time: 2430.693967253; Current value of V(0): -47084.307861328125
Lagrangian objective: -1361.4442; Average H(x0): 1870.2068; Quantile-hedge α(β): 9.760000000000002
Simulation time per epoch: 0.07410175; Gradient computation time: 0.181208207; Testing time: 0.083227793
-----------------------------------------
Epoch: 7500; Penalty β updated to: 1000.0
-----------------------------------------
Epoch: 8000; Computation time: 2769.949939226; Current value of V(0): -64016.363525390625
Lagrangian objective: -342.22855; Average H(x0): 404.9136; Quantile-hedge α(β): 89.38000000000001
Simulation time per epoch: 0.073982214; Gradient computation time: 0.18333738; Testing time: 0.083225218
Epoch: 9000; Computation time: 3109.416338322; Current value of V(0): -50684.63134765625
Lagrangian objective: -849.8295; Average H(x0): 961.2901; Quantile-hedge α(β): 51.0
Simulation time per epoch: 0.074037842; Gradient computation time: 0.181857061; Testing time: 0.083406133
-----------------------------------------
Epoch: 10000; Penalty β updated to: 10000.0
-----------------------------------------
Epoch: 10000; Computation time: 3448.853473292; Current value of V(0): -50931.494140625
Lagrangian objective: 187.6087; Average H(x0): 969.9882; Quantile-hedge α(β): 48.260000000000005
Simulation time per epoch: 0.073971448; Gradient computation time: 0.181157195; Testing time: 0.083141566
Epoch: 11000; Computation time: 3788.263918706; Current value of V(0): -78776.5625
Lagrangian objective: 961.1572; Average H(x0): -100.50665; Quantile-hedge α(β): 92.36
Simulation time per epoch: 0.074083819; Gradient computation time: 0.182281609; Testing time: 0.083509321
Epoch: 12000; Computation time: 4127.606078873; Current value of V(0): -58527.996826171875
Lagrangian objective: -679.0161; Average H(x0): 736.8418; Quantile-hedge α(β): 87.3
Simulation time per epoch: 0.073985439; Gradient computation time: 0.182088649; Testing time: 0.083262163
Epoch: 13000; Computation time: 4467.004504024; Current value of V(0): -58936.77978515625
Lagrangian objective: -696.73914; Average H(x0): 730.60406; Quantile-hedge α(β): 89.06
Simulation time per epoch: 0.074063242; Gradient computation time: 0.182247313; Testing time: 0.083390424
Epoch: 14000; Computation time: 4806.337743842; Current value of V(0): -76856.75048828125
Lagrangian objective: 247.94353; Average H(x0): -245.10695; Quantile-hedge α(β): 99.72
Simulation time per epoch: 0.074255296; Gradient computation time: 0.180844536; Testing time: 0.083092012
Epoch: 15000; Computation time: 5145.710864332; Current value of V(0): -52054.815673828125
Lagrangian objective: -693.7392; Average H(x0): 748.6899; Quantile-hedge α(β): 86.4
Simulation time per epoch: 0.074078158; Gradient computation time: 0.182266064; Testing time: 0.083396275
Epoch: 16000; Computation time: 5485.076380499; Current value of V(0): -53364.31884765625
Lagrangian objective: -668.1805; Average H(x0): 698.1175; Quantile-hedge α(β): 91.9
Simulation time per epoch: 0.074066912; Gradient computation time: 0.18223016; Testing time: 0.083240451
Epoch: 17000; Computation time: 5824.628874897; Current value of V(0): -52818.29833984375
Lagrangian objective: -688.45416; Average H(x0): 738.1238; Quantile-hedge α(β): 88.53999999999999
Simulation time per epoch: 0.07400433; Gradient computation time: 0.182155449; Testing time: 0.083315138
Epoch: 18000; Computation time: 6164.206533854; Current value of V(0): -76087.04223632812
Lagrangian objective: 610.2504; Average H(x0): -600.52924; Quantile-hedge α(β): 99.8
Simulation time per epoch: 0.074118541; Gradient computation time: 0.18198691; Testing time: 0.08323246
Epoch: 19000; Computation time: 6503.601880513; Current value of V(0): -61962.359619140625
Lagrangian objective: -412.1969; Average H(x0): 416.65277; Quantile-hedge α(β): 99.03999999999999
Simulation time per epoch: 0.073993935; Gradient computation time: 0.18148627; Testing time: 0.083293784
-----------------------------------------
Epoch: 20000; Penalty β updated to: 100000.0
-----------------------------------------
Epoch: 20000; Computation time: 6842.946951411; Current value of V(0): -56557.562255859375
Lagrangian objective: -159.34525; Average H(x0): 756.3278; Quantile-hedge α(β): 86.0
Simulation time per epoch: 0.073951831; Gradient computation time: 0.183140169; Testing time: 0.0832884
Epoch: 21000; Computation time: 7182.461233499; Current value of V(0): -58736.883544921875
Lagrangian objective: -626.6953; Average H(x0): 652.2633; Quantile-hedge α(β): 97.7
Simulation time per epoch: 0.074001214; Gradient computation time: 0.181719024; Testing time: 0.08333924
Epoch: 22000; Computation time: 7521.822596931; Current value of V(0): -60231.939697265625
Lagrangian objective: -589.80164; Average H(x0): 597.8624; Quantile-hedge α(β): 99.24
Simulation time per epoch: 0.074007476; Gradient computation time: 0.182052836; Testing time: 0.083279133
Epoch: 23000; Computation time: 7861.229795107; Current value of V(0): -60584.08203125
Lagrangian objective: -472.7716; Average H(x0): 571.195; Quantile-hedge α(β): 98.6
Simulation time per epoch: 0.07411069; Gradient computation time: 0.181504536; Testing time: 0.083090368
Epoch: 24000; Computation time: 8200.610108277; Current value of V(0): -59530.780029296875
Lagrangian objective: -634.0943; Average H(x0): 655.36993; Quantile-hedge α(β): 97.66
Simulation time per epoch: 0.074090885; Gradient computation time: 0.181512888; Testing time: 0.083242814
Epoch: 25000; Computation time: 8540.007114442; Current value of V(0): -62048.590087890625
Lagrangian objective: -483.95584; Average H(x0): 491.4513; Quantile-hedge α(β): 99.88
Simulation time per epoch: 0.074112517; Gradient computation time: 0.181944737; Testing time: 0.083287493
Epoch: 26000; Computation time: 8879.847029089; Current value of V(0): -61741.015625
Lagrangian objective: -445.755; Average H(x0): 503.7302; Quantile-hedge α(β): 99.06
Simulation time per epoch: 0.073859669; Gradient computation time: 0.182353797; Testing time: 0.083379665
Epoch: 27000; Computation time: 9220.129677933; Current value of V(0): -59229.949951171875
Lagrangian objective: -630.8574; Average H(x0): 658.2201; Quantile-hedge α(β): 97.88
Simulation time per epoch: 0.074168535; Gradient computation time: 0.181678347; Testing time: 0.083236033
Epoch: 28000; Computation time: 9559.228731101; Current value of V(0): -61985.44921875
Lagrangian objective: -447.79025; Average H(x0): 447.8811; Quantile-hedge α(β): 99.94
Simulation time per epoch: 0.073965859; Gradient computation time: 0.181989104; Testing time: 0.083458144
Epoch: 29000; Computation time: 9898.30199009; Current value of V(0): -59429.107666015625
Lagrangian objective: -624.3245; Average H(x0): 639.3607; Quantile-hedge α(β): 98.34
Simulation time per epoch: 0.074191578; Gradient computation time: 0.181787553; Testing time: 0.083273599
Epoch: 30000; Computation time: 10237.415627835; Current value of V(0): -60623.2177734375
Lagrangian objective: -561.00616; Average H(x0): 568.8847; Quantile-hedge α(β): 99.38
Simulation time per epoch: 0.074051884; Gradient computation time: 0.181856527; Testing time: 0.083349771
Epoch: 31000; Computation time: 10576.569515148; Current value of V(0): -60390.252685546875
Lagrangian objective: -482.03726; Average H(x0): 579.7861; Quantile-hedge α(β): 98.42
Simulation time per epoch: 0.074078529; Gradient computation time: 0.181612461; Testing time: 0.083262501
Epoch: 32000; Computation time: 10915.592954356; Current value of V(0): -60365.411376953125
Lagrangian objective: -565.49927; Average H(x0): 586.6777; Quantile-hedge α(β): 99.02
Simulation time per epoch: 0.074064123; Gradient computation time: 0.181793977; Testing time: 0.083281686
Epoch: 33000; Computation time: 11254.681675733; Current value of V(0): -60356.70166015625
Lagrangian objective: -573.5398; Average H(x0): 589.20245; Quantile-hedge α(β): 99.08
Simulation time per epoch: 0.074038615; Gradient computation time: 0.181554445; Testing time: 0.083308596
Epoch: 34000; Computation time: 11593.667228914; Current value of V(0): -60161.65771484375
Lagrangian objective: -612.8364; Average H(x0): 620.879; Quantile-hedge α(β): 98.96000000000001
Simulation time per epoch: 0.07423726; Gradient computation time: 0.181548109; Testing time: 0.0833609
Epoch: 35000; Computation time: 11932.595889653; Current value of V(0): -59955.4931640625
Lagrangian objective: -628.72064; Average H(x0): 653.80664; Quantile-hedge α(β): 98.1
Simulation time per epoch: 0.07408986; Gradient computation time: 0.181761308; Testing time: 0.083288906
Epoch: 36000; Computation time: 12271.525117358; Current value of V(0): -59846.661376953125
Lagrangian objective: -633.6083; Average H(x0): 666.24396; Quantile-hedge α(β): 97.66
Simulation time per epoch: 0.074109236; Gradient computation time: 0.181325815; Testing time: 0.08322561
Epoch: 37000; Computation time: 12610.484323531; Current value of V(0): -60334.283447265625
Lagrangian objective: -623.63837; Average H(x0): 640.33044; Quantile-hedge α(β): 98.64
Simulation time per epoch: 0.07424851; Gradient computation time: 0.180765465; Testing time: 0.082937638
Epoch: 38000; Computation time: 12949.570966851; Current value of V(0): -60099.212646484375
Lagrangian objective: -631.2022; Average H(x0): 659.2399; Quantile-hedge α(β): 98.1
Simulation time per epoch: 0.074259611; Gradient computation time: 0.181428387; Testing time: 0.083470643
Epoch: 39000; Computation time: 13289.041242275; Current value of V(0): -59981.976318359375
Lagrangian objective: -647.52576; Average H(x0): 668.4555; Quantile-hedge α(β): 97.88
Simulation time per epoch: 0.074581181; Gradient computation time: 0.181574968; Testing time: 0.083469667
Epoch: 40000; Computation time: 13628.512850834; Current value of V(0): -59996.8505859375
Lagrangian objective: -637.60455; Average H(x0): 668.3404; Quantile-hedge α(β): 97.68
Simulation time per epoch: 0.074476024; Gradient computation time: 0.181929911; Testing time: 0.083438487

Training completed in 13628.512992424 seconds
Final V(0): -59996.636962890625

============================================================
Running policy evaluation...
============================================================


============================================================
INVENTORY PROBLEM (unscaled, weekly)
============================================================
Dimension:       50
Discount factor: 0.9990389236684376
Fixed cost:      250.0
Variable costs:  [0.1, 0.1, 0.1, 0.1, 0.1, 0.1, 0.1, 0.1, 0.1, 0.1, 0.1, 0.1, 0.1, 0.1, 0.1, 0.2, 0.2, 0.2, 0.2, 0.2, 0.2, 0.2, 0.2, 0.2, 0.2, 0.2, 0.2, 0.2, 0.2, 0.2, 0.4, 0.4, 0.4, 0.4, 0.4, 0.4, 0.4, 0.4, 0.4, 0.4, 0.4, 0.4, 0.4, 0.4, 0.4, 0.4, 0.4, 0.4, 0.4, 0.4]
Holding costs:   [0.019230769230769232, 0.019230769230769232, 0.019230769230769232, 0.019230769230769232, 0.019230769230769232, 0.019230769230769232, 0.019230769230769232, 0.019230769230769232, 0.019230769230769232, 0.019230769230769232, 0.019230769230769232, 0.019230769230769232, 0.019230769230769232, 0.019230769230769232, 0.019230769230769232, 0.038461538461538464, 0.038461538461538464, 0.038461538461538464, 0.038461538461538464, 0.038461538461538464, 0.038461538461538464, 0.038461538461538464, 0.038461538461538464, 0.038461538461538464, 0.038461538461538464, 0.038461538461538464, 0.038461538461538464, 0.038461538461538464, 0.038461538461538464, 0.038461538461538464, 0.07692307692307693, 0.07692307692307693, 0.07692307692307693, 0.07692307692307693, 0.07692307692307693, 0.07692307692307693, 0.07692307692307693, 0.07692307692307693, 0.07692307692307693, 0.07692307692307693, 0.07692307692307693, 0.07692307692307693, 0.07692307692307693, 0.07692307692307693, 0.07692307692307693, 0.07692307692307693, 0.07692307692307693, 0.07692307692307693, 0.07692307692307693, 0.07692307692307693]
Backlog costs:   [0.4807692307692308, 0.4807692307692308, 0.4807692307692308, 0.4807692307692308, 0.4807692307692308, 0.4807692307692308, 0.4807692307692308, 0.4807692307692308, 0.4807692307692308, 0.4807692307692308, 0.4807692307692308, 0.4807692307692308, 0.4807692307692308, 0.4807692307692308, 0.4807692307692308, 0.9615384615384616, 0.9615384615384616, 0.9615384615384616, 0.9615384615384616, 0.9615384615384616, 0.9615384615384616, 0.9615384615384616, 0.9615384615384616, 0.9615384615384616, 0.9615384615384616, 0.9615384615384616, 0.9615384615384616, 0.9615384615384616, 0.9615384615384616, 0.9615384615384616, 1.9230769230769231, 1.9230769230769231, 1.9230769230769231, 1.9230769230769231, 1.9230769230769231, 1.9230769230769231, 1.9230769230769231, 1.9230769230769231, 1.9230769230769231, 1.9230769230769231, 1.9230769230769231, 1.9230769230769231, 1.9230769230769231, 1.9230769230769231, 1.9230769230769231, 1.9230769230769231, 1.9230769230769231, 1.9230769230769231, 1.9230769230769231, 1.9230769230769231]
Demand dists:    DataType[Distributions.NegativeBinomial{Float64}, Distributions.NegativeBinomial{Float64}, Distributions.NegativeBinomial{Float64}, Distributions.NegativeBinomial{Float64}, Distributions.NegativeBinomial{Float64}, Distributions.NegativeBinomial{Float64}, Distributions.NegativeBinomial{Float64}, Distributions.NegativeBinomial{Float64}, Distributions.NegativeBinomial{Float64}, Distributions.NegativeBinomial{Float64}, Distributions.NegativeBinomial{Float64}, Distributions.NegativeBinomial{Float64}, Distributions.NegativeBinomial{Float64}, Distributions.NegativeBinomial{Float64}, Distributions.NegativeBinomial{Float64}, Distributions.NegativeBinomial{Float64}, Distributions.NegativeBinomial{Float64}, Distributions.NegativeBinomial{Float64}, Distributions.NegativeBinomial{Float64}, Distributions.NegativeBinomial{Float64}, Distributions.NegativeBinomial{Float64}, Distributions.NegativeBinomial{Float64}, Distributions.NegativeBinomial{Float64}, Distributions.NegativeBinomial{Float64}, Distributions.NegativeBinomial{Float64}, Distributions.NegativeBinomial{Float64}, Distributions.NegativeBinomial{Float64}, Distributions.NegativeBinomial{Float64}, Distributions.NegativeBinomial{Float64}, Distributions.NegativeBinomial{Float64}, Distributions.NegativeBinomial{Float64}, Distributions.NegativeBinomial{Float64}, Distributions.NegativeBinomial{Float64}, Distributions.NegativeBinomial{Float64}, Distributions.NegativeBinomial{Float64}, Distributions.NegativeBinomial{Float64}, Distributions.NegativeBinomial{Float64}, Distributions.NegativeBinomial{Float64}, Distributions.NegativeBinomial{Float64}, Distributions.NegativeBinomial{Float64}, Distributions.NegativeBinomial{Float64}, Distributions.NegativeBinomial{Float64}, Distributions.NegativeBinomial{Float64}, Distributions.NegativeBinomial{Float64}, Distributions.NegativeBinomial{Float64}, Distributions.NegativeBinomial{Float64}, Distributions.NegativeBinomial{Float64}, Distributions.NegativeBinomial{Float64}, Distributions.NegativeBinomial{Float64}, Distributions.NegativeBinomial{Float64}]
Demand means:    [0.9615384615384615, 0.9615384615384615, 0.9615384615384615, 0.9615384615384615, 0.9615384615384615, 0.9615384615384615, 0.9615384615384615, 0.9615384615384615, 0.9615384615384615, 0.9615384615384615, 0.9615384615384615, 0.9615384615384615, 0.9615384615384615, 0.9615384615384615, 0.9615384615384615, 0.4807692307692307, 0.4807692307692307, 0.4807692307692307, 0.4807692307692307, 0.4807692307692307, 0.4807692307692307, 0.4807692307692307, 0.4807692307692307, 0.4807692307692307, 0.4807692307692307, 0.4807692307692307, 0.4807692307692307, 0.4807692307692307, 0.4807692307692307, 0.4807692307692307, 0.2403846153846154, 0.2403846153846154, 0.2403846153846154, 0.2403846153846154, 0.2403846153846154, 0.2403846153846154, 0.2403846153846154, 0.2403846153846154, 0.2403846153846154, 0.2403846153846154, 0.2403846153846154, 0.2403846153846154, 0.2403846153846154, 0.2403846153846154, 0.2403846153846154, 0.2403846153846154, 0.2403846153846154, 0.2403846153846154, 0.2403846153846154, 0.2403846153846154]
============================================================

==================================================
Computing order-up-to vector via :solve_inf
==================================================

Method: solve_inf
Final objective: 670.0698729419845
z*: [37.480902160674994, 37.21455027521779, 41.04771471587838, 37.62062778679696, 39.19616776018335, 38.22256793508849, 37.023250043244616, 41.82389306842997, 37.47185793616017, 39.45254238717366, 40.25050829514815, 38.73803446746609, 41.176005064363196, 36.85958334044078, 40.048642998258764, 24.0, 25.5, 24.0, 25.5, 24.0, 24.0, 24.0, 24.0, 24.0, 24.0, 24.0, 24.0, 24.0, 24.0, 25.5, 13.5, 13.5, 13.5, 13.5, 13.5, 13.5, 13.5, 13.5, 13.5, 13.5, 13.5, 13.5, 13.5, 13.5, 13.5, 13.5, 13.5, 13.5, 13.5, 13.5]
Intervention value: -1272.5357542896409

==================================================
Computing order-up-to vector via :find_stationary
==================================================

Method: find_stationary
Final residual: 0.047079347836460915
z*: [29.503904688312534, 26.371418078219754, 30.185054881508417, 30.66586050381475, 26.382809592447902, 29.800397089619906, 29.08563353448827, 29.399992927627128, 35.363971691795186, 30.558642790848054, 26.56221110326483, 31.538335146242733, 29.816064061401004, 32.76385657618489, 27.173229877957695, 17.851170599126103, 14.78901426836189, 19.54836507049434, 16.705963204404593, 16.88332356995238, 17.559097652286283, 13.640973565862076, 18.68156628915706, 15.908246289996459, 17.34590939333341, 17.19360549877402, 17.346716961684322, 14.865741315590979, 22.15177487051633, 23.330930019631573, 7.358119320846343, 7.328685496907996, 7.187620806318508, 4.5, 11.015399598988774, 7.7000324456886196, 10.337857735551284, 9.551829030037267, 11.549445213144555, 13.5, 11.078707173761888, 9.902623437523712, 4.7667862403091465, 9.512977200579098, 8.039924316000999, 7.653061581356731, 10.347438291924057, 4.913349759551453, 11.248006467547619, 5.698897827760578]
Intervention value: -1274.7694820985512

==================================================
Summary:
  solve_inf:       z* = [37, 37, 41, 38, 39, 38, 37, 42, 37, 39, 40, 39, 41, 37, 40, 24, 26, 24, 26, 24, 24, 24, 24, 24, 24, 24, 24, 24, 24, 26, 14, 14, 14, 14, 14, 14, 14, 14, 14, 14, 14, 14, 14, 14, 14, 14, 14, 14, 14, 14]
  find_stationary: z* = [30, 26, 30, 31, 26, 30, 29, 29, 35, 31, 27, 32, 30, 33, 27, 18, 15, 20, 17, 17, 18, 14, 19, 16, 17, 17, 17, 15, 22, 23, 7, 7, 7, 4, 11, 8, 10, 10, 12, 14, 11, 10, 5, 10, 8, 8, 10, 5, 11, 6]
==================================================

============================================================
Evaluating method: solve_inf
============================================================

----------------------------------------
Evaluating ε = -1.25
----------------------------------------
Mean cost: 263976.1351834831 ± 1454.1571797494864
  Inventory costs: 50981.821218327575
  Variable costs:  5196.497264407522
  Fixed costs:     207797.81670074794
  Simulation time: 506.0s

----------------------------------------
Evaluating ε = -2.5
----------------------------------------
Mean cost: 103544.25806833713 ± 650.2016746202503
  Inventory costs: 50009.1693498899
  Variable costs:  5188.538120741095
  Fixed costs:     48346.55059770601
  Simulation time: 503.7s

----------------------------------------
Evaluating ε = -5.0
----------------------------------------
Mean cost: 95111.0230292095 ± 746.3334393909038
  Inventory costs: 50867.34665952886
  Variable costs:  5121.446534668683
  Fixed costs:     39122.22983501185
  Simulation time: 496.4s

----------------------------------------
Evaluating ε = -7.5
----------------------------------------
Mean cost: 90989.0215893498 ± 689.4587180437219
  Inventory costs: 52101.636125606055
  Variable costs:  5191.127605325285
  Fixed costs:     33696.25785841847
  Simulation time: 462.3s

----------------------------------------
Evaluating ε = -10.0
----------------------------------------
Mean cost: 89345.58767914513 ± 539.6454301792327
  Inventory costs: 53835.58751921232
  Variable costs:  5183.482322671169
  Fixed costs:     30326.51783726146
  Simulation time: 469.2s

----------------------------------------
Evaluating ε = -12.5
----------------------------------------
Mean cost: 87888.97097242463 ± 584.1470739629261
  Inventory costs: 55741.35645639992
  Variable costs:  5191.8310851487595
  Fixed costs:     26955.78343087603
  Simulation time: 461.9s

----------------------------------------
Evaluating ε = -15.0
----------------------------------------
Mean cost: 87666.02257188485 ± 396.5129525001069
  Inventory costs: 57689.6787553926
  Variable costs:  5194.919019865553
  Fixed costs:     24781.424796626656
  Simulation time: 465.5s

----------------------------------------
Evaluating ε = -20.0
----------------------------------------
Mean cost: 86978.14361123467 ± 557.1826817972168
  Inventory costs: 61154.12729809487
  Variable costs:  5155.197303562731
  Fixed costs:     20668.81900957704
  Simulation time: 463.8s

----------------------------------------
Evaluating ε = -25.0
----------------------------------------
Mean cost: 89451.26824244282 ± 435.4256688358299
  Inventory costs: 65565.6998258688
  Variable costs:  5164.201181750313
  Fixed costs:     18721.367234823807
  Simulation time: 513.9s

----------------------------------------
Evaluating ε = -30.0
----------------------------------------
Mean cost: 91272.61519433974 ± 334.07539432962704
  Inventory costs: 69612.21515537148
  Variable costs:  5164.90401277751
  Fixed costs:     16495.49602619079
  Simulation time: 564.5s

----------------------------------------
Evaluating ε = -40.0
----------------------------------------
Mean cost: 97633.59268833317 ± 621.4810516614237
  Inventory costs: 78234.86401946376
  Variable costs:  5215.862485739848
  Fixed costs:     14182.866183129561
  Simulation time: 570.4s

----------------------------------------
Evaluating ε = -50.0
----------------------------------------
Mean cost: 102901.18141763766 ± 340.69835989368977
  Inventory costs: 85826.15161837127
  Variable costs:  5110.87226217922
  Fixed costs:     11964.157537087242
  Simulation time: 580.7s

----------------------------------------
Evaluating ε = -75.0
----------------------------------------
Mean cost: 120770.64905113998 ± 793.3827656830024
  Inventory costs: 105789.7681408081
  Variable costs:  5221.442017788982
  Fixed costs:     9759.438892542954
  Simulation time: 565.0s

----------------------------------------
Evaluating ε = -100.0
----------------------------------------
Mean cost: 138906.08527996295 ± 1507.3604152976802
  Inventory costs: 125753.70695373481
  Variable costs:  5122.8740845943275
  Fixed costs:     8029.5042416337765
  Simulation time: 562.2s

==================================================
Best epsilon: -20.0 with cost: 86978.14361123467 ± 557.1826817972168
==================================================

============================================================
Evaluating method: find_stationary
============================================================

----------------------------------------
Evaluating ε = -1.25
----------------------------------------
Mean cost: 95240.84556921243 ± 630.7944194772251
  Inventory costs: 41076.50690274109
  Variable costs:  5112.1083332619555
  Fixed costs:     49052.230333209285
  Simulation time: 570.3s

----------------------------------------
Evaluating ε = -2.5
----------------------------------------
Mean cost: 94530.8702341363 ± 825.3753512761033
  Inventory costs: 41997.7864192939
  Variable costs:  5153.8707480918
  Fixed costs:     47379.21306675045
  Simulation time: 567.1s

----------------------------------------
Evaluating ε = -5.0
----------------------------------------
Mean cost: 90303.00411163336 ± 438.0750702581561
  Inventory costs: 43954.23581709375
  Variable costs:  5135.237768091637
  Fixed costs:     41213.53052644799
  Simulation time: 560.4s

----------------------------------------
Evaluating ε = -7.5
----------------------------------------
Mean cost: 87413.38440503407 ± 583.2636906601057
  Inventory costs: 45585.78061092135
  Variable costs:  5079.05294448526
  Fixed costs:     36748.55084962725
  Simulation time: 536.5s

----------------------------------------
Evaluating ε = -10.0
----------------------------------------
Mean cost: 86466.1060371969 ± 643.0414357881626
  Inventory costs: 47699.974806451915
  Variable costs:  5098.5607794617345
  Fixed costs:     33667.570451283114
  Simulation time: 482.9s

----------------------------------------
Evaluating ε = -12.5
----------------------------------------
Mean cost: 86648.80997024491 ± 499.5430796043193
  Inventory costs: 49878.275990839174
  Variable costs:  5145.815450247321
  Fixed costs:     31624.71852915843
  Simulation time: 463.4s

----------------------------------------
Evaluating ε = -15.0
----------------------------------------
Mean cost: 85381.88716517 ± 472.7518803006544
  Inventory costs: 52111.32296553391
  Variable costs:  5032.936999067346
  Fixed costs:     28237.627200568724
  Simulation time: 448.4s

----------------------------------------
Evaluating ε = -20.0
----------------------------------------
Mean cost: 86894.79819899173 ± 378.4312407557132
  Inventory costs: 56262.53049030502
  Variable costs:  5111.766225010663
  Fixed costs:     25520.501483676224
  Simulation time: 456.0s

----------------------------------------
Evaluating ε = -25.0
----------------------------------------
Mean cost: 87683.40146367872 ± 420.7252595404985
  Inventory costs: 60243.662799293095
  Variable costs:  5026.597749345496
  Fixed costs:     22413.140915040294
  Simulation time: 447.4s

----------------------------------------
Evaluating ε = -30.0
----------------------------------------
Mean cost: 90888.55217777817 ± 433.403036615497
  Inventory costs: 65183.2052923192
  Variable costs:  5107.913442799253
  Fixed costs:     20597.433442659683
  Simulation time: 451.6s

----------------------------------------
Evaluating ε = -40.0
----------------------------------------
Mean cost: 95719.18058711075 ± 527.3281034208981
  Inventory costs: 73298.42478174597
  Variable costs:  5054.8254400167725
  Fixed costs:     17365.930365347984
  Simulation time: 449.4s

----------------------------------------
Evaluating ε = -50.0
----------------------------------------
Mean cost: 103196.61449956149 ± 653.8822228564122
  Inventory costs: 82724.25143039195
  Variable costs:  5067.632160829511
  Fixed costs:     15404.730908340029
  Simulation time: 448.7s

----------------------------------------
Evaluating ε = -75.0
----------------------------------------
Mean cost: 121153.24536306885 ± 1088.0175704335102
  Inventory costs: 103685.03543900975
  Variable costs:  5134.796300578651
  Fixed costs:     12333.413623480508
  Simulation time: 449.5s

----------------------------------------
Evaluating ε = -100.0
----------------------------------------
Mean cost: 139994.35177210256 ± 956.2132827705925
  Inventory costs: 124795.68365827385
  Variable costs:  5060.625695918765
  Fixed costs:     10138.042417909819
  Simulation time: 451.5s

==================================================
Best epsilon: -15.0 with cost: 85381.88716517 ± 472.7518803006544
==================================================
Skipping save for solve_inf: existing cost 86472.45787137409 <= new cost 86978.14361123467
Skipping save for find_stationary: existing cost 84349.47223881047 <= new cost 85381.88716517

============================================================
FINAL RESULTS SUMMARY
============================================================

Method: solve_inf
  Order-up-to vector: [37, 37, 41, 38, 39, 38, 37, 42, 37, 39, 40, 39, 41, 37, 40, 24, 26, 24, 26, 24, 24, 24, 24, 24, 24, 24, 24, 24, 24, 26, 14, 14, 14, 14, 14, 14, 14, 14, 14, 14, 14, 14, 14, 14, 14, 14, 14, 14, 14, 14]
  Best epsilon: -20.0
  Best cost: 86978.14361123467 ± 557.1826817972168

Method: find_stationary
  Order-up-to vector: [30, 26, 30, 31, 26, 30, 29, 29, 35, 31, 27, 32, 30, 33, 27, 18, 15, 20, 17, 17, 18, 14, 19, 16, 17, 17, 17, 15, 22, 23, 7, 7, 7, 4, 11, 8, 10, 10, 12, 14, 11, 10, 5, 10, 8, 8, 10, 5, 11, 6]
  Best epsilon: -15.0
  Best cost: 85381.88716517 ± 472.7518803006544

============================================================
Complete! Per-method results saved to:
  output/nn_training/results_50D_CaseHH_solve_inf.json
  output/nn_training/results_50D_CaseHH_find_stationary.json
============================================================

  Activating project at `~/DeepSJRP`
[ Info:  started timer at: 2026-04-28T08:09:21.231
┌ Warning: Layer with Float32 parameters got Float64 input.
│   The input will be converted, but any earlier layers may be very slow.
│   layer = Dense(50 => 1000, elu)  # 51_000 parameters
│   summary(x) = "50-element Vector{Float64}"
└ @ Flux ~/.julia/packages/Flux/DZYiO/src/layers/stateless.jl:60
RUNNING THE L-BFGS-B CODE

           * * *

Machine precision = 2.220D-16
 N =           50     M =           10

At X0         0 variables are exactly at the bounds

At iterate    0    f=  6.76530D+02    |proj g|=  8.40458D-01

At iterate    1    f=  6.72580D+02    |proj g|=  1.16225D-01

At iterate    2    f=  6.72435D+02    |proj g|=  5.53751D-02

At iterate    3    f=  6.72398D+02    |proj g|=  1.11836D-02

At iterate    4    f=  6.71599D+02    |proj g|=  1.08197D-02

At iterate    5    f=  6.70070D+02    |proj g|=  7.55155D-03

           * * *

Tit   = total number of iterations
Tnf   = total number of function evaluations
Tnint = total number of segments explored during Cauchy searches
Skip  = number of BFGS updates skipped
Nact  = number of active bounds at final generalized Cauchy point
Projg = norm of the final projected gradient
F     = final function value

           * * *

   N    Tit     Tnf  Tnint  Skip  Nact     Projg        F
   50      5     10     37     0    33   7.552D-03   6.701D+02
  F =   670.06987294198450     

CONVERGENCE: NORM_OF_PROJECTED_GRADIENT_<=_PGTOL            

 Cauchy                time 0.000E+00 seconds.
 Subspace minimization time 0.000E+00 seconds.
 Line search           time 1.172E-02 seconds.

 Total User time 2.467E+00 seconds.

RUNNING THE L-BFGS-B CODE

           * * *

Machine precision = 2.220D-16
 N =           50     M =           10

At X0         0 variables are exactly at the bounds

At iterate    0    f=  9.57663D-03    |proj g|=  6.02178D-04

At iterate    1    f=  9.57281D-03    |proj g|=  6.01915D-04

At iterate    2    f=  3.82716D-03    |proj g|=  1.39515D-04

At iterate    3    f=  3.33307D-03    |proj g|=  1.00844D-04

At iterate    4    f=  2.69736D-03    |proj g|=  4.89168D-05

At iterate    5    f=  2.44130D-03    |proj g|=  2.30645D-05

At iterate    6    f=  2.31064D-03    |proj g|=  1.21034D-05

At iterate    7    f=  2.21646D-03    |proj g|=  7.52092D-06

           * * *

Tit   = total number of iterations
Tnf   = total number of function evaluations
Tnint = total number of segments explored during Cauchy searches
Skip  = number of BFGS updates skipped
Nact  = number of active bounds at final generalized Cauchy point
Projg = norm of the final projected gradient
F     = final function value

           * * *

   N    Tit     Tnf  Tnint  Skip  Nact     Projg        F
   50      7      8      9     0     2   7.521D-06   2.216D-03
  F =   2.2164649927064769E-003

CONVERGENCE: NORM_OF_PROJECTED_GRADIENT_<=_PGTOL            

 Cauchy                time 0.000E+00 seconds.
 Subspace minimization time 0.000E+00 seconds.
 Line search           time 7.812E-03 seconds.

 Total User time 3.076E-01 seconds.

