
============================================================
DeepSJRP - Stochastic Joint Replenishment Problem Solver
============================================================
Instance: 50D_CaseLL
Options: Dict{Symbol, Any}(:beta_override => 100000.0, :alpha_override => nothing, :device => :gpu, :nu_override => 0.2, :T_override => 0.05, :seed => 777)
============================================================

Device: CUDA GPU
CUDA toolchain: 
- runtime 12.8, local installation
- driver 580.126.16 for 13.2
- compiler 12.9

CUDA libraries: 
- CUBLAS: 12.8.4
- CURAND: 10.3.9
- CUFFT: 11.3.3
- CUSOLVER: 11.7.3
- CUSPARSE: 12.5.8
- CUPTI: 2025.1.1 (API 12.8.0)
- NVML: 13.0.0+580.126.16

Julia packages: 
- CUDA: 5.11.0
- GPUArrays: 11.4.1
- GPUCompiler: 1.9.1
- KernelAbstractions: 0.9.41
- CUDA_Driver_jll: 13.2.0+0
- CUDA_Compiler_jll: 0.4.2+0
- CUDA_Runtime_jll: 0.21.0+0
- CUDA_Runtime_Discovery: 1.0.0

Toolchain:
- Julia: 1.11.7
- LLVM: 16.0.6

Preferences:
- CUDA_Runtime_jll.version: local

1 device:
  0: NVIDIA H100 80GB HBM3 (sm_90, 79.175 GiB / 79.647 GiB available)
BLAS threads: 1
Julia threads: 10

Benchmark source: QS

============================================================
IMPULSE CONTROL PROBLEM (scaled, annual)
============================================================
Instance: 50D_CaseLL
Dimension: 50
Interest rate: 0.05
Cost scaling κ: 0.01

Drift μ (annual demand rates): [50.0, 50.0, 50.0, 50.0, 50.0, 50.0, 50.0, 50.0, 50.0, 50.0, 50.0, 50.0, 50.0, 50.0, 50.0, 25.0, 25.0, 25.0, 25.0, 25.0, 25.0, 25.0, 25.0, 25.0, 25.0, 25.0, 25.0, 25.0, 25.0, 25.0, 12.5, 12.5, 12.5, 12.5, 12.5, 12.5, 12.5, 12.5, 12.5, 12.5, 12.5, 12.5, 12.5, 12.5, 12.5, 12.5, 12.5, 12.5, 12.5, 12.5]
Covariance Σ diagonal: [50.0, 50.0, 50.0, 50.0, 50.0, 50.0, 50.0, 50.0, 50.0, 50.0, 50.0, 50.0, 50.0, 50.0, 50.0, 25.0, 25.0, 25.0, 25.0, 25.0, 25.0, 25.0, 25.0, 25.0, 25.0, 25.0, 25.0, 25.0, 25.0, 25.0, 12.5, 12.5, 12.5, 12.5, 12.5, 12.5, 12.5, 12.5, 12.5, 12.5, 12.5, 12.5, 12.5, 12.5, 12.5, 12.5, 12.5, 12.5, 12.5, 12.5]

Scaled costs (× κ = 0.01):
  Fixed cost K:    0.5
  Variable costs c: [0.001, 0.001, 0.001, 0.001, 0.001, 0.001, 0.001, 0.001, 0.001, 0.001, 0.001, 0.001, 0.001, 0.001, 0.001, 0.002, 0.002, 0.002, 0.002, 0.002, 0.002, 0.002, 0.002, 0.002, 0.002, 0.002, 0.002, 0.002, 0.002, 0.002, 0.004, 0.004, 0.004, 0.004, 0.004, 0.004, 0.004, 0.004, 0.004, 0.004, 0.004, 0.004, 0.004, 0.004, 0.004, 0.004, 0.004, 0.004, 0.004, 0.004]
  Holding costs h:  [0.01, 0.01, 0.01, 0.01, 0.01, 0.01, 0.01, 0.01, 0.01, 0.01, 0.01, 0.01, 0.01, 0.01, 0.01, 0.02, 0.02, 0.02, 0.02, 0.02, 0.02, 0.02, 0.02, 0.02, 0.02, 0.02, 0.02, 0.02, 0.02, 0.02, 0.04, 0.04, 0.04, 0.04, 0.04, 0.04, 0.04, 0.04, 0.04, 0.04, 0.04, 0.04, 0.04, 0.04, 0.04, 0.04, 0.04, 0.04, 0.04, 0.04]
  Penalty costs p:  [0.25, 0.25, 0.25, 0.25, 0.25, 0.25, 0.25, 0.25, 0.25, 0.25, 0.25, 0.25, 0.25, 0.25, 0.25, 0.5, 0.5, 0.5, 0.5, 0.5, 0.5, 0.5, 0.5, 0.5, 0.5, 0.5, 0.5, 0.5, 0.5, 0.5, 1.0, 1.0, 1.0, 1.0, 1.0, 1.0, 1.0, 1.0, 1.0, 1.0, 1.0, 1.0, 1.0, 1.0, 1.0, 1.0, 1.0, 1.0, 1.0, 1.0]

Original costs (unscaled):
  Fixed cost K:    50.0
  Variable costs c: [0.1, 0.1, 0.1, 0.1, 0.1, 0.1, 0.1, 0.1, 0.1, 0.1, 0.1, 0.1, 0.1, 0.1, 0.1, 0.2, 0.2, 0.2, 0.2, 0.2, 0.2, 0.2, 0.2, 0.2, 0.2, 0.2, 0.2, 0.2, 0.2, 0.2, 0.4, 0.4, 0.4, 0.4, 0.4, 0.4, 0.4, 0.4, 0.4, 0.4, 0.4, 0.4, 0.4, 0.4, 0.4, 0.4, 0.4, 0.4, 0.4, 0.4]
  Holding costs h:  [1.0, 1.0, 1.0, 1.0, 1.0, 1.0, 1.0, 1.0, 1.0, 1.0, 1.0, 1.0, 1.0, 1.0, 1.0, 2.0, 2.0, 2.0, 2.0, 2.0, 2.0, 2.0, 2.0, 2.0, 2.0, 2.0, 2.0, 2.0, 2.0, 2.0, 4.0, 4.0, 4.0, 4.0, 4.0, 4.0, 4.0, 4.0, 4.0, 4.0, 4.0, 4.0, 4.0, 4.0, 4.0, 4.0, 4.0, 4.0, 4.0, 4.0]
  Penalty costs p:  [25.0, 25.0, 25.0, 25.0, 25.0, 25.0, 25.0, 25.0, 25.0, 25.0, 25.0, 25.0, 25.0, 25.0, 25.0, 50.0, 50.0, 50.0, 50.0, 50.0, 50.0, 50.0, 50.0, 50.0, 50.0, 50.0, 50.0, 50.0, 50.0, 50.0, 100.0, 100.0, 100.0, 100.0, 100.0, 100.0, 100.0, 100.0, 100.0, 100.0, 100.0, 100.0, 100.0, 100.0, 100.0, 100.0, 100.0, 100.0, 100.0, 100.0]
============================================================

============================================================
TRAINING HYPERPARAMETERS
============================================================
Benchmark source: QS
Precision:        Float32
Batch size:       5000
Num intervals:    100
T horizon:        0.05
Num iterations:   40000
Learning rates:   [0.001, 0.0002, 0.0001, 1.0e-5, 1.0e-6]
LR steps:         [1, 5000, 10000, 20000, 30000]
Beta penalty:     [1.0, 10.0, 100.0, 1000.0, 10000.0, 100000.0]
Penalty steps:    [1, 2500, 5000, 7500, 10000, 20000]
Lambda rate:      5.872242335766425
S guess:          [[11.0, 11.0, 11.0, 11.0, 11.0, 11.0, 11.0, 11.0, 11.0, 11.0, 11.0, 11.0, 11.0, 11.0, 11.0, 6.0, 6.0, 6.0, 6.0, 6.0, 6.0, 6.0, 6.0, 6.0, 6.0, 6.0, 6.0, 6.0, 6.0, 6.0, 4.0, 4.0, 4.0, 4.0, 4.0, 4.0, 4.0, 4.0, 4.0, 4.0, 4.0, 4.0, 4.0, 4.0, 4.0, 4.0, 4.0, 4.0, 4.0, 4.0]]
Nu radius:        0.2
S distribution:   lognormal
Alpha factor:     0.0
Alpha js:         [0.0, 0.0, 0.0, 0.0, 0.0, 0.0, 0.0, 0.0, 0.0, 0.0, 0.0, 0.0, 0.0, 0.0, 0.0, 0.0, 0.0, 0.0, 0.0, 0.0, 0.0, 0.0, 0.0, 0.0, 0.0, 0.0, 0.0, 0.0, 0.0, 0.0, 0.0, 0.0, 0.0, 0.0, 0.0, 0.0, 0.0, 0.0, 0.0, 0.0, 0.0, 0.0, 0.0, 0.0, 0.0, 0.0, 0.0, 0.0, 0.0, 0.0]
Cost scaling:     0.01

Neural network architecture:
  Hidden layers:  4
  Width:          1000
  Activation:     elu

Optimization parameters:
  Start factor:   1.0
  Lower factor:   0.5
  Upper factor:   1.5
  Sim runs:       10
  Sim horizon:    5000
  Epsilons:       [-1.25, -2.5, -5.0, -7.5, -10.0, -12.5, -15.0, -20.0, -25.0, -30.0, -40.0, -50.0, -75.0, -100.0]
============================================================

Gradient network G (∇V):
Chain(
  Dense(50 => 1000, elu),               # 51_000 parameters
  Dense(1000 => 1000, elu),             # 1_001_000 parameters
  Dense(1000 => 1000, elu),             # 1_001_000 parameters
  Dense(1000 => 1000, elu),             # 1_001_000 parameters
  Dense(1000 => 50),                    # 50_050 parameters
)                   # Total: 10 arrays, 3_104_050 parameters, 1.562 KiB.

Value network H (V):
Chain(
  Dense(50 => 1000, elu),               # 51_000 parameters
  Dense(1000 => 1000, elu),             # 1_001_000 parameters
  Dense(1000 => 1000, elu),             # 1_001_000 parameters
  Dense(1000 => 1000, elu),             # 1_001_000 parameters
  Dense(1000 => 1),                     # 1_001 parameters
)                   # Total: 10 arrays, 3_055_001 parameters, 1.562 KiB.


============================================================
Starting neural network training...
============================================================

Starting training with steady-state sampler:
-----------------------------------------
Epoch: 1; Penalty β updated to: 1.0
-----------------------------------------
─── Device check ───
  x_tn: CuArray{Float32} (50, 100, 5000)
  dB: CuArray{Float32} (50, 100, 5000)
  dU: CuArray{Float32} (50, 100, 5000)
  exponentials: CuArray{Float32} (1, 100)
  loss_dB: CuArray{Float32} (1, 5000)
  loss_df: CuArray{Float32} (1, 5000)
  loss_dU: CuArray{Float32} (1, 5000)
  H_x0: CuArray{Float32} (1, 5000)
  H_xT: CuArray{Float32} (1, 5000)
  penalties: CuArray{Float32} (1, 5000)
────────────────────
Epoch: 1; Computation time: 54.570322798; Current value of V(0): 0.0
Lagrangian objective: 572.0067; Average H(x0): 0.0; Quantile-hedge α(β): 45.24
Simulation time per epoch: 9.543442991; Gradient computation time: 34.230490003; Testing time: 10.134825564
Epoch: 1000; Computation time: 392.292403813; Current value of V(0): 4.00928828125e6
Lagrangian objective: -40720.84; Average H(x0): 80917.38; Quantile-hedge α(β): 0.0
Simulation time per epoch: 0.074248458; Gradient computation time: 0.180693278; Testing time: 0.082895462
Epoch: 2000; Computation time: 730.251813607; Current value of V(0): 4.17693359375e6
Lagrangian objective: -40635.508; Average H(x0): 80887.414; Quantile-hedge α(β): 0.0
Simulation time per epoch: 0.074287345; Gradient computation time: 0.180810456; Testing time: 0.082919115
-----------------------------------------
Epoch: 2500; Penalty β updated to: 10.0
-----------------------------------------
Epoch: 3000; Computation time: 1068.190668634; Current value of V(0): 487877.294921875
Lagrangian objective: -4592.1074; Average H(x0): 8740.638; Quantile-hedge α(β): 0.43999999999999595
Simulation time per epoch: 0.07413903; Gradient computation time: 0.180450489; Testing time: 0.083057844
Epoch: 4000; Computation time: 1406.137574089; Current value of V(0): 497421.484375
Lagrangian objective: -4582.689; Average H(x0): 8719.949; Quantile-hedge α(β): 0.33999999999999586
Simulation time per epoch: 0.074011495; Gradient computation time: 0.181085947; Testing time: 0.082991723
-----------------------------------------
Epoch: 5000; Penalty β updated to: 100.0
-----------------------------------------
Epoch: 5000; Computation time: 1744.128288358; Current value of V(0): 507964.892578125
Lagrangian objective: 32712.045; Average H(x0): 8750.749; Quantile-hedge α(β): 0.36000000000000476
Simulation time per epoch: 0.074072125; Gradient computation time: 0.180600925; Testing time: 0.083036574
Epoch: 6000; Computation time: 2082.112403745; Current value of V(0): 91698.84643554688
Lagrangian objective: -794.52936; Average H(x0): 1290.3785; Quantile-hedge α(β): 12.360000000000005
Simulation time per epoch: 0.074249133; Gradient computation time: 0.181296653; Testing time: 0.083142774
Epoch: 7000; Computation time: 2420.214714547; Current value of V(0): 91549.70092773438
Lagrangian objective: -789.67505; Average H(x0): 1283.57; Quantile-hedge α(β): 12.039999999999996
Simulation time per epoch: 0.074195457; Gradient computation time: 0.181060638; Testing time: 0.083082102
-----------------------------------------
Epoch: 7500; Penalty β updated to: 1000.0
-----------------------------------------
Epoch: 8000; Computation time: 2758.655681466; Current value of V(0): 36655.68542480469
Lagrangian objective: -302.3838; Average H(x0): 385.17764; Quantile-hedge α(β): 35.28
Simulation time per epoch: 0.074241677; Gradient computation time: 0.181479559; Testing time: 0.083118832
Epoch: 9000; Computation time: 3097.26665829; Current value of V(0): 36615.49072265625
Lagrangian objective: -303.73715; Average H(x0): 382.26474; Quantile-hedge α(β): 34.260000000000005
Simulation time per epoch: 0.074100996; Gradient computation time: 0.181133616; Testing time: 0.083318979
-----------------------------------------
Epoch: 10000; Penalty β updated to: 10000.0
-----------------------------------------
Epoch: 10000; Computation time: 3435.982977206; Current value of V(0): 36606.25
Lagrangian objective: 372.52258; Average H(x0): 379.41806; Quantile-hedge α(β): 34.040000000000006
Simulation time per epoch: 0.074131576; Gradient computation time: 0.181350475; Testing time: 0.083245059
Epoch: 11000; Computation time: 3774.589430773; Current value of V(0): 28735.238647460938
Lagrangian objective: -219.7025; Average H(x0): 242.3717; Quantile-hedge α(β): 73.32000000000001
Simulation time per epoch: 0.074316118; Gradient computation time: 0.180805575; Testing time: 0.083028167
Epoch: 12000; Computation time: 4113.330610817; Current value of V(0): 28745.266723632812
Lagrangian objective: -222.3536; Average H(x0): 242.34245; Quantile-hedge α(β): 71.06
Simulation time per epoch: 0.074169572; Gradient computation time: 0.181311225; Testing time: 0.083183976
Epoch: 13000; Computation time: 4452.271475036; Current value of V(0): 29038.970947265625
Lagrangian objective: -225.23672; Average H(x0): 246.91788; Quantile-hedge α(β): 66.9
Simulation time per epoch: 0.073866128; Gradient computation time: 0.18225656; Testing time: 0.083620632
Epoch: 14000; Computation time: 4791.508297447; Current value of V(0): 28920.675659179688
Lagrangian objective: -227.2546; Average H(x0): 246.9222; Quantile-hedge α(β): 65.02
Simulation time per epoch: 0.07397481; Gradient computation time: 0.181166152; Testing time: 0.083144042
Epoch: 15000; Computation time: 5130.476776536; Current value of V(0): 28565.206909179688
Lagrangian objective: -226.18665; Average H(x0): 243.3071; Quantile-hedge α(β): 72.06
Simulation time per epoch: 0.073999433; Gradient computation time: 0.181230126; Testing time: 0.083291811
Epoch: 16000; Computation time: 5469.846583011; Current value of V(0): 28472.506713867188
Lagrangian objective: -222.90685; Average H(x0): 244.6619; Quantile-hedge α(β): 64.66000000000001
Simulation time per epoch: 0.073950192; Gradient computation time: 0.18191069; Testing time: 0.083293547
Epoch: 17000; Computation time: 5808.724949517; Current value of V(0): 28416.485595703125
Lagrangian objective: -227.31583; Average H(x0): 247.52518; Quantile-hedge α(β): 68.97999999999999
Simulation time per epoch: 0.074075403; Gradient computation time: 0.181047903; Testing time: 0.083062257
Epoch: 18000; Computation time: 6147.67901159; Current value of V(0): 28097.103881835938
Lagrangian objective: -224.45442; Average H(x0): 245.5974; Quantile-hedge α(β): 70.19999999999999
Simulation time per epoch: 0.074182002; Gradient computation time: 0.181574549; Testing time: 0.083166492
Epoch: 19000; Computation time: 6486.866692359; Current value of V(0): 28102.658081054688
Lagrangian objective: -226.0501; Average H(x0): 248.9359; Quantile-hedge α(β): 63.660000000000004
Simulation time per epoch: 0.073873478; Gradient computation time: 0.181399988; Testing time: 0.083294325
-----------------------------------------
Epoch: 20000; Penalty β updated to: 100000.0
-----------------------------------------
Epoch: 20000; Computation time: 6825.934468827; Current value of V(0): 27902.789306640625
Lagrangian objective: -11.5864; Average H(x0): 248.44855; Quantile-hedge α(β): 65.3
Simulation time per epoch: 0.073841421; Gradient computation time: 0.18159388; Testing time: 0.083221491
Epoch: 21000; Computation time: 7164.902962918; Current value of V(0): 25725.3662109375
Lagrangian objective: -212.5308; Average H(x0): 218.35287; Quantile-hedge α(β): 90.75999999999999
Simulation time per epoch: 0.074035669; Gradient computation time: 0.1818023; Testing time: 0.083348249
Epoch: 22000; Computation time: 7504.018216843; Current value of V(0): 25664.767456054688
Lagrangian objective: -213.53995; Average H(x0): 220.08722; Quantile-hedge α(β): 84.72
Simulation time per epoch: 0.073970814; Gradient computation time: 0.182092298; Testing time: 0.083375837
Epoch: 23000; Computation time: 7843.31527086; Current value of V(0): 25567.44384765625
Lagrangian objective: -212.69804; Average H(x0): 221.13847; Quantile-hedge α(β): 84.26
Simulation time per epoch: 0.073983575; Gradient computation time: 0.181729031; Testing time: 0.083287864
Epoch: 24000; Computation time: 8182.436559931; Current value of V(0): 25489.862060546875
Lagrangian objective: -213.93018; Average H(x0): 219.65742; Quantile-hedge α(β): 87.28
Simulation time per epoch: 0.074146852; Gradient computation time: 0.181394732; Testing time: 0.08318574
Epoch: 25000; Computation time: 8521.593073819; Current value of V(0): 25556.683349609375
Lagrangian objective: -213.99275; Average H(x0): 219.90413; Quantile-hedge α(β): 85.26
Simulation time per epoch: 0.073960799; Gradient computation time: 0.181815721; Testing time: 0.083228169
Epoch: 26000; Computation time: 8860.51084384; Current value of V(0): 25575.689697265625
Lagrangian objective: -213.60422; Average H(x0): 219.70602; Quantile-hedge α(β): 85.32
Simulation time per epoch: 0.074028394; Gradient computation time: 0.181599305; Testing time: 0.083155406
Epoch: 27000; Computation time: 9199.417943134; Current value of V(0): 25632.278442382812
Lagrangian objective: -213.47533; Average H(x0): 220.16975; Quantile-hedge α(β): 84.58
Simulation time per epoch: 0.07400249; Gradient computation time: 0.181813596; Testing time: 0.083308255
Epoch: 28000; Computation time: 9538.419978659; Current value of V(0): 25590.359497070312
Lagrangian objective: -213.8472; Average H(x0): 219.60985; Quantile-hedge α(β): 87.44000000000001
Simulation time per epoch: 0.073975794; Gradient computation time: 0.181539841; Testing time: 0.083154225
Epoch: 29000; Computation time: 9877.268420247; Current value of V(0): 25525.98419189453
Lagrangian objective: -213.6511; Average H(x0): 218.90103; Quantile-hedge α(β): 89.38000000000001
Simulation time per epoch: 0.073929908; Gradient computation time: 0.181847571; Testing time: 0.083360531
Epoch: 30000; Computation time: 10216.229156365; Current value of V(0): 25622.35107421875
Lagrangian objective: -213.24084; Average H(x0): 219.13432; Quantile-hedge α(β): 88.46000000000001
Simulation time per epoch: 0.073681585; Gradient computation time: 0.181317745; Testing time: 0.083154146
Epoch: 31000; Computation time: 10555.145935692; Current value of V(0): 25791.363525390625
Lagrangian objective: -215.96465; Average H(x0): 221.52032; Quantile-hedge α(β): 82.24000000000001
Simulation time per epoch: 0.074135626; Gradient computation time: 0.181389497; Testing time: 0.083138806
Epoch: 32000; Computation time: 10895.082435267; Current value of V(0): 25757.199096679688
Lagrangian objective: -215.213; Average H(x0): 221.09375; Quantile-hedge α(β): 82.78
Simulation time per epoch: 0.073793137; Gradient computation time: 0.182335104; Testing time: 0.08358287
Epoch: 33000; Computation time: 11235.41631939; Current value of V(0): 25737.191772460938
Lagrangian objective: -215.66977; Average H(x0): 220.96875; Quantile-hedge α(β): 84.28
Simulation time per epoch: 0.073974179; Gradient computation time: 0.182194319; Testing time: 0.083362913
Epoch: 34000; Computation time: 11575.757496277; Current value of V(0): 25735.882568359375
Lagrangian objective: -215.5838; Average H(x0): 220.89445; Quantile-hedge α(β): 81.28
Simulation time per epoch: 0.07339702; Gradient computation time: 0.18276438; Testing time: 0.083938481
Epoch: 35000; Computation time: 11916.017197367; Current value of V(0): 25761.36474609375
Lagrangian objective: -215.76947; Average H(x0): 221.23967; Quantile-hedge α(β): 82.89999999999999
Simulation time per epoch: 0.073971527; Gradient computation time: 0.182465101; Testing time: 0.0834384
Epoch: 36000; Computation time: 12256.436210802; Current value of V(0): 25751.339721679688
Lagrangian objective: -215.78384; Average H(x0): 221.11148; Quantile-hedge α(β): 81.96
Simulation time per epoch: 0.073877376; Gradient computation time: 0.182582319; Testing time: 0.08338664
Epoch: 37000; Computation time: 12596.851321259; Current value of V(0): 25739.224243164062
Lagrangian objective: -216.12848; Average H(x0): 220.72156; Quantile-hedge α(β): 82.46
Simulation time per epoch: 0.072484175; Gradient computation time: 0.182909781; Testing time: 0.083641554
Epoch: 38000; Computation time: 12937.192075852; Current value of V(0): 25769.430541992188
Lagrangian objective: -215.3746; Average H(x0): 220.4619; Quantile-hedge α(β): 85.02000000000001
Simulation time per epoch: 0.073816526; Gradient computation time: 0.18221565; Testing time: 0.083594013
Epoch: 39000; Computation time: 13277.528318488; Current value of V(0): 25790.695190429688
Lagrangian objective: -215.99098; Average H(x0): 220.75665; Quantile-hedge α(β): 84.74
Simulation time per epoch: 0.073945949; Gradient computation time: 0.182133474; Testing time: 0.083393391
Epoch: 40000; Computation time: 13617.986959263; Current value of V(0): 25805.694580078125
Lagrangian objective: -215.69072; Average H(x0): 221.05385; Quantile-hedge α(β): 83.22
Simulation time per epoch: 0.073801655; Gradient computation time: 0.192315887; Testing time: 0.083583766

Training completed in 13617.98740691 seconds
Final V(0): 25804.806518554688

============================================================
Running policy evaluation...
============================================================


============================================================
INVENTORY PROBLEM (unscaled, weekly)
============================================================
Dimension:       50
Discount factor: 0.9990389236684376
Fixed cost:      50.0
Variable costs:  [0.1, 0.1, 0.1, 0.1, 0.1, 0.1, 0.1, 0.1, 0.1, 0.1, 0.1, 0.1, 0.1, 0.1, 0.1, 0.2, 0.2, 0.2, 0.2, 0.2, 0.2, 0.2, 0.2, 0.2, 0.2, 0.2, 0.2, 0.2, 0.2, 0.2, 0.4, 0.4, 0.4, 0.4, 0.4, 0.4, 0.4, 0.4, 0.4, 0.4, 0.4, 0.4, 0.4, 0.4, 0.4, 0.4, 0.4, 0.4, 0.4, 0.4]
Holding costs:   [0.019230769230769232, 0.019230769230769232, 0.019230769230769232, 0.019230769230769232, 0.019230769230769232, 0.019230769230769232, 0.019230769230769232, 0.019230769230769232, 0.019230769230769232, 0.019230769230769232, 0.019230769230769232, 0.019230769230769232, 0.019230769230769232, 0.019230769230769232, 0.019230769230769232, 0.038461538461538464, 0.038461538461538464, 0.038461538461538464, 0.038461538461538464, 0.038461538461538464, 0.038461538461538464, 0.038461538461538464, 0.038461538461538464, 0.038461538461538464, 0.038461538461538464, 0.038461538461538464, 0.038461538461538464, 0.038461538461538464, 0.038461538461538464, 0.038461538461538464, 0.07692307692307693, 0.07692307692307693, 0.07692307692307693, 0.07692307692307693, 0.07692307692307693, 0.07692307692307693, 0.07692307692307693, 0.07692307692307693, 0.07692307692307693, 0.07692307692307693, 0.07692307692307693, 0.07692307692307693, 0.07692307692307693, 0.07692307692307693, 0.07692307692307693, 0.07692307692307693, 0.07692307692307693, 0.07692307692307693, 0.07692307692307693, 0.07692307692307693]
Backlog costs:   [0.4807692307692308, 0.4807692307692308, 0.4807692307692308, 0.4807692307692308, 0.4807692307692308, 0.4807692307692308, 0.4807692307692308, 0.4807692307692308, 0.4807692307692308, 0.4807692307692308, 0.4807692307692308, 0.4807692307692308, 0.4807692307692308, 0.4807692307692308, 0.4807692307692308, 0.9615384615384616, 0.9615384615384616, 0.9615384615384616, 0.9615384615384616, 0.9615384615384616, 0.9615384615384616, 0.9615384615384616, 0.9615384615384616, 0.9615384615384616, 0.9615384615384616, 0.9615384615384616, 0.9615384615384616, 0.9615384615384616, 0.9615384615384616, 0.9615384615384616, 1.9230769230769231, 1.9230769230769231, 1.9230769230769231, 1.9230769230769231, 1.9230769230769231, 1.9230769230769231, 1.9230769230769231, 1.9230769230769231, 1.9230769230769231, 1.9230769230769231, 1.9230769230769231, 1.9230769230769231, 1.9230769230769231, 1.9230769230769231, 1.9230769230769231, 1.9230769230769231, 1.9230769230769231, 1.9230769230769231, 1.9230769230769231, 1.9230769230769231]
Demand dists:    DataType[Distributions.Poisson{Float64}, Distributions.Poisson{Float64}, Distributions.Poisson{Float64}, Distributions.Poisson{Float64}, Distributions.Poisson{Float64}, Distributions.Poisson{Float64}, Distributions.Poisson{Float64}, Distributions.Poisson{Float64}, Distributions.Poisson{Float64}, Distributions.Poisson{Float64}, Distributions.Poisson{Float64}, Distributions.Poisson{Float64}, Distributions.Poisson{Float64}, Distributions.Poisson{Float64}, Distributions.Poisson{Float64}, Distributions.Poisson{Float64}, Distributions.Poisson{Float64}, Distributions.Poisson{Float64}, Distributions.Poisson{Float64}, Distributions.Poisson{Float64}, Distributions.Poisson{Float64}, Distributions.Poisson{Float64}, Distributions.Poisson{Float64}, Distributions.Poisson{Float64}, Distributions.Poisson{Float64}, Distributions.Poisson{Float64}, Distributions.Poisson{Float64}, Distributions.Poisson{Float64}, Distributions.Poisson{Float64}, Distributions.Poisson{Float64}, Distributions.Poisson{Float64}, Distributions.Poisson{Float64}, Distributions.Poisson{Float64}, Distributions.Poisson{Float64}, Distributions.Poisson{Float64}, Distributions.Poisson{Float64}, Distributions.Poisson{Float64}, Distributions.Poisson{Float64}, Distributions.Poisson{Float64}, Distributions.Poisson{Float64}, Distributions.Poisson{Float64}, Distributions.Poisson{Float64}, Distributions.Poisson{Float64}, Distributions.Poisson{Float64}, Distributions.Poisson{Float64}, Distributions.Poisson{Float64}, Distributions.Poisson{Float64}, Distributions.Poisson{Float64}, Distributions.Poisson{Float64}, Distributions.Poisson{Float64}]
Demand means:    [0.9615384615384616, 0.9615384615384616, 0.9615384615384616, 0.9615384615384616, 0.9615384615384616, 0.9615384615384616, 0.9615384615384616, 0.9615384615384616, 0.9615384615384616, 0.9615384615384616, 0.9615384615384616, 0.9615384615384616, 0.9615384615384616, 0.9615384615384616, 0.9615384615384616, 0.4807692307692308, 0.4807692307692308, 0.4807692307692308, 0.4807692307692308, 0.4807692307692308, 0.4807692307692308, 0.4807692307692308, 0.4807692307692308, 0.4807692307692308, 0.4807692307692308, 0.4807692307692308, 0.4807692307692308, 0.4807692307692308, 0.4807692307692308, 0.4807692307692308, 0.2403846153846154, 0.2403846153846154, 0.2403846153846154, 0.2403846153846154, 0.2403846153846154, 0.2403846153846154, 0.2403846153846154, 0.2403846153846154, 0.2403846153846154, 0.2403846153846154, 0.2403846153846154, 0.2403846153846154, 0.2403846153846154, 0.2403846153846154, 0.2403846153846154, 0.2403846153846154, 0.2403846153846154, 0.2403846153846154, 0.2403846153846154, 0.2403846153846154]
============================================================

==================================================
Computing order-up-to vector via :solve_inf
==================================================

Method: solve_inf
Final objective: 221.00131896972655
z*: [11.0, 11.0, 11.0, 11.0, 11.0, 11.0, 11.0, 11.0, 11.0, 11.0, 11.0, 11.0, 11.0, 11.0, 11.0, 6.0, 6.0, 6.0, 6.0, 6.0, 6.0, 6.0, 6.0, 6.0, 6.0, 6.0, 6.0, 6.0, 6.0, 6.0, 4.0, 4.0, 4.0, 4.0, 4.0, 4.0, 4.0, 4.0, 4.0, 4.0, 4.0, 4.0, 4.0, 4.0, 4.0, 4.0, 4.0, 4.0, 4.0, 4.0]
Intervention value: 36.546898803710945

==================================================
Computing order-up-to vector via :find_stationary
==================================================

Method: find_stationary
Final residual: 0.007990907917191094
z*: [11.0, 11.0, 11.0, 11.0, 11.0, 11.0, 11.0, 11.0, 11.0, 11.0, 11.0, 11.0, 11.0, 11.0, 11.0, 6.0, 6.0, 6.0, 6.0, 6.0, 6.0, 6.0, 6.0, 6.0, 6.0, 6.0, 6.0, 6.0, 6.0, 6.0, 4.0, 4.0, 4.0, 4.0, 4.0, 4.0, 4.0, 4.0, 4.0, 4.0, 4.0, 4.0, 4.0, 4.0, 4.0, 4.0, 4.0, 4.0, 4.0, 4.0]
Intervention value: 36.546898803710945

==================================================
Summary:
  solve_inf:       z* = [11, 11, 11, 11, 11, 11, 11, 11, 11, 11, 11, 11, 11, 11, 11, 6, 6, 6, 6, 6, 6, 6, 6, 6, 6, 6, 6, 6, 6, 6, 4, 4, 4, 4, 4, 4, 4, 4, 4, 4, 4, 4, 4, 4, 4, 4, 4, 4, 4, 4]
  find_stationary: z* = [11, 11, 11, 11, 11, 11, 11, 11, 11, 11, 11, 11, 11, 11, 11, 6, 6, 6, 6, 6, 6, 6, 6, 6, 6, 6, 6, 6, 6, 6, 4, 4, 4, 4, 4, 4, 4, 4, 4, 4, 4, 4, 4, 4, 4, 4, 4, 4, 4, 4]
==================================================

============================================================
Evaluating method: solve_inf
============================================================

----------------------------------------
Evaluating ε = -1.25
----------------------------------------
Mean cost: 21902.29461051325 ± 30.068471301496018
  Inventory costs: 11096.368870206108
  Variable costs:  5002.683084595464
  Fixed costs:     5803.2426557116905
  Simulation time: 585.6s

----------------------------------------
Evaluating ε = -2.5
----------------------------------------
Mean cost: 22277.264566264104 ± 31.48647919248852
  Inventory costs: 12045.078963168122
  Variable costs:  5011.498991003023
  Fixed costs:     5220.6866120929835
  Simulation time: 581.2s

----------------------------------------
Evaluating ε = -5.0
----------------------------------------
Mean cost: 23303.840955229884 ± 32.149018324536996
  Inventory costs: 13621.676113227877
  Variable costs:  4992.5061658835775
  Fixed costs:     4689.658676118467
  Simulation time: 581.2s

----------------------------------------
Evaluating ε = -7.5
----------------------------------------
Mean cost: 24395.964676169187 ± 41.12583502720291
  Inventory costs: 15022.52921845045
  Variable costs:  4987.9985105324295
  Fixed costs:     4385.436947186298
  Simulation time: 544.4s

----------------------------------------
Evaluating ε = -10.0
----------------------------------------
Mean cost: 25559.052063376734 ± 45.21364767602577
  Inventory costs: 16359.927325875853
  Variable costs:  5002.255506493597
  Fixed costs:     4196.869231007299
  Simulation time: 551.9s

----------------------------------------
Evaluating ε = -12.5
----------------------------------------
Mean cost: 26712.930567884974 ± 34.99828740100403
  Inventory costs: 17664.992132785916
  Variable costs:  4995.874268481937
  Fixed costs:     4052.0641666171005
  Simulation time: 546.1s

----------------------------------------
Evaluating ε = -15.0
----------------------------------------
Mean cost: 27837.827240483683 ± 37.63598775190437
  Inventory costs: 18954.737232603966
  Variable costs:  4982.7889921961705
  Fixed costs:     3900.301015683571
  Simulation time: 567.5s

----------------------------------------
Evaluating ε = -20.0
----------------------------------------
Mean cost: 30332.71571002702 ± 42.96101110847623
  Inventory costs: 21654.56041030639
  Variable costs:  4994.1541234612605
  Fixed costs:     3684.0011762593945
  Simulation time: 601.3s

----------------------------------------
Evaluating ε = -25.0
----------------------------------------
Mean cost: 32803.386189449804 ± 55.396691894610186
  Inventory costs: 24321.75771523945
  Variable costs:  4981.300560879442
  Fixed costs:     3500.3279133308934
  Simulation time: 581.4s

----------------------------------------
Evaluating ε = -30.0
----------------------------------------
Mean cost: 35362.76223446244 ± 70.84222171216729
  Inventory costs: 27002.97334746357
  Variable costs:  4999.452964847765
  Fixed costs:     3360.3359221511178
  Simulation time: 590.5s

----------------------------------------
Evaluating ε = -40.0
----------------------------------------
Mean cost: 40844.48948912178 ± 64.53231441763451
  Inventory costs: 32737.041945926914
  Variable costs:  4993.992943068653
  Fixed costs:     3113.4546001262374
  Simulation time: 568.9s

----------------------------------------
Evaluating ε = -50.0
----------------------------------------
Mean cost: 46397.67451810032 ± 96.59462812387639
  Inventory costs: 38510.921656371946
  Variable costs:  4980.01423887501
  Fixed costs:     2906.738622853375
  Simulation time: 553.6s

----------------------------------------
Evaluating ε = -75.0
----------------------------------------
Mean cost: 61709.2416842814 ± 85.2352701619114
  Inventory costs: 54176.41302430244
  Variable costs:  4987.517997268542
  Fixed costs:     2545.3106627104044
  Simulation time: 550.5s

----------------------------------------
Evaluating ε = -100.0
----------------------------------------
Mean cost: 77747.54688515895 ± 134.63863454756108
  Inventory costs: 70493.81206929576
  Variable costs:  4978.782298355467
  Fixed costs:     2274.9525175076587
  Simulation time: 551.8s

==================================================
Best epsilon: -1.25 with cost: 21902.29461051325 ± 30.068471301496018
==================================================

============================================================
Evaluating method: find_stationary
============================================================

----------------------------------------
Evaluating ε = -1.25
----------------------------------------
Mean cost: 21993.331229608833 ± 26.842109535587884
  Inventory costs: 11130.872424559324
  Variable costs:  5017.064021971337
  Fixed costs:     5845.394783078132
  Simulation time: 547.6s

----------------------------------------
Evaluating ε = -2.5
----------------------------------------
Mean cost: 22237.334750323855 ± 22.05893274643486
  Inventory costs: 12006.760842171265
  Variable costs:  4997.524501742965
  Fixed costs:     5233.049406409684
  Simulation time: 554.3s

----------------------------------------
Evaluating ε = -5.0
----------------------------------------
Mean cost: 23350.995238854146 ± 35.382844483745444
  Inventory costs: 13626.615329927145
  Variable costs:  5010.791153161075
  Fixed costs:     4713.58875576594
  Simulation time: 546.8s

----------------------------------------
Evaluating ε = -7.5
----------------------------------------
Mean cost: 24454.337433372515 ± 24.799332044660208
  Inventory costs: 15040.587499490273
  Variable costs:  4997.718097991986
  Fixed costs:     4416.031835890235
  Simulation time: 546.4s

----------------------------------------
Evaluating ε = -10.0
----------------------------------------
Mean cost: 25587.20356807974 ± 54.937573824634676
  Inventory costs: 16412.662048747985
  Variable costs:  4989.587287348174
  Fixed costs:     4184.954231983551
  Simulation time: 547.0s

----------------------------------------
Evaluating ε = -12.5
----------------------------------------
Mean cost: 26755.441979662057 ± 42.712696769827005
  Inventory costs: 17714.601076717412
  Variable costs:  4998.594923225963
  Fixed costs:     4042.245979718675
  Simulation time: 550.0s

----------------------------------------
Evaluating ε = -15.0
----------------------------------------
Mean cost: 27921.536055465556 ± 51.807690034557865
  Inventory costs: 19039.171917230968
  Variable costs:  4991.610476933022
  Fixed costs:     3890.7536613015664
  Simulation time: 554.2s

----------------------------------------
Evaluating ε = -20.0
----------------------------------------
Mean cost: 30340.462612559244 ± 62.272246658759386
  Inventory costs: 21652.661575137216
  Variable costs:  4998.945015854742
  Fixed costs:     3688.856021567301
  Simulation time: 544.9s

----------------------------------------
Evaluating ε = -25.0
----------------------------------------
Mean cost: 32787.1802407344 ± 62.02074988443981
  Inventory costs: 24296.48207585576
  Variable costs:  4988.498313350593
  Fixed costs:     3502.1998515280516
  Simulation time: 472.3s

----------------------------------------
Evaluating ε = -30.0
----------------------------------------
Mean cost: 35367.59088574133 ± 70.14527315750534
  Inventory costs: 27037.777825679084
  Variable costs:  4982.379636656679
  Fixed costs:     3347.4334234055736
  Simulation time: 436.3s

----------------------------------------
Evaluating ε = -40.0
----------------------------------------
Mean cost: 40778.45719559652 ± 101.26193440009618
  Inventory costs: 32696.99877949812
  Variable costs:  4978.078047595068
  Fixed costs:     3103.3803685033354
  Simulation time: 431.1s

----------------------------------------
Evaluating ε = -50.0
----------------------------------------
Mean cost: 46471.64928421199 ± 93.56896113993882
  Inventory costs: 38570.09417407614
  Variable costs:  4990.910114215839
  Fixed costs:     2910.6449959200245
  Simulation time: 432.3s

----------------------------------------
Evaluating ε = -75.0
----------------------------------------
Mean cost: 61376.867221139386 ± 152.2105457717282
  Inventory costs: 53845.559408660236
  Variable costs:  4987.590801318069
  Fixed costs:     2543.7170111610894
  Simulation time: 433.0s

----------------------------------------
Evaluating ε = -100.0
----------------------------------------
Mean cost: 77535.83018466437 ± 82.57274160573579
  Inventory costs: 70269.01803461033
  Variable costs:  4988.526578552221
  Fixed costs:     2278.2855715018277
  Simulation time: 436.2s

==================================================
Best epsilon: -1.25 with cost: 21993.331229608833 ± 26.842109535587884
==================================================
Skipping save for solve_inf: existing cost 21783.210372240337 <= new cost 21902.29461051325
Skipping save for find_stationary: existing cost 21853.065026473385 <= new cost 21993.331229608833

============================================================
FINAL RESULTS SUMMARY
============================================================

Method: solve_inf
  Order-up-to vector: [11, 11, 11, 11, 11, 11, 11, 11, 11, 11, 11, 11, 11, 11, 11, 6, 6, 6, 6, 6, 6, 6, 6, 6, 6, 6, 6, 6, 6, 6, 4, 4, 4, 4, 4, 4, 4, 4, 4, 4, 4, 4, 4, 4, 4, 4, 4, 4, 4, 4]
  Best epsilon: -1.25
  Best cost: 21902.29461051325 ± 30.068471301496018

Method: find_stationary
  Order-up-to vector: [11, 11, 11, 11, 11, 11, 11, 11, 11, 11, 11, 11, 11, 11, 11, 6, 6, 6, 6, 6, 6, 6, 6, 6, 6, 6, 6, 6, 6, 6, 4, 4, 4, 4, 4, 4, 4, 4, 4, 4, 4, 4, 4, 4, 4, 4, 4, 4, 4, 4]
  Best epsilon: -1.25
  Best cost: 21993.331229608833 ± 26.842109535587884

============================================================
Complete! Per-method results saved to:
  output/nn_training/results_50D_CaseLL_solve_inf.json
  output/nn_training/results_50D_CaseLL_find_stationary.json
============================================================

  Activating project at `~/DeepSJRP`
[ Info:  started timer at: 2026-04-26T12:33:18.305
┌ Warning: Layer with Float32 parameters got Float64 input.
│   The input will be converted, but any earlier layers may be very slow.
│   layer = Dense(50 => 1000, elu)  # 51_000 parameters
│   summary(x) = "50-element Vector{Float64}"
└ @ Flux ~/.julia/packages/Flux/DZYiO/src/layers/stateless.jl:60
RUNNING THE L-BFGS-B CODE

           * * *

Machine precision = 2.220D-16
 N =           50     M =           10

At X0         0 variables are exactly at the bounds

At iterate    0    f=  2.21001D+02    |proj g|=  2.11681D-03

           * * *

Tit   = total number of iterations
Tnf   = total number of function evaluations
Tnint = total number of segments explored during Cauchy searches
Skip  = number of BFGS updates skipped
Nact  = number of active bounds at final generalized Cauchy point
Projg = norm of the final projected gradient
F     = final function value

           * * *

   N    Tit     Tnf  Tnint  Skip  Nact     Projg        F
   50      0      1      0     0     0   2.117D-03   2.210D+02
  F =   221.00131896972655     

CONVERGENCE: NORM_OF_PROJECTED_GRADIENT_<=_PGTOL            

 Cauchy                time 0.000E+00 seconds.
 Subspace minimization time 0.000E+00 seconds.
 Line search           time 0.000E+00 seconds.

 Total User time 3.111E+00 seconds.

RUNNING THE L-BFGS-B CODE

           * * *

Machine precision = 2.220D-16
 N =           50     M =           10

At X0         0 variables are exactly at the bounds

At iterate    0    f=  6.38546D-05    |proj g|=  2.94295D-06

           * * *

Tit   = total number of iterations
Tnf   = total number of function evaluations
Tnint = total number of segments explored during Cauchy searches
Skip  = number of BFGS updates skipped
Nact  = number of active bounds at final generalized Cauchy point
Projg = norm of the final projected gradient
F     = final function value

           * * *

   N    Tit     Tnf  Tnint  Skip  Nact     Projg        F
   50      0      1      0     0     0   2.943D-06   6.385D-05
  F =   6.3854609341027304E-005

CONVERGENCE: NORM_OF_PROJECTED_GRADIENT_<=_PGTOL            

 Cauchy                time 0.000E+00 seconds.
 Subspace minimization time 0.000E+00 seconds.
 Line search           time 0.000E+00 seconds.

 Total User time 4.189E-01 seconds.

