
============================================================
DeepSJRP - Stochastic Joint Replenishment Problem Solver
============================================================
Instance: 50D_CaseHL
Options: Dict{Symbol, Any}(:beta_override => 100000.0, :alpha_override => nothing, :device => :gpu, :nu_override => 0.1, :T_override => 0.1, :seed => 777)
============================================================

Device: CUDA GPU
CUDA toolchain: 
- runtime 12.8, local installation
- driver 580.126.20 for 13.2
- compiler 12.9

CUDA libraries: 
- CUBLAS: 12.8.4
- CURAND: 10.3.9
- CUFFT: 11.3.3
- CUSOLVER: 11.7.3
- CUSPARSE: 12.5.8
- CUPTI: 2025.1.1 (API 12.8.0)
- NVML: 13.0.0+580.126.20

Julia packages: 
- CUDA: 5.11.0
- GPUArrays: 11.4.1
- GPUCompiler: 1.9.1
- KernelAbstractions: 0.9.41
- CUDA_Driver_jll: 13.2.0+0
- CUDA_Compiler_jll: 0.4.2+0
- CUDA_Runtime_jll: 0.21.0+0
- CUDA_Runtime_Discovery: 1.0.0

Toolchain:
- Julia: 1.11.7
- LLVM: 16.0.6

Preferences:
- CUDA_Runtime_jll.version: local

1 device:
  0: NVIDIA H100 80GB HBM3 (sm_90, 79.175 GiB / 79.647 GiB available)
BLAS threads: 1
Julia threads: 10

Benchmark source: QS

============================================================
IMPULSE CONTROL PROBLEM (scaled, annual)
============================================================
Instance: 50D_CaseHL
Dimension: 50
Interest rate: 0.05
Cost scaling κ: 0.01

Drift μ (annual demand rates): [50.0, 50.0, 50.0, 50.0, 50.0, 50.0, 50.0, 50.0, 50.0, 50.0, 50.0, 50.0, 50.0, 50.0, 50.0, 25.0, 25.0, 25.0, 25.0, 25.0, 25.0, 25.0, 25.0, 25.0, 25.0, 25.0, 25.0, 25.0, 25.0, 25.0, 12.5, 12.5, 12.5, 12.5, 12.5, 12.5, 12.5, 12.5, 12.5, 12.5, 12.5, 12.5, 12.5, 12.5, 12.5, 12.5, 12.5, 12.5, 12.5, 12.5]
Covariance Σ diagonal: [2500.0, 2500.0, 2500.0, 2500.0, 2500.0, 2500.0, 2500.0, 2500.0, 2500.0, 2500.0, 2500.0, 2500.0, 2500.0, 2500.0, 2500.0, 625.0, 625.0, 625.0, 625.0, 625.0, 625.0, 625.0, 625.0, 625.0, 625.0, 625.0, 625.0, 625.0, 625.0, 625.0, 156.25, 156.25, 156.25, 156.25, 156.25, 156.25, 156.25, 156.25, 156.25, 156.25, 156.25, 156.25, 156.25, 156.25, 156.25, 156.25, 156.25, 156.25, 156.25, 156.25]

Scaled costs (× κ = 0.01):
  Fixed cost K:    0.5
  Variable costs c: [0.001, 0.001, 0.001, 0.001, 0.001, 0.001, 0.001, 0.001, 0.001, 0.001, 0.001, 0.001, 0.001, 0.001, 0.001, 0.002, 0.002, 0.002, 0.002, 0.002, 0.002, 0.002, 0.002, 0.002, 0.002, 0.002, 0.002, 0.002, 0.002, 0.002, 0.004, 0.004, 0.004, 0.004, 0.004, 0.004, 0.004, 0.004, 0.004, 0.004, 0.004, 0.004, 0.004, 0.004, 0.004, 0.004, 0.004, 0.004, 0.004, 0.004]
  Holding costs h:  [0.01, 0.01, 0.01, 0.01, 0.01, 0.01, 0.01, 0.01, 0.01, 0.01, 0.01, 0.01, 0.01, 0.01, 0.01, 0.02, 0.02, 0.02, 0.02, 0.02, 0.02, 0.02, 0.02, 0.02, 0.02, 0.02, 0.02, 0.02, 0.02, 0.02, 0.04, 0.04, 0.04, 0.04, 0.04, 0.04, 0.04, 0.04, 0.04, 0.04, 0.04, 0.04, 0.04, 0.04, 0.04, 0.04, 0.04, 0.04, 0.04, 0.04]
  Penalty costs p:  [0.25, 0.25, 0.25, 0.25, 0.25, 0.25, 0.25, 0.25, 0.25, 0.25, 0.25, 0.25, 0.25, 0.25, 0.25, 0.5, 0.5, 0.5, 0.5, 0.5, 0.5, 0.5, 0.5, 0.5, 0.5, 0.5, 0.5, 0.5, 0.5, 0.5, 1.0, 1.0, 1.0, 1.0, 1.0, 1.0, 1.0, 1.0, 1.0, 1.0, 1.0, 1.0, 1.0, 1.0, 1.0, 1.0, 1.0, 1.0, 1.0, 1.0]

Original costs (unscaled):
  Fixed cost K:    50.0
  Variable costs c: [0.1, 0.1, 0.1, 0.1, 0.1, 0.1, 0.1, 0.1, 0.1, 0.1, 0.1, 0.1, 0.1, 0.1, 0.1, 0.2, 0.2, 0.2, 0.2, 0.2, 0.2, 0.2, 0.2, 0.2, 0.2, 0.2, 0.2, 0.2, 0.2, 0.2, 0.4, 0.4, 0.4, 0.4, 0.4, 0.4, 0.4, 0.4, 0.4, 0.4, 0.4, 0.4, 0.4, 0.4, 0.4, 0.4, 0.4, 0.4, 0.4, 0.4]
  Holding costs h:  [1.0, 1.0, 1.0, 1.0, 1.0, 1.0, 1.0, 1.0, 1.0, 1.0, 1.0, 1.0, 1.0, 1.0, 1.0, 2.0, 2.0, 2.0, 2.0, 2.0, 2.0, 2.0, 2.0, 2.0, 2.0, 2.0, 2.0, 2.0, 2.0, 2.0, 4.0, 4.0, 4.0, 4.0, 4.0, 4.0, 4.0, 4.0, 4.0, 4.0, 4.0, 4.0, 4.0, 4.0, 4.0, 4.0, 4.0, 4.0, 4.0, 4.0]
  Penalty costs p:  [25.0, 25.0, 25.0, 25.0, 25.0, 25.0, 25.0, 25.0, 25.0, 25.0, 25.0, 25.0, 25.0, 25.0, 25.0, 50.0, 50.0, 50.0, 50.0, 50.0, 50.0, 50.0, 50.0, 50.0, 50.0, 50.0, 50.0, 50.0, 50.0, 50.0, 100.0, 100.0, 100.0, 100.0, 100.0, 100.0, 100.0, 100.0, 100.0, 100.0, 100.0, 100.0, 100.0, 100.0, 100.0, 100.0, 100.0, 100.0, 100.0, 100.0]
============================================================

============================================================
TRAINING HYPERPARAMETERS
============================================================
Benchmark source: QS
Precision:        Float32
Batch size:       5000
Num intervals:    100
T horizon:        0.1
Num iterations:   40000
Learning rates:   [0.001, 0.0002, 0.0001, 1.0e-5, 1.0e-6]
LR steps:         [1, 5000, 10000, 20000, 30000]
Beta penalty:     [1.0, 10.0, 100.0, 1000.0, 10000.0, 100000.0]
Penalty steps:    [1, 2500, 5000, 7500, 10000, 20000]
Lambda rate:      16.524998940105988
S guess:          [[10.0, 10.0, 10.0, 10.0, 10.0, 10.0, 10.0, 10.0, 10.0, 10.0, 10.0, 10.0, 10.0, 10.0, 10.0, 6.0, 6.0, 6.0, 6.0, 6.0, 6.0, 6.0, 6.0, 6.0, 6.0, 6.0, 6.0, 6.0, 6.0, 6.0, 4.0, 4.0, 4.0, 4.0, 4.0, 4.0, 4.0, 4.0, 4.0, 4.0, 4.0, 4.0, 4.0, 4.0, 4.0, 4.0, 4.0, 4.0, 4.0, 4.0]]
Nu radius:        0.1
S distribution:   lognormal
Alpha factor:     0.0
Alpha js:         [0.0, 0.0, 0.0, 0.0, 0.0, 0.0, 0.0, 0.0, 0.0, 0.0, 0.0, 0.0, 0.0, 0.0, 0.0, 0.0, 0.0, 0.0, 0.0, 0.0, 0.0, 0.0, 0.0, 0.0, 0.0, 0.0, 0.0, 0.0, 0.0, 0.0, 0.0, 0.0, 0.0, 0.0, 0.0, 0.0, 0.0, 0.0, 0.0, 0.0, 0.0, 0.0, 0.0, 0.0, 0.0, 0.0, 0.0, 0.0, 0.0, 0.0]
Cost scaling:     0.01

Neural network architecture:
  Hidden layers:  4
  Width:          1000
  Activation:     elu

Optimization parameters:
  Start factor:   1.0
  Lower factor:   0.5
  Upper factor:   1.5
  Sim runs:       10
  Sim horizon:    5000
  Epsilons:       [-1.25, -2.5, -5.0, -7.5, -10.0, -12.5, -15.0, -20.0, -25.0, -30.0, -40.0, -50.0, -75.0, -100.0]
============================================================

Gradient network G (∇V):
Chain(
  Dense(50 => 1000, elu),               # 51_000 parameters
  Dense(1000 => 1000, elu),             # 1_001_000 parameters
  Dense(1000 => 1000, elu),             # 1_001_000 parameters
  Dense(1000 => 1000, elu),             # 1_001_000 parameters
  Dense(1000 => 50),                    # 50_050 parameters
)                   # Total: 10 arrays, 3_104_050 parameters, 1.562 KiB.

Value network H (V):
Chain(
  Dense(50 => 1000, elu),               # 51_000 parameters
  Dense(1000 => 1000, elu),             # 1_001_000 parameters
  Dense(1000 => 1000, elu),             # 1_001_000 parameters
  Dense(1000 => 1000, elu),             # 1_001_000 parameters
  Dense(1000 => 1),                     # 1_001 parameters
)                   # Total: 10 arrays, 3_055_001 parameters, 1.562 KiB.


============================================================
Starting neural network training...
============================================================

Starting training with steady-state sampler:
-----------------------------------------
Epoch: 1; Penalty β updated to: 1.0
-----------------------------------------
─── Device check ───
  x_tn: CuArray{Float32} (50, 100, 5000)
  dB: CuArray{Float32} (50, 100, 5000)
  dU: CuArray{Float32} (50, 100, 5000)
  exponentials: CuArray{Float32} (1, 100)
  loss_dB: CuArray{Float32} (1, 5000)
  loss_df: CuArray{Float32} (1, 5000)
  loss_dU: CuArray{Float32} (1, 5000)
  H_x0: CuArray{Float32} (1, 5000)
  H_xT: CuArray{Float32} (1, 5000)
  penalties: CuArray{Float32} (1, 5000)
────────────────────
Epoch: 1; Computation time: 59.374941333; Current value of V(0): 0.0
Lagrangian objective: 347981.8; Average H(x0): 0.0; Quantile-hedge α(β): 50.14000000000001
Simulation time per epoch: 10.171692123; Gradient computation time: 36.795454468; Testing time: 11.759302369
Epoch: 1000; Computation time: 396.728574225; Current value of V(0): 106924.1455078125
Lagrangian objective: -10503.737; Average H(x0): 20233.395; Quantile-hedge α(β): 0.0
Simulation time per epoch: 0.074074844; Gradient computation time: 0.180334098; Testing time: 0.082918044
Epoch: 2000; Computation time: 734.077505649; Current value of V(0): 220880.6640625
Lagrangian objective: -10232.28; Average H(x0): 20300.76; Quantile-hedge α(β): 0.0
Simulation time per epoch: 0.074107331; Gradient computation time: 0.180421189; Testing time: 0.082876744
-----------------------------------------
Epoch: 2500; Penalty β updated to: 10.0
-----------------------------------------
Epoch: 3000; Computation time: 1071.484765022; Current value of V(0): -23866.96319580078
Lagrangian objective: -1581.0555; Average H(x0): 2726.9023; Quantile-hedge α(β): 1.5199999999999991
Simulation time per epoch: 0.074069988; Gradient computation time: 0.180469605; Testing time: 0.082850721
Epoch: 4000; Computation time: 1408.906250789; Current value of V(0): -21492.909240722656
Lagrangian objective: -1546.6368; Average H(x0): 2767.9607; Quantile-hedge α(β): 1.2800000000000034
Simulation time per epoch: 0.074038135; Gradient computation time: 0.180273415; Testing time: 0.082910196
-----------------------------------------
Epoch: 5000; Penalty β updated to: 100.0
-----------------------------------------
Epoch: 5000; Computation time: 1746.267585651; Current value of V(0): -19025.241088867188
Lagrangian objective: 8250.096; Average H(x0): 2740.0442; Quantile-hedge α(β): 0.33999999999999586
Simulation time per epoch: 0.074000669; Gradient computation time: 0.180267074; Testing time: 0.082803934
Epoch: 6000; Computation time: 2083.625202578; Current value of V(0): -60795.794677734375
Lagrangian objective: -704.52844; Average H(x0): 870.4594; Quantile-hedge α(β): 19.199999999999996
Simulation time per epoch: 0.074055386; Gradient computation time: 0.180488474; Testing time: 0.082871777
Epoch: 7000; Computation time: 2420.962641759; Current value of V(0): -61096.466064453125
Lagrangian objective: -701.15216; Average H(x0): 861.8019; Quantile-hedge α(β): 20.14
Simulation time per epoch: 0.074073755; Gradient computation time: 0.180148781; Testing time: 0.082857394
-----------------------------------------
Epoch: 7500; Penalty β updated to: 1000.0
-----------------------------------------
Epoch: 8000; Computation time: 2758.3192271; Current value of V(0): -95575.87890625
Lagrangian objective: 384.53195; Average H(x0): -336.4145; Quantile-hedge α(β): 99.32
Simulation time per epoch: 0.074063935; Gradient computation time: 0.180299423; Testing time: 0.082925903
Epoch: 9000; Computation time: 3095.660472444; Current value of V(0): -78066.66870117188
Lagrangian objective: -510.94464; Average H(x0): 579.1453; Quantile-hedge α(β): 73.03999999999999
Simulation time per epoch: 0.074097856; Gradient computation time: 0.180400672; Testing time: 0.082903039
-----------------------------------------
Epoch: 10000; Penalty β updated to: 10000.0
-----------------------------------------
Epoch: 10000; Computation time: 3433.003922532; Current value of V(0): -90973.68774414062
Lagrangian objective: 143.77658; Average H(x0): -31.940857; Quantile-hedge α(β): 98.72
Simulation time per epoch: 0.073988476; Gradient computation time: 0.180513284; Testing time: 0.082878145
Epoch: 11000; Computation time: 3770.347888967; Current value of V(0): -111193.78662109375
Lagrangian objective: 832.1953; Average H(x0): -830.6039; Quantile-hedge α(β): 99.9
Simulation time per epoch: 0.074079358; Gradient computation time: 0.180566987; Testing time: 0.082869733
Epoch: 12000; Computation time: 4107.76304982; Current value of V(0): -103948.8037109375
Lagrangian objective: 455.5972; Average H(x0): -453.7445; Quantile-hedge α(β): 99.94
Simulation time per epoch: 0.074065632; Gradient computation time: 0.180375472; Testing time: 0.08285416
Epoch: 13000; Computation time: 4445.127706926; Current value of V(0): -93977.9541015625
Lagrangian objective: -102.556946; Average H(x0): 104.67065; Quantile-hedge α(β): 99.92
Simulation time per epoch: 0.074073185; Gradient computation time: 0.180414726; Testing time: 0.083010305
Epoch: 14000; Computation time: 4782.481746448; Current value of V(0): -106700.13427734375
Lagrangian objective: 738.7251; Average H(x0): -736.3327; Quantile-hedge α(β): 99.92
Simulation time per epoch: 0.074066597; Gradient computation time: 0.18063209; Testing time: 0.082902646
Epoch: 15000; Computation time: 5119.826529186; Current value of V(0): -103117.05322265625
Lagrangian objective: 509.60754; Average H(x0): -502.20135; Quantile-hedge α(β): 99.9
Simulation time per epoch: 0.074147456; Gradient computation time: 0.1802577; Testing time: 0.082868707
Epoch: 16000; Computation time: 5457.146911152; Current value of V(0): -94751.72119140625
Lagrangian objective: 48.083397; Average H(x0): -44.492336; Quantile-hedge α(β): 99.74
Simulation time per epoch: 0.074060449; Gradient computation time: 0.1802318; Testing time: 0.0828783
Epoch: 17000; Computation time: 5794.460406157; Current value of V(0): -88303.08837890625
Lagrangian objective: -384.1204; Average H(x0): 405.13165; Quantile-hedge α(β): 98.04
Simulation time per epoch: 0.074049572; Gradient computation time: 0.180394717; Testing time: 0.082890938
Epoch: 18000; Computation time: 6131.817994216; Current value of V(0): -107357.48291015625
Lagrangian objective: 1752.667; Average H(x0): -773.6647; Quantile-hedge α(β): 99.36
Simulation time per epoch: 0.074076973; Gradient computation time: 0.180330451; Testing time: 0.082871965
Epoch: 19000; Computation time: 6469.11114464; Current value of V(0): -106445.86181640625
Lagrangian objective: 629.2216; Average H(x0): -629.2216; Quantile-hedge α(β): 100.0
Simulation time per epoch: 0.074044558; Gradient computation time: 0.180232942; Testing time: 0.082858541
-----------------------------------------
Epoch: 20000; Penalty β updated to: 100000.0
-----------------------------------------
Epoch: 20000; Computation time: 6806.421443876; Current value of V(0): -101223.974609375
Lagrangian objective: 327.28107; Average H(x0): -313.45685; Quantile-hedge α(β): 99.94
Simulation time per epoch: 0.074067004; Gradient computation time: 0.180283301; Testing time: 0.082890812
Epoch: 21000; Computation time: 7143.772799883; Current value of V(0): -100490.46020507812
Lagrangian objective: 274.45435; Average H(x0): -273.32544; Quantile-hedge α(β): 99.96000000000001
Simulation time per epoch: 0.074024113; Gradient computation time: 0.180402325; Testing time: 0.082886197
Epoch: 22000; Computation time: 7481.122250749; Current value of V(0): -99390.49682617188
Lagrangian objective: 200.21729; Average H(x0): -200.21729; Quantile-hedge α(β): 100.0
Simulation time per epoch: 0.074082911; Gradient computation time: 0.180400513; Testing time: 0.082874174
Epoch: 23000; Computation time: 7818.519015186; Current value of V(0): -97588.12866210938
Lagrangian objective: 84.74796; Average H(x0): -83.43256; Quantile-hedge α(β): 99.98
Simulation time per epoch: 0.074028341; Gradient computation time: 0.18028807; Testing time: 0.082845735
Epoch: 24000; Computation time: 8155.847191385; Current value of V(0): -97105.76782226562
Lagrangian objective: 59.107086; Average H(x0): -59.107086; Quantile-hedge α(β): 100.0
Simulation time per epoch: 0.074076893; Gradient computation time: 0.18012707; Testing time: 0.082856595
Epoch: 25000; Computation time: 8493.212083928; Current value of V(0): -96585.72998046875
Lagrangian objective: 27.720112; Average H(x0): -27.149755; Quantile-hedge α(β): 99.96000000000001
Simulation time per epoch: 0.074098848; Gradient computation time: 0.180229477; Testing time: 0.082865735
Epoch: 26000; Computation time: 8830.530655198; Current value of V(0): -95802.94799804688
Lagrangian objective: -23.75488; Average H(x0): 23.75488; Quantile-hedge α(β): 100.0
Simulation time per epoch: 0.074072346; Gradient computation time: 0.180405534; Testing time: 0.082831274
Epoch: 27000; Computation time: 9167.841554675; Current value of V(0): -94246.96044921875
Lagrangian objective: -169.59944; Average H(x0): 169.59944; Quantile-hedge α(β): 100.0
Simulation time per epoch: 0.074173699; Gradient computation time: 0.180308812; Testing time: 0.082840798
Epoch: 28000; Computation time: 9505.188890484; Current value of V(0): -94064.013671875
Lagrangian objective: -161.69154; Average H(x0): 161.69154; Quantile-hedge α(β): 100.0
Simulation time per epoch: 0.074047499; Gradient computation time: 0.180412333; Testing time: 0.082841434
Epoch: 29000; Computation time: 9842.532089496; Current value of V(0): -93374.27368164062
Lagrangian objective: -220.59415; Average H(x0): 223.26585; Quantile-hedge α(β): 99.96000000000001
Simulation time per epoch: 0.074113227; Gradient computation time: 0.180131872; Testing time: 0.082872082
Epoch: 30000; Computation time: 10179.833781904; Current value of V(0): -91806.93359375
Lagrangian objective: -357.56284; Average H(x0): 358.66364; Quantile-hedge α(β): 99.96000000000001
Simulation time per epoch: 0.074101682; Gradient computation time: 0.180393308; Testing time: 0.082864686
Epoch: 31000; Computation time: 10517.128016096; Current value of V(0): -91596.18530273438
Lagrangian objective: -370.9686; Average H(x0): 378.4818; Quantile-hedge α(β): 99.86
Simulation time per epoch: 0.074057654; Gradient computation time: 0.18036301; Testing time: 0.08285992
Epoch: 32000; Computation time: 10854.431201234; Current value of V(0): -91328.90625
Lagrangian objective: -394.3783; Average H(x0): 403.55704; Quantile-hedge α(β): 99.8
Simulation time per epoch: 0.074067242; Gradient computation time: 0.180277477; Testing time: 0.082851743
Epoch: 33000; Computation time: 11191.709932249; Current value of V(0): -91105.224609375
Lagrangian objective: -409.52655; Average H(x0): 425.1546; Quantile-hedge α(β): 99.52
Simulation time per epoch: 0.074081057; Gradient computation time: 0.18011844; Testing time: 0.082900116
Epoch: 34000; Computation time: 11529.058339717; Current value of V(0): -90961.99340820312
Lagrangian objective: -413.9546; Average H(x0): 438.9111; Quantile-hedge α(β): 99.5
Simulation time per epoch: 0.074085111; Gradient computation time: 0.180674665; Testing time: 0.082834244
Epoch: 35000; Computation time: 11866.349990551; Current value of V(0): -90991.7724609375
Lagrangian objective: -415.75198; Average H(x0): 436.21024; Quantile-hedge α(β): 99.28
Simulation time per epoch: 0.074013228; Gradient computation time: 0.180379677; Testing time: 0.082876796
Epoch: 36000; Computation time: 12203.68186613; Current value of V(0): -91022.71728515625
Lagrangian objective: -398.4283; Average H(x0): 431.2616; Quantile-hedge α(β): 99.22
Simulation time per epoch: 0.074133873; Gradient computation time: 0.18012115; Testing time: 0.082873085
Epoch: 37000; Computation time: 12541.015255336; Current value of V(0): -90911.18774414062
Lagrangian objective: -413.37726; Average H(x0): 442.42307; Quantile-hedge α(β): 99.24
Simulation time per epoch: 0.074104019; Gradient computation time: 0.180379327; Testing time: 0.082858766
Epoch: 38000; Computation time: 12878.365852836; Current value of V(0): -90892.919921875
Lagrangian objective: -441.51746; Average H(x0): 446.0085; Quantile-hedge α(β): 99.32
Simulation time per epoch: 0.074065326; Gradient computation time: 0.180236998; Testing time: 0.082869776
Epoch: 39000; Computation time: 13215.661937482; Current value of V(0): -90928.47290039062
Lagrangian objective: -417.08972; Average H(x0): 441.6973; Quantile-hedge α(β): 99.4
Simulation time per epoch: 0.074144825; Gradient computation time: 0.180408728; Testing time: 0.082859114
Epoch: 40000; Computation time: 13552.94955138; Current value of V(0): -90838.19580078125
Lagrangian objective: -417.7085; Average H(x0): 451.1569; Quantile-hedge α(β): 99.14
Simulation time per epoch: 0.074084136; Gradient computation time: 0.180434295; Testing time: 0.082841332

Training completed in 13552.949641328 seconds
Final V(0): -90837.9638671875

============================================================
Running policy evaluation...
============================================================


============================================================
INVENTORY PROBLEM (unscaled, weekly)
============================================================
Dimension:       50
Discount factor: 0.9990389236684376
Fixed cost:      50.0
Variable costs:  [0.1, 0.1, 0.1, 0.1, 0.1, 0.1, 0.1, 0.1, 0.1, 0.1, 0.1, 0.1, 0.1, 0.1, 0.1, 0.2, 0.2, 0.2, 0.2, 0.2, 0.2, 0.2, 0.2, 0.2, 0.2, 0.2, 0.2, 0.2, 0.2, 0.2, 0.4, 0.4, 0.4, 0.4, 0.4, 0.4, 0.4, 0.4, 0.4, 0.4, 0.4, 0.4, 0.4, 0.4, 0.4, 0.4, 0.4, 0.4, 0.4, 0.4]
Holding costs:   [0.019230769230769232, 0.019230769230769232, 0.019230769230769232, 0.019230769230769232, 0.019230769230769232, 0.019230769230769232, 0.019230769230769232, 0.019230769230769232, 0.019230769230769232, 0.019230769230769232, 0.019230769230769232, 0.019230769230769232, 0.019230769230769232, 0.019230769230769232, 0.019230769230769232, 0.038461538461538464, 0.038461538461538464, 0.038461538461538464, 0.038461538461538464, 0.038461538461538464, 0.038461538461538464, 0.038461538461538464, 0.038461538461538464, 0.038461538461538464, 0.038461538461538464, 0.038461538461538464, 0.038461538461538464, 0.038461538461538464, 0.038461538461538464, 0.038461538461538464, 0.07692307692307693, 0.07692307692307693, 0.07692307692307693, 0.07692307692307693, 0.07692307692307693, 0.07692307692307693, 0.07692307692307693, 0.07692307692307693, 0.07692307692307693, 0.07692307692307693, 0.07692307692307693, 0.07692307692307693, 0.07692307692307693, 0.07692307692307693, 0.07692307692307693, 0.07692307692307693, 0.07692307692307693, 0.07692307692307693, 0.07692307692307693, 0.07692307692307693]
Backlog costs:   [0.4807692307692308, 0.4807692307692308, 0.4807692307692308, 0.4807692307692308, 0.4807692307692308, 0.4807692307692308, 0.4807692307692308, 0.4807692307692308, 0.4807692307692308, 0.4807692307692308, 0.4807692307692308, 0.4807692307692308, 0.4807692307692308, 0.4807692307692308, 0.4807692307692308, 0.9615384615384616, 0.9615384615384616, 0.9615384615384616, 0.9615384615384616, 0.9615384615384616, 0.9615384615384616, 0.9615384615384616, 0.9615384615384616, 0.9615384615384616, 0.9615384615384616, 0.9615384615384616, 0.9615384615384616, 0.9615384615384616, 0.9615384615384616, 0.9615384615384616, 1.9230769230769231, 1.9230769230769231, 1.9230769230769231, 1.9230769230769231, 1.9230769230769231, 1.9230769230769231, 1.9230769230769231, 1.9230769230769231, 1.9230769230769231, 1.9230769230769231, 1.9230769230769231, 1.9230769230769231, 1.9230769230769231, 1.9230769230769231, 1.9230769230769231, 1.9230769230769231, 1.9230769230769231, 1.9230769230769231, 1.9230769230769231, 1.9230769230769231]
Demand dists:    DataType[Distributions.NegativeBinomial{Float64}, Distributions.NegativeBinomial{Float64}, Distributions.NegativeBinomial{Float64}, Distributions.NegativeBinomial{Float64}, Distributions.NegativeBinomial{Float64}, Distributions.NegativeBinomial{Float64}, Distributions.NegativeBinomial{Float64}, Distributions.NegativeBinomial{Float64}, Distributions.NegativeBinomial{Float64}, Distributions.NegativeBinomial{Float64}, Distributions.NegativeBinomial{Float64}, Distributions.NegativeBinomial{Float64}, Distributions.NegativeBinomial{Float64}, Distributions.NegativeBinomial{Float64}, Distributions.NegativeBinomial{Float64}, Distributions.NegativeBinomial{Float64}, Distributions.NegativeBinomial{Float64}, Distributions.NegativeBinomial{Float64}, Distributions.NegativeBinomial{Float64}, Distributions.NegativeBinomial{Float64}, Distributions.NegativeBinomial{Float64}, Distributions.NegativeBinomial{Float64}, Distributions.NegativeBinomial{Float64}, Distributions.NegativeBinomial{Float64}, Distributions.NegativeBinomial{Float64}, Distributions.NegativeBinomial{Float64}, Distributions.NegativeBinomial{Float64}, Distributions.NegativeBinomial{Float64}, Distributions.NegativeBinomial{Float64}, Distributions.NegativeBinomial{Float64}, Distributions.NegativeBinomial{Float64}, Distributions.NegativeBinomial{Float64}, Distributions.NegativeBinomial{Float64}, Distributions.NegativeBinomial{Float64}, Distributions.NegativeBinomial{Float64}, Distributions.NegativeBinomial{Float64}, Distributions.NegativeBinomial{Float64}, Distributions.NegativeBinomial{Float64}, Distributions.NegativeBinomial{Float64}, Distributions.NegativeBinomial{Float64}, Distributions.NegativeBinomial{Float64}, Distributions.NegativeBinomial{Float64}, Distributions.NegativeBinomial{Float64}, Distributions.NegativeBinomial{Float64}, Distributions.NegativeBinomial{Float64}, Distributions.NegativeBinomial{Float64}, Distributions.NegativeBinomial{Float64}, Distributions.NegativeBinomial{Float64}, Distributions.NegativeBinomial{Float64}, Distributions.NegativeBinomial{Float64}]
Demand means:    [0.9615384615384615, 0.9615384615384615, 0.9615384615384615, 0.9615384615384615, 0.9615384615384615, 0.9615384615384615, 0.9615384615384615, 0.9615384615384615, 0.9615384615384615, 0.9615384615384615, 0.9615384615384615, 0.9615384615384615, 0.9615384615384615, 0.9615384615384615, 0.9615384615384615, 0.4807692307692307, 0.4807692307692307, 0.4807692307692307, 0.4807692307692307, 0.4807692307692307, 0.4807692307692307, 0.4807692307692307, 0.4807692307692307, 0.4807692307692307, 0.4807692307692307, 0.4807692307692307, 0.4807692307692307, 0.4807692307692307, 0.4807692307692307, 0.4807692307692307, 0.2403846153846154, 0.2403846153846154, 0.2403846153846154, 0.2403846153846154, 0.2403846153846154, 0.2403846153846154, 0.2403846153846154, 0.2403846153846154, 0.2403846153846154, 0.2403846153846154, 0.2403846153846154, 0.2403846153846154, 0.2403846153846154, 0.2403846153846154, 0.2403846153846154, 0.2403846153846154, 0.2403846153846154, 0.2403846153846154, 0.2403846153846154, 0.2403846153846154]
============================================================

==================================================
Computing order-up-to vector via :solve_inf
==================================================

Method: solve_inf
Final objective: -578.7053905398316
z*: [6.171793909514854, 6.2236831864328765, 5.0, 5.072597773666888, 5.0, 5.653062228117333, 5.0, 5.0, 5.0, 5.0, 8.074640744761743, 5.0, 6.072373732234971, 5.0, 5.0, 3.0, 3.0, 3.0, 3.0, 3.0, 3.0, 3.0, 3.0, 3.0, 3.0, 3.0, 3.0, 3.0, 3.0, 3.0, 2.0, 2.0, 2.0, 2.0, 2.0, 2.0, 2.0, 2.0, 2.0, 2.0, 2.0, 2.0, 2.0, 2.0, 2.0, 2.0, 2.0, 2.0, 2.0, 2.0]
Intervention value: -330.1741870968872

==================================================
Computing order-up-to vector via :find_stationary
==================================================

Method: find_stationary
Final residual: 0.023468778651906958
z*: [12.30154695945567, 5.0, 7.872310007287362, 15.0, 14.938699683365392, 15.0, 13.792700353803937, 15.0, 15.0, 15.0, 11.701082034637539, 5.0, 13.953723978135134, 15.0, 14.33122149168036, 8.604251479104354, 8.823779971073934, 8.303911161021874, 9.0, 9.0, 3.0, 9.0, 9.0, 8.919487776695673, 5.678147838626249, 9.0, 3.0, 3.0, 9.0, 9.0, 6.0, 6.0, 2.0, 2.0196603831875772, 6.0, 5.731455257263288, 6.0, 6.0, 6.0, 6.0, 6.0, 6.0, 6.0, 6.0, 6.0, 6.0, 2.0, 2.0, 6.0, 2.0]
Intervention value: -1361.4822326378983

==================================================
Summary:
  solve_inf:       z* = [6, 6, 5, 5, 5, 6, 5, 5, 5, 5, 8, 5, 6, 5, 5, 3, 3, 3, 3, 3, 3, 3, 3, 3, 3, 3, 3, 3, 3, 3, 2, 2, 2, 2, 2, 2, 2, 2, 2, 2, 2, 2, 2, 2, 2, 2, 2, 2, 2, 2]
  find_stationary: z* = [12, 5, 8, 15, 15, 15, 14, 15, 15, 15, 12, 5, 14, 15, 14, 9, 9, 8, 9, 9, 3, 9, 9, 9, 6, 9, 3, 3, 9, 9, 6, 6, 2, 2, 6, 6, 6, 6, 6, 6, 6, 6, 6, 6, 6, 6, 2, 2, 6, 2]
==================================================

============================================================
Evaluating method: solve_inf
============================================================

----------------------------------------
Evaluating ε = -1.25
----------------------------------------
Mean cost: 74342.65197579011 ± 248.60373718332727
  Inventory costs: 24032.908959564167
  Variable costs:  4988.95140482822
  Fixed costs:     45320.79161139786
  Simulation time: 623.9s

----------------------------------------
Evaluating ε = -2.5
----------------------------------------
Mean cost: 74017.82685496911 ± 171.32155704355756
  Inventory costs: 24099.86383274326
  Variable costs:  4990.67109038148
  Fixed costs:     44927.291931844666
  Simulation time: 645.4s

----------------------------------------
Evaluating ε = -5.0
----------------------------------------
Mean cost: 73949.85387496071 ± 286.0584785768536
  Inventory costs: 24245.197087533652
  Variable costs:  4926.456293929451
  Fixed costs:     44778.20049349769
  Simulation time: 647.0s

----------------------------------------
Evaluating ε = -7.5
----------------------------------------
Mean cost: 73996.38412429296 ± 329.0912322928957
  Inventory costs: 24992.59506710765
  Variable costs:  4998.854660612197
  Fixed costs:     44004.93439657309
  Simulation time: 648.9s

----------------------------------------
Evaluating ε = -10.0
----------------------------------------
Mean cost: 74246.16567736267 ± 212.26540209314538
  Inventory costs: 25714.544859602374
  Variable costs:  4993.203396381903
  Fixed costs:     43538.41742137855
  Simulation time: 642.6s

----------------------------------------
Evaluating ε = -12.5
----------------------------------------
Mean cost: 74078.60918116107 ± 252.00042554177975
  Inventory costs: 26292.318146834827
  Variable costs:  5003.996195018553
  Fixed costs:     42782.29483930788
  Simulation time: 637.5s

----------------------------------------
Evaluating ε = -15.0
----------------------------------------
Mean cost: 74214.51396623118 ± 239.71204717490804
  Inventory costs: 27161.448723279376
  Variable costs:  5008.631517597958
  Fixed costs:     42044.4337253539
  Simulation time: 646.5s

----------------------------------------
Evaluating ε = -20.0
----------------------------------------
Mean cost: 74271.29254856793 ± 346.0831798854666
  Inventory costs: 28683.46259944143
  Variable costs:  4973.203965737321
  Fixed costs:     40614.62598338913
  Simulation time: 650.7s

----------------------------------------
Evaluating ε = -25.0
----------------------------------------
Mean cost: 75212.70612353177 ± 218.82183707980292
  Inventory costs: 32102.81210884151
  Variable costs:  4984.290640176139
  Fixed costs:     38125.603374514
  Simulation time: 639.9s

----------------------------------------
Evaluating ε = -30.0
----------------------------------------
Mean cost: 75705.22177936429 ± 235.5627042934394
  Inventory costs: 35368.86657434413
  Variable costs:  4988.258837760236
  Fixed costs:     35348.096367259925
  Simulation time: 638.7s

----------------------------------------
Evaluating ε = -40.0
----------------------------------------
Mean cost: 79043.24969062267 ± 292.0392906892874
  Inventory costs: 44465.85695111945
  Variable costs:  5043.4971163512355
  Fixed costs:     29533.895623152028
  Simulation time: 649.7s

----------------------------------------
Evaluating ε = -50.0
----------------------------------------
Mean cost: 83761.98086168883 ± 571.402472834025
  Inventory costs: 55338.31216846269
  Variable costs:  4941.760824709111
  Fixed costs:     23481.90786851692
  Simulation time: 646.1s

----------------------------------------
Evaluating ε = -75.0
----------------------------------------
Mean cost: 105934.08958111086 ± 645.7939103825493
  Inventory costs: 86271.1512660002
  Variable costs:  5055.733099133476
  Fixed costs:     14607.205215977094
  Simulation time: 649.1s

----------------------------------------
Evaluating ε = -100.0
----------------------------------------
Mean cost: 131439.59344320482 ± 977.6579616360981
  Inventory costs: 116099.9243319459
  Variable costs:  4962.017594246956
  Fixed costs:     10377.651517011784
  Simulation time: 644.1s

==================================================
Best epsilon: -5.0 with cost: 73949.85387496071 ± 286.0584785768536
==================================================

============================================================
Evaluating method: find_stationary
============================================================

----------------------------------------
Evaluating ε = -1.25
----------------------------------------
Mean cost: 52213.725346736166 ± 220.0808765724016
  Inventory costs: 32404.320005143167
  Variable costs:  5032.120281046553
  Fixed costs:     14777.285060546506
  Simulation time: 658.8s

----------------------------------------
Evaluating ε = -2.5
----------------------------------------
Mean cost: 52496.12833632738 ± 301.5726672097487
  Inventory costs: 33134.158446230096
  Variable costs:  5073.948646992609
  Fixed costs:     14288.021243104818
  Simulation time: 646.9s

----------------------------------------
Evaluating ε = -5.0
----------------------------------------
Mean cost: 52674.5330222679 ± 235.50434931643645
  Inventory costs: 34631.17760520319
  Variable costs:  5056.767589425848
  Fixed costs:     12986.587827638885
  Simulation time: 644.5s

----------------------------------------
Evaluating ε = -7.5
----------------------------------------
Mean cost: 53105.595071114636 ± 317.56418749478564
  Inventory costs: 36297.055555280356
  Variable costs:  5001.205065234379
  Fixed costs:     11807.33445059993
  Simulation time: 645.1s

----------------------------------------
Evaluating ε = -10.0
----------------------------------------
Mean cost: 54161.82497496294 ± 254.78631445235277
  Inventory costs: 38318.71838378396
  Variable costs:  5021.55018017684
  Fixed costs:     10821.556411002108
  Simulation time: 644.8s

----------------------------------------
Evaluating ε = -12.5
----------------------------------------
Mean cost: 55702.12668865982 ± 198.962455576165
  Inventory costs: 40363.584195230644
  Variable costs:  5069.339814262194
  Fixed costs:     10269.202679166961
  Simulation time: 650.0s

----------------------------------------
Evaluating ε = -15.0
----------------------------------------
Mean cost: 55957.09767903733 ± 243.8420016945246
  Inventory costs: 41726.90275734876
  Variable costs:  4957.589457094177
  Fixed costs:     9272.60546459443
  Simulation time: 637.3s

----------------------------------------
Evaluating ε = -20.0
----------------------------------------
Mean cost: 60053.873794643325 ± 117.45687561699309
  Inventory costs: 46702.52296903703
  Variable costs:  5036.876357320324
  Fixed costs:     8314.474468285964
  Simulation time: 640.4s

----------------------------------------
Evaluating ε = -25.0
----------------------------------------
Mean cost: 63193.62973686453 ± 207.82085335153596
  Inventory costs: 51017.45889421886
  Variable costs:  4952.587003442468
  Fixed costs:     7223.583839203211
  Simulation time: 643.1s

----------------------------------------
Evaluating ε = -30.0
----------------------------------------
Mean cost: 68091.75006737818 ± 385.2651583537799
  Inventory costs: 56417.05634872136
  Variable costs:  5034.944530659535
  Fixed costs:     6639.74918799728
  Simulation time: 635.9s

----------------------------------------
Evaluating ε = -40.0
----------------------------------------
Mean cost: 75884.13548032241 ± 240.9694275631518
  Inventory costs: 65420.23742990219
  Variable costs:  4982.990371664255
  Fixed costs:     5480.907678755891
  Simulation time: 644.0s

----------------------------------------
Evaluating ε = -50.0
----------------------------------------
Mean cost: 85777.4459816018 ± 364.43937534137996
  Inventory costs: 76031.1594782284
  Variable costs:  4997.176270312406
  Fixed costs:     4749.110233061111
  Simulation time: 646.5s

----------------------------------------
Evaluating ε = -75.0
----------------------------------------
Mean cost: 109308.10829934645 ± 456.3580196739896
  Inventory costs: 100616.45226090282
  Variable costs:  5066.244482329828
  Fixed costs:     3625.4115561137564
  Simulation time: 646.1s

----------------------------------------
Evaluating ε = -100.0
----------------------------------------
Mean cost: 133787.7419368283 ± 795.6425806732564
  Inventory costs: 125924.47568507396
  Variable costs:  4993.474680042282
  Fixed costs:     2869.7915717120645
  Simulation time: 643.0s

==================================================
Best epsilon: -1.25 with cost: 52213.725346736166 ± 220.0808765724016
==================================================
Results saved to: output/nn_training/results_50D_CaseHL_solve_inf.json
Neural networks saved to: policies/policies50D/neural_networks_50D_CaseHL_solve_inf.bson
Results saved to: output/nn_training/results_50D_CaseHL_find_stationary.json
Neural networks saved to: policies/policies50D/neural_networks_50D_CaseHL_find_stationary.bson

============================================================
FINAL RESULTS SUMMARY
============================================================

Method: solve_inf
  Order-up-to vector: [6, 6, 5, 5, 5, 6, 5, 5, 5, 5, 8, 5, 6, 5, 5, 3, 3, 3, 3, 3, 3, 3, 3, 3, 3, 3, 3, 3, 3, 3, 2, 2, 2, 2, 2, 2, 2, 2, 2, 2, 2, 2, 2, 2, 2, 2, 2, 2, 2, 2]
  Best epsilon: -5.0
  Best cost: 73949.85387496071 ± 286.0584785768536

Method: find_stationary
  Order-up-to vector: [12, 5, 8, 15, 15, 15, 14, 15, 15, 15, 12, 5, 14, 15, 14, 9, 9, 8, 9, 9, 3, 9, 9, 9, 6, 9, 3, 3, 9, 9, 6, 6, 2, 2, 6, 6, 6, 6, 6, 6, 6, 6, 6, 6, 6, 6, 2, 2, 6, 2]
  Best epsilon: -1.25
  Best cost: 52213.725346736166 ± 220.0808765724016

============================================================
Complete! Per-method results saved to:
  output/nn_training/results_50D_CaseHL_solve_inf.json
  output/nn_training/results_50D_CaseHL_find_stationary.json
============================================================

  Activating project at `~/DeepSJRP`
[ Info:  started timer at: 2026-04-23T16:33:39.941
┌ Warning: Layer with Float32 parameters got Float64 input.
│   The input will be converted, but any earlier layers may be very slow.
│   layer = Dense(50 => 1000, elu)  # 51_000 parameters
│   summary(x) = "50-element Vector{Float64}"
└ @ Flux ~/.julia/packages/Flux/DZYiO/src/layers/stateless.jl:60
RUNNING THE L-BFGS-B CODE

           * * *

Machine precision = 2.220D-16
 N =           50     M =           10

At X0         0 variables are exactly at the bounds

At iterate    0    f=  1.44043D+02    |proj g|=  5.00000D+00

At iterate    1    f= -5.41928D+02    |proj g|=  2.58475D+00

At iterate    2    f= -5.52856D+02    |proj g|=  2.22507D+00

At iterate    3    f= -5.77038D+02    |proj g|=  6.51744D-01

At iterate    4    f= -5.78493D+02    |proj g|=  2.60406D-01

At iterate    5    f= -5.78673D+02    |proj g|=  9.36342D-02

At iterate    6    f= -5.78705D+02    |proj g|=  2.20826D-02

At iterate    7    f= -5.78705D+02    |proj g|=  6.42920D-03

           * * *

Tit   = total number of iterations
Tnf   = total number of function evaluations
Tnint = total number of segments explored during Cauchy searches
Skip  = number of BFGS updates skipped
Nact  = number of active bounds at final generalized Cauchy point
Projg = norm of the final projected gradient
F     = final function value

           * * *

   N    Tit     Tnf  Tnint  Skip  Nact     Projg        F
   50      7      8     51     0    44   6.429D-03  -5.787D+02
  F =  -578.70539053983157     

CONVERGENCE: NORM_OF_PROJECTED_GRADIENT_<=_PGTOL            

 Cauchy                time 0.000E+00 seconds.
 Subspace minimization time 0.000E+00 seconds.
 Line search           time 8.789E-03 seconds.

 Total User time 2.010E+00 seconds.

RUNNING THE L-BFGS-B CODE

           * * *

Machine precision = 2.220D-16
 N =           50     M =           10

At X0         0 variables are exactly at the bounds

At iterate    0    f=  3.42087D+00    |proj g|=  3.61044D-01

At iterate    1    f=  2.34298D+00    |proj g|=  2.83410D-01

At iterate    2    f=  2.68273D-01    |proj g|=  6.17470D-02

At iterate    3    f=  1.08122D-01    |proj g|=  2.22793D-02

At iterate    4    f=  6.70119D-02    |proj g|=  1.18062D-02

At iterate    5    f=  4.15684D-02    |proj g|=  5.28251D-03

At iterate    6    f=  3.14831D-02    |proj g|=  2.56667D-03

At iterate    7    f=  2.72542D-02    |proj g|=  1.75221D-03

At iterate    8    f=  2.06709D-02    |proj g|=  1.26556D-03

At iterate    9    f=  1.20175D-02    |proj g|=  1.02220D-03

At iterate   10    f=  4.47330D-03    |proj g|=  4.91368D-04

At iterate   11    f=  3.23109D-03    |proj g|=  2.18547D-04

At iterate   12    f=  2.50636D-03    |proj g|=  1.76548D-04

At iterate   13    f=  1.59866D-03    |proj g|=  1.37004D-04

At iterate   14    f=  1.41615D-03    |proj g|=  1.00281D-04

At iterate   15    f=  1.03018D-03    |proj g|=  6.99143D-05

At iterate   16    f=  8.15026D-04    |proj g|=  3.23231D-05

At iterate   17    f=  7.69211D-04    |proj g|=  5.28077D-05

At iterate   18    f=  6.99309D-04    |proj g|=  5.35314D-05

At iterate   19    f=  6.63386D-04    |proj g|=  2.00779D-05

At iterate   20    f=  6.55954D-04    |proj g|=  1.95316D-05

At iterate   21    f=  6.27442D-04    |proj g|=  2.20483D-05

At iterate   22    f=  5.96848D-04    |proj g|=  2.66897D-05

At iterate   23    f=  5.66560D-04    |proj g|=  1.74024D-05

At iterate   24    f=  5.57756D-04    |proj g|=  2.56808D-05

At iterate   25    f=  5.53963D-04    |proj g|=  1.07748D-05

At iterate   26    f=  5.52117D-04    |proj g|=  1.09863D-05

At iterate   27    f=  5.50784D-04    |proj g|=  6.95554D-06

           * * *

Tit   = total number of iterations
Tnf   = total number of function evaluations
Tnint = total number of segments explored during Cauchy searches
Skip  = number of BFGS updates skipped
Nact  = number of active bounds at final generalized Cauchy point
Projg = norm of the final projected gradient
F     = final function value

           * * *

   N    Tit     Tnf  Tnint  Skip  Nact     Projg        F
   50     27     28     51     0    35   6.956D-06   5.508D-04
  F =   5.5078357141220380E-004

CONVERGENCE: NORM_OF_PROJECTED_GRADIENT_<=_PGTOL            

 Cauchy                time 9.766E-04 seconds.
 Subspace minimization time 0.000E+00 seconds.
 Line search           time 2.637E-02 seconds.

 Total User time 2.812E-01 seconds.

