
============================================================
DeepSJRP - Stochastic Joint Replenishment Problem Solver
============================================================
Instance: 50D_CaseHM
Options: Dict{Symbol, Any}(:beta_override => 100000.0, :alpha_override => nothing, :device => :gpu, :nu_override => 0.2, :T_override => 0.05, :seed => 777)
============================================================

Device: CUDA GPU
CUDA toolchain: 
- runtime 12.8, local installation
- driver 580.126.20 for 13.2
- compiler 12.9

CUDA libraries: 
- CUBLAS: 12.8.4
- CURAND: 10.3.9
- CUFFT: 11.3.3
- CUSOLVER: 11.7.3
- CUSPARSE: 12.5.8
- CUPTI: 2025.1.1 (API 12.8.0)
- NVML: 13.0.0+580.126.20

Julia packages: 
- CUDA: 5.11.0
- GPUArrays: 11.4.1
- GPUCompiler: 1.9.1
- KernelAbstractions: 0.9.41
- CUDA_Driver_jll: 13.2.0+0
- CUDA_Compiler_jll: 0.4.2+0
- CUDA_Runtime_jll: 0.21.0+0
- CUDA_Runtime_Discovery: 1.0.0

Toolchain:
- Julia: 1.11.7
- LLVM: 16.0.6

Preferences:
- CUDA_Runtime_jll.version: local

1 device:
  0: NVIDIA H100 80GB HBM3 (sm_90, 79.175 GiB / 79.647 GiB available)
BLAS threads: 1
Julia threads: 10

Benchmark source: QS

============================================================
IMPULSE CONTROL PROBLEM (scaled, annual)
============================================================
Instance: 50D_CaseHM
Dimension: 50
Interest rate: 0.05
Cost scaling κ: 0.01

Drift μ (annual demand rates): [50.0, 50.0, 50.0, 50.0, 50.0, 50.0, 50.0, 50.0, 50.0, 50.0, 50.0, 50.0, 50.0, 50.0, 50.0, 25.0, 25.0, 25.0, 25.0, 25.0, 25.0, 25.0, 25.0, 25.0, 25.0, 25.0, 25.0, 25.0, 25.0, 25.0, 12.5, 12.5, 12.5, 12.5, 12.5, 12.5, 12.5, 12.5, 12.5, 12.5, 12.5, 12.5, 12.5, 12.5, 12.5, 12.5, 12.5, 12.5, 12.5, 12.5]
Covariance Σ diagonal: [2500.0, 2500.0, 2500.0, 2500.0, 2500.0, 2500.0, 2500.0, 2500.0, 2500.0, 2500.0, 2500.0, 2500.0, 2500.0, 2500.0, 2500.0, 625.0, 625.0, 625.0, 625.0, 625.0, 625.0, 625.0, 625.0, 625.0, 625.0, 625.0, 625.0, 625.0, 625.0, 625.0, 156.25, 156.25, 156.25, 156.25, 156.25, 156.25, 156.25, 156.25, 156.25, 156.25, 156.25, 156.25, 156.25, 156.25, 156.25, 156.25, 156.25, 156.25, 156.25, 156.25]

Scaled costs (× κ = 0.01):
  Fixed cost K:    1.5
  Variable costs c: [0.001, 0.001, 0.001, 0.001, 0.001, 0.001, 0.001, 0.001, 0.001, 0.001, 0.001, 0.001, 0.001, 0.001, 0.001, 0.002, 0.002, 0.002, 0.002, 0.002, 0.002, 0.002, 0.002, 0.002, 0.002, 0.002, 0.002, 0.002, 0.002, 0.002, 0.004, 0.004, 0.004, 0.004, 0.004, 0.004, 0.004, 0.004, 0.004, 0.004, 0.004, 0.004, 0.004, 0.004, 0.004, 0.004, 0.004, 0.004, 0.004, 0.004]
  Holding costs h:  [0.01, 0.01, 0.01, 0.01, 0.01, 0.01, 0.01, 0.01, 0.01, 0.01, 0.01, 0.01, 0.01, 0.01, 0.01, 0.02, 0.02, 0.02, 0.02, 0.02, 0.02, 0.02, 0.02, 0.02, 0.02, 0.02, 0.02, 0.02, 0.02, 0.02, 0.04, 0.04, 0.04, 0.04, 0.04, 0.04, 0.04, 0.04, 0.04, 0.04, 0.04, 0.04, 0.04, 0.04, 0.04, 0.04, 0.04, 0.04, 0.04, 0.04]
  Penalty costs p:  [0.25, 0.25, 0.25, 0.25, 0.25, 0.25, 0.25, 0.25, 0.25, 0.25, 0.25, 0.25, 0.25, 0.25, 0.25, 0.5, 0.5, 0.5, 0.5, 0.5, 0.5, 0.5, 0.5, 0.5, 0.5, 0.5, 0.5, 0.5, 0.5, 0.5, 1.0, 1.0, 1.0, 1.0, 1.0, 1.0, 1.0, 1.0, 1.0, 1.0, 1.0, 1.0, 1.0, 1.0, 1.0, 1.0, 1.0, 1.0, 1.0, 1.0]

Original costs (unscaled):
  Fixed cost K:    150.0
  Variable costs c: [0.1, 0.1, 0.1, 0.1, 0.1, 0.1, 0.1, 0.1, 0.1, 0.1, 0.1, 0.1, 0.1, 0.1, 0.1, 0.2, 0.2, 0.2, 0.2, 0.2, 0.2, 0.2, 0.2, 0.2, 0.2, 0.2, 0.2, 0.2, 0.2, 0.2, 0.4, 0.4, 0.4, 0.4, 0.4, 0.4, 0.4, 0.4, 0.4, 0.4, 0.4, 0.4, 0.4, 0.4, 0.4, 0.4, 0.4, 0.4, 0.4, 0.4]
  Holding costs h:  [1.0, 1.0, 1.0, 1.0, 1.0, 1.0, 1.0, 1.0, 1.0, 1.0, 1.0, 1.0, 1.0, 1.0, 1.0, 2.0, 2.0, 2.0, 2.0, 2.0, 2.0, 2.0, 2.0, 2.0, 2.0, 2.0, 2.0, 2.0, 2.0, 2.0, 4.0, 4.0, 4.0, 4.0, 4.0, 4.0, 4.0, 4.0, 4.0, 4.0, 4.0, 4.0, 4.0, 4.0, 4.0, 4.0, 4.0, 4.0, 4.0, 4.0]
  Penalty costs p:  [25.0, 25.0, 25.0, 25.0, 25.0, 25.0, 25.0, 25.0, 25.0, 25.0, 25.0, 25.0, 25.0, 25.0, 25.0, 50.0, 50.0, 50.0, 50.0, 50.0, 50.0, 50.0, 50.0, 50.0, 50.0, 50.0, 50.0, 50.0, 50.0, 50.0, 100.0, 100.0, 100.0, 100.0, 100.0, 100.0, 100.0, 100.0, 100.0, 100.0, 100.0, 100.0, 100.0, 100.0, 100.0, 100.0, 100.0, 100.0, 100.0, 100.0]
============================================================

============================================================
TRAINING HYPERPARAMETERS
============================================================
Benchmark source: QS
Precision:        Float32
Batch size:       5000
Num intervals:    100
T horizon:        0.05
Num iterations:   40000
Learning rates:   [0.001, 0.0002, 0.0001, 1.0e-5, 1.0e-6]
LR steps:         [1, 5000, 10000, 20000, 30000]
Beta penalty:     [1.0, 10.0, 100.0, 1000.0, 10000.0, 100000.0]
Penalty steps:    [1, 2500, 5000, 7500, 10000, 20000]
Lambda rate:      8.446313568643136
S guess:          [[20.0, 20.0, 20.0, 20.0, 20.0, 20.0, 20.0, 20.0, 20.0, 20.0, 20.0, 20.0, 20.0, 20.0, 19.0, 12.0, 12.0, 12.0, 12.0, 12.0, 12.0, 12.0, 12.0, 12.0, 12.0, 12.0, 12.0, 12.0, 12.0, 12.0, 7.0, 7.0, 7.0, 7.0, 7.0, 7.0, 7.0, 7.0, 7.0, 7.0, 7.0, 7.0, 7.0, 7.0, 7.0, 7.0, 7.0, 7.0, 7.0, 7.0]]
Nu radius:        0.2
S distribution:   lognormal
Alpha factor:     0.0
Alpha js:         [0.0, 0.0, 0.0, 0.0, 0.0, 0.0, 0.0, 0.0, 0.0, 0.0, 0.0, 0.0, 0.0, 0.0, 0.0, 0.0, 0.0, 0.0, 0.0, 0.0, 0.0, 0.0, 0.0, 0.0, 0.0, 0.0, 0.0, 0.0, 0.0, 0.0, 0.0, 0.0, 0.0, 0.0, 0.0, 0.0, 0.0, 0.0, 0.0, 0.0, 0.0, 0.0, 0.0, 0.0, 0.0, 0.0, 0.0, 0.0, 0.0, 0.0]
Cost scaling:     0.01

Neural network architecture:
  Hidden layers:  4
  Width:          1000
  Activation:     elu

Optimization parameters:
  Start factor:   1.0
  Lower factor:   0.5
  Upper factor:   1.5
  Sim runs:       10
  Sim horizon:    5000
  Epsilons:       [-1.25, -2.5, -5.0, -7.5, -10.0, -12.5, -15.0, -20.0, -25.0, -30.0, -40.0, -50.0, -75.0, -100.0]
============================================================

Gradient network G (∇V):
Chain(
  Dense(50 => 1000, elu),               # 51_000 parameters
  Dense(1000 => 1000, elu),             # 1_001_000 parameters
  Dense(1000 => 1000, elu),             # 1_001_000 parameters
  Dense(1000 => 1000, elu),             # 1_001_000 parameters
  Dense(1000 => 50),                    # 50_050 parameters
)                   # Total: 10 arrays, 3_104_050 parameters, 1.562 KiB.

Value network H (V):
Chain(
  Dense(50 => 1000, elu),               # 51_000 parameters
  Dense(1000 => 1000, elu),             # 1_001_000 parameters
  Dense(1000 => 1000, elu),             # 1_001_000 parameters
  Dense(1000 => 1000, elu),             # 1_001_000 parameters
  Dense(1000 => 1),                     # 1_001 parameters
)                   # Total: 10 arrays, 3_055_001 parameters, 1.562 KiB.


============================================================
Starting neural network training...
============================================================

Starting training with steady-state sampler:
-----------------------------------------
Epoch: 1; Penalty β updated to: 1.0
-----------------------------------------
─── Device check ───
  x_tn: CuArray{Float32} (50, 100, 5000)
  dB: CuArray{Float32} (50, 100, 5000)
  dU: CuArray{Float32} (50, 100, 5000)
  exponentials: CuArray{Float32} (1, 100)
  loss_dB: CuArray{Float32} (1, 5000)
  loss_df: CuArray{Float32} (1, 5000)
  loss_dU: CuArray{Float32} (1, 5000)
  H_x0: CuArray{Float32} (1, 5000)
  H_xT: CuArray{Float32} (1, 5000)
  penalties: CuArray{Float32} (1, 5000)
────────────────────
Epoch: 1; Computation time: 60.386048261; Current value of V(0): 0.0
Lagrangian objective: 154042.22; Average H(x0): 0.0; Quantile-hedge α(β): 49.78
Simulation time per epoch: 10.377429811; Gradient computation time: 38.227154405; Testing time: 11.07078901
Epoch: 1000; Computation time: 398.774027037; Current value of V(0): 1.6978689453125e6
Lagrangian objective: -40838.426; Average H(x0): 80157.836; Quantile-hedge α(β): 0.0
Simulation time per epoch: 0.074259498; Gradient computation time: 0.181567923; Testing time: 0.083111862
Epoch: 2000; Computation time: 737.503245892; Current value of V(0): 2.75328515625e6
Lagrangian objective: -40748.645; Average H(x0): 80858.71; Quantile-hedge α(β): 0.0
Simulation time per epoch: 0.074234893; Gradient computation time: 0.181519018; Testing time: 0.083052713
-----------------------------------------
Epoch: 2500; Penalty β updated to: 10.0
-----------------------------------------
Epoch: 3000; Computation time: 1076.248887228; Current value of V(0): 390152.099609375
Lagrangian objective: -4926.1577; Average H(x0): 9016.687; Quantile-hedge α(β): 0.0
Simulation time per epoch: 0.074107223; Gradient computation time: 0.181364191; Testing time: 0.083103711
Epoch: 4000; Computation time: 1414.983382351; Current value of V(0): 391392.48046875
Lagrangian objective: -4855.224; Average H(x0): 8964.539; Quantile-hedge α(β): 0.060000000000004494
Simulation time per epoch: 0.074089018; Gradient computation time: 0.181593581; Testing time: 0.083221064
-----------------------------------------
Epoch: 5000; Penalty β updated to: 100.0
-----------------------------------------
Epoch: 5000; Computation time: 1753.717073065; Current value of V(0): 393528.515625
Lagrangian objective: 33003.043; Average H(x0): 9005.1455; Quantile-hedge α(β): 0.0
Simulation time per epoch: 0.073988884; Gradient computation time: 0.181585236; Testing time: 0.08321815
Epoch: 6000; Computation time: 2092.718135602; Current value of V(0): 84111.96899414062
Lagrangian objective: -1222.0103; Average H(x0): 1720.8481; Quantile-hedge α(β): 6.940000000000001
Simulation time per epoch: 0.074102226; Gradient computation time: 0.182008474; Testing time: 0.083185899
Epoch: 7000; Computation time: 2431.894931765; Current value of V(0): 83784.84497070312
Lagrangian objective: -1199.9536; Average H(x0): 1722.0546; Quantile-hedge α(β): 7.440000000000002
Simulation time per epoch: 0.074056923; Gradient computation time: 0.181789444; Testing time: 0.08329252
-----------------------------------------
Epoch: 7500; Penalty β updated to: 1000.0
-----------------------------------------
Epoch: 8000; Computation time: 2771.126720917; Current value of V(0): 49904.52575683594
Lagrangian objective: -732.3942; Average H(x0): 837.9726; Quantile-hedge α(β): 50.7
Simulation time per epoch: 0.074116511; Gradient computation time: 0.181604063; Testing time: 0.083288934
Epoch: 9000; Computation time: 3110.280198252; Current value of V(0): 49799.041748046875
Lagrangian objective: -735.6645; Average H(x0): 846.3218; Quantile-hedge α(β): 48.019999999999996
Simulation time per epoch: 0.074040439; Gradient computation time: 0.181677331; Testing time: 0.083242122
-----------------------------------------
Epoch: 10000; Penalty β updated to: 10000.0
-----------------------------------------
Epoch: 10000; Computation time: 3449.406183521; Current value of V(0): 49627.3681640625
Lagrangian objective: 403.2843; Average H(x0): 842.8927; Quantile-hedge α(β): 49.660000000000004
Simulation time per epoch: 0.074183021; Gradient computation time: 0.181688812; Testing time: 0.083116384
Epoch: 11000; Computation time: 3788.507368664; Current value of V(0): 19043.466186523438
Lagrangian objective: 4.526075; Average H(x0): -2.4195223; Quantile-hedge α(β): 99.58
Simulation time per epoch: 0.074076577; Gradient computation time: 0.181771851; Testing time: 0.083309837
Epoch: 12000; Computation time: 4127.592372017; Current value of V(0): 42265.1611328125
Lagrangian objective: -606.5834; Average H(x0): 651.1159; Quantile-hedge α(β): 84.38
Simulation time per epoch: 0.074112365; Gradient computation time: 0.181783397; Testing time: 0.08314592
Epoch: 13000; Computation time: 4466.67856149; Current value of V(0): 40582.293701171875
Lagrangian objective: -600.04047; Average H(x0): 631.3394; Quantile-hedge α(β): 88.03999999999999
Simulation time per epoch: 0.074110866; Gradient computation time: 0.18193087; Testing time: 0.083230818
Epoch: 14000; Computation time: 4805.722886899; Current value of V(0): 40562.44201660156
Lagrangian objective: -576.1907; Average H(x0): 633.2387; Quantile-hedge α(β): 86.52
Simulation time per epoch: 0.07408237; Gradient computation time: 0.181638835; Testing time: 0.083103161
Epoch: 15000; Computation time: 5144.704458263; Current value of V(0): 6676.853942871094
Lagrangian objective: 282.4102; Average H(x0): -281.2254; Quantile-hedge α(β): 99.8
Simulation time per epoch: 0.074087487; Gradient computation time: 0.181585938; Testing time: 0.083126661
Epoch: 16000; Computation time: 5483.732229757; Current value of V(0): 42221.6552734375
Lagrangian objective: -616.2429; Average H(x0): 656.64874; Quantile-hedge α(β): 84.8
Simulation time per epoch: 0.074094696; Gradient computation time: 0.181600195; Testing time: 0.083122956
Epoch: 17000; Computation time: 5822.419332715; Current value of V(0): 40142.61169433594
Lagrangian objective: -582.97565; Average H(x0): 634.8587; Quantile-hedge α(β): 87.92
Simulation time per epoch: 0.074113705; Gradient computation time: 0.181570639; Testing time: 0.083052651
Epoch: 18000; Computation time: 6161.217845249; Current value of V(0): 40075.726318359375
Lagrangian objective: -566.2178; Average H(x0): 630.7579; Quantile-hedge α(β): 86.7
Simulation time per epoch: 0.074245234; Gradient computation time: 0.181822327; Testing time: 0.083137768
Epoch: 19000; Computation time: 6500.195932816; Current value of V(0): 43567.14172363281
Lagrangian objective: -596.90375; Average H(x0): 641.82697; Quantile-hedge α(β): 85.44
Simulation time per epoch: 0.074063003; Gradient computation time: 0.181989884; Testing time: 0.083223653
-----------------------------------------
Epoch: 20000; Penalty β updated to: 100000.0
-----------------------------------------
Epoch: 20000; Computation time: 6839.166186326; Current value of V(0): 38107.72705078125
Lagrangian objective: -462.94345; Average H(x0): 550.5361; Quantile-hedge α(β): 95.7
Simulation time per epoch: 0.074074195; Gradient computation time: 0.181771321; Testing time: 0.083136429
Epoch: 21000; Computation time: 7178.137268462; Current value of V(0): 38780.084228515625
Lagrangian objective: -526.7114; Average H(x0): 566.906; Quantile-hedge α(β): 97.46000000000001
Simulation time per epoch: 0.074090461; Gradient computation time: 0.181576473; Testing time: 0.083274224
Epoch: 22000; Computation time: 7517.078027722; Current value of V(0): 38343.84765625
Lagrangian objective: -539.69293; Average H(x0): 559.82184; Quantile-hedge α(β): 97.82
Simulation time per epoch: 0.074081861; Gradient computation time: 0.181455683; Testing time: 0.08313321
Epoch: 23000; Computation time: 7856.087730623; Current value of V(0): 38243.621826171875
Lagrangian objective: -523.716; Average H(x0): 560.1056; Quantile-hedge α(β): 96.86
Simulation time per epoch: 0.074134229; Gradient computation time: 0.181543094; Testing time: 0.083133061
Epoch: 24000; Computation time: 8195.04538359; Current value of V(0): 35754.28771972656
Lagrangian objective: -489.86636; Average H(x0): 502.021; Quantile-hedge α(β): 99.24
Simulation time per epoch: 0.07412108; Gradient computation time: 0.1817467; Testing time: 0.083253658
Epoch: 25000; Computation time: 8533.995925983; Current value of V(0): 38659.527587890625
Lagrangian objective: -546.5195; Average H(x0): 569.2161; Quantile-hedge α(β): 97.22
Simulation time per epoch: 0.074077514; Gradient computation time: 0.1813224; Testing time: 0.083105248
Epoch: 26000; Computation time: 8872.967914016; Current value of V(0): 38631.85119628906
Lagrangian objective: -544.9448; Average H(x0): 572.5228; Quantile-hedge α(β): 96.58
Simulation time per epoch: 0.074155975; Gradient computation time: 0.18154504; Testing time: 0.08328635
Epoch: 27000; Computation time: 9211.969775737; Current value of V(0): 38574.908447265625
Lagrangian objective: -543.0057; Average H(x0): 571.7567; Quantile-hedge α(β): 97.52
Simulation time per epoch: 0.074136385; Gradient computation time: 0.181643369; Testing time: 0.083166935
Epoch: 28000; Computation time: 9550.961840575; Current value of V(0): 37952.66418457031
Lagrangian objective: -538.0975; Average H(x0): 561.7715; Quantile-hedge α(β): 97.28
Simulation time per epoch: 0.074083381; Gradient computation time: 0.181787702; Testing time: 0.083169241
Epoch: 29000; Computation time: 9889.973525761; Current value of V(0): 37688.85192871094
Lagrangian objective: -525.4767; Average H(x0): 559.28906; Quantile-hedge α(β): 97.61999999999999
Simulation time per epoch: 0.074054723; Gradient computation time: 0.181461568; Testing time: 0.083150528
Epoch: 30000; Computation time: 10228.919124585; Current value of V(0): 38005.70983886719
Lagrangian objective: -540.69794; Average H(x0): 570.5546; Quantile-hedge α(β): 96.89999999999999
Simulation time per epoch: 0.074231994; Gradient computation time: 0.18182479; Testing time: 0.083172289
Epoch: 31000; Computation time: 10567.890922676; Current value of V(0): 38545.025634765625
Lagrangian objective: -558.7092; Average H(x0): 584.10675; Quantile-hedge α(β): 96.52000000000001
Simulation time per epoch: 0.074254362; Gradient computation time: 0.181484384; Testing time: 0.083219401
Epoch: 32000; Computation time: 10906.83522273; Current value of V(0): 38548.14758300781
Lagrangian objective: -561.7061; Average H(x0): 585.0808; Quantile-hedge α(β): 96.8
Simulation time per epoch: 0.074108053; Gradient computation time: 0.181377189; Testing time: 0.08304555
Epoch: 33000; Computation time: 11245.774873488; Current value of V(0): 38370.35217285156
Lagrangian objective: -558.8668; Average H(x0): 581.1112; Quantile-hedge α(β): 96.96000000000001
Simulation time per epoch: 0.074136994; Gradient computation time: 0.181527828; Testing time: 0.083288816
Epoch: 34000; Computation time: 11584.732195835; Current value of V(0): 38487.53967285156
Lagrangian objective: -565.58344; Average H(x0): 584.60645; Quantile-hedge α(β): 96.78
Simulation time per epoch: 0.074058744; Gradient computation time: 0.18153618; Testing time: 0.083230921
Epoch: 35000; Computation time: 11923.692368131; Current value of V(0): 38324.13635253906
Lagrangian objective: -558.2326; Average H(x0): 581.4224; Quantile-hedge α(β): 97.02
Simulation time per epoch: 0.07419217; Gradient computation time: 0.181717498; Testing time: 0.083243297
Epoch: 36000; Computation time: 12262.686498849; Current value of V(0): 38426.177978515625
Lagrangian objective: -560.8346; Average H(x0): 584.4732; Quantile-hedge α(β): 96.96000000000001
Simulation time per epoch: 0.074120464; Gradient computation time: 0.181648572; Testing time: 0.083139905
Epoch: 37000; Computation time: 12601.673265482; Current value of V(0): 38447.43347167969
Lagrangian objective: -564.2041; Average H(x0): 585.3135; Quantile-hedge α(β): 97.04
Simulation time per epoch: 0.074105655; Gradient computation time: 0.182026177; Testing time: 0.083306418
Epoch: 38000; Computation time: 12940.624348019; Current value of V(0): 38377.20031738281
Lagrangian objective: -546.2394; Average H(x0): 583.3382; Quantile-hedge α(β): 96.12
Simulation time per epoch: 0.074076136; Gradient computation time: 0.181797071; Testing time: 0.083234271
Epoch: 39000; Computation time: 13279.628278144; Current value of V(0): 38390.924072265625
Lagrangian objective: -555.9656; Average H(x0): 585.1878; Quantile-hedge α(β): 96.8
Simulation time per epoch: 0.07407447; Gradient computation time: 0.182113297; Testing time: 0.083138294
Epoch: 40000; Computation time: 13618.610340854; Current value of V(0): 38343.28308105469
Lagrangian objective: -562.3686; Average H(x0): 585.0325; Quantile-hedge α(β): 96.52000000000001
Simulation time per epoch: 0.074103034; Gradient computation time: 0.181764929; Testing time: 0.083163874

Training completed in 13618.610471299 seconds
Final V(0): 38338.51013183594

============================================================
Running policy evaluation...
============================================================


============================================================
INVENTORY PROBLEM (unscaled, weekly)
============================================================
Dimension:       50
Discount factor: 0.9990389236684376
Fixed cost:      150.0
Variable costs:  [0.1, 0.1, 0.1, 0.1, 0.1, 0.1, 0.1, 0.1, 0.1, 0.1, 0.1, 0.1, 0.1, 0.1, 0.1, 0.2, 0.2, 0.2, 0.2, 0.2, 0.2, 0.2, 0.2, 0.2, 0.2, 0.2, 0.2, 0.2, 0.2, 0.2, 0.4, 0.4, 0.4, 0.4, 0.4, 0.4, 0.4, 0.4, 0.4, 0.4, 0.4, 0.4, 0.4, 0.4, 0.4, 0.4, 0.4, 0.4, 0.4, 0.4]
Holding costs:   [0.019230769230769232, 0.019230769230769232, 0.019230769230769232, 0.019230769230769232, 0.019230769230769232, 0.019230769230769232, 0.019230769230769232, 0.019230769230769232, 0.019230769230769232, 0.019230769230769232, 0.019230769230769232, 0.019230769230769232, 0.019230769230769232, 0.019230769230769232, 0.019230769230769232, 0.038461538461538464, 0.038461538461538464, 0.038461538461538464, 0.038461538461538464, 0.038461538461538464, 0.038461538461538464, 0.038461538461538464, 0.038461538461538464, 0.038461538461538464, 0.038461538461538464, 0.038461538461538464, 0.038461538461538464, 0.038461538461538464, 0.038461538461538464, 0.038461538461538464, 0.07692307692307693, 0.07692307692307693, 0.07692307692307693, 0.07692307692307693, 0.07692307692307693, 0.07692307692307693, 0.07692307692307693, 0.07692307692307693, 0.07692307692307693, 0.07692307692307693, 0.07692307692307693, 0.07692307692307693, 0.07692307692307693, 0.07692307692307693, 0.07692307692307693, 0.07692307692307693, 0.07692307692307693, 0.07692307692307693, 0.07692307692307693, 0.07692307692307693]
Backlog costs:   [0.4807692307692308, 0.4807692307692308, 0.4807692307692308, 0.4807692307692308, 0.4807692307692308, 0.4807692307692308, 0.4807692307692308, 0.4807692307692308, 0.4807692307692308, 0.4807692307692308, 0.4807692307692308, 0.4807692307692308, 0.4807692307692308, 0.4807692307692308, 0.4807692307692308, 0.9615384615384616, 0.9615384615384616, 0.9615384615384616, 0.9615384615384616, 0.9615384615384616, 0.9615384615384616, 0.9615384615384616, 0.9615384615384616, 0.9615384615384616, 0.9615384615384616, 0.9615384615384616, 0.9615384615384616, 0.9615384615384616, 0.9615384615384616, 0.9615384615384616, 1.9230769230769231, 1.9230769230769231, 1.9230769230769231, 1.9230769230769231, 1.9230769230769231, 1.9230769230769231, 1.9230769230769231, 1.9230769230769231, 1.9230769230769231, 1.9230769230769231, 1.9230769230769231, 1.9230769230769231, 1.9230769230769231, 1.9230769230769231, 1.9230769230769231, 1.9230769230769231, 1.9230769230769231, 1.9230769230769231, 1.9230769230769231, 1.9230769230769231]
Demand dists:    DataType[Distributions.NegativeBinomial{Float64}, Distributions.NegativeBinomial{Float64}, Distributions.NegativeBinomial{Float64}, Distributions.NegativeBinomial{Float64}, Distributions.NegativeBinomial{Float64}, Distributions.NegativeBinomial{Float64}, Distributions.NegativeBinomial{Float64}, Distributions.NegativeBinomial{Float64}, Distributions.NegativeBinomial{Float64}, Distributions.NegativeBinomial{Float64}, Distributions.NegativeBinomial{Float64}, Distributions.NegativeBinomial{Float64}, Distributions.NegativeBinomial{Float64}, Distributions.NegativeBinomial{Float64}, Distributions.NegativeBinomial{Float64}, Distributions.NegativeBinomial{Float64}, Distributions.NegativeBinomial{Float64}, Distributions.NegativeBinomial{Float64}, Distributions.NegativeBinomial{Float64}, Distributions.NegativeBinomial{Float64}, Distributions.NegativeBinomial{Float64}, Distributions.NegativeBinomial{Float64}, Distributions.NegativeBinomial{Float64}, Distributions.NegativeBinomial{Float64}, Distributions.NegativeBinomial{Float64}, Distributions.NegativeBinomial{Float64}, Distributions.NegativeBinomial{Float64}, Distributions.NegativeBinomial{Float64}, Distributions.NegativeBinomial{Float64}, Distributions.NegativeBinomial{Float64}, Distributions.NegativeBinomial{Float64}, Distributions.NegativeBinomial{Float64}, Distributions.NegativeBinomial{Float64}, Distributions.NegativeBinomial{Float64}, Distributions.NegativeBinomial{Float64}, Distributions.NegativeBinomial{Float64}, Distributions.NegativeBinomial{Float64}, Distributions.NegativeBinomial{Float64}, Distributions.NegativeBinomial{Float64}, Distributions.NegativeBinomial{Float64}, Distributions.NegativeBinomial{Float64}, Distributions.NegativeBinomial{Float64}, Distributions.NegativeBinomial{Float64}, Distributions.NegativeBinomial{Float64}, Distributions.NegativeBinomial{Float64}, Distributions.NegativeBinomial{Float64}, Distributions.NegativeBinomial{Float64}, Distributions.NegativeBinomial{Float64}, Distributions.NegativeBinomial{Float64}, Distributions.NegativeBinomial{Float64}]
Demand means:    [0.9615384615384615, 0.9615384615384615, 0.9615384615384615, 0.9615384615384615, 0.9615384615384615, 0.9615384615384615, 0.9615384615384615, 0.9615384615384615, 0.9615384615384615, 0.9615384615384615, 0.9615384615384615, 0.9615384615384615, 0.9615384615384615, 0.9615384615384615, 0.9615384615384615, 0.4807692307692307, 0.4807692307692307, 0.4807692307692307, 0.4807692307692307, 0.4807692307692307, 0.4807692307692307, 0.4807692307692307, 0.4807692307692307, 0.4807692307692307, 0.4807692307692307, 0.4807692307692307, 0.4807692307692307, 0.4807692307692307, 0.4807692307692307, 0.4807692307692307, 0.2403846153846154, 0.2403846153846154, 0.2403846153846154, 0.2403846153846154, 0.2403846153846154, 0.2403846153846154, 0.2403846153846154, 0.2403846153846154, 0.2403846153846154, 0.2403846153846154, 0.2403846153846154, 0.2403846153846154, 0.2403846153846154, 0.2403846153846154, 0.2403846153846154, 0.2403846153846154, 0.2403846153846154, 0.2403846153846154, 0.2403846153846154, 0.2403846153846154]
============================================================

==================================================
Computing order-up-to vector via :solve_inf
==================================================

Method: solve_inf
Final objective: 585.9099988238276
z*: [23.751597440478232, 25.589977327693667, 24.186007530118363, 18.564435405585794, 21.97499835041001, 25.146305253457594, 26.01342844050151, 22.754670891550212, 20.96032194070396, 22.69769898050723, 22.086676435940156, 21.981781414931845, 26.13846354143283, 30.0, 18.464289679663402, 11.035683418342169, 10.846015634929582, 12.835824453579585, 18.0, 6.0, 11.989567786578268, 12.45581125226788, 12.800497593052388, 14.984094482210491, 11.662902924459248, 10.117174835487722, 10.665285625303751, 14.206549839828094, 16.33966595119488, 18.0, 8.84788174488921, 3.5, 3.5, 5.789717341792144, 10.5, 3.5, 3.5, 6.853836196406909, 10.5, 3.5, 3.5, 10.44868302726135, 10.5, 10.5, 3.5, 3.5, 3.5, 9.973080949043249, 3.5, 3.5]
Intervention value: -204.02511112851505

==================================================
Computing order-up-to vector via :find_stationary
==================================================

Method: find_stationary
Final residual: 0.042007239825363356
z*: [20.000003736893404, 20.00000044704848, 19.999999409818088, 20.000002262665475, 19.99999990436973, 20.000003673644642, 20.00000069260568, 19.999996874616954, 19.999995908115125, 20.00000115083253, 20.000004512360647, 19.999997004836132, 20.000011083837308, 19.999993333001385, 18.999998849188728, 11.999995635249888, 12.000001318156137, 11.999996854724486, 12.000001836140768, 12.000002299951575, 11.9999991234763, 12.000003396625289, 12.00000658935869, 11.999999663950348, 12.000000124590315, 12.000000987471822, 11.999998838255806, 11.999994422042164, 11.999997592458385, 12.0000064382657, 6.999998523271756, 6.999997484953838, 7.00000041857723, 7.000001929227892, 6.999996776900161, 7.000004182390967, 6.9999965575873375, 6.999994126745605, 6.999997940410594, 7.000003950986866, 6.99999787542356, 6.999999510669227, 6.9999970913256675, 6.999998233203428, 6.999998164708586, 6.999995739166479, 6.9999932919095045, 6.99998819078246, 7.000001193904154, 6.999998948062739]
Intervention value: -206.40692710569988

==================================================
Summary:
  solve_inf:       z* = [24, 26, 24, 19, 22, 25, 26, 23, 21, 23, 22, 22, 26, 30, 18, 11, 11, 13, 18, 6, 12, 12, 13, 15, 12, 10, 11, 14, 16, 18, 9, 4, 4, 6, 10, 4, 4, 7, 10, 4, 4, 10, 10, 10, 4, 4, 4, 10, 4, 4]
  find_stationary: z* = [20, 20, 20, 20, 20, 20, 20, 20, 20, 20, 20, 20, 20, 20, 19, 12, 12, 12, 12, 12, 12, 12, 12, 12, 12, 12, 12, 12, 12, 12, 7, 7, 7, 7, 7, 7, 7, 7, 7, 7, 7, 7, 7, 7, 7, 7, 7, 7, 7, 7]
==================================================

============================================================
Evaluating method: solve_inf
============================================================

----------------------------------------
Evaluating ε = -1.25
----------------------------------------
Mean cost: 78232.5631071906 ± 435.4154028451526
  Inventory costs: 35987.81323436122
  Variable costs:  5073.098503598009
  Fixed costs:     37171.65136923129
  Simulation time: 521.2s

----------------------------------------
Evaluating ε = -2.5
----------------------------------------
Mean cost: 76555.61256889012 ± 419.7056153020284
  Inventory costs: 36778.96572056555
  Variable costs:  5074.145034619092
  Fixed costs:     34702.50181370548
  Simulation time: 523.0s

----------------------------------------
Evaluating ε = -5.0
----------------------------------------
Mean cost: 74122.57851080668 ± 550.5905828013814
  Inventory costs: 38604.99377935026
  Variable costs:  5008.768100678809
  Fixed costs:     30508.81663077763
  Simulation time: 527.5s

----------------------------------------
Evaluating ε = -7.5
----------------------------------------
Mean cost: 73638.56360982773 ± 472.1221332692538
  Inventory costs: 40712.13182739496
  Variable costs:  5079.854603774847
  Fixed costs:     27846.57717865784
  Simulation time: 530.7s

----------------------------------------
Evaluating ε = -10.0
----------------------------------------
Mean cost: 73243.088802281 ± 345.8876827369857
  Inventory costs: 42753.757117026296
  Variable costs:  5073.385039175672
  Fixed costs:     25415.946646079035
  Simulation time: 492.5s

----------------------------------------
Evaluating ε = -12.5
----------------------------------------
Mean cost: 73270.65680510974 ± 532.5763011703408
  Inventory costs: 44921.45997668219
  Variable costs:  5082.83361303569
  Fixed costs:     23266.363215391786
  Simulation time: 472.5s

----------------------------------------
Evaluating ε = -15.0
----------------------------------------
Mean cost: 73871.90203489752 ± 376.8773791270264
  Inventory costs: 47008.34836221121
  Variable costs:  5086.706903187634
  Fixed costs:     21776.846769498654
  Simulation time: 473.7s

----------------------------------------
Evaluating ε = -20.0
----------------------------------------
Mean cost: 75334.88991110052 ± 441.3074589761545
  Inventory costs: 51447.77558414072
  Variable costs:  5049.051692663584
  Fixed costs:     18838.062634296268
  Simulation time: 468.5s

----------------------------------------
Evaluating ε = -25.0
----------------------------------------
Mean cost: 78001.66421391717 ± 382.41306209067153
  Inventory costs: 55685.42395666087
  Variable costs:  5059.23501928221
  Fixed costs:     17257.005237974005
  Simulation time: 475.1s

----------------------------------------
Evaluating ε = -30.0
----------------------------------------
Mean cost: 81040.16607529427 ± 398.01207773424653
  Inventory costs: 60385.137894935695
  Variable costs:  5061.968566056597
  Fixed costs:     15593.059614302052
  Simulation time: 463.0s

----------------------------------------
Evaluating ε = -40.0
----------------------------------------
Mean cost: 87327.39337390312 ± 413.88546695407655
  Inventory costs: 68962.68053056968
  Variable costs:  5115.25517756308
  Fixed costs:     13249.45766577037
  Simulation time: 467.5s

----------------------------------------
Evaluating ε = -50.0
----------------------------------------
Mean cost: 94267.34678068294 ± 586.362035021153
  Inventory costs: 77845.93754678276
  Variable costs:  5012.645005004657
  Fixed costs:     11408.764228895485
  Simulation time: 497.1s

----------------------------------------
Evaluating ε = -75.0
----------------------------------------
Mean cost: 113521.78207542995 ± 607.0679400915332
  Inventory costs: 99364.23890415394
  Variable costs:  5126.0406208508175
  Fixed costs:     9031.50255042519
  Simulation time: 496.2s

----------------------------------------
Evaluating ε = -100.0
----------------------------------------
Mean cost: 134512.10673212557 ± 757.2678307591007
  Inventory costs: 122146.93534103033
  Variable costs:  5031.51232468333
  Fixed costs:     7333.659066411926
  Simulation time: 476.3s

==================================================
Best epsilon: -10.0 with cost: 73243.088802281 ± 345.8876827369857
==================================================

============================================================
Evaluating method: find_stationary
============================================================

----------------------------------------
Evaluating ε = -1.25
----------------------------------------
Mean cost: 76099.62182173433 ± 505.99039230808347
  Inventory costs: 35360.230586149075
  Variable costs:  5069.748904998932
  Fixed costs:     35669.64233058637
  Simulation time: 479.8s

----------------------------------------
Evaluating ε = -2.5
----------------------------------------
Mean cost: 75241.7216900073 ± 528.1779174599214
  Inventory costs: 36322.95414001298
  Variable costs:  5111.437549437594
  Fixed costs:     33807.33000055664
  Simulation time: 474.4s

----------------------------------------
Evaluating ε = -5.0
----------------------------------------
Mean cost: 73537.19063640977 ± 338.7146461888598
  Inventory costs: 38409.20639453652
  Variable costs:  5093.55945307862
  Fixed costs:     30034.424788794604
  Simulation time: 475.2s

----------------------------------------
Evaluating ε = -7.5
----------------------------------------
Mean cost: 72106.22411480553 ± 419.359940721389
  Inventory costs: 40126.33884280839
  Variable costs:  5037.71787516185
  Fixed costs:     26942.167396835306
  Simulation time: 477.6s

----------------------------------------
Evaluating ε = -10.0
----------------------------------------
Mean cost: 72137.14609721942 ± 398.9913004838378
  Inventory costs: 42442.26476204688
  Variable costs:  5057.504519896569
  Fixed costs:     24637.376815275977
  Simulation time: 469.6s

----------------------------------------
Evaluating ε = -12.5
----------------------------------------
Mean cost: 72894.11645195543 ± 415.1419519749226
  Inventory costs: 44647.772130986246
  Variable costs:  5105.000283077227
  Fixed costs:     23141.34403789197
  Simulation time: 471.1s

----------------------------------------
Evaluating ε = -15.0
----------------------------------------
Mean cost: 72185.25977154989 ± 359.0967563589252
  Inventory costs: 46302.10960685464
  Variable costs:  4992.622991045115
  Fixed costs:     20890.52717364992
  Simulation time: 474.5s

----------------------------------------
Evaluating ε = -20.0
----------------------------------------
Mean cost: 74981.9385125657 ± 260.48465534246276
  Inventory costs: 51167.75103274065
  Variable costs:  5071.5814732526605
  Fixed costs:     18742.60600657225
  Simulation time: 470.5s

----------------------------------------
Evaluating ε = -25.0
----------------------------------------
Mean cost: 76215.95129183374 ± 456.1668890639438
  Inventory costs: 54734.675353989085
  Variable costs:  4986.898347308927
  Fixed costs:     16494.377590535754
  Simulation time: 471.1s

----------------------------------------
Evaluating ε = -30.0
----------------------------------------
Mean cost: 79925.88606535333 ± 467.50577917322363
  Inventory costs: 59604.02268282899
  Variable costs:  5069.03927885831
  Fixed costs:     15252.824103666038
  Simulation time: 475.5s

----------------------------------------
Evaluating ε = -40.0
----------------------------------------
Mean cost: 86114.01877893621 ± 322.72670150144046
  Inventory costs: 68372.39580277906
  Variable costs:  5016.557110098401
  Fixed costs:     12725.065866058767
  Simulation time: 475.8s

----------------------------------------
Evaluating ε = -50.0
----------------------------------------
Mean cost: 94202.5880981886 ± 570.0859031657401
  Inventory costs: 77936.46293173832
  Variable costs:  5030.042675387753
  Fixed costs:     11236.082491062534
  Simulation time: 480.0s

----------------------------------------
Evaluating ε = -75.0
----------------------------------------
Mean cost: 113283.14173122444 ± 541.7701454300543
  Inventory costs: 99280.38452332074
  Variable costs:  5098.791923569364
  Fixed costs:     8903.965284334332
  Simulation time: 469.9s

----------------------------------------
Evaluating ε = -100.0
----------------------------------------
Mean cost: 134238.45382687665 ± 831.5255786163702
  Inventory costs: 121968.92700103685
  Variable costs:  5025.521854422216
  Fixed costs:     7244.004971417603
  Simulation time: 477.8s

==================================================
Best epsilon: -7.5 with cost: 72106.22411480553 ± 419.359940721389
==================================================
Improving solve_inf: 73340.80065044579 -> 73243.088802281
Results saved to: output/nn_training/results_50D_CaseHM_solve_inf.json
Neural networks saved to: policies/policies50D/neural_networks_50D_CaseHM_solve_inf.bson
Skipping save for find_stationary: existing cost 71564.6149491145 <= new cost 72106.22411480553

============================================================
FINAL RESULTS SUMMARY
============================================================

Method: solve_inf
  Order-up-to vector: [24, 26, 24, 19, 22, 25, 26, 23, 21, 23, 22, 22, 26, 30, 18, 11, 11, 13, 18, 6, 12, 12, 13, 15, 12, 10, 11, 14, 16, 18, 9, 4, 4, 6, 10, 4, 4, 7, 10, 4, 4, 10, 10, 10, 4, 4, 4, 10, 4, 4]
  Best epsilon: -10.0
  Best cost: 73243.088802281 ± 345.8876827369857

Method: find_stationary
  Order-up-to vector: [20, 20, 20, 20, 20, 20, 20, 20, 20, 20, 20, 20, 20, 20, 19, 12, 12, 12, 12, 12, 12, 12, 12, 12, 12, 12, 12, 12, 12, 12, 7, 7, 7, 7, 7, 7, 7, 7, 7, 7, 7, 7, 7, 7, 7, 7, 7, 7, 7, 7]
  Best epsilon: -7.5
  Best cost: 72106.22411480553 ± 419.359940721389

============================================================
Complete! Per-method results saved to:
  output/nn_training/results_50D_CaseHM_solve_inf.json
  output/nn_training/results_50D_CaseHM_find_stationary.json
============================================================

  Activating project at `~/DeepSJRP`
[ Info:  started timer at: 2026-04-27T23:14:07.512
┌ Warning: Layer with Float32 parameters got Float64 input.
│   The input will be converted, but any earlier layers may be very slow.
│   layer = Dense(50 => 1000, elu)  # 51_000 parameters
│   summary(x) = "50-element Vector{Float64}"
└ @ Flux ~/.julia/packages/Flux/DZYiO/src/layers/stateless.jl:60
RUNNING THE L-BFGS-B CODE

           * * *

Machine precision = 2.220D-16
 N =           50     M =           10

At X0         0 variables are exactly at the bounds

At iterate    0    f=  5.88292D+02    |proj g|=  9.06196D-02

At iterate    1    f=  5.88228D+02    |proj g|=  8.48128D-02

At iterate    2    f=  5.88114D+02    |proj g|=  5.80163D-02

At iterate    3    f=  5.87130D+02    |proj g|=  9.74179D-02

At iterate    4    f=  5.86616D+02    |proj g|=  1.58399D-01

At iterate    5    f=  5.86239D+02    |proj g|=  5.58229D-02

At iterate    6    f=  5.86176D+02    |proj g|=  3.48594D-02

At iterate    7    f=  5.86161D+02    |proj g|=  6.52239D-02

At iterate    8    f=  5.86119D+02    |proj g|=  3.34086D-02

At iterate    9    f=  5.86098D+02    |proj g|=  2.33478D-02

At iterate   10    f=  5.86031D+02    |proj g|=  2.14586D-02

At iterate   11    f=  5.85955D+02    |proj g|=  4.13017D-02

At iterate   12    f=  5.85921D+02    |proj g|=  1.33486D-02

At iterate   13    f=  5.85910D+02    |proj g|=  8.79293D-03

           * * *

Tit   = total number of iterations
Tnf   = total number of function evaluations
Tnint = total number of segments explored during Cauchy searches
Skip  = number of BFGS updates skipped
Nact  = number of active bounds at final generalized Cauchy point
Projg = norm of the final projected gradient
F     = final function value

           * * *

   N    Tit     Tnf  Tnint  Skip  Nact     Projg        F
   50     13     17     17     0    18   8.793D-03   5.859D+02
  F =   585.90999882382755     

CONVERGENCE: NORM_OF_PROJECTED_GRADIENT_<=_PGTOL            

 Cauchy                time 0.000E+00 seconds.
 Subspace minimization time 0.000E+00 seconds.
 Line search           time 2.344E-02 seconds.

 Total User time 2.568E+00 seconds.

RUNNING THE L-BFGS-B CODE

           * * *

Machine precision = 2.220D-16
 N =           50     M =           10

At X0         0 variables are exactly at the bounds

At iterate    0    f=  1.76461D-03    |proj g|=  1.18092D-05

At iterate    1    f=  1.76461D-03    |proj g|=  1.18091D-05

           * * *

Tit   = total number of iterations
Tnf   = total number of function evaluations
Tnint = total number of segments explored during Cauchy searches
Skip  = number of BFGS updates skipped
Nact  = number of active bounds at final generalized Cauchy point
Projg = norm of the final projected gradient
F     = final function value

           * * *

   N    Tit     Tnf  Tnint  Skip  Nact     Projg        F
   50      1      2      1     0     0   1.181D-05   1.765D-03
  F =   1.7646081977455931E-003

CONVERGENCE: REL_REDUCTION_OF_F_<=_FACTR*EPSMCH             

 Cauchy                time 0.000E+00 seconds.
 Subspace minimization time 0.000E+00 seconds.
 Line search           time 9.766E-04 seconds.

 Total User time 3.027E-01 seconds.

