
============================================================
DeepSJRP - Stochastic Joint Replenishment Problem Solver
============================================================
Instance: 50D_CaseHL
Options: Dict{Symbol, Any}(:beta_override => 1.0e6, :alpha_override => nothing, :device => :gpu, :nu_override => 0.8, :T_override => 0.1, :seed => 777)
============================================================

Device: CUDA GPU
CUDA toolchain: 
- runtime 12.8, local installation
- driver 580.126.20 for 13.2
- compiler 12.9

CUDA libraries: 
- CUBLAS: 12.8.4
- CURAND: 10.3.9
- CUFFT: 11.3.3
- CUSOLVER: 11.7.3
- CUSPARSE: 12.5.8
- CUPTI: 2025.1.1 (API 12.8.0)
- NVML: 13.0.0+580.126.20

Julia packages: 
- CUDA: 5.11.0
- GPUArrays: 11.4.1
- GPUCompiler: 1.9.1
- KernelAbstractions: 0.9.41
- CUDA_Driver_jll: 13.2.0+0
- CUDA_Compiler_jll: 0.4.2+0
- CUDA_Runtime_jll: 0.21.0+0
- CUDA_Runtime_Discovery: 1.0.0

Toolchain:
- Julia: 1.11.7
- LLVM: 16.0.6

Preferences:
- CUDA_Runtime_jll.version: local

1 device:
  0: NVIDIA H100 80GB HBM3 (sm_90, 79.175 GiB / 79.647 GiB available)
BLAS threads: 1
Julia threads: 10

Benchmark source: QS

============================================================
IMPULSE CONTROL PROBLEM (scaled, annual)
============================================================
Instance: 50D_CaseHL
Dimension: 50
Interest rate: 0.05
Cost scaling κ: 0.01

Drift μ (annual demand rates): [50.0, 50.0, 50.0, 50.0, 50.0, 50.0, 50.0, 50.0, 50.0, 50.0, 50.0, 50.0, 50.0, 50.0, 50.0, 25.0, 25.0, 25.0, 25.0, 25.0, 25.0, 25.0, 25.0, 25.0, 25.0, 25.0, 25.0, 25.0, 25.0, 25.0, 12.5, 12.5, 12.5, 12.5, 12.5, 12.5, 12.5, 12.5, 12.5, 12.5, 12.5, 12.5, 12.5, 12.5, 12.5, 12.5, 12.5, 12.5, 12.5, 12.5]
Covariance Σ diagonal: [2500.0, 2500.0, 2500.0, 2500.0, 2500.0, 2500.0, 2500.0, 2500.0, 2500.0, 2500.0, 2500.0, 2500.0, 2500.0, 2500.0, 2500.0, 625.0, 625.0, 625.0, 625.0, 625.0, 625.0, 625.0, 625.0, 625.0, 625.0, 625.0, 625.0, 625.0, 625.0, 625.0, 156.25, 156.25, 156.25, 156.25, 156.25, 156.25, 156.25, 156.25, 156.25, 156.25, 156.25, 156.25, 156.25, 156.25, 156.25, 156.25, 156.25, 156.25, 156.25, 156.25]

Scaled costs (× κ = 0.01):
  Fixed cost K:    0.5
  Variable costs c: [0.001, 0.001, 0.001, 0.001, 0.001, 0.001, 0.001, 0.001, 0.001, 0.001, 0.001, 0.001, 0.001, 0.001, 0.001, 0.002, 0.002, 0.002, 0.002, 0.002, 0.002, 0.002, 0.002, 0.002, 0.002, 0.002, 0.002, 0.002, 0.002, 0.002, 0.004, 0.004, 0.004, 0.004, 0.004, 0.004, 0.004, 0.004, 0.004, 0.004, 0.004, 0.004, 0.004, 0.004, 0.004, 0.004, 0.004, 0.004, 0.004, 0.004]
  Holding costs h:  [0.01, 0.01, 0.01, 0.01, 0.01, 0.01, 0.01, 0.01, 0.01, 0.01, 0.01, 0.01, 0.01, 0.01, 0.01, 0.02, 0.02, 0.02, 0.02, 0.02, 0.02, 0.02, 0.02, 0.02, 0.02, 0.02, 0.02, 0.02, 0.02, 0.02, 0.04, 0.04, 0.04, 0.04, 0.04, 0.04, 0.04, 0.04, 0.04, 0.04, 0.04, 0.04, 0.04, 0.04, 0.04, 0.04, 0.04, 0.04, 0.04, 0.04]
  Penalty costs p:  [0.25, 0.25, 0.25, 0.25, 0.25, 0.25, 0.25, 0.25, 0.25, 0.25, 0.25, 0.25, 0.25, 0.25, 0.25, 0.5, 0.5, 0.5, 0.5, 0.5, 0.5, 0.5, 0.5, 0.5, 0.5, 0.5, 0.5, 0.5, 0.5, 0.5, 1.0, 1.0, 1.0, 1.0, 1.0, 1.0, 1.0, 1.0, 1.0, 1.0, 1.0, 1.0, 1.0, 1.0, 1.0, 1.0, 1.0, 1.0, 1.0, 1.0]

Original costs (unscaled):
  Fixed cost K:    50.0
  Variable costs c: [0.1, 0.1, 0.1, 0.1, 0.1, 0.1, 0.1, 0.1, 0.1, 0.1, 0.1, 0.1, 0.1, 0.1, 0.1, 0.2, 0.2, 0.2, 0.2, 0.2, 0.2, 0.2, 0.2, 0.2, 0.2, 0.2, 0.2, 0.2, 0.2, 0.2, 0.4, 0.4, 0.4, 0.4, 0.4, 0.4, 0.4, 0.4, 0.4, 0.4, 0.4, 0.4, 0.4, 0.4, 0.4, 0.4, 0.4, 0.4, 0.4, 0.4]
  Holding costs h:  [1.0, 1.0, 1.0, 1.0, 1.0, 1.0, 1.0, 1.0, 1.0, 1.0, 1.0, 1.0, 1.0, 1.0, 1.0, 2.0, 2.0, 2.0, 2.0, 2.0, 2.0, 2.0, 2.0, 2.0, 2.0, 2.0, 2.0, 2.0, 2.0, 2.0, 4.0, 4.0, 4.0, 4.0, 4.0, 4.0, 4.0, 4.0, 4.0, 4.0, 4.0, 4.0, 4.0, 4.0, 4.0, 4.0, 4.0, 4.0, 4.0, 4.0]
  Penalty costs p:  [25.0, 25.0, 25.0, 25.0, 25.0, 25.0, 25.0, 25.0, 25.0, 25.0, 25.0, 25.0, 25.0, 25.0, 25.0, 50.0, 50.0, 50.0, 50.0, 50.0, 50.0, 50.0, 50.0, 50.0, 50.0, 50.0, 50.0, 50.0, 50.0, 50.0, 100.0, 100.0, 100.0, 100.0, 100.0, 100.0, 100.0, 100.0, 100.0, 100.0, 100.0, 100.0, 100.0, 100.0, 100.0, 100.0, 100.0, 100.0, 100.0, 100.0]
============================================================

============================================================
TRAINING HYPERPARAMETERS
============================================================
Benchmark source: QS
Precision:        Float32
Batch size:       5000
Num intervals:    100
T horizon:        0.1
Num iterations:   40000
Learning rates:   [0.001, 0.0002, 0.0001, 1.0e-5, 1.0e-6]
LR steps:         [1, 5000, 10000, 20000, 30000]
Beta penalty:     [1.0, 10.0, 100.0, 1000.0, 10000.0, 1.0e6]
Penalty steps:    [1, 2500, 5000, 7500, 10000, 20000]
Lambda rate:      16.524998940105988
S guess:          [[10.0, 10.0, 10.0, 10.0, 10.0, 10.0, 10.0, 10.0, 10.0, 10.0, 10.0, 10.0, 10.0, 10.0, 10.0, 6.0, 6.0, 6.0, 6.0, 6.0, 6.0, 6.0, 6.0, 6.0, 6.0, 6.0, 6.0, 6.0, 6.0, 6.0, 4.0, 4.0, 4.0, 4.0, 4.0, 4.0, 4.0, 4.0, 4.0, 4.0, 4.0, 4.0, 4.0, 4.0, 4.0, 4.0, 4.0, 4.0, 4.0, 4.0]]
Nu radius:        0.8
S distribution:   lognormal
Alpha factor:     0.0
Alpha js:         [0.0, 0.0, 0.0, 0.0, 0.0, 0.0, 0.0, 0.0, 0.0, 0.0, 0.0, 0.0, 0.0, 0.0, 0.0, 0.0, 0.0, 0.0, 0.0, 0.0, 0.0, 0.0, 0.0, 0.0, 0.0, 0.0, 0.0, 0.0, 0.0, 0.0, 0.0, 0.0, 0.0, 0.0, 0.0, 0.0, 0.0, 0.0, 0.0, 0.0, 0.0, 0.0, 0.0, 0.0, 0.0, 0.0, 0.0, 0.0, 0.0, 0.0]
Cost scaling:     0.01

Neural network architecture:
  Hidden layers:  4
  Width:          1000
  Activation:     elu

Optimization parameters:
  Start factor:   1.0
  Lower factor:   0.5
  Upper factor:   1.5
  Sim runs:       10
  Sim horizon:    5000
  Epsilons:       [-1.25, -2.5, -5.0, -7.5, -10.0, -12.5, -15.0, -20.0, -25.0, -30.0, -40.0, -50.0, -75.0, -100.0]
============================================================

Gradient network G (∇V):
Chain(
  Dense(50 => 1000, elu),               # 51_000 parameters
  Dense(1000 => 1000, elu),             # 1_001_000 parameters
  Dense(1000 => 1000, elu),             # 1_001_000 parameters
  Dense(1000 => 1000, elu),             # 1_001_000 parameters
  Dense(1000 => 50),                    # 50_050 parameters
)                   # Total: 10 arrays, 3_104_050 parameters, 1.562 KiB.

Value network H (V):
Chain(
  Dense(50 => 1000, elu),               # 51_000 parameters
  Dense(1000 => 1000, elu),             # 1_001_000 parameters
  Dense(1000 => 1000, elu),             # 1_001_000 parameters
  Dense(1000 => 1000, elu),             # 1_001_000 parameters
  Dense(1000 => 1),                     # 1_001 parameters
)                   # Total: 10 arrays, 3_055_001 parameters, 1.562 KiB.


============================================================
Starting neural network training...
============================================================

Starting training with steady-state sampler:
-----------------------------------------
Epoch: 1; Penalty β updated to: 1.0
-----------------------------------------
─── Device check ───
  x_tn: CuArray{Float32} (50, 100, 5000)
  dB: CuArray{Float32} (50, 100, 5000)
  dU: CuArray{Float32} (50, 100, 5000)
  exponentials: CuArray{Float32} (1, 100)
  loss_dB: CuArray{Float32} (1, 5000)
  loss_df: CuArray{Float32} (1, 5000)
  loss_dU: CuArray{Float32} (1, 5000)
  H_x0: CuArray{Float32} (1, 5000)
  H_xT: CuArray{Float32} (1, 5000)
  penalties: CuArray{Float32} (1, 5000)
────────────────────
Epoch: 1; Computation time: 64.707555048; Current value of V(0): 0.0
Lagrangian objective: 480811.3; Average H(x0): 0.0; Quantile-hedge α(β): 50.32
Simulation time per epoch: 11.646255655; Gradient computation time: 40.13754038; Testing time: 12.059887635
Epoch: 1000; Computation time: 403.854795071; Current value of V(0): 65134.735107421875
Lagrangian objective: -10286.601; Average H(x0): 20951.764; Quantile-hedge α(β): 0.019999999999997797
Simulation time per epoch: 0.07435571; Gradient computation time: 0.18201641; Testing time: 0.083208707
Epoch: 2000; Computation time: 743.599942949; Current value of V(0): 141331.8115234375
Lagrangian objective: -10746.449; Average H(x0): 20823.65; Quantile-hedge α(β): 0.0
Simulation time per epoch: 0.074306036; Gradient computation time: 0.182386204; Testing time: 0.083322121
-----------------------------------------
Epoch: 2500; Penalty β updated to: 10.0
-----------------------------------------
Epoch: 3000; Computation time: 1083.314799969; Current value of V(0): 54979.833984375
Lagrangian objective: -1436.243; Average H(x0): 2883.732; Quantile-hedge α(β): 3.8000000000000034
Simulation time per epoch: 0.074384508; Gradient computation time: 0.183949661; Testing time: 0.083299973
Epoch: 4000; Computation time: 1423.054569714; Current value of V(0): 57043.377685546875
Lagrangian objective: -1415.042; Average H(x0): 2750.421; Quantile-hedge α(β): 5.320000000000002
Simulation time per epoch: 0.074164689; Gradient computation time: 0.182216065; Testing time: 0.083383452
-----------------------------------------
Epoch: 5000; Penalty β updated to: 100.0
-----------------------------------------
Epoch: 5000; Computation time: 1762.821738032; Current value of V(0): 62267.37060546875
Lagrangian objective: 7998.322; Average H(x0): 2770.2563; Quantile-hedge α(β): 0.46000000000000485
Simulation time per epoch: 0.074263969; Gradient computation time: 0.182199365; Testing time: 0.083302082
Epoch: 6000; Computation time: 2102.556859457; Current value of V(0): 40820.85876464844
Lagrangian objective: -749.1445; Average H(x0): 925.5272; Quantile-hedge α(β): 23.640000000000004
Simulation time per epoch: 0.074137315; Gradient computation time: 0.182204035; Testing time: 0.083401081
Epoch: 7000; Computation time: 2442.316158891; Current value of V(0): 41140.12451171875
Lagrangian objective: -738.17664; Average H(x0): 911.5277; Quantile-hedge α(β): 25.580000000000002
Simulation time per epoch: 0.074208978; Gradient computation time: 0.182000025; Testing time: 0.08331131
-----------------------------------------
Epoch: 7500; Penalty β updated to: 1000.0
-----------------------------------------
Epoch: 8000; Computation time: 2781.88513401; Current value of V(0): 13406.468200683594
Lagrangian objective: 475.10675; Average H(x0): -464.47125; Quantile-hedge α(β): 99.33999999999999
Simulation time per epoch: 0.074080137; Gradient computation time: 0.181885853; Testing time: 0.083223022
Epoch: 9000; Computation time: 3121.49260357; Current value of V(0): 29906.143188476562
Lagrangian objective: -512.7526; Average H(x0): 556.30884; Quantile-hedge α(β): 87.44000000000001
Simulation time per epoch: 0.074113718; Gradient computation time: 0.182190907; Testing time: 0.083187904
-----------------------------------------
Epoch: 10000; Penalty β updated to: 10000.0
-----------------------------------------
Epoch: 10000; Computation time: 3460.987564322; Current value of V(0): 32859.68322753906
Lagrangian objective: 8.40905; Average H(x0): 662.2742; Quantile-hedge α(β): 72.14
Simulation time per epoch: 0.07404276; Gradient computation time: 0.181868483; Testing time: 0.083269388
Epoch: 11000; Computation time: 3800.53326899; Current value of V(0): 38751.05895996094
Lagrangian objective: 391.6793; Average H(x0): -387.33057; Quantile-hedge α(β): 99.88
Simulation time per epoch: 0.074117694; Gradient computation time: 0.18191504; Testing time: 0.083176036
Epoch: 12000; Computation time: 4140.000191695; Current value of V(0): 40937.6708984375
Lagrangian objective: 197.39163; Average H(x0): -194.61243; Quantile-hedge α(β): 99.9
Simulation time per epoch: 0.074308974; Gradient computation time: 0.181762104; Testing time: 0.083354189
Epoch: 13000; Computation time: 4479.533672458; Current value of V(0): 44386.23962402344
Lagrangian objective: -88.09586; Average H(x0): 91.781685; Quantile-hedge α(β): 99.82
Simulation time per epoch: 0.074125294; Gradient computation time: 0.181896628; Testing time: 0.083269269
Epoch: 14000; Computation time: 4818.961727856; Current value of V(0): 45816.32385253906
Lagrangian objective: -213.50702; Average H(x0): 214.19325; Quantile-hedge α(β): 99.8
Simulation time per epoch: 0.074145345; Gradient computation time: 0.181678909; Testing time: 0.0830843
Epoch: 15000; Computation time: 5158.180125075; Current value of V(0): 47039.2822265625
Lagrangian objective: -475.84665; Average H(x0): 528.2858; Quantile-hedge α(β): 95.24000000000001
Simulation time per epoch: 0.074203069; Gradient computation time: 0.182146553; Testing time: 0.083112359
Epoch: 16000; Computation time: 5497.506296593; Current value of V(0): 40279.78210449219
Lagrangian objective: 606.8049; Average H(x0): -606.8049; Quantile-hedge α(β): 100.0
Simulation time per epoch: 0.074185142; Gradient computation time: 0.182106866; Testing time: 0.083193447
Epoch: 17000; Computation time: 5836.871292738; Current value of V(0): 42857.25402832031
Lagrangian objective: 267.0099; Average H(x0): -265.0458; Quantile-hedge α(β): 99.94
Simulation time per epoch: 0.074238405; Gradient computation time: 0.181745076; Testing time: 0.083453045
Epoch: 18000; Computation time: 6176.238920896; Current value of V(0): 46299.462890625
Lagrangian objective: -291.04703; Average H(x0): 302.60165; Quantile-hedge α(β): 99.42
Simulation time per epoch: 0.07413575; Gradient computation time: 0.181738857; Testing time: 0.083195409
Epoch: 19000; Computation time: 6515.636375285; Current value of V(0): 46100.48828125
Lagrangian objective: -505.0399; Average H(x0): 548.1568; Quantile-hedge α(β): 94.98
Simulation time per epoch: 0.074198532; Gradient computation time: 0.182110199; Testing time: 0.083241835
-----------------------------------------
Epoch: 20000; Penalty β updated to: 1.0e6
-----------------------------------------
Epoch: 20000; Computation time: 6855.073467107; Current value of V(0): 44990.234375
Lagrangian objective: 1316.2858; Average H(x0): -493.43646; Quantile-hedge α(β): 99.92
Simulation time per epoch: 0.07410558; Gradient computation time: 0.181721725; Testing time: 0.083392159
Epoch: 21000; Computation time: 7194.658072376; Current value of V(0): 44103.84521484375
Lagrangian objective: 588.53656; Average H(x0): -588.53656; Quantile-hedge α(β): 100.0
Simulation time per epoch: 0.074173372; Gradient computation time: 0.181838592; Testing time: 0.083090555
Epoch: 22000; Computation time: 7534.038014095; Current value of V(0): 43072.95837402344
Lagrangian objective: 705.93915; Average H(x0): -705.93915; Quantile-hedge α(β): 100.0
Simulation time per epoch: 0.074217872; Gradient computation time: 0.182081348; Testing time: 0.083258285
Epoch: 23000; Computation time: 7873.463090352; Current value of V(0): 42550.81481933594
Lagrangian objective: 860.9453; Average H(x0): -733.14044; Quantile-hedge α(β): 99.96000000000001
Simulation time per epoch: 0.074161817; Gradient computation time: 0.181788908; Testing time: 0.0832281
Epoch: 24000; Computation time: 8212.980152851; Current value of V(0): 42621.35925292969
Lagrangian objective: 5063.32; Average H(x0): -712.4141; Quantile-hedge α(β): 99.98
Simulation time per epoch: 0.07417735; Gradient computation time: 0.182289596; Testing time: 0.083208467
Epoch: 25000; Computation time: 8552.476619829; Current value of V(0): 42624.658203125
Lagrangian objective: 757.1676; Average H(x0): -757.1676; Quantile-hedge α(β): 100.0
Simulation time per epoch: 0.074113417; Gradient computation time: 0.182039835; Testing time: 0.083309063
Epoch: 26000; Computation time: 8891.854671286; Current value of V(0): 42929.644775390625
Lagrangian objective: 776.31616; Average H(x0): -776.31616; Quantile-hedge α(β): 100.0
Simulation time per epoch: 0.074164622; Gradient computation time: 0.182167544; Testing time: 0.083214561
Epoch: 27000; Computation time: 9231.330774288; Current value of V(0): 42873.66943359375
Lagrangian objective: 755.9268; Average H(x0): -755.9268; Quantile-hedge α(β): 100.0
Simulation time per epoch: 0.074166352; Gradient computation time: 0.182113471; Testing time: 0.083200309
Epoch: 28000; Computation time: 9570.752865036; Current value of V(0): 42870.068359375
Lagrangian objective: 692.1758; Average H(x0): -692.1758; Quantile-hedge α(β): 100.0
Simulation time per epoch: 0.074314828; Gradient computation time: 0.181164235; Testing time: 0.083129576
Epoch: 29000; Computation time: 9910.271002789; Current value of V(0): 44356.64367675781
Lagrangian objective: 810.0605; Average H(x0): -807.3135; Quantile-hedge α(β): 99.98
Simulation time per epoch: 0.074101341; Gradient computation time: 0.181852974; Testing time: 0.083199324
Epoch: 30000; Computation time: 10249.771699708; Current value of V(0): 44685.430908203125
Lagrangian objective: 815.1768; Average H(x0): -815.1768; Quantile-hedge α(β): 100.0
Simulation time per epoch: 0.074239923; Gradient computation time: 0.182234439; Testing time: 0.083261456
Epoch: 31000; Computation time: 10589.279660504; Current value of V(0): 44661.73095703125
Lagrangian objective: 813.15076; Average H(x0): -813.15076; Quantile-hedge α(β): 100.0
Simulation time per epoch: 0.074116856; Gradient computation time: 0.181824192; Testing time: 0.083220217
Epoch: 32000; Computation time: 10928.733262405; Current value of V(0): 44559.07287597656
Lagrangian objective: 1019.4066; Average H(x0): -811.04553; Quantile-hedge α(β): 99.98
Simulation time per epoch: 0.074088117; Gradient computation time: 0.182223693; Testing time: 0.083206244
Epoch: 33000; Computation time: 11268.288161031; Current value of V(0): 44522.32360839844
Lagrangian objective: 811.18274; Average H(x0): -811.18274; Quantile-hedge α(β): 100.0
Simulation time per epoch: 0.074135062; Gradient computation time: 0.182296338; Testing time: 0.083474816
Epoch: 34000; Computation time: 11607.83482881; Current value of V(0): 44613.079833984375
Lagrangian objective: 787.1628; Average H(x0): -787.1628; Quantile-hedge α(β): 100.0
Simulation time per epoch: 0.074153042; Gradient computation time: 0.182153971; Testing time: 0.083256089
Epoch: 35000; Computation time: 11947.495797552; Current value of V(0): 44556.13098144531
Lagrangian objective: 905.6251; Average H(x0): -785.1866; Quantile-hedge α(β): 99.98
Simulation time per epoch: 0.074234696; Gradient computation time: 0.18179799; Testing time: 0.083226616
Epoch: 36000; Computation time: 12287.212650902; Current value of V(0): 44520.45593261719
Lagrangian objective: 776.6811; Average H(x0): -776.6811; Quantile-hedge α(β): 100.0
Simulation time per epoch: 0.074106402; Gradient computation time: 0.181861712; Testing time: 0.083224593
Epoch: 37000; Computation time: 12626.688768302; Current value of V(0): 44500.848388671875
Lagrangian objective: 1137.7886; Average H(x0): -779.8504; Quantile-hedge α(β): 99.98
Simulation time per epoch: 0.074110099; Gradient computation time: 0.182004976; Testing time: 0.083266661
Epoch: 38000; Computation time: 12966.20177177; Current value of V(0): 44454.17785644531
Lagrangian objective: 775.1177; Average H(x0): -775.1177; Quantile-hedge α(β): 100.0
Simulation time per epoch: 0.074191357; Gradient computation time: 0.181912944; Testing time: 0.083253624
Epoch: 39000; Computation time: 13305.715110518; Current value of V(0): 44355.20324707031
Lagrangian objective: 776.1485; Average H(x0): -776.1485; Quantile-hedge α(β): 100.0
Simulation time per epoch: 0.074100863; Gradient computation time: 0.181828082; Testing time: 0.083235784
Epoch: 40000; Computation time: 13645.269170245; Current value of V(0): 44397.28698730469
Lagrangian objective: 759.3025; Average H(x0): -759.3025; Quantile-hedge α(β): 100.0
Simulation time per epoch: 0.074154219; Gradient computation time: 0.181919837; Testing time: 0.08321297

Training completed in 13645.269299417 seconds
Final V(0): 44397.265625

============================================================
Running policy evaluation...
============================================================


============================================================
INVENTORY PROBLEM (unscaled, weekly)
============================================================
Dimension:       50
Discount factor: 0.9990389236684376
Fixed cost:      50.0
Variable costs:  [0.1, 0.1, 0.1, 0.1, 0.1, 0.1, 0.1, 0.1, 0.1, 0.1, 0.1, 0.1, 0.1, 0.1, 0.1, 0.2, 0.2, 0.2, 0.2, 0.2, 0.2, 0.2, 0.2, 0.2, 0.2, 0.2, 0.2, 0.2, 0.2, 0.2, 0.4, 0.4, 0.4, 0.4, 0.4, 0.4, 0.4, 0.4, 0.4, 0.4, 0.4, 0.4, 0.4, 0.4, 0.4, 0.4, 0.4, 0.4, 0.4, 0.4]
Holding costs:   [0.019230769230769232, 0.019230769230769232, 0.019230769230769232, 0.019230769230769232, 0.019230769230769232, 0.019230769230769232, 0.019230769230769232, 0.019230769230769232, 0.019230769230769232, 0.019230769230769232, 0.019230769230769232, 0.019230769230769232, 0.019230769230769232, 0.019230769230769232, 0.019230769230769232, 0.038461538461538464, 0.038461538461538464, 0.038461538461538464, 0.038461538461538464, 0.038461538461538464, 0.038461538461538464, 0.038461538461538464, 0.038461538461538464, 0.038461538461538464, 0.038461538461538464, 0.038461538461538464, 0.038461538461538464, 0.038461538461538464, 0.038461538461538464, 0.038461538461538464, 0.07692307692307693, 0.07692307692307693, 0.07692307692307693, 0.07692307692307693, 0.07692307692307693, 0.07692307692307693, 0.07692307692307693, 0.07692307692307693, 0.07692307692307693, 0.07692307692307693, 0.07692307692307693, 0.07692307692307693, 0.07692307692307693, 0.07692307692307693, 0.07692307692307693, 0.07692307692307693, 0.07692307692307693, 0.07692307692307693, 0.07692307692307693, 0.07692307692307693]
Backlog costs:   [0.4807692307692308, 0.4807692307692308, 0.4807692307692308, 0.4807692307692308, 0.4807692307692308, 0.4807692307692308, 0.4807692307692308, 0.4807692307692308, 0.4807692307692308, 0.4807692307692308, 0.4807692307692308, 0.4807692307692308, 0.4807692307692308, 0.4807692307692308, 0.4807692307692308, 0.9615384615384616, 0.9615384615384616, 0.9615384615384616, 0.9615384615384616, 0.9615384615384616, 0.9615384615384616, 0.9615384615384616, 0.9615384615384616, 0.9615384615384616, 0.9615384615384616, 0.9615384615384616, 0.9615384615384616, 0.9615384615384616, 0.9615384615384616, 0.9615384615384616, 1.9230769230769231, 1.9230769230769231, 1.9230769230769231, 1.9230769230769231, 1.9230769230769231, 1.9230769230769231, 1.9230769230769231, 1.9230769230769231, 1.9230769230769231, 1.9230769230769231, 1.9230769230769231, 1.9230769230769231, 1.9230769230769231, 1.9230769230769231, 1.9230769230769231, 1.9230769230769231, 1.9230769230769231, 1.9230769230769231, 1.9230769230769231, 1.9230769230769231]
Demand dists:    DataType[Distributions.NegativeBinomial{Float64}, Distributions.NegativeBinomial{Float64}, Distributions.NegativeBinomial{Float64}, Distributions.NegativeBinomial{Float64}, Distributions.NegativeBinomial{Float64}, Distributions.NegativeBinomial{Float64}, Distributions.NegativeBinomial{Float64}, Distributions.NegativeBinomial{Float64}, Distributions.NegativeBinomial{Float64}, Distributions.NegativeBinomial{Float64}, Distributions.NegativeBinomial{Float64}, Distributions.NegativeBinomial{Float64}, Distributions.NegativeBinomial{Float64}, Distributions.NegativeBinomial{Float64}, Distributions.NegativeBinomial{Float64}, Distributions.NegativeBinomial{Float64}, Distributions.NegativeBinomial{Float64}, Distributions.NegativeBinomial{Float64}, Distributions.NegativeBinomial{Float64}, Distributions.NegativeBinomial{Float64}, Distributions.NegativeBinomial{Float64}, Distributions.NegativeBinomial{Float64}, Distributions.NegativeBinomial{Float64}, Distributions.NegativeBinomial{Float64}, Distributions.NegativeBinomial{Float64}, Distributions.NegativeBinomial{Float64}, Distributions.NegativeBinomial{Float64}, Distributions.NegativeBinomial{Float64}, Distributions.NegativeBinomial{Float64}, Distributions.NegativeBinomial{Float64}, Distributions.NegativeBinomial{Float64}, Distributions.NegativeBinomial{Float64}, Distributions.NegativeBinomial{Float64}, Distributions.NegativeBinomial{Float64}, Distributions.NegativeBinomial{Float64}, Distributions.NegativeBinomial{Float64}, Distributions.NegativeBinomial{Float64}, Distributions.NegativeBinomial{Float64}, Distributions.NegativeBinomial{Float64}, Distributions.NegativeBinomial{Float64}, Distributions.NegativeBinomial{Float64}, Distributions.NegativeBinomial{Float64}, Distributions.NegativeBinomial{Float64}, Distributions.NegativeBinomial{Float64}, Distributions.NegativeBinomial{Float64}, Distributions.NegativeBinomial{Float64}, Distributions.NegativeBinomial{Float64}, Distributions.NegativeBinomial{Float64}, Distributions.NegativeBinomial{Float64}, Distributions.NegativeBinomial{Float64}]
Demand means:    [0.9615384615384615, 0.9615384615384615, 0.9615384615384615, 0.9615384615384615, 0.9615384615384615, 0.9615384615384615, 0.9615384615384615, 0.9615384615384615, 0.9615384615384615, 0.9615384615384615, 0.9615384615384615, 0.9615384615384615, 0.9615384615384615, 0.9615384615384615, 0.9615384615384615, 0.4807692307692307, 0.4807692307692307, 0.4807692307692307, 0.4807692307692307, 0.4807692307692307, 0.4807692307692307, 0.4807692307692307, 0.4807692307692307, 0.4807692307692307, 0.4807692307692307, 0.4807692307692307, 0.4807692307692307, 0.4807692307692307, 0.4807692307692307, 0.4807692307692307, 0.2403846153846154, 0.2403846153846154, 0.2403846153846154, 0.2403846153846154, 0.2403846153846154, 0.2403846153846154, 0.2403846153846154, 0.2403846153846154, 0.2403846153846154, 0.2403846153846154, 0.2403846153846154, 0.2403846153846154, 0.2403846153846154, 0.2403846153846154, 0.2403846153846154, 0.2403846153846154, 0.2403846153846154, 0.2403846153846154, 0.2403846153846154, 0.2403846153846154]
============================================================

==================================================
Computing order-up-to vector via :solve_inf
==================================================

Method: solve_inf
Final objective: -861.8585762290727
z*: [5.0, 5.0, 5.0, 5.0, 5.188832852306911, 5.0, 13.482265077020475, 5.0, 5.0, 5.0, 5.0, 5.0, 5.0, 5.0, 9.515623849484246, 3.0, 3.0, 9.0, 3.0, 9.0, 9.0, 9.0, 3.0, 7.295792051912344, 4.585959577104119, 3.0, 3.0, 3.0, 3.0, 3.0, 2.0, 2.0, 2.0, 2.0, 2.0, 2.0, 2.0, 2.0, 2.0, 2.0, 2.0, 2.0, 2.0, 6.0, 2.0, 2.0, 2.0, 3.8791933344940026, 2.0, 3.064632591234684]
Intervention value: 1305.3316292075883

==================================================
Computing order-up-to vector via :find_stationary
==================================================
RUNNING THE L-BFGS-B CODE

           * * *

Machine precision = 2.220D-16
 N =           50     M =           10

At X0         0 variables are exactly at the bounds

At iterate    0    f= -7.63079D+02    |proj g|=  2.00000D+00

At iterate    1    f= -8.24546D+02    |proj g|=  2.73739D+00

At iterate    2    f= -8.25732D+02    |proj g|=  1.21835D+00

At iterate    3    f= -8.34021D+02    |proj g|=  7.88614D-01

At iterate    4    f= -8.35865D+02    |proj g|=  7.92324D-01

At iterate    5    f= -8.41122D+02    |proj g|=  7.33712D-01

At iterate    6    f= -8.51118D+02    |proj g|=  1.83694D+00

At iterate    7    f= -8.55594D+02    |proj g|=  1.32005D+00

At iterate    8    f= -8.56528D+02    |proj g|=  1.19797D+00

At iterate    9    f= -8.58504D+02    |proj g|=  4.24867D-01

At iterate   10    f= -8.58612D+02    |proj g|=  2.66902D-01

At iterate   11    f= -8.58791D+02    |proj g|=  2.22478D-01

At iterate   12    f= -8.59310D+02    |proj g|=  2.19506D-01

At iterate   13    f= -8.60314D+02    |proj g|=  1.68831D-01

At iterate   14    f= -8.60575D+02    |proj g|=  1.06650D-01

At iterate   15    f= -8.61127D+02    |proj g|=  9.77457D-02

At iterate   16    f= -8.61203D+02    |proj g|=  8.10110D-02

At iterate   17    f= -8.61223D+02    |proj g|=  9.35238D-02

At iterate   18    f= -8.61248D+02    |proj g|=  4.88806D-02

At iterate   19    f= -8.61257D+02    |proj g|=  3.31999D-02

At iterate   20    f= -8.61272D+02    |proj g|=  3.70837D-02

At iterate   21    f= -8.61289D+02    |proj g|=  6.93727D-02

At iterate   22    f= -8.61301D+02    |proj g|=  3.61620D-02

At iterate   23    f= -8.61306D+02    |proj g|=  3.48170D-02

At iterate   24    f= -8.61310D+02    |proj g|=  3.20736D-02

At iterate   25    f= -8.61317D+02    |proj g|=  2.24083D-02

At iterate   26    f= -8.61322D+02    |proj g|=  3.07909D-02

At iterate   27    f= -8.61328D+02    |proj g|=  4.93028D-02

At iterate   28    f= -8.61334D+02    |proj g|=  7.42586D-02

At iterate   29    f= -8.61368D+02    |proj g|=  1.06299D-01
  ys=-9.666E-05  -gs= 3.059E-02 BFGS update SKIPPED

At iterate   30    f= -8.61397D+02    |proj g|=  1.01452D-01

At iterate   31    f= -8.61456D+02    |proj g|=  1.09713D-01

At iterate   32    f= -8.61596D+02    |proj g|=  1.09575D-01

At iterate   33    f= -8.61657D+02    |proj g|=  1.27779D-01

At iterate   34    f= -8.61701D+02    |proj g|=  1.87110D-01

At iterate   35    f= -8.61765D+02    |proj g|=  1.13819D-01

At iterate   36    f= -8.61797D+02    |proj g|=  6.67445D-02

At iterate   37    f= -8.61809D+02    |proj g|=  6.11399D-02

At iterate   38    f= -8.61823D+02    |proj g|=  4.82613D-02

At iterate   39    f= -8.61846D+02    |proj g|=  2.64453D-02

At iterate   40    f= -8.61852D+02    |proj g|=  5.03323D-02

At iterate   41    f= -8.61854D+02    |proj g|=  3.71439D-02

At iterate   42    f= -8.61857D+02    |proj g|=  1.95412D-02

At iterate   43    f= -8.61859D+02    |proj g|=  9.80920D-03

           * * *

Tit   = total number of iterations
Tnf   = total number of function evaluations
Tnint = total number of segments explored during Cauchy searches
Skip  = number of BFGS updates skipped
Nact  = number of active bounds at final generalized Cauchy point
Projg = norm of the final projected gradient
F     = final function value

           * * *

   N    Tit     Tnf  Tnint  Skip  Nact     Projg        F
   50     43     48     69     1    43   9.809D-03  -8.619D+02
  F =  -861.85857622907270     

CONVERGENCE: NORM_OF_PROJECTED_GRADIENT_<=_PGTOL            

 Cauchy                time 0.000E+00 seconds.
 Subspace minimization time 0.000E+00 seconds.
 Line search           time 6.836E-02 seconds.

 Total User time 2.775E+00 seconds.

RUNNING THE L-BFGS-B CODE

           * * *

Machine precision = 2.220D-16
 N =           50     M =           10

At X0         0 variables are exactly at the bounds

At iterate    0    f=  1.52128D+04    |proj g|=  5.00000D+00

At iterate    1    f=  1.01142D-01    |proj g|=  2.33573D-03

At iterate    2    f=  1.01142D-01    |proj g|=  2.33573D-03
  ys=-2.650E-15  -gs= 2.347E-08 BFGS update SKIPPED

At iterate    3    f=  1.01142D-01    |proj g|=  2.33573D-03

At iterate    4    f=  9.72279D-02    |proj g|=  2.56943D-03
  ys=-1.500E-04  -gs= 3.802E-03 BFGS update SKIPPED

At iterate    5    f=  8.38335D-02    |proj g|=  9.24173D-04

At iterate    6    f=  8.01247D-02    |proj g|=  1.04422D-03

At iterate    7    f=  7.93028D-02    |proj g|=  5.18446D-04

At iterate    8    f=  7.49790D-02    |proj g|=  8.12861D-04
  ys=-4.217E-04  -gs= 4.351E-03 BFGS update SKIPPED

At iterate    9    f=  7.42671D-02    |proj g|=  8.91678D-04
  ys=-5.770E-05  -gs= 6.832E-04 BFGS update SKIPPED

At iterate   10    f=  7.34365D-02    |proj g|=  6.78093D-04
  ys=-1.028E-04  -gs= 7.793E-04 BFGS update SKIPPED

At iterate   11    f=  7.31537D-02    |proj g|=  7.07420D-04
  ys=-8.387E-06  -gs= 2.787E-04 BFGS update SKIPPED

At iterate   12    f=  7.11884D-02    |proj g|=  4.16811D-04
  ys=-3.489E-04  -gs= 1.691E-03 BFGS update SKIPPED

At iterate   13    f=  7.03844D-02    |proj g|=  3.71093D-04

At iterate   14    f=  6.93438D-02    |proj g|=  3.45303D-04

At iterate   15    f=  6.92015D-02    |proj g|=  4.41217D-04

At iterate   16    f=  6.88820D-02    |proj g|=  4.33754D-04
  ys=-1.321E-04  -gs= 2.603E-04 BFGS update SKIPPED

At iterate   17    f=  6.88315D-02    |proj g|=  3.91852D-04

At iterate   18    f=  6.87874D-02    |proj g|=  3.61908D-04

At iterate   19    f=  6.87173D-02    |proj g|=  3.50060D-04

At iterate   20    f=  6.86539D-02    |proj g|=  3.26062D-04

At iterate   21    f=  6.84024D-02    |proj g|=  2.17618D-04

At iterate   22    f=  6.66382D-02    |proj g|=  4.61126D-04
  ys=-5.365E-04  -gs= 1.264E-03 BFGS update SKIPPED

At iterate   23    f=  6.62449D-02    |proj g|=  3.80416D-04

At iterate   24    f=  6.59745D-02    |proj g|=  5.26183D-04

At iterate   25    f=  6.55145D-02    |proj g|=  5.00716D-04

At iterate   26    f=  6.46002D-02    |proj g|=  3.00883D-04

At iterate   27    f=  6.44687D-02    |proj g|=  2.51709D-04

At iterate   28    f=  6.40715D-02    |proj g|=  2.14129D-04

At iterate   29    f=  6.40039D-02    |proj g|=  2.68681D-04

At iterate   30    f=  6.38543D-02    |proj g|=  1.14526D-04

At iterate   31    f=  6.38115D-02    |proj g|=  5.30000D-05

At iterate   32    f=  6.38099D-02    |proj g|=  5.83119D-05

At iterate   33    f=  6.38067D-02    |proj g|=  6.15730D-05

At iterate   34    f=  6.37874D-02    |proj g|=  7.64256D-05

At iterate   35    f=  6.37142D-02    |proj g|=  1.08402D-04

At iterate   36    f=  6.37130D-02    |proj g|=  1.06423D-04

At iterate   37    f=  6.36839D-02    |proj g|=  9.88242D-05

At iterate   38    f=  6.36646D-02    |proj g|=  6.35004D-05

At iterate   39    f=  6.36534D-02    |proj g|=  4.28566D-05

At iterate   40    f=  6.36496D-02    |proj g|=  3.84854D-05

At iterate   41    f=  6.36437D-02    |proj g|=  4.84024D-05

At iterate   42    f=  6.35973D-02    |proj g|=  1.27714D-04

At iterate   43    f=  6.05206D-02    |proj g|=  2.38601D-04
  ys=-3.868E-03  -gs= 8.803E-04 BFGS update SKIPPED

At iterate   44    f=  6.02710D-02    |proj g|=  2.94149D-04

At iterate   45    f=  6.01562D-02    |proj g|=  2.84595D-04

At iterate   46    f=  5.99371D-02    |proj g|=  2.72691D-04

At iterate   47    f=  5.98012D-02    |proj g|=  5.24370D-04

At iterate   48    f=  5.96834D-02    |proj g|=  6.04118D-04

At iterate   49    f=  5.91199D-02    |proj g|=  1.19140D-03

At iterate   50    f=  5.61826D-02    |proj g|=  3.40770D-04
  ys=-6.259E-04  -gs= 1.363E-03 BFGS update SKIPPED

At iterate   51    f=  5.54722D-02    |proj g|=  5.06298D-04

At iterate   52    f=  5.53137D-02    |proj g|=  8.59531D-04

At iterate   53    f=  5.50535D-02    |proj g|=  5.80037D-04

At iterate   54    f=  5.48152D-02    |proj g|=  4.24806D-04

At iterate   55    f=  5.41593D-02    |proj g|=  2.58400D-04

At iterate   56    f=  5.41447D-02    |proj g|=  2.59051D-04

At iterate   57    f=  5.40559D-02    |proj g|=  2.66338D-04

At iterate   58    f=  5.39953D-02    |proj g|=  2.70738D-04
  Positive dir derivative in projection 
  Using the backtracking step 

At iterate   59    f=  5.39247D-02    |proj g|=  2.36731D-04

Method: find_stationary
Final residual: 0.2232180467003247
z*: [5.0, 15.0, 12.569268778311736, 5.0, 15.0, 5.0, 5.0, 15.0, 15.0, 15.0, 15.0, 15.0, 15.0, 15.0, 15.0, 3.0, 9.0, 3.0, 9.0, 7.75162746391331, 9.0, 3.0, 3.0, 3.0, 3.0, 9.0, 3.0, 3.0, 9.0, 3.0, 2.52669901120083, 2.7788267662266914, 6.0, 6.0, 6.0, 2.954543595604408, 2.0, 2.0, 5.677667728145195, 2.0, 6.0, 2.0, 2.0, 2.0, 6.0, 2.0, 2.0, 2.0, 2.0, 2.0]
Intervention value: 1178.988384291561

==================================================
Summary:
  solve_inf:       z* = [5, 5, 5, 5, 5, 5, 13, 5, 5, 5, 5, 5, 5, 5, 10, 3, 3, 9, 3, 9, 9, 9, 3, 7, 5, 3, 3, 3, 3, 3, 2, 2, 2, 2, 2, 2, 2, 2, 2, 2, 2, 2, 2, 6, 2, 2, 2, 4, 2, 3]
  find_stationary: z* = [5, 15, 13, 5, 15, 5, 5, 15, 15, 15, 15, 15, 15, 15, 15, 3, 9, 3, 9, 8, 9, 3, 3, 3, 3, 9, 3, 3, 9, 3, 3, 3, 6, 6, 6, 3, 2, 2, 6, 2, 6, 2, 2, 2, 6, 2, 2, 2, 2, 2]
==================================================

============================================================
Evaluating method: solve_inf
============================================================

----------------------------------------
Evaluating ε = -1.25
----------------------------------------
Mean cost: 54682.42918782869 ± 299.7781799591963
  Inventory costs: 29158.310877391028
  Variable costs:  4996.008591036741
  Fixed costs:     20528.109719400825
  Simulation time: 567.5s

----------------------------------------
Evaluating ε = -2.5
----------------------------------------
Mean cost: 54561.337899725724 ± 256.1216877487519
  Inventory costs: 29137.390761882958
  Variable costs:  4997.76450746739
  Fixed costs:     20426.182630375406
  Simulation time: 573.1s

----------------------------------------
Evaluating ε = -5.0
----------------------------------------
Mean cost: 54085.41988889134 ± 318.78250306600745
  Inventory costs: 28872.575381603172
  Variable costs:  4933.631803016403
  Fixed costs:     20279.21270427174
  Simulation time: 574.8s

----------------------------------------
Evaluating ε = -7.5
----------------------------------------
Mean cost: 54484.87616573124 ± 407.83556677738966
  Inventory costs: 29201.46445187942
  Variable costs:  5006.124468332493
  Fixed costs:     20277.287245519343
  Simulation time: 580.2s

----------------------------------------
Evaluating ε = -10.0
----------------------------------------
Mean cost: 54484.65997388336 ± 277.13494011034464
  Inventory costs: 29254.967917882983
  Variable costs:  5000.653551341284
  Fixed costs:     20229.03850465906
  Simulation time: 581.1s

----------------------------------------
Evaluating ε = -12.5
----------------------------------------
Mean cost: 54743.56403836181 ± 333.8393831078204
  Inventory costs: 29357.91579949791
  Variable costs:  5011.573007447349
  Fixed costs:     20374.075231416602
  Simulation time: 569.1s

----------------------------------------
Evaluating ε = -15.0
----------------------------------------
Mean cost: 54651.73811682942 ± 310.85924113964535
  Inventory costs: 29312.404533968325
  Variable costs:  5016.484329811728
  Fixed costs:     20322.849253049364
  Simulation time: 573.0s

----------------------------------------
Evaluating ε = -20.0
----------------------------------------
Mean cost: 54431.66046593037 ± 335.9247461887585
  Inventory costs: 29371.405726314406
  Variable costs:  4981.369404413267
  Fixed costs:     20078.885335202747
  Simulation time: 586.2s

----------------------------------------
Evaluating ε = -25.0
----------------------------------------
Mean cost: 54656.5175818261 ± 251.3083182948258
  Inventory costs: 29387.422920115245
  Variable costs:  4993.367934329437
  Fixed costs:     20275.72672738133
  Simulation time: 614.9s

----------------------------------------
Evaluating ε = -30.0
----------------------------------------
Mean cost: 54692.597227169594 ± 252.88289919827974
  Inventory costs: 29623.332175013165
  Variable costs:  4998.125967474478
  Fixed costs:     20071.139084682054
  Simulation time: 621.0s

----------------------------------------
Evaluating ε = -40.0
----------------------------------------
Mean cost: 54848.68326408036 ± 311.0921354042125
  Inventory costs: 30455.278458518336
  Variable costs:  5055.611146830501
  Fixed costs:     19337.793658731498
  Simulation time: 530.1s

----------------------------------------
Evaluating ε = -50.0
----------------------------------------
Mean cost: 55289.56894194287 ± 319.40070115455103
  Inventory costs: 33378.42031182145
  Variable costs:  4956.153744327248
  Fixed costs:     16954.994885794153
  Simulation time: 524.3s

----------------------------------------
Evaluating ε = -75.0
----------------------------------------
Mean cost: 69910.64849324158 ± 245.4182601396359
  Inventory costs: 54143.23697302485
  Variable costs:  5072.359912894724
  Fixed costs:     10695.051607321893
  Simulation time: 531.3s

----------------------------------------
Evaluating ε = -100.0
----------------------------------------
Mean cost: 89765.31885736898 ± 495.51551730046924
  Inventory costs: 77490.16055982912
  Variable costs:  4979.9493208312315
  Fixed costs:     7295.208976708671
  Simulation time: 532.7s

==================================================
Best epsilon: -5.0 with cost: 54085.41988889134 ± 318.78250306600745
==================================================

============================================================
Evaluating method: find_stationary
============================================================

----------------------------------------
Evaluating ε = -1.25
----------------------------------------
Mean cost: 79601.56691279533 ± 196.16578561749478
  Inventory costs: 25056.042859941346
  Variable costs:  5016.439290918561
  Fixed costs:     49529.08476193565
  Simulation time: 524.8s

----------------------------------------
Evaluating ε = -2.5
----------------------------------------
Mean cost: 79680.9506730707 ± 224.52504208513398
  Inventory costs: 25177.507299537923
  Variable costs:  5058.654414471382
  Fixed costs:     49444.78895906161
  Simulation time: 525.4s

----------------------------------------
Evaluating ε = -5.0
----------------------------------------
Mean cost: 79769.47330884225 ± 162.73676926322184
  Inventory costs: 25120.65197373771
  Variable costs:  5042.225061785056
  Fixed costs:     49606.596273319716
  Simulation time: 515.9s

----------------------------------------
Evaluating ε = -7.5
----------------------------------------
Mean cost: 79357.49226545333 ± 207.1949398718299
  Inventory costs: 25015.352925218922
  Variable costs:  4987.438721875236
  Fixed costs:     49354.70061835928
  Simulation time: 529.1s

----------------------------------------
Evaluating ε = -10.0
----------------------------------------
Mean cost: 79523.30335757439 ± 195.81402181768712
  Inventory costs: 25093.129401479506
  Variable costs:  5008.66467177118
  Fixed costs:     49421.50928432369
  Simulation time: 582.0s

----------------------------------------
Evaluating ε = -12.5
----------------------------------------
Mean cost: 79830.06213930435 ± 157.435075050426
  Inventory costs: 25309.41070388843
  Variable costs:  5057.236356720118
  Fixed costs:     49463.41507869608
  Simulation time: 559.8s

----------------------------------------
Evaluating ε = -15.0
----------------------------------------
Mean cost: 79217.47107089861 ± 180.93532883868642
  Inventory costs: 24820.982689573117
  Variable costs:  4946.447401853033
  Fixed costs:     49450.04097947243
  Simulation time: 545.8s

----------------------------------------
Evaluating ε = -20.0
----------------------------------------
Mean cost: 79315.37569028648 ± 124.56575054192788
  Inventory costs: 25104.978142655607
  Variable costs:  5027.422420894154
  Fixed costs:     49182.97512673691
  Simulation time: 561.4s

----------------------------------------
Evaluating ε = -25.0
----------------------------------------
Mean cost: 77931.79414602925 ± 200.3816410973551
  Inventory costs: 24905.94107444188
  Variable costs:  4945.032259120803
  Fixed costs:     48080.82081246678
  Simulation time: 552.5s

----------------------------------------
Evaluating ε = -30.0
----------------------------------------
Mean cost: 74209.96017465738 ± 270.0264625638884
  Inventory costs: 25335.435158463282
  Variable costs:  5029.102346203095
  Fixed costs:     43845.42266999103
  Simulation time: 549.7s

----------------------------------------
Evaluating ε = -40.0
----------------------------------------
Mean cost: 56625.25882179985 ± 307.1125074159342
  Inventory costs: 27020.64935659651
  Variable costs:  4979.228102363897
  Fixed costs:     24625.381362839365
  Simulation time: 551.1s

----------------------------------------
Evaluating ε = -50.0
----------------------------------------
Mean cost: 54311.03731838041 ± 254.51436702689955
  Inventory costs: 33704.72491538712
  Variable costs:  4994.291035754968
  Fixed costs:     15612.021367238247
  Simulation time: 552.4s

----------------------------------------
Evaluating ε = -75.0
----------------------------------------
Mean cost: 71800.15734000105 ± 248.98678644533572
  Inventory costs: 59788.18391528429
  Variable costs:  5062.466810321615
  Fixed costs:     6949.5066143950535
  Simulation time: 555.9s

----------------------------------------
Evaluating ε = -100.0
----------------------------------------
Mean cost: 93158.01913724137 ± 394.7949917668158
  Inventory costs: 83391.29350956714
  Variable costs:  4990.551457577433
  Fixed costs:     4776.174170096821
  Simulation time: 551.1s

==================================================
Best epsilon: -50.0 with cost: 54311.03731838041 ± 254.51436702689955
==================================================
Improving solve_inf: 54114.83401769308 -> 54085.41988889134
Results saved to: output/nn_training/results_50D_CaseHL_solve_inf.json
Neural networks saved to: policies/policies50D/neural_networks_50D_CaseHL_solve_inf.bson
Skipping save for find_stationary: existing cost 51644.315428969276 <= new cost 54311.03731838041

============================================================
FINAL RESULTS SUMMARY
============================================================

Method: solve_inf
  Order-up-to vector: [5, 5, 5, 5, 5, 5, 13, 5, 5, 5, 5, 5, 5, 5, 10, 3, 3, 9, 3, 9, 9, 9, 3, 7, 5, 3, 3, 3, 3, 3, 2, 2, 2, 2, 2, 2, 2, 2, 2, 2, 2, 2, 2, 6, 2, 2, 2, 4, 2, 3]
  Best epsilon: -5.0
  Best cost: 54085.41988889134 ± 318.78250306600745

Method: find_stationary
  Order-up-to vector: [5, 15, 13, 5, 15, 5, 5, 15, 15, 15, 15, 15, 15, 15, 15, 3, 9, 3, 9, 8, 9, 3, 3, 3, 3, 9, 3, 3, 9, 3, 3, 3, 6, 6, 6, 3, 2, 2, 6, 2, 6, 2, 2, 2, 6, 2, 2, 2, 2, 2]
  Best epsilon: -50.0
  Best cost: 54311.03731838041 ± 254.51436702689955

============================================================
Complete! Per-method results saved to:
  output/nn_training/results_50D_CaseHL_solve_inf.json
  output/nn_training/results_50D_CaseHL_find_stationary.json
============================================================

  Activating project at `~/DeepSJRP`
[ Info:  started timer at: 2026-04-27T02:45:02.324
┌ Warning: Layer with Float32 parameters got Float64 input.
│   The input will be converted, but any earlier layers may be very slow.
│   layer = Dense(50 => 1000, elu)  # 51_000 parameters
│   summary(x) = "50-element Vector{Float64}"
└ @ Flux ~/.julia/packages/Flux/DZYiO/src/layers/stateless.jl:60

At iterate   60    f=  5.38450D-02    |proj g|=  7.54914D-05

At iterate   61    f=  5.38392D-02    |proj g|=  7.00314D-05

At iterate   62    f=  5.38348D-02    |proj g|=  8.41745D-05

At iterate   63    f=  5.38132D-02    |proj g|=  1.30446D-04

At iterate   64    f=  5.37726D-02    |proj g|=  1.52345D-04

At iterate   65    f=  5.37255D-02    |proj g|=  2.30196D-04

At iterate   66    f=  5.36824D-02    |proj g|=  1.57679D-04

At iterate   67    f=  5.36512D-02    |proj g|=  8.70413D-05

At iterate   68    f=  5.36470D-02    |proj g|=  8.76673D-05

At iterate   69    f=  5.36114D-02    |proj g|=  1.24617D-04

At iterate   70    f=  5.34625D-02    |proj g|=  1.78616D-04
  ys=-4.949E-05  -gs= 1.261E-04 BFGS update SKIPPED

At iterate   71    f=  5.30979D-02    |proj g|=  1.89475D-04

At iterate   72    f=  5.24299D-02    |proj g|=  3.33909D-04
  ys=-3.174E-04  -gs= 6.445E-04 BFGS update SKIPPED

At iterate   73    f=  5.23506D-02    |proj g|=  2.54457D-04

At iterate   74    f=  5.22460D-02    |proj g|=  2.67927D-04

At iterate   75    f=  5.22310D-02    |proj g|=  2.64855D-04

At iterate   76    f=  5.21878D-02    |proj g|=  2.65358D-04

At iterate   77    f=  5.21292D-02    |proj g|=  2.66012D-04
  ys=-1.023E-06  -gs= 5.783E-05 BFGS update SKIPPED

At iterate   78    f=  5.19166D-02    |proj g|=  2.47429D-04

At iterate   79    f=  5.19080D-02    |proj g|=  2.48431D-04

At iterate   80    f=  5.18027D-02    |proj g|=  1.00531D-04

At iterate   81    f=  5.17910D-02    |proj g|=  7.54808D-05

At iterate   82    f=  5.17817D-02    |proj g|=  7.74188D-05

At iterate   83    f=  5.12857D-02    |proj g|=  4.54096D-04
  ys=-2.308E-04  -gs= 3.814E-04 BFGS update SKIPPED

At iterate   84    f=  5.11261D-02    |proj g|=  1.87948D-04

At iterate   85    f=  5.10825D-02    |proj g|=  1.80596D-04

At iterate   86    f=  5.09698D-02    |proj g|=  1.77312D-04

At iterate   87    f=  5.05180D-02    |proj g|=  6.43747D-04

At iterate   88    f=  5.02851D-02    |proj g|=  2.64075D-04

At iterate   89    f=  5.02451D-02    |proj g|=  1.66623D-04

At iterate   90    f=  5.02327D-02    |proj g|=  1.64413D-04

At iterate   91    f=  5.01945D-02    |proj g|=  1.49111D-04

At iterate   92    f=  5.01052D-02    |proj g|=  1.03069D-04

At iterate   93    f=  4.99733D-02    |proj g|=  1.09269D-04

At iterate   94    f=  4.99402D-02    |proj g|=  7.57556D-05

At iterate   95    f=  4.98926D-02    |proj g|=  9.87260D-05

At iterate   96    f=  4.98785D-02    |proj g|=  6.58704D-05

At iterate   97    f=  4.98663D-02    |proj g|=  7.22101D-05

At iterate   98    f=  4.98653D-02    |proj g|=  8.34401D-05
  Positive dir derivative in projection 
  Using the backtracking step 

At iterate   99    f=  4.98445D-02    |proj g|=  7.23137D-05

At iterate  100    f=  4.98263D-02    |proj g|=  6.95341D-05

           * * *

Tit   = total number of iterations
Tnf   = total number of function evaluations
Tnint = total number of segments explored during Cauchy searches
Skip  = number of BFGS updates skipped
Nact  = number of active bounds at final generalized Cauchy point
Projg = norm of the final projected gradient
F     = final function value

           * * *

   N    Tit     Tnf  Tnint  Skip  Nact     Projg        F
   50    100    161    170    15    43   6.953D-05   4.983D-02
  F =   4.9826296372708336E-002

STOP: TOTAL NO. of ITERATIONS REACHED LIMIT                 

 Cauchy                time 9.766E-04 seconds.
 Subspace minimization time 9.766E-04 seconds.
 Line search           time 1.855E-01 seconds.

 Total User time 5.684E-01 seconds.

