
============================================================
DeepSJRP - Stochastic Joint Replenishment Problem Solver
============================================================
Instance: 50D_CaseHH
Options: Dict{Symbol, Any}(:beta_override => 100000.0, :alpha_override => nothing, :device => :gpu, :nu_override => 0.1, :T_override => 0.05, :seed => 777)
============================================================

Device: CUDA GPU
CUDA toolchain: 
- runtime 12.8, local installation
- driver 580.126.20 for 13.2
- compiler 12.9

CUDA libraries: 
- CUBLAS: 12.8.4
- CURAND: 10.3.9
- CUFFT: 11.3.3
- CUSOLVER: 11.7.3
- CUSPARSE: 12.5.8
- CUPTI: 2025.1.1 (API 12.8.0)
- NVML: 13.0.0+580.126.20

Julia packages: 
- CUDA: 5.11.0
- GPUArrays: 11.4.1
- GPUCompiler: 1.9.1
- KernelAbstractions: 0.9.41
- CUDA_Driver_jll: 13.2.0+0
- CUDA_Compiler_jll: 0.4.2+0
- CUDA_Runtime_jll: 0.21.0+0
- CUDA_Runtime_Discovery: 1.0.0

Toolchain:
- Julia: 1.11.7
- LLVM: 16.0.6

Preferences:
- CUDA_Runtime_jll.version: local

1 device:
  0: NVIDIA H100 80GB HBM3 (sm_90, 79.175 GiB / 79.647 GiB available)
BLAS threads: 1
Julia threads: 10

Benchmark source: QS

============================================================
IMPULSE CONTROL PROBLEM (scaled, annual)
============================================================
Instance: 50D_CaseHH
Dimension: 50
Interest rate: 0.05
Cost scaling κ: 0.01

Drift μ (annual demand rates): [50.0, 50.0, 50.0, 50.0, 50.0, 50.0, 50.0, 50.0, 50.0, 50.0, 50.0, 50.0, 50.0, 50.0, 50.0, 25.0, 25.0, 25.0, 25.0, 25.0, 25.0, 25.0, 25.0, 25.0, 25.0, 25.0, 25.0, 25.0, 25.0, 25.0, 12.5, 12.5, 12.5, 12.5, 12.5, 12.5, 12.5, 12.5, 12.5, 12.5, 12.5, 12.5, 12.5, 12.5, 12.5, 12.5, 12.5, 12.5, 12.5, 12.5]
Covariance Σ diagonal: [2500.0, 2500.0, 2500.0, 2500.0, 2500.0, 2500.0, 2500.0, 2500.0, 2500.0, 2500.0, 2500.0, 2500.0, 2500.0, 2500.0, 2500.0, 625.0, 625.0, 625.0, 625.0, 625.0, 625.0, 625.0, 625.0, 625.0, 625.0, 625.0, 625.0, 625.0, 625.0, 625.0, 156.25, 156.25, 156.25, 156.25, 156.25, 156.25, 156.25, 156.25, 156.25, 156.25, 156.25, 156.25, 156.25, 156.25, 156.25, 156.25, 156.25, 156.25, 156.25, 156.25]

Scaled costs (× κ = 0.01):
  Fixed cost K:    2.5
  Variable costs c: [0.001, 0.001, 0.001, 0.001, 0.001, 0.001, 0.001, 0.001, 0.001, 0.001, 0.001, 0.001, 0.001, 0.001, 0.001, 0.002, 0.002, 0.002, 0.002, 0.002, 0.002, 0.002, 0.002, 0.002, 0.002, 0.002, 0.002, 0.002, 0.002, 0.002, 0.004, 0.004, 0.004, 0.004, 0.004, 0.004, 0.004, 0.004, 0.004, 0.004, 0.004, 0.004, 0.004, 0.004, 0.004, 0.004, 0.004, 0.004, 0.004, 0.004]
  Holding costs h:  [0.01, 0.01, 0.01, 0.01, 0.01, 0.01, 0.01, 0.01, 0.01, 0.01, 0.01, 0.01, 0.01, 0.01, 0.01, 0.02, 0.02, 0.02, 0.02, 0.02, 0.02, 0.02, 0.02, 0.02, 0.02, 0.02, 0.02, 0.02, 0.02, 0.02, 0.04, 0.04, 0.04, 0.04, 0.04, 0.04, 0.04, 0.04, 0.04, 0.04, 0.04, 0.04, 0.04, 0.04, 0.04, 0.04, 0.04, 0.04, 0.04, 0.04]
  Penalty costs p:  [0.25, 0.25, 0.25, 0.25, 0.25, 0.25, 0.25, 0.25, 0.25, 0.25, 0.25, 0.25, 0.25, 0.25, 0.25, 0.5, 0.5, 0.5, 0.5, 0.5, 0.5, 0.5, 0.5, 0.5, 0.5, 0.5, 0.5, 0.5, 0.5, 0.5, 1.0, 1.0, 1.0, 1.0, 1.0, 1.0, 1.0, 1.0, 1.0, 1.0, 1.0, 1.0, 1.0, 1.0, 1.0, 1.0, 1.0, 1.0, 1.0, 1.0]

Original costs (unscaled):
  Fixed cost K:    250.0
  Variable costs c: [0.1, 0.1, 0.1, 0.1, 0.1, 0.1, 0.1, 0.1, 0.1, 0.1, 0.1, 0.1, 0.1, 0.1, 0.1, 0.2, 0.2, 0.2, 0.2, 0.2, 0.2, 0.2, 0.2, 0.2, 0.2, 0.2, 0.2, 0.2, 0.2, 0.2, 0.4, 0.4, 0.4, 0.4, 0.4, 0.4, 0.4, 0.4, 0.4, 0.4, 0.4, 0.4, 0.4, 0.4, 0.4, 0.4, 0.4, 0.4, 0.4, 0.4]
  Holding costs h:  [1.0, 1.0, 1.0, 1.0, 1.0, 1.0, 1.0, 1.0, 1.0, 1.0, 1.0, 1.0, 1.0, 1.0, 1.0, 2.0, 2.0, 2.0, 2.0, 2.0, 2.0, 2.0, 2.0, 2.0, 2.0, 2.0, 2.0, 2.0, 2.0, 2.0, 4.0, 4.0, 4.0, 4.0, 4.0, 4.0, 4.0, 4.0, 4.0, 4.0, 4.0, 4.0, 4.0, 4.0, 4.0, 4.0, 4.0, 4.0, 4.0, 4.0]
  Penalty costs p:  [25.0, 25.0, 25.0, 25.0, 25.0, 25.0, 25.0, 25.0, 25.0, 25.0, 25.0, 25.0, 25.0, 25.0, 25.0, 50.0, 50.0, 50.0, 50.0, 50.0, 50.0, 50.0, 50.0, 50.0, 50.0, 50.0, 50.0, 50.0, 50.0, 50.0, 100.0, 100.0, 100.0, 100.0, 100.0, 100.0, 100.0, 100.0, 100.0, 100.0, 100.0, 100.0, 100.0, 100.0, 100.0, 100.0, 100.0, 100.0, 100.0, 100.0]
============================================================

============================================================
TRAINING HYPERPARAMETERS
============================================================
Benchmark source: QS
Precision:        Float32
Batch size:       5000
Num intervals:    100
T horizon:        0.05
Num iterations:   40000
Learning rates:   [0.001, 0.0002, 0.0001, 1.0e-5, 1.0e-6]
LR steps:         [1, 5000, 10000, 20000, 30000]
Beta penalty:     [1.0, 10.0, 100.0, 1000.0, 10000.0, 100000.0]
Penalty steps:    [1, 2500, 5000, 7500, 10000, 20000]
Lambda rate:      5.88094210578942
S guess:          [[27.0, 28.0, 28.0, 28.0, 28.0, 28.0, 28.0, 28.0, 27.0, 28.0, 28.0, 28.0, 28.0, 28.0, 28.0, 16.0, 17.0, 16.0, 17.0, 16.0, 16.0, 16.0, 16.0, 16.0, 16.0, 16.0, 16.0, 16.0, 16.0, 17.0, 9.0, 9.0, 9.0, 9.0, 9.0, 9.0, 9.0, 9.0, 9.0, 9.0, 9.0, 9.0, 9.0, 9.0, 9.0, 9.0, 9.0, 9.0, 9.0, 9.0]]
Nu radius:        0.1
S distribution:   lognormal
Alpha factor:     0.0
Alpha js:         [0.0, 0.0, 0.0, 0.0, 0.0, 0.0, 0.0, 0.0, 0.0, 0.0, 0.0, 0.0, 0.0, 0.0, 0.0, 0.0, 0.0, 0.0, 0.0, 0.0, 0.0, 0.0, 0.0, 0.0, 0.0, 0.0, 0.0, 0.0, 0.0, 0.0, 0.0, 0.0, 0.0, 0.0, 0.0, 0.0, 0.0, 0.0, 0.0, 0.0, 0.0, 0.0, 0.0, 0.0, 0.0, 0.0, 0.0, 0.0, 0.0, 0.0]
Cost scaling:     0.01

Neural network architecture:
  Hidden layers:  4
  Width:          1000
  Activation:     elu

Optimization parameters:
  Start factor:   1.0
  Lower factor:   0.5
  Upper factor:   1.5
  Sim runs:       10
  Sim horizon:    5000
  Epsilons:       [-1.25, -2.5, -5.0, -7.5, -10.0, -12.5, -15.0, -20.0, -25.0, -30.0, -40.0, -50.0, -75.0, -100.0]
============================================================

Gradient network G (∇V):
Chain(
  Dense(50 => 1000, elu),               # 51_000 parameters
  Dense(1000 => 1000, elu),             # 1_001_000 parameters
  Dense(1000 => 1000, elu),             # 1_001_000 parameters
  Dense(1000 => 1000, elu),             # 1_001_000 parameters
  Dense(1000 => 50),                    # 50_050 parameters
)                   # Total: 10 arrays, 3_104_050 parameters, 1.562 KiB.

Value network H (V):
Chain(
  Dense(50 => 1000, elu),               # 51_000 parameters
  Dense(1000 => 1000, elu),             # 1_001_000 parameters
  Dense(1000 => 1000, elu),             # 1_001_000 parameters
  Dense(1000 => 1000, elu),             # 1_001_000 parameters
  Dense(1000 => 1),                     # 1_001 parameters
)                   # Total: 10 arrays, 3_055_001 parameters, 1.562 KiB.


============================================================
Starting neural network training...
============================================================

Starting training with steady-state sampler:
-----------------------------------------
Epoch: 1; Penalty β updated to: 1.0
-----------------------------------------
─── Device check ───
  x_tn: CuArray{Float32} (50, 100, 5000)
  dB: CuArray{Float32} (50, 100, 5000)
  dU: CuArray{Float32} (50, 100, 5000)
  exponentials: CuArray{Float32} (1, 100)
  loss_dB: CuArray{Float32} (1, 5000)
  loss_df: CuArray{Float32} (1, 5000)
  loss_dU: CuArray{Float32} (1, 5000)
  H_x0: CuArray{Float32} (1, 5000)
  H_xT: CuArray{Float32} (1, 5000)
  penalties: CuArray{Float32} (1, 5000)
────────────────────
Epoch: 1; Computation time: 68.220019591; Current value of V(0): 0.0
Lagrangian objective: 183542.16; Average H(x0): 0.0; Quantile-hedge α(β): 49.86000000000001
Simulation time per epoch: 11.986019517; Gradient computation time: 43.295045748; Testing time: 12.031247938
Epoch: 1000; Computation time: 407.702095482; Current value of V(0): 1.6692388671875e6
Lagrangian objective: -40122.156; Average H(x0): 80712.98; Quantile-hedge α(β): 0.0
Simulation time per epoch: 0.074050019; Gradient computation time: 0.183498349; Testing time: 0.083326323
Epoch: 2000; Computation time: 747.8244416; Current value of V(0): 2.5696060546875e6
Lagrangian objective: -40918.34; Average H(x0): 81318.35; Quantile-hedge α(β): 0.0
Simulation time per epoch: 0.073922943; Gradient computation time: 0.188321617; Testing time: 0.084150186
-----------------------------------------
Epoch: 2500; Penalty β updated to: 10.0
-----------------------------------------
Epoch: 3000; Computation time: 1087.979592584; Current value of V(0): 555185.107421875
Lagrangian objective: -4871.136; Average H(x0): 10636.785; Quantile-hedge α(β): 0.23999999999999577
Simulation time per epoch: 0.074061769; Gradient computation time: 0.18186431; Testing time: 0.08318491
Epoch: 4000; Computation time: 1428.217188272; Current value of V(0): 491083.10546875
Lagrangian objective: -5006.758; Average H(x0): 9249.889; Quantile-hedge α(β): 0.08000000000000229
Simulation time per epoch: 0.07406531; Gradient computation time: 0.182550933; Testing time: 0.083251032
-----------------------------------------
Epoch: 5000; Penalty β updated to: 100.0
-----------------------------------------
Epoch: 5000; Computation time: 1768.340097032; Current value of V(0): 483830.908203125
Lagrangian objective: 35509.465; Average H(x0): 9029.22; Quantile-hedge α(β): 0.48000000000000265
Simulation time per epoch: 0.073977584; Gradient computation time: 0.182175445; Testing time: 0.083287181
Epoch: 6000; Computation time: 2108.458758214; Current value of V(0): 181161.5478515625
Lagrangian objective: -1331.7286; Average H(x0): 1860.23; Quantile-hedge α(β): 9.740000000000004
Simulation time per epoch: 0.074179793; Gradient computation time: 0.18215299; Testing time: 0.083371423
Epoch: 7000; Computation time: 2448.75108521; Current value of V(0): 174438.58642578125
Lagrangian objective: -981.9957; Average H(x0): 1848.5608; Quantile-hedge α(β): 22.299999999999997
Simulation time per epoch: 0.074025392; Gradient computation time: 0.182527273; Testing time: 0.083425591
-----------------------------------------
Epoch: 7500; Penalty β updated to: 1000.0
-----------------------------------------
Epoch: 8000; Computation time: 2788.83138589; Current value of V(0): -4894.963836669922
Lagrangian objective: 1752.5918; Average H(x0): -1745.7585; Quantile-hedge α(β): 99.1
Simulation time per epoch: 0.073945096; Gradient computation time: 0.182930833; Testing time: 0.083352587
Epoch: 9000; Computation time: 3128.807952783; Current value of V(0): 107242.96875
Lagrangian objective: -783.9769; Average H(x0): 884.8004; Quantile-hedge α(β): 51.44
Simulation time per epoch: 0.074049113; Gradient computation time: 0.182416497; Testing time: 0.083361596
-----------------------------------------
Epoch: 10000; Penalty β updated to: 10000.0
-----------------------------------------
Epoch: 10000; Computation time: 3469.01664703; Current value of V(0): 108131.38427734375
Lagrangian objective: 526.9487; Average H(x0): 910.3855; Quantile-hedge α(β): 48.74000000000001
Simulation time per epoch: 0.073856361; Gradient computation time: 0.182114988; Testing time: 0.083535624
Epoch: 11000; Computation time: 3809.036434079; Current value of V(0): 5929.590225219727
Lagrangian objective: 1853.3252; Average H(x0): -1822.8168; Quantile-hedge α(β): 99.82
Simulation time per epoch: 0.073979679; Gradient computation time: 0.182604511; Testing time: 0.083319843
Epoch: 12000; Computation time: 4149.111854677; Current value of V(0): 18647.293090820312
Lagrangian objective: 1336.0441; Average H(x0): -1326.029; Quantile-hedge α(β): 99.68
Simulation time per epoch: 0.074008353; Gradient computation time: 0.182196128; Testing time: 0.083252836
Epoch: 13000; Computation time: 4489.106567347; Current value of V(0): 46373.797607421875
Lagrangian objective: 575.51025; Average H(x0): -553.5393; Quantile-hedge α(β): 99.56
Simulation time per epoch: 0.074067928; Gradient computation time: 0.181634929; Testing time: 0.083310587
Epoch: 14000; Computation time: 4829.167495237; Current value of V(0): 83416.02172851562
Lagrangian objective: -479.20294; Average H(x0): 500.8528; Quantile-hedge α(β): 95.64
Simulation time per epoch: 0.074042415; Gradient computation time: 0.181840922; Testing time: 0.083284069
Epoch: 15000; Computation time: 5169.346993866; Current value of V(0): 89539.25170898438
Lagrangian objective: -614.40674; Average H(x0): 675.5189; Quantile-hedge α(β): 84.74
Simulation time per epoch: 0.074201775; Gradient computation time: 0.182296612; Testing time: 0.083352067
Epoch: 16000; Computation time: 5509.386427379; Current value of V(0): 14543.545532226562
Lagrangian objective: 1573.5531; Average H(x0): -1572.5552; Quantile-hedge α(β): 99.88
Simulation time per epoch: 0.073805334; Gradient computation time: 0.182022974; Testing time: 0.083077346
Epoch: 17000; Computation time: 5849.312553085; Current value of V(0): 31565.652465820312
Lagrangian objective: 937.2807; Average H(x0): -934.7177; Quantile-hedge α(β): 99.78
Simulation time per epoch: 0.073927319; Gradient computation time: 0.181927213; Testing time: 0.083174017
Epoch: 18000; Computation time: 6188.554212744; Current value of V(0): 58217.68798828125
Lagrangian objective: 5.047303; Average H(x0): 0.508033; Quantile-hedge α(β): 99.32
Simulation time per epoch: 0.073770664; Gradient computation time: 0.183013488; Testing time: 0.084313506
Epoch: 19000; Computation time: 6528.045880995; Current value of V(0): 25819.284057617188
Lagrangian objective: 2073.2285; Average H(x0): -1803.3658; Quantile-hedge α(β): 99.16
Simulation time per epoch: 0.07399984; Gradient computation time: 0.181990916; Testing time: 0.083162977
-----------------------------------------
Epoch: 20000; Penalty β updated to: 100000.0
-----------------------------------------
Epoch: 20000; Computation time: 6867.349266479; Current value of V(0): 23582.777404785156
Lagrangian objective: 1299.9458; Average H(x0): -1248.3333; Quantile-hedge α(β): 99.98
Simulation time per epoch: 0.073948894; Gradient computation time: 0.182119126; Testing time: 0.08325113
Epoch: 21000; Computation time: 7206.521643857; Current value of V(0): 25349.154663085938
Lagrangian objective: 1181.8982; Average H(x0): -1177.2325; Quantile-hedge α(β): 99.92
Simulation time per epoch: 0.073923857; Gradient computation time: 0.182145178; Testing time: 0.083219007
Epoch: 22000; Computation time: 7545.747575793; Current value of V(0): 25163.037109375
Lagrangian objective: 1098.6279; Average H(x0): -1098.6279; Quantile-hedge α(β): 100.0
Simulation time per epoch: 0.073989788; Gradient computation time: 0.182958978; Testing time: 0.083230947
Epoch: 23000; Computation time: 7885.798377875; Current value of V(0): 30562.088012695312
Lagrangian objective: 920.0452; Average H(x0): -920.0276; Quantile-hedge α(β): 99.96000000000001
Simulation time per epoch: 0.073957203; Gradient computation time: 0.182028291; Testing time: 0.08323792
Epoch: 24000; Computation time: 8225.660215653; Current value of V(0): 39231.60400390625
Lagrangian objective: 624.5933; Average H(x0): -624.5933; Quantile-hedge α(β): 100.0
Simulation time per epoch: 0.074039326; Gradient computation time: 0.181940729; Testing time: 0.083238785
Epoch: 25000; Computation time: 8565.765429082; Current value of V(0): 37884.417724609375
Lagrangian objective: 610.6289; Average H(x0): -610.6289; Quantile-hedge α(β): 100.0
Simulation time per epoch: 0.07393853; Gradient computation time: 0.182411313; Testing time: 0.083204956
Epoch: 26000; Computation time: 8905.852019178; Current value of V(0): 41836.68212890625
Lagrangian objective: 459.8662; Average H(x0): -459.7441; Quantile-hedge α(β): 99.98
Simulation time per epoch: 0.073858763; Gradient computation time: 0.182201642; Testing time: 0.083219102
Epoch: 27000; Computation time: 9245.862261205; Current value of V(0): 49558.441162109375
Lagrangian objective: 231.02338; Average H(x0): -228.95528; Quantile-hedge α(β): 99.94
Simulation time per epoch: 0.073886194; Gradient computation time: 0.185986263; Testing time: 0.083220736
Epoch: 28000; Computation time: 9585.060595881; Current value of V(0): 46992.2119140625
Lagrangian objective: 286.84412; Average H(x0): -286.84412; Quantile-hedge α(β): 100.0
Simulation time per epoch: 0.074052608; Gradient computation time: 0.181455755; Testing time: 0.083105864
Epoch: 29000; Computation time: 9923.840861324; Current value of V(0): 50916.39709472656
Lagrangian objective: 149.33597; Average H(x0): -149.18571; Quantile-hedge α(β): 99.94
Simulation time per epoch: 0.07409808; Gradient computation time: 0.181364959; Testing time: 0.083188843
Epoch: 30000; Computation time: 10262.656732943; Current value of V(0): 53226.611328125
Lagrangian objective: 6.2064023; Average H(x0): -0.3089813; Quantile-hedge α(β): 99.92
Simulation time per epoch: 0.074044567; Gradient computation time: 0.181431372; Testing time: 0.08319378
Epoch: 31000; Computation time: 10601.441157363; Current value of V(0): 54207.8369140625
Lagrangian objective: -31.521244; Average H(x0): 31.521244; Quantile-hedge α(β): 100.0
Simulation time per epoch: 0.073989557; Gradient computation time: 0.181377413; Testing time: 0.083095765
Epoch: 32000; Computation time: 10940.414102486; Current value of V(0): 54726.568603515625
Lagrangian objective: -57.786575; Average H(x0): 59.315575; Quantile-hedge α(β): 99.92
Simulation time per epoch: 0.073992958; Gradient computation time: 0.182855499; Testing time: 0.083507429
Epoch: 33000; Computation time: 11279.529686661; Current value of V(0): 55522.65625
Lagrangian objective: -88.87477; Average H(x0): 89.26678; Quantile-hedge α(β): 99.98
Simulation time per epoch: 0.073975923; Gradient computation time: 0.181974135; Testing time: 0.083254008
Epoch: 34000; Computation time: 11618.542513105; Current value of V(0): 57102.984619140625
Lagrangian objective: -141.37679; Average H(x0): 150.0235; Quantile-hedge α(β): 99.83999999999999
Simulation time per epoch: 0.074051677; Gradient computation time: 0.181670054; Testing time: 0.083153545
Epoch: 35000; Computation time: 11957.60435552; Current value of V(0): 59061.0107421875
Lagrangian objective: -214.0642; Average H(x0): 216.52435; Quantile-hedge α(β): 99.92
Simulation time per epoch: 0.074374746; Gradient computation time: 0.181336861; Testing time: 0.083168945
Epoch: 36000; Computation time: 12296.549058751; Current value of V(0): 60163.409423828125
Lagrangian objective: -231.93312; Average H(x0): 262.82617; Quantile-hedge α(β): 99.24
Simulation time per epoch: 0.074145418; Gradient computation time: 0.181477951; Testing time: 0.083154136
Epoch: 37000; Computation time: 12635.500861132; Current value of V(0): 61216.192626953125
Lagrangian objective: -294.2256; Average H(x0): 294.62195; Quantile-hedge α(β): 99.92
Simulation time per epoch: 0.074179944; Gradient computation time: 0.181727689; Testing time: 0.083177643
Epoch: 38000; Computation time: 12974.339623843; Current value of V(0): 62113.616943359375
Lagrangian objective: -311.7234; Average H(x0): 323.82755; Quantile-hedge α(β): 99.56
Simulation time per epoch: 0.07416991; Gradient computation time: 0.18056092; Testing time: 0.082895893
Epoch: 39000; Computation time: 13313.245275415; Current value of V(0): 63084.26513671875
Lagrangian objective: -139.227; Average H(x0): 345.69946; Quantile-hedge α(β): 98.2
Simulation time per epoch: 0.074079772; Gradient computation time: 0.181464741; Testing time: 0.083070854
Epoch: 40000; Computation time: 13651.588495299; Current value of V(0): 64601.416015625
Lagrangian objective: -402.5277; Average H(x0): 404.32745; Quantile-hedge α(β): 99.72
Simulation time per epoch: 0.074143142; Gradient computation time: 0.180832582; Testing time: 0.082979896

Training completed in 13651.588609176 seconds
Final V(0): 64603.7353515625

============================================================
Running policy evaluation...
============================================================


============================================================
INVENTORY PROBLEM (unscaled, weekly)
============================================================
Dimension:       50
Discount factor: 0.9990389236684376
Fixed cost:      250.0
Variable costs:  [0.1, 0.1, 0.1, 0.1, 0.1, 0.1, 0.1, 0.1, 0.1, 0.1, 0.1, 0.1, 0.1, 0.1, 0.1, 0.2, 0.2, 0.2, 0.2, 0.2, 0.2, 0.2, 0.2, 0.2, 0.2, 0.2, 0.2, 0.2, 0.2, 0.2, 0.4, 0.4, 0.4, 0.4, 0.4, 0.4, 0.4, 0.4, 0.4, 0.4, 0.4, 0.4, 0.4, 0.4, 0.4, 0.4, 0.4, 0.4, 0.4, 0.4]
Holding costs:   [0.019230769230769232, 0.019230769230769232, 0.019230769230769232, 0.019230769230769232, 0.019230769230769232, 0.019230769230769232, 0.019230769230769232, 0.019230769230769232, 0.019230769230769232, 0.019230769230769232, 0.019230769230769232, 0.019230769230769232, 0.019230769230769232, 0.019230769230769232, 0.019230769230769232, 0.038461538461538464, 0.038461538461538464, 0.038461538461538464, 0.038461538461538464, 0.038461538461538464, 0.038461538461538464, 0.038461538461538464, 0.038461538461538464, 0.038461538461538464, 0.038461538461538464, 0.038461538461538464, 0.038461538461538464, 0.038461538461538464, 0.038461538461538464, 0.038461538461538464, 0.07692307692307693, 0.07692307692307693, 0.07692307692307693, 0.07692307692307693, 0.07692307692307693, 0.07692307692307693, 0.07692307692307693, 0.07692307692307693, 0.07692307692307693, 0.07692307692307693, 0.07692307692307693, 0.07692307692307693, 0.07692307692307693, 0.07692307692307693, 0.07692307692307693, 0.07692307692307693, 0.07692307692307693, 0.07692307692307693, 0.07692307692307693, 0.07692307692307693]
Backlog costs:   [0.4807692307692308, 0.4807692307692308, 0.4807692307692308, 0.4807692307692308, 0.4807692307692308, 0.4807692307692308, 0.4807692307692308, 0.4807692307692308, 0.4807692307692308, 0.4807692307692308, 0.4807692307692308, 0.4807692307692308, 0.4807692307692308, 0.4807692307692308, 0.4807692307692308, 0.9615384615384616, 0.9615384615384616, 0.9615384615384616, 0.9615384615384616, 0.9615384615384616, 0.9615384615384616, 0.9615384615384616, 0.9615384615384616, 0.9615384615384616, 0.9615384615384616, 0.9615384615384616, 0.9615384615384616, 0.9615384615384616, 0.9615384615384616, 0.9615384615384616, 1.9230769230769231, 1.9230769230769231, 1.9230769230769231, 1.9230769230769231, 1.9230769230769231, 1.9230769230769231, 1.9230769230769231, 1.9230769230769231, 1.9230769230769231, 1.9230769230769231, 1.9230769230769231, 1.9230769230769231, 1.9230769230769231, 1.9230769230769231, 1.9230769230769231, 1.9230769230769231, 1.9230769230769231, 1.9230769230769231, 1.9230769230769231, 1.9230769230769231]
Demand dists:    DataType[Distributions.NegativeBinomial{Float64}, Distributions.NegativeBinomial{Float64}, Distributions.NegativeBinomial{Float64}, Distributions.NegativeBinomial{Float64}, Distributions.NegativeBinomial{Float64}, Distributions.NegativeBinomial{Float64}, Distributions.NegativeBinomial{Float64}, Distributions.NegativeBinomial{Float64}, Distributions.NegativeBinomial{Float64}, Distributions.NegativeBinomial{Float64}, Distributions.NegativeBinomial{Float64}, Distributions.NegativeBinomial{Float64}, Distributions.NegativeBinomial{Float64}, Distributions.NegativeBinomial{Float64}, Distributions.NegativeBinomial{Float64}, Distributions.NegativeBinomial{Float64}, Distributions.NegativeBinomial{Float64}, Distributions.NegativeBinomial{Float64}, Distributions.NegativeBinomial{Float64}, Distributions.NegativeBinomial{Float64}, Distributions.NegativeBinomial{Float64}, Distributions.NegativeBinomial{Float64}, Distributions.NegativeBinomial{Float64}, Distributions.NegativeBinomial{Float64}, Distributions.NegativeBinomial{Float64}, Distributions.NegativeBinomial{Float64}, Distributions.NegativeBinomial{Float64}, Distributions.NegativeBinomial{Float64}, Distributions.NegativeBinomial{Float64}, Distributions.NegativeBinomial{Float64}, Distributions.NegativeBinomial{Float64}, Distributions.NegativeBinomial{Float64}, Distributions.NegativeBinomial{Float64}, Distributions.NegativeBinomial{Float64}, Distributions.NegativeBinomial{Float64}, Distributions.NegativeBinomial{Float64}, Distributions.NegativeBinomial{Float64}, Distributions.NegativeBinomial{Float64}, Distributions.NegativeBinomial{Float64}, Distributions.NegativeBinomial{Float64}, Distributions.NegativeBinomial{Float64}, Distributions.NegativeBinomial{Float64}, Distributions.NegativeBinomial{Float64}, Distributions.NegativeBinomial{Float64}, Distributions.NegativeBinomial{Float64}, Distributions.NegativeBinomial{Float64}, Distributions.NegativeBinomial{Float64}, Distributions.NegativeBinomial{Float64}, Distributions.NegativeBinomial{Float64}, Distributions.NegativeBinomial{Float64}]
Demand means:    [0.9615384615384615, 0.9615384615384615, 0.9615384615384615, 0.9615384615384615, 0.9615384615384615, 0.9615384615384615, 0.9615384615384615, 0.9615384615384615, 0.9615384615384615, 0.9615384615384615, 0.9615384615384615, 0.9615384615384615, 0.9615384615384615, 0.9615384615384615, 0.9615384615384615, 0.4807692307692307, 0.4807692307692307, 0.4807692307692307, 0.4807692307692307, 0.4807692307692307, 0.4807692307692307, 0.4807692307692307, 0.4807692307692307, 0.4807692307692307, 0.4807692307692307, 0.4807692307692307, 0.4807692307692307, 0.4807692307692307, 0.4807692307692307, 0.4807692307692307, 0.2403846153846154, 0.2403846153846154, 0.2403846153846154, 0.2403846153846154, 0.2403846153846154, 0.2403846153846154, 0.2403846153846154, 0.2403846153846154, 0.2403846153846154, 0.2403846153846154, 0.2403846153846154, 0.2403846153846154, 0.2403846153846154, 0.2403846153846154, 0.2403846153846154, 0.2403846153846154, 0.2403846153846154, 0.2403846153846154, 0.2403846153846154, 0.2403846153846154]
============================================================

==================================================
Computing order-up-to vector via :solve_inf
==================================================

Method: solve_inf
Final objective: 403.54794730146244
z*: [40.5, 42.0, 42.0, 42.0, 42.0, 30.75449211006157, 42.0, 42.0, 40.5, 38.36873167481282, 31.560156958751175, 36.734570653838745, 35.13257832116234, 42.0, 42.0, 24.0, 17.025066699985718, 15.852034501582207, 25.32963895422628, 24.0, 12.712561526990708, 8.752273266734075, 14.977226893735516, 13.87822380032642, 12.753799316333637, 10.283211797384464, 19.82948882998821, 24.0, 12.961507263579598, 25.5, 10.8525721144816, 4.5, 4.5, 13.5, 13.5, 4.5, 12.841801926753256, 13.5, 4.5, 13.5, 13.5, 13.5, 13.5, 4.5, 7.584628945985027, 4.5, 4.5, 4.5, 6.779819519395451, 13.5]
Intervention value: 239.9921527961938

==================================================
Computing order-up-to vector via :find_stationary
==================================================

Method: find_stationary
Final residual: 0.04914511057046415
z*: [27.0, 28.0, 28.0, 28.0, 28.0, 28.0, 28.0, 28.0, 27.0, 28.0, 28.0, 28.0, 28.0, 28.0, 28.0, 16.0, 17.0, 16.0, 17.0, 16.0, 16.0, 16.0, 16.0, 16.0, 16.0, 16.0, 16.0, 16.0, 16.0, 17.0, 9.0, 9.0, 9.0, 9.0, 9.0, 9.0, 9.0, 9.0, 9.0, 9.0, 9.0, 9.0, 9.0, 9.0, 9.0, 9.0, 9.0, 9.0, 9.0, 9.0]
Intervention value: 237.57592065429685

==================================================
Summary:
  solve_inf:       z* = [40, 42, 42, 42, 42, 31, 42, 42, 40, 38, 32, 37, 35, 42, 42, 24, 17, 16, 25, 24, 13, 9, 15, 14, 13, 10, 20, 24, 13, 26, 11, 4, 4, 14, 14, 4, 13, 14, 4, 14, 14, 14, 14, 4, 8, 4, 4, 4, 7, 14]
  find_stationary: z* = [27, 28, 28, 28, 28, 28, 28, 28, 27, 28, 28, 28, 28, 28, 28, 16, 17, 16, 17, 16, 16, 16, 16, 16, 16, 16, 16, 16, 16, 17, 9, 9, 9, 9, 9, 9, 9, 9, 9, 9, 9, 9, 9, 9, 9, 9, 9, 9, 9, 9]
==================================================

============================================================
Evaluating method: solve_inf
============================================================

----------------------------------------
Evaluating ε = -1.25
----------------------------------------
Mean cost: 293843.1102406342 ± 377.6645735369474
  Inventory costs: 42002.49730051284
  Variable costs:  5140.6095494811
  Fixed costs:     246700.00339063923
  Simulation time: 464.9s

----------------------------------------
Evaluating ε = -2.5
----------------------------------------
Mean cost: 292856.21958627977 ± 309.32237496089874
  Inventory costs: 41951.40367238032
  Variable costs:  5142.451052186529
  Fixed costs:     245762.36486171297
  Simulation time: 476.1s

----------------------------------------
Evaluating ε = -5.0
----------------------------------------
Mean cost: 122945.8982420214 ± 801.8218405343239
  Inventory costs: 41401.455533446875
  Variable costs:  5072.422216631547
  Fixed costs:     76472.020491943
  Simulation time: 466.7s

----------------------------------------
Evaluating ε = -7.5
----------------------------------------
Mean cost: 108937.30020674146 ± 1019.6618712636167
  Inventory costs: 42278.55612567582
  Variable costs:  5142.669631998691
  Fixed costs:     61516.074449066735
  Simulation time: 467.0s

----------------------------------------
Evaluating ε = -10.0
----------------------------------------
Mean cost: 100402.98094197181 ± 806.5434632416188
  Inventory costs: 43736.96192024964
  Variable costs:  5135.114989915919
  Fixed costs:     51530.90403180623
  Simulation time: 468.1s

----------------------------------------
Evaluating ε = -12.5
----------------------------------------
Mean cost: 95196.2576701076 ± 574.9703229495505
  Inventory costs: 45283.04482026628
  Variable costs:  5144.157557833845
  Fixed costs:     44769.0552920075
  Simulation time: 476.6s

----------------------------------------
Evaluating ε = -15.0
----------------------------------------
Mean cost: 92612.75286594668 ± 584.4895499340219
  Inventory costs: 47147.11015132508
  Variable costs:  5147.539165328578
  Fixed costs:     40318.10354929292
  Simulation time: 468.5s

----------------------------------------
Evaluating ε = -20.0
----------------------------------------
Mean cost: 88570.47952594183 ± 703.7528385946791
  Inventory costs: 50898.35217885802
  Variable costs:  5109.011692970938
  Fixed costs:     32563.115654112713
  Simulation time: 475.3s

----------------------------------------
Evaluating ε = -25.0
----------------------------------------
Mean cost: 88615.78058601965 ± 368.49836891511274
  Inventory costs: 55098.226757164055
  Variable costs:  5118.428070736503
  Fixed costs:     28399.125758119255
  Simulation time: 463.2s

----------------------------------------
Evaluating ε = -30.0
----------------------------------------
Mean cost: 89342.19959497647 ± 225.47265033795784
  Inventory costs: 59324.635899401874
  Variable costs:  5120.4044445742675
  Fixed costs:     24897.159251000387
  Simulation time: 464.6s

----------------------------------------
Evaluating ε = -40.0
----------------------------------------
Mean cost: 93090.59863686221 ± 489.3824055509531
  Inventory costs: 67385.19590686419
  Variable costs:  5172.447297685635
  Fixed costs:     20532.95543231247
  Simulation time: 470.8s

----------------------------------------
Evaluating ε = -50.0
----------------------------------------
Mean cost: 98432.30624112909 ± 581.3413914844145
  Inventory costs: 76307.7482024573
  Variable costs:  5067.991982175217
  Fixed costs:     17056.566056496573
  Simulation time: 467.2s

----------------------------------------
Evaluating ε = -75.0
----------------------------------------
Mean cost: 116593.65667387834 ± 537.405772770069
  Inventory costs: 98212.34700601597
  Variable costs:  5179.439065379591
  Fixed costs:     13201.870602482755
  Simulation time: 470.5s

----------------------------------------
Evaluating ε = -100.0
----------------------------------------
Mean cost: 134368.38103578897 ± 849.8103301560504
  Inventory costs: 118817.73361648867
  Variable costs:  5082.417275469694
  Fixed costs:     10468.230143830651
  Simulation time: 463.0s

==================================================
Best epsilon: -20.0 with cost: 88570.47952594183 ± 703.7528385946791
==================================================

============================================================
Evaluating method: find_stationary
============================================================

----------------------------------------
Evaluating ε = -1.25
----------------------------------------
Mean cost: 288665.3359084704 ± 519.0848708496499
  Inventory costs: 37691.836951435085
  Variable costs:  5117.443148655607
  Fixed costs:     245856.0558083797
  Simulation time: 469.0s

----------------------------------------
Evaluating ε = -2.5
----------------------------------------
Mean cost: 123057.95581202439 ± 946.2600800277779
  Inventory costs: 37355.25859107763
  Variable costs:  5154.466932136534
  Fixed costs:     80548.23028881001
  Simulation time: 463.0s

----------------------------------------
Evaluating ε = -5.0
----------------------------------------
Mean cost: 107183.46253095458 ± 633.1004789269862
  Inventory costs: 38186.47387475731
  Variable costs:  5135.663916703314
  Fixed costs:     63861.324739494026
  Simulation time: 424.9s

----------------------------------------
Evaluating ε = -7.5
----------------------------------------
Mean cost: 97896.3497187182 ± 719.1773824613969
  Inventory costs: 39282.32273273867
  Variable costs:  5079.300353300864
  Fixed costs:     53534.726632678554
  Simulation time: 433.1s

----------------------------------------
Evaluating ε = -10.0
----------------------------------------
Mean cost: 92478.75835298184 ± 751.8779916306197
  Inventory costs: 41136.14654674138
  Variable costs:  5098.338044312143
  Fixed costs:     46244.27376192824
  Simulation time: 427.0s

----------------------------------------
Evaluating ε = -12.5
----------------------------------------
Mean cost: 90242.64085971583 ± 589.1417887374292
  Inventory costs: 42927.96853974547
  Variable costs:  5145.699726691322
  Fixed costs:     42168.97259327899
  Simulation time: 426.4s

----------------------------------------
Evaluating ε = -15.0
----------------------------------------
Mean cost: 86132.1937403286 ± 494.50454932717497
  Inventory costs: 44488.36796203725
  Variable costs:  5032.809442448247
  Fixed costs:     36611.01633584316
  Simulation time: 462.6s

----------------------------------------
Evaluating ε = -20.0
----------------------------------------
Mean cost: 85594.66813519405 ± 437.5880586017647
  Inventory costs: 48762.51040813505
  Variable costs:  5111.296098985317
  Fixed costs:     31720.861628073635
  Simulation time: 462.6s

----------------------------------------
Evaluating ε = -25.0
----------------------------------------
Mean cost: 84734.26830436081 ± 472.87329869908604
  Inventory costs: 52721.54910192986
  Variable costs:  5025.60632916113
  Fixed costs:     26987.112873269776
  Simulation time: 466.5s

----------------------------------------
Evaluating ε = -30.0
----------------------------------------
Mean cost: 86339.40954318954 ± 604.7452174710846
  Inventory costs: 56916.161490147795
  Variable costs:  5107.235677060309
  Fixed costs:     24316.012375981434
  Simulation time: 464.0s

----------------------------------------
Evaluating ε = -40.0
----------------------------------------
Mean cost: 90306.87931293205 ± 397.4716186327381
  Inventory costs: 65463.28028809879
  Variable costs:  5053.569122745492
  Fixed costs:     19790.029902087725
  Simulation time: 459.5s

----------------------------------------
Evaluating ε = -50.0
----------------------------------------
Mean cost: 96338.36500090745 ± 580.5391268654727
  Inventory costs: 74126.96606025487
  Variable costs:  5066.495922244173
  Fixed costs:     17144.903018408455
  Simulation time: 463.3s

----------------------------------------
Evaluating ε = -75.0
----------------------------------------
Mean cost: 114097.04790061433 ± 445.5893786432369
  Inventory costs: 95721.72035630487
  Variable costs:  5133.122642880795
  Fixed costs:     13242.20490142869
  Simulation time: 457.3s

----------------------------------------
Evaluating ε = -100.0
----------------------------------------
Mean cost: 131587.86224007272 ± 695.7218956669469
  Inventory costs: 115849.30957552002
  Variable costs:  5058.8803698843085
  Fixed costs:     10679.672294668499
  Simulation time: 454.2s

==================================================
Best epsilon: -25.0 with cost: 84734.26830436081 ± 472.87329869908604
==================================================
Skipping save for solve_inf: existing cost 86472.45787137409 <= new cost 88570.47952594183
Skipping save for find_stationary: existing cost 84489.10445301351 <= new cost 84734.26830436081

============================================================
FINAL RESULTS SUMMARY
============================================================

Method: solve_inf
  Order-up-to vector: [40, 42, 42, 42, 42, 31, 42, 42, 40, 38, 32, 37, 35, 42, 42, 24, 17, 16, 25, 24, 13, 9, 15, 14, 13, 10, 20, 24, 13, 26, 11, 4, 4, 14, 14, 4, 13, 14, 4, 14, 14, 14, 14, 4, 8, 4, 4, 4, 7, 14]
  Best epsilon: -20.0
  Best cost: 88570.47952594183 ± 703.7528385946791

Method: find_stationary
  Order-up-to vector: [27, 28, 28, 28, 28, 28, 28, 28, 27, 28, 28, 28, 28, 28, 28, 16, 17, 16, 17, 16, 16, 16, 16, 16, 16, 16, 16, 16, 16, 17, 9, 9, 9, 9, 9, 9, 9, 9, 9, 9, 9, 9, 9, 9, 9, 9, 9, 9, 9, 9]
  Best epsilon: -25.0
  Best cost: 84734.26830436081 ± 472.87329869908604

============================================================
Complete! Per-method results saved to:
  output/nn_training/results_50D_CaseHH_solve_inf.json
  output/nn_training/results_50D_CaseHH_find_stationary.json
============================================================

  Activating project at `~/DeepSJRP`
[ Info:  started timer at: 2026-04-27T17:23:01.632
┌ Warning: Layer with Float32 parameters got Float64 input.
│   The input will be converted, but any earlier layers may be very slow.
│   layer = Dense(50 => 1000, elu)  # 51_000 parameters
│   summary(x) = "50-element Vector{Float64}"
└ @ Flux ~/.julia/packages/Flux/DZYiO/src/layers/stateless.jl:60
RUNNING THE L-BFGS-B CODE

           * * *

Machine precision = 2.220D-16
 N =           50     M =           10

At X0         0 variables are exactly at the bounds

At iterate    0    f=  4.05964D+02    |proj g|=  2.17061D-02

At iterate    1    f=  4.05957D+02    |proj g|=  2.16937D-02

At iterate    2    f=  4.05046D+02    |proj g|=  9.22897D-02
  ys=-4.733E-01  -gs= 1.816E+00 BFGS update SKIPPED

At iterate    3    f=  4.04913D+02    |proj g|=  2.40819D-02

At iterate    4    f=  4.04423D+02    |proj g|=  2.15398D-02

At iterate    5    f=  4.03699D+02    |proj g|=  1.06299D-02

At iterate    6    f=  4.03548D+02    |proj g|=  8.45865D-03

           * * *

Tit   = total number of iterations
Tnf   = total number of function evaluations
Tnint = total number of segments explored during Cauchy searches
Skip  = number of BFGS updates skipped
Nact  = number of active bounds at final generalized Cauchy point
Projg = norm of the final projected gradient
F     = final function value

           * * *

   N    Tit     Tnf  Tnint  Skip  Nact     Projg        F
   50      6      7     49     1    28   8.459D-03   4.035D+02
  F =   403.54794730146244     

CONVERGENCE: NORM_OF_PROJECTED_GRADIENT_<=_PGTOL            

 Cauchy                time 0.000E+00 seconds.
 Subspace minimization time 0.000E+00 seconds.
 Line search           time 7.812E-03 seconds.

 Total User time 2.260E+00 seconds.

RUNNING THE L-BFGS-B CODE

           * * *

Machine precision = 2.220D-16
 N =           50     M =           10

At X0         0 variables are exactly at the bounds

At iterate    0    f=  2.41524D-03    |proj g|=  2.88376D-08

           * * *

Tit   = total number of iterations
Tnf   = total number of function evaluations
Tnint = total number of segments explored during Cauchy searches
Skip  = number of BFGS updates skipped
Nact  = number of active bounds at final generalized Cauchy point
Projg = norm of the final projected gradient
F     = final function value

           * * *

   N    Tit     Tnf  Tnint  Skip  Nact     Projg        F
   50      0      1      0     0     0   2.884D-08   2.415D-03
  F =   2.4152418929831469E-003

CONVERGENCE: NORM_OF_PROJECTED_GRADIENT_<=_PGTOL            

 Cauchy                time 0.000E+00 seconds.
 Subspace minimization time 0.000E+00 seconds.
 Line search           time 0.000E+00 seconds.

 Total User time 2.705E-01 seconds.

