
============================================================
DeepSJRP - Stochastic Joint Replenishment Problem Solver
============================================================
Instance: 50D_CaseLL
Options: Dict{Symbol, Any}(:beta_override => 100000.0, :alpha_override => nothing, :device => :gpu, :nu_override => 1.0, :T_override => 0.2, :seed => 777)
============================================================

Device: CUDA GPU
CUDA toolchain: 
- runtime 12.8, local installation
- driver 580.126.16 for 13.2
- compiler 12.9

CUDA libraries: 
- CUBLAS: 12.8.4
- CURAND: 10.3.9
- CUFFT: 11.3.3
- CUSOLVER: 11.7.3
- CUSPARSE: 12.5.8
- CUPTI: 2025.1.1 (API 12.8.0)
- NVML: 13.0.0+580.126.16

Julia packages: 
- CUDA: 5.11.0
- GPUArrays: 11.4.1
- GPUCompiler: 1.9.1
- KernelAbstractions: 0.9.41
- CUDA_Driver_jll: 13.2.0+0
- CUDA_Compiler_jll: 0.4.2+0
- CUDA_Runtime_jll: 0.21.0+0
- CUDA_Runtime_Discovery: 1.0.0

Toolchain:
- Julia: 1.11.7
- LLVM: 16.0.6

Preferences:
- CUDA_Runtime_jll.version: local

1 device:
  0: NVIDIA H100 80GB HBM3 (sm_90, 79.175 GiB / 79.647 GiB available)
BLAS threads: 1
Julia threads: 10

Benchmark source: QS

============================================================
IMPULSE CONTROL PROBLEM (scaled, annual)
============================================================
Instance: 50D_CaseLL
Dimension: 50
Interest rate: 0.05
Cost scaling κ: 0.01

Drift μ (annual demand rates): [50.0, 50.0, 50.0, 50.0, 50.0, 50.0, 50.0, 50.0, 50.0, 50.0, 50.0, 50.0, 50.0, 50.0, 50.0, 25.0, 25.0, 25.0, 25.0, 25.0, 25.0, 25.0, 25.0, 25.0, 25.0, 25.0, 25.0, 25.0, 25.0, 25.0, 12.5, 12.5, 12.5, 12.5, 12.5, 12.5, 12.5, 12.5, 12.5, 12.5, 12.5, 12.5, 12.5, 12.5, 12.5, 12.5, 12.5, 12.5, 12.5, 12.5]
Covariance Σ diagonal: [50.0, 50.0, 50.0, 50.0, 50.0, 50.0, 50.0, 50.0, 50.0, 50.0, 50.0, 50.0, 50.0, 50.0, 50.0, 25.0, 25.0, 25.0, 25.0, 25.0, 25.0, 25.0, 25.0, 25.0, 25.0, 25.0, 25.0, 25.0, 25.0, 25.0, 12.5, 12.5, 12.5, 12.5, 12.5, 12.5, 12.5, 12.5, 12.5, 12.5, 12.5, 12.5, 12.5, 12.5, 12.5, 12.5, 12.5, 12.5, 12.5, 12.5]

Scaled costs (× κ = 0.01):
  Fixed cost K:    0.5
  Variable costs c: [0.001, 0.001, 0.001, 0.001, 0.001, 0.001, 0.001, 0.001, 0.001, 0.001, 0.001, 0.001, 0.001, 0.001, 0.001, 0.002, 0.002, 0.002, 0.002, 0.002, 0.002, 0.002, 0.002, 0.002, 0.002, 0.002, 0.002, 0.002, 0.002, 0.002, 0.004, 0.004, 0.004, 0.004, 0.004, 0.004, 0.004, 0.004, 0.004, 0.004, 0.004, 0.004, 0.004, 0.004, 0.004, 0.004, 0.004, 0.004, 0.004, 0.004]
  Holding costs h:  [0.01, 0.01, 0.01, 0.01, 0.01, 0.01, 0.01, 0.01, 0.01, 0.01, 0.01, 0.01, 0.01, 0.01, 0.01, 0.02, 0.02, 0.02, 0.02, 0.02, 0.02, 0.02, 0.02, 0.02, 0.02, 0.02, 0.02, 0.02, 0.02, 0.02, 0.04, 0.04, 0.04, 0.04, 0.04, 0.04, 0.04, 0.04, 0.04, 0.04, 0.04, 0.04, 0.04, 0.04, 0.04, 0.04, 0.04, 0.04, 0.04, 0.04]
  Penalty costs p:  [0.25, 0.25, 0.25, 0.25, 0.25, 0.25, 0.25, 0.25, 0.25, 0.25, 0.25, 0.25, 0.25, 0.25, 0.25, 0.5, 0.5, 0.5, 0.5, 0.5, 0.5, 0.5, 0.5, 0.5, 0.5, 0.5, 0.5, 0.5, 0.5, 0.5, 1.0, 1.0, 1.0, 1.0, 1.0, 1.0, 1.0, 1.0, 1.0, 1.0, 1.0, 1.0, 1.0, 1.0, 1.0, 1.0, 1.0, 1.0, 1.0, 1.0]

Original costs (unscaled):
  Fixed cost K:    50.0
  Variable costs c: [0.1, 0.1, 0.1, 0.1, 0.1, 0.1, 0.1, 0.1, 0.1, 0.1, 0.1, 0.1, 0.1, 0.1, 0.1, 0.2, 0.2, 0.2, 0.2, 0.2, 0.2, 0.2, 0.2, 0.2, 0.2, 0.2, 0.2, 0.2, 0.2, 0.2, 0.4, 0.4, 0.4, 0.4, 0.4, 0.4, 0.4, 0.4, 0.4, 0.4, 0.4, 0.4, 0.4, 0.4, 0.4, 0.4, 0.4, 0.4, 0.4, 0.4]
  Holding costs h:  [1.0, 1.0, 1.0, 1.0, 1.0, 1.0, 1.0, 1.0, 1.0, 1.0, 1.0, 1.0, 1.0, 1.0, 1.0, 2.0, 2.0, 2.0, 2.0, 2.0, 2.0, 2.0, 2.0, 2.0, 2.0, 2.0, 2.0, 2.0, 2.0, 2.0, 4.0, 4.0, 4.0, 4.0, 4.0, 4.0, 4.0, 4.0, 4.0, 4.0, 4.0, 4.0, 4.0, 4.0, 4.0, 4.0, 4.0, 4.0, 4.0, 4.0]
  Penalty costs p:  [25.0, 25.0, 25.0, 25.0, 25.0, 25.0, 25.0, 25.0, 25.0, 25.0, 25.0, 25.0, 25.0, 25.0, 25.0, 50.0, 50.0, 50.0, 50.0, 50.0, 50.0, 50.0, 50.0, 50.0, 50.0, 50.0, 50.0, 50.0, 50.0, 50.0, 100.0, 100.0, 100.0, 100.0, 100.0, 100.0, 100.0, 100.0, 100.0, 100.0, 100.0, 100.0, 100.0, 100.0, 100.0, 100.0, 100.0, 100.0, 100.0, 100.0]
============================================================

============================================================
TRAINING HYPERPARAMETERS
============================================================
Benchmark source: QS
Precision:        Float32
Batch size:       5000
Num intervals:    100
T horizon:        0.2
Num iterations:   40000
Learning rates:   [0.001, 0.0002, 0.0001, 1.0e-5, 1.0e-6]
LR steps:         [1, 5000, 10000, 20000, 30000]
Beta penalty:     [1.0, 10.0, 100.0, 1000.0, 10000.0, 100000.0]
Penalty steps:    [1, 2500, 5000, 7500, 10000, 20000]
Lambda rate:      5.872242335766425
S guess:          [[11.0, 11.0, 11.0, 11.0, 11.0, 11.0, 11.0, 11.0, 11.0, 11.0, 11.0, 11.0, 11.0, 11.0, 11.0, 6.0, 6.0, 6.0, 6.0, 6.0, 6.0, 6.0, 6.0, 6.0, 6.0, 6.0, 6.0, 6.0, 6.0, 6.0, 4.0, 4.0, 4.0, 4.0, 4.0, 4.0, 4.0, 4.0, 4.0, 4.0, 4.0, 4.0, 4.0, 4.0, 4.0, 4.0, 4.0, 4.0, 4.0, 4.0]]
Nu radius:        1.0
S distribution:   lognormal
Alpha factor:     0.0
Alpha js:         [0.0, 0.0, 0.0, 0.0, 0.0, 0.0, 0.0, 0.0, 0.0, 0.0, 0.0, 0.0, 0.0, 0.0, 0.0, 0.0, 0.0, 0.0, 0.0, 0.0, 0.0, 0.0, 0.0, 0.0, 0.0, 0.0, 0.0, 0.0, 0.0, 0.0, 0.0, 0.0, 0.0, 0.0, 0.0, 0.0, 0.0, 0.0, 0.0, 0.0, 0.0, 0.0, 0.0, 0.0, 0.0, 0.0, 0.0, 0.0, 0.0, 0.0]
Cost scaling:     0.01

Neural network architecture:
  Hidden layers:  4
  Width:          1000
  Activation:     elu

Optimization parameters:
  Start factor:   1.0
  Lower factor:   0.5
  Upper factor:   1.5
  Sim runs:       10
  Sim horizon:    5000
  Epsilons:       [-1.25, -2.5, -5.0, -7.5, -10.0, -12.5, -15.0, -20.0, -25.0, -30.0, -40.0, -50.0, -75.0, -100.0]
============================================================

Gradient network G (∇V):
Chain(
  Dense(50 => 1000, elu),               # 51_000 parameters
  Dense(1000 => 1000, elu),             # 1_001_000 parameters
  Dense(1000 => 1000, elu),             # 1_001_000 parameters
  Dense(1000 => 1000, elu),             # 1_001_000 parameters
  Dense(1000 => 50),                    # 50_050 parameters
)                   # Total: 10 arrays, 3_104_050 parameters, 1.562 KiB.

Value network H (V):
Chain(
  Dense(50 => 1000, elu),               # 51_000 parameters
  Dense(1000 => 1000, elu),             # 1_001_000 parameters
  Dense(1000 => 1000, elu),             # 1_001_000 parameters
  Dense(1000 => 1000, elu),             # 1_001_000 parameters
  Dense(1000 => 1),                     # 1_001 parameters
)                   # Total: 10 arrays, 3_055_001 parameters, 1.562 KiB.


============================================================
Starting neural network training...
============================================================

Starting training with steady-state sampler:
-----------------------------------------
Epoch: 1; Penalty β updated to: 1.0
-----------------------------------------
─── Device check ───
  x_tn: CuArray{Float32} (50, 100, 5000)
  dB: CuArray{Float32} (50, 100, 5000)
  dU: CuArray{Float32} (50, 100, 5000)
  exponentials: CuArray{Float32} (1, 100)
  loss_dB: CuArray{Float32} (1, 5000)
  loss_df: CuArray{Float32} (1, 5000)
  loss_dU: CuArray{Float32} (1, 5000)
  H_x0: CuArray{Float32} (1, 5000)
  H_xT: CuArray{Float32} (1, 5000)
  penalties: CuArray{Float32} (1, 5000)
────────────────────
Epoch: 1; Computation time: 75.47015293; Current value of V(0): 0.0
Lagrangian objective: 14345.717; Average H(x0): 0.0; Quantile-hedge α(β): 52.14
Simulation time per epoch: 13.653761312; Gradient computation time: 46.762897538; Testing time: 14.029562705
Epoch: 1000; Computation time: 414.69925065; Current value of V(0): 66665.0390625
Lagrangian objective: -3225.5276; Average H(x0): 5807.992; Quantile-hedge α(β): 0.31999999999999806
Simulation time per epoch: 0.073972082; Gradient computation time: 0.18209582; Testing time: 0.083245827
Epoch: 2000; Computation time: 754.042812083; Current value of V(0): 101516.6015625
Lagrangian objective: -3206.2; Average H(x0): 5824.688; Quantile-hedge α(β): 0.5199999999999982
Simulation time per epoch: 0.074035673; Gradient computation time: 0.182033331; Testing time: 0.08325753
-----------------------------------------
Epoch: 2500; Penalty β updated to: 10.0
-----------------------------------------
Epoch: 3000; Computation time: 1093.351262396; Current value of V(0): 40113.1591796875
Lagrangian objective: -774.1077; Average H(x0): 1114.0732; Quantile-hedge α(β): 16.059999999999995
Simulation time per epoch: 0.07409557; Gradient computation time: 0.181930433; Testing time: 0.083241266
Epoch: 4000; Computation time: 1432.681469623; Current value of V(0): 40878.33557128906
Lagrangian objective: -774.0792; Average H(x0): 1118.5618; Quantile-hedge α(β): 14.659999999999995
Simulation time per epoch: 0.073970844; Gradient computation time: 0.182180329; Testing time: 0.083223719
-----------------------------------------
Epoch: 5000; Penalty β updated to: 100.0
-----------------------------------------
Epoch: 5000; Computation time: 1772.121375765; Current value of V(0): 41418.89953613281
Lagrangian objective: 2341.2517; Average H(x0): 1113.1958; Quantile-hedge α(β): 14.480000000000004
Simulation time per epoch: 0.073905752; Gradient computation time: 0.182054735; Testing time: 0.083184593
Epoch: 6000; Computation time: 2111.52700728; Current value of V(0): 24544.30389404297
Lagrangian objective: -438.4509; Average H(x0): 501.9045; Quantile-hedge α(β): 46.78
Simulation time per epoch: 0.073811176; Gradient computation time: 0.183517066; Testing time: 0.083226195
Epoch: 7000; Computation time: 2451.039923023; Current value of V(0): 24515.255737304688
Lagrangian objective: -434.75546; Average H(x0): 501.01114; Quantile-hedge α(β): 47.48
Simulation time per epoch: 0.073923613; Gradient computation time: 0.183339435; Testing time: 0.083396708
-----------------------------------------
Epoch: 7500; Penalty β updated to: 1000.0
-----------------------------------------
Epoch: 8000; Computation time: 2790.378093899; Current value of V(0): 17306.832885742188
Lagrangian objective: -357.19974; Average H(x0): 381.09674; Quantile-hedge α(β): 83.38
Simulation time per epoch: 0.074030947; Gradient computation time: 0.182044567; Testing time: 0.083223741
Epoch: 9000; Computation time: 3129.940962277; Current value of V(0): 17270.26824951172
Lagrangian objective: -354.41217; Average H(x0): 380.02948; Quantile-hedge α(β): 83.32
Simulation time per epoch: 0.074045406; Gradient computation time: 0.181654443; Testing time: 0.083259542
-----------------------------------------
Epoch: 10000; Penalty β updated to: 10000.0
-----------------------------------------
Epoch: 10000; Computation time: 3469.32694695; Current value of V(0): 17137.774658203125
Lagrangian objective: -127.040276; Average H(x0): 375.5359; Quantile-hedge α(β): 84.52
Simulation time per epoch: 0.073854139; Gradient computation time: 0.182232711; Testing time: 0.083284087
Epoch: 11000; Computation time: 3808.688002342; Current value of V(0): 15699.687194824219
Lagrangian objective: -317.8125; Average H(x0): 333.55264; Quantile-hedge α(β): 96.58
Simulation time per epoch: 0.074025333; Gradient computation time: 0.181924137; Testing time: 0.083240768
Epoch: 12000; Computation time: 4147.983048595; Current value of V(0): 15781.552124023438
Lagrangian objective: -315.82596; Average H(x0): 333.17484; Quantile-hedge α(β): 96.96000000000001
Simulation time per epoch: 0.074036557; Gradient computation time: 0.182027915; Testing time: 0.083285309
Epoch: 13000; Computation time: 4487.303451582; Current value of V(0): 15482.820129394531
Lagrangian objective: -307.04745; Average H(x0): 323.32266; Quantile-hedge α(β): 97.48
Simulation time per epoch: 0.074022811; Gradient computation time: 0.182156304; Testing time: 0.083194675
Epoch: 14000; Computation time: 4826.689805224; Current value of V(0): 15422.265625
Lagrangian objective: -304.58966; Average H(x0): 318.1287; Quantile-hedge α(β): 97.86
Simulation time per epoch: 0.07388225; Gradient computation time: 0.182059705; Testing time: 0.083224087
Epoch: 15000; Computation time: 5166.002938044; Current value of V(0): 15390.213012695312
Lagrangian objective: -300.99866; Average H(x0): 314.37955; Quantile-hedge α(β): 97.66
Simulation time per epoch: 0.074060428; Gradient computation time: 0.181606757; Testing time: 0.083205107
Epoch: 16000; Computation time: 5505.101412792; Current value of V(0): 16027.197265625
Lagrangian objective: -316.1483; Average H(x0): 327.8156; Quantile-hedge α(β): 97.58
Simulation time per epoch: 0.074109359; Gradient computation time: 0.181463638; Testing time: 0.083005993
Epoch: 17000; Computation time: 5844.038251594; Current value of V(0): 15968.435668945312
Lagrangian objective: -304.4374; Average H(x0): 321.578; Quantile-hedge α(β): 96.78
Simulation time per epoch: 0.074134972; Gradient computation time: 0.181406134; Testing time: 0.083121004
Epoch: 18000; Computation time: 6182.83990835; Current value of V(0): 16611.090087890625
Lagrangian objective: -314.01196; Average H(x0): 331.82812; Quantile-hedge α(β): 97.3
Simulation time per epoch: 0.074164082; Gradient computation time: 0.181488914; Testing time: 0.083103871
Epoch: 19000; Computation time: 6521.561565332; Current value of V(0): 16281.8359375
Lagrangian objective: -307.51215; Average H(x0): 322.98935; Quantile-hedge α(β): 97.34
Simulation time per epoch: 0.074194747; Gradient computation time: 0.181782258; Testing time: 0.083120167
-----------------------------------------
Epoch: 20000; Penalty β updated to: 100000.0
-----------------------------------------
Epoch: 20000; Computation time: 6860.094807235; Current value of V(0): 15923.08349609375
Lagrangian objective: -164.60779; Average H(x0): 313.424; Quantile-hedge α(β): 97.7
Simulation time per epoch: 0.074084897; Gradient computation time: 0.181147246; Testing time: 0.083089402
Epoch: 21000; Computation time: 7198.623211331; Current value of V(0): 15605.441284179688
Lagrangian objective: -298.2768; Average H(x0): 304.68155; Quantile-hedge α(β): 99.6
Simulation time per epoch: 0.074199288; Gradient computation time: 0.181453028; Testing time: 0.083029809
Epoch: 22000; Computation time: 7537.090103857; Current value of V(0): 15723.907470703125
Lagrangian objective: -296.9614; Average H(x0): 307.14954; Quantile-hedge α(β): 99.52
Simulation time per epoch: 0.074221568; Gradient computation time: 0.181008696; Testing time: 0.083010206
Epoch: 23000; Computation time: 7875.512085319; Current value of V(0): 15601.625061035156
Lagrangian objective: -296.151; Average H(x0): 303.82492; Quantile-hedge α(β): 99.58
Simulation time per epoch: 0.074160169; Gradient computation time: 0.181129156; Testing time: 0.082956503
Epoch: 24000; Computation time: 8213.603905029; Current value of V(0): 15774.383544921875
Lagrangian objective: -297.61487; Average H(x0): 307.18478; Quantile-hedge α(β): 99.44
Simulation time per epoch: 0.074260131; Gradient computation time: 0.18096476; Testing time: 0.08294792
Epoch: 25000; Computation time: 8551.831565216; Current value of V(0): 15569.432067871094
Lagrangian objective: -299.9814; Average H(x0): 302.64996; Quantile-hedge α(β): 99.62
Simulation time per epoch: 0.074196196; Gradient computation time: 0.181268535; Testing time: 0.082999937
Epoch: 26000; Computation time: 8889.859443511; Current value of V(0): 15723.873901367188
Lagrangian objective: -291.31976; Average H(x0): 305.64667; Quantile-hedge α(β): 99.5
Simulation time per epoch: 0.074086374; Gradient computation time: 0.181137746; Testing time: 0.082970904
Epoch: 27000; Computation time: 9228.009744435; Current value of V(0): 15736.653137207031
Lagrangian objective: -282.5212; Average H(x0): 306.26776; Quantile-hedge α(β): 99.33999999999999
Simulation time per epoch: 0.074154582; Gradient computation time: 0.181300765; Testing time: 0.083095015
Epoch: 28000; Computation time: 9566.088389428; Current value of V(0): 15563.520812988281
Lagrangian objective: -295.1981; Average H(x0): 303.86896; Quantile-hedge α(β): 99.58
Simulation time per epoch: 0.074210971; Gradient computation time: 0.181205647; Testing time: 0.083061907
Epoch: 29000; Computation time: 9904.250941034; Current value of V(0): 15683.236694335938
Lagrangian objective: -295.60846; Average H(x0): 305.67505; Quantile-hedge α(β): 99.6
Simulation time per epoch: 0.074219444; Gradient computation time: 0.180980856; Testing time: 0.082967533
Epoch: 30000; Computation time: 10242.354916477; Current value of V(0): 15727.74658203125
Lagrangian objective: -294.76498; Average H(x0): 306.31036; Quantile-hedge α(β): 99.4
Simulation time per epoch: 0.07419211; Gradient computation time: 0.180904601; Testing time: 0.082892286
Epoch: 31000; Computation time: 10580.267827045; Current value of V(0): 15975.190734863281
Lagrangian objective: -296.63834; Average H(x0): 311.37875; Quantile-hedge α(β): 99.3
Simulation time per epoch: 0.074119945; Gradient computation time: 0.180805585; Testing time: 0.08291334
Epoch: 32000; Computation time: 10918.30914515; Current value of V(0): 15963.475036621094
Lagrangian objective: -297.39694; Average H(x0): 310.99567; Quantile-hedge α(β): 99.53999999999999
Simulation time per epoch: 0.074203812; Gradient computation time: 0.180630216; Testing time: 0.082915223
Epoch: 33000; Computation time: 11256.386084615; Current value of V(0): 15947.093200683594
Lagrangian objective: -296.97064; Average H(x0): 310.673; Quantile-hedge α(β): 99.53999999999999
Simulation time per epoch: 0.074227393; Gradient computation time: 0.180912701; Testing time: 0.082902092
Epoch: 34000; Computation time: 11594.412870112; Current value of V(0): 15981.282043457031
Lagrangian objective: -308.10272; Average H(x0): 311.29254; Quantile-hedge α(β): 99.68
Simulation time per epoch: 0.074186431; Gradient computation time: 0.180954976; Testing time: 0.082933489
Epoch: 35000; Computation time: 11932.400653124; Current value of V(0): 15969.094848632812
Lagrangian objective: -295.76602; Average H(x0): 311.12042; Quantile-hedge α(β): 99.52
Simulation time per epoch: 0.074282182; Gradient computation time: 0.180725728; Testing time: 0.08283273
Epoch: 36000; Computation time: 12270.113913762; Current value of V(0): 15975.617980957031
Lagrangian objective: -307.53284; Average H(x0): 311.0992; Quantile-hedge α(β): 99.72
Simulation time per epoch: 0.074208922; Gradient computation time: 0.180589804; Testing time: 0.08280931
Epoch: 37000; Computation time: 12607.556931688; Current value of V(0): 15967.704772949219
Lagrangian objective: -299.71014; Average H(x0): 311.08075; Quantile-hedge α(β): 99.52
Simulation time per epoch: 0.074232793; Gradient computation time: 0.180345098; Testing time: 0.082806557
Epoch: 38000; Computation time: 12945.049212612; Current value of V(0): 15968.661499023438
Lagrangian objective: -294.2383; Average H(x0): 311.0997; Quantile-hedge α(β): 99.42
Simulation time per epoch: 0.074238213; Gradient computation time: 0.180375805; Testing time: 0.082801213
Epoch: 39000; Computation time: 13282.527767682; Current value of V(0): 15983.311462402344
Lagrangian objective: -301.54575; Average H(x0): 311.36624; Quantile-hedge α(β): 99.52
Simulation time per epoch: 0.074238692; Gradient computation time: 0.180467008; Testing time: 0.08281286
Epoch: 40000; Computation time: 13620.026553374; Current value of V(0): 15971.000671386719
Lagrangian objective: -302.36554; Average H(x0): 311.0368; Quantile-hedge α(β): 99.44
Simulation time per epoch: 0.074204259; Gradient computation time: 0.180352151; Testing time: 0.082822068

Training completed in 13620.026670236 seconds
Final V(0): 15970.846557617188

============================================================
Running policy evaluation...
============================================================


============================================================
INVENTORY PROBLEM (unscaled, weekly)
============================================================
Dimension:       50
Discount factor: 0.9990389236684376
Fixed cost:      50.0
Variable costs:  [0.1, 0.1, 0.1, 0.1, 0.1, 0.1, 0.1, 0.1, 0.1, 0.1, 0.1, 0.1, 0.1, 0.1, 0.1, 0.2, 0.2, 0.2, 0.2, 0.2, 0.2, 0.2, 0.2, 0.2, 0.2, 0.2, 0.2, 0.2, 0.2, 0.2, 0.4, 0.4, 0.4, 0.4, 0.4, 0.4, 0.4, 0.4, 0.4, 0.4, 0.4, 0.4, 0.4, 0.4, 0.4, 0.4, 0.4, 0.4, 0.4, 0.4]
Holding costs:   [0.019230769230769232, 0.019230769230769232, 0.019230769230769232, 0.019230769230769232, 0.019230769230769232, 0.019230769230769232, 0.019230769230769232, 0.019230769230769232, 0.019230769230769232, 0.019230769230769232, 0.019230769230769232, 0.019230769230769232, 0.019230769230769232, 0.019230769230769232, 0.019230769230769232, 0.038461538461538464, 0.038461538461538464, 0.038461538461538464, 0.038461538461538464, 0.038461538461538464, 0.038461538461538464, 0.038461538461538464, 0.038461538461538464, 0.038461538461538464, 0.038461538461538464, 0.038461538461538464, 0.038461538461538464, 0.038461538461538464, 0.038461538461538464, 0.038461538461538464, 0.07692307692307693, 0.07692307692307693, 0.07692307692307693, 0.07692307692307693, 0.07692307692307693, 0.07692307692307693, 0.07692307692307693, 0.07692307692307693, 0.07692307692307693, 0.07692307692307693, 0.07692307692307693, 0.07692307692307693, 0.07692307692307693, 0.07692307692307693, 0.07692307692307693, 0.07692307692307693, 0.07692307692307693, 0.07692307692307693, 0.07692307692307693, 0.07692307692307693]
Backlog costs:   [0.4807692307692308, 0.4807692307692308, 0.4807692307692308, 0.4807692307692308, 0.4807692307692308, 0.4807692307692308, 0.4807692307692308, 0.4807692307692308, 0.4807692307692308, 0.4807692307692308, 0.4807692307692308, 0.4807692307692308, 0.4807692307692308, 0.4807692307692308, 0.4807692307692308, 0.9615384615384616, 0.9615384615384616, 0.9615384615384616, 0.9615384615384616, 0.9615384615384616, 0.9615384615384616, 0.9615384615384616, 0.9615384615384616, 0.9615384615384616, 0.9615384615384616, 0.9615384615384616, 0.9615384615384616, 0.9615384615384616, 0.9615384615384616, 0.9615384615384616, 1.9230769230769231, 1.9230769230769231, 1.9230769230769231, 1.9230769230769231, 1.9230769230769231, 1.9230769230769231, 1.9230769230769231, 1.9230769230769231, 1.9230769230769231, 1.9230769230769231, 1.9230769230769231, 1.9230769230769231, 1.9230769230769231, 1.9230769230769231, 1.9230769230769231, 1.9230769230769231, 1.9230769230769231, 1.9230769230769231, 1.9230769230769231, 1.9230769230769231]
Demand dists:    DataType[Distributions.Poisson{Float64}, Distributions.Poisson{Float64}, Distributions.Poisson{Float64}, Distributions.Poisson{Float64}, Distributions.Poisson{Float64}, Distributions.Poisson{Float64}, Distributions.Poisson{Float64}, Distributions.Poisson{Float64}, Distributions.Poisson{Float64}, Distributions.Poisson{Float64}, Distributions.Poisson{Float64}, Distributions.Poisson{Float64}, Distributions.Poisson{Float64}, Distributions.Poisson{Float64}, Distributions.Poisson{Float64}, Distributions.Poisson{Float64}, Distributions.Poisson{Float64}, Distributions.Poisson{Float64}, Distributions.Poisson{Float64}, Distributions.Poisson{Float64}, Distributions.Poisson{Float64}, Distributions.Poisson{Float64}, Distributions.Poisson{Float64}, Distributions.Poisson{Float64}, Distributions.Poisson{Float64}, Distributions.Poisson{Float64}, Distributions.Poisson{Float64}, Distributions.Poisson{Float64}, Distributions.Poisson{Float64}, Distributions.Poisson{Float64}, Distributions.Poisson{Float64}, Distributions.Poisson{Float64}, Distributions.Poisson{Float64}, Distributions.Poisson{Float64}, Distributions.Poisson{Float64}, Distributions.Poisson{Float64}, Distributions.Poisson{Float64}, Distributions.Poisson{Float64}, Distributions.Poisson{Float64}, Distributions.Poisson{Float64}, Distributions.Poisson{Float64}, Distributions.Poisson{Float64}, Distributions.Poisson{Float64}, Distributions.Poisson{Float64}, Distributions.Poisson{Float64}, Distributions.Poisson{Float64}, Distributions.Poisson{Float64}, Distributions.Poisson{Float64}, Distributions.Poisson{Float64}, Distributions.Poisson{Float64}]
Demand means:    [0.9615384615384616, 0.9615384615384616, 0.9615384615384616, 0.9615384615384616, 0.9615384615384616, 0.9615384615384616, 0.9615384615384616, 0.9615384615384616, 0.9615384615384616, 0.9615384615384616, 0.9615384615384616, 0.9615384615384616, 0.9615384615384616, 0.9615384615384616, 0.9615384615384616, 0.4807692307692308, 0.4807692307692308, 0.4807692307692308, 0.4807692307692308, 0.4807692307692308, 0.4807692307692308, 0.4807692307692308, 0.4807692307692308, 0.4807692307692308, 0.4807692307692308, 0.4807692307692308, 0.4807692307692308, 0.4807692307692308, 0.4807692307692308, 0.4807692307692308, 0.2403846153846154, 0.2403846153846154, 0.2403846153846154, 0.2403846153846154, 0.2403846153846154, 0.2403846153846154, 0.2403846153846154, 0.2403846153846154, 0.2403846153846154, 0.2403846153846154, 0.2403846153846154, 0.2403846153846154, 0.2403846153846154, 0.2403846153846154, 0.2403846153846154, 0.2403846153846154, 0.2403846153846154, 0.2403846153846154, 0.2403846153846154, 0.2403846153846154]
============================================================

==================================================
Computing order-up-to vector via :solve_inf
==================================================

Method: solve_inf
Final objective: 310.980849433273
z*: [7.902727507682352, 9.714997508992663, 16.5, 9.496876559802388, 7.58107563825324, 10.06734755088155, 7.605474577734847, 10.331071475672346, 7.798328053237517, 12.795619944321198, 11.099593407187353, 9.73946883655769, 9.18838297405306, 12.222805192315343, 10.881196989996182, 3.288167334418138, 3.5636917480931607, 7.689727116369543, 6.30549808013191, 7.109507779151915, 6.296550205005044, 6.123374154105192, 5.968923623719003, 7.387355901466105, 5.09620178808716, 5.981713671104572, 6.232402935963787, 5.215361069990546, 6.544372739891611, 7.219884256878191, 4.252193735007415, 2.193943013575089, 4.524544335355121, 2.321340942700438, 5.6972569268588815, 2.453081632562381, 3.640858132581291, 2.0, 2.294690932168477, 4.796126530647673, 2.0305949409526645, 3.8333134458076317, 2.7789386034024632, 4.944920188174037, 4.5453656031169025, 4.169554695314382, 4.5964393077509635, 4.944927439663645, 2.0, 6.0]
Intervention value: -151.77233808073396

==================================================
Computing order-up-to vector via :find_stationary
==================================================

Method: find_stationary
Final residual: 0.025976479111690754
z*: [11.0, 11.0, 11.0, 11.0, 11.0, 11.0, 11.0, 11.0, 11.0, 11.0, 11.0, 11.0, 11.0, 11.0, 11.0, 6.0, 6.0, 6.0, 6.0, 6.0, 6.0, 6.0, 6.0, 6.0, 6.0, 6.0, 6.0, 6.0, 6.0, 6.0, 4.0, 4.0, 4.0, 4.0, 4.0, 4.0, 4.0, 4.0, 4.0, 4.0, 4.0, 4.0, 4.0, 4.0, 4.0, 4.0, 4.0, 4.0, 4.0, 4.0]
Intervention value: -151.93833068847658

==================================================
Summary:
  solve_inf:       z* = [8, 10, 16, 9, 8, 10, 8, 10, 8, 13, 11, 10, 9, 12, 11, 3, 4, 8, 6, 7, 6, 6, 6, 7, 5, 6, 6, 5, 7, 7, 4, 2, 5, 2, 6, 2, 4, 2, 2, 5, 2, 4, 3, 5, 5, 4, 5, 5, 2, 6]
  find_stationary: z* = [11, 11, 11, 11, 11, 11, 11, 11, 11, 11, 11, 11, 11, 11, 11, 6, 6, 6, 6, 6, 6, 6, 6, 6, 6, 6, 6, 6, 6, 6, 4, 4, 4, 4, 4, 4, 4, 4, 4, 4, 4, 4, 4, 4, 4, 4, 4, 4, 4, 4]
==================================================

============================================================
Evaluating method: solve_inf
============================================================

----------------------------------------
Evaluating ε = -1.25
----------------------------------------
Mean cost: 24833.54183162553 ± 23.13459382798358
  Inventory costs: 13903.622212056584
  Variable costs:  5000.2325987744
  Fixed costs:     5929.687020794565
  Simulation time: 404.8s

----------------------------------------
Evaluating ε = -2.5
----------------------------------------
Mean cost: 25377.658063183808 ± 37.67729012458942
  Inventory costs: 14694.480428193347
  Variable costs:  5010.235430294642
  Fixed costs:     5672.942204695774
  Simulation time: 407.0s

----------------------------------------
Evaluating ε = -5.0
----------------------------------------
Mean cost: 26302.46059016273 ± 47.15261694052945
  Inventory costs: 16072.713355580094
  Variable costs:  4991.9562967011
  Fixed costs:     5237.790937881566
  Simulation time: 417.3s

----------------------------------------
Evaluating ε = -7.5
----------------------------------------
Mean cost: 27433.900784192927 ± 46.4461403248797
  Inventory costs: 17471.25504744287
  Variable costs:  4988.033275300024
  Fixed costs:     4974.612461450006
  Simulation time: 418.7s

----------------------------------------
Evaluating ε = -10.0
----------------------------------------
Mean cost: 28497.166360797488 ± 67.3885361001994
  Inventory costs: 18760.27008983092
  Variable costs:  5002.176987027248
  Fixed costs:     4734.719283939301
  Simulation time: 409.7s

----------------------------------------
Evaluating ε = -12.5
----------------------------------------
Mean cost: 29753.068470725346 ± 63.66714511198807
  Inventory costs: 20220.560971980718
  Variable costs:  4995.800819902358
  Fixed costs:     4536.706678842251
  Simulation time: 432.1s

----------------------------------------
Evaluating ε = -15.0
----------------------------------------
Mean cost: 30917.8599446621 ± 56.39733256463929
  Inventory costs: 21574.86660375641
  Variable costs:  4982.786593844057
  Fixed costs:     4360.2067470616485
  Simulation time: 412.8s

----------------------------------------
Evaluating ε = -20.0
----------------------------------------
Mean cost: 33505.90842286956 ± 69.69832214723125
  Inventory costs: 24407.073824130825
  Variable costs:  4994.297355901316
  Fixed costs:     4104.537242837431
  Simulation time: 408.4s

----------------------------------------
Evaluating ε = -25.0
----------------------------------------
Mean cost: 35937.92634599128 ± 81.96779169747435
  Inventory costs: 27088.870255268797
  Variable costs:  4981.42717082588
  Fixed costs:     3867.628919896614
  Simulation time: 408.8s

----------------------------------------
Evaluating ε = -30.0
----------------------------------------
Mean cost: 38789.58064257353 ± 60.75778364747342
  Inventory costs: 30099.58540372408
  Variable costs:  4999.209519940406
  Fixed costs:     3690.785718909015
  Simulation time: 411.0s

----------------------------------------
Evaluating ε = -40.0
----------------------------------------
Mean cost: 44707.97763429339 ± 117.51721118417558
  Inventory costs: 36331.309947724265
  Variable costs:  4993.652012042409
  Fixed costs:     3383.0156745267036
  Simulation time: 403.8s

----------------------------------------
Evaluating ε = -50.0
----------------------------------------
Mean cost: 50789.018964506715 ± 100.03327134599495
  Inventory costs: 42679.803992152294
  Variable costs:  4979.713249243579
  Fixed costs:     3129.5017231108623
  Simulation time: 414.2s

----------------------------------------
Evaluating ε = -75.0
----------------------------------------
Mean cost: 66564.2198801712 ± 149.43198635643142
  Inventory costs: 58878.89983816746
  Variable costs:  4986.8743650276165
  Fixed costs:     2698.445676976072
  Simulation time: 438.2s

----------------------------------------
Evaluating ε = -100.0
----------------------------------------
Mean cost: 83712.68867419567 ± 135.51654936572518
  Inventory costs: 76340.39401187372
  Variable costs:  4977.830146600895
  Fixed costs:     2394.4645157210675
  Simulation time: 464.7s

==================================================
Best epsilon: -1.25 with cost: 24833.54183162553 ± 23.13459382798358
==================================================

============================================================
Evaluating method: find_stationary
============================================================

----------------------------------------
Evaluating ε = -1.25
----------------------------------------
Mean cost: 22691.50932551206 ± 27.440454904182843
  Inventory costs: 12746.177082002243
  Variable costs:  5013.706262755014
  Fixed costs:     4931.625980754825
  Simulation time: 518.1s

----------------------------------------
Evaluating ε = -2.5
----------------------------------------
Mean cost: 23031.378789349987 ± 36.43379526520182
  Inventory costs: 13258.38946286942
  Variable costs:  4995.548165950122
  Fixed costs:     4777.4411605304795
  Simulation time: 562.2s

----------------------------------------
Evaluating ε = -5.0
----------------------------------------
Mean cost: 23900.118751147944 ± 40.673884644249924
  Inventory costs: 14341.961716395517
  Variable costs:  5009.863196271216
  Fixed costs:     4548.293838481204
  Simulation time: 595.9s

----------------------------------------
Evaluating ε = -7.5
----------------------------------------
Mean cost: 24842.899432517737 ± 42.55051461244605
  Inventory costs: 15495.010063387366
  Variable costs:  4997.358969246604
  Fixed costs:     4350.5303998837535
  Simulation time: 577.5s

----------------------------------------
Evaluating ε = -10.0
----------------------------------------
Mean cost: 25628.049481308833 ± 57.236603656973266
  Inventory costs: 16456.350660281307
  Variable costs:  4989.515081707493
  Fixed costs:     4182.18373931999
  Simulation time: 582.7s

----------------------------------------
Evaluating ε = -12.5
----------------------------------------
Mean cost: 26658.392342829524 ± 50.24483939095755
  Inventory costs: 17603.901411362916
  Variable costs:  4998.700064249768
  Fixed costs:     4055.790867216834
  Simulation time: 597.3s

----------------------------------------
Evaluating ε = -15.0
----------------------------------------
Mean cost: 27699.11567556283 ± 60.18760126487466
  Inventory costs: 18778.2980182788
  Variable costs:  4991.965577364242
  Fixed costs:     3928.8520799198195
  Simulation time: 592.8s

----------------------------------------
Evaluating ε = -20.0
----------------------------------------
Mean cost: 29986.23768124193 ± 62.39956034374203
  Inventory costs: 21256.393251683163
  Variable costs:  4999.222193861905
  Fixed costs:     3730.622235696869
  Simulation time: 595.7s

----------------------------------------
Evaluating ε = -25.0
----------------------------------------
Mean cost: 32445.929307418963 ± 67.10776356230784
  Inventory costs: 23923.024552136383
  Variable costs:  4988.831373437082
  Fixed costs:     3534.0733818454746
  Simulation time: 601.5s

----------------------------------------
Evaluating ε = -30.0
----------------------------------------
Mean cost: 34913.74070152307 ± 66.58306539516732
  Inventory costs: 26545.086629575984
  Variable costs:  4982.633540511529
  Fixed costs:     3386.0205314355635
  Simulation time: 594.2s

----------------------------------------
Evaluating ε = -40.0
----------------------------------------
Mean cost: 40352.49123278392 ± 101.32388906543015
  Inventory costs: 32242.462203623778
  Variable costs:  4978.3022127437025
  Fixed costs:     3131.726816416399
  Simulation time: 618.3s

----------------------------------------
Evaluating ε = -50.0
----------------------------------------
Mean cost: 46313.55817479121 ± 78.68634669925012
  Inventory costs: 38395.23304478382
  Variable costs:  4991.059789687858
  Fixed costs:     2927.2653403195263
  Simulation time: 634.9s

----------------------------------------
Evaluating ε = -75.0
----------------------------------------
Mean cost: 61706.397597819836 ± 85.7780313696276
  Inventory costs: 54168.10340256977
  Variable costs:  4987.682254794921
  Fixed costs:     2550.611940455129
  Simulation time: 631.3s

----------------------------------------
Evaluating ε = -100.0
----------------------------------------
Mean cost: 77974.9081534407 ± 107.22765474041873
  Inventory costs: 70695.00012165327
  Variable costs:  4988.533854406906
  Fixed costs:     2291.374177380562
  Simulation time: 636.5s

==================================================
Best epsilon: -1.25 with cost: 22691.50932551206 ± 27.440454904182843
==================================================
Skipping save for solve_inf: existing cost 21701.541014944843 <= new cost 24833.54183162553
Skipping save for find_stationary: existing cost 21784.664044114932 <= new cost 22691.50932551206

============================================================
FINAL RESULTS SUMMARY
============================================================

Method: solve_inf
  Order-up-to vector: [8, 10, 16, 9, 8, 10, 8, 10, 8, 13, 11, 10, 9, 12, 11, 3, 4, 8, 6, 7, 6, 6, 6, 7, 5, 6, 6, 5, 7, 7, 4, 2, 5, 2, 6, 2, 4, 2, 2, 5, 2, 4, 3, 5, 5, 4, 5, 5, 2, 6]
  Best epsilon: -1.25
  Best cost: 24833.54183162553 ± 23.13459382798358

Method: find_stationary
  Order-up-to vector: [11, 11, 11, 11, 11, 11, 11, 11, 11, 11, 11, 11, 11, 11, 11, 6, 6, 6, 6, 6, 6, 6, 6, 6, 6, 6, 6, 6, 6, 6, 4, 4, 4, 4, 4, 4, 4, 4, 4, 4, 4, 4, 4, 4, 4, 4, 4, 4, 4, 4]
  Best epsilon: -1.25
  Best cost: 22691.50932551206 ± 27.440454904182843

============================================================
Complete! Per-method results saved to:
  output/nn_training/results_50D_CaseLL_solve_inf.json
  output/nn_training/results_50D_CaseLL_find_stationary.json
============================================================

  Activating project at `~/DeepSJRP`
[ Info:  started timer at: 2026-04-29T02:12:31.429
┌ Warning: Layer with Float32 parameters got Float64 input.
│   The input will be converted, but any earlier layers may be very slow.
│   layer = Dense(50 => 1000, elu)  # 51_000 parameters
│   summary(x) = "50-element Vector{Float64}"
└ @ Flux ~/.julia/packages/Flux/DZYiO/src/layers/stateless.jl:60
RUNNING THE L-BFGS-B CODE

           * * *

Machine precision = 2.220D-16
 N =           50     M =           10

At X0         0 variables are exactly at the bounds

At iterate    0    f=  3.11147D+02    |proj g|=  1.19251D-02

At iterate    1    f=  3.11146D+02    |proj g|=  1.19219D-02

At iterate    2    f=  3.10981D+02    |proj g|=  3.48716D-03

           * * *

Tit   = total number of iterations
Tnf   = total number of function evaluations
Tnint = total number of segments explored during Cauchy searches
Skip  = number of BFGS updates skipped
Nact  = number of active bounds at final generalized Cauchy point
Projg = norm of the final projected gradient
F     = final function value

           * * *

   N    Tit     Tnf  Tnint  Skip  Nact     Projg        F
   50      2      3      4     0     2   3.487D-03   3.110D+02
  F =   310.98084943327302     

CONVERGENCE: NORM_OF_PROJECTED_GRADIENT_<=_PGTOL            

 Cauchy                time 0.000E+00 seconds.
 Subspace minimization time 0.000E+00 seconds.
 Line search           time 3.906E-03 seconds.

 Total User time 2.039E+00 seconds.

RUNNING THE L-BFGS-B CODE

           * * *

Machine precision = 2.220D-16
 N =           50     M =           10

At X0         0 variables are exactly at the bounds

At iterate    0    f=  6.74777D-04    |proj g|=  2.71016D-08

           * * *

Tit   = total number of iterations
Tnf   = total number of function evaluations
Tnint = total number of segments explored during Cauchy searches
Skip  = number of BFGS updates skipped
Nact  = number of active bounds at final generalized Cauchy point
Projg = norm of the final projected gradient
F     = final function value

           * * *

   N    Tit     Tnf  Tnint  Skip  Nact     Projg        F
   50      0      1      0     0     0   2.710D-08   6.748D-04
  F =   6.7477746704010613E-004

CONVERGENCE: NORM_OF_PROJECTED_GRADIENT_<=_PGTOL            

 Cauchy                time 0.000E+00 seconds.
 Subspace minimization time 0.000E+00 seconds.
 Line search           time 0.000E+00 seconds.

 Total User time 2.500E-01 seconds.

