
============================================================
DeepSJRP - Stochastic Joint Replenishment Problem Solver
============================================================
Instance: 50D_CaseHH
Options: Dict{Symbol, Any}(:beta_override => 100000.0, :alpha_override => nothing, :device => :gpu, :nu_override => 0.2, :T_override => 0.2, :seed => 777)
============================================================

Device: CUDA GPU
CUDA toolchain: 
- runtime 12.8, local installation
- driver 580.126.16 for 13.2
- compiler 12.9

CUDA libraries: 
- CUBLAS: 12.8.4
- CURAND: 10.3.9
- CUFFT: 11.3.3
- CUSOLVER: 11.7.3
- CUSPARSE: 12.5.8
- CUPTI: 2025.1.1 (API 12.8.0)
- NVML: 13.0.0+580.126.16

Julia packages: 
- CUDA: 5.11.0
- GPUArrays: 11.4.1
- GPUCompiler: 1.9.1
- KernelAbstractions: 0.9.41
- CUDA_Driver_jll: 13.2.0+0
- CUDA_Compiler_jll: 0.4.2+0
- CUDA_Runtime_jll: 0.21.0+0
- CUDA_Runtime_Discovery: 1.0.0

Toolchain:
- Julia: 1.11.7
- LLVM: 16.0.6

Preferences:
- CUDA_Runtime_jll.version: local

1 device:
  0: NVIDIA H100 80GB HBM3 (sm_90, 79.175 GiB / 79.647 GiB available)
BLAS threads: 1
Julia threads: 10

Benchmark source: QS

============================================================
IMPULSE CONTROL PROBLEM (scaled, annual)
============================================================
Instance: 50D_CaseHH
Dimension: 50
Interest rate: 0.05
Cost scaling κ: 0.01

Drift μ (annual demand rates): [50.0, 50.0, 50.0, 50.0, 50.0, 50.0, 50.0, 50.0, 50.0, 50.0, 50.0, 50.0, 50.0, 50.0, 50.0, 25.0, 25.0, 25.0, 25.0, 25.0, 25.0, 25.0, 25.0, 25.0, 25.0, 25.0, 25.0, 25.0, 25.0, 25.0, 12.5, 12.5, 12.5, 12.5, 12.5, 12.5, 12.5, 12.5, 12.5, 12.5, 12.5, 12.5, 12.5, 12.5, 12.5, 12.5, 12.5, 12.5, 12.5, 12.5]
Covariance Σ diagonal: [2500.0, 2500.0, 2500.0, 2500.0, 2500.0, 2500.0, 2500.0, 2500.0, 2500.0, 2500.0, 2500.0, 2500.0, 2500.0, 2500.0, 2500.0, 625.0, 625.0, 625.0, 625.0, 625.0, 625.0, 625.0, 625.0, 625.0, 625.0, 625.0, 625.0, 625.0, 625.0, 625.0, 156.25, 156.25, 156.25, 156.25, 156.25, 156.25, 156.25, 156.25, 156.25, 156.25, 156.25, 156.25, 156.25, 156.25, 156.25, 156.25, 156.25, 156.25, 156.25, 156.25]

Scaled costs (× κ = 0.01):
  Fixed cost K:    2.5
  Variable costs c: [0.001, 0.001, 0.001, 0.001, 0.001, 0.001, 0.001, 0.001, 0.001, 0.001, 0.001, 0.001, 0.001, 0.001, 0.001, 0.002, 0.002, 0.002, 0.002, 0.002, 0.002, 0.002, 0.002, 0.002, 0.002, 0.002, 0.002, 0.002, 0.002, 0.002, 0.004, 0.004, 0.004, 0.004, 0.004, 0.004, 0.004, 0.004, 0.004, 0.004, 0.004, 0.004, 0.004, 0.004, 0.004, 0.004, 0.004, 0.004, 0.004, 0.004]
  Holding costs h:  [0.01, 0.01, 0.01, 0.01, 0.01, 0.01, 0.01, 0.01, 0.01, 0.01, 0.01, 0.01, 0.01, 0.01, 0.01, 0.02, 0.02, 0.02, 0.02, 0.02, 0.02, 0.02, 0.02, 0.02, 0.02, 0.02, 0.02, 0.02, 0.02, 0.02, 0.04, 0.04, 0.04, 0.04, 0.04, 0.04, 0.04, 0.04, 0.04, 0.04, 0.04, 0.04, 0.04, 0.04, 0.04, 0.04, 0.04, 0.04, 0.04, 0.04]
  Penalty costs p:  [0.25, 0.25, 0.25, 0.25, 0.25, 0.25, 0.25, 0.25, 0.25, 0.25, 0.25, 0.25, 0.25, 0.25, 0.25, 0.5, 0.5, 0.5, 0.5, 0.5, 0.5, 0.5, 0.5, 0.5, 0.5, 0.5, 0.5, 0.5, 0.5, 0.5, 1.0, 1.0, 1.0, 1.0, 1.0, 1.0, 1.0, 1.0, 1.0, 1.0, 1.0, 1.0, 1.0, 1.0, 1.0, 1.0, 1.0, 1.0, 1.0, 1.0]

Original costs (unscaled):
  Fixed cost K:    250.0
  Variable costs c: [0.1, 0.1, 0.1, 0.1, 0.1, 0.1, 0.1, 0.1, 0.1, 0.1, 0.1, 0.1, 0.1, 0.1, 0.1, 0.2, 0.2, 0.2, 0.2, 0.2, 0.2, 0.2, 0.2, 0.2, 0.2, 0.2, 0.2, 0.2, 0.2, 0.2, 0.4, 0.4, 0.4, 0.4, 0.4, 0.4, 0.4, 0.4, 0.4, 0.4, 0.4, 0.4, 0.4, 0.4, 0.4, 0.4, 0.4, 0.4, 0.4, 0.4]
  Holding costs h:  [1.0, 1.0, 1.0, 1.0, 1.0, 1.0, 1.0, 1.0, 1.0, 1.0, 1.0, 1.0, 1.0, 1.0, 1.0, 2.0, 2.0, 2.0, 2.0, 2.0, 2.0, 2.0, 2.0, 2.0, 2.0, 2.0, 2.0, 2.0, 2.0, 2.0, 4.0, 4.0, 4.0, 4.0, 4.0, 4.0, 4.0, 4.0, 4.0, 4.0, 4.0, 4.0, 4.0, 4.0, 4.0, 4.0, 4.0, 4.0, 4.0, 4.0]
  Penalty costs p:  [25.0, 25.0, 25.0, 25.0, 25.0, 25.0, 25.0, 25.0, 25.0, 25.0, 25.0, 25.0, 25.0, 25.0, 25.0, 50.0, 50.0, 50.0, 50.0, 50.0, 50.0, 50.0, 50.0, 50.0, 50.0, 50.0, 50.0, 50.0, 50.0, 50.0, 100.0, 100.0, 100.0, 100.0, 100.0, 100.0, 100.0, 100.0, 100.0, 100.0, 100.0, 100.0, 100.0, 100.0, 100.0, 100.0, 100.0, 100.0, 100.0, 100.0]
============================================================

============================================================
TRAINING HYPERPARAMETERS
============================================================
Benchmark source: QS
Precision:        Float32
Batch size:       5000
Num intervals:    100
T horizon:        0.2
Num iterations:   40000
Learning rates:   [0.001, 0.0002, 0.0001, 1.0e-5, 1.0e-6]
LR steps:         [1, 5000, 10000, 20000, 30000]
Beta penalty:     [1.0, 10.0, 100.0, 1000.0, 10000.0, 100000.0]
Penalty steps:    [1, 2500, 5000, 7500, 10000, 20000]
Lambda rate:      5.88094210578942
S guess:          [[27.0, 28.0, 28.0, 28.0, 28.0, 28.0, 28.0, 28.0, 27.0, 28.0, 28.0, 28.0, 28.0, 28.0, 28.0, 16.0, 17.0, 16.0, 17.0, 16.0, 16.0, 16.0, 16.0, 16.0, 16.0, 16.0, 16.0, 16.0, 16.0, 17.0, 9.0, 9.0, 9.0, 9.0, 9.0, 9.0, 9.0, 9.0, 9.0, 9.0, 9.0, 9.0, 9.0, 9.0, 9.0, 9.0, 9.0, 9.0, 9.0, 9.0]]
Nu radius:        0.2
S distribution:   lognormal
Alpha factor:     0.0
Alpha js:         [0.0, 0.0, 0.0, 0.0, 0.0, 0.0, 0.0, 0.0, 0.0, 0.0, 0.0, 0.0, 0.0, 0.0, 0.0, 0.0, 0.0, 0.0, 0.0, 0.0, 0.0, 0.0, 0.0, 0.0, 0.0, 0.0, 0.0, 0.0, 0.0, 0.0, 0.0, 0.0, 0.0, 0.0, 0.0, 0.0, 0.0, 0.0, 0.0, 0.0, 0.0, 0.0, 0.0, 0.0, 0.0, 0.0, 0.0, 0.0, 0.0, 0.0]
Cost scaling:     0.01

Neural network architecture:
  Hidden layers:  4
  Width:          1000
  Activation:     elu

Optimization parameters:
  Start factor:   1.0
  Lower factor:   0.5
  Upper factor:   1.5
  Sim runs:       10
  Sim horizon:    5000
  Epsilons:       [-1.25, -2.5, -5.0, -7.5, -10.0, -12.5, -15.0, -20.0, -25.0, -30.0, -40.0, -50.0, -75.0, -100.0]
============================================================

Gradient network G (∇V):
Chain(
  Dense(50 => 1000, elu),               # 51_000 parameters
  Dense(1000 => 1000, elu),             # 1_001_000 parameters
  Dense(1000 => 1000, elu),             # 1_001_000 parameters
  Dense(1000 => 1000, elu),             # 1_001_000 parameters
  Dense(1000 => 50),                    # 50_050 parameters
)                   # Total: 10 arrays, 3_104_050 parameters, 1.562 KiB.

Value network H (V):
Chain(
  Dense(50 => 1000, elu),               # 51_000 parameters
  Dense(1000 => 1000, elu),             # 1_001_000 parameters
  Dense(1000 => 1000, elu),             # 1_001_000 parameters
  Dense(1000 => 1000, elu),             # 1_001_000 parameters
  Dense(1000 => 1),                     # 1_001 parameters
)                   # Total: 10 arrays, 3_055_001 parameters, 1.562 KiB.


============================================================
Starting neural network training...
============================================================

Starting training with steady-state sampler:
-----------------------------------------
Epoch: 1; Penalty β updated to: 1.0
-----------------------------------------
─── Device check ───
  x_tn: CuArray{Float32} (50, 100, 5000)
  dB: CuArray{Float32} (50, 100, 5000)
  dU: CuArray{Float32} (50, 100, 5000)
  exponentials: CuArray{Float32} (1, 100)
  loss_dB: CuArray{Float32} (1, 5000)
  loss_df: CuArray{Float32} (1, 5000)
  loss_dU: CuArray{Float32} (1, 5000)
  H_x0: CuArray{Float32} (1, 5000)
  H_xT: CuArray{Float32} (1, 5000)
  penalties: CuArray{Float32} (1, 5000)
────────────────────
Epoch: 1; Computation time: 62.551083821; Current value of V(0): 0.0
Lagrangian objective: 2.489951e6; Average H(x0): 0.0; Quantile-hedge α(β): 50.14000000000001
Simulation time per epoch: 11.453666222; Gradient computation time: 38.805904691; Testing time: 11.471781937
Epoch: 1000; Computation time: 400.671133719; Current value of V(0): -1513.3256912231445
Lagrangian objective: -2763.8608; Average H(x0): 5526.886; Quantile-hedge α(β): 6.859999999999999
Simulation time per epoch: 0.073801754; Gradient computation time: 0.181375113; Testing time: 0.083296451
Epoch: 2000; Computation time: 738.954519127; Current value of V(0): -741.4206981658936
Lagrangian objective: -3465.0337; Average H(x0): 6116.2393; Quantile-hedge α(β): 0.6800000000000028
Simulation time per epoch: 0.073975898; Gradient computation time: 0.181376122; Testing time: 0.083201675
-----------------------------------------
Epoch: 2500; Penalty β updated to: 10.0
-----------------------------------------
Epoch: 3000; Computation time: 1076.996540333; Current value of V(0): -34579.51354980469
Lagrangian objective: -208.94337; Average H(x0): 376.26385; Quantile-hedge α(β): 77.03999999999999
Simulation time per epoch: 0.073935371; Gradient computation time: 0.180623472; Testing time: 0.083013017
Epoch: 4000; Computation time: 1414.828098437; Current value of V(0): -44298.699951171875
Lagrangian objective: -1081.0898; Average H(x0): 1373.5272; Quantile-hedge α(β): 24.9
Simulation time per epoch: 0.073909344; Gradient computation time: 0.180407991; Testing time: 0.082994827
-----------------------------------------
Epoch: 5000; Penalty β updated to: 100.0
-----------------------------------------
Epoch: 5000; Computation time: 1752.206278576; Current value of V(0): -45418.621826171875
Lagrangian objective: 2688.8022; Average H(x0): 1506.5054; Quantile-hedge α(β): 17.84
Simulation time per epoch: 0.073905392; Gradient computation time: 0.180314891; Testing time: 0.082964897
Epoch: 6000; Computation time: 2089.565263562; Current value of V(0): -37715.386962890625
Lagrangian objective: -789.585; Average H(x0): 914.3271; Quantile-hedge α(β): 62.72
Simulation time per epoch: 0.073966015; Gradient computation time: 0.180101675; Testing time: 0.083047921
Epoch: 7000; Computation time: 2426.879850032; Current value of V(0): -37727.001953125
Lagrangian objective: -817.64374; Average H(x0): 926.3537; Quantile-hedge α(β): 61.53999999999999
Simulation time per epoch: 0.074013564; Gradient computation time: 0.18027032; Testing time: 0.082993222
-----------------------------------------
Epoch: 7500; Penalty β updated to: 1000.0
-----------------------------------------
Epoch: 8000; Computation time: 2764.269299236; Current value of V(0): -20608.419799804688
Lagrangian objective: -284.9318; Average H(x0): 289.55002; Quantile-hedge α(β): 99.66000000000001
Simulation time per epoch: 0.07396859; Gradient computation time: 0.180520947; Testing time: 0.082898667
Epoch: 9000; Computation time: 3101.682451457; Current value of V(0): -23739.19219970703
Lagrangian objective: -569.6802; Average H(x0): 587.34515; Quantile-hedge α(β): 98.1
Simulation time per epoch: 0.073932199; Gradient computation time: 0.180258295; Testing time: 0.082899521
-----------------------------------------
Epoch: 10000; Penalty β updated to: 10000.0
-----------------------------------------
Epoch: 10000; Computation time: 3439.118460343; Current value of V(0): -25026.6845703125
Lagrangian objective: -358.2351; Average H(x0): 741.2534; Quantile-hedge α(β): 92.92
Simulation time per epoch: 0.074011105; Gradient computation time: 0.180316538; Testing time: 0.082934301
Epoch: 11000; Computation time: 3776.460554062; Current value of V(0): -17354.196166992188
Lagrangian objective: -397.73355; Average H(x0): 398.96555; Quantile-hedge α(β): 99.92
Simulation time per epoch: 0.07394218; Gradient computation time: 0.180741048; Testing time: 0.083057351
Epoch: 12000; Computation time: 4113.806645071; Current value of V(0): -18164.122009277344
Lagrangian objective: -504.6811; Average H(x0): 519.3035; Quantile-hedge α(β): 99.7
Simulation time per epoch: 0.073891903; Gradient computation time: 0.180618944; Testing time: 0.083146614
Epoch: 13000; Computation time: 4451.139853483; Current value of V(0): -18595.379638671875
Lagrangian objective: -592.8671; Average H(x0): 626.2374; Quantile-hedge α(β): 98.96000000000001
Simulation time per epoch: 0.073912414; Gradient computation time: 0.180402301; Testing time: 0.08297315
Epoch: 14000; Computation time: 4788.427158165; Current value of V(0): -17699.01885986328
Lagrangian objective: -589.3107; Average H(x0): 650.20306; Quantile-hedge α(β): 98.72
Simulation time per epoch: 0.074103446; Gradient computation time: 0.180241323; Testing time: 0.082939936
Epoch: 15000; Computation time: 5125.725347211; Current value of V(0): -16771.701049804688
Lagrangian objective: -622.22327; Average H(x0): 649.5664; Quantile-hedge α(β): 98.8
Simulation time per epoch: 0.073999308; Gradient computation time: 0.180357263; Testing time: 0.08294209
Epoch: 16000; Computation time: 5463.028858407; Current value of V(0): -15364.498901367188
Lagrangian objective: -602.1713; Average H(x0): 612.7283; Quantile-hedge α(β): 99.4
Simulation time per epoch: 0.074090138; Gradient computation time: 0.180272187; Testing time: 0.082965377
Epoch: 17000; Computation time: 5800.322570688; Current value of V(0): -4274.235153198242
Lagrangian objective: -359.54208; Average H(x0): 360.51413; Quantile-hedge α(β): 99.92
Simulation time per epoch: 0.074073525; Gradient computation time: 0.180377521; Testing time: 0.082977688
Epoch: 18000; Computation time: 6137.591878577; Current value of V(0): -4369.9066162109375
Lagrangian objective: -622.9316; Average H(x0): 654.2494; Quantile-hedge α(β): 98.94
Simulation time per epoch: 0.073887018; Gradient computation time: 0.180238744; Testing time: 0.08305612
Epoch: 19000; Computation time: 6474.902521321; Current value of V(0): -3728.277587890625
Lagrangian objective: -637.7129; Average H(x0): 685.2295; Quantile-hedge α(β): 98.32
Simulation time per epoch: 0.073975125; Gradient computation time: 0.1802407; Testing time: 0.083026067
-----------------------------------------
Epoch: 20000; Penalty β updated to: 100000.0
-----------------------------------------
Epoch: 20000; Computation time: 6812.186385404; Current value of V(0): -3135.086441040039
Lagrangian objective: -417.97882; Average H(x0): 691.4338; Quantile-hedge α(β): 98.44000000000001
Simulation time per epoch: 0.074015734; Gradient computation time: 0.181179792; Testing time: 0.082861139
Epoch: 21000; Computation time: 7149.559431532; Current value of V(0): -2707.6183319091797
Lagrangian objective: -613.2255; Average H(x0): 626.8422; Quantile-hedge α(β): 99.83999999999999
Simulation time per epoch: 0.074127636; Gradient computation time: 0.180107329; Testing time: 0.082905349
Epoch: 22000; Computation time: 7486.833981138; Current value of V(0): -2543.6450958251953
Lagrangian objective: -557.74896; Average H(x0): 614.39935; Quantile-hedge α(β): 99.76
Simulation time per epoch: 0.07395232; Gradient computation time: 0.180274319; Testing time: 0.082909766
Epoch: 23000; Computation time: 7824.092968118; Current value of V(0): -2422.052574157715
Lagrangian objective: -542.0386; Average H(x0): 610.3661; Quantile-hedge α(β): 99.66000000000001
Simulation time per epoch: 0.073949646; Gradient computation time: 0.180228386; Testing time: 0.083014449
Epoch: 24000; Computation time: 8161.360214813; Current value of V(0): -2175.8100509643555
Lagrangian objective: -562.1957; Average H(x0): 591.4699; Quantile-hedge α(β): 99.76
Simulation time per epoch: 0.074098711; Gradient computation time: 0.180286353; Testing time: 0.082900568
Epoch: 25000; Computation time: 8498.63596004; Current value of V(0): -1757.1226119995117
Lagrangian objective: -311.42694; Average H(x0): 563.736; Quantile-hedge α(β): 99.4
Simulation time per epoch: 0.073950826; Gradient computation time: 0.180381808; Testing time: 0.082851315
Epoch: 26000; Computation time: 8835.890243637; Current value of V(0): -1407.1945190429688
Lagrangian objective: -545.0983; Average H(x0): 546.7671; Quantile-hedge α(β): 99.96000000000001
Simulation time per epoch: 0.073978482; Gradient computation time: 0.180147876; Testing time: 0.083021498
Epoch: 27000; Computation time: 9173.183516727; Current value of V(0): -777.7978897094727
Lagrangian objective: -495.9831; Average H(x0): 506.3961; Quantile-hedge α(β): 99.98
Simulation time per epoch: 0.073960887; Gradient computation time: 0.180479154; Testing time: 0.083004335
Epoch: 28000; Computation time: 9510.401701403; Current value of V(0): -946.6100692749023
Lagrangian objective: 1319.0975; Average H(x0): 533.4821; Quantile-hedge α(β): 98.04
Simulation time per epoch: 0.074132698; Gradient computation time: 0.180246511; Testing time: 0.082847534
Epoch: 29000; Computation time: 9847.638605762; Current value of V(0): -1016.495418548584
Lagrangian objective: -507.3395; Average H(x0): 547.9363; Quantile-hedge α(β): 99.88
Simulation time per epoch: 0.074047242; Gradient computation time: 0.180307428; Testing time: 0.082989986
Epoch: 30000; Computation time: 10184.895419612; Current value of V(0): -862.6033782958984
Lagrangian objective: -535.4551; Average H(x0): 544.8442; Quantile-hedge α(β): 99.86
Simulation time per epoch: 0.073981445; Gradient computation time: 0.18013079; Testing time: 0.083003671
Epoch: 31000; Computation time: 10522.153197965; Current value of V(0): -950.8313179016113
Lagrangian objective: -540.6936; Average H(x0): 555.50446; Quantile-hedge α(β): 99.98
Simulation time per epoch: 0.073941061; Gradient computation time: 0.18031852; Testing time: 0.082920278
Epoch: 32000; Computation time: 10859.470350145; Current value of V(0): -1093.876552581787
Lagrangian objective: -566.0243; Average H(x0): 570.968; Quantile-hedge α(β): 99.98
Simulation time per epoch: 0.073925783; Gradient computation time: 0.18069926; Testing time: 0.082932212
Epoch: 33000; Computation time: 11196.740582514; Current value of V(0): -1230.0894737243652
Lagrangian objective: -583.0162; Average H(x0): 583.2137; Quantile-hedge α(β): 99.98
Simulation time per epoch: 0.07394721; Gradient computation time: 0.180325183; Testing time: 0.082869306
Epoch: 34000; Computation time: 11534.088433703; Current value of V(0): -1400.2775192260742
Lagrangian objective: -595.45715; Average H(x0): 598.37976; Quantile-hedge α(β): 99.92
Simulation time per epoch: 0.074138102; Gradient computation time: 0.180139098; Testing time: 0.082883968
Epoch: 35000; Computation time: 11871.298370472; Current value of V(0): -1527.314853668213
Lagrangian objective: -603.92926; Average H(x0): 609.5758; Quantile-hedge α(β): 99.92
Simulation time per epoch: 0.074178261; Gradient computation time: 0.180295352; Testing time: 0.082877592
Epoch: 36000; Computation time: 12208.50226846; Current value of V(0): -1606.0590744018555
Lagrangian objective: -602.7474; Average H(x0): 618.2809; Quantile-hedge α(β): 99.83999999999999
Simulation time per epoch: 0.073948623; Gradient computation time: 0.180135095; Testing time: 0.082972684
Epoch: 37000; Computation time: 12545.711211732; Current value of V(0): -1711.8343353271484
Lagrangian objective: -605.7407; Average H(x0): 627.9757; Quantile-hedge α(β): 99.8
Simulation time per epoch: 0.073982941; Gradient computation time: 0.180164403; Testing time: 0.082972331
Epoch: 38000; Computation time: 12882.940142419; Current value of V(0): -1740.8464431762695
Lagrangian objective: -613.08594; Average H(x0): 631.6264; Quantile-hedge α(β): 99.86
Simulation time per epoch: 0.07395729; Gradient computation time: 0.180315553; Testing time: 0.082836785
Epoch: 39000; Computation time: 13220.473389518; Current value of V(0): -1767.9059982299805
Lagrangian objective: -634.4529; Average H(x0): 636.0573; Quantile-hedge α(β): 99.94
Simulation time per epoch: 0.073918236; Gradient computation time: 0.181116846; Testing time: 0.083211576
Epoch: 40000; Computation time: 13558.75732109; Current value of V(0): -1778.1038284301758
Lagrangian objective: -606.6604; Average H(x0): 638.0263; Quantile-hedge α(β): 99.68
Simulation time per epoch: 0.073672799; Gradient computation time: 0.181893774; Testing time: 0.083200697

Training completed in 13558.757534325 seconds
Final V(0): -1778.0876159667969

============================================================
Running policy evaluation...
============================================================


============================================================
INVENTORY PROBLEM (unscaled, weekly)
============================================================
Dimension:       50
Discount factor: 0.9990389236684376
Fixed cost:      250.0
Variable costs:  [0.1, 0.1, 0.1, 0.1, 0.1, 0.1, 0.1, 0.1, 0.1, 0.1, 0.1, 0.1, 0.1, 0.1, 0.1, 0.2, 0.2, 0.2, 0.2, 0.2, 0.2, 0.2, 0.2, 0.2, 0.2, 0.2, 0.2, 0.2, 0.2, 0.2, 0.4, 0.4, 0.4, 0.4, 0.4, 0.4, 0.4, 0.4, 0.4, 0.4, 0.4, 0.4, 0.4, 0.4, 0.4, 0.4, 0.4, 0.4, 0.4, 0.4]
Holding costs:   [0.019230769230769232, 0.019230769230769232, 0.019230769230769232, 0.019230769230769232, 0.019230769230769232, 0.019230769230769232, 0.019230769230769232, 0.019230769230769232, 0.019230769230769232, 0.019230769230769232, 0.019230769230769232, 0.019230769230769232, 0.019230769230769232, 0.019230769230769232, 0.019230769230769232, 0.038461538461538464, 0.038461538461538464, 0.038461538461538464, 0.038461538461538464, 0.038461538461538464, 0.038461538461538464, 0.038461538461538464, 0.038461538461538464, 0.038461538461538464, 0.038461538461538464, 0.038461538461538464, 0.038461538461538464, 0.038461538461538464, 0.038461538461538464, 0.038461538461538464, 0.07692307692307693, 0.07692307692307693, 0.07692307692307693, 0.07692307692307693, 0.07692307692307693, 0.07692307692307693, 0.07692307692307693, 0.07692307692307693, 0.07692307692307693, 0.07692307692307693, 0.07692307692307693, 0.07692307692307693, 0.07692307692307693, 0.07692307692307693, 0.07692307692307693, 0.07692307692307693, 0.07692307692307693, 0.07692307692307693, 0.07692307692307693, 0.07692307692307693]
Backlog costs:   [0.4807692307692308, 0.4807692307692308, 0.4807692307692308, 0.4807692307692308, 0.4807692307692308, 0.4807692307692308, 0.4807692307692308, 0.4807692307692308, 0.4807692307692308, 0.4807692307692308, 0.4807692307692308, 0.4807692307692308, 0.4807692307692308, 0.4807692307692308, 0.4807692307692308, 0.9615384615384616, 0.9615384615384616, 0.9615384615384616, 0.9615384615384616, 0.9615384615384616, 0.9615384615384616, 0.9615384615384616, 0.9615384615384616, 0.9615384615384616, 0.9615384615384616, 0.9615384615384616, 0.9615384615384616, 0.9615384615384616, 0.9615384615384616, 0.9615384615384616, 1.9230769230769231, 1.9230769230769231, 1.9230769230769231, 1.9230769230769231, 1.9230769230769231, 1.9230769230769231, 1.9230769230769231, 1.9230769230769231, 1.9230769230769231, 1.9230769230769231, 1.9230769230769231, 1.9230769230769231, 1.9230769230769231, 1.9230769230769231, 1.9230769230769231, 1.9230769230769231, 1.9230769230769231, 1.9230769230769231, 1.9230769230769231, 1.9230769230769231]
Demand dists:    DataType[Distributions.NegativeBinomial{Float64}, Distributions.NegativeBinomial{Float64}, Distributions.NegativeBinomial{Float64}, Distributions.NegativeBinomial{Float64}, Distributions.NegativeBinomial{Float64}, Distributions.NegativeBinomial{Float64}, Distributions.NegativeBinomial{Float64}, Distributions.NegativeBinomial{Float64}, Distributions.NegativeBinomial{Float64}, Distributions.NegativeBinomial{Float64}, Distributions.NegativeBinomial{Float64}, Distributions.NegativeBinomial{Float64}, Distributions.NegativeBinomial{Float64}, Distributions.NegativeBinomial{Float64}, Distributions.NegativeBinomial{Float64}, Distributions.NegativeBinomial{Float64}, Distributions.NegativeBinomial{Float64}, Distributions.NegativeBinomial{Float64}, Distributions.NegativeBinomial{Float64}, Distributions.NegativeBinomial{Float64}, Distributions.NegativeBinomial{Float64}, Distributions.NegativeBinomial{Float64}, Distributions.NegativeBinomial{Float64}, Distributions.NegativeBinomial{Float64}, Distributions.NegativeBinomial{Float64}, Distributions.NegativeBinomial{Float64}, Distributions.NegativeBinomial{Float64}, Distributions.NegativeBinomial{Float64}, Distributions.NegativeBinomial{Float64}, Distributions.NegativeBinomial{Float64}, Distributions.NegativeBinomial{Float64}, Distributions.NegativeBinomial{Float64}, Distributions.NegativeBinomial{Float64}, Distributions.NegativeBinomial{Float64}, Distributions.NegativeBinomial{Float64}, Distributions.NegativeBinomial{Float64}, Distributions.NegativeBinomial{Float64}, Distributions.NegativeBinomial{Float64}, Distributions.NegativeBinomial{Float64}, Distributions.NegativeBinomial{Float64}, Distributions.NegativeBinomial{Float64}, Distributions.NegativeBinomial{Float64}, Distributions.NegativeBinomial{Float64}, Distributions.NegativeBinomial{Float64}, Distributions.NegativeBinomial{Float64}, Distributions.NegativeBinomial{Float64}, Distributions.NegativeBinomial{Float64}, Distributions.NegativeBinomial{Float64}, Distributions.NegativeBinomial{Float64}, Distributions.NegativeBinomial{Float64}]
Demand means:    [0.9615384615384615, 0.9615384615384615, 0.9615384615384615, 0.9615384615384615, 0.9615384615384615, 0.9615384615384615, 0.9615384615384615, 0.9615384615384615, 0.9615384615384615, 0.9615384615384615, 0.9615384615384615, 0.9615384615384615, 0.9615384615384615, 0.9615384615384615, 0.9615384615384615, 0.4807692307692307, 0.4807692307692307, 0.4807692307692307, 0.4807692307692307, 0.4807692307692307, 0.4807692307692307, 0.4807692307692307, 0.4807692307692307, 0.4807692307692307, 0.4807692307692307, 0.4807692307692307, 0.4807692307692307, 0.4807692307692307, 0.4807692307692307, 0.4807692307692307, 0.2403846153846154, 0.2403846153846154, 0.2403846153846154, 0.2403846153846154, 0.2403846153846154, 0.2403846153846154, 0.2403846153846154, 0.2403846153846154, 0.2403846153846154, 0.2403846153846154, 0.2403846153846154, 0.2403846153846154, 0.2403846153846154, 0.2403846153846154, 0.2403846153846154, 0.2403846153846154, 0.2403846153846154, 0.2403846153846154, 0.2403846153846154, 0.2403846153846154]
============================================================

==================================================
Computing order-up-to vector via :solve_inf
==================================================

Method: solve_inf
Final objective: 632.8649551156225
z*: [14.953709915674828, 14.685955873234784, 14.55754006127255, 16.79549159723133, 14.87797419016029, 22.100313286451744, 19.40167308995295, 15.15455839062369, 13.5, 17.325971402272764, 14.0, 14.0, 14.0, 14.0, 14.0, 9.979637138435399, 8.5, 8.0, 8.5, 8.0, 8.0, 8.0, 8.0, 8.0, 8.0, 8.0, 11.288123644342955, 8.0, 8.0, 8.5, 4.5, 4.5, 4.5, 4.5, 4.5, 4.5, 4.5, 4.5, 4.5, 4.5, 4.5, 4.5, 4.5, 4.5, 4.5, 4.5, 4.5, 4.5, 4.5, 4.5]
Intervention value: -653.145724463767

==================================================
Computing order-up-to vector via :find_stationary
==================================================

Method: find_stationary
Final residual: 0.04649510402694709
z*: [27.000003196153557, 28.000002515542747, 27.999994651849647, 28.00000390678224, 28.000013880593542, 28.000002583074775, 28.000005577164302, 28.00000205663605, 27.00000845082741, 28.00000245981073, 28.000007342088793, 27.99999250490646, 27.999989342646586, 28.00000482237556, 28.000006375215435, 15.999998173235326, 16.9999962635502, 16.00000356812484, 16.999997616533392, 16.000008970447197, 15.999999453580244, 16.00000052688563, 15.999992949631178, 15.999997413799974, 15.999999844845092, 16.00000004736603, 15.99999869547355, 15.999998816117568, 16.000001416546866, 16.999999081567466, 9.00000793844356, 8.999996239450411, 8.999998380980742, 9.000006746017789, 8.999989777394148, 9.000004888514923, 9.000002139289336, 8.999996358973931, 8.999999809850465, 8.999999409137672, 9.000003483847195, 9.00000253743724, 9.000002216984058, 8.999996706808815, 9.000006709196896, 9.000004624043868, 8.999994906153006, 8.999991090426192, 8.999993038270077, 9.000002617533482]
Intervention value: -661.5964197625856

==================================================
Summary:
  solve_inf:       z* = [15, 15, 15, 17, 15, 22, 19, 15, 14, 17, 14, 14, 14, 14, 14, 10, 8, 8, 8, 8, 8, 8, 8, 8, 8, 8, 11, 8, 8, 8, 4, 4, 4, 4, 4, 4, 4, 4, 4, 4, 4, 4, 4, 4, 4, 4, 4, 4, 4, 4]
  find_stationary: z* = [27, 28, 28, 28, 28, 28, 28, 28, 27, 28, 28, 28, 28, 28, 28, 16, 17, 16, 17, 16, 16, 16, 16, 16, 16, 16, 16, 16, 16, 17, 9, 9, 9, 9, 9, 9, 9, 9, 9, 9, 9, 9, 9, 9, 9, 9, 9, 9, 9, 9]
==================================================

============================================================
Evaluating method: solve_inf
============================================================

----------------------------------------
Evaluating ε = -1.25
----------------------------------------
Mean cost: 93540.86727873729 ± 454.01126200971515
  Inventory costs: 42927.07623572234
  Variable costs:  5026.360669950808
  Fixed costs:     45587.430373063995
  Simulation time: 474.3s

----------------------------------------
Evaluating ε = -2.5
----------------------------------------
Mean cost: 93470.81372444869 ± 495.93671901602596
  Inventory costs: 43638.04642501882
  Variable costs:  5027.856263216064
  Fixed costs:     44804.91103621388
  Simulation time: 495.5s

----------------------------------------
Evaluating ε = -5.0
----------------------------------------
Mean cost: 91511.07903288472 ± 608.2283489238355
  Inventory costs: 44084.070733227854
  Variable costs:  4963.441944912449
  Fixed costs:     42463.56635474426
  Simulation time: 523.6s

----------------------------------------
Evaluating ε = -7.5
----------------------------------------
Mean cost: 91919.16447899825 ± 759.6685428936473
  Inventory costs: 45683.54788031791
  Variable costs:  5035.334924196222
  Fixed costs:     41200.2816744841
  Simulation time: 530.9s

----------------------------------------
Evaluating ε = -10.0
----------------------------------------
Mean cost: 91795.16530607294 ± 532.061664149969
  Inventory costs: 47311.92166875834
  Variable costs:  5029.248356509563
  Fixed costs:     39453.995280805124
  Simulation time: 545.9s

----------------------------------------
Evaluating ε = -12.5
----------------------------------------
Mean cost: 91536.1208350051 ± 632.4231020310676
  Inventory costs: 48467.29234929266
  Variable costs:  5039.612484335639
  Fixed costs:     38029.21600137657
  Simulation time: 538.8s

----------------------------------------
Evaluating ε = -15.0
----------------------------------------
Mean cost: 91844.82920880595 ± 609.0299362294554
  Inventory costs: 50441.53888254611
  Variable costs:  5043.847379703583
  Fixed costs:     36359.44294655624
  Simulation time: 540.7s

----------------------------------------
Evaluating ε = -20.0
----------------------------------------
Mean cost: 91803.417285547 ± 519.0064870531728
  Inventory costs: 53870.274973840416
  Variable costs:  5007.121379106889
  Fixed costs:     32926.02093259965
  Simulation time: 530.6s

----------------------------------------
Evaluating ε = -25.0
----------------------------------------
Mean cost: 93705.32945338375 ± 413.921965483418
  Inventory costs: 58177.79140109825
  Variable costs:  5017.657390991384
  Fixed costs:     30509.880661294206
  Simulation time: 534.4s

----------------------------------------
Evaluating ε = -30.0
----------------------------------------
Mean cost: 95701.44445718266 ± 421.94521652385765
  Inventory costs: 62704.4169861302
  Variable costs:  5020.805655458546
  Fixed costs:     27976.221815593988
  Simulation time: 540.0s

----------------------------------------
Evaluating ε = -40.0
----------------------------------------
Mean cost: 102307.57370452155 ± 484.07806026918234
  Inventory costs: 73024.11008062275
  Variable costs:  5074.687285339171
  Fixed costs:     24208.776338559645
  Simulation time: 527.2s

----------------------------------------
Evaluating ε = -50.0
----------------------------------------
Mean cost: 107738.4934506702 ± 692.2262540654679
  Inventory costs: 81814.74399828115
  Variable costs:  4972.607729731844
  Fixed costs:     20951.1417226571
  Simulation time: 544.5s

----------------------------------------
Evaluating ε = -75.0
----------------------------------------
Mean cost: 127313.4509960595 ± 404.6205520506013
  Inventory costs: 105421.99661806133
  Variable costs:  5087.10421852542
  Fixed costs:     16804.350159472775
  Simulation time: 525.0s

----------------------------------------
Evaluating ε = -100.0
----------------------------------------
Mean cost: 148807.47602931556 ± 700.7719602174723
  Inventory costs: 130182.36202091358
  Variable costs:  4993.185905846024
  Fixed costs:     13631.928102555967
  Simulation time: 544.3s

==================================================
Best epsilon: -5.0 with cost: 91511.07903288472 ± 608.2283489238355
==================================================

============================================================
Evaluating method: find_stationary
============================================================

----------------------------------------
Evaluating ε = -1.25
----------------------------------------
Mean cost: 93690.05227012374 ± 639.0403082565584
  Inventory costs: 40401.58041605778
  Variable costs:  5106.895084191292
  Fixed costs:     48181.576769874584
  Simulation time: 547.2s

----------------------------------------
Evaluating ε = -2.5
----------------------------------------
Mean cost: 92826.82465969297 ± 718.7120836044006
  Inventory costs: 41482.806415566694
  Variable costs:  5148.492435965507
  Fixed costs:     46195.525808160644
  Simulation time: 537.5s

----------------------------------------
Evaluating ε = -5.0
----------------------------------------
Mean cost: 89239.50572555957 ± 439.04635897108295
  Inventory costs: 43223.407057198885
  Variable costs:  5130.202530433134
  Fixed costs:     40885.89613792752
  Simulation time: 544.2s

----------------------------------------
Evaluating ε = -7.5
----------------------------------------
Mean cost: 86818.23212349332 ± 499.73576878157616
  Inventory costs: 45010.60715923329
  Variable costs:  5074.06042497226
  Fixed costs:     36733.56453928778
  Simulation time: 536.8s

----------------------------------------
Evaluating ε = -10.0
----------------------------------------
Mean cost: 85908.43997583106 ± 502.71398382989486
  Inventory costs: 47290.11649699878
  Variable costs:  5093.43819503382
  Fixed costs:     33524.885283798416
  Simulation time: 542.2s

----------------------------------------
Evaluating ε = -12.5
----------------------------------------
Mean cost: 86109.22408967838 ± 406.4734509619476
  Inventory costs: 49426.422991694104
  Variable costs:  5140.883994877817
  Fixed costs:     31541.917103106367
  Simulation time: 539.5s

----------------------------------------
Evaluating ε = -15.0
----------------------------------------
Mean cost: 84526.95494901696 ± 409.8014659173012
  Inventory costs: 51367.93182653257
  Variable costs:  5027.931161268343
  Fixed costs:     28131.091961215898
  Simulation time: 552.7s

----------------------------------------
Evaluating ε = -20.0
----------------------------------------
Mean cost: 86284.50701997598 ± 297.34827490863495
  Inventory costs: 56033.28560949742
  Variable costs:  5106.478030472149
  Fixed costs:     25144.743380006486
  Simulation time: 540.7s

----------------------------------------
Evaluating ε = -25.0
----------------------------------------
Mean cost: 87440.35306238748 ± 372.79284163443765
  Inventory costs: 60165.91797852654
  Variable costs:  5021.477233391086
  Fixed costs:     22252.957850469953
  Simulation time: 535.2s

----------------------------------------
Evaluating ε = -30.0
----------------------------------------
Mean cost: 90517.4465640882 ± 310.9014693226443
  Inventory costs: 64804.921944635265
  Variable costs:  5102.853148833661
  Fixed costs:     20609.67147061922
  Simulation time: 525.8s

----------------------------------------
Evaluating ε = -40.0
----------------------------------------
Mean cost: 95720.46572559088 ± 368.1766312178485
  Inventory costs: 73472.18904716379
  Variable costs:  5049.697058172936
  Fixed costs:     17198.579620254175
  Simulation time: 538.8s

----------------------------------------
Evaluating ε = -50.0
----------------------------------------
Mean cost: 102890.38129016708 ± 649.7727329569951
  Inventory costs: 82684.98730347605
  Variable costs:  5062.305440406637
  Fixed costs:     15143.088546284427
  Simulation time: 537.9s

----------------------------------------
Evaluating ε = -75.0
----------------------------------------
Mean cost: 122525.97390290175 ± 423.24497468372317
  Inventory costs: 105370.63857993996
  Variable costs:  5129.044428813302
  Fixed costs:     12026.290894148535
  Simulation time: 518.8s

----------------------------------------
Evaluating ε = -100.0
----------------------------------------
Mean cost: 142553.47213741843 ± 1024.4190706813893
  Inventory costs: 127613.57211876893
  Variable costs:  5054.220793206392
  Fixed costs:     9885.679225443033
  Simulation time: 485.6s

==================================================
Best epsilon: -15.0 with cost: 84526.95494901696 ± 409.8014659173012
==================================================
Skipping save for solve_inf: existing cost 86472.45787137409 <= new cost 91511.07903288472
Skipping save for find_stationary: existing cost 84349.47223881047 <= new cost 84526.95494901696

============================================================
FINAL RESULTS SUMMARY
============================================================

Method: solve_inf
  Order-up-to vector: [15, 15, 15, 17, 15, 22, 19, 15, 14, 17, 14, 14, 14, 14, 14, 10, 8, 8, 8, 8, 8, 8, 8, 8, 8, 8, 11, 8, 8, 8, 4, 4, 4, 4, 4, 4, 4, 4, 4, 4, 4, 4, 4, 4, 4, 4, 4, 4, 4, 4]
  Best epsilon: -5.0
  Best cost: 91511.07903288472 ± 608.2283489238355

Method: find_stationary
  Order-up-to vector: [27, 28, 28, 28, 28, 28, 28, 28, 27, 28, 28, 28, 28, 28, 28, 16, 17, 16, 17, 16, 16, 16, 16, 16, 16, 16, 16, 16, 16, 17, 9, 9, 9, 9, 9, 9, 9, 9, 9, 9, 9, 9, 9, 9, 9, 9, 9, 9, 9, 9]
  Best epsilon: -15.0
  Best cost: 84526.95494901696 ± 409.8014659173012

============================================================
Complete! Per-method results saved to:
  output/nn_training/results_50D_CaseHH_solve_inf.json
  output/nn_training/results_50D_CaseHH_find_stationary.json
============================================================

  Activating project at `~/DeepSJRP`
[ Info:  started timer at: 2026-04-29T10:47:18.572
┌ Warning: Layer with Float32 parameters got Float64 input.
│   The input will be converted, but any earlier layers may be very slow.
│   layer = Dense(50 => 1000, elu)  # 51_000 parameters
│   summary(x) = "50-element Vector{Float64}"
└ @ Flux ~/.julia/packages/Flux/DZYiO/src/layers/stateless.jl:60
RUNNING THE L-BFGS-B CODE

           * * *

Machine precision = 2.220D-16
 N =           50     M =           10

At X0         0 variables are exactly at the bounds

At iterate    0    f=  6.41316D+02    |proj g|=  1.89005D-02

At iterate    1    f=  6.41312D+02    |proj g|=  1.90005D-02
  ys=-1.789E-05  -gs= 3.869E-03 BFGS update SKIPPED

At iterate    2    f=  6.40999D+02    |proj g|=  1.52020D-02

At iterate    3    f=  6.40316D+02    |proj g|=  2.13690D-02

At iterate    4    f=  6.40188D+02    |proj g|=  2.10932D-02

At iterate    5    f=  6.39803D+02    |proj g|=  4.00550D-02
  ys=-1.554E-01  -gs= 2.962E-01 BFGS update SKIPPED

At iterate    6    f=  6.39377D+02    |proj g|=  3.62796D-02

At iterate    7    f=  6.38154D+02    |proj g|=  5.74643D-02
  ys=-1.931E-01  -gs= 1.277E+00 BFGS update SKIPPED

At iterate    8    f=  6.36737D+02    |proj g|=  5.99386D-02

At iterate    9    f=  6.35065D+02    |proj g|=  3.84281D-02

At iterate   10    f=  6.33273D+02    |proj g|=  3.47543D-02

At iterate   11    f=  6.33025D+02    |proj g|=  2.25561D-02

At iterate   12    f=  6.32865D+02    |proj g|=  9.69570D-03

           * * *

Tit   = total number of iterations
Tnf   = total number of function evaluations
Tnint = total number of segments explored during Cauchy searches
Skip  = number of BFGS updates skipped
Nact  = number of active bounds at final generalized Cauchy point
Projg = norm of the final projected gradient
F     = final function value

           * * *

   N    Tit     Tnf  Tnint  Skip  Nact     Projg        F
   50     12     17     37     3    37   9.696D-03   6.329D+02
  F =   632.86495511562248     

CONVERGENCE: NORM_OF_PROJECTED_GRADIENT_<=_PGTOL            

 Cauchy                time 0.000E+00 seconds.
 Subspace minimization time 0.000E+00 seconds.
 Line search           time 2.148E-02 seconds.

 Total User time 2.406E+00 seconds.

RUNNING THE L-BFGS-B CODE

           * * *

Machine precision = 2.220D-16
 N =           50     M =           10

At X0         0 variables are exactly at the bounds

At iterate    0    f=  2.16180D-03    |proj g|=  1.38806D-05

At iterate    1    f=  2.16179D-03    |proj g|=  1.38805D-05

           * * *

Tit   = total number of iterations
Tnf   = total number of function evaluations
Tnint = total number of segments explored during Cauchy searches
Skip  = number of BFGS updates skipped
Nact  = number of active bounds at final generalized Cauchy point
Projg = norm of the final projected gradient
F     = final function value

           * * *

   N    Tit     Tnf  Tnint  Skip  Nact     Projg        F
   50      1      2      1     0     0   1.388D-05   2.162D-03
  F =   2.1617946984766319E-003

CONVERGENCE: REL_REDUCTION_OF_F_<=_FACTR*EPSMCH             

 Cauchy                time 0.000E+00 seconds.
 Subspace minimization time 0.000E+00 seconds.
 Line search           time 1.953E-03 seconds.

 Total User time 2.832E-01 seconds.

