
============================================================
DeepSJRP - Stochastic Joint Replenishment Problem Solver
============================================================
Instance: 50D_CaseHH
Options: Dict{Symbol, Any}(:beta_override => 1.0e6, :alpha_override => nothing, :device => :gpu, :nu_override => 0.8, :T_override => 0.2, :seed => 777)
============================================================

Device: CUDA GPU
CUDA toolchain: 
- runtime 12.8, local installation
- driver 580.126.16 for 13.2
- compiler 12.9

CUDA libraries: 
- CUBLAS: 12.8.4
- CURAND: 10.3.9
- CUFFT: 11.3.3
- CUSOLVER: 11.7.3
- CUSPARSE: 12.5.8
- CUPTI: 2025.1.1 (API 12.8.0)
- NVML: 13.0.0+580.126.16

Julia packages: 
- CUDA: 5.11.0
- GPUArrays: 11.4.1
- GPUCompiler: 1.9.1
- KernelAbstractions: 0.9.41
- CUDA_Driver_jll: 13.2.0+0
- CUDA_Compiler_jll: 0.4.2+0
- CUDA_Runtime_jll: 0.21.0+0
- CUDA_Runtime_Discovery: 1.0.0

Toolchain:
- Julia: 1.11.7
- LLVM: 16.0.6

Preferences:
- CUDA_Runtime_jll.version: local

1 device:
  0: NVIDIA H100 80GB HBM3 (sm_90, 79.175 GiB / 79.647 GiB available)
BLAS threads: 1
Julia threads: 10

Benchmark source: QS

============================================================
IMPULSE CONTROL PROBLEM (scaled, annual)
============================================================
Instance: 50D_CaseHH
Dimension: 50
Interest rate: 0.05
Cost scaling κ: 0.01

Drift μ (annual demand rates): [50.0, 50.0, 50.0, 50.0, 50.0, 50.0, 50.0, 50.0, 50.0, 50.0, 50.0, 50.0, 50.0, 50.0, 50.0, 25.0, 25.0, 25.0, 25.0, 25.0, 25.0, 25.0, 25.0, 25.0, 25.0, 25.0, 25.0, 25.0, 25.0, 25.0, 12.5, 12.5, 12.5, 12.5, 12.5, 12.5, 12.5, 12.5, 12.5, 12.5, 12.5, 12.5, 12.5, 12.5, 12.5, 12.5, 12.5, 12.5, 12.5, 12.5]
Covariance Σ diagonal: [2500.0, 2500.0, 2500.0, 2500.0, 2500.0, 2500.0, 2500.0, 2500.0, 2500.0, 2500.0, 2500.0, 2500.0, 2500.0, 2500.0, 2500.0, 625.0, 625.0, 625.0, 625.0, 625.0, 625.0, 625.0, 625.0, 625.0, 625.0, 625.0, 625.0, 625.0, 625.0, 625.0, 156.25, 156.25, 156.25, 156.25, 156.25, 156.25, 156.25, 156.25, 156.25, 156.25, 156.25, 156.25, 156.25, 156.25, 156.25, 156.25, 156.25, 156.25, 156.25, 156.25]

Scaled costs (× κ = 0.01):
  Fixed cost K:    2.5
  Variable costs c: [0.001, 0.001, 0.001, 0.001, 0.001, 0.001, 0.001, 0.001, 0.001, 0.001, 0.001, 0.001, 0.001, 0.001, 0.001, 0.002, 0.002, 0.002, 0.002, 0.002, 0.002, 0.002, 0.002, 0.002, 0.002, 0.002, 0.002, 0.002, 0.002, 0.002, 0.004, 0.004, 0.004, 0.004, 0.004, 0.004, 0.004, 0.004, 0.004, 0.004, 0.004, 0.004, 0.004, 0.004, 0.004, 0.004, 0.004, 0.004, 0.004, 0.004]
  Holding costs h:  [0.01, 0.01, 0.01, 0.01, 0.01, 0.01, 0.01, 0.01, 0.01, 0.01, 0.01, 0.01, 0.01, 0.01, 0.01, 0.02, 0.02, 0.02, 0.02, 0.02, 0.02, 0.02, 0.02, 0.02, 0.02, 0.02, 0.02, 0.02, 0.02, 0.02, 0.04, 0.04, 0.04, 0.04, 0.04, 0.04, 0.04, 0.04, 0.04, 0.04, 0.04, 0.04, 0.04, 0.04, 0.04, 0.04, 0.04, 0.04, 0.04, 0.04]
  Penalty costs p:  [0.25, 0.25, 0.25, 0.25, 0.25, 0.25, 0.25, 0.25, 0.25, 0.25, 0.25, 0.25, 0.25, 0.25, 0.25, 0.5, 0.5, 0.5, 0.5, 0.5, 0.5, 0.5, 0.5, 0.5, 0.5, 0.5, 0.5, 0.5, 0.5, 0.5, 1.0, 1.0, 1.0, 1.0, 1.0, 1.0, 1.0, 1.0, 1.0, 1.0, 1.0, 1.0, 1.0, 1.0, 1.0, 1.0, 1.0, 1.0, 1.0, 1.0]

Original costs (unscaled):
  Fixed cost K:    250.0
  Variable costs c: [0.1, 0.1, 0.1, 0.1, 0.1, 0.1, 0.1, 0.1, 0.1, 0.1, 0.1, 0.1, 0.1, 0.1, 0.1, 0.2, 0.2, 0.2, 0.2, 0.2, 0.2, 0.2, 0.2, 0.2, 0.2, 0.2, 0.2, 0.2, 0.2, 0.2, 0.4, 0.4, 0.4, 0.4, 0.4, 0.4, 0.4, 0.4, 0.4, 0.4, 0.4, 0.4, 0.4, 0.4, 0.4, 0.4, 0.4, 0.4, 0.4, 0.4]
  Holding costs h:  [1.0, 1.0, 1.0, 1.0, 1.0, 1.0, 1.0, 1.0, 1.0, 1.0, 1.0, 1.0, 1.0, 1.0, 1.0, 2.0, 2.0, 2.0, 2.0, 2.0, 2.0, 2.0, 2.0, 2.0, 2.0, 2.0, 2.0, 2.0, 2.0, 2.0, 4.0, 4.0, 4.0, 4.0, 4.0, 4.0, 4.0, 4.0, 4.0, 4.0, 4.0, 4.0, 4.0, 4.0, 4.0, 4.0, 4.0, 4.0, 4.0, 4.0]
  Penalty costs p:  [25.0, 25.0, 25.0, 25.0, 25.0, 25.0, 25.0, 25.0, 25.0, 25.0, 25.0, 25.0, 25.0, 25.0, 25.0, 50.0, 50.0, 50.0, 50.0, 50.0, 50.0, 50.0, 50.0, 50.0, 50.0, 50.0, 50.0, 50.0, 50.0, 50.0, 100.0, 100.0, 100.0, 100.0, 100.0, 100.0, 100.0, 100.0, 100.0, 100.0, 100.0, 100.0, 100.0, 100.0, 100.0, 100.0, 100.0, 100.0, 100.0, 100.0]
============================================================

============================================================
TRAINING HYPERPARAMETERS
============================================================
Benchmark source: QS
Precision:        Float32
Batch size:       5000
Num intervals:    100
T horizon:        0.2
Num iterations:   40000
Learning rates:   [0.001, 0.0002, 0.0001, 1.0e-5, 1.0e-6]
LR steps:         [1, 5000, 10000, 20000, 30000]
Beta penalty:     [1.0, 10.0, 100.0, 1000.0, 10000.0, 1.0e6]
Penalty steps:    [1, 2500, 5000, 7500, 10000, 20000]
Lambda rate:      5.88094210578942
S guess:          [[27.0, 28.0, 28.0, 28.0, 28.0, 28.0, 28.0, 28.0, 27.0, 28.0, 28.0, 28.0, 28.0, 28.0, 28.0, 16.0, 17.0, 16.0, 17.0, 16.0, 16.0, 16.0, 16.0, 16.0, 16.0, 16.0, 16.0, 16.0, 16.0, 17.0, 9.0, 9.0, 9.0, 9.0, 9.0, 9.0, 9.0, 9.0, 9.0, 9.0, 9.0, 9.0, 9.0, 9.0, 9.0, 9.0, 9.0, 9.0, 9.0, 9.0]]
Nu radius:        0.8
S distribution:   lognormal
Alpha factor:     0.0
Alpha js:         [0.0, 0.0, 0.0, 0.0, 0.0, 0.0, 0.0, 0.0, 0.0, 0.0, 0.0, 0.0, 0.0, 0.0, 0.0, 0.0, 0.0, 0.0, 0.0, 0.0, 0.0, 0.0, 0.0, 0.0, 0.0, 0.0, 0.0, 0.0, 0.0, 0.0, 0.0, 0.0, 0.0, 0.0, 0.0, 0.0, 0.0, 0.0, 0.0, 0.0, 0.0, 0.0, 0.0, 0.0, 0.0, 0.0, 0.0, 0.0, 0.0, 0.0]
Cost scaling:     0.01

Neural network architecture:
  Hidden layers:  4
  Width:          1000
  Activation:     elu

Optimization parameters:
  Start factor:   1.0
  Lower factor:   0.5
  Upper factor:   1.5
  Sim runs:       10
  Sim horizon:    5000
  Epsilons:       [-1.25, -2.5, -5.0, -7.5, -10.0, -12.5, -15.0, -20.0, -25.0, -30.0, -40.0, -50.0, -75.0, -100.0]
============================================================

Gradient network G (∇V):
Chain(
  Dense(50 => 1000, elu),               # 51_000 parameters
  Dense(1000 => 1000, elu),             # 1_001_000 parameters
  Dense(1000 => 1000, elu),             # 1_001_000 parameters
  Dense(1000 => 1000, elu),             # 1_001_000 parameters
  Dense(1000 => 50),                    # 50_050 parameters
)                   # Total: 10 arrays, 3_104_050 parameters, 1.562 KiB.

Value network H (V):
Chain(
  Dense(50 => 1000, elu),               # 51_000 parameters
  Dense(1000 => 1000, elu),             # 1_001_000 parameters
  Dense(1000 => 1000, elu),             # 1_001_000 parameters
  Dense(1000 => 1000, elu),             # 1_001_000 parameters
  Dense(1000 => 1),                     # 1_001 parameters
)                   # Total: 10 arrays, 3_055_001 parameters, 1.562 KiB.


============================================================
Starting neural network training...
============================================================

Starting training with steady-state sampler:
-----------------------------------------
Epoch: 1; Penalty β updated to: 1.0
-----------------------------------------
─── Device check ───
  x_tn: CuArray{Float32} (50, 100, 5000)
  dB: CuArray{Float32} (50, 100, 5000)
  dU: CuArray{Float32} (50, 100, 5000)
  exponentials: CuArray{Float32} (1, 100)
  loss_dB: CuArray{Float32} (1, 5000)
  loss_df: CuArray{Float32} (1, 5000)
  loss_dU: CuArray{Float32} (1, 5000)
  H_x0: CuArray{Float32} (1, 5000)
  H_xT: CuArray{Float32} (1, 5000)
  penalties: CuArray{Float32} (1, 5000)
────────────────────
Epoch: 1; Computation time: 64.00006492; Current value of V(0): 0.0
Lagrangian objective: 3.9202678e6; Average H(x0): 0.0; Quantile-hedge α(β): 50.56
Simulation time per epoch: 11.95794986; Gradient computation time: 39.353727478; Testing time: 11.858747564
Epoch: 1000; Computation time: 401.991658252; Current value of V(0): -1098.0862617492676
Lagrangian objective: -1394.3348; Average H(x0): 2636.1255; Quantile-hedge α(β): 34.56
Simulation time per epoch: 0.074167616; Gradient computation time: 0.181661679; Testing time: 0.082976608
Epoch: 2000; Computation time: 740.229354813; Current value of V(0): -2265.083122253418
Lagrangian objective: -3616.5977; Average H(x0): 6289.4604; Quantile-hedge α(β): 0.46000000000000485
Simulation time per epoch: 0.074123938; Gradient computation time: 0.180867041; Testing time: 0.082958173
-----------------------------------------
Epoch: 2500; Penalty β updated to: 10.0
-----------------------------------------
Epoch: 3000; Computation time: 1078.524399361; Current value of V(0): -4809.539413452148
Lagrangian objective: -115.8646; Average H(x0): 268.63785; Quantile-hedge α(β): 86.22
Simulation time per epoch: 0.074007642; Gradient computation time: 0.181277786; Testing time: 0.083055665
Epoch: 4000; Computation time: 1416.678761869; Current value of V(0): -10103.067016601562
Lagrangian objective: -1380.079; Average H(x0): 1744.7286; Quantile-hedge α(β): 12.980000000000002
Simulation time per epoch: 0.074284783; Gradient computation time: 0.180897736; Testing time: 0.08293753
-----------------------------------------
Epoch: 5000; Penalty β updated to: 100.0
-----------------------------------------
Epoch: 5000; Computation time: 1754.721091716; Current value of V(0): -10103.789520263672
Lagrangian objective: 2063.449; Average H(x0): 1745.807; Quantile-hedge α(β): 12.660000000000004
Simulation time per epoch: 0.074141577; Gradient computation time: 0.180970628; Testing time: 0.082946711
Epoch: 6000; Computation time: 2092.695897637; Current value of V(0): -7736.53564453125
Lagrangian objective: -1064.387; Average H(x0): 1169.3134; Quantile-hedge α(β): 59.86
Simulation time per epoch: 0.074280625; Gradient computation time: 0.180656232; Testing time: 0.082889865
Epoch: 7000; Computation time: 2430.204422139; Current value of V(0): -7136.6943359375
Lagrangian objective: -989.3502; Average H(x0): 1005.4282; Quantile-hedge α(β): 86.58
Simulation time per epoch: 0.074367064; Gradient computation time: 0.18053521; Testing time: 0.082815747
-----------------------------------------
Epoch: 7500; Penalty β updated to: 1000.0
-----------------------------------------
Epoch: 8000; Computation time: 2767.474606458; Current value of V(0): -3857.305908203125
Lagrangian objective: -226.00764; Average H(x0): 263.8746; Quantile-hedge α(β): 99.53999999999999
Simulation time per epoch: 0.073853009; Gradient computation time: 0.179086976; Testing time: 0.082471836
Epoch: 9000; Computation time: 3104.007637844; Current value of V(0): -4084.8731994628906
Lagrangian objective: -450.72495; Average H(x0): 460.27045; Quantile-hedge α(β): 99.36
Simulation time per epoch: 0.074199759; Gradient computation time: 0.181570815; Testing time: 0.083185298
-----------------------------------------
Epoch: 10000; Penalty β updated to: 10000.0
-----------------------------------------
Epoch: 10000; Computation time: 3442.568842102; Current value of V(0): -4141.563034057617
Lagrangian objective: -539.81573; Average H(x0): 813.6534; Quantile-hedge α(β): 97.7
Simulation time per epoch: 0.074125272; Gradient computation time: 0.181006432; Testing time: 0.083015378
Epoch: 11000; Computation time: 3779.356470918; Current value of V(0): -2533.6029052734375
Lagrangian objective: -232.8461; Average H(x0): 236.2272; Quantile-hedge α(β): 99.9
Simulation time per epoch: 0.0738148; Gradient computation time: 0.180205838; Testing time: 0.082554087
Epoch: 12000; Computation time: 4116.048342479; Current value of V(0): -2494.902229309082
Lagrangian objective: -257.41925; Average H(x0): 268.6747; Quantile-hedge α(β): 99.96000000000001
Simulation time per epoch: 0.073985542; Gradient computation time: 0.180445006; Testing time: 0.082606216
Epoch: 13000; Computation time: 4452.754169828; Current value of V(0): -2540.8363342285156
Lagrangian objective: -332.40216; Average H(x0): 332.92706; Quantile-hedge α(β): 99.94
Simulation time per epoch: 0.074033039; Gradient computation time: 0.180015155; Testing time: 0.082563247
Epoch: 14000; Computation time: 4789.27335279; Current value of V(0): -2526.694869995117
Lagrangian objective: -470.77084; Average H(x0): 472.8323; Quantile-hedge α(β): 99.9
Simulation time per epoch: 0.073838525; Gradient computation time: 0.17985498; Testing time: 0.082486117
Epoch: 15000; Computation time: 5125.838924869; Current value of V(0): -2428.456497192383
Lagrangian objective: -631.33234; Average H(x0): 713.90015; Quantile-hedge α(β): 98.92
Simulation time per epoch: 0.07386745; Gradient computation time: 0.180219467; Testing time: 0.082553421
Epoch: 16000; Computation time: 5463.108736515; Current value of V(0): -2135.753631591797
Lagrangian objective: -770.8426; Average H(x0): 814.22687; Quantile-hedge α(β): 99.0
Simulation time per epoch: 0.074216166; Gradient computation time: 0.180991901; Testing time: 0.083069993
Epoch: 17000; Computation time: 5801.648157383; Current value of V(0): -1908.7709426879883
Lagrangian objective: -771.1872; Average H(x0): 821.0934; Quantile-hedge α(β): 99.08
Simulation time per epoch: 0.074194809; Gradient computation time: 0.181283346; Testing time: 0.083064031
Epoch: 18000; Computation time: 6140.218738241; Current value of V(0): -946.7437744140625
Lagrangian objective: -342.2795; Average H(x0): 356.73248; Quantile-hedge α(β): 99.88
Simulation time per epoch: 0.074257569; Gradient computation time: 0.181471378; Testing time: 0.08308435
Epoch: 19000; Computation time: 6478.824939005; Current value of V(0): -1047.9537963867188
Lagrangian objective: -661.22217; Average H(x0): 669.2747; Quantile-hedge α(β): 99.82
Simulation time per epoch: 0.074208064; Gradient computation time: 0.181454184; Testing time: 0.083108493
-----------------------------------------
Epoch: 20000; Penalty β updated to: 1.0e6
-----------------------------------------
Epoch: 20000; Computation time: 6817.448692709; Current value of V(0): -1138.1123542785645
Lagrangian objective: 3217.0938; Average H(x0): 821.3446; Quantile-hedge α(β): 99.0
Simulation time per epoch: 0.074023945; Gradient computation time: 0.181291361; Testing time: 0.083063292
Epoch: 21000; Computation time: 7155.999309851; Current value of V(0): -1085.2983474731445
Lagrangian objective: -549.54; Average H(x0): 718.4241; Quantile-hedge α(β): 99.92
Simulation time per epoch: 0.074284266; Gradient computation time: 0.181344522; Testing time: 0.08308423
Epoch: 22000; Computation time: 7494.558288374; Current value of V(0): -1078.154468536377
Lagrangian objective: -531.9622; Average H(x0): 715.462; Quantile-hedge α(β): 99.86
Simulation time per epoch: 0.074133269; Gradient computation time: 0.181235906; Testing time: 0.082973485
Epoch: 23000; Computation time: 7833.129674951; Current value of V(0): -1080.3175926208496
Lagrangian objective: -524.7371; Average H(x0): 711.4151; Quantile-hedge α(β): 99.83999999999999
Simulation time per epoch: 0.074237753; Gradient computation time: 0.181141474; Testing time: 0.08307083
Epoch: 24000; Computation time: 8171.699958121; Current value of V(0): -986.5803718566895
Lagrangian objective: -696.9381; Average H(x0): 696.9381; Quantile-hedge α(β): 100.0
Simulation time per epoch: 0.074113259; Gradient computation time: 0.181260126; Testing time: 0.083088642
Epoch: 25000; Computation time: 8510.183319726; Current value of V(0): -734.9502563476562
Lagrangian objective: -560.688; Average H(x0): 658.19696; Quantile-hedge α(β): 99.98
Simulation time per epoch: 0.0742688; Gradient computation time: 0.181288112; Testing time: 0.083088951
Epoch: 26000; Computation time: 8848.769466037; Current value of V(0): -689.8953914642334
Lagrangian objective: 430.1057; Average H(x0): 647.6965; Quantile-hedge α(β): 99.9
Simulation time per epoch: 0.074261017; Gradient computation time: 0.181269947; Testing time: 0.083070689
Epoch: 27000; Computation time: 9187.299590587; Current value of V(0): -624.8672485351562
Lagrangian objective: -519.5916; Average H(x0): 519.5916; Quantile-hedge α(β): 100.0
Simulation time per epoch: 0.074276653; Gradient computation time: 0.181032571; Testing time: 0.083095612
Epoch: 28000; Computation time: 9525.851164749; Current value of V(0): -607.4484825134277
Lagrangian objective: -527.44293; Average H(x0): 527.44293; Quantile-hedge α(β): 100.0
Simulation time per epoch: 0.074273185; Gradient computation time: 0.181251057; Testing time: 0.083085345
Epoch: 29000; Computation time: 9864.453254515; Current value of V(0): -413.6636257171631
Lagrangian objective: -514.61475; Average H(x0): 514.61475; Quantile-hedge α(β): 100.0
Simulation time per epoch: 0.074266031; Gradient computation time: 0.181206294; Testing time: 0.083032252
Epoch: 30000; Computation time: 10202.989450083; Current value of V(0): -233.50262641906738
Lagrangian objective: -493.3231; Average H(x0): 493.3231; Quantile-hedge α(β): 100.0
Simulation time per epoch: 0.074269813; Gradient computation time: 0.181212227; Testing time: 0.083077234
Epoch: 31000; Computation time: 10541.51271743; Current value of V(0): -217.42053031921387
Lagrangian objective: -496.28586; Average H(x0): 496.28586; Quantile-hedge α(β): 100.0
Simulation time per epoch: 0.074227271; Gradient computation time: 0.181154198; Testing time: 0.083039639
Epoch: 32000; Computation time: 10880.120631309; Current value of V(0): -202.03428268432617
Lagrangian objective: -345.6256; Average H(x0): 502.0193; Quantile-hedge α(β): 99.98
Simulation time per epoch: 0.074252748; Gradient computation time: 0.181077452; Testing time: 0.08307302
Epoch: 33000; Computation time: 11218.701497517; Current value of V(0): -170.6552505493164
Lagrangian objective: -498.53525; Average H(x0): 498.53525; Quantile-hedge α(β): 100.0
Simulation time per epoch: 0.074218882; Gradient computation time: 0.181710914; Testing time: 0.083116133
Epoch: 34000; Computation time: 11557.210000588; Current value of V(0): -159.0764045715332
Lagrangian objective: -498.7399; Average H(x0): 498.7399; Quantile-hedge α(β): 100.0
Simulation time per epoch: 0.074218624; Gradient computation time: 0.181094707; Testing time: 0.083096132
Epoch: 35000; Computation time: 11895.73892148; Current value of V(0): -137.80723810195923
Lagrangian objective: -500.4627; Average H(x0): 500.4627; Quantile-hedge α(β): 100.0
Simulation time per epoch: 0.074285248; Gradient computation time: 0.181509804; Testing time: 0.083066909
Epoch: 36000; Computation time: 12234.315851844; Current value of V(0): -102.75427103042603
Lagrangian objective: -498.2849; Average H(x0): 498.2849; Quantile-hedge α(β): 100.0
Simulation time per epoch: 0.074177375; Gradient computation time: 0.181167385; Testing time: 0.083107697
Epoch: 37000; Computation time: 12572.858214062; Current value of V(0): -88.37473392486572
Lagrangian objective: -496.5891; Average H(x0): 496.5891; Quantile-hedge α(β): 100.0
Simulation time per epoch: 0.074254219; Gradient computation time: 0.181215671; Testing time: 0.083084934
Epoch: 38000; Computation time: 12911.435868803; Current value of V(0): -63.69585990905762
Lagrangian objective: -496.496; Average H(x0): 496.496; Quantile-hedge α(β): 100.0
Simulation time per epoch: 0.074242733; Gradient computation time: 0.181550738; Testing time: 0.083099575
Epoch: 39000; Computation time: 13249.997223074; Current value of V(0): -50.850242376327515
Lagrangian objective: -494.9361; Average H(x0): 494.9361; Quantile-hedge α(β): 100.0
Simulation time per epoch: 0.074241332; Gradient computation time: 0.181180177; Testing time: 0.083084269
Epoch: 40000; Computation time: 13588.606046702; Current value of V(0): -48.538342118263245
Lagrangian objective: -254.17813; Average H(x0): 490.54004; Quantile-hedge α(β): 99.96000000000001
Simulation time per epoch: 0.074270338; Gradient computation time: 0.181470197; Testing time: 0.083067879

Training completed in 13588.606181747 seconds
Final V(0): -48.51367771625519

============================================================
Running policy evaluation...
============================================================


============================================================
INVENTORY PROBLEM (unscaled, weekly)
============================================================
Dimension:       50
Discount factor: 0.9990389236684376
Fixed cost:      250.0
Variable costs:  [0.1, 0.1, 0.1, 0.1, 0.1, 0.1, 0.1, 0.1, 0.1, 0.1, 0.1, 0.1, 0.1, 0.1, 0.1, 0.2, 0.2, 0.2, 0.2, 0.2, 0.2, 0.2, 0.2, 0.2, 0.2, 0.2, 0.2, 0.2, 0.2, 0.2, 0.4, 0.4, 0.4, 0.4, 0.4, 0.4, 0.4, 0.4, 0.4, 0.4, 0.4, 0.4, 0.4, 0.4, 0.4, 0.4, 0.4, 0.4, 0.4, 0.4]
Holding costs:   [0.019230769230769232, 0.019230769230769232, 0.019230769230769232, 0.019230769230769232, 0.019230769230769232, 0.019230769230769232, 0.019230769230769232, 0.019230769230769232, 0.019230769230769232, 0.019230769230769232, 0.019230769230769232, 0.019230769230769232, 0.019230769230769232, 0.019230769230769232, 0.019230769230769232, 0.038461538461538464, 0.038461538461538464, 0.038461538461538464, 0.038461538461538464, 0.038461538461538464, 0.038461538461538464, 0.038461538461538464, 0.038461538461538464, 0.038461538461538464, 0.038461538461538464, 0.038461538461538464, 0.038461538461538464, 0.038461538461538464, 0.038461538461538464, 0.038461538461538464, 0.07692307692307693, 0.07692307692307693, 0.07692307692307693, 0.07692307692307693, 0.07692307692307693, 0.07692307692307693, 0.07692307692307693, 0.07692307692307693, 0.07692307692307693, 0.07692307692307693, 0.07692307692307693, 0.07692307692307693, 0.07692307692307693, 0.07692307692307693, 0.07692307692307693, 0.07692307692307693, 0.07692307692307693, 0.07692307692307693, 0.07692307692307693, 0.07692307692307693]
Backlog costs:   [0.4807692307692308, 0.4807692307692308, 0.4807692307692308, 0.4807692307692308, 0.4807692307692308, 0.4807692307692308, 0.4807692307692308, 0.4807692307692308, 0.4807692307692308, 0.4807692307692308, 0.4807692307692308, 0.4807692307692308, 0.4807692307692308, 0.4807692307692308, 0.4807692307692308, 0.9615384615384616, 0.9615384615384616, 0.9615384615384616, 0.9615384615384616, 0.9615384615384616, 0.9615384615384616, 0.9615384615384616, 0.9615384615384616, 0.9615384615384616, 0.9615384615384616, 0.9615384615384616, 0.9615384615384616, 0.9615384615384616, 0.9615384615384616, 0.9615384615384616, 1.9230769230769231, 1.9230769230769231, 1.9230769230769231, 1.9230769230769231, 1.9230769230769231, 1.9230769230769231, 1.9230769230769231, 1.9230769230769231, 1.9230769230769231, 1.9230769230769231, 1.9230769230769231, 1.9230769230769231, 1.9230769230769231, 1.9230769230769231, 1.9230769230769231, 1.9230769230769231, 1.9230769230769231, 1.9230769230769231, 1.9230769230769231, 1.9230769230769231]
Demand dists:    DataType[Distributions.NegativeBinomial{Float64}, Distributions.NegativeBinomial{Float64}, Distributions.NegativeBinomial{Float64}, Distributions.NegativeBinomial{Float64}, Distributions.NegativeBinomial{Float64}, Distributions.NegativeBinomial{Float64}, Distributions.NegativeBinomial{Float64}, Distributions.NegativeBinomial{Float64}, Distributions.NegativeBinomial{Float64}, Distributions.NegativeBinomial{Float64}, Distributions.NegativeBinomial{Float64}, Distributions.NegativeBinomial{Float64}, Distributions.NegativeBinomial{Float64}, Distributions.NegativeBinomial{Float64}, Distributions.NegativeBinomial{Float64}, Distributions.NegativeBinomial{Float64}, Distributions.NegativeBinomial{Float64}, Distributions.NegativeBinomial{Float64}, Distributions.NegativeBinomial{Float64}, Distributions.NegativeBinomial{Float64}, Distributions.NegativeBinomial{Float64}, Distributions.NegativeBinomial{Float64}, Distributions.NegativeBinomial{Float64}, Distributions.NegativeBinomial{Float64}, Distributions.NegativeBinomial{Float64}, Distributions.NegativeBinomial{Float64}, Distributions.NegativeBinomial{Float64}, Distributions.NegativeBinomial{Float64}, Distributions.NegativeBinomial{Float64}, Distributions.NegativeBinomial{Float64}, Distributions.NegativeBinomial{Float64}, Distributions.NegativeBinomial{Float64}, Distributions.NegativeBinomial{Float64}, Distributions.NegativeBinomial{Float64}, Distributions.NegativeBinomial{Float64}, Distributions.NegativeBinomial{Float64}, Distributions.NegativeBinomial{Float64}, Distributions.NegativeBinomial{Float64}, Distributions.NegativeBinomial{Float64}, Distributions.NegativeBinomial{Float64}, Distributions.NegativeBinomial{Float64}, Distributions.NegativeBinomial{Float64}, Distributions.NegativeBinomial{Float64}, Distributions.NegativeBinomial{Float64}, Distributions.NegativeBinomial{Float64}, Distributions.NegativeBinomial{Float64}, Distributions.NegativeBinomial{Float64}, Distributions.NegativeBinomial{Float64}, Distributions.NegativeBinomial{Float64}, Distributions.NegativeBinomial{Float64}]
Demand means:    [0.9615384615384615, 0.9615384615384615, 0.9615384615384615, 0.9615384615384615, 0.9615384615384615, 0.9615384615384615, 0.9615384615384615, 0.9615384615384615, 0.9615384615384615, 0.9615384615384615, 0.9615384615384615, 0.9615384615384615, 0.9615384615384615, 0.9615384615384615, 0.9615384615384615, 0.4807692307692307, 0.4807692307692307, 0.4807692307692307, 0.4807692307692307, 0.4807692307692307, 0.4807692307692307, 0.4807692307692307, 0.4807692307692307, 0.4807692307692307, 0.4807692307692307, 0.4807692307692307, 0.4807692307692307, 0.4807692307692307, 0.4807692307692307, 0.4807692307692307, 0.2403846153846154, 0.2403846153846154, 0.2403846153846154, 0.2403846153846154, 0.2403846153846154, 0.2403846153846154, 0.2403846153846154, 0.2403846153846154, 0.2403846153846154, 0.2403846153846154, 0.2403846153846154, 0.2403846153846154, 0.2403846153846154, 0.2403846153846154, 0.2403846153846154, 0.2403846153846154, 0.2403846153846154, 0.2403846153846154, 0.2403846153846154, 0.2403846153846154]
============================================================

==================================================
Computing order-up-to vector via :solve_inf
==================================================

Method: solve_inf
Final objective: 370.8030638020786
z*: [13.5, 15.49185163591981, 19.173382069667813, 14.0, 14.0, 14.0, 22.176467371368595, 14.0, 13.5, 14.0, 14.0, 14.0, 17.54967645921834, 14.0, 14.0, 8.0, 8.5, 8.0, 10.86286863682775, 8.0, 8.0, 8.0, 8.0, 8.0, 8.0, 8.0, 8.0, 8.0, 8.0, 8.5, 5.054481875788679, 4.5, 4.5, 4.5, 4.5, 4.5, 4.5, 4.5, 4.5, 4.5, 4.5, 4.5, 4.5, 4.5, 4.5, 4.5, 4.5, 4.5, 4.5, 4.5]
Intervention value: -373.78798516805495

==================================================
Computing order-up-to vector via :find_stationary
==================================================
RUNNING THE L-BFGS-B CODE

           * * *

Machine precision = 2.220D-16
 N =           50     M =           10

At X0         0 variables are exactly at the bounds

At iterate    0    f=  4.89034D+02    |proj g|=  4.55276D-01

At iterate    1    f=  4.86375D+02    |proj g|=  4.49814D-01

At iterate    2    f=  4.14064D+02    |proj g|=  1.15317D+00
  ys=-5.887E+01  -gs= 6.868E+01 BFGS update SKIPPED

At iterate    3    f=  3.73080D+02    |proj g|=  4.11991D-01

At iterate    4    f=  3.71311D+02    |proj g|=  1.54985D-01

At iterate    5    f=  3.71015D+02    |proj g|=  7.46431D-02

At iterate    6    f=  3.70910D+02    |proj g|=  5.49586D-02

At iterate    7    f=  3.70855D+02    |proj g|=  5.07622D-02

At iterate    8    f=  3.70834D+02    |proj g|=  2.92379D-02

At iterate    9    f=  3.70818D+02    |proj g|=  1.90439D-02

At iterate   10    f=  3.70812D+02    |proj g|=  1.98088D-02

At iterate   11    f=  3.70806D+02    |proj g|=  1.64741D-02

At iterate   12    f=  3.70803D+02    |proj g|=  5.81934D-03

           * * *

Tit   = total number of iterations
Tnf   = total number of function evaluations
Tnint = total number of segments explored during Cauchy searches
Skip  = number of BFGS updates skipped
Nact  = number of active bounds at final generalized Cauchy point
Projg = norm of the final projected gradient
F     = final function value

           * * *

   N    Tit     Tnf  Tnint  Skip  Nact     Projg        F
   50     12     13     55     1    44   5.819D-03   3.708D+02
  F =   370.80306380207861     

CONVERGENCE: NORM_OF_PROJECTED_GRADIENT_<=_PGTOL            

 Cauchy                time 0.000E+00 seconds.
 Subspace minimization time 0.000E+00 seconds.
 Line search           time 1.367E-02 seconds.

 Total User time 2.527E+00 seconds.

RUNNING THE L-BFGS-B CODE

           * * *

Machine precision = 2.220D-16
 N =           50     M =           10

At X0         0 variables are exactly at the bounds

At iterate    0    f=  2.80642D+00    |proj g|=  2.80825D-01

At iterate    1    f=  1.96200D+00    |proj g|=  2.18469D-01

At iterate    2    f=  5.45712D-01    |proj g|=  7.41122D-02

At iterate    3    f=  2.36744D-01    |proj g|=  3.36601D-02

At iterate    4    f=  8.25635D-02    |proj g|=  1.06283D-02

At iterate    5    f=  5.11964D-02    |proj g|=  5.64452D-03

At iterate    6    f=  3.32345D-02    |proj g|=  2.88083D-03

At iterate    7    f=  2.39323D-02    |proj g|=  1.48802D-03

At iterate    8    f=  1.90903D-02    |proj g|=  7.51205D-04

At iterate    9    f=  1.65198D-02    |proj g|=  3.73196D-04

At iterate   10    f=  1.50895D-02    |proj g|=  1.86527D-04

At iterate   11    f=  1.42309D-02    |proj g|=  1.06018D-04

At iterate   12    f=  1.36507D-02    |proj g|=  8.36344D-05

At iterate   13    f=  1.30864D-02    |proj g|=  6.63094D-05

At iterate   14    f=  1.29084D-02    |proj g|=  4.69595D-05

At iterate   15    f=  1.28095D-02    |proj g|=  4.41193D-05

At iterate   16    f=  1.24679D-02    |proj g|=  6.50115D-05

At iterate   17    f=  1.22835D-02    |proj g|=  3.06411D-05

At iterate   18    f=  1.22382D-02    |proj g|=  9.48678D-05

At iterate   19    f=  1.21541D-02    |proj g|=  2.57103D-05

At iterate   20    f=  1.21122D-02    |proj g|=  2.80702D-05

At iterate   21    f=  1.19885D-02    |proj g|=  5.44212D-05

At iterate   22    f=  1.18796D-02    |proj g|=  5.38194D-05

At iterate   23    f=  1.18220D-02    |proj g|=  3.51299D-05

At iterate   24    f=  1.17763D-02    |proj g|=  1.91514D-05

At iterate   25    f=  1.17234D-02    |proj g|=  1.88269D-05

At iterate   26    f=  1.15519D-02    |proj g|=  1.97901D-05

At iterate   27    f=  1.15079D-02    |proj g|=  3.42543D-05

At iterate   28    f=  1.14779D-02    |proj g|=  2.85665D-05

At iterate   29    f=  1.14490D-02    |proj g|=  2.86819D-05

At iterate   30    f=  1.13957D-02    |proj g|=  2.27012D-05

At iterate   31    f=  1.13117D-02    |proj g|=  5.63148D-05

At iterate   32    f=  1.12878D-02    |proj g|=  5.45002D-05

At iterate   33    f=  1.12790D-02    |proj g|=  5.23206D-05

At iterate   34    f=  1.12599D-02    |proj g|=  4.10041D-05

Method: find_stationary
Final residual: 0.10519830543583869
z*: [21.908776490337456, 33.18310769093878, 33.585415495860815, 35.52819717723455, 40.43823376841004, 42.0, 22.410818178009617, 32.71567950324922, 36.388238736557405, 37.620681704124614, 42.0, 15.23574693271173, 33.97263363643012, 19.29152310816725, 40.8219199050453, 12.597114347003254, 17.55583863322314, 21.734874507359525, 18.04097879935409, 24.0, 24.0, 20.609235851863467, 15.250973440571784, 14.171872590302671, 24.0, 17.593118672428112, 22.938328006719217, 17.92976938069749, 19.91471069427169, 11.367010984019313, 4.5, 8.442846322289185, 13.5, 7.59717161046716, 7.11145198697494, 10.621612611501988, 6.56461191142129, 8.163399609504447, 4.5, 13.45511971233089, 6.670187978611364, 13.5, 13.5, 4.5, 10.677805871157098, 4.5, 6.764193586063618, 8.718175179340863, 4.5, 13.5]
Intervention value: -500.1357984636064

==================================================
Summary:
  solve_inf:       z* = [14, 15, 19, 14, 14, 14, 22, 14, 14, 14, 14, 14, 18, 14, 14, 8, 8, 8, 11, 8, 8, 8, 8, 8, 8, 8, 8, 8, 8, 8, 5, 4, 4, 4, 4, 4, 4, 4, 4, 4, 4, 4, 4, 4, 4, 4, 4, 4, 4, 4]
  find_stationary: z* = [22, 33, 34, 36, 40, 42, 22, 33, 36, 38, 42, 15, 34, 19, 41, 13, 18, 22, 18, 24, 24, 21, 15, 14, 24, 18, 23, 18, 20, 11, 4, 8, 14, 8, 7, 11, 7, 8, 4, 13, 7, 14, 14, 4, 11, 4, 7, 9, 4, 14]
==================================================

============================================================
Evaluating method: solve_inf
============================================================

----------------------------------------
Evaluating ε = -1.25
----------------------------------------
Mean cost: 154526.7462036652 ± 1061.923833086805
  Inventory costs: 34197.98180113116
  Variable costs:  5031.25981655505
  Fixed costs:     115297.50458597913
  Simulation time: 530.5s

----------------------------------------
Evaluating ε = -2.5
----------------------------------------
Mean cost: 153298.24652515847 ± 897.0727590105253
  Inventory costs: 34218.61066422542
  Variable costs:  5032.951674881649
  Fixed costs:     114046.68418605176
  Simulation time: 541.5s

----------------------------------------
Evaluating ε = -5.0
----------------------------------------
Mean cost: 151605.81227194937 ± 1469.2246748855923
  Inventory costs: 34440.339033639284
  Variable costs:  4968.698700443854
  Fixed costs:     112196.7745378662
  Simulation time: 531.8s

----------------------------------------
Evaluating ε = -7.5
----------------------------------------
Mean cost: 150503.6492797625 ± 1078.9361524009346
  Inventory costs: 34955.62223742627
  Variable costs:  5041.018267578211
  Fixed costs:     110507.008774758
  Simulation time: 520.1s

----------------------------------------
Evaluating ε = -10.0
----------------------------------------
Mean cost: 149313.11074770978 ± 950.0657384564043
  Inventory costs: 35616.883762819794
  Variable costs:  5035.369044505768
  Fixed costs:     108660.85794038473
  Simulation time: 594.6s

----------------------------------------
Evaluating ε = -12.5
----------------------------------------
Mean cost: 146573.71668626353 ± 1044.9779845699636
  Inventory costs: 36492.105185803586
  Variable costs:  5045.990103844838
  Fixed costs:     105035.6213966151
  Simulation time: 536.9s

----------------------------------------
Evaluating ε = -15.0
----------------------------------------
Mean cost: 143822.23472537237 ± 925.4756911939672
  Inventory costs: 37624.04986795278
  Variable costs:  5050.378033269878
  Fixed costs:     101147.80682414994
  Simulation time: 507.9s

----------------------------------------
Evaluating ε = -20.0
----------------------------------------
Mean cost: 139985.66727986513 ± 660.5074896763388
  Inventory costs: 40113.35331747147
  Variable costs:  5014.251902059074
  Fixed costs:     94858.06206033527
  Simulation time: 503.6s

----------------------------------------
Evaluating ε = -25.0
----------------------------------------
Mean cost: 137370.99806082615 ± 909.4281806961333
  Inventory costs: 43838.09429318925
  Variable costs:  5024.8947200607345
  Fixed costs:     88508.00904757614
  Simulation time: 459.2s

----------------------------------------
Evaluating ε = -30.0
----------------------------------------
Mean cost: 134893.62460045188 ± 1043.8857756083553
  Inventory costs: 47155.716704290724
  Variable costs:  5028.405503212572
  Fixed costs:     82709.50239294887
  Simulation time: 477.4s

----------------------------------------
Evaluating ε = -40.0
----------------------------------------
Mean cost: 131737.9127384171 ± 990.4144197234586
  Inventory costs: 56611.950140089495
  Variable costs:  5082.42075400353
  Fixed costs:     70043.54184432409
  Simulation time: 470.5s

----------------------------------------
Evaluating ε = -50.0
----------------------------------------
Mean cost: 131334.32414574688 ± 782.289490632275
  Inventory costs: 66082.0121137514
  Variable costs:  4980.18996161653
  Fixed costs:     60272.12207037902
  Simulation time: 474.9s

----------------------------------------
Evaluating ε = -75.0
----------------------------------------
Mean cost: 142684.71164838615 ± 405.6300398641884
  Inventory costs: 90876.46534195106
  Variable costs:  5093.959913643924
  Fixed costs:     46714.28639279101
  Simulation time: 467.4s

----------------------------------------
Evaluating ε = -100.0
----------------------------------------
Mean cost: 154952.51150079427 ± 844.4980161957731
  Inventory costs: 114677.53235107959
  Variable costs:  5000.002766367346
  Fixed costs:     35274.976383347544
  Simulation time: 465.7s

==================================================
Best epsilon: -50.0 with cost: 131334.32414574688 ± 782.289490632275
==================================================

============================================================
Evaluating method: find_stationary
============================================================

----------------------------------------
Evaluating ε = -1.25
----------------------------------------
Mean cost: 111127.28080313341 ± 712.6951430666453
  Inventory costs: 40740.81776485296
  Variable costs:  5122.008815162474
  Fixed costs:     65264.45422311779
  Simulation time: 461.9s

----------------------------------------
Evaluating ε = -2.5
----------------------------------------
Mean cost: 108254.39410379094 ± 560.647168875467
  Inventory costs: 41361.98102922445
  Variable costs:  5163.6210791709545
  Fixed costs:     61728.79199539537
  Simulation time: 459.7s

----------------------------------------
Evaluating ε = -5.0
----------------------------------------
Mean cost: 100616.71055768017 ± 569.3996146395049
  Inventory costs: 42519.90322432509
  Variable costs:  5145.460518176592
  Fixed costs:     52951.34681517865
  Simulation time: 471.0s

----------------------------------------
Evaluating ε = -7.5
----------------------------------------
Mean cost: 94722.01993565353 ± 749.6149222326899
  Inventory costs: 43869.32235388592
  Variable costs:  5089.083673858975
  Fixed costs:     45763.61390790845
  Simulation time: 467.5s

----------------------------------------
Evaluating ε = -10.0
----------------------------------------
Mean cost: 91887.42459071253 ± 531.3649920498603
  Inventory costs: 45707.36716416983
  Variable costs:  5108.495679790393
  Fixed costs:     41071.5617467525
  Simulation time: 468.1s

----------------------------------------
Evaluating ε = -12.5
----------------------------------------
Mean cost: 90515.02721286805 ± 517.0516535481056
  Inventory costs: 47715.7344802688
  Variable costs:  5155.534635249469
  Fixed costs:     37643.75809734982
  Simulation time: 472.3s

----------------------------------------
Evaluating ε = -15.0
----------------------------------------
Mean cost: 87724.80391996368 ± 339.8587350412067
  Inventory costs: 49208.16579437151
  Variable costs:  5043.182011671399
  Fixed costs:     33473.45611392056
  Simulation time: 465.2s

----------------------------------------
Evaluating ε = -20.0
----------------------------------------
Mean cost: 88308.19726983599 ± 196.74518524895694
  Inventory costs: 53689.679386647476
  Variable costs:  5121.573571671838
  Fixed costs:     29496.944311516963
  Simulation time: 463.5s

----------------------------------------
Evaluating ε = -25.0
----------------------------------------
Mean cost: 87694.76374076057 ± 462.9243805143016
  Inventory costs: 57397.91328787316
  Variable costs:  5035.969974756988
  Fixed costs:     25260.880478130515
  Simulation time: 472.1s

----------------------------------------
Evaluating ε = -30.0
----------------------------------------
Mean cost: 89678.9464620686 ± 488.0624593206452
  Inventory costs: 61712.26904572117
  Variable costs:  5117.414643415379
  Fixed costs:     22849.262772931943
  Simulation time: 456.4s

----------------------------------------
Evaluating ε = -40.0
----------------------------------------
Mean cost: 94098.80285578311 ± 411.53250141149465
  Inventory costs: 70082.20220352845
  Variable costs:  5064.358043683146
  Fixed costs:     18952.242608571494
  Simulation time: 464.3s

----------------------------------------
Evaluating ε = -50.0
----------------------------------------
Mean cost: 100392.68816007084 ± 463.033251722318
  Inventory costs: 78913.17076837257
  Variable costs:  5076.937616743604
  Fixed costs:     16402.57977495467
  Simulation time: 464.2s

----------------------------------------
Evaluating ε = -75.0
----------------------------------------
Mean cost: 118652.52853207542 ± 549.5873132662554
  Inventory costs: 100696.14957820336
  Variable costs:  5143.869293059525
  Fixed costs:     12812.509660812528
  Simulation time: 462.6s

----------------------------------------
Evaluating ε = -100.0
----------------------------------------
Mean cost: 138125.8966355201 ± 741.1474964454081
  Inventory costs: 122685.02128557666
  Variable costs:  5068.362703051951
  Fixed costs:     10372.512646891668
  Simulation time: 458.7s

==================================================
Best epsilon: -25.0 with cost: 87694.76374076057 ± 462.9243805143016
==================================================
Skipping save for solve_inf: existing cost 86472.45787137409 <= new cost 131334.32414574688
Skipping save for find_stationary: existing cost 84349.47223881047 <= new cost 87694.76374076057

============================================================
FINAL RESULTS SUMMARY
============================================================

Method: solve_inf
  Order-up-to vector: [14, 15, 19, 14, 14, 14, 22, 14, 14, 14, 14, 14, 18, 14, 14, 8, 8, 8, 11, 8, 8, 8, 8, 8, 8, 8, 8, 8, 8, 8, 5, 4, 4, 4, 4, 4, 4, 4, 4, 4, 4, 4, 4, 4, 4, 4, 4, 4, 4, 4]
  Best epsilon: -50.0
  Best cost: 131334.32414574688 ± 782.289490632275

Method: find_stationary
  Order-up-to vector: [22, 33, 34, 36, 40, 42, 22, 33, 36, 38, 42, 15, 34, 19, 41, 13, 18, 22, 18, 24, 24, 21, 15, 14, 24, 18, 23, 18, 20, 11, 4, 8, 14, 8, 7, 11, 7, 8, 4, 13, 7, 14, 14, 4, 11, 4, 7, 9, 4, 14]
  Best epsilon: -25.0
  Best cost: 87694.76374076057 ± 462.9243805143016

============================================================
Complete! Per-method results saved to:
  output/nn_training/results_50D_CaseHH_solve_inf.json
  output/nn_training/results_50D_CaseHH_find_stationary.json
============================================================

  Activating project at `~/DeepSJRP`
[ Info:  started timer at: 2026-04-30T10:37:32.714
┌ Warning: Layer with Float32 parameters got Float64 input.
│   The input will be converted, but any earlier layers may be very slow.
│   layer = Dense(50 => 1000, elu)  # 51_000 parameters
│   summary(x) = "50-element Vector{Float64}"
└ @ Flux ~/.julia/packages/Flux/DZYiO/src/layers/stateless.jl:60

At iterate   35    f=  1.12338D-02    |proj g|=  3.05754D-05

At iterate   36    f=  1.11861D-02    |proj g|=  2.29280D-05

At iterate   37    f=  1.11387D-02    |proj g|=  2.07275D-05

At iterate   38    f=  1.11147D-02    |proj g|=  1.67916D-05

At iterate   39    f=  1.10918D-02    |proj g|=  1.48093D-05

At iterate   40    f=  1.10755D-02    |proj g|=  1.07323D-05

At iterate   41    f=  1.10667D-02    |proj g|=  7.45985D-06

           * * *

Tit   = total number of iterations
Tnf   = total number of function evaluations
Tnint = total number of segments explored during Cauchy searches
Skip  = number of BFGS updates skipped
Nact  = number of active bounds at final generalized Cauchy point
Projg = norm of the final projected gradient
F     = final function value

           * * *

   N    Tit     Tnf  Tnint  Skip  Nact     Projg        F
   50     41     50     51     0    13   7.460D-06   1.107D-02
  F =   1.1066683466572009E-002

CONVERGENCE: NORM_OF_PROJECTED_GRADIENT_<=_PGTOL            

 Cauchy                time 0.000E+00 seconds.
 Subspace minimization time 0.000E+00 seconds.
 Line search           time 4.883E-02 seconds.

 Total User time 3.779E-01 seconds.

