
============================================================
DeepSJRP - Stochastic Joint Replenishment Problem Solver
============================================================
Instance: 50D_CaseML
Options: Dict{Symbol, Any}(:beta_override => 1.0e6, :alpha_override => nothing, :device => :gpu, :nu_override => 1.0, :T_override => 0.05, :seed => 777)
============================================================

Device: CUDA GPU
CUDA toolchain: 
- runtime 12.8, local installation
- driver 580.126.16 for 13.2
- compiler 12.9

CUDA libraries: 
- CUBLAS: 12.8.4
- CURAND: 10.3.9
- CUFFT: 11.3.3
- CUSOLVER: 11.7.3
- CUSPARSE: 12.5.8
- CUPTI: 2025.1.1 (API 12.8.0)
- NVML: 13.0.0+580.126.16

Julia packages: 
- CUDA: 5.11.0
- GPUArrays: 11.4.1
- GPUCompiler: 1.9.1
- KernelAbstractions: 0.9.41
- CUDA_Driver_jll: 13.2.0+0
- CUDA_Compiler_jll: 0.4.2+0
- CUDA_Runtime_jll: 0.21.0+0
- CUDA_Runtime_Discovery: 1.0.0

Toolchain:
- Julia: 1.11.7
- LLVM: 16.0.6

Preferences:
- CUDA_Runtime_jll.version: local

1 device:
  0: NVIDIA H100 80GB HBM3 (sm_90, 79.175 GiB / 79.647 GiB available)
BLAS threads: 1
Julia threads: 10

Benchmark source: QS

============================================================
IMPULSE CONTROL PROBLEM (scaled, annual)
============================================================
Instance: 50D_CaseML
Dimension: 50
Interest rate: 0.05
Cost scaling κ: 0.01

Drift μ (annual demand rates): [50.0, 50.0, 50.0, 50.0, 50.0, 50.0, 50.0, 50.0, 50.0, 50.0, 50.0, 50.0, 50.0, 50.0, 50.0, 25.0, 25.0, 25.0, 25.0, 25.0, 25.0, 25.0, 25.0, 25.0, 25.0, 25.0, 25.0, 25.0, 25.0, 25.0, 12.5, 12.5, 12.5, 12.5, 12.5, 12.5, 12.5, 12.5, 12.5, 12.5, 12.5, 12.5, 12.5, 12.5, 12.5, 12.5, 12.5, 12.5, 12.5, 12.5]
Covariance Σ diagonal: [625.0, 625.0, 625.0, 625.0, 625.0, 625.0, 625.0, 625.0, 625.0, 625.0, 625.0, 625.0, 625.0, 625.0, 625.0, 156.25, 156.25, 156.25, 156.25, 156.25, 156.25, 156.25, 156.25, 156.25, 156.25, 156.25, 156.25, 156.25, 156.25, 156.25, 39.0625, 39.0625, 39.0625, 39.0625, 39.0625, 39.0625, 39.0625, 39.0625, 39.0625, 39.0625, 39.0625, 39.0625, 39.0625, 39.0625, 39.0625, 39.0625, 39.0625, 39.0625, 39.0625, 39.0625]

Scaled costs (× κ = 0.01):
  Fixed cost K:    0.5
  Variable costs c: [0.001, 0.001, 0.001, 0.001, 0.001, 0.001, 0.001, 0.001, 0.001, 0.001, 0.001, 0.001, 0.001, 0.001, 0.001, 0.002, 0.002, 0.002, 0.002, 0.002, 0.002, 0.002, 0.002, 0.002, 0.002, 0.002, 0.002, 0.002, 0.002, 0.002, 0.004, 0.004, 0.004, 0.004, 0.004, 0.004, 0.004, 0.004, 0.004, 0.004, 0.004, 0.004, 0.004, 0.004, 0.004, 0.004, 0.004, 0.004, 0.004, 0.004]
  Holding costs h:  [0.01, 0.01, 0.01, 0.01, 0.01, 0.01, 0.01, 0.01, 0.01, 0.01, 0.01, 0.01, 0.01, 0.01, 0.01, 0.02, 0.02, 0.02, 0.02, 0.02, 0.02, 0.02, 0.02, 0.02, 0.02, 0.02, 0.02, 0.02, 0.02, 0.02, 0.04, 0.04, 0.04, 0.04, 0.04, 0.04, 0.04, 0.04, 0.04, 0.04, 0.04, 0.04, 0.04, 0.04, 0.04, 0.04, 0.04, 0.04, 0.04, 0.04]
  Penalty costs p:  [0.25, 0.25, 0.25, 0.25, 0.25, 0.25, 0.25, 0.25, 0.25, 0.25, 0.25, 0.25, 0.25, 0.25, 0.25, 0.5, 0.5, 0.5, 0.5, 0.5, 0.5, 0.5, 0.5, 0.5, 0.5, 0.5, 0.5, 0.5, 0.5, 0.5, 1.0, 1.0, 1.0, 1.0, 1.0, 1.0, 1.0, 1.0, 1.0, 1.0, 1.0, 1.0, 1.0, 1.0, 1.0, 1.0, 1.0, 1.0, 1.0, 1.0]

Original costs (unscaled):
  Fixed cost K:    50.0
  Variable costs c: [0.1, 0.1, 0.1, 0.1, 0.1, 0.1, 0.1, 0.1, 0.1, 0.1, 0.1, 0.1, 0.1, 0.1, 0.1, 0.2, 0.2, 0.2, 0.2, 0.2, 0.2, 0.2, 0.2, 0.2, 0.2, 0.2, 0.2, 0.2, 0.2, 0.2, 0.4, 0.4, 0.4, 0.4, 0.4, 0.4, 0.4, 0.4, 0.4, 0.4, 0.4, 0.4, 0.4, 0.4, 0.4, 0.4, 0.4, 0.4, 0.4, 0.4]
  Holding costs h:  [1.0, 1.0, 1.0, 1.0, 1.0, 1.0, 1.0, 1.0, 1.0, 1.0, 1.0, 1.0, 1.0, 1.0, 1.0, 2.0, 2.0, 2.0, 2.0, 2.0, 2.0, 2.0, 2.0, 2.0, 2.0, 2.0, 2.0, 2.0, 2.0, 2.0, 4.0, 4.0, 4.0, 4.0, 4.0, 4.0, 4.0, 4.0, 4.0, 4.0, 4.0, 4.0, 4.0, 4.0, 4.0, 4.0, 4.0, 4.0, 4.0, 4.0]
  Penalty costs p:  [25.0, 25.0, 25.0, 25.0, 25.0, 25.0, 25.0, 25.0, 25.0, 25.0, 25.0, 25.0, 25.0, 25.0, 25.0, 50.0, 50.0, 50.0, 50.0, 50.0, 50.0, 50.0, 50.0, 50.0, 50.0, 50.0, 50.0, 50.0, 50.0, 50.0, 100.0, 100.0, 100.0, 100.0, 100.0, 100.0, 100.0, 100.0, 100.0, 100.0, 100.0, 100.0, 100.0, 100.0, 100.0, 100.0, 100.0, 100.0, 100.0, 100.0]
============================================================

============================================================
TRAINING HYPERPARAMETERS
============================================================
Benchmark source: QS
Precision:        Float32
Batch size:       5000
Num intervals:    100
T horizon:        0.05
Num iterations:   40000
Learning rates:   [0.001, 0.0002, 0.0001, 1.0e-5, 1.0e-6]
LR steps:         [1, 5000, 10000, 20000, 30000]
Beta penalty:     [1.0, 10.0, 100.0, 1000.0, 10000.0, 1.0e6]
Penalty steps:    [1, 2500, 5000, 7500, 10000, 20000]
Lambda rate:      8.914510628937105
S guess:          [[17.0, 17.0, 17.0, 17.0, 17.0, 17.0, 17.0, 17.0, 17.0, 17.0, 17.0, 17.0, 17.0, 17.0, 17.0, 9.0, 9.0, 9.0, 9.0, 9.0, 9.0, 9.0, 9.0, 9.0, 9.0, 9.0, 9.0, 9.0, 9.0, 9.0, 5.0, 5.0, 5.0, 5.0, 5.0, 5.0, 5.0, 5.0, 5.0, 5.0, 5.0, 5.0, 5.0, 5.0, 5.0, 5.0, 5.0, 5.0, 5.0, 5.0]]
Nu radius:        1.0
S distribution:   lognormal
Alpha factor:     0.0
Alpha js:         [0.0, 0.0, 0.0, 0.0, 0.0, 0.0, 0.0, 0.0, 0.0, 0.0, 0.0, 0.0, 0.0, 0.0, 0.0, 0.0, 0.0, 0.0, 0.0, 0.0, 0.0, 0.0, 0.0, 0.0, 0.0, 0.0, 0.0, 0.0, 0.0, 0.0, 0.0, 0.0, 0.0, 0.0, 0.0, 0.0, 0.0, 0.0, 0.0, 0.0, 0.0, 0.0, 0.0, 0.0, 0.0, 0.0, 0.0, 0.0, 0.0, 0.0]
Cost scaling:     0.01

Neural network architecture:
  Hidden layers:  4
  Width:          1000
  Activation:     elu

Optimization parameters:
  Start factor:   1.0
  Lower factor:   0.5
  Upper factor:   1.5
  Sim runs:       10
  Sim horizon:    5000
  Epsilons:       [-1.25, -2.5, -5.0, -7.5, -10.0, -12.5, -15.0, -20.0, -25.0, -30.0, -40.0, -50.0, -75.0, -100.0]
============================================================

Gradient network G (∇V):
Chain(
  Dense(50 => 1000, elu),               # 51_000 parameters
  Dense(1000 => 1000, elu),             # 1_001_000 parameters
  Dense(1000 => 1000, elu),             # 1_001_000 parameters
  Dense(1000 => 1000, elu),             # 1_001_000 parameters
  Dense(1000 => 50),                    # 50_050 parameters
)                   # Total: 10 arrays, 3_104_050 parameters, 1.562 KiB.

Value network H (V):
Chain(
  Dense(50 => 1000, elu),               # 51_000 parameters
  Dense(1000 => 1000, elu),             # 1_001_000 parameters
  Dense(1000 => 1000, elu),             # 1_001_000 parameters
  Dense(1000 => 1000, elu),             # 1_001_000 parameters
  Dense(1000 => 1),                     # 1_001 parameters
)                   # Total: 10 arrays, 3_055_001 parameters, 1.562 KiB.


============================================================
Starting neural network training...
============================================================

Starting training with steady-state sampler:
-----------------------------------------
Epoch: 1; Penalty β updated to: 1.0
-----------------------------------------
─── Device check ───
  x_tn: CuArray{Float32} (50, 100, 5000)
  dB: CuArray{Float32} (50, 100, 5000)
  dU: CuArray{Float32} (50, 100, 5000)
  exponentials: CuArray{Float32} (1, 100)
  loss_dB: CuArray{Float32} (1, 5000)
  loss_df: CuArray{Float32} (1, 5000)
  loss_dU: CuArray{Float32} (1, 5000)
  H_x0: CuArray{Float32} (1, 5000)
  H_xT: CuArray{Float32} (1, 5000)
  penalties: CuArray{Float32} (1, 5000)
────────────────────
Epoch: 1; Computation time: 61.635808323; Current value of V(0): 0.0
Lagrangian objective: 37629.867; Average H(x0): 0.0; Quantile-hedge α(β): 49.519999999999996
Simulation time per epoch: 10.885753949; Gradient computation time: 38.942473522; Testing time: 11.027101346
Epoch: 1000; Computation time: 399.88759356; Current value of V(0): 3.619162890625e6
Lagrangian objective: -40602.445; Average H(x0): 80606.86; Quantile-hedge α(β): 0.0
Simulation time per epoch: 0.074069856; Gradient computation time: 0.181349324; Testing time: 0.083190167
Epoch: 2000; Computation time: 738.37384587; Current value of V(0): 4.64595e6
Lagrangian objective: -40563.69; Average H(x0): 80807.31; Quantile-hedge α(β): 0.0
Simulation time per epoch: 0.07404231; Gradient computation time: 0.181336812; Testing time: 0.083194819
-----------------------------------------
Epoch: 2500; Penalty β updated to: 10.0
-----------------------------------------
Epoch: 3000; Computation time: 1075.946493358; Current value of V(0): 622813.818359375
Lagrangian objective: -4561.849; Average H(x0): 8701.837; Quantile-hedge α(β): 0.0
Simulation time per epoch: 0.074244548; Gradient computation time: 0.18017371; Testing time: 0.08281942
Epoch: 4000; Computation time: 1413.192855102; Current value of V(0): 634041.50390625
Lagrangian objective: -4589.0127; Average H(x0): 8691.514; Quantile-hedge α(β): 0.0
Simulation time per epoch: 0.074277655; Gradient computation time: 0.18061723; Testing time: 0.082833551
-----------------------------------------
Epoch: 5000; Penalty β updated to: 100.0
-----------------------------------------
Epoch: 5000; Computation time: 1750.433635344; Current value of V(0): 653947.55859375
Lagrangian objective: 32839.008; Average H(x0): 8686.84; Quantile-hedge α(β): 0.0
Simulation time per epoch: 0.074162987; Gradient computation time: 0.180308736; Testing time: 0.082841205
Epoch: 6000; Computation time: 2087.692024633; Current value of V(0): 134768.115234375
Lagrangian objective: -1016.3915; Average H(x0): 1456.6288; Quantile-hedge α(β): 1.9000000000000017
Simulation time per epoch: 0.074265656; Gradient computation time: 0.18016317; Testing time: 0.082839276
Epoch: 7000; Computation time: 2425.016092025; Current value of V(0): 134381.54296875
Lagrangian objective: -1002.878; Average H(x0): 1452.8186; Quantile-hedge α(β): 1.9000000000000017
Simulation time per epoch: 0.074250634; Gradient computation time: 0.179998143; Testing time: 0.082810288
-----------------------------------------
Epoch: 7500; Penalty β updated to: 1000.0
-----------------------------------------
Epoch: 8000; Computation time: 2762.293331061; Current value of V(0): 75909.24682617188
Lagrangian objective: -567.1041; Average H(x0): 664.1678; Quantile-hedge α(β): 42.84
Simulation time per epoch: 0.074227022; Gradient computation time: 0.180200441; Testing time: 0.082821274
Epoch: 9000; Computation time: 3099.592777266; Current value of V(0): 76172.55859375
Lagrangian objective: -582.54144; Average H(x0): 669.8931; Quantile-hedge α(β): 37.339999999999996
Simulation time per epoch: 0.074249404; Gradient computation time: 0.179934688; Testing time: 0.082809634
-----------------------------------------
Epoch: 10000; Penalty β updated to: 10000.0
-----------------------------------------
Epoch: 10000; Computation time: 3436.859655863; Current value of V(0): 75840.10009765625
Lagrangian objective: 269.9097; Average H(x0): 666.5852; Quantile-hedge α(β): 38.92
Simulation time per epoch: 0.074216551; Gradient computation time: 0.18030905; Testing time: 0.082808953
Epoch: 11000; Computation time: 3774.141201413; Current value of V(0): 62683.099365234375
Lagrangian objective: -474.83276; Average H(x0): 506.9652; Quantile-hedge α(β): 84.62
Simulation time per epoch: 0.074212322; Gradient computation time: 0.18039358; Testing time: 0.082830152
Epoch: 12000; Computation time: 4111.401865599; Current value of V(0): 63371.942138671875
Lagrangian objective: -475.73386; Average H(x0): 517.4566; Quantile-hedge α(β): 81.58
Simulation time per epoch: 0.074245661; Gradient computation time: 0.180185703; Testing time: 0.082914567
Epoch: 13000; Computation time: 4448.669620488; Current value of V(0): 62547.44873046875
Lagrangian objective: -452.76935; Average H(x0): 504.5912; Quantile-hedge α(β): 84.02000000000001
Simulation time per epoch: 0.074281227; Gradient computation time: 0.180094714; Testing time: 0.08283464
Epoch: 14000; Computation time: 4785.916641106; Current value of V(0): 62734.77783203125
Lagrangian objective: -454.02124; Average H(x0): 507.66516; Quantile-hedge α(β): 82.12
Simulation time per epoch: 0.074277037; Gradient computation time: 0.180353907; Testing time: 0.082821714
Epoch: 15000; Computation time: 5123.169096182; Current value of V(0): 61474.49951171875
Lagrangian objective: -459.38504; Average H(x0): 492.29874; Quantile-hedge α(β): 87.4
Simulation time per epoch: 0.07427676; Gradient computation time: 0.180359521; Testing time: 0.082814833
Epoch: 16000; Computation time: 5460.425544543; Current value of V(0): 57847.674560546875
Lagrangian objective: -427.38565; Average H(x0): 445.4584; Quantile-hedge α(β): 91.25999999999999
Simulation time per epoch: 0.074169788; Gradient computation time: 0.18014578; Testing time: 0.082846082
Epoch: 17000; Computation time: 5797.674110501; Current value of V(0): 62882.3486328125
Lagrangian objective: -475.5795; Average H(x0): 513.08777; Quantile-hedge α(β): 83.66
Simulation time per epoch: 0.074260696; Gradient computation time: 0.180406405; Testing time: 0.082850408
Epoch: 18000; Computation time: 6134.93064031; Current value of V(0): 62675.93994140625
Lagrangian objective: -460.0191; Average H(x0): 508.35046; Quantile-hedge α(β): 83.58
Simulation time per epoch: 0.074210708; Gradient computation time: 0.180182637; Testing time: 0.08281829
Epoch: 19000; Computation time: 6472.212434138; Current value of V(0): 61300.67138671875
Lagrangian objective: -457.4488; Average H(x0): 491.614; Quantile-hedge α(β): 86.5
Simulation time per epoch: 0.074239187; Gradient computation time: 0.180214314; Testing time: 0.082809618
-----------------------------------------
Epoch: 20000; Penalty β updated to: 1.0e6
-----------------------------------------
Epoch: 20000; Computation time: 6809.462094963; Current value of V(0): 62835.479736328125
Lagrangian objective: 3183.9749; Average H(x0): 511.7307; Quantile-hedge α(β): 83.3
Simulation time per epoch: 0.073987148; Gradient computation time: 0.180000569; Testing time: 0.082823069
Epoch: 21000; Computation time: 7146.713351017; Current value of V(0): 43539.05944824219
Lagrangian objective: -252.41235; Average H(x0): 252.41235; Quantile-hedge α(β): 100.0
Simulation time per epoch: 0.07428474; Gradient computation time: 0.180288137; Testing time: 0.082886107
Epoch: 22000; Computation time: 7483.978320075; Current value of V(0): 52187.237548828125
Lagrangian objective: -323.0516; Average H(x0): 366.91974; Quantile-hedge α(β): 99.56
Simulation time per epoch: 0.074266675; Gradient computation time: 0.180100704; Testing time: 0.082820944
Epoch: 23000; Computation time: 7821.22018861; Current value of V(0): 54025.335693359375
Lagrangian objective: -367.93497; Average H(x0): 391.8414; Quantile-hedge α(β): 99.66000000000001
Simulation time per epoch: 0.074275553; Gradient computation time: 0.18011463; Testing time: 0.082810717
Epoch: 24000; Computation time: 8158.45611944; Current value of V(0): 53756.683349609375
Lagrangian objective: -377.2785; Average H(x0): 388.597; Quantile-hedge α(β): 99.58
Simulation time per epoch: 0.074290114; Gradient computation time: 0.18018862; Testing time: 0.082822472
Epoch: 25000; Computation time: 8495.738516288; Current value of V(0): 53512.237548828125
Lagrangian objective: -367.6451; Average H(x0): 384.68326; Quantile-hedge α(β): 99.53999999999999
Simulation time per epoch: 0.074278209; Gradient computation time: 0.180010429; Testing time: 0.082830417
Epoch: 26000; Computation time: 8832.966712183; Current value of V(0): 43954.67529296875
Lagrangian objective: -254.05365; Average H(x0): 254.05365; Quantile-hedge α(β): 100.0
Simulation time per epoch: 0.074255666; Gradient computation time: 0.180064443; Testing time: 0.082819614
Epoch: 27000; Computation time: 9170.200017384; Current value of V(0): 43316.61682128906
Lagrangian objective: -245.05348; Average H(x0): 245.05348; Quantile-hedge α(β): 100.0
Simulation time per epoch: 0.074271632; Gradient computation time: 0.180070409; Testing time: 0.082824693
Epoch: 28000; Computation time: 9507.446590574; Current value of V(0): 39864.093017578125
Lagrangian objective: -187.46497; Average H(x0): 197.08438; Quantile-hedge α(β): 99.8
Simulation time per epoch: 0.074265574; Gradient computation time: 0.180206802; Testing time: 0.082819971
Epoch: 29000; Computation time: 9844.678870855; Current value of V(0): 28620.742797851562
Lagrangian objective: 253.5312; Average H(x0): 49.25752; Quantile-hedge α(β): 99.44
Simulation time per epoch: 0.074269154; Gradient computation time: 0.180062979; Testing time: 0.082821703
Epoch: 30000; Computation time: 10181.956837063; Current value of V(0): 51681.915283203125
Lagrangian objective: -204.09346; Average H(x0): 361.0522; Quantile-hedge α(β): 99.02
Simulation time per epoch: 0.074269025; Gradient computation time: 0.180155603; Testing time: 0.082740742
Epoch: 31000; Computation time: 10519.188737701; Current value of V(0): 53319.73876953125
Lagrangian objective: -366.48596; Average H(x0): 383.09787; Quantile-hedge α(β): 99.78
Simulation time per epoch: 0.074262643; Gradient computation time: 0.179909269; Testing time: 0.082806737
Epoch: 32000; Computation time: 10856.466683348; Current value of V(0): 53508.97216796875
Lagrangian objective: -375.32715; Average H(x0): 385.42416; Quantile-hedge α(β): 99.78
Simulation time per epoch: 0.074265004; Gradient computation time: 0.180182396; Testing time: 0.08282096
Epoch: 33000; Computation time: 11193.706086351; Current value of V(0): 54151.318359375
Lagrangian objective: -387.67227; Average H(x0): 394.0743; Quantile-hedge α(β): 99.74
Simulation time per epoch: 0.074276185; Gradient computation time: 0.18014006; Testing time: 0.082824792
Epoch: 34000; Computation time: 11530.983454279; Current value of V(0): 54362.63427734375
Lagrangian objective: -370.82654; Average H(x0): 396.90005; Quantile-hedge α(β): 99.6
Simulation time per epoch: 0.074263409; Gradient computation time: 0.180274133; Testing time: 0.082809228
Epoch: 35000; Computation time: 11868.228209344; Current value of V(0): 54185.699462890625
Lagrangian objective: -379.72498; Average H(x0): 394.49; Quantile-hedge α(β): 99.62
Simulation time per epoch: 0.074270899; Gradient computation time: 0.179985774; Testing time: 0.082895787
Epoch: 36000; Computation time: 12205.466659633; Current value of V(0): 54063.57421875
Lagrangian objective: -374.75754; Average H(x0): 392.6882; Quantile-hedge α(β): 99.68
Simulation time per epoch: 0.074299365; Gradient computation time: 0.180216557; Testing time: 0.082811026
Epoch: 37000; Computation time: 12542.712064973; Current value of V(0): 53751.959228515625
Lagrangian objective: -382.6081; Average H(x0): 388.4727; Quantile-hedge α(β): 99.76
Simulation time per epoch: 0.074257016; Gradient computation time: 0.180270359; Testing time: 0.082808829
Epoch: 38000; Computation time: 12879.938206887; Current value of V(0): 54423.44970703125
Lagrangian objective: -384.57877; Average H(x0): 397.7701; Quantile-hedge α(β): 99.66000000000001
Simulation time per epoch: 0.074243422; Gradient computation time: 0.180018653; Testing time: 0.082803432
Epoch: 39000; Computation time: 13217.663147524; Current value of V(0): 54386.71875
Lagrangian objective: -384.7675; Average H(x0): 397.3113; Quantile-hedge α(β): 99.6
Simulation time per epoch: 0.074168337; Gradient computation time: 0.180413375; Testing time: 0.082933483
Epoch: 40000; Computation time: 13555.453859736; Current value of V(0): 53776.904296875
Lagrangian objective: -377.2301; Average H(x0): 389.17554; Quantile-hedge α(β): 99.72
Simulation time per epoch: 0.074107473; Gradient computation time: 0.181368892; Testing time: 0.083306544

Training completed in 13555.453983615 seconds
Final V(0): 53780.523681640625

============================================================
Running policy evaluation...
============================================================


============================================================
INVENTORY PROBLEM (unscaled, weekly)
============================================================
Dimension:       50
Discount factor: 0.9990389236684376
Fixed cost:      50.0
Variable costs:  [0.1, 0.1, 0.1, 0.1, 0.1, 0.1, 0.1, 0.1, 0.1, 0.1, 0.1, 0.1, 0.1, 0.1, 0.1, 0.2, 0.2, 0.2, 0.2, 0.2, 0.2, 0.2, 0.2, 0.2, 0.2, 0.2, 0.2, 0.2, 0.2, 0.2, 0.4, 0.4, 0.4, 0.4, 0.4, 0.4, 0.4, 0.4, 0.4, 0.4, 0.4, 0.4, 0.4, 0.4, 0.4, 0.4, 0.4, 0.4, 0.4, 0.4]
Holding costs:   [0.019230769230769232, 0.019230769230769232, 0.019230769230769232, 0.019230769230769232, 0.019230769230769232, 0.019230769230769232, 0.019230769230769232, 0.019230769230769232, 0.019230769230769232, 0.019230769230769232, 0.019230769230769232, 0.019230769230769232, 0.019230769230769232, 0.019230769230769232, 0.019230769230769232, 0.038461538461538464, 0.038461538461538464, 0.038461538461538464, 0.038461538461538464, 0.038461538461538464, 0.038461538461538464, 0.038461538461538464, 0.038461538461538464, 0.038461538461538464, 0.038461538461538464, 0.038461538461538464, 0.038461538461538464, 0.038461538461538464, 0.038461538461538464, 0.038461538461538464, 0.07692307692307693, 0.07692307692307693, 0.07692307692307693, 0.07692307692307693, 0.07692307692307693, 0.07692307692307693, 0.07692307692307693, 0.07692307692307693, 0.07692307692307693, 0.07692307692307693, 0.07692307692307693, 0.07692307692307693, 0.07692307692307693, 0.07692307692307693, 0.07692307692307693, 0.07692307692307693, 0.07692307692307693, 0.07692307692307693, 0.07692307692307693, 0.07692307692307693]
Backlog costs:   [0.4807692307692308, 0.4807692307692308, 0.4807692307692308, 0.4807692307692308, 0.4807692307692308, 0.4807692307692308, 0.4807692307692308, 0.4807692307692308, 0.4807692307692308, 0.4807692307692308, 0.4807692307692308, 0.4807692307692308, 0.4807692307692308, 0.4807692307692308, 0.4807692307692308, 0.9615384615384616, 0.9615384615384616, 0.9615384615384616, 0.9615384615384616, 0.9615384615384616, 0.9615384615384616, 0.9615384615384616, 0.9615384615384616, 0.9615384615384616, 0.9615384615384616, 0.9615384615384616, 0.9615384615384616, 0.9615384615384616, 0.9615384615384616, 0.9615384615384616, 1.9230769230769231, 1.9230769230769231, 1.9230769230769231, 1.9230769230769231, 1.9230769230769231, 1.9230769230769231, 1.9230769230769231, 1.9230769230769231, 1.9230769230769231, 1.9230769230769231, 1.9230769230769231, 1.9230769230769231, 1.9230769230769231, 1.9230769230769231, 1.9230769230769231, 1.9230769230769231, 1.9230769230769231, 1.9230769230769231, 1.9230769230769231, 1.9230769230769231]
Demand dists:    DataType[Distributions.NegativeBinomial{Float64}, Distributions.NegativeBinomial{Float64}, Distributions.NegativeBinomial{Float64}, Distributions.NegativeBinomial{Float64}, Distributions.NegativeBinomial{Float64}, Distributions.NegativeBinomial{Float64}, Distributions.NegativeBinomial{Float64}, Distributions.NegativeBinomial{Float64}, Distributions.NegativeBinomial{Float64}, Distributions.NegativeBinomial{Float64}, Distributions.NegativeBinomial{Float64}, Distributions.NegativeBinomial{Float64}, Distributions.NegativeBinomial{Float64}, Distributions.NegativeBinomial{Float64}, Distributions.NegativeBinomial{Float64}, Distributions.NegativeBinomial{Float64}, Distributions.NegativeBinomial{Float64}, Distributions.NegativeBinomial{Float64}, Distributions.NegativeBinomial{Float64}, Distributions.NegativeBinomial{Float64}, Distributions.NegativeBinomial{Float64}, Distributions.NegativeBinomial{Float64}, Distributions.NegativeBinomial{Float64}, Distributions.NegativeBinomial{Float64}, Distributions.NegativeBinomial{Float64}, Distributions.NegativeBinomial{Float64}, Distributions.NegativeBinomial{Float64}, Distributions.NegativeBinomial{Float64}, Distributions.NegativeBinomial{Float64}, Distributions.NegativeBinomial{Float64}, Distributions.NegativeBinomial{Float64}, Distributions.NegativeBinomial{Float64}, Distributions.NegativeBinomial{Float64}, Distributions.NegativeBinomial{Float64}, Distributions.NegativeBinomial{Float64}, Distributions.NegativeBinomial{Float64}, Distributions.NegativeBinomial{Float64}, Distributions.NegativeBinomial{Float64}, Distributions.NegativeBinomial{Float64}, Distributions.NegativeBinomial{Float64}, Distributions.NegativeBinomial{Float64}, Distributions.NegativeBinomial{Float64}, Distributions.NegativeBinomial{Float64}, Distributions.NegativeBinomial{Float64}, Distributions.NegativeBinomial{Float64}, Distributions.NegativeBinomial{Float64}, Distributions.NegativeBinomial{Float64}, Distributions.NegativeBinomial{Float64}, Distributions.NegativeBinomial{Float64}, Distributions.NegativeBinomial{Float64}]
Demand means:    [0.9615384615384616, 0.9615384615384616, 0.9615384615384616, 0.9615384615384616, 0.9615384615384616, 0.9615384615384616, 0.9615384615384616, 0.9615384615384616, 0.9615384615384616, 0.9615384615384616, 0.9615384615384616, 0.9615384615384616, 0.9615384615384616, 0.9615384615384616, 0.9615384615384616, 0.4807692307692307, 0.4807692307692307, 0.4807692307692307, 0.4807692307692307, 0.4807692307692307, 0.4807692307692307, 0.4807692307692307, 0.4807692307692307, 0.4807692307692307, 0.4807692307692307, 0.4807692307692307, 0.4807692307692307, 0.4807692307692307, 0.4807692307692307, 0.4807692307692307, 0.24038461538461536, 0.24038461538461536, 0.24038461538461536, 0.24038461538461536, 0.24038461538461536, 0.24038461538461536, 0.24038461538461536, 0.24038461538461536, 0.24038461538461536, 0.24038461538461536, 0.24038461538461536, 0.24038461538461536, 0.24038461538461536, 0.24038461538461536, 0.24038461538461536, 0.24038461538461536, 0.24038461538461536, 0.24038461538461536, 0.24038461538461536, 0.24038461538461536]
============================================================

==================================================
Computing order-up-to vector via :solve_inf
==================================================

Method: solve_inf
Final objective: 391.8022888183594
z*: [17.0, 17.0, 17.0, 17.0, 17.0, 17.0, 17.0, 17.0, 17.0, 17.0, 17.0, 17.0, 17.0, 17.0, 17.0, 9.0, 9.0, 9.0, 9.0, 9.0, 9.0, 9.0, 9.0, 9.0, 9.0, 9.0, 9.0, 9.0, 9.0, 9.0, 5.0, 5.0, 5.0, 5.0, 5.0, 5.0, 5.0, 5.0, 5.0, 5.0, 5.0, 5.0, 5.0, 5.0, 5.0, 5.0, 5.0, 5.0, 5.0, 5.0]
Intervention value: 145.50184936523436

==================================================
Computing order-up-to vector via :find_stationary
==================================================

Method: find_stationary
Final residual: 0.013098773793458182
z*: [17.0, 17.0, 17.0, 17.0, 17.0, 17.0, 17.0, 17.0, 17.0, 17.0, 17.0, 17.0, 17.0, 17.0, 17.0, 9.0, 9.0, 9.0, 9.0, 9.0, 9.0, 9.0, 9.0, 9.0, 9.0, 9.0, 9.0, 9.0, 9.0, 9.0, 5.0, 5.0, 5.0, 5.0, 5.0, 5.0, 5.0, 5.0, 5.0, 5.0, 5.0, 5.0, 5.0, 5.0, 5.0, 5.0, 5.0, 5.0, 5.0, 5.0]
Intervention value: 145.50184936523436

==================================================
Summary:
  solve_inf:       z* = [17, 17, 17, 17, 17, 17, 17, 17, 17, 17, 17, 17, 17, 17, 17, 9, 9, 9, 9, 9, 9, 9, 9, 9, 9, 9, 9, 9, 9, 9, 5, 5, 5, 5, 5, 5, 5, 5, 5, 5, 5, 5, 5, 5, 5, 5, 5, 5, 5, 5]
  find_stationary: z* = [17, 17, 17, 17, 17, 17, 17, 17, 17, 17, 17, 17, 17, 17, 17, 9, 9, 9, 9, 9, 9, 9, 9, 9, 9, 9, 9, 9, 9, 9, 5, 5, 5, 5, 5, 5, 5, 5, 5, 5, 5, 5, 5, 5, 5, 5, 5, 5, 5, 5]
==================================================

============================================================
Evaluating method: solve_inf
============================================================

----------------------------------------
Evaluating ε = -1.25
----------------------------------------
Mean cost: 36762.78351437777 ± 116.79816079405836
  Inventory costs: 24517.625462029166
  Variable costs:  5041.521958288505
  Fixed costs:     7203.636094060074
  Simulation time: 471.7s

----------------------------------------
Evaluating ε = -2.5
----------------------------------------
Mean cost: 36984.70682440797 ± 123.38398225531989
  Inventory costs: 25415.16695673396
  Variable costs:  4999.227413216157
  Fixed costs:     6570.312454457872
  Simulation time: 474.0s

----------------------------------------
Evaluating ε = -5.0
----------------------------------------
Mean cost: 38486.66376148251 ± 110.47331303072636
  Inventory costs: 27399.47002358759
  Variable costs:  5040.808770282606
  Fixed costs:     6046.384967612279
  Simulation time: 528.5s

----------------------------------------
Evaluating ε = -7.5
----------------------------------------
Mean cost: 39705.595675242104 ± 164.76506220828531
  Inventory costs: 29226.29617699037
  Variable costs:  5007.668322615297
  Fixed costs:     5471.631175636399
  Simulation time: 535.8s

----------------------------------------
Evaluating ε = -10.0
----------------------------------------
Mean cost: 41327.67197795709 ± 116.16294541250153
  Inventory costs: 31198.39185269202
  Variable costs:  5036.9829076612705
  Fixed costs:     5092.297217603796
  Simulation time: 535.5s

----------------------------------------
Evaluating ε = -12.5
----------------------------------------
Mean cost: 43127.29249771878 ± 141.79466728281812
  Inventory costs: 33316.72187518727
  Variable costs:  5051.485121968095
  Fixed costs:     4759.0855005634485
  Simulation time: 545.7s

----------------------------------------
Evaluating ε = -15.0
----------------------------------------
Mean cost: 44242.73819685251 ± 83.30717338152172
  Inventory costs: 34771.07965050764
  Variable costs:  5007.63495354818
  Fixed costs:     4464.0235927966205
  Simulation time: 549.3s

----------------------------------------
Evaluating ε = -20.0
----------------------------------------
Mean cost: 47747.67533788063 ± 91.83706468098032
  Inventory costs: 38620.167823057214
  Variable costs:  5045.593621917864
  Fixed costs:     4081.913892905589
  Simulation time: 547.1s

----------------------------------------
Evaluating ε = -25.0
----------------------------------------
Mean cost: 50875.66024964644 ± 117.77585368427734
  Inventory costs: 42132.53734154725
  Variable costs:  5003.766204102931
  Fixed costs:     3739.356703996256
  Simulation time: 546.4s

----------------------------------------
Evaluating ε = -30.0
----------------------------------------
Mean cost: 54427.96993900983 ± 279.79101724730975
  Inventory costs: 45902.405094173446
  Variable costs:  5021.002072561303
  Fixed costs:     3504.5627722750805
  Simulation time: 544.9s

----------------------------------------
Evaluating ε = -40.0
----------------------------------------
Mean cost: 61132.07244574792 ± 134.58496074069797
  Inventory costs: 52977.04941013198
  Variable costs:  5034.076681611516
  Fixed costs:     3120.9463540044317
  Simulation time: 546.7s

----------------------------------------
Evaluating ε = -50.0
----------------------------------------
Mean cost: 67579.77289727793 ± 225.39073723003955
  Inventory costs: 59739.23750021738
  Variable costs:  5003.214838556463
  Fixed costs:     2837.320558504052
  Simulation time: 533.0s

----------------------------------------
Evaluating ε = -75.0
----------------------------------------
Mean cost: 85001.62709197044 ± 374.04588731345893
  Inventory costs: 77600.57502486711
  Variable costs:  5023.649699622621
  Fixed costs:     2377.4023674807167
  Simulation time: 543.5s

----------------------------------------
Evaluating ε = -100.0
----------------------------------------
Mean cost: 102226.82100615297 ± 338.5419641976492
  Inventory costs: 95154.86666258938
  Variable costs:  5000.152335456208
  Fixed costs:     2071.8020081073505
  Simulation time: 541.9s

==================================================
Best epsilon: -1.25 with cost: 36762.78351437777 ± 116.79816079405836
==================================================

============================================================
Evaluating method: find_stationary
============================================================

----------------------------------------
Evaluating ε = -1.25
----------------------------------------
Mean cost: 36686.070089271554 ± 108.12461201255243
  Inventory costs: 24486.908015053967
  Variable costs:  5049.612779590288
  Fixed costs:     7149.549294627375
  Simulation time: 539.4s

----------------------------------------
Evaluating ε = -2.5
----------------------------------------
Mean cost: 37411.3232697018 ± 74.35663974094408
  Inventory costs: 25543.22066872271
  Variable costs:  5083.398206385534
  Fixed costs:     6784.704394593589
  Simulation time: 542.7s

----------------------------------------
Evaluating ε = -5.0
----------------------------------------
Mean cost: 38316.03411641389 ± 111.8433747068672
  Inventory costs: 27389.816921682894
  Variable costs:  4997.532415287294
  Fixed costs:     5928.684779443674
  Simulation time: 553.4s

----------------------------------------
Evaluating ε = -7.5
----------------------------------------
Mean cost: 39815.48703491369 ± 43.46618587100157
  Inventory costs: 29319.243817606824
  Variable costs:  5031.838280547521
  Fixed costs:     5464.404936759473
  Simulation time: 539.3s

----------------------------------------
Evaluating ε = -10.0
----------------------------------------
Mean cost: 41363.90206999388 ± 141.8310745613523
  Inventory costs: 31304.666339785745
  Variable costs:  5010.832588720629
  Fixed costs:     5048.403141487431
  Simulation time: 564.9s

----------------------------------------
Evaluating ε = -12.5
----------------------------------------
Mean cost: 42972.5875424255 ± 142.7112030646299
  Inventory costs: 33136.211704920264
  Variable costs:  5054.859797788543
  Fixed costs:     4781.51603971673
  Simulation time: 541.8s

----------------------------------------
Evaluating ε = -15.0
----------------------------------------
Mean cost: 44330.25401504152 ± 102.3499895982742
  Inventory costs: 34859.84747970175
  Variable costs:  5013.985491673161
  Fixed costs:     4456.421043666616
  Simulation time: 548.1s

----------------------------------------
Evaluating ε = -20.0
----------------------------------------
Mean cost: 47813.674338017016 ± 115.05355529386921
  Inventory costs: 38660.735054157645
  Variable costs:  5062.761045917128
  Fixed costs:     4090.1782379422525
  Simulation time: 544.0s

----------------------------------------
Evaluating ε = -25.0
----------------------------------------
Mean cost: 50856.91202617563 ± 187.6584376814141
  Inventory costs: 42085.94992224752
  Variable costs:  5023.0530163889725
  Fixed costs:     3747.9090875391253
  Simulation time: 536.0s

----------------------------------------
Evaluating ε = -30.0
----------------------------------------
Mean cost: 54474.66355878221 ± 102.66653766672549
  Inventory costs: 45993.234426355346
  Variable costs:  5000.1365709594
  Fixed costs:     3481.2925614674705
  Simulation time: 536.3s

----------------------------------------
Evaluating ε = -40.0
----------------------------------------
Mean cost: 60553.79154708611 ± 159.041231887849
  Inventory costs: 52438.51713292934
  Variable costs:  5010.1532504508305
  Fixed costs:     3105.1211637059514
  Simulation time: 540.3s

----------------------------------------
Evaluating ε = -50.0
----------------------------------------
Mean cost: 67760.07615213792 ± 269.97796173262066
  Inventory costs: 59935.72268976328
  Variable costs:  5006.163301497366
  Fixed costs:     2818.1901608772873
  Simulation time: 539.9s

----------------------------------------
Evaluating ε = -75.0
----------------------------------------
Mean cost: 85368.44562953032 ± 246.4235327278505
  Inventory costs: 77960.79638283103
  Variable costs:  5030.958862173328
  Fixed costs:     2376.690384525964
  Simulation time: 522.7s

----------------------------------------
Evaluating ε = -100.0
----------------------------------------
Mean cost: 101599.78168428637 ± 355.54673548476427
  Inventory costs: 94540.29953671715
  Variable costs:  4994.927918798984
  Fixed costs:     2064.554228770251
  Simulation time: 515.6s

==================================================
Best epsilon: -1.25 with cost: 36686.070089271554 ± 108.12461201255243
==================================================
Skipping save for solve_inf: existing cost 35753.13163808852 <= new cost 36762.78351437777
Skipping save for find_stationary: existing cost 35862.81825006443 <= new cost 36686.070089271554

============================================================
FINAL RESULTS SUMMARY
============================================================

Method: solve_inf
  Order-up-to vector: [17, 17, 17, 17, 17, 17, 17, 17, 17, 17, 17, 17, 17, 17, 17, 9, 9, 9, 9, 9, 9, 9, 9, 9, 9, 9, 9, 9, 9, 9, 5, 5, 5, 5, 5, 5, 5, 5, 5, 5, 5, 5, 5, 5, 5, 5, 5, 5, 5, 5]
  Best epsilon: -1.25
  Best cost: 36762.78351437777 ± 116.79816079405836

Method: find_stationary
  Order-up-to vector: [17, 17, 17, 17, 17, 17, 17, 17, 17, 17, 17, 17, 17, 17, 17, 9, 9, 9, 9, 9, 9, 9, 9, 9, 9, 9, 9, 9, 9, 9, 5, 5, 5, 5, 5, 5, 5, 5, 5, 5, 5, 5, 5, 5, 5, 5, 5, 5, 5, 5]
  Best epsilon: -1.25
  Best cost: 36686.070089271554 ± 108.12461201255243

============================================================
Complete! Per-method results saved to:
  output/nn_training/results_50D_CaseML_solve_inf.json
  output/nn_training/results_50D_CaseML_find_stationary.json
============================================================

  Activating project at `~/DeepSJRP`
[ Info:  started timer at: 2026-04-28T18:55:55.045
┌ Warning: Layer with Float32 parameters got Float64 input.
│   The input will be converted, but any earlier layers may be very slow.
│   layer = Dense(50 => 1000, elu)  # 51_000 parameters
│   summary(x) = "50-element Vector{Float64}"
└ @ Flux ~/.julia/packages/Flux/DZYiO/src/layers/stateless.jl:60
RUNNING THE L-BFGS-B CODE

           * * *

Machine precision = 2.220D-16
 N =           50     M =           10

At X0         0 variables are exactly at the bounds

At iterate    0    f=  3.91802D+02    |proj g|=  4.56394D-03

           * * *

Tit   = total number of iterations
Tnf   = total number of function evaluations
Tnint = total number of segments explored during Cauchy searches
Skip  = number of BFGS updates skipped
Nact  = number of active bounds at final generalized Cauchy point
Projg = norm of the final projected gradient
F     = final function value

           * * *

   N    Tit     Tnf  Tnint  Skip  Nact     Projg        F
   50      0      1      0     0     0   4.564D-03   3.918D+02
  F =   391.80228881835939     

CONVERGENCE: NORM_OF_PROJECTED_GRADIENT_<=_PGTOL            

 Cauchy                time 0.000E+00 seconds.
 Subspace minimization time 0.000E+00 seconds.
 Line search           time 0.000E+00 seconds.

 Total User time 2.667E+00 seconds.

RUNNING THE L-BFGS-B CODE

           * * *

Machine precision = 2.220D-16
 N =           50     M =           10

At X0         0 variables are exactly at the bounds

At iterate    0    f=  1.71578D-04    |proj g|=  1.40623D-06

           * * *

Tit   = total number of iterations
Tnf   = total number of function evaluations
Tnint = total number of segments explored during Cauchy searches
Skip  = number of BFGS updates skipped
Nact  = number of active bounds at final generalized Cauchy point
Projg = norm of the final projected gradient
F     = final function value

           * * *

   N    Tit     Tnf  Tnint  Skip  Nact     Projg        F
   50      0      1      0     0     0   1.406D-06   1.716D-04
  F =   1.7157787489218684E-004

CONVERGENCE: NORM_OF_PROJECTED_GRADIENT_<=_PGTOL            

 Cauchy                time 0.000E+00 seconds.
 Subspace minimization time 0.000E+00 seconds.
 Line search           time 0.000E+00 seconds.

 Total User time 3.701E-01 seconds.

