
============================================================
DeepSJRP - Stochastic Joint Replenishment Problem Solver
============================================================
Instance: 50D_CaseLL
Options: Dict{Symbol, Any}(:beta_override => 1.0e6, :alpha_override => nothing, :device => :gpu, :nu_override => 0.1, :T_override => 0.2, :seed => 777)
============================================================

Device: CUDA GPU
CUDA toolchain: 
- runtime 12.8, local installation
- driver 580.126.16 for 13.2
- compiler 12.9

CUDA libraries: 
- CUBLAS: 12.8.4
- CURAND: 10.3.9
- CUFFT: 11.3.3
- CUSOLVER: 11.7.3
- CUSPARSE: 12.5.8
- CUPTI: 2025.1.1 (API 12.8.0)
- NVML: 13.0.0+580.126.16

Julia packages: 
- CUDA: 5.11.0
- GPUArrays: 11.4.1
- GPUCompiler: 1.9.1
- KernelAbstractions: 0.9.41
- CUDA_Driver_jll: 13.2.0+0
- CUDA_Compiler_jll: 0.4.2+0
- CUDA_Runtime_jll: 0.21.0+0
- CUDA_Runtime_Discovery: 1.0.0

Toolchain:
- Julia: 1.11.7
- LLVM: 16.0.6

Preferences:
- CUDA_Runtime_jll.version: local

1 device:
  0: NVIDIA H100 80GB HBM3 (sm_90, 79.175 GiB / 79.647 GiB available)
BLAS threads: 1
Julia threads: 10

Benchmark source: QS

============================================================
IMPULSE CONTROL PROBLEM (scaled, annual)
============================================================
Instance: 50D_CaseLL
Dimension: 50
Interest rate: 0.05
Cost scaling κ: 0.01

Drift μ (annual demand rates): [50.0, 50.0, 50.0, 50.0, 50.0, 50.0, 50.0, 50.0, 50.0, 50.0, 50.0, 50.0, 50.0, 50.0, 50.0, 25.0, 25.0, 25.0, 25.0, 25.0, 25.0, 25.0, 25.0, 25.0, 25.0, 25.0, 25.0, 25.0, 25.0, 25.0, 12.5, 12.5, 12.5, 12.5, 12.5, 12.5, 12.5, 12.5, 12.5, 12.5, 12.5, 12.5, 12.5, 12.5, 12.5, 12.5, 12.5, 12.5, 12.5, 12.5]
Covariance Σ diagonal: [50.0, 50.0, 50.0, 50.0, 50.0, 50.0, 50.0, 50.0, 50.0, 50.0, 50.0, 50.0, 50.0, 50.0, 50.0, 25.0, 25.0, 25.0, 25.0, 25.0, 25.0, 25.0, 25.0, 25.0, 25.0, 25.0, 25.0, 25.0, 25.0, 25.0, 12.5, 12.5, 12.5, 12.5, 12.5, 12.5, 12.5, 12.5, 12.5, 12.5, 12.5, 12.5, 12.5, 12.5, 12.5, 12.5, 12.5, 12.5, 12.5, 12.5]

Scaled costs (× κ = 0.01):
  Fixed cost K:    0.5
  Variable costs c: [0.001, 0.001, 0.001, 0.001, 0.001, 0.001, 0.001, 0.001, 0.001, 0.001, 0.001, 0.001, 0.001, 0.001, 0.001, 0.002, 0.002, 0.002, 0.002, 0.002, 0.002, 0.002, 0.002, 0.002, 0.002, 0.002, 0.002, 0.002, 0.002, 0.002, 0.004, 0.004, 0.004, 0.004, 0.004, 0.004, 0.004, 0.004, 0.004, 0.004, 0.004, 0.004, 0.004, 0.004, 0.004, 0.004, 0.004, 0.004, 0.004, 0.004]
  Holding costs h:  [0.01, 0.01, 0.01, 0.01, 0.01, 0.01, 0.01, 0.01, 0.01, 0.01, 0.01, 0.01, 0.01, 0.01, 0.01, 0.02, 0.02, 0.02, 0.02, 0.02, 0.02, 0.02, 0.02, 0.02, 0.02, 0.02, 0.02, 0.02, 0.02, 0.02, 0.04, 0.04, 0.04, 0.04, 0.04, 0.04, 0.04, 0.04, 0.04, 0.04, 0.04, 0.04, 0.04, 0.04, 0.04, 0.04, 0.04, 0.04, 0.04, 0.04]
  Penalty costs p:  [0.25, 0.25, 0.25, 0.25, 0.25, 0.25, 0.25, 0.25, 0.25, 0.25, 0.25, 0.25, 0.25, 0.25, 0.25, 0.5, 0.5, 0.5, 0.5, 0.5, 0.5, 0.5, 0.5, 0.5, 0.5, 0.5, 0.5, 0.5, 0.5, 0.5, 1.0, 1.0, 1.0, 1.0, 1.0, 1.0, 1.0, 1.0, 1.0, 1.0, 1.0, 1.0, 1.0, 1.0, 1.0, 1.0, 1.0, 1.0, 1.0, 1.0]

Original costs (unscaled):
  Fixed cost K:    50.0
  Variable costs c: [0.1, 0.1, 0.1, 0.1, 0.1, 0.1, 0.1, 0.1, 0.1, 0.1, 0.1, 0.1, 0.1, 0.1, 0.1, 0.2, 0.2, 0.2, 0.2, 0.2, 0.2, 0.2, 0.2, 0.2, 0.2, 0.2, 0.2, 0.2, 0.2, 0.2, 0.4, 0.4, 0.4, 0.4, 0.4, 0.4, 0.4, 0.4, 0.4, 0.4, 0.4, 0.4, 0.4, 0.4, 0.4, 0.4, 0.4, 0.4, 0.4, 0.4]
  Holding costs h:  [1.0, 1.0, 1.0, 1.0, 1.0, 1.0, 1.0, 1.0, 1.0, 1.0, 1.0, 1.0, 1.0, 1.0, 1.0, 2.0, 2.0, 2.0, 2.0, 2.0, 2.0, 2.0, 2.0, 2.0, 2.0, 2.0, 2.0, 2.0, 2.0, 2.0, 4.0, 4.0, 4.0, 4.0, 4.0, 4.0, 4.0, 4.0, 4.0, 4.0, 4.0, 4.0, 4.0, 4.0, 4.0, 4.0, 4.0, 4.0, 4.0, 4.0]
  Penalty costs p:  [25.0, 25.0, 25.0, 25.0, 25.0, 25.0, 25.0, 25.0, 25.0, 25.0, 25.0, 25.0, 25.0, 25.0, 25.0, 50.0, 50.0, 50.0, 50.0, 50.0, 50.0, 50.0, 50.0, 50.0, 50.0, 50.0, 50.0, 50.0, 50.0, 50.0, 100.0, 100.0, 100.0, 100.0, 100.0, 100.0, 100.0, 100.0, 100.0, 100.0, 100.0, 100.0, 100.0, 100.0, 100.0, 100.0, 100.0, 100.0, 100.0, 100.0]
============================================================

============================================================
TRAINING HYPERPARAMETERS
============================================================
Benchmark source: QS
Precision:        Float32
Batch size:       5000
Num intervals:    100
T horizon:        0.2
Num iterations:   40000
Learning rates:   [0.001, 0.0002, 0.0001, 1.0e-5, 1.0e-6]
LR steps:         [1, 5000, 10000, 20000, 30000]
Beta penalty:     [1.0, 10.0, 100.0, 1000.0, 10000.0, 1.0e6]
Penalty steps:    [1, 2500, 5000, 7500, 10000, 20000]
Lambda rate:      5.872242335766425
S guess:          [[11.0, 11.0, 11.0, 11.0, 11.0, 11.0, 11.0, 11.0, 11.0, 11.0, 11.0, 11.0, 11.0, 11.0, 11.0, 6.0, 6.0, 6.0, 6.0, 6.0, 6.0, 6.0, 6.0, 6.0, 6.0, 6.0, 6.0, 6.0, 6.0, 6.0, 4.0, 4.0, 4.0, 4.0, 4.0, 4.0, 4.0, 4.0, 4.0, 4.0, 4.0, 4.0, 4.0, 4.0, 4.0, 4.0, 4.0, 4.0, 4.0, 4.0]]
Nu radius:        0.1
S distribution:   lognormal
Alpha factor:     0.0
Alpha js:         [0.0, 0.0, 0.0, 0.0, 0.0, 0.0, 0.0, 0.0, 0.0, 0.0, 0.0, 0.0, 0.0, 0.0, 0.0, 0.0, 0.0, 0.0, 0.0, 0.0, 0.0, 0.0, 0.0, 0.0, 0.0, 0.0, 0.0, 0.0, 0.0, 0.0, 0.0, 0.0, 0.0, 0.0, 0.0, 0.0, 0.0, 0.0, 0.0, 0.0, 0.0, 0.0, 0.0, 0.0, 0.0, 0.0, 0.0, 0.0, 0.0, 0.0]
Cost scaling:     0.01

Neural network architecture:
  Hidden layers:  4
  Width:          1000
  Activation:     elu

Optimization parameters:
  Start factor:   1.0
  Lower factor:   0.5
  Upper factor:   1.5
  Sim runs:       10
  Sim horizon:    5000
  Epsilons:       [-1.25, -2.5, -5.0, -7.5, -10.0, -12.5, -15.0, -20.0, -25.0, -30.0, -40.0, -50.0, -75.0, -100.0]
============================================================

Gradient network G (∇V):
Chain(
  Dense(50 => 1000, elu),               # 51_000 parameters
  Dense(1000 => 1000, elu),             # 1_001_000 parameters
  Dense(1000 => 1000, elu),             # 1_001_000 parameters
  Dense(1000 => 1000, elu),             # 1_001_000 parameters
  Dense(1000 => 50),                    # 50_050 parameters
)                   # Total: 10 arrays, 3_104_050 parameters, 1.562 KiB.

Value network H (V):
Chain(
  Dense(50 => 1000, elu),               # 51_000 parameters
  Dense(1000 => 1000, elu),             # 1_001_000 parameters
  Dense(1000 => 1000, elu),             # 1_001_000 parameters
  Dense(1000 => 1000, elu),             # 1_001_000 parameters
  Dense(1000 => 1),                     # 1_001 parameters
)                   # Total: 10 arrays, 3_055_001 parameters, 1.562 KiB.


============================================================
Starting neural network training...
============================================================

Starting training with steady-state sampler:
-----------------------------------------
Epoch: 1; Penalty β updated to: 1.0
-----------------------------------------
─── Device check ───
  x_tn: CuArray{Float32} (50, 100, 5000)
  dB: CuArray{Float32} (50, 100, 5000)
  dU: CuArray{Float32} (50, 100, 5000)
  exponentials: CuArray{Float32} (1, 100)
  loss_dB: CuArray{Float32} (1, 5000)
  loss_df: CuArray{Float32} (1, 5000)
  loss_dU: CuArray{Float32} (1, 5000)
  H_x0: CuArray{Float32} (1, 5000)
  H_xT: CuArray{Float32} (1, 5000)
  penalties: CuArray{Float32} (1, 5000)
────────────────────
Epoch: 1; Computation time: 63.919325311; Current value of V(0): 0.0
Lagrangian objective: 5738.409; Average H(x0): 0.0; Quantile-hedge α(β): 52.019999999999996
Simulation time per epoch: 11.048286161; Gradient computation time: 40.258603768; Testing time: 11.808603418
Epoch: 1000; Computation time: 403.452595884; Current value of V(0): 128280.4931640625
Lagrangian objective: -3122.274; Average H(x0): 5738.423; Quantile-hedge α(β): 0.7600000000000051
Simulation time per epoch: 0.074058799; Gradient computation time: 0.181499163; Testing time: 0.083072047
Epoch: 2000; Computation time: 742.47044804; Current value of V(0): 162382.48291015625
Lagrangian objective: -3111.4675; Average H(x0): 5750.9736; Quantile-hedge α(β): 0.7399999999999962
Simulation time per epoch: 0.07478137; Gradient computation time: 0.181071322; Testing time: 0.08341962
-----------------------------------------
Epoch: 2500; Penalty β updated to: 10.0
-----------------------------------------
Epoch: 3000; Computation time: 1080.25328452; Current value of V(0): 46482.073974609375
Lagrangian objective: -628.2274; Average H(x0): 976.7613; Quantile-hedge α(β): 17.600000000000005
Simulation time per epoch: 0.07427632; Gradient computation time: 0.180117503; Testing time: 0.082815141
Epoch: 4000; Computation time: 1417.620628654; Current value of V(0): 47705.4443359375
Lagrangian objective: -628.81; Average H(x0): 982.4704; Quantile-hedge α(β): 16.579999999999995
Simulation time per epoch: 0.074258233; Gradient computation time: 0.18035144; Testing time: 0.082825796
-----------------------------------------
Epoch: 5000; Penalty β updated to: 100.0
-----------------------------------------
Epoch: 5000; Computation time: 1755.091332649; Current value of V(0): 48823.91357421875
Lagrangian objective: 2559.263; Average H(x0): 979.5558; Quantile-hedge α(β): 15.239999999999998
Simulation time per epoch: 0.074170147; Gradient computation time: 0.180415367; Testing time: 0.0828495
Epoch: 6000; Computation time: 2092.450172957; Current value of V(0): 25093.502807617188
Lagrangian objective: -303.0625; Average H(x0): 360.7253; Quantile-hedge α(β): 42.2
Simulation time per epoch: 0.074259259; Gradient computation time: 0.180500684; Testing time: 0.08281158
Epoch: 7000; Computation time: 2429.832147647; Current value of V(0): 25016.217041015625
Lagrangian objective: -297.2272; Average H(x0): 358.9108; Quantile-hedge α(β): 43.36
Simulation time per epoch: 0.074240063; Gradient computation time: 0.180403127; Testing time: 0.08282017
-----------------------------------------
Epoch: 7500; Penalty β updated to: 1000.0
-----------------------------------------
Epoch: 8000; Computation time: 2767.278658773; Current value of V(0): 18575.13427734375
Lagrangian objective: -232.41917; Average H(x0): 251.4939; Quantile-hedge α(β): 77.82
Simulation time per epoch: 0.074098905; Gradient computation time: 0.180173487; Testing time: 0.082857702
Epoch: 9000; Computation time: 3104.623545184; Current value of V(0): 18558.80584716797
Lagrangian objective: -231.7591; Average H(x0): 249.8812; Quantile-hedge α(β): 79.34
Simulation time per epoch: 0.074306751; Gradient computation time: 0.180130715; Testing time: 0.082799695
-----------------------------------------
Epoch: 10000; Penalty β updated to: 10000.0
-----------------------------------------
Epoch: 10000; Computation time: 3441.966081244; Current value of V(0): 18569.644165039062
Lagrangian objective: -68.7821; Average H(x0): 249.244; Quantile-hedge α(β): 78.75999999999999
Simulation time per epoch: 0.074169124; Gradient computation time: 0.180130998; Testing time: 0.082832365
Epoch: 11000; Computation time: 3779.330917453; Current value of V(0): 16547.776794433594
Lagrangian objective: -212.59973; Average H(x0): 219.79437; Quantile-hedge α(β): 94.16
Simulation time per epoch: 0.074264103; Gradient computation time: 0.180076579; Testing time: 0.082806863
Epoch: 12000; Computation time: 4116.694890525; Current value of V(0): 16499.49493408203
Lagrangian objective: -210.25725; Average H(x0): 217.817; Quantile-hedge α(β): 94.88
Simulation time per epoch: 0.074271552; Gradient computation time: 0.180113629; Testing time: 0.082812259
Epoch: 13000; Computation time: 4454.057785534; Current value of V(0): 16329.733276367188
Lagrangian objective: -201.83563; Average H(x0): 213.758; Quantile-hedge α(β): 95.1
Simulation time per epoch: 0.07428558; Gradient computation time: 0.179982037; Testing time: 0.082808863
Epoch: 14000; Computation time: 4791.40984604; Current value of V(0): 16319.581604003906
Lagrangian objective: -205.84966; Average H(x0): 213.23383; Quantile-hedge α(β): 95.89999999999999
Simulation time per epoch: 0.074298153; Gradient computation time: 0.180274697; Testing time: 0.082785602
Epoch: 15000; Computation time: 5128.766774941; Current value of V(0): 15925.149536132812
Lagrangian objective: -201.76543; Average H(x0): 205.13078; Quantile-hedge α(β): 97.5
Simulation time per epoch: 0.074262639; Gradient computation time: 0.180055181; Testing time: 0.082822303
Epoch: 16000; Computation time: 5466.127705246; Current value of V(0): 16153.988647460938
Lagrangian objective: -199.12; Average H(x0): 210.06715; Quantile-hedge α(β): 95.58
Simulation time per epoch: 0.074153399; Gradient computation time: 0.180308071; Testing time: 0.082933282
Epoch: 17000; Computation time: 5803.495802662; Current value of V(0): 16014.443969726562
Lagrangian objective: -202.15697; Average H(x0): 208.74495; Quantile-hedge α(β): 96.46000000000001
Simulation time per epoch: 0.074266489; Gradient computation time: 0.180189805; Testing time: 0.082817614
Epoch: 18000; Computation time: 6140.911422279; Current value of V(0): 15905.555725097656
Lagrangian objective: -201.17458; Average H(x0): 207.40138; Quantile-hedge α(β): 96.48
Simulation time per epoch: 0.074281212; Gradient computation time: 0.180289178; Testing time: 0.082825075
Epoch: 19000; Computation time: 6478.294700773; Current value of V(0): 16335.972595214844
Lagrangian objective: -205.35619; Average H(x0): 214.4743; Quantile-hedge α(β): 95.26
Simulation time per epoch: 0.074310747; Gradient computation time: 0.180354473; Testing time: 0.08280962
-----------------------------------------
Epoch: 20000; Penalty β updated to: 1.0e6
-----------------------------------------
Epoch: 20000; Computation time: 6815.663014946; Current value of V(0): 15953.851318359375
Lagrangian objective: 482.2493; Average H(x0): 205.939; Quantile-hedge α(β): 96.46000000000001
Simulation time per epoch: 0.07424699; Gradient computation time: 0.180167261; Testing time: 0.08282865
Epoch: 21000; Computation time: 7153.040549488; Current value of V(0): 15455.607604980469
Lagrangian objective: -195.33287; Average H(x0): 197.9695; Quantile-hedge α(β): 99.92
Simulation time per epoch: 0.074309201; Gradient computation time: 0.180503843; Testing time: 0.082940249
Epoch: 22000; Computation time: 7490.407644339; Current value of V(0): 15317.216491699219
Lagrangian objective: -193.78963; Average H(x0): 194.908; Quantile-hedge α(β): 99.9
Simulation time per epoch: 0.074287827; Gradient computation time: 0.180428017; Testing time: 0.082775843
Epoch: 23000; Computation time: 7827.761434009; Current value of V(0): 15391.215515136719
Lagrangian objective: -188.30649; Average H(x0): 195.92337; Quantile-hedge α(β): 99.8
Simulation time per epoch: 0.074284939; Gradient computation time: 0.180306692; Testing time: 0.082820529
Epoch: 24000; Computation time: 8165.126774685; Current value of V(0): 13676.473999023438
Lagrangian objective: -165.2721; Average H(x0): 165.2721; Quantile-hedge α(β): 100.0
Simulation time per epoch: 0.074167157; Gradient computation time: 0.180477651; Testing time: 0.082906846
Epoch: 25000; Computation time: 8502.493109585; Current value of V(0): 15219.306945800781
Lagrangian objective: -188.95314; Average H(x0): 193.04797; Quantile-hedge α(β): 99.9
Simulation time per epoch: 0.074205522; Gradient computation time: 0.180086981; Testing time: 0.082871676
Epoch: 26000; Computation time: 8839.859316676; Current value of V(0): 15143.232727050781
Lagrangian objective: -187.20816; Average H(x0): 191.52615; Quantile-hedge α(β): 99.92
Simulation time per epoch: 0.074275166; Gradient computation time: 0.180099204; Testing time: 0.08283052
Epoch: 27000; Computation time: 9177.248891607; Current value of V(0): 14985.243225097656
Lagrangian objective: -187.57361; Average H(x0): 188.63354; Quantile-hedge α(β): 99.9
Simulation time per epoch: 0.074280627; Gradient computation time: 0.180194086; Testing time: 0.082808063
Epoch: 28000; Computation time: 9514.619325211; Current value of V(0): 15119.566345214844
Lagrangian objective: -188.03426; Average H(x0): 190.86115; Quantile-hedge α(β): 99.82
Simulation time per epoch: 0.074178624; Gradient computation time: 0.180562324; Testing time: 0.082934324
Epoch: 29000; Computation time: 9852.023798796; Current value of V(0): 15150.086975097656
Lagrangian objective: -182.88567; Average H(x0): 191.21729; Quantile-hedge α(β): 99.8
Simulation time per epoch: 0.074252282; Gradient computation time: 0.18071841; Testing time: 0.082814944
Epoch: 30000; Computation time: 10189.442283291; Current value of V(0): 15171.708679199219
Lagrangian objective: -189.538; Average H(x0): 192.046; Quantile-hedge α(β): 99.92
Simulation time per epoch: 0.074294051; Gradient computation time: 0.180186823; Testing time: 0.082805021
Epoch: 31000; Computation time: 10526.829718566; Current value of V(0): 15749.055480957031
Lagrangian objective: -197.68192; Average H(x0): 201.86263; Quantile-hedge α(β): 99.74
Simulation time per epoch: 0.074270692; Gradient computation time: 0.180051389; Testing time: 0.082803118
Epoch: 32000; Computation time: 10864.189341648; Current value of V(0): 15757.521057128906
Lagrangian objective: -199.92422; Average H(x0): 201.796; Quantile-hedge α(β): 99.82
Simulation time per epoch: 0.074308991; Gradient computation time: 0.180478194; Testing time: 0.082860545
Epoch: 33000; Computation time: 11201.555455088; Current value of V(0): 15756.497192382812
Lagrangian objective: -200.80368; Average H(x0): 201.54602; Quantile-hedge α(β): 99.83999999999999
Simulation time per epoch: 0.074255192; Gradient computation time: 0.180783411; Testing time: 0.082815372
Epoch: 34000; Computation time: 11538.921755419; Current value of V(0): 15765.852355957031
Lagrangian objective: -195.407; Average H(x0): 201.60127; Quantile-hedge α(β): 99.92
Simulation time per epoch: 0.074232124; Gradient computation time: 0.180216475; Testing time: 0.082857412
Epoch: 35000; Computation time: 11876.291354243; Current value of V(0): 15777.113342285156
Lagrangian objective: -201.63281; Average H(x0): 201.72055; Quantile-hedge α(β): 99.94
Simulation time per epoch: 0.074283018; Gradient computation time: 0.180521504; Testing time: 0.082828379
Epoch: 36000; Computation time: 12213.658066144; Current value of V(0): 15778.878784179688
Lagrangian objective: -198.28223; Average H(x0): 201.6876; Quantile-hedge α(β): 99.8
Simulation time per epoch: 0.074166689; Gradient computation time: 0.180270349; Testing time: 0.082816324
Epoch: 37000; Computation time: 12551.042372433; Current value of V(0): 15797.642517089844
Lagrangian objective: -199.37323; Average H(x0): 201.91914; Quantile-hedge α(β): 99.86
Simulation time per epoch: 0.074275997; Gradient computation time: 0.180053527; Testing time: 0.08280012
Epoch: 38000; Computation time: 12888.570750458; Current value of V(0): 15790.634155273438
Lagrangian objective: -197.13652; Average H(x0): 201.70047; Quantile-hedge α(β): 99.8
Simulation time per epoch: 0.074205587; Gradient computation time: 0.18046132; Testing time: 0.082943856
Epoch: 39000; Computation time: 13226.623232186; Current value of V(0): 15797.71728515625
Lagrangian objective: -199.44118; Average H(x0): 201.82574; Quantile-hedge α(β): 99.83999999999999
Simulation time per epoch: 0.074092243; Gradient computation time: 0.180674277; Testing time: 0.083086793
Epoch: 40000; Computation time: 13564.931298894; Current value of V(0): 15790.946960449219
Lagrangian objective: -200.61313; Average H(x0): 201.69458; Quantile-hedge α(β): 99.86
Simulation time per epoch: 0.074266243; Gradient computation time: 0.1805123; Testing time: 0.082899523

Training completed in 13564.931400726 seconds
Final V(0): 15790.704345703125

============================================================
Running policy evaluation...
============================================================


============================================================
INVENTORY PROBLEM (unscaled, weekly)
============================================================
Dimension:       50
Discount factor: 0.9990389236684376
Fixed cost:      50.0
Variable costs:  [0.1, 0.1, 0.1, 0.1, 0.1, 0.1, 0.1, 0.1, 0.1, 0.1, 0.1, 0.1, 0.1, 0.1, 0.1, 0.2, 0.2, 0.2, 0.2, 0.2, 0.2, 0.2, 0.2, 0.2, 0.2, 0.2, 0.2, 0.2, 0.2, 0.2, 0.4, 0.4, 0.4, 0.4, 0.4, 0.4, 0.4, 0.4, 0.4, 0.4, 0.4, 0.4, 0.4, 0.4, 0.4, 0.4, 0.4, 0.4, 0.4, 0.4]
Holding costs:   [0.019230769230769232, 0.019230769230769232, 0.019230769230769232, 0.019230769230769232, 0.019230769230769232, 0.019230769230769232, 0.019230769230769232, 0.019230769230769232, 0.019230769230769232, 0.019230769230769232, 0.019230769230769232, 0.019230769230769232, 0.019230769230769232, 0.019230769230769232, 0.019230769230769232, 0.038461538461538464, 0.038461538461538464, 0.038461538461538464, 0.038461538461538464, 0.038461538461538464, 0.038461538461538464, 0.038461538461538464, 0.038461538461538464, 0.038461538461538464, 0.038461538461538464, 0.038461538461538464, 0.038461538461538464, 0.038461538461538464, 0.038461538461538464, 0.038461538461538464, 0.07692307692307693, 0.07692307692307693, 0.07692307692307693, 0.07692307692307693, 0.07692307692307693, 0.07692307692307693, 0.07692307692307693, 0.07692307692307693, 0.07692307692307693, 0.07692307692307693, 0.07692307692307693, 0.07692307692307693, 0.07692307692307693, 0.07692307692307693, 0.07692307692307693, 0.07692307692307693, 0.07692307692307693, 0.07692307692307693, 0.07692307692307693, 0.07692307692307693]
Backlog costs:   [0.4807692307692308, 0.4807692307692308, 0.4807692307692308, 0.4807692307692308, 0.4807692307692308, 0.4807692307692308, 0.4807692307692308, 0.4807692307692308, 0.4807692307692308, 0.4807692307692308, 0.4807692307692308, 0.4807692307692308, 0.4807692307692308, 0.4807692307692308, 0.4807692307692308, 0.9615384615384616, 0.9615384615384616, 0.9615384615384616, 0.9615384615384616, 0.9615384615384616, 0.9615384615384616, 0.9615384615384616, 0.9615384615384616, 0.9615384615384616, 0.9615384615384616, 0.9615384615384616, 0.9615384615384616, 0.9615384615384616, 0.9615384615384616, 0.9615384615384616, 1.9230769230769231, 1.9230769230769231, 1.9230769230769231, 1.9230769230769231, 1.9230769230769231, 1.9230769230769231, 1.9230769230769231, 1.9230769230769231, 1.9230769230769231, 1.9230769230769231, 1.9230769230769231, 1.9230769230769231, 1.9230769230769231, 1.9230769230769231, 1.9230769230769231, 1.9230769230769231, 1.9230769230769231, 1.9230769230769231, 1.9230769230769231, 1.9230769230769231]
Demand dists:    DataType[Distributions.Poisson{Float64}, Distributions.Poisson{Float64}, Distributions.Poisson{Float64}, Distributions.Poisson{Float64}, Distributions.Poisson{Float64}, Distributions.Poisson{Float64}, Distributions.Poisson{Float64}, Distributions.Poisson{Float64}, Distributions.Poisson{Float64}, Distributions.Poisson{Float64}, Distributions.Poisson{Float64}, Distributions.Poisson{Float64}, Distributions.Poisson{Float64}, Distributions.Poisson{Float64}, Distributions.Poisson{Float64}, Distributions.Poisson{Float64}, Distributions.Poisson{Float64}, Distributions.Poisson{Float64}, Distributions.Poisson{Float64}, Distributions.Poisson{Float64}, Distributions.Poisson{Float64}, Distributions.Poisson{Float64}, Distributions.Poisson{Float64}, Distributions.Poisson{Float64}, Distributions.Poisson{Float64}, Distributions.Poisson{Float64}, Distributions.Poisson{Float64}, Distributions.Poisson{Float64}, Distributions.Poisson{Float64}, Distributions.Poisson{Float64}, Distributions.Poisson{Float64}, Distributions.Poisson{Float64}, Distributions.Poisson{Float64}, Distributions.Poisson{Float64}, Distributions.Poisson{Float64}, Distributions.Poisson{Float64}, Distributions.Poisson{Float64}, Distributions.Poisson{Float64}, Distributions.Poisson{Float64}, Distributions.Poisson{Float64}, Distributions.Poisson{Float64}, Distributions.Poisson{Float64}, Distributions.Poisson{Float64}, Distributions.Poisson{Float64}, Distributions.Poisson{Float64}, Distributions.Poisson{Float64}, Distributions.Poisson{Float64}, Distributions.Poisson{Float64}, Distributions.Poisson{Float64}, Distributions.Poisson{Float64}]
Demand means:    [0.9615384615384616, 0.9615384615384616, 0.9615384615384616, 0.9615384615384616, 0.9615384615384616, 0.9615384615384616, 0.9615384615384616, 0.9615384615384616, 0.9615384615384616, 0.9615384615384616, 0.9615384615384616, 0.9615384615384616, 0.9615384615384616, 0.9615384615384616, 0.9615384615384616, 0.4807692307692308, 0.4807692307692308, 0.4807692307692308, 0.4807692307692308, 0.4807692307692308, 0.4807692307692308, 0.4807692307692308, 0.4807692307692308, 0.4807692307692308, 0.4807692307692308, 0.4807692307692308, 0.4807692307692308, 0.4807692307692308, 0.4807692307692308, 0.4807692307692308, 0.2403846153846154, 0.2403846153846154, 0.2403846153846154, 0.2403846153846154, 0.2403846153846154, 0.2403846153846154, 0.2403846153846154, 0.2403846153846154, 0.2403846153846154, 0.2403846153846154, 0.2403846153846154, 0.2403846153846154, 0.2403846153846154, 0.2403846153846154, 0.2403846153846154, 0.2403846153846154, 0.2403846153846154, 0.2403846153846154, 0.2403846153846154, 0.2403846153846154]
============================================================

==================================================
Computing order-up-to vector via :solve_inf
==================================================

Method: solve_inf
Final objective: 201.63281921386718
z*: [11.0, 11.0, 11.0, 11.0, 11.0, 11.0, 11.0, 11.0, 11.0, 11.0, 11.0, 11.0, 11.0, 11.0, 11.0, 6.0, 6.0, 6.0, 6.0, 6.0, 6.0, 6.0, 6.0, 6.0, 6.0, 6.0, 6.0, 6.0, 6.0, 6.0, 4.0, 4.0, 4.0, 4.0, 4.0, 4.0, 4.0, 4.0, 4.0, 4.0, 4.0, 4.0, 4.0, 4.0, 4.0, 4.0, 4.0, 4.0, 4.0, 4.0]
Intervention value: -44.22579101562499

==================================================
Computing order-up-to vector via :find_stationary
==================================================

Method: find_stationary
Final residual: 0.01773434837395516
z*: [11.0, 11.0, 11.0, 11.0, 11.0, 11.0, 11.0, 11.0, 11.0, 11.0, 11.0, 11.0, 11.0, 11.0, 11.0, 6.0, 6.0, 6.0, 6.0, 6.0, 6.0, 6.0, 6.0, 6.0, 6.0, 6.0, 6.0, 6.0, 6.0, 6.0, 4.0, 4.0, 4.0, 4.0, 4.0, 4.0, 4.0, 4.0, 4.0, 4.0, 4.0, 4.0, 4.0, 4.0, 4.0, 4.0, 4.0, 4.0, 4.0, 4.0]
Intervention value: -44.22579101562499

==================================================
Summary:
  solve_inf:       z* = [11, 11, 11, 11, 11, 11, 11, 11, 11, 11, 11, 11, 11, 11, 11, 6, 6, 6, 6, 6, 6, 6, 6, 6, 6, 6, 6, 6, 6, 6, 4, 4, 4, 4, 4, 4, 4, 4, 4, 4, 4, 4, 4, 4, 4, 4, 4, 4, 4, 4]
  find_stationary: z* = [11, 11, 11, 11, 11, 11, 11, 11, 11, 11, 11, 11, 11, 11, 11, 6, 6, 6, 6, 6, 6, 6, 6, 6, 6, 6, 6, 6, 6, 6, 4, 4, 4, 4, 4, 4, 4, 4, 4, 4, 4, 4, 4, 4, 4, 4, 4, 4, 4, 4]
==================================================

============================================================
Evaluating method: solve_inf
============================================================

----------------------------------------
Evaluating ε = -1.25
----------------------------------------
Mean cost: 21678.635191478104 ± 27.175203511293105
  Inventory costs: 10900.367038436356
  Variable costs:  5002.930369933089
  Fixed costs:     5775.337783108627
  Simulation time: 481.0s

----------------------------------------
Evaluating ε = -2.5
----------------------------------------
Mean cost: 21897.42062749973 ± 35.2894040155667
  Inventory costs: 11480.714854432808
  Variable costs:  5012.530245846319
  Fixed costs:     5404.175527220613
  Simulation time: 517.5s

----------------------------------------
Evaluating ε = -5.0
----------------------------------------
Mean cost: 22551.891861387594 ± 30.928364508675944
  Inventory costs: 12639.813956032927
  Variable costs:  4993.769591772567
  Fixed costs:     4918.308313582093
  Simulation time: 532.1s

----------------------------------------
Evaluating ε = -7.5
----------------------------------------
Mean cost: 23437.85027844771 ± 28.98646653635018
  Inventory costs: 13824.37071690119
  Variable costs:  4989.495919445442
  Fixed costs:     4623.983642101151
  Simulation time: 546.1s

----------------------------------------
Evaluating ε = -10.0
----------------------------------------
Mean cost: 24417.21143381137 ± 40.24983426681787
  Inventory costs: 15025.362427762282
  Variable costs:  5003.466985874697
  Fixed costs:     4388.38202017444
  Simulation time: 550.6s

----------------------------------------
Evaluating ε = -12.5
----------------------------------------
Mean cost: 25557.678127551506 ± 39.55250497866717
  Inventory costs: 16338.522336162961
  Variable costs:  4997.14239237739
  Fixed costs:     4222.013399011147
  Simulation time: 539.8s

----------------------------------------
Evaluating ε = -15.0
----------------------------------------
Mean cost: 26528.582687006536 ± 46.526162740381544
  Inventory costs: 17492.07707298965
  Variable costs:  4984.083955274389
  Fixed costs:     4052.421658742468
  Simulation time: 539.4s

----------------------------------------
Evaluating ε = -20.0
----------------------------------------
Mean cost: 28924.59245515377 ± 53.21160520602276
  Inventory costs: 20112.876450522923
  Variable costs:  4995.310091160538
  Fixed costs:     3816.4059134703048
  Simulation time: 544.8s

----------------------------------------
Evaluating ε = -25.0
----------------------------------------
Mean cost: 31202.53604093156 ± 33.9085202048931
  Inventory costs: 22605.06920706354
  Variable costs:  4982.567615063885
  Fixed costs:     3614.8992188041643
  Simulation time: 538.7s

----------------------------------------
Evaluating ε = -30.0
----------------------------------------
Mean cost: 33699.6364857373 ± 83.47874898338598
  Inventory costs: 25238.375892891614
  Variable costs:  5000.446794217743
  Fixed costs:     3460.8137986279494
  Simulation time: 537.4s

----------------------------------------
Evaluating ε = -40.0
----------------------------------------
Mean cost: 38978.956047305524 ± 70.48275206938874
  Inventory costs: 30787.511530097214
  Variable costs:  4995.111637223924
  Fixed costs:     3196.332879984337
  Simulation time: 536.3s

----------------------------------------
Evaluating ε = -50.0
----------------------------------------
Mean cost: 44508.26277562382 ± 64.62494161589944
  Inventory costs: 36548.763221662615
  Variable costs:  4981.075121655894
  Fixed costs:     2978.424432305325
  Simulation time: 545.8s

----------------------------------------
Evaluating ε = -75.0
----------------------------------------
Mean cost: 59323.18697519098 ± 130.81913943121415
  Inventory costs: 51736.31046448802
  Variable costs:  4988.36239758553
  Fixed costs:     2598.514113117443
  Simulation time: 538.1s

----------------------------------------
Evaluating ε = -100.0
----------------------------------------
Mean cost: 75143.72339552725 ± 99.95919640570592
  Inventory costs: 67841.51449611477
  Variable costs:  4979.706469265972
  Fixed costs:     2322.5024301466933
  Simulation time: 538.4s

==================================================
Best epsilon: -1.25 with cost: 21678.635191478104 ± 27.175203511293105
==================================================

============================================================
Evaluating method: find_stationary
============================================================

----------------------------------------
Evaluating ε = -1.25
----------------------------------------
Mean cost: 21774.451513506294 ± 40.43636363455457
  Inventory costs: 10934.348640924309
  Variable costs:  5017.302526877376
  Fixed costs:     5822.8003457046025
  Simulation time: 537.8s

----------------------------------------
Evaluating ε = -2.5
----------------------------------------
Mean cost: 21910.92558649101 ± 24.850325540529184
  Inventory costs: 11504.6254658034
  Variable costs:  4998.448988271225
  Fixed costs:     5407.85113241634
  Simulation time: 538.5s

----------------------------------------
Evaluating ε = -5.0
----------------------------------------
Mean cost: 22621.862766091323 ± 47.06077532529493
  Inventory costs: 12660.50815397252
  Variable costs:  5012.157247454834
  Fixed costs:     4949.1973646639535
  Simulation time: 531.8s

----------------------------------------
Evaluating ε = -7.5
----------------------------------------
Mean cost: 23569.537876449678 ± 34.04697548688645
  Inventory costs: 13934.803998120016
  Variable costs:  4999.165696687617
  Fixed costs:     4635.56818164202
  Simulation time: 542.5s

----------------------------------------
Evaluating ε = -10.0
----------------------------------------
Mean cost: 24430.74209648223 ± 25.50987147342554
  Inventory costs: 15050.341076486773
  Variable costs:  4990.98766415045
  Fixed costs:     4389.41335584502
  Simulation time: 541.4s

----------------------------------------
Evaluating ε = -12.5
----------------------------------------
Mean cost: 25551.17030867369 ± 50.58106829364345
  Inventory costs: 16343.763513509377
  Variable costs:  4999.775809050758
  Fixed costs:     4207.630986113549
  Simulation time: 540.5s

----------------------------------------
Evaluating ε = -15.0
----------------------------------------
Mean cost: 26589.511508804415 ± 35.3699762712019
  Inventory costs: 17548.46535483929
  Variable costs:  4992.780238069228
  Fixed costs:     4048.2659158958695
  Simulation time: 544.8s

----------------------------------------
Evaluating ε = -20.0
----------------------------------------
Mean cost: 28986.259697458656 ± 42.75103918213764
  Inventory costs: 20173.20500526282
  Variable costs:  4999.969689373507
  Fixed costs:     3813.0850028223504
  Simulation time: 537.5s

----------------------------------------
Evaluating ε = -25.0
----------------------------------------
Mean cost: 31222.22085746655 ± 39.52014938939253
  Inventory costs: 22621.938824511883
  Variable costs:  4989.682702640479
  Fixed costs:     3610.599330314176
  Simulation time: 541.8s

----------------------------------------
Evaluating ε = -30.0
----------------------------------------
Mean cost: 33757.485866834075 ± 66.66478315478544
  Inventory costs: 25323.72725773206
  Variable costs:  4983.393931021329
  Fixed costs:     3450.364678080725
  Simulation time: 545.1s

----------------------------------------
Evaluating ε = -40.0
----------------------------------------
Mean cost: 38963.10890064779 ± 74.46187053478319
  Inventory costs: 30805.714246119518
  Variable costs:  4979.090218563411
  Fixed costs:     3178.3044359648943
  Simulation time: 539.0s

----------------------------------------
Evaluating ε = -50.0
----------------------------------------
Mean cost: 44426.50063643938 ± 103.70109302075045
  Inventory costs: 36453.18452676471
  Variable costs:  4991.887242788483
  Fixed costs:     2981.4288668861855
  Simulation time: 539.9s

----------------------------------------
Evaluating ε = -75.0
----------------------------------------
Mean cost: 59294.90391572423 ± 76.6657611764868
  Inventory costs: 51707.22662458015
  Variable costs:  4988.518845967313
  Fixed costs:     2599.15844517676
  Simulation time: 505.8s

----------------------------------------
Evaluating ε = -100.0
----------------------------------------
Mean cost: 75739.00886395285 ± 96.90038117847112
  Inventory costs: 68424.8663470538
  Variable costs:  4989.366311238367
  Fixed costs:     2324.776205660707
  Simulation time: 483.4s

==================================================
Best epsilon: -1.25 with cost: 21774.451513506294 ± 40.43636363455457
==================================================
Improving solve_inf: 21701.541014944843 -> 21678.635191478104
Results saved to: output/nn_training/results_50D_CaseLL_solve_inf.json
Neural networks saved to: policies/policies50D/neural_networks_50D_CaseLL_solve_inf.bson
Improving find_stationary: 21784.664044114932 -> 21774.451513506294
Results saved to: output/nn_training/results_50D_CaseLL_find_stationary.json
Neural networks saved to: policies/policies50D/neural_networks_50D_CaseLL_find_stationary.bson

============================================================
FINAL RESULTS SUMMARY
============================================================

Method: solve_inf
  Order-up-to vector: [11, 11, 11, 11, 11, 11, 11, 11, 11, 11, 11, 11, 11, 11, 11, 6, 6, 6, 6, 6, 6, 6, 6, 6, 6, 6, 6, 6, 6, 6, 4, 4, 4, 4, 4, 4, 4, 4, 4, 4, 4, 4, 4, 4, 4, 4, 4, 4, 4, 4]
  Best epsilon: -1.25
  Best cost: 21678.635191478104 ± 27.175203511293105

Method: find_stationary
  Order-up-to vector: [11, 11, 11, 11, 11, 11, 11, 11, 11, 11, 11, 11, 11, 11, 11, 6, 6, 6, 6, 6, 6, 6, 6, 6, 6, 6, 6, 6, 6, 6, 4, 4, 4, 4, 4, 4, 4, 4, 4, 4, 4, 4, 4, 4, 4, 4, 4, 4, 4, 4]
  Best epsilon: -1.25
  Best cost: 21774.451513506294 ± 40.43636363455457

============================================================
Complete! Per-method results saved to:
  output/nn_training/results_50D_CaseLL_solve_inf.json
  output/nn_training/results_50D_CaseLL_find_stationary.json
============================================================

  Activating project at `~/DeepSJRP`
[ Info:  started timer at: 2026-04-29T03:00:45.189
┌ Warning: Layer with Float32 parameters got Float64 input.
│   The input will be converted, but any earlier layers may be very slow.
│   layer = Dense(50 => 1000, elu)  # 51_000 parameters
│   summary(x) = "50-element Vector{Float64}"
└ @ Flux ~/.julia/packages/Flux/DZYiO/src/layers/stateless.jl:60
RUNNING THE L-BFGS-B CODE

           * * *

Machine precision = 2.220D-16
 N =           50     M =           10

At X0         0 variables are exactly at the bounds

At iterate    0    f=  2.01633D+02    |proj g|=  2.80892D-03

           * * *

Tit   = total number of iterations
Tnf   = total number of function evaluations
Tnint = total number of segments explored during Cauchy searches
Skip  = number of BFGS updates skipped
Nact  = number of active bounds at final generalized Cauchy point
Projg = norm of the final projected gradient
F     = final function value

           * * *

   N    Tit     Tnf  Tnint  Skip  Nact     Projg        F
   50      0      1      0     0     0   2.809D-03   2.016D+02
  F =   201.63281921386718     

CONVERGENCE: NORM_OF_PROJECTED_GRADIENT_<=_PGTOL            

 Cauchy                time 0.000E+00 seconds.
 Subspace minimization time 0.000E+00 seconds.
 Line search           time 0.000E+00 seconds.

 Total User time 2.147E+00 seconds.

RUNNING THE L-BFGS-B CODE

           * * *

Machine precision = 2.220D-16
 N =           50     M =           10

At X0         0 variables are exactly at the bounds

At iterate    0    f=  3.14507D-04    |proj g|=  1.34880D-06

           * * *

Tit   = total number of iterations
Tnf   = total number of function evaluations
Tnint = total number of segments explored during Cauchy searches
Skip  = number of BFGS updates skipped
Nact  = number of active bounds at final generalized Cauchy point
Projg = norm of the final projected gradient
F     = final function value

           * * *

   N    Tit     Tnf  Tnint  Skip  Nact     Projg        F
   50      0      1      0     0     0   1.349D-06   3.145D-04
  F =   3.1450711224880596E-004

CONVERGENCE: NORM_OF_PROJECTED_GRADIENT_<=_PGTOL            

 Cauchy                time 0.000E+00 seconds.
 Subspace minimization time 0.000E+00 seconds.
 Line search           time 0.000E+00 seconds.

 Total User time 2.656E-01 seconds.

