
============================================================
DeepSJRP - Stochastic Joint Replenishment Problem Solver
============================================================
Instance: 50D_CaseMH
Options: Dict{Symbol, Any}(:beta_override => 100000.0, :alpha_override => nothing, :device => :gpu, :nu_override => 0.8, :T_override => 0.05, :seed => 777)
============================================================

Device: CUDA GPU
CUDA toolchain: 
- runtime 12.8, local installation
- driver 580.126.16 for 13.2
- compiler 12.9

CUDA libraries: 
- CUBLAS: 12.8.4
- CURAND: 10.3.9
- CUFFT: 11.3.3
- CUSOLVER: 11.7.3
- CUSPARSE: 12.5.8
- CUPTI: 2025.1.1 (API 12.8.0)
- NVML: 13.0.0+580.126.16

Julia packages: 
- CUDA: 5.11.0
- GPUArrays: 11.4.1
- GPUCompiler: 1.9.1
- KernelAbstractions: 0.9.41
- CUDA_Driver_jll: 13.2.0+0
- CUDA_Compiler_jll: 0.4.2+0
- CUDA_Runtime_jll: 0.21.0+0
- CUDA_Runtime_Discovery: 1.0.0

Toolchain:
- Julia: 1.11.7
- LLVM: 16.0.6

Preferences:
- CUDA_Runtime_jll.version: local

1 device:
  0: NVIDIA H100 80GB HBM3 (sm_90, 79.175 GiB / 79.647 GiB available)
BLAS threads: 1
Julia threads: 10

Benchmark source: QS

============================================================
IMPULSE CONTROL PROBLEM (scaled, annual)
============================================================
Instance: 50D_CaseMH
Dimension: 50
Interest rate: 0.05
Cost scaling κ: 0.01

Drift μ (annual demand rates): [50.0, 50.0, 50.0, 50.0, 50.0, 50.0, 50.0, 50.0, 50.0, 50.0, 50.0, 50.0, 50.0, 50.0, 50.0, 25.0, 25.0, 25.0, 25.0, 25.0, 25.0, 25.0, 25.0, 25.0, 25.0, 25.0, 25.0, 25.0, 25.0, 25.0, 12.5, 12.5, 12.5, 12.5, 12.5, 12.5, 12.5, 12.5, 12.5, 12.5, 12.5, 12.5, 12.5, 12.5, 12.5, 12.5, 12.5, 12.5, 12.5, 12.5]
Covariance Σ diagonal: [625.0, 625.0, 625.0, 625.0, 625.0, 625.0, 625.0, 625.0, 625.0, 625.0, 625.0, 625.0, 625.0, 625.0, 625.0, 156.25, 156.25, 156.25, 156.25, 156.25, 156.25, 156.25, 156.25, 156.25, 156.25, 156.25, 156.25, 156.25, 156.25, 156.25, 39.0625, 39.0625, 39.0625, 39.0625, 39.0625, 39.0625, 39.0625, 39.0625, 39.0625, 39.0625, 39.0625, 39.0625, 39.0625, 39.0625, 39.0625, 39.0625, 39.0625, 39.0625, 39.0625, 39.0625]

Scaled costs (× κ = 0.01):
  Fixed cost K:    2.5
  Variable costs c: [0.001, 0.001, 0.001, 0.001, 0.001, 0.001, 0.001, 0.001, 0.001, 0.001, 0.001, 0.001, 0.001, 0.001, 0.001, 0.002, 0.002, 0.002, 0.002, 0.002, 0.002, 0.002, 0.002, 0.002, 0.002, 0.002, 0.002, 0.002, 0.002, 0.002, 0.004, 0.004, 0.004, 0.004, 0.004, 0.004, 0.004, 0.004, 0.004, 0.004, 0.004, 0.004, 0.004, 0.004, 0.004, 0.004, 0.004, 0.004, 0.004, 0.004]
  Holding costs h:  [0.01, 0.01, 0.01, 0.01, 0.01, 0.01, 0.01, 0.01, 0.01, 0.01, 0.01, 0.01, 0.01, 0.01, 0.01, 0.02, 0.02, 0.02, 0.02, 0.02, 0.02, 0.02, 0.02, 0.02, 0.02, 0.02, 0.02, 0.02, 0.02, 0.02, 0.04, 0.04, 0.04, 0.04, 0.04, 0.04, 0.04, 0.04, 0.04, 0.04, 0.04, 0.04, 0.04, 0.04, 0.04, 0.04, 0.04, 0.04, 0.04, 0.04]
  Penalty costs p:  [0.25, 0.25, 0.25, 0.25, 0.25, 0.25, 0.25, 0.25, 0.25, 0.25, 0.25, 0.25, 0.25, 0.25, 0.25, 0.5, 0.5, 0.5, 0.5, 0.5, 0.5, 0.5, 0.5, 0.5, 0.5, 0.5, 0.5, 0.5, 0.5, 0.5, 1.0, 1.0, 1.0, 1.0, 1.0, 1.0, 1.0, 1.0, 1.0, 1.0, 1.0, 1.0, 1.0, 1.0, 1.0, 1.0, 1.0, 1.0, 1.0, 1.0]

Original costs (unscaled):
  Fixed cost K:    250.0
  Variable costs c: [0.1, 0.1, 0.1, 0.1, 0.1, 0.1, 0.1, 0.1, 0.1, 0.1, 0.1, 0.1, 0.1, 0.1, 0.1, 0.2, 0.2, 0.2, 0.2, 0.2, 0.2, 0.2, 0.2, 0.2, 0.2, 0.2, 0.2, 0.2, 0.2, 0.2, 0.4, 0.4, 0.4, 0.4, 0.4, 0.4, 0.4, 0.4, 0.4, 0.4, 0.4, 0.4, 0.4, 0.4, 0.4, 0.4, 0.4, 0.4, 0.4, 0.4]
  Holding costs h:  [1.0, 1.0, 1.0, 1.0, 1.0, 1.0, 1.0, 1.0, 1.0, 1.0, 1.0, 1.0, 1.0, 1.0, 1.0, 2.0, 2.0, 2.0, 2.0, 2.0, 2.0, 2.0, 2.0, 2.0, 2.0, 2.0, 2.0, 2.0, 2.0, 2.0, 4.0, 4.0, 4.0, 4.0, 4.0, 4.0, 4.0, 4.0, 4.0, 4.0, 4.0, 4.0, 4.0, 4.0, 4.0, 4.0, 4.0, 4.0, 4.0, 4.0]
  Penalty costs p:  [25.0, 25.0, 25.0, 25.0, 25.0, 25.0, 25.0, 25.0, 25.0, 25.0, 25.0, 25.0, 25.0, 25.0, 25.0, 50.0, 50.0, 50.0, 50.0, 50.0, 50.0, 50.0, 50.0, 50.0, 50.0, 50.0, 50.0, 50.0, 50.0, 50.0, 100.0, 100.0, 100.0, 100.0, 100.0, 100.0, 100.0, 100.0, 100.0, 100.0, 100.0, 100.0, 100.0, 100.0, 100.0, 100.0, 100.0, 100.0, 100.0, 100.0]
============================================================

============================================================
TRAINING HYPERPARAMETERS
============================================================
Benchmark source: QS
Precision:        Float32
Batch size:       5000
Num intervals:    100
T horizon:        0.05
Num iterations:   40000
Learning rates:   [0.001, 0.0002, 0.0001, 1.0e-5, 1.0e-6]
LR steps:         [1, 5000, 10000, 20000, 30000]
Beta penalty:     [1.0, 10.0, 100.0, 1000.0, 10000.0, 100000.0]
Penalty steps:    [1, 2500, 5000, 7500, 10000, 20000]
Lambda rate:      3.345389141085892
S guess:          [[31.0, 32.0, 31.0, 31.0, 31.0, 31.0, 32.0, 32.0, 31.0, 32.0, 31.0, 32.0, 31.0, 32.0, 32.0, 16.0, 16.0, 16.0, 16.0, 16.0, 16.0, 16.0, 16.0, 16.0, 16.0, 16.0, 16.0, 16.0, 16.0, 16.0, 8.0, 8.0, 8.0, 8.0, 8.0, 8.0, 8.0, 8.0, 8.0, 8.0, 8.0, 8.0, 8.0, 8.0, 8.0, 8.0, 8.0, 8.0, 8.0, 8.0]]
Nu radius:        0.8
S distribution:   lognormal
Alpha factor:     0.2
Alpha js:         [2.989188874079404, 2.989188874079404, 2.989188874079404, 2.989188874079404, 2.989188874079404, 2.989188874079404, 2.989188874079404, 2.989188874079404, 2.989188874079404, 2.989188874079404, 2.989188874079404, 2.989188874079404, 2.989188874079404, 2.989188874079404, 2.989188874079404, 1.494594437039702, 1.494594437039702, 1.494594437039702, 1.494594437039702, 1.494594437039702, 1.494594437039702, 1.494594437039702, 1.494594437039702, 1.494594437039702, 1.494594437039702, 1.494594437039702, 1.494594437039702, 1.494594437039702, 1.494594437039702, 1.494594437039702, 0.747297218519851, 0.747297218519851, 0.747297218519851, 0.747297218519851, 0.747297218519851, 0.747297218519851, 0.747297218519851, 0.747297218519851, 0.747297218519851, 0.747297218519851, 0.747297218519851, 0.747297218519851, 0.747297218519851, 0.747297218519851, 0.747297218519851, 0.747297218519851, 0.747297218519851, 0.747297218519851, 0.747297218519851, 0.747297218519851]
Cost scaling:     0.01

Neural network architecture:
  Hidden layers:  4
  Width:          1000
  Activation:     elu

Optimization parameters:
  Start factor:   1.0
  Lower factor:   0.5
  Upper factor:   1.5
  Sim runs:       10
  Sim horizon:    5000
  Epsilons:       [-1.25, -2.5, -5.0, -7.5, -10.0, -12.5, -15.0, -20.0, -25.0, -30.0, -40.0, -50.0, -75.0, -100.0]
============================================================

Gradient network G (∇V):
Chain(
  Dense(50 => 1000, elu),               # 51_000 parameters
  Dense(1000 => 1000, elu),             # 1_001_000 parameters
  Dense(1000 => 1000, elu),             # 1_001_000 parameters
  Dense(1000 => 1000, elu),             # 1_001_000 parameters
  Dense(1000 => 50),                    # 50_050 parameters
)                   # Total: 10 arrays, 3_104_050 parameters, 1.562 KiB.

Value network H (V):
Chain(
  Dense(50 => 1000, elu),               # 51_000 parameters
  Dense(1000 => 1000, elu),             # 1_001_000 parameters
  Dense(1000 => 1000, elu),             # 1_001_000 parameters
  Dense(1000 => 1000, elu),             # 1_001_000 parameters
  Dense(1000 => 1),                     # 1_001 parameters
)                   # Total: 10 arrays, 3_055_001 parameters, 1.562 KiB.


============================================================
Starting neural network training...
============================================================

Starting training with steady-state sampler:
-----------------------------------------
Epoch: 1; Penalty β updated to: 1.0
-----------------------------------------
─── Device check ───
  x_tn: CuArray{Float32} (50, 100, 5000)
  dB: CuArray{Float32} (50, 100, 5000)
  dU: CuArray{Float32} (50, 100, 5000)
  exponentials: CuArray{Float32} (1, 100)
  loss_dB: CuArray{Float32} (1, 5000)
  loss_df: CuArray{Float32} (1, 5000)
  loss_dU: CuArray{Float32} (1, 5000)
  H_x0: CuArray{Float32} (1, 5000)
  H_xT: CuArray{Float32} (1, 5000)
  penalties: CuArray{Float32} (1, 5000)
────────────────────
Epoch: 1; Computation time: 59.709815847; Current value of V(0): 0.0
Lagrangian objective: 37543.98; Average H(x0): 0.0; Quantile-hedge α(β): 49.36000000000001
Simulation time per epoch: 11.098586909; Gradient computation time: 37.210235285; Testing time: 10.664975348
Epoch: 1000; Computation time: 398.057045545; Current value of V(0): 3.2089611328125e6
Lagrangian objective: -40921.184; Average H(x0): 81256.195; Quantile-hedge α(β): 0.060000000000004494
Simulation time per epoch: 0.074543534; Gradient computation time: 0.18046752; Testing time: 0.082967277
Epoch: 2000; Computation time: 736.369191324; Current value of V(0): 4.033870703125e6
Lagrangian objective: -41110.555; Average H(x0): 81291.43; Quantile-hedge α(β): 0.0
Simulation time per epoch: 0.074485951; Gradient computation time: 0.18085278; Testing time: 0.083051007
-----------------------------------------
Epoch: 2500; Penalty β updated to: 10.0
-----------------------------------------
Epoch: 3000; Computation time: 1074.649702568; Current value of V(0): 523938.76953125
Lagrangian objective: -5056.169; Average H(x0): 9191.143; Quantile-hedge α(β): 0.48000000000000265
Simulation time per epoch: 0.074441945; Gradient computation time: 0.181078822; Testing time: 0.083191742
Epoch: 4000; Computation time: 1412.925686197; Current value of V(0): 567788.0859375
Lagrangian objective: -5001.298; Average H(x0): 9244.052; Quantile-hedge α(β): 0.40000000000000036
Simulation time per epoch: 0.07428253; Gradient computation time: 0.180962724; Testing time: 0.083106229
-----------------------------------------
Epoch: 5000; Penalty β updated to: 100.0
-----------------------------------------
Epoch: 5000; Computation time: 1751.403879542; Current value of V(0): 617271.09375
Lagrangian objective: 33246.25; Average H(x0): 9209.299; Quantile-hedge α(β): 0.41999999999999815
Simulation time per epoch: 0.074261738; Gradient computation time: 0.181028101; Testing time: 0.083067695
Epoch: 6000; Computation time: 2089.578217724; Current value of V(0): 148003.7841796875
Lagrangian objective: -1314.6189; Average H(x0): 1810.76; Quantile-hedge α(β): 10.799999999999999
Simulation time per epoch: 0.074263482; Gradient computation time: 0.180489497; Testing time: 0.083149213
Epoch: 7000; Computation time: 2427.754807884; Current value of V(0): 148602.4169921875
Lagrangian objective: -1310.1439; Average H(x0): 1819.4508; Quantile-hedge α(β): 9.919999999999995
Simulation time per epoch: 0.074293227; Gradient computation time: 0.180596405; Testing time: 0.083079505
-----------------------------------------
Epoch: 7500; Penalty β updated to: 1000.0
-----------------------------------------
Epoch: 8000; Computation time: 2766.048274549; Current value of V(0): 88984.50927734375
Lagrangian objective: -763.9778; Average H(x0): 885.2401; Quantile-hedge α(β): 50.42
Simulation time per epoch: 0.074400923; Gradient computation time: 0.180737273; Testing time: 0.083116762
Epoch: 9000; Computation time: 3104.356796046; Current value of V(0): 89502.80151367188
Lagrangian objective: -760.91156; Average H(x0): 893.4094; Quantile-hedge α(β): 49.0
Simulation time per epoch: 0.07418198; Gradient computation time: 0.180830936; Testing time: 0.083054108
-----------------------------------------
Epoch: 10000; Penalty β updated to: 10000.0
-----------------------------------------
Epoch: 10000; Computation time: 3442.506142914; Current value of V(0): 89012.59765625
Lagrangian objective: 336.9763; Average H(x0): 888.6377; Quantile-hedge α(β): 50.7
Simulation time per epoch: 0.074241647; Gradient computation time: 0.180235643; Testing time: 0.083237995
Epoch: 11000; Computation time: 3780.976204273; Current value of V(0): 75262.26806640625
Lagrangian objective: -615.4942; Average H(x0): 670.25586; Quantile-hedge α(β): 86.82
Simulation time per epoch: 0.074187012; Gradient computation time: 0.181053587; Testing time: 0.083349557
Epoch: 12000; Computation time: 4119.240882935; Current value of V(0): 74096.80786132812
Lagrangian objective: -600.47626; Average H(x0): 653.6964; Quantile-hedge α(β): 88.22
Simulation time per epoch: 0.074333373; Gradient computation time: 0.180827486; Testing time: 0.083139899
Epoch: 13000; Computation time: 4457.549988739; Current value of V(0): 74993.28002929688
Lagrangian objective: -605.33044; Average H(x0): 664.0217; Quantile-hedge α(β): 87.58
Simulation time per epoch: 0.074283411; Gradient computation time: 0.180599801; Testing time: 0.083102488
Epoch: 14000; Computation time: 4795.917940984; Current value of V(0): 74962.6220703125
Lagrangian objective: -611.1783; Average H(x0): 662.1764; Quantile-hedge α(β): 87.1
Simulation time per epoch: 0.074129771; Gradient computation time: 0.181071367; Testing time: 0.083390161
Epoch: 15000; Computation time: 5134.222500109; Current value of V(0): 76016.66870117188
Lagrangian objective: -607.40173; Average H(x0): 678.08905; Quantile-hedge α(β): 85.0
Simulation time per epoch: 0.07442304; Gradient computation time: 0.181091307; Testing time: 0.083069859
Epoch: 16000; Computation time: 5472.788511868; Current value of V(0): 74929.62646484375
Lagrangian objective: -605.0468; Average H(x0): 660.5056; Quantile-hedge α(β): 87.62
Simulation time per epoch: 0.074169817; Gradient computation time: 0.181039286; Testing time: 0.083250883
Epoch: 17000; Computation time: 5811.064658252; Current value of V(0): 73962.6220703125
Lagrangian objective: -593.27594; Average H(x0): 643.0278; Quantile-hedge α(β): 88.24
Simulation time per epoch: 0.074435368; Gradient computation time: 0.180704447; Testing time: 0.083133242
Epoch: 18000; Computation time: 6149.648227522; Current value of V(0): 74341.89453125
Lagrangian objective: -597.1163; Average H(x0): 652.34406; Quantile-hedge α(β): 88.6
Simulation time per epoch: 0.074327553; Gradient computation time: 0.180611466; Testing time: 0.08298682
Epoch: 19000; Computation time: 6487.935973652; Current value of V(0): 74379.41284179688
Lagrangian objective: -606.1381; Average H(x0): 655.2366; Quantile-hedge α(β): 89.2
Simulation time per epoch: 0.074446656; Gradient computation time: 0.180793255; Testing time: 0.083037841
-----------------------------------------
Epoch: 20000; Penalty β updated to: 100000.0
-----------------------------------------
Epoch: 20000; Computation time: 6826.748446056; Current value of V(0): 72935.12573242188
Lagrangian objective: -224.25494; Average H(x0): 635.2843; Quantile-hedge α(β): 91.36
Simulation time per epoch: 0.074181149; Gradient computation time: 0.18267304; Testing time: 0.083307721
Epoch: 21000; Computation time: 7165.975293292; Current value of V(0): 69669.98291015625
Lagrangian objective: -556.4227; Average H(x0): 585.26105; Quantile-hedge α(β): 96.94
Simulation time per epoch: 0.074027695; Gradient computation time: 0.181468713; Testing time: 0.083356573
Epoch: 22000; Computation time: 7505.184293129; Current value of V(0): 69524.8046875
Lagrangian objective: -548.1734; Average H(x0): 583.814; Quantile-hedge α(β): 96.66
Simulation time per epoch: 0.074219486; Gradient computation time: 0.181487799; Testing time: 0.083309827
Epoch: 23000; Computation time: 7844.454494276; Current value of V(0): 69589.58129882812
Lagrangian objective: -548.4632; Average H(x0): 584.67114; Quantile-hedge α(β): 97.26
Simulation time per epoch: 0.074192529; Gradient computation time: 0.181680009; Testing time: 0.083347822
Epoch: 24000; Computation time: 8183.841517727; Current value of V(0): 69428.759765625
Lagrangian objective: -548.9703; Average H(x0): 581.9814; Quantile-hedge α(β): 97.61999999999999
Simulation time per epoch: 0.074105042; Gradient computation time: 0.181497971; Testing time: 0.083286419
Epoch: 25000; Computation time: 8523.056254916; Current value of V(0): 69176.39770507812
Lagrangian objective: -561.04553; Average H(x0): 578.3693; Quantile-hedge α(β): 97.68
Simulation time per epoch: 0.074315312; Gradient computation time: 0.18163907; Testing time: 0.083276123
Epoch: 26000; Computation time: 8862.203454433; Current value of V(0): 69380.1025390625
Lagrangian objective: -547.8881; Average H(x0): 580.6504; Quantile-hedge α(β): 96.8
Simulation time per epoch: 0.074437207; Gradient computation time: 0.1813545; Testing time: 0.083246864
Epoch: 27000; Computation time: 9201.360251848; Current value of V(0): 69256.4208984375
Lagrangian objective: -545.3149; Average H(x0): 578.5363; Quantile-hedge α(β): 97.32
Simulation time per epoch: 0.074290303; Gradient computation time: 0.181902585; Testing time: 0.083927312
Epoch: 28000; Computation time: 9540.443107842; Current value of V(0): 69397.9736328125
Lagrangian objective: -552.3952; Average H(x0): 580.45; Quantile-hedge α(β): 97.44
Simulation time per epoch: 0.074150851; Gradient computation time: 0.181369107; Testing time: 0.083392998
Epoch: 29000; Computation time: 9879.584773306; Current value of V(0): 69813.12255859375
Lagrangian objective: -546.13556; Average H(x0): 587.3379; Quantile-hedge α(β): 97.08
Simulation time per epoch: 0.071321967; Gradient computation time: 0.181287782; Testing time: 0.083186834
Epoch: 30000; Computation time: 10218.577718177; Current value of V(0): 69537.3779296875
Lagrangian objective: -553.7136; Average H(x0): 582.8732; Quantile-hedge α(β): 97.18
Simulation time per epoch: 0.074122012; Gradient computation time: 0.18122945; Testing time: 0.083402702
Epoch: 31000; Computation time: 10557.775457232; Current value of V(0): 68996.39282226562
Lagrangian objective: -554.0007; Average H(x0): 574.2047; Quantile-hedge α(β): 97.76
Simulation time per epoch: 0.074190056; Gradient computation time: 0.181402766; Testing time: 0.083321345
Epoch: 32000; Computation time: 10896.993543521; Current value of V(0): 70109.82055664062
Lagrangian objective: -573.9901; Average H(x0): 591.1917; Quantile-hedge α(β): 96.98
Simulation time per epoch: 0.072786264; Gradient computation time: 0.185292353; Testing time: 0.083368159
Epoch: 33000; Computation time: 11236.195513381; Current value of V(0): 70050.4150390625
Lagrangian objective: -553.38916; Average H(x0): 590.2653; Quantile-hedge α(β): 96.48
Simulation time per epoch: 0.074247206; Gradient computation time: 0.181280204; Testing time: 0.083376321
Epoch: 34000; Computation time: 11575.367872864; Current value of V(0): 70131.25
Lagrangian objective: -569.4437; Average H(x0): 591.57294; Quantile-hedge α(β): 96.64
Simulation time per epoch: 0.074373633; Gradient computation time: 0.18126931; Testing time: 0.083294762
Epoch: 35000; Computation time: 11914.486467209; Current value of V(0): 70081.62231445312
Lagrangian objective: -564.936; Average H(x0): 590.9343; Quantile-hedge α(β): 96.17999999999999
Simulation time per epoch: 0.074292128; Gradient computation time: 0.182606747; Testing time: 0.083233258
Epoch: 36000; Computation time: 12253.641812276; Current value of V(0): 70304.19921875
Lagrangian objective: -567.86163; Average H(x0): 594.17615; Quantile-hedge α(β): 96.12
Simulation time per epoch: 0.074096774; Gradient computation time: 0.181418694; Testing time: 0.083392728
Epoch: 37000; Computation time: 12592.789319296; Current value of V(0): 70261.77978515625
Lagrangian objective: -563.5189; Average H(x0): 593.48315; Quantile-hedge α(β): 96.56
Simulation time per epoch: 0.074173669; Gradient computation time: 0.181391483; Testing time: 0.083444954
Epoch: 38000; Computation time: 12931.820834208; Current value of V(0): 70161.77368164062
Lagrangian objective: -567.86774; Average H(x0): 592.1841; Quantile-hedge α(β): 96.48
Simulation time per epoch: 0.074198906; Gradient computation time: 0.18118368; Testing time: 0.083245693
Epoch: 39000; Computation time: 13270.729658776; Current value of V(0): 69907.45239257812
Lagrangian objective: -562.84076; Average H(x0): 587.8596; Quantile-hedge α(β): 96.67999999999999
Simulation time per epoch: 0.074380398; Gradient computation time: 0.181266204; Testing time: 0.083218009
Epoch: 40000; Computation time: 13609.898115259; Current value of V(0): 70142.29736328125
Lagrangian objective: -556.78986; Average H(x0): 591.67566; Quantile-hedge α(β): 96.89999999999999
Simulation time per epoch: 0.074202774; Gradient computation time: 0.181224854; Testing time: 0.083271346

Training completed in 13609.898208323 seconds
Final V(0): 70145.02563476562

============================================================
Running policy evaluation...
============================================================


============================================================
INVENTORY PROBLEM (unscaled, weekly)
============================================================
Dimension:       50
Discount factor: 0.9990389236684376
Fixed cost:      250.0
Variable costs:  [0.1, 0.1, 0.1, 0.1, 0.1, 0.1, 0.1, 0.1, 0.1, 0.1, 0.1, 0.1, 0.1, 0.1, 0.1, 0.2, 0.2, 0.2, 0.2, 0.2, 0.2, 0.2, 0.2, 0.2, 0.2, 0.2, 0.2, 0.2, 0.2, 0.2, 0.4, 0.4, 0.4, 0.4, 0.4, 0.4, 0.4, 0.4, 0.4, 0.4, 0.4, 0.4, 0.4, 0.4, 0.4, 0.4, 0.4, 0.4, 0.4, 0.4]
Holding costs:   [0.019230769230769232, 0.019230769230769232, 0.019230769230769232, 0.019230769230769232, 0.019230769230769232, 0.019230769230769232, 0.019230769230769232, 0.019230769230769232, 0.019230769230769232, 0.019230769230769232, 0.019230769230769232, 0.019230769230769232, 0.019230769230769232, 0.019230769230769232, 0.019230769230769232, 0.038461538461538464, 0.038461538461538464, 0.038461538461538464, 0.038461538461538464, 0.038461538461538464, 0.038461538461538464, 0.038461538461538464, 0.038461538461538464, 0.038461538461538464, 0.038461538461538464, 0.038461538461538464, 0.038461538461538464, 0.038461538461538464, 0.038461538461538464, 0.038461538461538464, 0.07692307692307693, 0.07692307692307693, 0.07692307692307693, 0.07692307692307693, 0.07692307692307693, 0.07692307692307693, 0.07692307692307693, 0.07692307692307693, 0.07692307692307693, 0.07692307692307693, 0.07692307692307693, 0.07692307692307693, 0.07692307692307693, 0.07692307692307693, 0.07692307692307693, 0.07692307692307693, 0.07692307692307693, 0.07692307692307693, 0.07692307692307693, 0.07692307692307693]
Backlog costs:   [0.4807692307692308, 0.4807692307692308, 0.4807692307692308, 0.4807692307692308, 0.4807692307692308, 0.4807692307692308, 0.4807692307692308, 0.4807692307692308, 0.4807692307692308, 0.4807692307692308, 0.4807692307692308, 0.4807692307692308, 0.4807692307692308, 0.4807692307692308, 0.4807692307692308, 0.9615384615384616, 0.9615384615384616, 0.9615384615384616, 0.9615384615384616, 0.9615384615384616, 0.9615384615384616, 0.9615384615384616, 0.9615384615384616, 0.9615384615384616, 0.9615384615384616, 0.9615384615384616, 0.9615384615384616, 0.9615384615384616, 0.9615384615384616, 0.9615384615384616, 1.9230769230769231, 1.9230769230769231, 1.9230769230769231, 1.9230769230769231, 1.9230769230769231, 1.9230769230769231, 1.9230769230769231, 1.9230769230769231, 1.9230769230769231, 1.9230769230769231, 1.9230769230769231, 1.9230769230769231, 1.9230769230769231, 1.9230769230769231, 1.9230769230769231, 1.9230769230769231, 1.9230769230769231, 1.9230769230769231, 1.9230769230769231, 1.9230769230769231]
Demand dists:    DataType[Distributions.NegativeBinomial{Float64}, Distributions.NegativeBinomial{Float64}, Distributions.NegativeBinomial{Float64}, Distributions.NegativeBinomial{Float64}, Distributions.NegativeBinomial{Float64}, Distributions.NegativeBinomial{Float64}, Distributions.NegativeBinomial{Float64}, Distributions.NegativeBinomial{Float64}, Distributions.NegativeBinomial{Float64}, Distributions.NegativeBinomial{Float64}, Distributions.NegativeBinomial{Float64}, Distributions.NegativeBinomial{Float64}, Distributions.NegativeBinomial{Float64}, Distributions.NegativeBinomial{Float64}, Distributions.NegativeBinomial{Float64}, Distributions.NegativeBinomial{Float64}, Distributions.NegativeBinomial{Float64}, Distributions.NegativeBinomial{Float64}, Distributions.NegativeBinomial{Float64}, Distributions.NegativeBinomial{Float64}, Distributions.NegativeBinomial{Float64}, Distributions.NegativeBinomial{Float64}, Distributions.NegativeBinomial{Float64}, Distributions.NegativeBinomial{Float64}, Distributions.NegativeBinomial{Float64}, Distributions.NegativeBinomial{Float64}, Distributions.NegativeBinomial{Float64}, Distributions.NegativeBinomial{Float64}, Distributions.NegativeBinomial{Float64}, Distributions.NegativeBinomial{Float64}, Distributions.NegativeBinomial{Float64}, Distributions.NegativeBinomial{Float64}, Distributions.NegativeBinomial{Float64}, Distributions.NegativeBinomial{Float64}, Distributions.NegativeBinomial{Float64}, Distributions.NegativeBinomial{Float64}, Distributions.NegativeBinomial{Float64}, Distributions.NegativeBinomial{Float64}, Distributions.NegativeBinomial{Float64}, Distributions.NegativeBinomial{Float64}, Distributions.NegativeBinomial{Float64}, Distributions.NegativeBinomial{Float64}, Distributions.NegativeBinomial{Float64}, Distributions.NegativeBinomial{Float64}, Distributions.NegativeBinomial{Float64}, Distributions.NegativeBinomial{Float64}, Distributions.NegativeBinomial{Float64}, Distributions.NegativeBinomial{Float64}, Distributions.NegativeBinomial{Float64}, Distributions.NegativeBinomial{Float64}]
Demand means:    [0.9615384615384616, 0.9615384615384616, 0.9615384615384616, 0.9615384615384616, 0.9615384615384616, 0.9615384615384616, 0.9615384615384616, 0.9615384615384616, 0.9615384615384616, 0.9615384615384616, 0.9615384615384616, 0.9615384615384616, 0.9615384615384616, 0.9615384615384616, 0.9615384615384616, 0.4807692307692307, 0.4807692307692307, 0.4807692307692307, 0.4807692307692307, 0.4807692307692307, 0.4807692307692307, 0.4807692307692307, 0.4807692307692307, 0.4807692307692307, 0.4807692307692307, 0.4807692307692307, 0.4807692307692307, 0.4807692307692307, 0.4807692307692307, 0.4807692307692307, 0.24038461538461536, 0.24038461538461536, 0.24038461538461536, 0.24038461538461536, 0.24038461538461536, 0.24038461538461536, 0.24038461538461536, 0.24038461538461536, 0.24038461538461536, 0.24038461538461536, 0.24038461538461536, 0.24038461538461536, 0.24038461538461536, 0.24038461538461536, 0.24038461538461536, 0.24038461538461536, 0.24038461538461536, 0.24038461538461536, 0.24038461538461536, 0.24038461538461536]
============================================================

==================================================
Computing order-up-to vector via :solve_inf
==================================================

Method: solve_inf
Final objective: 593.3805146504154
z*: [32.72252148623911, 33.585197444850444, 31.135941675204734, 34.339974874813684, 32.36276818846186, 31.080249738871693, 32.96258177999876, 34.30790278388674, 30.63472307451886, 33.62312985332336, 32.3547675617716, 32.8776726026529, 35.92326554486404, 30.201571696663663, 33.444766469229215, 17.790418844148487, 21.38361028842231, 16.935237455230876, 18.27782612978659, 18.593504556184875, 19.67738563571765, 19.11462711520201, 22.131359064515443, 16.25644018176346, 17.847662384993438, 17.876342862666828, 20.828279213270395, 16.87620800425486, 19.29810557305591, 15.265723172075143, 8.77903646637197, 11.582112186271168, 8.080336345912148, 12.0, 12.0, 10.889638199637751, 12.0, 12.0, 11.81120288503333, 12.0, 10.241418610843484, 9.63456898828525, 10.722453208009895, 11.283233693063499, 12.0, 12.0, 12.0, 12.0, 12.0, 12.0]
Intervention value: 105.56955859177208

==================================================
Computing order-up-to vector via :find_stationary
==================================================

Method: find_stationary
Final residual: 0.040786063242574916
z*: [31.0, 32.0, 31.0, 31.0, 31.0, 31.0, 32.0, 32.0, 31.0, 32.0, 31.0, 32.0, 31.0, 32.0, 32.0, 16.0, 16.0, 16.0, 16.0, 16.0, 16.0, 16.0, 16.0, 16.0, 16.0, 16.0, 16.0, 16.0, 16.0, 16.0, 8.0, 8.0, 8.0, 8.0, 8.0, 8.0, 8.0, 8.0, 8.0, 8.0, 8.0, 8.0, 8.0, 8.0, 8.0, 8.0, 8.0, 8.0, 8.0, 8.0]
Intervention value: 105.03031445312502

==================================================
Summary:
  solve_inf:       z* = [33, 34, 31, 34, 32, 31, 33, 34, 31, 34, 32, 33, 36, 30, 33, 18, 21, 17, 18, 19, 20, 19, 22, 16, 18, 18, 21, 17, 19, 15, 9, 12, 8, 12, 12, 11, 12, 12, 12, 12, 10, 10, 11, 11, 12, 12, 12, 12, 12, 12]
  find_stationary: z* = [31, 32, 31, 31, 31, 31, 32, 32, 31, 32, 31, 32, 31, 32, 32, 16, 16, 16, 16, 16, 16, 16, 16, 16, 16, 16, 16, 16, 16, 16, 8, 8, 8, 8, 8, 8, 8, 8, 8, 8, 8, 8, 8, 8, 8, 8, 8, 8, 8, 8]
==================================================

============================================================
Evaluating method: solve_inf
============================================================

----------------------------------------
Evaluating ε = -1.25
----------------------------------------
Mean cost: 57804.49702992358 ± 283.39840802242963
  Inventory costs: 36173.94267123518
  Variable costs:  5096.558914156846
  Fixed costs:     16533.99544453152
  Simulation time: 513.1s

----------------------------------------
Evaluating ε = -2.5
----------------------------------------
Mean cost: 57799.72698038172 ± 356.61808145364154
  Inventory costs: 36873.711072034734
  Variable costs:  5125.774096899837
  Fixed costs:     15800.241811447146
  Simulation time: 507.0s

----------------------------------------
Evaluating ε = -5.0
----------------------------------------
Mean cost: 57617.82336870234 ± 115.5795155078592
  Inventory costs: 38212.08038475808
  Variable costs:  5128.042905548744
  Fixed costs:     14277.700078395519
  Simulation time: 511.1s

----------------------------------------
Evaluating ε = -7.5
----------------------------------------
Mean cost: 57743.095085852874 ± 181.22963753048177
  Inventory costs: 39574.255902572884
  Variable costs:  5115.9002521423945
  Fixed costs:     13052.938931137634
  Simulation time: 519.6s

----------------------------------------
Evaluating ε = -10.0
----------------------------------------
Mean cost: 58324.34447600906 ± 204.69345725485212
  Inventory costs: 41082.33763006765
  Variable costs:  5098.068628721181
  Fixed costs:     12143.93821722022
  Simulation time: 502.7s

----------------------------------------
Evaluating ε = -12.5
----------------------------------------
Mean cost: 59200.74260368375 ± 186.01357879223676
  Inventory costs: 42383.168601150304
  Variable costs:  5109.018986481358
  Fixed costs:     11708.555016052089
  Simulation time: 506.5s

----------------------------------------
Evaluating ε = -15.0
----------------------------------------
Mean cost: 59940.2353622788 ± 129.60351587628404
  Inventory costs: 43701.39179570651
  Variable costs:  5124.564063814911
  Fixed costs:     11114.27950275737
  Simulation time: 506.6s

----------------------------------------
Evaluating ε = -20.0
----------------------------------------
Mean cost: 62199.70046411009 ± 246.26653524550713
  Inventory costs: 46655.28922180417
  Variable costs:  5115.160754110082
  Fixed costs:     10429.250488195836
  Simulation time: 497.9s

----------------------------------------
Evaluating ε = -25.0
----------------------------------------
Mean cost: 64260.12501490966 ± 204.90805633767246
  Inventory costs: 49396.86328220658
  Variable costs:  5100.714959748245
  Fixed costs:     9762.54677295488
  Simulation time: 477.5s

----------------------------------------
Evaluating ε = -30.0
----------------------------------------
Mean cost: 65953.80338412382 ± 312.89892026443016
  Inventory costs: 51623.429322461125
  Variable costs:  5092.49491045689
  Fixed costs:     9237.879151205807
  Simulation time: 484.3s

----------------------------------------
Evaluating ε = -40.0
----------------------------------------
Mean cost: 71432.96636020439 ± 389.8616319655729
  Inventory costs: 57939.1178208309
  Variable costs:  5060.6746711355145
  Fixed costs:     8433.173868237976
  Simulation time: 476.9s

----------------------------------------
Evaluating ε = -50.0
----------------------------------------
Mean cost: 75911.73233331744 ± 203.37368933540674
  Inventory costs: 62970.01353277365
  Variable costs:  5066.629262532742
  Fixed costs:     7875.089538011036
  Simulation time: 478.5s

----------------------------------------
Evaluating ε = -75.0
----------------------------------------
Mean cost: 89395.78397074057 ± 445.0741595973093
  Inventory costs: 77406.05317387216
  Variable costs:  5074.468545276921
  Fixed costs:     6915.262251591477
  Simulation time: 481.9s

----------------------------------------
Evaluating ε = -100.0
----------------------------------------
Mean cost: 101829.73283649441 ± 613.4124871933947
  Inventory costs: 90532.0057120507
  Variable costs:  5043.94422302479
  Fixed costs:     6253.782901418965
  Simulation time: 486.6s

==================================================
Best epsilon: -5.0 with cost: 57617.82336870234 ± 115.5795155078592
==================================================

============================================================
Evaluating method: find_stationary
============================================================

----------------------------------------
Evaluating ε = -1.25
----------------------------------------
Mean cost: 55623.40842760312 ± 231.63258337080006
  Inventory costs: 32616.742547090707
  Variable costs:  5068.652863633989
  Fixed costs:     17938.013016878474
  Simulation time: 476.4s

----------------------------------------
Evaluating ε = -2.5
----------------------------------------
Mean cost: 55201.18586207026 ± 131.88633133509737
  Inventory costs: 33259.63631307182
  Variable costs:  5100.696089384457
  Fixed costs:     16840.853459613998
  Simulation time: 490.4s

----------------------------------------
Evaluating ε = -5.0
----------------------------------------
Mean cost: 55781.605435260004 ± 282.3574893599271
  Inventory costs: 34864.087795670996
  Variable costs:  5065.659771025601
  Fixed costs:     15851.857868563393
  Simulation time: 472.4s

----------------------------------------
Evaluating ε = -7.5
----------------------------------------
Mean cost: 56492.43809438059 ± 173.1219149750586
  Inventory costs: 36499.49103272659
  Variable costs:  5079.9701673772015
  Fixed costs:     14912.976894276755
  Simulation time: 458.0s

----------------------------------------
Evaluating ε = -10.0
----------------------------------------
Mean cost: 56687.03758208192 ± 155.65146404019922
  Inventory costs: 37907.15301082231
  Variable costs:  5040.851906670351
  Fixed costs:     13739.032664589302
  Simulation time: 457.7s

----------------------------------------
Evaluating ε = -12.5
----------------------------------------
Mean cost: 57882.79052542029 ± 193.98987415530797
  Inventory costs: 39511.33449884491
  Variable costs:  5074.462264571279
  Fixed costs:     13296.99376200407
  Simulation time: 461.9s

----------------------------------------
Evaluating ε = -15.0
----------------------------------------
Mean cost: 58751.011932038506 ± 244.0409873208341
  Inventory costs: 40876.66866633707
  Variable costs:  5063.438088373723
  Fixed costs:     12810.905177327686
  Simulation time: 444.3s

----------------------------------------
Evaluating ε = -20.0
----------------------------------------
Mean cost: 60752.75117816755 ± 201.71122520247656
  Inventory costs: 43864.30081516375
  Variable costs:  5061.267313146365
  Fixed costs:     11827.183049857469
  Simulation time: 437.7s

----------------------------------------
Evaluating ε = -25.0
----------------------------------------
Mean cost: 62853.264310063525 ± 207.32717521493777
  Inventory costs: 46685.95982034692
  Variable costs:  5046.397886630494
  Fixed costs:     11120.90660308609
  Simulation time: 441.2s

----------------------------------------
Evaluating ε = -30.0
----------------------------------------
Mean cost: 65610.81504671392 ± 217.331179092704
  Inventory costs: 49854.13612141446
  Variable costs:  5085.985548120572
  Fixed costs:     10670.693377178872
  Simulation time: 436.6s

----------------------------------------
Evaluating ε = -40.0
----------------------------------------
Mean cost: 69924.61800300397 ± 382.3372770894809
  Inventory costs: 55232.52748200309
  Variable costs:  5044.635625479487
  Fixed costs:     9647.454895521516
  Simulation time: 439.4s

----------------------------------------
Evaluating ε = -50.0
----------------------------------------
Mean cost: 75251.29369296202 ± 367.64543959836226
  Inventory costs: 61133.44248370081
  Variable costs:  5060.8217586539295
  Fixed costs:     9057.02945060726
  Simulation time: 443.3s

----------------------------------------
Evaluating ε = -75.0
----------------------------------------
Mean cost: 89365.11138853103 ± 436.24323682194125
  Inventory costs: 76510.0736175798
  Variable costs:  5005.714701079153
  Fixed costs:     7849.323069872087
  Simulation time: 437.0s

----------------------------------------
Evaluating ε = -100.0
----------------------------------------
Mean cost: 103449.38070928039 ± 553.4348036350284
  Inventory costs: 91260.97818403252
  Variable costs:  5042.18734028301
  Fixed costs:     7146.215184964921
  Simulation time: 456.8s

==================================================
Best epsilon: -2.5 with cost: 55201.18586207026 ± 131.88633133509737
==================================================
Skipping save for solve_inf: existing cost 55422.53642120921 <= new cost 57617.82336870234
Skipping save for find_stationary: existing cost 55143.10418681558 <= new cost 55201.18586207026

============================================================
FINAL RESULTS SUMMARY
============================================================

Method: solve_inf
  Order-up-to vector: [33, 34, 31, 34, 32, 31, 33, 34, 31, 34, 32, 33, 36, 30, 33, 18, 21, 17, 18, 19, 20, 19, 22, 16, 18, 18, 21, 17, 19, 15, 9, 12, 8, 12, 12, 11, 12, 12, 12, 12, 10, 10, 11, 11, 12, 12, 12, 12, 12, 12]
  Best epsilon: -5.0
  Best cost: 57617.82336870234 ± 115.5795155078592

Method: find_stationary
  Order-up-to vector: [31, 32, 31, 31, 31, 31, 32, 32, 31, 32, 31, 32, 31, 32, 32, 16, 16, 16, 16, 16, 16, 16, 16, 16, 16, 16, 16, 16, 16, 16, 8, 8, 8, 8, 8, 8, 8, 8, 8, 8, 8, 8, 8, 8, 8, 8, 8, 8, 8, 8]
  Best epsilon: -2.5
  Best cost: 55201.18586207026 ± 131.88633133509737

============================================================
Complete! Per-method results saved to:
  output/nn_training/results_50D_CaseMH_solve_inf.json
  output/nn_training/results_50D_CaseMH_find_stationary.json
============================================================

  Activating project at `~/DeepSJRP`
[ Info:  started timer at: 2026-04-28T11:14:19.818
┌ Warning: Layer with Float32 parameters got Float64 input.
│   The input will be converted, but any earlier layers may be very slow.
│   layer = Dense(50 => 1000, elu)  # 51_000 parameters
│   summary(x) = "50-element Vector{Float64}"
└ @ Flux ~/.julia/packages/Flux/DZYiO/src/layers/stateless.jl:60
RUNNING THE L-BFGS-B CODE

           * * *

Machine precision = 2.220D-16
 N =           50     M =           10

At X0         0 variables are exactly at the bounds

At iterate    0    f=  5.93920D+02    |proj g|=  1.34176D-02

At iterate    1    f=  5.93918D+02    |proj g|=  1.33882D-02

At iterate    2    f=  5.93381D+02    |proj g|=  7.88767D-03

           * * *

Tit   = total number of iterations
Tnf   = total number of function evaluations
Tnint = total number of segments explored during Cauchy searches
Skip  = number of BFGS updates skipped
Nact  = number of active bounds at final generalized Cauchy point
Projg = norm of the final projected gradient
F     = final function value

           * * *

   N    Tit     Tnf  Tnint  Skip  Nact     Projg        F
   50      2      3     11     0     9   7.888D-03   5.934D+02
  F =   593.38051465041542     

CONVERGENCE: NORM_OF_PROJECTED_GRADIENT_<=_PGTOL            

 Cauchy                time 0.000E+00 seconds.
 Subspace minimization time 0.000E+00 seconds.
 Line search           time 2.930E-03 seconds.

 Total User time 2.478E+00 seconds.

RUNNING THE L-BFGS-B CODE

           * * *

Machine precision = 2.220D-16
 N =           50     M =           10

At X0         0 variables are exactly at the bounds

At iterate    0    f=  1.66350D-03    |proj g|=  1.24920D-09

           * * *

Tit   = total number of iterations
Tnf   = total number of function evaluations
Tnint = total number of segments explored during Cauchy searches
Skip  = number of BFGS updates skipped
Nact  = number of active bounds at final generalized Cauchy point
Projg = norm of the final projected gradient
F     = final function value

           * * *

   N    Tit     Tnf  Tnint  Skip  Nact     Projg        F
   50      0      1      0     0     0   1.249D-09   1.664D-03
  F =   1.6635029548273206E-003

CONVERGENCE: NORM_OF_PROJECTED_GRADIENT_<=_PGTOL            

 Cauchy                time 0.000E+00 seconds.
 Subspace minimization time 0.000E+00 seconds.
 Line search           time 0.000E+00 seconds.

 Total User time 2.910E-01 seconds.

