
============================================================
DeepSJRP - Stochastic Joint Replenishment Problem Solver
============================================================
Instance: 50D_CaseLL
Options: Dict{Symbol, Any}(:beta_override => 100000.0, :alpha_override => nothing, :device => :gpu, :nu_override => 0.8, :T_override => 0.05, :seed => 777)
============================================================

Device: CUDA GPU
CUDA toolchain: 
- runtime 12.8, local installation
- driver 580.126.16 for 13.2
- compiler 12.9

CUDA libraries: 
- CUBLAS: 12.8.4
- CURAND: 10.3.9
- CUFFT: 11.3.3
- CUSOLVER: 11.7.3
- CUSPARSE: 12.5.8
- CUPTI: 2025.1.1 (API 12.8.0)
- NVML: 13.0.0+580.126.16

Julia packages: 
- CUDA: 5.11.0
- GPUArrays: 11.4.1
- GPUCompiler: 1.9.1
- KernelAbstractions: 0.9.41
- CUDA_Driver_jll: 13.2.0+0
- CUDA_Compiler_jll: 0.4.2+0
- CUDA_Runtime_jll: 0.21.0+0
- CUDA_Runtime_Discovery: 1.0.0

Toolchain:
- Julia: 1.11.7
- LLVM: 16.0.6

Preferences:
- CUDA_Runtime_jll.version: local

1 device:
  0: NVIDIA H100 80GB HBM3 (sm_90, 79.175 GiB / 79.647 GiB available)
BLAS threads: 1
Julia threads: 10

Benchmark source: QS

============================================================
IMPULSE CONTROL PROBLEM (scaled, annual)
============================================================
Instance: 50D_CaseLL
Dimension: 50
Interest rate: 0.05
Cost scaling κ: 0.01

Drift μ (annual demand rates): [50.0, 50.0, 50.0, 50.0, 50.0, 50.0, 50.0, 50.0, 50.0, 50.0, 50.0, 50.0, 50.0, 50.0, 50.0, 25.0, 25.0, 25.0, 25.0, 25.0, 25.0, 25.0, 25.0, 25.0, 25.0, 25.0, 25.0, 25.0, 25.0, 25.0, 12.5, 12.5, 12.5, 12.5, 12.5, 12.5, 12.5, 12.5, 12.5, 12.5, 12.5, 12.5, 12.5, 12.5, 12.5, 12.5, 12.5, 12.5, 12.5, 12.5]
Covariance Σ diagonal: [50.0, 50.0, 50.0, 50.0, 50.0, 50.0, 50.0, 50.0, 50.0, 50.0, 50.0, 50.0, 50.0, 50.0, 50.0, 25.0, 25.0, 25.0, 25.0, 25.0, 25.0, 25.0, 25.0, 25.0, 25.0, 25.0, 25.0, 25.0, 25.0, 25.0, 12.5, 12.5, 12.5, 12.5, 12.5, 12.5, 12.5, 12.5, 12.5, 12.5, 12.5, 12.5, 12.5, 12.5, 12.5, 12.5, 12.5, 12.5, 12.5, 12.5]

Scaled costs (× κ = 0.01):
  Fixed cost K:    0.5
  Variable costs c: [0.001, 0.001, 0.001, 0.001, 0.001, 0.001, 0.001, 0.001, 0.001, 0.001, 0.001, 0.001, 0.001, 0.001, 0.001, 0.002, 0.002, 0.002, 0.002, 0.002, 0.002, 0.002, 0.002, 0.002, 0.002, 0.002, 0.002, 0.002, 0.002, 0.002, 0.004, 0.004, 0.004, 0.004, 0.004, 0.004, 0.004, 0.004, 0.004, 0.004, 0.004, 0.004, 0.004, 0.004, 0.004, 0.004, 0.004, 0.004, 0.004, 0.004]
  Holding costs h:  [0.01, 0.01, 0.01, 0.01, 0.01, 0.01, 0.01, 0.01, 0.01, 0.01, 0.01, 0.01, 0.01, 0.01, 0.01, 0.02, 0.02, 0.02, 0.02, 0.02, 0.02, 0.02, 0.02, 0.02, 0.02, 0.02, 0.02, 0.02, 0.02, 0.02, 0.04, 0.04, 0.04, 0.04, 0.04, 0.04, 0.04, 0.04, 0.04, 0.04, 0.04, 0.04, 0.04, 0.04, 0.04, 0.04, 0.04, 0.04, 0.04, 0.04]
  Penalty costs p:  [0.25, 0.25, 0.25, 0.25, 0.25, 0.25, 0.25, 0.25, 0.25, 0.25, 0.25, 0.25, 0.25, 0.25, 0.25, 0.5, 0.5, 0.5, 0.5, 0.5, 0.5, 0.5, 0.5, 0.5, 0.5, 0.5, 0.5, 0.5, 0.5, 0.5, 1.0, 1.0, 1.0, 1.0, 1.0, 1.0, 1.0, 1.0, 1.0, 1.0, 1.0, 1.0, 1.0, 1.0, 1.0, 1.0, 1.0, 1.0, 1.0, 1.0]

Original costs (unscaled):
  Fixed cost K:    50.0
  Variable costs c: [0.1, 0.1, 0.1, 0.1, 0.1, 0.1, 0.1, 0.1, 0.1, 0.1, 0.1, 0.1, 0.1, 0.1, 0.1, 0.2, 0.2, 0.2, 0.2, 0.2, 0.2, 0.2, 0.2, 0.2, 0.2, 0.2, 0.2, 0.2, 0.2, 0.2, 0.4, 0.4, 0.4, 0.4, 0.4, 0.4, 0.4, 0.4, 0.4, 0.4, 0.4, 0.4, 0.4, 0.4, 0.4, 0.4, 0.4, 0.4, 0.4, 0.4]
  Holding costs h:  [1.0, 1.0, 1.0, 1.0, 1.0, 1.0, 1.0, 1.0, 1.0, 1.0, 1.0, 1.0, 1.0, 1.0, 1.0, 2.0, 2.0, 2.0, 2.0, 2.0, 2.0, 2.0, 2.0, 2.0, 2.0, 2.0, 2.0, 2.0, 2.0, 2.0, 4.0, 4.0, 4.0, 4.0, 4.0, 4.0, 4.0, 4.0, 4.0, 4.0, 4.0, 4.0, 4.0, 4.0, 4.0, 4.0, 4.0, 4.0, 4.0, 4.0]
  Penalty costs p:  [25.0, 25.0, 25.0, 25.0, 25.0, 25.0, 25.0, 25.0, 25.0, 25.0, 25.0, 25.0, 25.0, 25.0, 25.0, 50.0, 50.0, 50.0, 50.0, 50.0, 50.0, 50.0, 50.0, 50.0, 50.0, 50.0, 50.0, 50.0, 50.0, 50.0, 100.0, 100.0, 100.0, 100.0, 100.0, 100.0, 100.0, 100.0, 100.0, 100.0, 100.0, 100.0, 100.0, 100.0, 100.0, 100.0, 100.0, 100.0, 100.0, 100.0]
============================================================

============================================================
TRAINING HYPERPARAMETERS
============================================================
Benchmark source: QS
Precision:        Float32
Batch size:       5000
Num intervals:    100
T horizon:        0.05
Num iterations:   40000
Learning rates:   [0.001, 0.0002, 0.0001, 1.0e-5, 1.0e-6]
LR steps:         [1, 5000, 10000, 20000, 30000]
Beta penalty:     [1.0, 10.0, 100.0, 1000.0, 10000.0, 100000.0]
Penalty steps:    [1, 2500, 5000, 7500, 10000, 20000]
Lambda rate:      5.872242335766425
S guess:          [[11.0, 11.0, 11.0, 11.0, 11.0, 11.0, 11.0, 11.0, 11.0, 11.0, 11.0, 11.0, 11.0, 11.0, 11.0, 6.0, 6.0, 6.0, 6.0, 6.0, 6.0, 6.0, 6.0, 6.0, 6.0, 6.0, 6.0, 6.0, 6.0, 6.0, 4.0, 4.0, 4.0, 4.0, 4.0, 4.0, 4.0, 4.0, 4.0, 4.0, 4.0, 4.0, 4.0, 4.0, 4.0, 4.0, 4.0, 4.0, 4.0, 4.0]]
Nu radius:        0.8
S distribution:   lognormal
Alpha factor:     0.0
Alpha js:         [0.0, 0.0, 0.0, 0.0, 0.0, 0.0, 0.0, 0.0, 0.0, 0.0, 0.0, 0.0, 0.0, 0.0, 0.0, 0.0, 0.0, 0.0, 0.0, 0.0, 0.0, 0.0, 0.0, 0.0, 0.0, 0.0, 0.0, 0.0, 0.0, 0.0, 0.0, 0.0, 0.0, 0.0, 0.0, 0.0, 0.0, 0.0, 0.0, 0.0, 0.0, 0.0, 0.0, 0.0, 0.0, 0.0, 0.0, 0.0, 0.0, 0.0]
Cost scaling:     0.01

Neural network architecture:
  Hidden layers:  4
  Width:          1000
  Activation:     elu

Optimization parameters:
  Start factor:   1.0
  Lower factor:   0.5
  Upper factor:   1.5
  Sim runs:       10
  Sim horizon:    5000
  Epsilons:       [-1.25, -2.5, -5.0, -7.5, -10.0, -12.5, -15.0, -20.0, -25.0, -30.0, -40.0, -50.0, -75.0, -100.0]
============================================================

Gradient network G (∇V):
Chain(
  Dense(50 => 1000, elu),               # 51_000 parameters
  Dense(1000 => 1000, elu),             # 1_001_000 parameters
  Dense(1000 => 1000, elu),             # 1_001_000 parameters
  Dense(1000 => 1000, elu),             # 1_001_000 parameters
  Dense(1000 => 50),                    # 50_050 parameters
)                   # Total: 10 arrays, 3_104_050 parameters, 1.562 KiB.

Value network H (V):
Chain(
  Dense(50 => 1000, elu),               # 51_000 parameters
  Dense(1000 => 1000, elu),             # 1_001_000 parameters
  Dense(1000 => 1000, elu),             # 1_001_000 parameters
  Dense(1000 => 1000, elu),             # 1_001_000 parameters
  Dense(1000 => 1),                     # 1_001 parameters
)                   # Total: 10 arrays, 3_055_001 parameters, 1.562 KiB.


============================================================
Starting neural network training...
============================================================

Starting training with steady-state sampler:
-----------------------------------------
Epoch: 1; Penalty β updated to: 1.0
-----------------------------------------
─── Device check ───
  x_tn: CuArray{Float32} (50, 100, 5000)
  dB: CuArray{Float32} (50, 100, 5000)
  dU: CuArray{Float32} (50, 100, 5000)
  exponentials: CuArray{Float32} (1, 100)
  loss_dB: CuArray{Float32} (1, 5000)
  loss_df: CuArray{Float32} (1, 5000)
  loss_dU: CuArray{Float32} (1, 5000)
  H_x0: CuArray{Float32} (1, 5000)
  H_xT: CuArray{Float32} (1, 5000)
  penalties: CuArray{Float32} (1, 5000)
────────────────────
Epoch: 1; Computation time: 62.093842861; Current value of V(0): 0.0
Lagrangian objective: 865.045; Average H(x0): 0.0; Quantile-hedge α(β): 44.99999999999999
Simulation time per epoch: 10.806282492; Gradient computation time: 39.10035491; Testing time: 11.41562979
Epoch: 1000; Computation time: 401.931464519; Current value of V(0): 4.247871875e6
Lagrangian objective: -40643.62; Average H(x0): 80916.266; Quantile-hedge α(β): 0.0
Simulation time per epoch: 0.074176444; Gradient computation time: 0.181347217; Testing time: 0.083148269
Epoch: 2000; Computation time: 742.493262245; Current value of V(0): 4.428137890625e6
Lagrangian objective: -40769.902; Average H(x0): 80930.7; Quantile-hedge α(β): 0.0
Simulation time per epoch: 0.074309806; Gradient computation time: 0.18166756; Testing time: 0.083094451
-----------------------------------------
Epoch: 2500; Penalty β updated to: 10.0
-----------------------------------------
Epoch: 3000; Computation time: 1082.69147558; Current value of V(0): 510330.712890625
Lagrangian objective: -4645.448; Average H(x0): 8771.15; Quantile-hedge α(β): 0.21999999999999797
Simulation time per epoch: 0.074196072; Gradient computation time: 0.247002827; Testing time: 0.08327219
Epoch: 4000; Computation time: 1423.004987043; Current value of V(0): 515159.47265625
Lagrangian objective: -4641.845; Average H(x0): 8773.853; Quantile-hedge α(β): 0.21999999999999797
Simulation time per epoch: 0.074130617; Gradient computation time: 0.182217959; Testing time: 0.083242596
-----------------------------------------
Epoch: 5000; Penalty β updated to: 100.0
-----------------------------------------
Epoch: 5000; Computation time: 1763.066308892; Current value of V(0): 516753.564453125
Lagrangian objective: 32107.092; Average H(x0): 8741.656; Quantile-hedge α(β): 0.18000000000000238
Simulation time per epoch: 0.073623385; Gradient computation time: 0.181845087; Testing time: 0.083387213
Epoch: 6000; Computation time: 2103.109347387; Current value of V(0): 82672.07641601562
Lagrangian objective: -850.5446; Average H(x0): 1361.6024; Quantile-hedge α(β): 13.680000000000003
Simulation time per epoch: 0.07432383; Gradient computation time: 0.184112927; Testing time: 0.083083215
Epoch: 7000; Computation time: 2443.369597766; Current value of V(0): 82296.89331054688
Lagrangian objective: -846.3909; Average H(x0): 1354.6545; Quantile-hedge α(β): 13.660000000000005
Simulation time per epoch: 0.074197807; Gradient computation time: 0.182602217; Testing time: 0.083139947
-----------------------------------------
Epoch: 7500; Penalty β updated to: 1000.0
-----------------------------------------
Epoch: 8000; Computation time: 2783.761730291; Current value of V(0): 21159.13848876953
Lagrangian objective: -290.9172; Average H(x0): 389.994; Quantile-hedge α(β): 54.74
Simulation time per epoch: 0.074192283; Gradient computation time: 0.185222438; Testing time: 0.083050398
Epoch: 9000; Computation time: 3124.000374583; Current value of V(0): 33137.139892578125
Lagrangian objective: -380.217; Average H(x0): 468.3513; Quantile-hedge α(β): 40.82
Simulation time per epoch: 0.074287804; Gradient computation time: 0.183685045; Testing time: 0.083042642
-----------------------------------------
Epoch: 10000; Penalty β updated to: 10000.0
-----------------------------------------
Epoch: 10000; Computation time: 3465.049332176; Current value of V(0): 37047.73254394531
Lagrangian objective: 477.938; Average H(x0): 474.602; Quantile-hedge α(β): 39.6
Simulation time per epoch: 0.074034199; Gradient computation time: 0.182162744; Testing time: 0.083004305
Epoch: 11000; Computation time: 3805.976490617; Current value of V(0): 26055.166625976562
Lagrangian objective: -284.9877; Average H(x0): 315.43082; Quantile-hedge α(β): 78.02
Simulation time per epoch: 0.074269273; Gradient computation time: 0.182075728; Testing time: 0.083089274
Epoch: 12000; Computation time: 4146.939203749; Current value of V(0): 26447.567749023438
Lagrangian objective: -286.0884; Average H(x0): 315.57205; Quantile-hedge α(β): 78.16
Simulation time per epoch: 0.074114566; Gradient computation time: 0.184183051; Testing time: 0.083237458
Epoch: 13000; Computation time: 4487.661541536; Current value of V(0): 27029.763793945312
Lagrangian objective: -286.06924; Average H(x0): 317.958; Quantile-hedge α(β): 77.56
Simulation time per epoch: 0.074030375; Gradient computation time: 0.182220744; Testing time: 0.083287227
Epoch: 14000; Computation time: 4828.234374668; Current value of V(0): 27515.621948242188
Lagrangian objective: -283.01587; Average H(x0): 318.59396; Quantile-hedge α(β): 77.4
Simulation time per epoch: 0.07399544; Gradient computation time: 0.182717774; Testing time: 0.083237733
Epoch: 15000; Computation time: 5169.043506288; Current value of V(0): 28073.263549804688
Lagrangian objective: -289.32376; Average H(x0): 322.0432; Quantile-hedge α(β): 75.42
Simulation time per epoch: 0.074193168; Gradient computation time: 0.181877241; Testing time: 0.083164892
Epoch: 16000; Computation time: 5509.510627431; Current value of V(0): 28332.833862304688
Lagrangian objective: -290.0962; Average H(x0): 322.2812; Quantile-hedge α(β): 77.22
Simulation time per epoch: 0.074143506; Gradient computation time: 0.181361007; Testing time: 0.083235261
Epoch: 17000; Computation time: 5850.216298188; Current value of V(0): 28061.300659179688
Lagrangian objective: -291.05426; Average H(x0): 317.87665; Quantile-hedge α(β): 79.22
Simulation time per epoch: 0.074237792; Gradient computation time: 0.181904667; Testing time: 0.083091111
Epoch: 18000; Computation time: 6190.889446383; Current value of V(0): 28385.4736328125
Lagrangian objective: -294.6971; Average H(x0): 320.6339; Quantile-hedge α(β): 77.25999999999999
Simulation time per epoch: 0.074257826; Gradient computation time: 0.182166711; Testing time: 0.083161541
Epoch: 19000; Computation time: 6531.45355561; Current value of V(0): 28779.421997070312
Lagrangian objective: -293.73026; Average H(x0): 323.29395; Quantile-hedge α(β): 74.16
Simulation time per epoch: 0.074240354; Gradient computation time: 0.181661507; Testing time: 0.08316178
-----------------------------------------
Epoch: 20000; Penalty β updated to: 100000.0
-----------------------------------------
Epoch: 20000; Computation time: 6872.054306084; Current value of V(0): 29189.950561523438
Lagrangian objective: -40.17645; Average H(x0): 324.50766; Quantile-hedge α(β): 75.88000000000001
Simulation time per epoch: 0.073926436; Gradient computation time: 0.187731156; Testing time: 0.083267657
Epoch: 21000; Computation time: 7212.972146414; Current value of V(0): 25085.94512939453
Lagrangian objective: -265.31393; Average H(x0): 277.84216; Quantile-hedge α(β): 95.0
Simulation time per epoch: 0.074289068; Gradient computation time: 0.182536905; Testing time: 0.083166834
Epoch: 22000; Computation time: 7553.513247477; Current value of V(0): 25096.83837890625
Lagrangian objective: -262.45502; Average H(x0): 277.2333; Quantile-hedge α(β): 93.82000000000001
Simulation time per epoch: 0.07404778; Gradient computation time: 0.182481965; Testing time: 0.083152072
Epoch: 23000; Computation time: 7894.53592327; Current value of V(0): 25170.547485351562
Lagrangian objective: -265.74954; Average H(x0): 277.45224; Quantile-hedge α(β): 94.76
Simulation time per epoch: 0.07411033; Gradient computation time: 0.181853615; Testing time: 0.083265166
Epoch: 24000; Computation time: 8235.223897509; Current value of V(0): 25209.678649902344
Lagrangian objective: -265.83557; Average H(x0): 277.46597; Quantile-hedge α(β): 94.3
Simulation time per epoch: 0.074015839; Gradient computation time: 0.323162874; Testing time: 0.083304126
Epoch: 25000; Computation time: 8576.181840417; Current value of V(0): 25334.45587158203
Lagrangian objective: -268.04034; Average H(x0): 278.0632; Quantile-hedge α(β): 95.12
Simulation time per epoch: 0.074209658; Gradient computation time: 0.183047391; Testing time: 0.083248516
Epoch: 26000; Computation time: 8916.814972845; Current value of V(0): 25266.729736328125
Lagrangian objective: -262.48877; Average H(x0): 278.25305; Quantile-hedge α(β): 93.82000000000001
Simulation time per epoch: 0.074010845; Gradient computation time: 0.181750798; Testing time: 0.083254195
Epoch: 27000; Computation time: 9257.478397993; Current value of V(0): 25273.01483154297
Lagrangian objective: -262.8749; Average H(x0): 278.06815; Quantile-hedge α(β): 94.0
Simulation time per epoch: 0.074065421; Gradient computation time: 0.181946808; Testing time: 0.083317336
Epoch: 28000; Computation time: 9598.160352413; Current value of V(0): 24249.978637695312
Lagrangian objective: -259.1158; Average H(x0): 269.21384; Quantile-hedge α(β): 95.96000000000001
Simulation time per epoch: 0.074176299; Gradient computation time: 0.181806394; Testing time: 0.083253792
Epoch: 29000; Computation time: 9938.972475014; Current value of V(0): 25228.152465820312
Lagrangian objective: -266.55887; Average H(x0): 278.54114; Quantile-hedge α(β): 94.19999999999999
Simulation time per epoch: 0.07414671; Gradient computation time: 0.18162462; Testing time: 0.083196435
Epoch: 30000; Computation time: 10279.925185328; Current value of V(0): 25217.259216308594
Lagrangian objective: -262.1841; Average H(x0): 277.6547; Quantile-hedge α(β): 94.06
Simulation time per epoch: 0.074166781; Gradient computation time: 0.181668026; Testing time: 0.083085325
Epoch: 31000; Computation time: 10620.47037495; Current value of V(0): 25457.12127685547
Lagrangian objective: -271.09326; Average H(x0): 280.20477; Quantile-hedge α(β): 94.32000000000001
Simulation time per epoch: 0.074349382; Gradient computation time: 0.181593939; Testing time: 0.083072998
Epoch: 32000; Computation time: 10961.179659706; Current value of V(0): 25456.777954101562
Lagrangian objective: -267.05133; Average H(x0): 280.15714; Quantile-hedge α(β): 92.97999999999999
Simulation time per epoch: 0.074240107; Gradient computation time: 0.181740857; Testing time: 0.083135244
Epoch: 33000; Computation time: 11301.778135742; Current value of V(0): 25453.43017578125
Lagrangian objective: -265.9381; Average H(x0): 280.05765; Quantile-hedge α(β): 93.66
Simulation time per epoch: 0.074322547; Gradient computation time: 0.181842746; Testing time: 0.083200082
Epoch: 34000; Computation time: 11643.217046785; Current value of V(0): 25467.526245117188
Lagrangian objective: -267.9219; Average H(x0): 280.18384; Quantile-hedge α(β): 94.10000000000001
Simulation time per epoch: 0.073802065; Gradient computation time: 0.183000545; Testing time: 0.083487757
Epoch: 35000; Computation time: 11984.102352173; Current value of V(0): 25477.145385742188
Lagrangian objective: -268.90613; Average H(x0): 280.2428; Quantile-hedge α(β): 94.34
Simulation time per epoch: 0.073843813; Gradient computation time: 0.183326765; Testing time: 0.083531121
Epoch: 36000; Computation time: 12325.174403442; Current value of V(0): 25471.13800048828
Lagrangian objective: -266.6396; Average H(x0): 280.04886; Quantile-hedge α(β): 93.88
Simulation time per epoch: 0.073912024; Gradient computation time: 0.182860031; Testing time: 0.083369419
Epoch: 37000; Computation time: 12666.163902125; Current value of V(0): 25498.422241210938
Lagrangian objective: -269.47018; Average H(x0): 280.234; Quantile-hedge α(β): 94.17999999999999
Simulation time per epoch: 0.07405105; Gradient computation time: 0.182621405; Testing time: 0.08341471
Epoch: 38000; Computation time: 13007.43255583; Current value of V(0): 25520.56121826172
Lagrangian objective: -267.30487; Average H(x0): 280.34216; Quantile-hedge α(β): 93.32000000000001
Simulation time per epoch: 0.074018131; Gradient computation time: 0.182705879; Testing time: 0.083526478
Epoch: 39000; Computation time: 13348.449013341; Current value of V(0): 25535.470581054688
Lagrangian objective: -266.63474; Average H(x0): 280.35626; Quantile-hedge α(β): 93.22
Simulation time per epoch: 0.073849012; Gradient computation time: 0.182777919; Testing time: 0.083430011
Epoch: 40000; Computation time: 13689.356105; Current value of V(0): 25524.917602539062
Lagrangian objective: -269.55524; Average H(x0): 280.08264; Quantile-hedge α(β): 93.36
Simulation time per epoch: 0.073943443; Gradient computation time: 0.185544754; Testing time: 0.083426218

Training completed in 13689.356230099 seconds
Final V(0): 25525.28839111328

============================================================
Running policy evaluation...
============================================================


============================================================
INVENTORY PROBLEM (unscaled, weekly)
============================================================
Dimension:       50
Discount factor: 0.9990389236684376
Fixed cost:      50.0
Variable costs:  [0.1, 0.1, 0.1, 0.1, 0.1, 0.1, 0.1, 0.1, 0.1, 0.1, 0.1, 0.1, 0.1, 0.1, 0.1, 0.2, 0.2, 0.2, 0.2, 0.2, 0.2, 0.2, 0.2, 0.2, 0.2, 0.2, 0.2, 0.2, 0.2, 0.2, 0.4, 0.4, 0.4, 0.4, 0.4, 0.4, 0.4, 0.4, 0.4, 0.4, 0.4, 0.4, 0.4, 0.4, 0.4, 0.4, 0.4, 0.4, 0.4, 0.4]
Holding costs:   [0.019230769230769232, 0.019230769230769232, 0.019230769230769232, 0.019230769230769232, 0.019230769230769232, 0.019230769230769232, 0.019230769230769232, 0.019230769230769232, 0.019230769230769232, 0.019230769230769232, 0.019230769230769232, 0.019230769230769232, 0.019230769230769232, 0.019230769230769232, 0.019230769230769232, 0.038461538461538464, 0.038461538461538464, 0.038461538461538464, 0.038461538461538464, 0.038461538461538464, 0.038461538461538464, 0.038461538461538464, 0.038461538461538464, 0.038461538461538464, 0.038461538461538464, 0.038461538461538464, 0.038461538461538464, 0.038461538461538464, 0.038461538461538464, 0.038461538461538464, 0.07692307692307693, 0.07692307692307693, 0.07692307692307693, 0.07692307692307693, 0.07692307692307693, 0.07692307692307693, 0.07692307692307693, 0.07692307692307693, 0.07692307692307693, 0.07692307692307693, 0.07692307692307693, 0.07692307692307693, 0.07692307692307693, 0.07692307692307693, 0.07692307692307693, 0.07692307692307693, 0.07692307692307693, 0.07692307692307693, 0.07692307692307693, 0.07692307692307693]
Backlog costs:   [0.4807692307692308, 0.4807692307692308, 0.4807692307692308, 0.4807692307692308, 0.4807692307692308, 0.4807692307692308, 0.4807692307692308, 0.4807692307692308, 0.4807692307692308, 0.4807692307692308, 0.4807692307692308, 0.4807692307692308, 0.4807692307692308, 0.4807692307692308, 0.4807692307692308, 0.9615384615384616, 0.9615384615384616, 0.9615384615384616, 0.9615384615384616, 0.9615384615384616, 0.9615384615384616, 0.9615384615384616, 0.9615384615384616, 0.9615384615384616, 0.9615384615384616, 0.9615384615384616, 0.9615384615384616, 0.9615384615384616, 0.9615384615384616, 0.9615384615384616, 1.9230769230769231, 1.9230769230769231, 1.9230769230769231, 1.9230769230769231, 1.9230769230769231, 1.9230769230769231, 1.9230769230769231, 1.9230769230769231, 1.9230769230769231, 1.9230769230769231, 1.9230769230769231, 1.9230769230769231, 1.9230769230769231, 1.9230769230769231, 1.9230769230769231, 1.9230769230769231, 1.9230769230769231, 1.9230769230769231, 1.9230769230769231, 1.9230769230769231]
Demand dists:    DataType[Distributions.Poisson{Float64}, Distributions.Poisson{Float64}, Distributions.Poisson{Float64}, Distributions.Poisson{Float64}, Distributions.Poisson{Float64}, Distributions.Poisson{Float64}, Distributions.Poisson{Float64}, Distributions.Poisson{Float64}, Distributions.Poisson{Float64}, Distributions.Poisson{Float64}, Distributions.Poisson{Float64}, Distributions.Poisson{Float64}, Distributions.Poisson{Float64}, Distributions.Poisson{Float64}, Distributions.Poisson{Float64}, Distributions.Poisson{Float64}, Distributions.Poisson{Float64}, Distributions.Poisson{Float64}, Distributions.Poisson{Float64}, Distributions.Poisson{Float64}, Distributions.Poisson{Float64}, Distributions.Poisson{Float64}, Distributions.Poisson{Float64}, Distributions.Poisson{Float64}, Distributions.Poisson{Float64}, Distributions.Poisson{Float64}, Distributions.Poisson{Float64}, Distributions.Poisson{Float64}, Distributions.Poisson{Float64}, Distributions.Poisson{Float64}, Distributions.Poisson{Float64}, Distributions.Poisson{Float64}, Distributions.Poisson{Float64}, Distributions.Poisson{Float64}, Distributions.Poisson{Float64}, Distributions.Poisson{Float64}, Distributions.Poisson{Float64}, Distributions.Poisson{Float64}, Distributions.Poisson{Float64}, Distributions.Poisson{Float64}, Distributions.Poisson{Float64}, Distributions.Poisson{Float64}, Distributions.Poisson{Float64}, Distributions.Poisson{Float64}, Distributions.Poisson{Float64}, Distributions.Poisson{Float64}, Distributions.Poisson{Float64}, Distributions.Poisson{Float64}, Distributions.Poisson{Float64}, Distributions.Poisson{Float64}]
Demand means:    [0.9615384615384616, 0.9615384615384616, 0.9615384615384616, 0.9615384615384616, 0.9615384615384616, 0.9615384615384616, 0.9615384615384616, 0.9615384615384616, 0.9615384615384616, 0.9615384615384616, 0.9615384615384616, 0.9615384615384616, 0.9615384615384616, 0.9615384615384616, 0.9615384615384616, 0.4807692307692308, 0.4807692307692308, 0.4807692307692308, 0.4807692307692308, 0.4807692307692308, 0.4807692307692308, 0.4807692307692308, 0.4807692307692308, 0.4807692307692308, 0.4807692307692308, 0.4807692307692308, 0.4807692307692308, 0.4807692307692308, 0.4807692307692308, 0.4807692307692308, 0.2403846153846154, 0.2403846153846154, 0.2403846153846154, 0.2403846153846154, 0.2403846153846154, 0.2403846153846154, 0.2403846153846154, 0.2403846153846154, 0.2403846153846154, 0.2403846153846154, 0.2403846153846154, 0.2403846153846154, 0.2403846153846154, 0.2403846153846154, 0.2403846153846154, 0.2403846153846154, 0.2403846153846154, 0.2403846153846154, 0.2403846153846154, 0.2403846153846154]
============================================================

==================================================
Computing order-up-to vector via :solve_inf
==================================================

Method: solve_inf
Final objective: 280.24132446289065
z*: [11.0, 11.0, 11.0, 11.0, 11.0, 11.0, 11.0, 11.0, 11.0, 11.0, 11.0, 11.0, 11.0, 11.0, 11.0, 6.0, 6.0, 6.0, 6.0, 6.0, 6.0, 6.0, 6.0, 6.0, 6.0, 6.0, 6.0, 6.0, 6.0, 6.0, 4.0, 4.0, 4.0, 4.0, 4.0, 4.0, 4.0, 4.0, 4.0, 4.0, 4.0, 4.0, 4.0, 4.0, 4.0, 4.0, 4.0, 4.0, 4.0, 4.0]
Intervention value: -25.488577880859395

==================================================
Computing order-up-to vector via :find_stationary
==================================================

Method: find_stationary
Final residual: 0.01954603754082796
z*: [11.0, 11.0, 11.0, 11.0, 11.0, 11.0, 11.0, 11.0, 11.0, 11.0, 11.0, 11.0, 11.0, 11.0, 11.0, 6.0, 6.0, 6.0, 6.0, 6.0, 6.0, 6.0, 6.0, 6.0, 6.0, 6.0, 6.0, 6.0, 6.0, 6.0, 4.0, 4.0, 4.0, 4.0, 4.0, 4.0, 4.0, 4.0, 4.0, 4.0, 4.0, 4.0, 4.0, 4.0, 4.0, 4.0, 4.0, 4.0, 4.0, 4.0]
Intervention value: -25.488577880859395

==================================================
Summary:
  solve_inf:       z* = [11, 11, 11, 11, 11, 11, 11, 11, 11, 11, 11, 11, 11, 11, 11, 6, 6, 6, 6, 6, 6, 6, 6, 6, 6, 6, 6, 6, 6, 6, 4, 4, 4, 4, 4, 4, 4, 4, 4, 4, 4, 4, 4, 4, 4, 4, 4, 4, 4, 4]
  find_stationary: z* = [11, 11, 11, 11, 11, 11, 11, 11, 11, 11, 11, 11, 11, 11, 11, 6, 6, 6, 6, 6, 6, 6, 6, 6, 6, 6, 6, 6, 6, 6, 4, 4, 4, 4, 4, 4, 4, 4, 4, 4, 4, 4, 4, 4, 4, 4, 4, 4, 4, 4]
==================================================

============================================================
Evaluating method: solve_inf
============================================================

----------------------------------------
Evaluating ε = -1.25
----------------------------------------
Mean cost: 23148.478865844136 ± 50.23393393086812
  Inventory costs: 13350.445530530003
  Variable costs:  4998.601679467201
  Fixed costs:     4799.431655846969
  Simulation time: 583.9s

----------------------------------------
Evaluating ε = -2.5
----------------------------------------
Mean cost: 23708.051942522943 ± 42.72341468850686
  Inventory costs: 14062.629574673329
  Variable costs:  5008.538422348704
  Fixed costs:     4636.883945500933
  Simulation time: 572.3s

----------------------------------------
Evaluating ε = -5.0
----------------------------------------
Mean cost: 24783.925132128978 ± 42.56564416620449
  Inventory costs: 15437.000762558373
  Variable costs:  4990.492114486235
  Fixed costs:     4356.432255084416
  Simulation time: 583.5s

----------------------------------------
Evaluating ε = -7.5
----------------------------------------
Mean cost: 25664.779588290952 ± 21.654637746724855
  Inventory costs: 16484.870954320082
  Variable costs:  4986.699586356835
  Fixed costs:     4193.209047614068
  Simulation time: 588.5s

----------------------------------------
Evaluating ε = -10.0
----------------------------------------
Mean cost: 26768.056582552275 ± 59.51439849985047
  Inventory costs: 17724.129106963996
  Variable costs:  5000.9890283121085
  Fixed costs:     4042.938447276168
  Simulation time: 577.1s

----------------------------------------
Evaluating ε = -12.5
----------------------------------------
Mean cost: 27799.285709623502 ± 56.73320705554892
  Inventory costs: 18862.95142992415
  Variable costs:  4995.11300844329
  Fixed costs:     3941.221271256088
  Simulation time: 583.3s

----------------------------------------
Evaluating ε = -15.0
----------------------------------------
Mean cost: 28835.32395499356 ± 52.26942462327708
  Inventory costs: 20037.515907938025
  Variable costs:  4982.117765335267
  Fixed costs:     3815.6902817202817
  Simulation time: 556.4s

----------------------------------------
Evaluating ε = -20.0
----------------------------------------
Mean cost: 31004.73587170054 ± 40.870402396542424
  Inventory costs: 22371.55066804791
  Variable costs:  4993.750917637899
  Fixed costs:     3639.4342860147526
  Simulation time: 558.9s

----------------------------------------
Evaluating ε = -25.0
----------------------------------------
Mean cost: 33221.30760500788 ± 51.35064497687005
  Inventory costs: 24757.58433887178
  Variable costs:  4981.1810719981895
  Fixed costs:     3482.542194137915
  Simulation time: 551.2s

----------------------------------------
Evaluating ε = -30.0
----------------------------------------
Mean cost: 35705.831452997714 ± 97.78551008802857
  Inventory costs: 27357.944134464044
  Variable costs:  4999.282553849063
  Fixed costs:     3348.6047646846064
  Simulation time: 552.4s

----------------------------------------
Evaluating ε = -40.0
----------------------------------------
Mean cost: 40846.4937152712 ± 78.60760234380497
  Inventory costs: 32731.47014313784
  Variable costs:  4994.159271477902
  Fixed costs:     3120.864300655413
  Simulation time: 541.7s

----------------------------------------
Evaluating ε = -50.0
----------------------------------------
Mean cost: 46223.34994140035 ± 128.8504965680455
  Inventory costs: 38320.707732612405
  Variable costs:  4980.242726455808
  Fixed costs:     2922.3994823320827
  Simulation time: 547.3s

----------------------------------------
Evaluating ε = -75.0
----------------------------------------
Mean cost: 60885.88871104909 ± 134.10556453151676
  Inventory costs: 53334.60940192677
  Variable costs:  4987.760564679992
  Fixed costs:     2563.518744442313
  Simulation time: 554.0s

----------------------------------------
Evaluating ε = -100.0
----------------------------------------
Mean cost: 76927.32952991218 ± 122.54568041056561
  Inventory costs: 69647.54944197171
  Variable costs:  4979.1424981275195
  Fixed costs:     2300.637589812911
  Simulation time: 552.7s

==================================================
Best epsilon: -1.25 with cost: 23148.478865844136 ± 50.23393393086812
==================================================

============================================================
Evaluating method: find_stationary
============================================================

----------------------------------------
Evaluating ε = -1.25
----------------------------------------
Mean cost: 23272.49895044056 ± 49.50210801449666
  Inventory costs: 13429.075915031484
  Variable costs:  5012.829295315535
  Fixed costs:     4830.593740093573
  Simulation time: 551.5s

----------------------------------------
Evaluating ε = -2.5
----------------------------------------
Mean cost: 23702.858709024706 ± 36.530590506113604
  Inventory costs: 14075.799589149636
  Variable costs:  4994.520743254834
  Fixed costs:     4632.538376620268
  Simulation time: 545.8s

----------------------------------------
Evaluating ε = -5.0
----------------------------------------
Mean cost: 24763.673159694234 ± 25.86928052045514
  Inventory costs: 15359.988215990443
  Variable costs:  5008.863102994976
  Fixed costs:     4394.821840708826
  Simulation time: 552.6s

----------------------------------------
Evaluating ε = -7.5
----------------------------------------
Mean cost: 25791.041925659567 ± 54.59073886452985
  Inventory costs: 16594.980989545777
  Variable costs:  4996.378724594389
  Fixed costs:     4199.682211519412
  Simulation time: 548.9s

----------------------------------------
Evaluating ε = -10.0
----------------------------------------
Mean cost: 26749.609642105024 ± 65.16609180417414
  Inventory costs: 17717.3849588347
  Variable costs:  4988.461551278781
  Fixed costs:     4043.7631319915295
  Simulation time: 551.2s

----------------------------------------
Evaluating ε = -12.5
----------------------------------------
Mean cost: 27861.27036886637 ± 66.04766012148882
  Inventory costs: 18947.471157531156
  Variable costs:  4997.503128349907
  Fixed costs:     3916.2960829852955
  Simulation time: 550.4s

----------------------------------------
Evaluating ε = -15.0
----------------------------------------
Mean cost: 28877.37160618583 ± 77.56386363071572
  Inventory costs: 20076.657477445995
  Variable costs:  4990.823451417493
  Fixed costs:     3809.890677322341
  Simulation time: 556.5s

----------------------------------------
Evaluating ε = -20.0
----------------------------------------
Mean cost: 31037.70649275995 ± 54.21428872333655
  Inventory costs: 22402.391817636824
  Variable costs:  4998.4128252045775
  Fixed costs:     3636.901849918557
  Simulation time: 582.9s

----------------------------------------
Evaluating ε = -25.0
----------------------------------------
Mean cost: 33242.540147038606 ± 77.76608470592724
  Inventory costs: 24776.140066355187
  Variable costs:  4988.375793511715
  Fixed costs:     3478.0242871717514
  Simulation time: 583.8s

----------------------------------------
Evaluating ε = -30.0
----------------------------------------
Mean cost: 35622.478622679555 ± 72.16446647999754
  Inventory costs: 27304.06487799857
  Variable costs:  4982.345268667663
  Fixed costs:     3336.068476013287
  Simulation time: 563.3s

----------------------------------------
Evaluating ε = -40.0
----------------------------------------
Mean cost: 40803.06353466668 ± 109.6973014275302
  Inventory costs: 32715.509643841786
  Variable costs:  4978.126557387383
  Fixed costs:     3109.4273334374952
  Simulation time: 455.7s

----------------------------------------
Evaluating ε = -50.0
----------------------------------------
Mean cost: 46248.55770684892 ± 79.34630433355926
  Inventory costs: 38333.18484295534
  Variable costs:  4991.227670265292
  Fixed costs:     2924.145193628297
  Simulation time: 448.4s

----------------------------------------
Evaluating ε = -75.0
----------------------------------------
Mean cost: 61135.22992700224 ± 82.96567920796369
  Inventory costs: 53583.501928825106
  Variable costs:  4987.7355446523225
  Fixed costs:     2563.9924535248024
  Simulation time: 465.9s

----------------------------------------
Evaluating ε = -100.0
----------------------------------------
Mean cost: 77175.65777320202 ± 101.61975416932137
  Inventory costs: 69883.1525894044
  Variable costs:  4988.865847137672
  Fixed costs:     2303.6393366599186
  Simulation time: 461.3s

==================================================
Best epsilon: -1.25 with cost: 23272.49895044056 ± 49.50210801449666
==================================================
Skipping save for solve_inf: existing cost 21783.210372240337 <= new cost 23148.478865844136
Skipping save for find_stationary: existing cost 21821.025791854216 <= new cost 23272.49895044056

============================================================
FINAL RESULTS SUMMARY
============================================================

Method: solve_inf
  Order-up-to vector: [11, 11, 11, 11, 11, 11, 11, 11, 11, 11, 11, 11, 11, 11, 11, 6, 6, 6, 6, 6, 6, 6, 6, 6, 6, 6, 6, 6, 6, 6, 4, 4, 4, 4, 4, 4, 4, 4, 4, 4, 4, 4, 4, 4, 4, 4, 4, 4, 4, 4]
  Best epsilon: -1.25
  Best cost: 23148.478865844136 ± 50.23393393086812

Method: find_stationary
  Order-up-to vector: [11, 11, 11, 11, 11, 11, 11, 11, 11, 11, 11, 11, 11, 11, 11, 6, 6, 6, 6, 6, 6, 6, 6, 6, 6, 6, 6, 6, 6, 6, 4, 4, 4, 4, 4, 4, 4, 4, 4, 4, 4, 4, 4, 4, 4, 4, 4, 4, 4, 4]
  Best epsilon: -1.25
  Best cost: 23272.49895044056 ± 49.50210801449666

============================================================
Complete! Per-method results saved to:
  output/nn_training/results_50D_CaseLL_solve_inf.json
  output/nn_training/results_50D_CaseLL_find_stationary.json
============================================================

  Activating project at `~/DeepSJRP`
[ Info:  started timer at: 2026-04-27T04:34:11.299
┌ Warning: Layer with Float32 parameters got Float64 input.
│   The input will be converted, but any earlier layers may be very slow.
│   layer = Dense(50 => 1000, elu)  # 51_000 parameters
│   summary(x) = "50-element Vector{Float64}"
└ @ Flux ~/.julia/packages/Flux/DZYiO/src/layers/stateless.jl:60
RUNNING THE L-BFGS-B CODE

           * * *

Machine precision = 2.220D-16
 N =           50     M =           10

At X0         0 variables are exactly at the bounds

At iterate    0    f=  2.80241D+02    |proj g|=  4.92601D-03

           * * *

Tit   = total number of iterations
Tnf   = total number of function evaluations
Tnint = total number of segments explored during Cauchy searches
Skip  = number of BFGS updates skipped
Nact  = number of active bounds at final generalized Cauchy point
Projg = norm of the final projected gradient
F     = final function value

           * * *

   N    Tit     Tnf  Tnint  Skip  Nact     Projg        F
   50      0      1      0     0     0   4.926D-03   2.802D+02
  F =   280.24132446289065     

CONVERGENCE: NORM_OF_PROJECTED_GRADIENT_<=_PGTOL            

 Cauchy                time 0.000E+00 seconds.
 Subspace minimization time 0.000E+00 seconds.
 Line search           time 0.000E+00 seconds.

 Total User time 3.034E+00 seconds.

RUNNING THE L-BFGS-B CODE

           * * *

Machine precision = 2.220D-16
 N =           50     M =           10

At X0         0 variables are exactly at the bounds

At iterate    0    f=  3.82048D-04    |proj g|=  7.07315D-07

           * * *

Tit   = total number of iterations
Tnf   = total number of function evaluations
Tnint = total number of segments explored during Cauchy searches
Skip  = number of BFGS updates skipped
Nact  = number of active bounds at final generalized Cauchy point
Projg = norm of the final projected gradient
F     = final function value

           * * *

   N    Tit     Tnf  Tnint  Skip  Nact     Projg        F
   50      0      1      0     0     0   7.073D-07   3.820D-04
  F =   3.8204758354745596E-004

CONVERGENCE: NORM_OF_PROJECTED_GRADIENT_<=_PGTOL            

 Cauchy                time 0.000E+00 seconds.
 Subspace minimization time 0.000E+00 seconds.
 Line search           time 0.000E+00 seconds.

 Total User time 3.867E-01 seconds.

