
============================================================
DeepSJRP - Stochastic Joint Replenishment Problem Solver
============================================================
Instance: 50D_CaseHM
Options: Dict{Symbol, Any}(:beta_override => 100000.0, :alpha_override => nothing, :device => :gpu, :nu_override => 0.8, :T_override => 0.1, :seed => 777)
============================================================

Device: CUDA GPU
CUDA toolchain: 
- runtime 12.8, local installation
- driver 580.126.16 for 13.2
- compiler 12.9

CUDA libraries: 
- CUBLAS: 12.8.4
- CURAND: 10.3.9
- CUFFT: 11.3.3
- CUSOLVER: 11.7.3
- CUSPARSE: 12.5.8
- CUPTI: 2025.1.1 (API 12.8.0)
- NVML: 13.0.0+580.126.16

Julia packages: 
- CUDA: 5.11.0
- GPUArrays: 11.4.1
- GPUCompiler: 1.9.1
- KernelAbstractions: 0.9.41
- CUDA_Driver_jll: 13.2.0+0
- CUDA_Compiler_jll: 0.4.2+0
- CUDA_Runtime_jll: 0.21.0+0
- CUDA_Runtime_Discovery: 1.0.0

Toolchain:
- Julia: 1.11.7
- LLVM: 16.0.6

Preferences:
- CUDA_Runtime_jll.version: local

1 device:
  0: NVIDIA H100 80GB HBM3 (sm_90, 79.175 GiB / 79.647 GiB available)
BLAS threads: 1
Julia threads: 10

Benchmark source: QS

============================================================
IMPULSE CONTROL PROBLEM (scaled, annual)
============================================================
Instance: 50D_CaseHM
Dimension: 50
Interest rate: 0.05
Cost scaling κ: 0.01

Drift μ (annual demand rates): [50.0, 50.0, 50.0, 50.0, 50.0, 50.0, 50.0, 50.0, 50.0, 50.0, 50.0, 50.0, 50.0, 50.0, 50.0, 25.0, 25.0, 25.0, 25.0, 25.0, 25.0, 25.0, 25.0, 25.0, 25.0, 25.0, 25.0, 25.0, 25.0, 25.0, 12.5, 12.5, 12.5, 12.5, 12.5, 12.5, 12.5, 12.5, 12.5, 12.5, 12.5, 12.5, 12.5, 12.5, 12.5, 12.5, 12.5, 12.5, 12.5, 12.5]
Covariance Σ diagonal: [2500.0, 2500.0, 2500.0, 2500.0, 2500.0, 2500.0, 2500.0, 2500.0, 2500.0, 2500.0, 2500.0, 2500.0, 2500.0, 2500.0, 2500.0, 625.0, 625.0, 625.0, 625.0, 625.0, 625.0, 625.0, 625.0, 625.0, 625.0, 625.0, 625.0, 625.0, 625.0, 625.0, 156.25, 156.25, 156.25, 156.25, 156.25, 156.25, 156.25, 156.25, 156.25, 156.25, 156.25, 156.25, 156.25, 156.25, 156.25, 156.25, 156.25, 156.25, 156.25, 156.25]

Scaled costs (× κ = 0.01):
  Fixed cost K:    1.5
  Variable costs c: [0.001, 0.001, 0.001, 0.001, 0.001, 0.001, 0.001, 0.001, 0.001, 0.001, 0.001, 0.001, 0.001, 0.001, 0.001, 0.002, 0.002, 0.002, 0.002, 0.002, 0.002, 0.002, 0.002, 0.002, 0.002, 0.002, 0.002, 0.002, 0.002, 0.002, 0.004, 0.004, 0.004, 0.004, 0.004, 0.004, 0.004, 0.004, 0.004, 0.004, 0.004, 0.004, 0.004, 0.004, 0.004, 0.004, 0.004, 0.004, 0.004, 0.004]
  Holding costs h:  [0.01, 0.01, 0.01, 0.01, 0.01, 0.01, 0.01, 0.01, 0.01, 0.01, 0.01, 0.01, 0.01, 0.01, 0.01, 0.02, 0.02, 0.02, 0.02, 0.02, 0.02, 0.02, 0.02, 0.02, 0.02, 0.02, 0.02, 0.02, 0.02, 0.02, 0.04, 0.04, 0.04, 0.04, 0.04, 0.04, 0.04, 0.04, 0.04, 0.04, 0.04, 0.04, 0.04, 0.04, 0.04, 0.04, 0.04, 0.04, 0.04, 0.04]
  Penalty costs p:  [0.25, 0.25, 0.25, 0.25, 0.25, 0.25, 0.25, 0.25, 0.25, 0.25, 0.25, 0.25, 0.25, 0.25, 0.25, 0.5, 0.5, 0.5, 0.5, 0.5, 0.5, 0.5, 0.5, 0.5, 0.5, 0.5, 0.5, 0.5, 0.5, 0.5, 1.0, 1.0, 1.0, 1.0, 1.0, 1.0, 1.0, 1.0, 1.0, 1.0, 1.0, 1.0, 1.0, 1.0, 1.0, 1.0, 1.0, 1.0, 1.0, 1.0]

Original costs (unscaled):
  Fixed cost K:    150.0
  Variable costs c: [0.1, 0.1, 0.1, 0.1, 0.1, 0.1, 0.1, 0.1, 0.1, 0.1, 0.1, 0.1, 0.1, 0.1, 0.1, 0.2, 0.2, 0.2, 0.2, 0.2, 0.2, 0.2, 0.2, 0.2, 0.2, 0.2, 0.2, 0.2, 0.2, 0.2, 0.4, 0.4, 0.4, 0.4, 0.4, 0.4, 0.4, 0.4, 0.4, 0.4, 0.4, 0.4, 0.4, 0.4, 0.4, 0.4, 0.4, 0.4, 0.4, 0.4]
  Holding costs h:  [1.0, 1.0, 1.0, 1.0, 1.0, 1.0, 1.0, 1.0, 1.0, 1.0, 1.0, 1.0, 1.0, 1.0, 1.0, 2.0, 2.0, 2.0, 2.0, 2.0, 2.0, 2.0, 2.0, 2.0, 2.0, 2.0, 2.0, 2.0, 2.0, 2.0, 4.0, 4.0, 4.0, 4.0, 4.0, 4.0, 4.0, 4.0, 4.0, 4.0, 4.0, 4.0, 4.0, 4.0, 4.0, 4.0, 4.0, 4.0, 4.0, 4.0]
  Penalty costs p:  [25.0, 25.0, 25.0, 25.0, 25.0, 25.0, 25.0, 25.0, 25.0, 25.0, 25.0, 25.0, 25.0, 25.0, 25.0, 50.0, 50.0, 50.0, 50.0, 50.0, 50.0, 50.0, 50.0, 50.0, 50.0, 50.0, 50.0, 50.0, 50.0, 50.0, 100.0, 100.0, 100.0, 100.0, 100.0, 100.0, 100.0, 100.0, 100.0, 100.0, 100.0, 100.0, 100.0, 100.0, 100.0, 100.0, 100.0, 100.0, 100.0, 100.0]
============================================================

============================================================
TRAINING HYPERPARAMETERS
============================================================
Benchmark source: QS
Precision:        Float32
Batch size:       5000
Num intervals:    100
T horizon:        0.1
Num iterations:   40000
Learning rates:   [0.001, 0.0002, 0.0001, 1.0e-5, 1.0e-6]
LR steps:         [1, 5000, 10000, 20000, 30000]
Beta penalty:     [1.0, 10.0, 100.0, 1000.0, 10000.0, 100000.0]
Penalty steps:    [1, 2500, 5000, 7500, 10000, 20000]
Lambda rate:      8.446313568643136
S guess:          [[20.0, 20.0, 20.0, 20.0, 20.0, 20.0, 20.0, 20.0, 20.0, 20.0, 20.0, 20.0, 20.0, 20.0, 19.0, 12.0, 12.0, 12.0, 12.0, 12.0, 12.0, 12.0, 12.0, 12.0, 12.0, 12.0, 12.0, 12.0, 12.0, 12.0, 7.0, 7.0, 7.0, 7.0, 7.0, 7.0, 7.0, 7.0, 7.0, 7.0, 7.0, 7.0, 7.0, 7.0, 7.0, 7.0, 7.0, 7.0, 7.0, 7.0]]
Nu radius:        0.8
S distribution:   lognormal
Alpha factor:     0.0
Alpha js:         [0.0, 0.0, 0.0, 0.0, 0.0, 0.0, 0.0, 0.0, 0.0, 0.0, 0.0, 0.0, 0.0, 0.0, 0.0, 0.0, 0.0, 0.0, 0.0, 0.0, 0.0, 0.0, 0.0, 0.0, 0.0, 0.0, 0.0, 0.0, 0.0, 0.0, 0.0, 0.0, 0.0, 0.0, 0.0, 0.0, 0.0, 0.0, 0.0, 0.0, 0.0, 0.0, 0.0, 0.0, 0.0, 0.0, 0.0, 0.0, 0.0, 0.0]
Cost scaling:     0.01

Neural network architecture:
  Hidden layers:  4
  Width:          1000
  Activation:     elu

Optimization parameters:
  Start factor:   1.0
  Lower factor:   0.5
  Upper factor:   1.5
  Sim runs:       10
  Sim horizon:    5000
  Epsilons:       [-1.25, -2.5, -5.0, -7.5, -10.0, -12.5, -15.0, -20.0, -25.0, -30.0, -40.0, -50.0, -75.0, -100.0]
============================================================

Gradient network G (∇V):
Chain(
  Dense(50 => 1000, elu),               # 51_000 parameters
  Dense(1000 => 1000, elu),             # 1_001_000 parameters
  Dense(1000 => 1000, elu),             # 1_001_000 parameters
  Dense(1000 => 1000, elu),             # 1_001_000 parameters
  Dense(1000 => 50),                    # 50_050 parameters
)                   # Total: 10 arrays, 3_104_050 parameters, 1.562 KiB.

Value network H (V):
Chain(
  Dense(50 => 1000, elu),               # 51_000 parameters
  Dense(1000 => 1000, elu),             # 1_001_000 parameters
  Dense(1000 => 1000, elu),             # 1_001_000 parameters
  Dense(1000 => 1000, elu),             # 1_001_000 parameters
  Dense(1000 => 1),                     # 1_001 parameters
)                   # Total: 10 arrays, 3_055_001 parameters, 1.562 KiB.


============================================================
Starting neural network training...
============================================================

Starting training with steady-state sampler:
-----------------------------------------
Epoch: 1; Penalty β updated to: 1.0
-----------------------------------------
─── Device check ───
  x_tn: CuArray{Float32} (50, 100, 5000)
  dB: CuArray{Float32} (50, 100, 5000)
  dU: CuArray{Float32} (50, 100, 5000)
  exponentials: CuArray{Float32} (1, 100)
  loss_dB: CuArray{Float32} (1, 5000)
  loss_df: CuArray{Float32} (1, 5000)
  loss_dU: CuArray{Float32} (1, 5000)
  H_x0: CuArray{Float32} (1, 5000)
  H_xT: CuArray{Float32} (1, 5000)
  penalties: CuArray{Float32} (1, 5000)
────────────────────
Epoch: 1; Computation time: 57.532696503; Current value of V(0): 0.0
Lagrangian objective: 847248.3; Average H(x0): 0.0; Quantile-hedge α(β): 50.72
Simulation time per epoch: 9.853430903; Gradient computation time: 36.377066429; Testing time: 10.598042671
Epoch: 1000; Computation time: 396.207890937; Current value of V(0): 28450.881958007812
Lagrangian objective: -10576.208; Average H(x0): 21059.14; Quantile-hedge α(β): 0.039999999999995595
Simulation time per epoch: 0.07413376; Gradient computation time: 0.181600538; Testing time: 0.083353231
Epoch: 2000; Computation time: 735.470184918; Current value of V(0): 65392.56591796875
Lagrangian objective: -10916.183; Average H(x0): 21100.848; Quantile-hedge α(β): 0.0
Simulation time per epoch: 0.074402298; Gradient computation time: 0.181506087; Testing time: 0.083281964
-----------------------------------------
Epoch: 2500; Penalty β updated to: 10.0
-----------------------------------------
Epoch: 3000; Computation time: 1074.685381676; Current value of V(0): 14934.803771972656
Lagrangian objective: -1757.1924; Average H(x0): 3511.3696; Quantile-hedge α(β): 2.959999999999996
Simulation time per epoch: 0.074398103; Gradient computation time: 0.181595034; Testing time: 0.0832396
Epoch: 4000; Computation time: 1413.966259272; Current value of V(0): 14308.009338378906
Lagrangian objective: -1993.4138; Average H(x0): 3106.8496; Quantile-hedge α(β): 0.9800000000000031
Simulation time per epoch: 0.07436219; Gradient computation time: 0.181447067; Testing time: 0.083248018
-----------------------------------------
Epoch: 5000; Penalty β updated to: 100.0
-----------------------------------------
Epoch: 5000; Computation time: 1753.177302962; Current value of V(0): 13821.255493164062
Lagrangian objective: 8512.665; Average H(x0): 3069.0024; Quantile-hedge α(β): 1.759999999999995
Simulation time per epoch: 0.074041717; Gradient computation time: 0.181381017; Testing time: 0.08332294
Epoch: 6000; Computation time: 2092.377596115; Current value of V(0): 2895.5339431762695
Lagrangian objective: -955.1702; Average H(x0): 1177.9402; Quantile-hedge α(β): 34.8
Simulation time per epoch: 0.074298881; Gradient computation time: 0.181395693; Testing time: 0.083228083
Epoch: 7000; Computation time: 2431.200158157; Current value of V(0): 2432.370376586914
Lagrangian objective: -985.434; Average H(x0): 1196.2546; Quantile-hedge α(β): 29.94
Simulation time per epoch: 0.074105774; Gradient computation time: 0.180816923; Testing time: 0.083206627
-----------------------------------------
Epoch: 7500; Penalty β updated to: 1000.0
-----------------------------------------
Epoch: 8000; Computation time: 2770.009695531; Current value of V(0): -3549.578094482422
Lagrangian objective: 283.39383; Average H(x0): -209.7922; Quantile-hedge α(β): 99.28
Simulation time per epoch: 0.074153242; Gradient computation time: 0.181564534; Testing time: 0.083263493
Epoch: 9000; Computation time: 3109.097830342; Current value of V(0): 23.69806170463562
Lagrangian objective: -523.5959; Average H(x0): 561.1014; Quantile-hedge α(β): 95.54
Simulation time per epoch: 0.074200662; Gradient computation time: 0.181399036; Testing time: 0.083123715
-----------------------------------------
Epoch: 10000; Penalty β updated to: 10000.0
-----------------------------------------
Epoch: 10000; Computation time: 3448.057682881; Current value of V(0): 1421.965217590332
Lagrangian objective: -55.83415; Average H(x0): 836.2789; Quantile-hedge α(β): 82.5
Simulation time per epoch: 0.074219372; Gradient computation time: 0.181677343; Testing time: 0.083351333
Epoch: 11000; Computation time: 3787.108356557; Current value of V(0): -9978.691864013672
Lagrangian objective: -130.73685; Average H(x0): 143.66125; Quantile-hedge α(β): 99.82
Simulation time per epoch: 0.074175567; Gradient computation time: 0.18158497; Testing time: 0.083195764
Epoch: 12000; Computation time: 4126.158441911; Current value of V(0): -8556.28662109375
Lagrangian objective: -292.11075; Average H(x0): 300.1573; Quantile-hedge α(β): 99.68
Simulation time per epoch: 0.074259055; Gradient computation time: 0.181266579; Testing time: 0.0831669
Epoch: 13000; Computation time: 4465.239298085; Current value of V(0): -6245.161056518555
Lagrangian objective: -497.82144; Average H(x0): 531.8126; Quantile-hedge α(β): 99.38
Simulation time per epoch: 0.074344735; Gradient computation time: 0.181516707; Testing time: 0.083205838
Epoch: 14000; Computation time: 4804.230592972; Current value of V(0): -4751.215362548828
Lagrangian objective: -585.5585; Average H(x0): 656.3677; Quantile-hedge α(β): 96.89999999999999
Simulation time per epoch: 0.074178846; Gradient computation time: 0.181729789; Testing time: 0.08323496
Epoch: 15000; Computation time: 5143.332088006; Current value of V(0): -5746.79069519043
Lagrangian objective: 897.7874; Average H(x0): 541.8154; Quantile-hedge α(β): 91.53999999999999
Simulation time per epoch: 0.074256963; Gradient computation time: 0.181509895; Testing time: 0.083261222
Epoch: 16000; Computation time: 5482.409520667; Current value of V(0): -14133.045959472656
Lagrangian objective: 167.39441; Average H(x0): -124.90615; Quantile-hedge α(β): 99.98
Simulation time per epoch: 0.073768066; Gradient computation time: 0.181418509; Testing time: 0.083216312
Epoch: 17000; Computation time: 5821.238704524; Current value of V(0): -9891.9677734375
Lagrangian objective: -253.23065; Average H(x0): 264.016; Quantile-hedge α(β): 99.74
Simulation time per epoch: 0.074186454; Gradient computation time: 0.181211247; Testing time: 0.083134213
Epoch: 18000; Computation time: 6160.284499688; Current value of V(0): -4564.828109741211
Lagrangian objective: -609.6041; Average H(x0): 657.70496; Quantile-hedge α(β): 97.5
Simulation time per epoch: 0.074193897; Gradient computation time: 0.181644286; Testing time: 0.08327817
Epoch: 19000; Computation time: 6499.48360842; Current value of V(0): -4019.415283203125
Lagrangian objective: -646.7248; Average H(x0): 706.8472; Quantile-hedge α(β): 96.6
Simulation time per epoch: 0.074226004; Gradient computation time: 0.181552886; Testing time: 0.083273222
-----------------------------------------
Epoch: 20000; Penalty β updated to: 100000.0
-----------------------------------------
Epoch: 20000; Computation time: 6838.823806437; Current value of V(0): -14448.304748535156
Lagrangian objective: 207.57892; Average H(x0): -167.11858; Quantile-hedge α(β): 99.86
Simulation time per epoch: 0.074216556; Gradient computation time: 0.181766591; Testing time: 0.083404785
Epoch: 21000; Computation time: 7178.125695853; Current value of V(0): -14049.588012695312
Lagrangian objective: 3626.3516; Average H(x0): -156.04393; Quantile-hedge α(β): 99.96000000000001
Simulation time per epoch: 0.074231222; Gradient computation time: 0.181601454; Testing time: 0.083195191
Epoch: 22000; Computation time: 7517.464029376; Current value of V(0): -13287.493896484375
Lagrangian objective: 85.782936; Average H(x0): -85.782936; Quantile-hedge α(β): 100.0
Simulation time per epoch: 0.074178011; Gradient computation time: 0.181406666; Testing time: 0.083211785
Epoch: 23000; Computation time: 7856.74001231; Current value of V(0): -12228.988647460938
Lagrangian objective: 8.627866; Average H(x0): 5.216679; Quantile-hedge α(β): 99.96000000000001
Simulation time per epoch: 0.074209102; Gradient computation time: 0.18132352; Testing time: 0.083186491
Epoch: 24000; Computation time: 8195.787412973; Current value of V(0): -10726.627349853516
Lagrangian objective: 145.91585; Average H(x0): 104.34575; Quantile-hedge α(β): 99.64
Simulation time per epoch: 0.074361694; Gradient computation time: 0.18214112; Testing time: 0.083297898
Epoch: 25000; Computation time: 8534.86374035; Current value of V(0): -8972.234344482422
Lagrangian objective: -236.77548; Average H(x0): 241.40166; Quantile-hedge α(β): 99.94
Simulation time per epoch: 0.074085101; Gradient computation time: 0.181867001; Testing time: 0.083358126
Epoch: 26000; Computation time: 8873.924866022; Current value of V(0): -6307.796096801758
Lagrangian objective: -399.0085; Average H(x0): 441.35806; Quantile-hedge α(β): 99.8
Simulation time per epoch: 0.073962386; Gradient computation time: 0.18117788; Testing time: 0.08306302
Epoch: 27000; Computation time: 9212.957140822; Current value of V(0): -6435.814666748047
Lagrangian objective: -416.3547; Average H(x0): 428.5833; Quantile-hedge α(β): 99.96000000000001
Simulation time per epoch: 0.074274307; Gradient computation time: 0.18147833; Testing time: 0.083108119
Epoch: 28000; Computation time: 9551.925164009; Current value of V(0): -4926.342010498047
Lagrangian objective: -492.0292; Average H(x0): 542.6871; Quantile-hedge α(β): 99.72
Simulation time per epoch: 0.074331696; Gradient computation time: 0.181564478; Testing time: 0.083097817
Epoch: 29000; Computation time: 9890.904430261; Current value of V(0): -5653.434753417969
Lagrangian objective: 344.1452; Average H(x0): 476.9873; Quantile-hedge α(β): 99.94
Simulation time per epoch: 0.074329963; Gradient computation time: 0.181447571; Testing time: 0.083204896
Epoch: 30000; Computation time: 10229.849716471; Current value of V(0): -4807.209014892578
Lagrangian objective: -508.0906; Average H(x0): 538.77563; Quantile-hedge α(β): 99.78
Simulation time per epoch: 0.074157737; Gradient computation time: 0.182060562; Testing time: 0.083129433
Epoch: 31000; Computation time: 10568.937632716; Current value of V(0): -4530.866622924805
Lagrangian objective: -549.5938; Average H(x0): 561.55237; Quantile-hedge α(β): 99.94
Simulation time per epoch: 0.074339189; Gradient computation time: 0.181520591; Testing time: 0.083220833
Epoch: 32000; Computation time: 10907.836994485; Current value of V(0): -4261.8011474609375
Lagrangian objective: -564.4459; Average H(x0): 581.6683; Quantile-hedge α(β): 99.8
Simulation time per epoch: 0.074237277; Gradient computation time: 0.181538121; Testing time: 0.083180204
Epoch: 33000; Computation time: 11246.721988448; Current value of V(0): -4100.030517578125
Lagrangian objective: -588.717; Average H(x0): 593.0476; Quantile-hedge α(β): 99.83999999999999
Simulation time per epoch: 0.074037631; Gradient computation time: 0.182328092; Testing time: 0.083142002
Epoch: 34000; Computation time: 11585.647309438; Current value of V(0): -3883.053970336914
Lagrangian objective: -580.5795; Average H(x0): 609.7845; Quantile-hedge α(β): 99.78
Simulation time per epoch: 0.074074915; Gradient computation time: 0.18146814; Testing time: 0.083098493
Epoch: 35000; Computation time: 11924.663625896; Current value of V(0): -3711.095428466797
Lagrangian objective: -516.88354; Average H(x0): 622.3798; Quantile-hedge α(β): 99.53999999999999
Simulation time per epoch: 0.074276812; Gradient computation time: 0.181852074; Testing time: 0.083156875
Epoch: 36000; Computation time: 12264.104428028; Current value of V(0): -3756.6600799560547
Lagrangian objective: -548.7522; Average H(x0): 618.088; Quantile-hedge α(β): 99.66000000000001
Simulation time per epoch: 0.074062792; Gradient computation time: 0.18214015; Testing time: 0.08326825
Epoch: 37000; Computation time: 12603.524940858; Current value of V(0): -3666.309356689453
Lagrangian objective: -600.2468; Average H(x0): 624.7445; Quantile-hedge α(β): 99.74
Simulation time per epoch: 0.074328273; Gradient computation time: 0.181992117; Testing time: 0.083337165
Epoch: 38000; Computation time: 12942.946093924; Current value of V(0): -3687.101364135742
Lagrangian objective: -441.13174; Average H(x0): 622.0386; Quantile-hedge α(β): 99.64
Simulation time per epoch: 0.074370011; Gradient computation time: 0.181979316; Testing time: 0.083266875
Epoch: 39000; Computation time: 13282.730656258; Current value of V(0): -3572.853469848633
Lagrangian objective: -599.9302; Average H(x0): 629.7471; Quantile-hedge α(β): 99.72
Simulation time per epoch: 0.074012188; Gradient computation time: 0.182133632; Testing time: 0.083310863
Epoch: 40000; Computation time: 13622.372335728; Current value of V(0): -3599.3492126464844
Lagrangian objective: -612.4982; Average H(x0): 626.6965; Quantile-hedge α(β): 99.64
Simulation time per epoch: 0.074119056; Gradient computation time: 0.182308729; Testing time: 0.083343181

Training completed in 13622.372467948 seconds
Final V(0): -3599.2630004882812

============================================================
Running policy evaluation...
============================================================


============================================================
INVENTORY PROBLEM (unscaled, weekly)
============================================================
Dimension:       50
Discount factor: 0.9990389236684376
Fixed cost:      150.0
Variable costs:  [0.1, 0.1, 0.1, 0.1, 0.1, 0.1, 0.1, 0.1, 0.1, 0.1, 0.1, 0.1, 0.1, 0.1, 0.1, 0.2, 0.2, 0.2, 0.2, 0.2, 0.2, 0.2, 0.2, 0.2, 0.2, 0.2, 0.2, 0.2, 0.2, 0.2, 0.4, 0.4, 0.4, 0.4, 0.4, 0.4, 0.4, 0.4, 0.4, 0.4, 0.4, 0.4, 0.4, 0.4, 0.4, 0.4, 0.4, 0.4, 0.4, 0.4]
Holding costs:   [0.019230769230769232, 0.019230769230769232, 0.019230769230769232, 0.019230769230769232, 0.019230769230769232, 0.019230769230769232, 0.019230769230769232, 0.019230769230769232, 0.019230769230769232, 0.019230769230769232, 0.019230769230769232, 0.019230769230769232, 0.019230769230769232, 0.019230769230769232, 0.019230769230769232, 0.038461538461538464, 0.038461538461538464, 0.038461538461538464, 0.038461538461538464, 0.038461538461538464, 0.038461538461538464, 0.038461538461538464, 0.038461538461538464, 0.038461538461538464, 0.038461538461538464, 0.038461538461538464, 0.038461538461538464, 0.038461538461538464, 0.038461538461538464, 0.038461538461538464, 0.07692307692307693, 0.07692307692307693, 0.07692307692307693, 0.07692307692307693, 0.07692307692307693, 0.07692307692307693, 0.07692307692307693, 0.07692307692307693, 0.07692307692307693, 0.07692307692307693, 0.07692307692307693, 0.07692307692307693, 0.07692307692307693, 0.07692307692307693, 0.07692307692307693, 0.07692307692307693, 0.07692307692307693, 0.07692307692307693, 0.07692307692307693, 0.07692307692307693]
Backlog costs:   [0.4807692307692308, 0.4807692307692308, 0.4807692307692308, 0.4807692307692308, 0.4807692307692308, 0.4807692307692308, 0.4807692307692308, 0.4807692307692308, 0.4807692307692308, 0.4807692307692308, 0.4807692307692308, 0.4807692307692308, 0.4807692307692308, 0.4807692307692308, 0.4807692307692308, 0.9615384615384616, 0.9615384615384616, 0.9615384615384616, 0.9615384615384616, 0.9615384615384616, 0.9615384615384616, 0.9615384615384616, 0.9615384615384616, 0.9615384615384616, 0.9615384615384616, 0.9615384615384616, 0.9615384615384616, 0.9615384615384616, 0.9615384615384616, 0.9615384615384616, 1.9230769230769231, 1.9230769230769231, 1.9230769230769231, 1.9230769230769231, 1.9230769230769231, 1.9230769230769231, 1.9230769230769231, 1.9230769230769231, 1.9230769230769231, 1.9230769230769231, 1.9230769230769231, 1.9230769230769231, 1.9230769230769231, 1.9230769230769231, 1.9230769230769231, 1.9230769230769231, 1.9230769230769231, 1.9230769230769231, 1.9230769230769231, 1.9230769230769231]
Demand dists:    DataType[Distributions.NegativeBinomial{Float64}, Distributions.NegativeBinomial{Float64}, Distributions.NegativeBinomial{Float64}, Distributions.NegativeBinomial{Float64}, Distributions.NegativeBinomial{Float64}, Distributions.NegativeBinomial{Float64}, Distributions.NegativeBinomial{Float64}, Distributions.NegativeBinomial{Float64}, Distributions.NegativeBinomial{Float64}, Distributions.NegativeBinomial{Float64}, Distributions.NegativeBinomial{Float64}, Distributions.NegativeBinomial{Float64}, Distributions.NegativeBinomial{Float64}, Distributions.NegativeBinomial{Float64}, Distributions.NegativeBinomial{Float64}, Distributions.NegativeBinomial{Float64}, Distributions.NegativeBinomial{Float64}, Distributions.NegativeBinomial{Float64}, Distributions.NegativeBinomial{Float64}, Distributions.NegativeBinomial{Float64}, Distributions.NegativeBinomial{Float64}, Distributions.NegativeBinomial{Float64}, Distributions.NegativeBinomial{Float64}, Distributions.NegativeBinomial{Float64}, Distributions.NegativeBinomial{Float64}, Distributions.NegativeBinomial{Float64}, Distributions.NegativeBinomial{Float64}, Distributions.NegativeBinomial{Float64}, Distributions.NegativeBinomial{Float64}, Distributions.NegativeBinomial{Float64}, Distributions.NegativeBinomial{Float64}, Distributions.NegativeBinomial{Float64}, Distributions.NegativeBinomial{Float64}, Distributions.NegativeBinomial{Float64}, Distributions.NegativeBinomial{Float64}, Distributions.NegativeBinomial{Float64}, Distributions.NegativeBinomial{Float64}, Distributions.NegativeBinomial{Float64}, Distributions.NegativeBinomial{Float64}, Distributions.NegativeBinomial{Float64}, Distributions.NegativeBinomial{Float64}, Distributions.NegativeBinomial{Float64}, Distributions.NegativeBinomial{Float64}, Distributions.NegativeBinomial{Float64}, Distributions.NegativeBinomial{Float64}, Distributions.NegativeBinomial{Float64}, Distributions.NegativeBinomial{Float64}, Distributions.NegativeBinomial{Float64}, Distributions.NegativeBinomial{Float64}, Distributions.NegativeBinomial{Float64}]
Demand means:    [0.9615384615384615, 0.9615384615384615, 0.9615384615384615, 0.9615384615384615, 0.9615384615384615, 0.9615384615384615, 0.9615384615384615, 0.9615384615384615, 0.9615384615384615, 0.9615384615384615, 0.9615384615384615, 0.9615384615384615, 0.9615384615384615, 0.9615384615384615, 0.9615384615384615, 0.4807692307692307, 0.4807692307692307, 0.4807692307692307, 0.4807692307692307, 0.4807692307692307, 0.4807692307692307, 0.4807692307692307, 0.4807692307692307, 0.4807692307692307, 0.4807692307692307, 0.4807692307692307, 0.4807692307692307, 0.4807692307692307, 0.4807692307692307, 0.4807692307692307, 0.2403846153846154, 0.2403846153846154, 0.2403846153846154, 0.2403846153846154, 0.2403846153846154, 0.2403846153846154, 0.2403846153846154, 0.2403846153846154, 0.2403846153846154, 0.2403846153846154, 0.2403846153846154, 0.2403846153846154, 0.2403846153846154, 0.2403846153846154, 0.2403846153846154, 0.2403846153846154, 0.2403846153846154, 0.2403846153846154, 0.2403846153846154, 0.2403846153846154]
============================================================

==================================================
Computing order-up-to vector via :solve_inf
==================================================

Method: solve_inf
Final objective: 546.3900727517531
z*: [10.0, 10.0, 10.0, 10.0, 10.0, 11.340667033197816, 10.0, 16.46597143869786, 10.0, 10.0, 10.0, 10.0, 10.0, 10.0, 9.5, 6.0, 6.0, 6.0, 6.0, 6.0, 6.0, 6.0, 6.0, 6.0, 6.0, 6.0, 6.0, 6.0, 6.0, 6.0, 3.5, 3.5, 3.5, 3.5, 3.5, 3.5, 3.5, 3.5, 3.5, 3.5, 3.5, 3.5, 3.5, 3.5, 3.5, 3.5, 3.5, 3.5, 3.5, 3.5]
Intervention value: -583.8826417214797

==================================================
Computing order-up-to vector via :find_stationary
==================================================
RUNNING THE L-BFGS-B CODE

           * * *

Machine precision = 2.220D-16
 N =           50     M =           10

At X0         0 variables are exactly at the bounds

At iterate    0    f=  6.41939D+02    |proj g|=  6.62762D-01

At iterate    1    f=  6.35345D+02    |proj g|=  7.79267D-01
  ys=-1.042E+00  -gs= 5.909E+00 BFGS update SKIPPED

At iterate    2    f=  6.06744D+02    |proj g|=  5.61585D-01

At iterate    3    f=  5.65901D+02    |proj g|=  2.91168D-01

At iterate    4    f=  5.56665D+02    |proj g|=  5.29445D-01
  ys=-1.362E+00  -gs= 8.070E+00 BFGS update SKIPPED

At iterate    5    f=  5.50248D+02    |proj g|=  3.44619D-01

At iterate    6    f=  5.46661D+02    |proj g|=  2.08732D-01

At iterate    7    f=  5.46398D+02    |proj g|=  2.73893D-02

At iterate    8    f=  5.46392D+02    |proj g|=  1.53032D-02

At iterate    9    f=  5.46390D+02    |proj g|=  1.68400D-03

           * * *

Tit   = total number of iterations
Tnf   = total number of function evaluations
Tnint = total number of segments explored during Cauchy searches
Skip  = number of BFGS updates skipped
Nact  = number of active bounds at final generalized Cauchy point
Projg = norm of the final projected gradient
F     = final function value

           * * *

   N    Tit     Tnf  Tnint  Skip  Nact     Projg        F
   50      9     11     47     2    48   1.684D-03   5.464D+02
  F =   546.39007275175311     

CONVERGENCE: NORM_OF_PROJECTED_GRADIENT_<=_PGTOL            

 Cauchy                time 0.000E+00 seconds.
 Subspace minimization time 0.000E+00 seconds.
 Line search           time 1.855E-02 seconds.

 Total User time 3.019E+00 seconds.

RUNNING THE L-BFGS-B CODE

           * * *

Machine precision = 2.220D-16
 N =           50     M =           10

At X0         0 variables are exactly at the bounds

At iterate    0    f=  1.47835D+01    |proj g|=  1.48400D+00

At iterate    1    f=  5.09449D+00    |proj g|=  6.03513D-01

At iterate    2    f=  2.50870D+00    |proj g|=  2.52807D-01

At iterate    3    f=  1.44985D+00    |proj g|=  1.37956D-01

At iterate    4    f=  6.85803D-01    |proj g|=  4.93202D-02

At iterate    5    f=  3.30170D-01    |proj g|=  2.16596D-02

At iterate    6    f=  2.01032D-01    |proj g|=  1.46015D-02

At iterate    7    f=  1.00704D-01    |proj g|=  5.63574D-03

At iterate    8    f=  7.13949D-02    |proj g|=  3.41710D-03

At iterate    9    f=  4.09528D-02    |proj g|=  1.82758D-03

At iterate   10    f=  2.24844D-02    |proj g|=  1.07772D-03

At iterate   11    f=  1.18888D-02    |proj g|=  6.51285D-04

At iterate   12    f=  8.29793D-03    |proj g|=  2.99957D-04

At iterate   13    f=  5.71349D-03    |proj g|=  2.23998D-04

At iterate   14    f=  4.89103D-03    |proj g|=  1.73040D-04

At iterate   15    f=  4.08768D-03    |proj g|=  1.08350D-04

At iterate   16    f=  3.45662D-03    |proj g|=  6.35833D-05

At iterate   17    f=  3.06700D-03    |proj g|=  5.15864D-05

At iterate   18    f=  2.88636D-03    |proj g|=  3.07004D-05

At iterate   19    f=  2.71519D-03    |proj g|=  2.31009D-05

At iterate   20    f=  2.66225D-03    |proj g|=  1.81502D-05

At iterate   21    f=  2.60933D-03    |proj g|=  2.06012D-05

At iterate   22    f=  2.51653D-03    |proj g|=  2.32017D-05
  ys=-1.457E-05  -gs= 7.908E-05 BFGS update SKIPPED

At iterate   23    f=  2.47458D-03    |proj g|=  2.03797D-05

At iterate   24    f=  2.43704D-03    |proj g|=  1.42172D-05
  ys=-1.205E-06  -gs= 3.659E-05 BFGS update SKIPPED

At iterate   25    f=  2.29050D-03    |proj g|=  3.60888D-05
  ys=-7.325E-05  -gs= 1.069E-04 BFGS update SKIPPED

At iterate   26    f=  2.27425D-03    |proj g|=  3.55351D-05

At iterate   27    f=  2.23908D-03    |proj g|=  1.12645D-05

At iterate   28    f=  2.20073D-03    |proj g|=  5.53400D-06

           * * *

Tit   = total number of iterations
Tnf   = total number of function evaluations
Tnint = total number of segments explored during Cauchy searches
Skip  = number of BFGS updates skipped
Nact  = number of active bounds at final generalized Cauchy point
Projg = norm of the final projected gradient
F     = final function value

Method: find_stationary
Final residual: 0.04691196290612096
z*: [30.0, 10.0, 30.0, 30.0, 30.0, 10.0, 30.0, 30.0, 30.0, 30.0, 10.0, 30.0, 30.0, 30.0, 9.5, 16.736217137309872, 18.0, 8.707455437089882, 18.0, 15.23257515603147, 18.0, 18.0, 18.0, 6.0, 18.0, 6.0, 18.0, 18.0, 18.0, 18.0, 3.5, 3.5, 10.5, 9.851056307055567, 10.5, 10.5, 3.5, 3.5, 10.5, 4.8675499965006885, 10.5, 3.5, 10.5, 10.325929870314567, 3.5, 10.5, 10.5, 10.5, 3.5, 10.5]
Intervention value: -668.154583984883

==================================================
Summary:
  solve_inf:       z* = [10, 10, 10, 10, 10, 11, 10, 16, 10, 10, 10, 10, 10, 10, 10, 6, 6, 6, 6, 6, 6, 6, 6, 6, 6, 6, 6, 6, 6, 6, 4, 4, 4, 4, 4, 4, 4, 4, 4, 4, 4, 4, 4, 4, 4, 4, 4, 4, 4, 4]
  find_stationary: z* = [30, 10, 30, 30, 30, 10, 30, 30, 30, 30, 10, 30, 30, 30, 10, 17, 18, 9, 18, 15, 18, 18, 18, 6, 18, 6, 18, 18, 18, 18, 4, 4, 10, 10, 10, 10, 4, 4, 10, 5, 10, 4, 10, 10, 4, 10, 10, 10, 4, 10]
==================================================

============================================================
Evaluating method: solve_inf
============================================================

----------------------------------------
Evaluating ε = -1.25
----------------------------------------
Mean cost: 81162.91502503863 ± 453.47254434924366
  Inventory costs: 40282.03967728441
  Variable costs:  5014.021608311008
  Fixed costs:     35866.85373944321
  Simulation time: 553.8s

----------------------------------------
Evaluating ε = -2.5
----------------------------------------
Mean cost: 80873.39831941728 ± 343.9205387955355
  Inventory costs: 40860.796702138025
  Variable costs:  5015.59697305261
  Fixed costs:     34997.00464422674
  Simulation time: 549.9s

----------------------------------------
Evaluating ε = -5.0
----------------------------------------
Mean cost: 79888.74946035162 ± 421.7438886301136
  Inventory costs: 41241.57767679136
  Variable costs:  4951.288906625463
  Fixed costs:     33695.88287693472
  Simulation time: 543.9s

----------------------------------------
Evaluating ε = -7.5
----------------------------------------
Mean cost: 81211.28856038104 ± 675.1744541872131
  Inventory costs: 43135.63136039474
  Variable costs:  5023.097906986987
  Fixed costs:     33052.559292999395
  Simulation time: 555.2s

----------------------------------------
Evaluating ε = -10.0
----------------------------------------
Mean cost: 81334.75376349091 ± 356.39452153839557
  Inventory costs: 44438.39679141174
  Variable costs:  5017.24809272442
  Fixed costs:     31879.108879354793
  Simulation time: 551.8s

----------------------------------------
Evaluating ε = -12.5
----------------------------------------
Mean cost: 81559.1129075462 ± 489.014731493733
  Inventory costs: 45946.45937097335
  Variable costs:  5027.5544323782215
  Fixed costs:     30585.099104194513
  Simulation time: 548.0s

----------------------------------------
Evaluating ε = -15.0
----------------------------------------
Mean cost: 82571.11377465268 ± 515.239663853527
  Inventory costs: 48340.752955524185
  Variable costs:  5031.680443881372
  Fixed costs:     29198.68037524708
  Simulation time: 544.6s

----------------------------------------
Evaluating ε = -20.0
----------------------------------------
Mean cost: 83925.12408436186 ± 452.3670773196986
  Inventory costs: 51999.88686263563
  Variable costs:  4995.164213990547
  Fixed costs:     26930.073007735675
  Simulation time: 550.1s

----------------------------------------
Evaluating ε = -25.0
----------------------------------------
Mean cost: 86784.48913732248 ± 328.14123205755686
  Inventory costs: 57236.76459427753
  Variable costs:  5005.480245012683
  Fixed costs:     24542.24429803236
  Simulation time: 542.3s

----------------------------------------
Evaluating ε = -30.0
----------------------------------------
Mean cost: 90020.57865054312 ± 420.57095652903797
  Inventory costs: 62485.716607483526
  Variable costs:  5008.463607117647
  Fixed costs:     22526.398435942065
  Simulation time: 551.6s

----------------------------------------
Evaluating ε = -40.0
----------------------------------------
Mean cost: 97923.51825054045 ± 454.6173611826542
  Inventory costs: 73644.29909951909
  Variable costs:  5062.235851688431
  Fixed costs:     19216.983299332875
  Simulation time: 555.6s

----------------------------------------
Evaluating ε = -50.0
----------------------------------------
Mean cost: 105720.8296850438 ± 660.6428632528213
  Inventory costs: 83819.90553538725
  Variable costs:  4960.235969783116
  Fixed costs:     16940.68817987344
  Simulation time: 554.1s

----------------------------------------
Evaluating ε = -75.0
----------------------------------------
Mean cost: 128858.29559736524 ± 530.189021315639
  Inventory costs: 110644.366827485
  Variable costs:  5074.029985255827
  Fixed costs:     13139.898784624427
  Simulation time: 555.9s

----------------------------------------
Evaluating ε = -100.0
----------------------------------------
Mean cost: 153693.71229209792 ± 817.1432491443277
  Inventory costs: 138312.23050110164
  Variable costs:  4979.82582746307
  Fixed costs:     10401.655963533212
  Simulation time: 553.6s

==================================================
Best epsilon: -5.0 with cost: 79888.74946035162 ± 421.7438886301136
==================================================

============================================================
Evaluating method: find_stationary
============================================================

----------------------------------------
Evaluating ε = -1.25
----------------------------------------
Mean cost: 76434.4449756519 ± 302.681242284063
  Inventory costs: 40542.0377426826
  Variable costs:  5089.948857226418
  Fixed costs:     30802.45837574298
  Simulation time: 565.1s

----------------------------------------
Evaluating ε = -2.5
----------------------------------------
Mean cost: 76255.95052719086 ± 594.5660393530242
  Inventory costs: 41571.90679325614
  Variable costs:  5131.91780017521
  Fixed costs:     29552.125933759613
  Simulation time: 584.7s

----------------------------------------
Evaluating ε = -5.0
----------------------------------------
Mean cost: 74935.98020416335 ± 284.4144120205908
  Inventory costs: 43621.724914581464
  Variable costs:  5113.479353133169
  Fixed costs:     26200.775936448586
  Simulation time: 580.2s

----------------------------------------
Evaluating ε = -7.5
----------------------------------------
Mean cost: 74201.08187373765 ± 475.7031848729158
  Inventory costs: 45605.854411192224
  Variable costs:  5057.752542206512
  Fixed costs:     23537.474920338977
  Simulation time: 580.7s

----------------------------------------
Evaluating ε = -10.0
----------------------------------------
Mean cost: 74720.59102559357 ± 378.34079318031934
  Inventory costs: 48003.75803641321
  Variable costs:  5077.312375134252
  Fixed costs:     21639.520614046134
  Simulation time: 575.4s

----------------------------------------
Evaluating ε = -12.5
----------------------------------------
Mean cost: 75799.07223459538 ± 316.8465253248999
  Inventory costs: 50224.12594435016
  Variable costs:  5124.795543773178
  Fixed costs:     20450.150746472085
  Simulation time: 598.8s

----------------------------------------
Evaluating ε = -15.0
----------------------------------------
Mean cost: 75423.3667876843 ± 234.71010901014125
  Inventory costs: 52122.736250672824
  Variable costs:  5012.327360202369
  Fixed costs:     18288.303176809197
  Simulation time: 584.5s

----------------------------------------
Evaluating ε = -20.0
----------------------------------------
Mean cost: 78382.78704059056 ± 307.0007877390039
  Inventory costs: 56839.0770612097
  Variable costs:  5090.921883867551
  Fixed costs:     16452.788095513184
  Simulation time: 585.5s

----------------------------------------
Evaluating ε = -25.0
----------------------------------------
Mean cost: 81315.0886319545 ± 257.7976838916955
  Inventory costs: 61830.128672858606
  Variable costs:  5005.426705328397
  Fixed costs:     14479.533253767377
  Simulation time: 589.9s

----------------------------------------
Evaluating ε = -30.0
----------------------------------------
Mean cost: 85192.52980917414 ± 519.1775429066075
  Inventory costs: 66716.74859759184
  Variable costs:  5087.547010287128
  Fixed costs:     13388.234201295065
  Simulation time: 611.1s

----------------------------------------
Evaluating ε = -40.0
----------------------------------------
Mean cost: 91871.30998012665 ± 254.89943326010194
  Inventory costs: 75589.58494427442
  Variable costs:  5034.650377173361
  Fixed costs:     11247.074658678954
  Simulation time: 610.3s

----------------------------------------
Evaluating ε = -50.0
----------------------------------------
Mean cost: 100821.63954626975 ± 537.8715509056799
  Inventory costs: 85979.73308153811
  Variable costs:  5047.252986715853
  Fixed costs:     9794.653478015878
  Simulation time: 582.2s

----------------------------------------
Evaluating ε = -75.0
----------------------------------------
Mean cost: 123456.08551146006 ± 433.18446557468627
  Inventory costs: 110622.26444781106
  Variable costs:  5113.94104610335
  Fixed costs:     7719.880017545589
  Simulation time: 588.8s

----------------------------------------
Evaluating ε = -100.0
----------------------------------------
Mean cost: 145086.741727142 ± 924.229135425689
  Inventory costs: 133736.2414306418
  Variable costs:  5040.045800549908
  Fixed costs:     6310.454495950367
  Simulation time: 582.5s

==================================================
Best epsilon: -7.5 with cost: 74201.08187373765 ± 475.7031848729158
==================================================
Skipping save for solve_inf: existing cost 73750.87589444831 <= new cost 79888.74946035162
Skipping save for find_stationary: existing cost 72003.01330169557 <= new cost 74201.08187373765

============================================================
FINAL RESULTS SUMMARY
============================================================

Method: solve_inf
  Order-up-to vector: [10, 10, 10, 10, 10, 11, 10, 16, 10, 10, 10, 10, 10, 10, 10, 6, 6, 6, 6, 6, 6, 6, 6, 6, 6, 6, 6, 6, 6, 6, 4, 4, 4, 4, 4, 4, 4, 4, 4, 4, 4, 4, 4, 4, 4, 4, 4, 4, 4, 4]
  Best epsilon: -5.0
  Best cost: 79888.74946035162 ± 421.7438886301136

Method: find_stationary
  Order-up-to vector: [30, 10, 30, 30, 30, 10, 30, 30, 30, 30, 10, 30, 30, 30, 10, 17, 18, 9, 18, 15, 18, 18, 18, 6, 18, 6, 18, 18, 18, 18, 4, 4, 10, 10, 10, 10, 4, 4, 10, 5, 10, 4, 10, 10, 4, 10, 10, 10, 4, 10]
  Best epsilon: -7.5
  Best cost: 74201.08187373765 ± 475.7031848729158

============================================================
Complete! Per-method results saved to:
  output/nn_training/results_50D_CaseHM_solve_inf.json
  output/nn_training/results_50D_CaseHM_find_stationary.json
============================================================

  Activating project at `~/DeepSJRP`
[ Info:  started timer at: 2026-04-24T18:16:49.965
┌ Warning: Layer with Float32 parameters got Float64 input.
│   The input will be converted, but any earlier layers may be very slow.
│   layer = Dense(50 => 1000, elu)  # 51_000 parameters
│   summary(x) = "50-element Vector{Float64}"
└ @ Flux ~/.julia/packages/Flux/DZYiO/src/layers/stateless.jl:60

           * * *

   N    Tit     Tnf  Tnint  Skip  Nact     Projg        F
   50     28     36     70     3    43   5.534D-06   2.201D-03
  F =   2.2007322637052689E-003

CONVERGENCE: NORM_OF_PROJECTED_GRADIENT_<=_PGTOL            

 Cauchy                time 0.000E+00 seconds.
 Subspace minimization time 9.766E-04 seconds.
 Line search           time 4.590E-02 seconds.

 Total User time 3.955E-01 seconds.

