
============================================================
DeepSJRP - Stochastic Joint Replenishment Problem Solver
============================================================
Instance: 50D_CaseLH
Options: Dict{Symbol, Any}(:beta_override => 100000.0, :alpha_override => nothing, :device => :gpu, :nu_override => 0.1, :T_override => 0.1, :seed => 777)
============================================================

Device: CUDA GPU
CUDA toolchain: 
- runtime 12.8, local installation
- driver 580.126.20 for 13.2
- compiler 12.9

CUDA libraries: 
- CUBLAS: 12.8.4
- CURAND: 10.3.9
- CUFFT: 11.3.3
- CUSOLVER: 11.7.3
- CUSPARSE: 12.5.8
- CUPTI: 2025.1.1 (API 12.8.0)
- NVML: 13.0.0+580.126.20

Julia packages: 
- CUDA: 5.11.0
- GPUArrays: 11.4.1
- GPUCompiler: 1.9.1
- KernelAbstractions: 0.9.41
- CUDA_Driver_jll: 13.2.0+0
- CUDA_Compiler_jll: 0.4.2+0
- CUDA_Runtime_jll: 0.21.0+0
- CUDA_Runtime_Discovery: 1.0.0

Toolchain:
- Julia: 1.11.7
- LLVM: 16.0.6

Preferences:
- CUDA_Runtime_jll.version: local

1 device:
  0: NVIDIA H100 80GB HBM3 (sm_90, 79.175 GiB / 79.647 GiB available)
BLAS threads: 1
Julia threads: 10

Benchmark source: QS

============================================================
IMPULSE CONTROL PROBLEM (scaled, annual)
============================================================
Instance: 50D_CaseLH
Dimension: 50
Interest rate: 0.05
Cost scaling κ: 0.01

Drift μ (annual demand rates): [50.0, 50.0, 50.0, 50.0, 50.0, 50.0, 50.0, 50.0, 50.0, 50.0, 50.0, 50.0, 50.0, 50.0, 50.0, 25.0, 25.0, 25.0, 25.0, 25.0, 25.0, 25.0, 25.0, 25.0, 25.0, 25.0, 25.0, 25.0, 25.0, 25.0, 12.5, 12.5, 12.5, 12.5, 12.5, 12.5, 12.5, 12.5, 12.5, 12.5, 12.5, 12.5, 12.5, 12.5, 12.5, 12.5, 12.5, 12.5, 12.5, 12.5]
Covariance Σ diagonal: [50.0, 50.0, 50.0, 50.0, 50.0, 50.0, 50.0, 50.0, 50.0, 50.0, 50.0, 50.0, 50.0, 50.0, 50.0, 25.0, 25.0, 25.0, 25.0, 25.0, 25.0, 25.0, 25.0, 25.0, 25.0, 25.0, 25.0, 25.0, 25.0, 25.0, 12.5, 12.5, 12.5, 12.5, 12.5, 12.5, 12.5, 12.5, 12.5, 12.5, 12.5, 12.5, 12.5, 12.5, 12.5, 12.5, 12.5, 12.5, 12.5, 12.5]

Scaled costs (× κ = 0.01):
  Fixed cost K:    2.5
  Variable costs c: [0.001, 0.001, 0.001, 0.001, 0.001, 0.001, 0.001, 0.001, 0.001, 0.001, 0.001, 0.001, 0.001, 0.001, 0.001, 0.002, 0.002, 0.002, 0.002, 0.002, 0.002, 0.002, 0.002, 0.002, 0.002, 0.002, 0.002, 0.002, 0.002, 0.002, 0.004, 0.004, 0.004, 0.004, 0.004, 0.004, 0.004, 0.004, 0.004, 0.004, 0.004, 0.004, 0.004, 0.004, 0.004, 0.004, 0.004, 0.004, 0.004, 0.004]
  Holding costs h:  [0.01, 0.01, 0.01, 0.01, 0.01, 0.01, 0.01, 0.01, 0.01, 0.01, 0.01, 0.01, 0.01, 0.01, 0.01, 0.02, 0.02, 0.02, 0.02, 0.02, 0.02, 0.02, 0.02, 0.02, 0.02, 0.02, 0.02, 0.02, 0.02, 0.02, 0.04, 0.04, 0.04, 0.04, 0.04, 0.04, 0.04, 0.04, 0.04, 0.04, 0.04, 0.04, 0.04, 0.04, 0.04, 0.04, 0.04, 0.04, 0.04, 0.04]
  Penalty costs p:  [0.25, 0.25, 0.25, 0.25, 0.25, 0.25, 0.25, 0.25, 0.25, 0.25, 0.25, 0.25, 0.25, 0.25, 0.25, 0.5, 0.5, 0.5, 0.5, 0.5, 0.5, 0.5, 0.5, 0.5, 0.5, 0.5, 0.5, 0.5, 0.5, 0.5, 1.0, 1.0, 1.0, 1.0, 1.0, 1.0, 1.0, 1.0, 1.0, 1.0, 1.0, 1.0, 1.0, 1.0, 1.0, 1.0, 1.0, 1.0, 1.0, 1.0]

Original costs (unscaled):
  Fixed cost K:    250.0
  Variable costs c: [0.1, 0.1, 0.1, 0.1, 0.1, 0.1, 0.1, 0.1, 0.1, 0.1, 0.1, 0.1, 0.1, 0.1, 0.1, 0.2, 0.2, 0.2, 0.2, 0.2, 0.2, 0.2, 0.2, 0.2, 0.2, 0.2, 0.2, 0.2, 0.2, 0.2, 0.4, 0.4, 0.4, 0.4, 0.4, 0.4, 0.4, 0.4, 0.4, 0.4, 0.4, 0.4, 0.4, 0.4, 0.4, 0.4, 0.4, 0.4, 0.4, 0.4]
  Holding costs h:  [1.0, 1.0, 1.0, 1.0, 1.0, 1.0, 1.0, 1.0, 1.0, 1.0, 1.0, 1.0, 1.0, 1.0, 1.0, 2.0, 2.0, 2.0, 2.0, 2.0, 2.0, 2.0, 2.0, 2.0, 2.0, 2.0, 2.0, 2.0, 2.0, 2.0, 4.0, 4.0, 4.0, 4.0, 4.0, 4.0, 4.0, 4.0, 4.0, 4.0, 4.0, 4.0, 4.0, 4.0, 4.0, 4.0, 4.0, 4.0, 4.0, 4.0]
  Penalty costs p:  [25.0, 25.0, 25.0, 25.0, 25.0, 25.0, 25.0, 25.0, 25.0, 25.0, 25.0, 25.0, 25.0, 25.0, 25.0, 50.0, 50.0, 50.0, 50.0, 50.0, 50.0, 50.0, 50.0, 50.0, 50.0, 50.0, 50.0, 50.0, 50.0, 50.0, 100.0, 100.0, 100.0, 100.0, 100.0, 100.0, 100.0, 100.0, 100.0, 100.0, 100.0, 100.0, 100.0, 100.0, 100.0, 100.0, 100.0, 100.0, 100.0, 100.0]
============================================================

============================================================
TRAINING HYPERPARAMETERS
============================================================
Benchmark source: QS
Precision:        Float32
Batch size:       5000
Num intervals:    100
T horizon:        0.1
Num iterations:   40000
Learning rates:   [0.001, 0.0002, 0.0001, 1.0e-5, 1.0e-6]
LR steps:         [1, 5000, 10000, 20000, 30000]
Beta penalty:     [1.0, 10.0, 100.0, 1000.0, 10000.0, 100000.0]
Penalty steps:    [1, 2500, 5000, 7500, 10000, 20000]
Lambda rate:      2.5618794920507937
S guess:          [[22.0, 22.0, 22.0, 22.0, 22.0, 22.0, 22.0, 22.0, 22.0, 22.0, 22.0, 22.0, 22.0, 22.0, 22.0, 12.0, 12.0, 12.0, 12.0, 12.0, 12.0, 12.0, 12.0, 12.0, 12.0, 12.0, 12.0, 12.0, 12.0, 12.0, 7.0, 7.0, 7.0, 7.0, 7.0, 7.0, 7.0, 7.0, 7.0, 7.0, 7.0, 7.0, 7.0, 7.0, 7.0, 7.0, 7.0, 7.0, 7.0, 7.0]]
Nu radius:        0.1
S distribution:   lognormal
Alpha factor:     0.0
Alpha js:         [0.0, 0.0, 0.0, 0.0, 0.0, 0.0, 0.0, 0.0, 0.0, 0.0, 0.0, 0.0, 0.0, 0.0, 0.0, 0.0, 0.0, 0.0, 0.0, 0.0, 0.0, 0.0, 0.0, 0.0, 0.0, 0.0, 0.0, 0.0, 0.0, 0.0, 0.0, 0.0, 0.0, 0.0, 0.0, 0.0, 0.0, 0.0, 0.0, 0.0, 0.0, 0.0, 0.0, 0.0, 0.0, 0.0, 0.0, 0.0, 0.0, 0.0]
Cost scaling:     0.01

Neural network architecture:
  Hidden layers:  4
  Width:          1000
  Activation:     elu

Optimization parameters:
  Start factor:   1.0
  Lower factor:   0.5
  Upper factor:   1.5
  Sim runs:       10
  Sim horizon:    5000
  Epsilons:       [-1.25, -2.5, -5.0, -7.5, -10.0, -12.5, -15.0, -20.0, -25.0, -30.0, -40.0, -50.0, -75.0, -100.0]
============================================================

Gradient network G (∇V):
Chain(
  Dense(50 => 1000, elu),               # 51_000 parameters
  Dense(1000 => 1000, elu),             # 1_001_000 parameters
  Dense(1000 => 1000, elu),             # 1_001_000 parameters
  Dense(1000 => 1000, elu),             # 1_001_000 parameters
  Dense(1000 => 50),                    # 50_050 parameters
)                   # Total: 10 arrays, 3_104_050 parameters, 1.562 KiB.

Value network H (V):
Chain(
  Dense(50 => 1000, elu),               # 51_000 parameters
  Dense(1000 => 1000, elu),             # 1_001_000 parameters
  Dense(1000 => 1000, elu),             # 1_001_000 parameters
  Dense(1000 => 1000, elu),             # 1_001_000 parameters
  Dense(1000 => 1),                     # 1_001 parameters
)                   # Total: 10 arrays, 3_055_001 parameters, 1.562 KiB.


============================================================
Starting neural network training...
============================================================

Starting training with steady-state sampler:
-----------------------------------------
Epoch: 1; Penalty β updated to: 1.0
-----------------------------------------
─── Device check ───
  x_tn: CuArray{Float32} (50, 100, 5000)
  dB: CuArray{Float32} (50, 100, 5000)
  dU: CuArray{Float32} (50, 100, 5000)
  exponentials: CuArray{Float32} (1, 100)
  loss_dB: CuArray{Float32} (1, 5000)
  loss_df: CuArray{Float32} (1, 5000)
  loss_dU: CuArray{Float32} (1, 5000)
  H_x0: CuArray{Float32} (1, 5000)
  H_xT: CuArray{Float32} (1, 5000)
  penalties: CuArray{Float32} (1, 5000)
────────────────────
Epoch: 1; Computation time: 60.170932004; Current value of V(0): 0.0
Lagrangian objective: 3287.494; Average H(x0): 0.0; Quantile-hedge α(β): 47.64000000000001
Simulation time per epoch: 10.243670573; Gradient computation time: 37.292353213; Testing time: 11.978687401
Epoch: 1000; Computation time: 398.047240326; Current value of V(0): 602671.19140625
Lagrangian objective: -11585.557; Average H(x0): 21828.572; Quantile-hedge α(β): 0.16000000000000458
Simulation time per epoch: 0.074048871; Gradient computation time: 0.18060411; Testing time: 0.082805898
Epoch: 2000; Computation time: 736.98436025; Current value of V(0): 624053.564453125
Lagrangian objective: -11525.633; Average H(x0): 21846.56; Quantile-hedge α(β): 0.30000000000000027
Simulation time per epoch: 0.074157608; Gradient computation time: 0.182119214; Testing time: 0.082841655
-----------------------------------------
Epoch: 2500; Penalty β updated to: 10.0
-----------------------------------------
Epoch: 3000; Computation time: 1075.747780991; Current value of V(0): 120372.39990234375
Lagrangian objective: -1823.5072; Average H(x0): 3100.0234; Quantile-hedge α(β): 13.959999999999994
Simulation time per epoch: 0.074217602; Gradient computation time: 0.181165133; Testing time: 0.082846426
Epoch: 4000; Computation time: 1414.236819786; Current value of V(0): 121484.8388671875
Lagrangian objective: -1818.2144; Average H(x0): 3107.5532; Quantile-hedge α(β): 13.419999999999998
Simulation time per epoch: 0.074215573; Gradient computation time: 0.180852977; Testing time: 0.08279091
-----------------------------------------
Epoch: 5000; Penalty β updated to: 100.0
-----------------------------------------
Epoch: 5000; Computation time: 1752.934246235; Current value of V(0): 122563.6962890625
Lagrangian objective: 10111.48; Average H(x0): 3110.1592; Quantile-hedge α(β): 12.8
Simulation time per epoch: 0.074035115; Gradient computation time: 0.180952064; Testing time: 0.082824291
Epoch: 6000; Computation time: 2091.562485134; Current value of V(0): 49065.31066894531
Lagrangian objective: -583.3471; Average H(x0): 774.8754; Quantile-hedge α(β): 33.56
Simulation time per epoch: 0.074209274; Gradient computation time: 0.18354364; Testing time: 0.082749663
Epoch: 7000; Computation time: 2430.407649326; Current value of V(0): 49076.97448730469
Lagrangian objective: -582.0162; Average H(x0): 770.7558; Quantile-hedge α(β): 32.58
Simulation time per epoch: 0.074002427; Gradient computation time: 0.18110275; Testing time: 0.082840824
-----------------------------------------
Epoch: 7500; Penalty β updated to: 1000.0
-----------------------------------------
Epoch: 8000; Computation time: 2768.98116162; Current value of V(0): 37596.27380371094
Lagrangian objective: -380.5312; Average H(x0): 422.6184; Quantile-hedge α(β): 64.0
Simulation time per epoch: 0.074261708; Gradient computation time: 0.181105746; Testing time: 0.082901378
Epoch: 9000; Computation time: 3107.845679247; Current value of V(0): 37888.56201171875
Lagrangian objective: -386.59894; Average H(x0): 425.2003; Quantile-hedge α(β): 59.28
Simulation time per epoch: 0.074082557; Gradient computation time: 0.181847772; Testing time: 0.082941146
-----------------------------------------
Epoch: 10000; Penalty β updated to: 10000.0
-----------------------------------------
Epoch: 10000; Computation time: 3446.536920769; Current value of V(0): 37770.233154296875
Lagrangian objective: -54.31205; Average H(x0): 421.99896; Quantile-hedge α(β): 59.86
Simulation time per epoch: 0.074200386; Gradient computation time: 0.180767398; Testing time: 0.082812991
Epoch: 11000; Computation time: 3785.122493886; Current value of V(0): 36118.89343261719
Lagrangian objective: -346.09824; Average H(x0): 357.3991; Quantile-hedge α(β): 86.96000000000001
Simulation time per epoch: 0.07403987; Gradient computation time: 0.180609405; Testing time: 0.082805473
Epoch: 12000; Computation time: 4123.911398435; Current value of V(0): 36120.196533203125
Lagrangian objective: -336.93777; Average H(x0): 357.11215; Quantile-hedge α(β): 86.72
Simulation time per epoch: 0.07402329; Gradient computation time: 0.181142766; Testing time: 0.082909857
Epoch: 13000; Computation time: 4462.484903273; Current value of V(0): 36294.3603515625
Lagrangian objective: -345.09775; Average H(x0): 359.8656; Quantile-hedge α(β): 86.5
Simulation time per epoch: 0.074206536; Gradient computation time: 0.18056416; Testing time: 0.082913985
Epoch: 14000; Computation time: 4800.926751264; Current value of V(0): 36250.92468261719
Lagrangian objective: -343.7502; Average H(x0): 357.45398; Quantile-hedge α(β): 88.14
Simulation time per epoch: 0.074266664; Gradient computation time: 0.182830652; Testing time: 0.082834815
Epoch: 15000; Computation time: 5139.518443206; Current value of V(0): 36572.772216796875
Lagrangian objective: -342.23743; Average H(x0): 360.2188; Quantile-hedge α(β): 86.8
Simulation time per epoch: 0.07437669; Gradient computation time: 0.180404931; Testing time: 0.082816947
Epoch: 16000; Computation time: 5478.278379898; Current value of V(0): 36215.106201171875
Lagrangian objective: -344.55945; Average H(x0): 353.90054; Quantile-hedge α(β): 91.34
Simulation time per epoch: 0.074021394; Gradient computation time: 0.180849234; Testing time: 0.082875142
Epoch: 17000; Computation time: 5817.001541388; Current value of V(0): 36604.20227050781
Lagrangian objective: -344.06662; Average H(x0): 356.0561; Quantile-hedge α(β): 86.36
Simulation time per epoch: 0.074150977; Gradient computation time: 0.180317439; Testing time: 0.08280562
Epoch: 18000; Computation time: 6155.463877809; Current value of V(0): 36833.33740234375
Lagrangian objective: -348.0399; Average H(x0): 361.329; Quantile-hedge α(β): 87.08
Simulation time per epoch: 0.074138087; Gradient computation time: 0.181012769; Testing time: 0.082771834
Epoch: 19000; Computation time: 6494.37348724; Current value of V(0): 36579.962158203125
Lagrangian objective: -343.24252; Average H(x0): 356.25046; Quantile-hedge α(β): 87.36
Simulation time per epoch: 0.074062269; Gradient computation time: 0.183534596; Testing time: 0.08291555
-----------------------------------------
Epoch: 20000; Penalty β updated to: 100000.0
-----------------------------------------
Epoch: 20000; Computation time: 6833.319042526; Current value of V(0): 36815.179443359375
Lagrangian objective: -118.24165; Average H(x0): 361.92264; Quantile-hedge α(β): 81.62
Simulation time per epoch: 0.074130491; Gradient computation time: 0.180352586; Testing time: 0.082794157
Epoch: 21000; Computation time: 7172.341771927; Current value of V(0): 35985.858154296875
Lagrangian objective: -340.01294; Average H(x0): 345.2674; Quantile-hedge α(β): 96.32000000000001
Simulation time per epoch: 0.074109095; Gradient computation time: 0.180328471; Testing time: 0.082895102
Epoch: 22000; Computation time: 7510.915616937; Current value of V(0): 36005.80139160156
Lagrangian objective: -340.0626; Average H(x0): 345.59134; Quantile-hedge α(β): 96.72
Simulation time per epoch: 0.074121584; Gradient computation time: 0.181049313; Testing time: 0.082882453
Epoch: 23000; Computation time: 7850.364532262; Current value of V(0): 36037.00256347656
Lagrangian objective: -341.388; Average H(x0): 346.25916; Quantile-hedge α(β): 95.84
Simulation time per epoch: 0.074082064; Gradient computation time: 0.18095173; Testing time: 0.082828525
Epoch: 24000; Computation time: 8189.399094307; Current value of V(0): 36041.949462890625
Lagrangian objective: -340.2277; Average H(x0): 346.1367; Quantile-hedge α(β): 94.6
Simulation time per epoch: 0.074313088; Gradient computation time: 0.180350729; Testing time: 0.082801218
Epoch: 25000; Computation time: 8528.057301997; Current value of V(0): 35966.88232421875
Lagrangian objective: -340.67862; Average H(x0): 344.40756; Quantile-hedge α(β): 96.98
Simulation time per epoch: 0.074037378; Gradient computation time: 0.180413991; Testing time: 0.082966861
Epoch: 26000; Computation time: 8867.053542031; Current value of V(0): 36098.876953125
Lagrangian objective: -340.95862; Average H(x0): 346.20392; Quantile-hedge α(β): 95.46
Simulation time per epoch: 0.074260869; Gradient computation time: 0.18187733; Testing time: 0.082783602
Epoch: 27000; Computation time: 9205.918887369; Current value of V(0): 36087.41760253906
Lagrangian objective: -341.4156; Average H(x0): 345.71994; Quantile-hedge α(β): 96.38
Simulation time per epoch: 0.074185588; Gradient computation time: 0.180173463; Testing time: 0.082852655
Epoch: 28000; Computation time: 9544.186760369; Current value of V(0): 36162.98522949219
Lagrangian objective: -339.4467; Average H(x0): 346.65408; Quantile-hedge α(β): 96.38
Simulation time per epoch: 0.074234492; Gradient computation time: 0.181022184; Testing time: 0.082783545
Epoch: 29000; Computation time: 9882.906788024; Current value of V(0): 36163.83361816406
Lagrangian objective: -339.77994; Average H(x0): 346.27704; Quantile-hedge α(β): 95.56
Simulation time per epoch: 0.074297132; Gradient computation time: 0.18030598; Testing time: 0.08280751
Epoch: 30000; Computation time: 10221.703968918; Current value of V(0): 36169.403076171875
Lagrangian objective: -339.73114; Average H(x0): 346.55624; Quantile-hedge α(β): 95.3
Simulation time per epoch: 0.074310515; Gradient computation time: 0.182490419; Testing time: 0.082768423
Epoch: 31000; Computation time: 10560.655540377; Current value of V(0): 36289.72473144531
Lagrangian objective: -344.14996; Average H(x0): 348.6708; Quantile-hedge α(β): 94.54
Simulation time per epoch: 0.074197925; Gradient computation time: 0.180242144; Testing time: 0.082777301
Epoch: 32000; Computation time: 10899.585181612; Current value of V(0): 36279.827880859375
Lagrangian objective: -344.34305; Average H(x0): 348.38055; Quantile-hedge α(β): 94.54
Simulation time per epoch: 0.074134951; Gradient computation time: 0.180293686; Testing time: 0.082910991
Epoch: 33000; Computation time: 11238.245001445; Current value of V(0): 36309.7412109375
Lagrangian objective: -343.40244; Average H(x0): 348.9164; Quantile-hedge α(β): 93.76
Simulation time per epoch: 0.074374852; Gradient computation time: 0.180571042; Testing time: 0.082827261
Epoch: 34000; Computation time: 11577.068085546; Current value of V(0): 36300.128173828125
Lagrangian objective: -342.98502; Average H(x0): 348.66644; Quantile-hedge α(β): 93.14
Simulation time per epoch: 0.074122642; Gradient computation time: 0.180528991; Testing time: 0.082799094
Epoch: 35000; Computation time: 11916.036684847; Current value of V(0): 36303.009033203125
Lagrangian objective: -345.41214; Average H(x0): 348.68246; Quantile-hedge α(β): 92.60000000000001
Simulation time per epoch: 0.074136237; Gradient computation time: 0.180524934; Testing time: 0.08278
Epoch: 36000; Computation time: 12254.945127888; Current value of V(0): 36297.393798828125
Lagrangian objective: -344.5051; Average H(x0): 348.57053; Quantile-hedge α(β): 93.92
Simulation time per epoch: 0.074148588; Gradient computation time: 0.180415961; Testing time: 0.082842556
Epoch: 37000; Computation time: 12593.749131374; Current value of V(0): 36304.205322265625
Lagrangian objective: -344.3716; Average H(x0): 348.52487; Quantile-hedge α(β): 93.92
Simulation time per epoch: 0.074142288; Gradient computation time: 0.18097108; Testing time: 0.082782551
Epoch: 38000; Computation time: 12932.503736549; Current value of V(0): 36301.129150390625
Lagrangian objective: -344.1419; Average H(x0): 348.61108; Quantile-hedge α(β): 93.67999999999999
Simulation time per epoch: 0.074411183; Gradient computation time: 0.180548992; Testing time: 0.082769561
Epoch: 39000; Computation time: 13270.894942155; Current value of V(0): 36305.267333984375
Lagrangian objective: -343.59756; Average H(x0): 348.50488; Quantile-hedge α(β): 94.24
Simulation time per epoch: 0.074122877; Gradient computation time: 0.180744223; Testing time: 0.082914052
Epoch: 40000; Computation time: 13609.348327038; Current value of V(0): 36339.251708984375
Lagrangian objective: -343.8; Average H(x0): 349.135; Quantile-hedge α(β): 92.74
Simulation time per epoch: 0.074016878; Gradient computation time: 0.181454166; Testing time: 0.083177169

Training completed in 13609.348445903 seconds
Final V(0): 36338.53454589844

============================================================
Running policy evaluation...
============================================================


============================================================
INVENTORY PROBLEM (unscaled, weekly)
============================================================
Dimension:       50
Discount factor: 0.9990389236684376
Fixed cost:      250.0
Variable costs:  [0.1, 0.1, 0.1, 0.1, 0.1, 0.1, 0.1, 0.1, 0.1, 0.1, 0.1, 0.1, 0.1, 0.1, 0.1, 0.2, 0.2, 0.2, 0.2, 0.2, 0.2, 0.2, 0.2, 0.2, 0.2, 0.2, 0.2, 0.2, 0.2, 0.2, 0.4, 0.4, 0.4, 0.4, 0.4, 0.4, 0.4, 0.4, 0.4, 0.4, 0.4, 0.4, 0.4, 0.4, 0.4, 0.4, 0.4, 0.4, 0.4, 0.4]
Holding costs:   [0.019230769230769232, 0.019230769230769232, 0.019230769230769232, 0.019230769230769232, 0.019230769230769232, 0.019230769230769232, 0.019230769230769232, 0.019230769230769232, 0.019230769230769232, 0.019230769230769232, 0.019230769230769232, 0.019230769230769232, 0.019230769230769232, 0.019230769230769232, 0.019230769230769232, 0.038461538461538464, 0.038461538461538464, 0.038461538461538464, 0.038461538461538464, 0.038461538461538464, 0.038461538461538464, 0.038461538461538464, 0.038461538461538464, 0.038461538461538464, 0.038461538461538464, 0.038461538461538464, 0.038461538461538464, 0.038461538461538464, 0.038461538461538464, 0.038461538461538464, 0.07692307692307693, 0.07692307692307693, 0.07692307692307693, 0.07692307692307693, 0.07692307692307693, 0.07692307692307693, 0.07692307692307693, 0.07692307692307693, 0.07692307692307693, 0.07692307692307693, 0.07692307692307693, 0.07692307692307693, 0.07692307692307693, 0.07692307692307693, 0.07692307692307693, 0.07692307692307693, 0.07692307692307693, 0.07692307692307693, 0.07692307692307693, 0.07692307692307693]
Backlog costs:   [0.4807692307692308, 0.4807692307692308, 0.4807692307692308, 0.4807692307692308, 0.4807692307692308, 0.4807692307692308, 0.4807692307692308, 0.4807692307692308, 0.4807692307692308, 0.4807692307692308, 0.4807692307692308, 0.4807692307692308, 0.4807692307692308, 0.4807692307692308, 0.4807692307692308, 0.9615384615384616, 0.9615384615384616, 0.9615384615384616, 0.9615384615384616, 0.9615384615384616, 0.9615384615384616, 0.9615384615384616, 0.9615384615384616, 0.9615384615384616, 0.9615384615384616, 0.9615384615384616, 0.9615384615384616, 0.9615384615384616, 0.9615384615384616, 0.9615384615384616, 1.9230769230769231, 1.9230769230769231, 1.9230769230769231, 1.9230769230769231, 1.9230769230769231, 1.9230769230769231, 1.9230769230769231, 1.9230769230769231, 1.9230769230769231, 1.9230769230769231, 1.9230769230769231, 1.9230769230769231, 1.9230769230769231, 1.9230769230769231, 1.9230769230769231, 1.9230769230769231, 1.9230769230769231, 1.9230769230769231, 1.9230769230769231, 1.9230769230769231]
Demand dists:    DataType[Distributions.Poisson{Float64}, Distributions.Poisson{Float64}, Distributions.Poisson{Float64}, Distributions.Poisson{Float64}, Distributions.Poisson{Float64}, Distributions.Poisson{Float64}, Distributions.Poisson{Float64}, Distributions.Poisson{Float64}, Distributions.Poisson{Float64}, Distributions.Poisson{Float64}, Distributions.Poisson{Float64}, Distributions.Poisson{Float64}, Distributions.Poisson{Float64}, Distributions.Poisson{Float64}, Distributions.Poisson{Float64}, Distributions.Poisson{Float64}, Distributions.Poisson{Float64}, Distributions.Poisson{Float64}, Distributions.Poisson{Float64}, Distributions.Poisson{Float64}, Distributions.Poisson{Float64}, Distributions.Poisson{Float64}, Distributions.Poisson{Float64}, Distributions.Poisson{Float64}, Distributions.Poisson{Float64}, Distributions.Poisson{Float64}, Distributions.Poisson{Float64}, Distributions.Poisson{Float64}, Distributions.Poisson{Float64}, Distributions.Poisson{Float64}, Distributions.Poisson{Float64}, Distributions.Poisson{Float64}, Distributions.Poisson{Float64}, Distributions.Poisson{Float64}, Distributions.Poisson{Float64}, Distributions.Poisson{Float64}, Distributions.Poisson{Float64}, Distributions.Poisson{Float64}, Distributions.Poisson{Float64}, Distributions.Poisson{Float64}, Distributions.Poisson{Float64}, Distributions.Poisson{Float64}, Distributions.Poisson{Float64}, Distributions.Poisson{Float64}, Distributions.Poisson{Float64}, Distributions.Poisson{Float64}, Distributions.Poisson{Float64}, Distributions.Poisson{Float64}, Distributions.Poisson{Float64}, Distributions.Poisson{Float64}]
Demand means:    [0.9615384615384616, 0.9615384615384616, 0.9615384615384616, 0.9615384615384616, 0.9615384615384616, 0.9615384615384616, 0.9615384615384616, 0.9615384615384616, 0.9615384615384616, 0.9615384615384616, 0.9615384615384616, 0.9615384615384616, 0.9615384615384616, 0.9615384615384616, 0.9615384615384616, 0.4807692307692308, 0.4807692307692308, 0.4807692307692308, 0.4807692307692308, 0.4807692307692308, 0.4807692307692308, 0.4807692307692308, 0.4807692307692308, 0.4807692307692308, 0.4807692307692308, 0.4807692307692308, 0.4807692307692308, 0.4807692307692308, 0.4807692307692308, 0.4807692307692308, 0.2403846153846154, 0.2403846153846154, 0.2403846153846154, 0.2403846153846154, 0.2403846153846154, 0.2403846153846154, 0.2403846153846154, 0.2403846153846154, 0.2403846153846154, 0.2403846153846154, 0.2403846153846154, 0.2403846153846154, 0.2403846153846154, 0.2403846153846154, 0.2403846153846154, 0.2403846153846154, 0.2403846153846154, 0.2403846153846154, 0.2403846153846154, 0.2403846153846154]
============================================================

==================================================
Computing order-up-to vector via :solve_inf
==================================================

Method: solve_inf
Final objective: 347.9287109375
z*: [22.0, 22.0, 22.0, 22.0, 22.0, 22.0, 22.0, 22.0, 22.0, 22.0, 22.0, 22.0, 22.0, 22.0, 22.0, 12.0, 12.0, 12.0, 12.0, 12.0, 12.0, 12.0, 12.0, 12.0, 12.0, 12.0, 12.0, 12.0, 12.0, 12.0, 7.0, 7.0, 7.0, 7.0, 7.0, 7.0, 7.0, 7.0, 7.0, 7.0, 7.0, 7.0, 7.0, 7.0, 7.0, 7.0, 7.0, 7.0, 7.0, 7.0]
Intervention value: 12.95672607421875

==================================================
Computing order-up-to vector via :find_stationary
==================================================

Method: find_stationary
Final residual: 0.011352764009399281
z*: [22.0, 22.0, 22.0, 22.0, 22.0, 22.0, 22.0, 22.0, 22.0, 22.0, 22.0, 22.0, 22.0, 22.0, 22.0, 12.0, 12.0, 12.0, 12.0, 12.0, 12.0, 12.0, 12.0, 12.0, 12.0, 12.0, 12.0, 12.0, 12.0, 12.0, 7.0, 7.0, 7.0, 7.0, 7.0, 7.0, 7.0, 7.0, 7.0, 7.0, 7.0, 7.0, 7.0, 7.0, 7.0, 7.0, 7.0, 7.0, 7.0, 7.0]
Intervention value: 12.95672607421875

==================================================
Summary:
  solve_inf:       z* = [22, 22, 22, 22, 22, 22, 22, 22, 22, 22, 22, 22, 22, 22, 22, 12, 12, 12, 12, 12, 12, 12, 12, 12, 12, 12, 12, 12, 12, 12, 7, 7, 7, 7, 7, 7, 7, 7, 7, 7, 7, 7, 7, 7, 7, 7, 7, 7, 7, 7]
  find_stationary: z* = [22, 22, 22, 22, 22, 22, 22, 22, 22, 22, 22, 22, 22, 22, 22, 12, 12, 12, 12, 12, 12, 12, 12, 12, 12, 12, 12, 12, 12, 12, 7, 7, 7, 7, 7, 7, 7, 7, 7, 7, 7, 7, 7, 7, 7, 7, 7, 7, 7, 7]
==================================================

============================================================
Evaluating method: solve_inf
============================================================

----------------------------------------
Evaluating ε = -1.25
----------------------------------------
Mean cost: 37895.308009235145 ± 63.66618463786975
  Inventory costs: 17469.005221089967
  Variable costs:  5041.550759620375
  Fixed costs:     15384.752028524865
  Simulation time: 649.5s

----------------------------------------
Evaluating ε = -2.5
----------------------------------------
Mean cost: 36769.13322584997 ± 75.22355212309897
  Inventory costs: 17793.917347272458
  Variable costs:  5048.498691789263
  Fixed costs:     13926.717186788304
  Simulation time: 657.5s

----------------------------------------
Evaluating ε = -5.0
----------------------------------------
Mean cost: 36297.21254889221 ± 49.66202799338064
  Inventory costs: 19018.755951098326
  Variable costs:  5026.195672197884
  Fixed costs:     12252.260925595998
  Simulation time: 661.8s

----------------------------------------
Evaluating ε = -7.5
----------------------------------------
Mean cost: 36751.77570536393 ± 35.181253526153995
  Inventory costs: 20202.50183604008
  Variable costs:  5020.8670556507905
  Fixed costs:     11528.40681367309
  Simulation time: 647.8s

----------------------------------------
Evaluating ε = -10.0
----------------------------------------
Mean cost: 37490.60199406206 ± 64.72915436302723
  Inventory costs: 21323.541788489434
  Variable costs:  5034.158762904606
  Fixed costs:     11132.901442667982
  Simulation time: 660.3s

----------------------------------------
Evaluating ε = -12.5
----------------------------------------
Mean cost: 38322.26629820195 ± 93.3906291587305
  Inventory costs: 22403.13384349375
  Variable costs:  5027.817389847673
  Fixed costs:     10891.315064860511
  Simulation time: 652.8s

----------------------------------------
Evaluating ε = -15.0
----------------------------------------
Mean cost: 38948.64174636763 ± 61.45942301176777
  Inventory costs: 23326.45688306294
  Variable costs:  5014.440317136956
  Fixed costs:     10607.744546167782
  Simulation time: 656.7s

----------------------------------------
Evaluating ε = -20.0
----------------------------------------
Mean cost: 40437.401355500464 ± 38.53484621803853
  Inventory costs: 25176.980180913433
  Variable costs:  5025.54975467039
  Fixed costs:     10234.871419916602
  Simulation time: 667.2s

----------------------------------------
Evaluating ε = -25.0
----------------------------------------
Mean cost: 42078.452829240516 ± 90.87887742787827
  Inventory costs: 27147.563317837128
  Variable costs:  5012.49957141918
  Fixed costs:     9918.389939984132
  Simulation time: 658.2s

----------------------------------------
Evaluating ε = -30.0
----------------------------------------
Mean cost: 43873.921100130334 ± 80.0258166864185
  Inventory costs: 29179.509645967977
  Variable costs:  5030.125043987541
  Fixed costs:     9664.286410174805
  Simulation time: 648.5s

----------------------------------------
Evaluating ε = -40.0
----------------------------------------
Mean cost: 47528.40380983091 ± 80.97318832616585
  Inventory costs: 33296.8388771669
  Variable costs:  5024.52825728381
  Fixed costs:     9207.036675380261
  Simulation time: 649.0s

----------------------------------------
Evaluating ε = -50.0
----------------------------------------
Mean cost: 51255.18772141871 ± 107.06004653610104
  Inventory costs: 37438.15527469727
  Variable costs:  5010.536850987807
  Fixed costs:     8806.495595733662
  Simulation time: 655.8s

----------------------------------------
Evaluating ε = -75.0
----------------------------------------
Mean cost: 61906.73790321732 ± 54.09266588890432
  Inventory costs: 48806.1178622317
  Variable costs:  5017.292215431559
  Fixed costs:     8083.327825554066
  Simulation time: 664.4s

----------------------------------------
Evaluating ε = -100.0
----------------------------------------
Mean cost: 73787.87408669543 ± 189.56658264257354
  Inventory costs: 61266.512478011035
  Variable costs:  5008.72554408294
  Fixed costs:     7512.636064601446
  Simulation time: 661.3s

==================================================
Best epsilon: -5.0 with cost: 36297.21254889221 ± 49.66202799338064
==================================================

============================================================
Evaluating method: find_stationary
============================================================

----------------------------------------
Evaluating ε = -1.25
----------------------------------------
Mean cost: 38032.14101063339 ± 122.0095770450618
  Inventory costs: 17451.942754005875
  Variable costs:  5055.9467449565345
  Fixed costs:     15524.251511670944
  Simulation time: 660.8s

----------------------------------------
Evaluating ε = -2.5
----------------------------------------
Mean cost: 36714.250845826384 ± 50.284651210998916
  Inventory costs: 17788.24542238213
  Variable costs:  5034.339343981604
  Fixed costs:     13891.666079462651
  Simulation time: 645.8s

----------------------------------------
Evaluating ε = -5.0
----------------------------------------
Mean cost: 36422.240010303314 ± 51.23254774732366
  Inventory costs: 18998.312914366496
  Variable costs:  5044.865303091609
  Fixed costs:     12379.06179284525
  Simulation time: 652.9s

----------------------------------------
Evaluating ε = -7.5
----------------------------------------
Mean cost: 36879.1677980922 ± 40.917611400853744
  Inventory costs: 20242.886735738117
  Variable costs:  5030.622104462877
  Fixed costs:     11605.658957891264
  Simulation time: 654.0s

----------------------------------------
Evaluating ε = -10.0
----------------------------------------
Mean cost: 37444.29901886157 ± 62.03417493135269
  Inventory costs: 21309.75627945291
  Variable costs:  5021.494607842344
  Fixed costs:     11113.04813156637
  Simulation time: 661.5s

----------------------------------------
Evaluating ε = -12.5
----------------------------------------
Mean cost: 38259.95868350522 ± 63.9242795525006
  Inventory costs: 22337.54827952668
  Variable costs:  5030.401973621877
  Fixed costs:     10892.008430356671
  Simulation time: 666.4s

----------------------------------------
Evaluating ε = -15.0
----------------------------------------
Mean cost: 38964.1258840126 ± 63.37553308832263
  Inventory costs: 23333.927823451122
  Variable costs:  5023.263869030938
  Fixed costs:     10606.93419153062
  Simulation time: 655.8s

----------------------------------------
Evaluating ε = -20.0
----------------------------------------
Mean cost: 40410.60133910256 ± 52.1282605401087
  Inventory costs: 25130.762561880674
  Variable costs:  5030.109930913748
  Fixed costs:     10249.728846308124
  Simulation time: 658.9s

----------------------------------------
Evaluating ε = -25.0
----------------------------------------
Mean cost: 42117.87724167191 ± 54.145081996342
  Inventory costs: 27186.26767227266
  Variable costs:  5019.558453030463
  Fixed costs:     9912.051116368812
  Simulation time: 647.0s

----------------------------------------
Evaluating ε = -30.0
----------------------------------------
Mean cost: 43809.50752912757 ± 77.17978374057735
  Inventory costs: 29158.89526511517
  Variable costs:  5013.194009161188
  Fixed costs:     9637.418254851238
  Simulation time: 651.6s

----------------------------------------
Evaluating ε = -40.0
----------------------------------------
Mean cost: 47257.17605290435 ± 103.02956901374083
  Inventory costs: 33070.16066504529
  Variable costs:  5008.617395148625
  Fixed costs:     9178.397992710481
  Simulation time: 651.7s

----------------------------------------
Evaluating ε = -50.0
----------------------------------------
Mean cost: 51237.59867166373 ± 101.82976358727255
  Inventory costs: 37395.9882086492
  Variable costs:  5020.958859760224
  Fixed costs:     8820.651603254335
  Simulation time: 653.7s

----------------------------------------
Evaluating ε = -75.0
----------------------------------------
Mean cost: 61884.09093697237 ± 98.62853338412509
  Inventory costs: 48784.55864758433
  Variable costs:  5017.133239812293
  Fixed costs:     8082.399049575724
  Simulation time: 648.3s

----------------------------------------
Evaluating ε = -100.0
----------------------------------------
Mean cost: 73804.60668173643 ± 139.8528998289272
  Inventory costs: 61273.515713013534
  Variable costs:  5018.086695893749
  Fixed costs:     7513.004272829156
  Simulation time: 597.5s

==================================================
Best epsilon: -5.0 with cost: 36422.240010303314 ± 51.23254774732366
==================================================
Results saved to: output/nn_training/results_50D_CaseLH_solve_inf.json
Neural networks saved to: policies/policies50D/neural_networks_50D_CaseLH_solve_inf.bson
Results saved to: output/nn_training/results_50D_CaseLH_find_stationary.json
Neural networks saved to: policies/policies50D/neural_networks_50D_CaseLH_find_stationary.bson

============================================================
FINAL RESULTS SUMMARY
============================================================

Method: solve_inf
  Order-up-to vector: [22, 22, 22, 22, 22, 22, 22, 22, 22, 22, 22, 22, 22, 22, 22, 12, 12, 12, 12, 12, 12, 12, 12, 12, 12, 12, 12, 12, 12, 12, 7, 7, 7, 7, 7, 7, 7, 7, 7, 7, 7, 7, 7, 7, 7, 7, 7, 7, 7, 7]
  Best epsilon: -5.0
  Best cost: 36297.21254889221 ± 49.66202799338064

Method: find_stationary
  Order-up-to vector: [22, 22, 22, 22, 22, 22, 22, 22, 22, 22, 22, 22, 22, 22, 22, 12, 12, 12, 12, 12, 12, 12, 12, 12, 12, 12, 12, 12, 12, 12, 7, 7, 7, 7, 7, 7, 7, 7, 7, 7, 7, 7, 7, 7, 7, 7, 7, 7, 7, 7]
  Best epsilon: -5.0
  Best cost: 36422.240010303314 ± 51.23254774732366

============================================================
Complete! Per-method results saved to:
  output/nn_training/results_50D_CaseLH_solve_inf.json
  output/nn_training/results_50D_CaseLH_find_stationary.json
============================================================

  Activating project at `~/DeepSJRP`
[ Info:  started timer at: 2026-04-23T16:33:40.484
┌ Warning: Layer with Float32 parameters got Float64 input.
│   The input will be converted, but any earlier layers may be very slow.
│   layer = Dense(50 => 1000, elu)  # 51_000 parameters
│   summary(x) = "50-element Vector{Float64}"
└ @ Flux ~/.julia/packages/Flux/DZYiO/src/layers/stateless.jl:60
RUNNING THE L-BFGS-B CODE

           * * *

Machine precision = 2.220D-16
 N =           50     M =           10

At X0         0 variables are exactly at the bounds

At iterate    0    f=  3.47929D+02    |proj g|=  2.15867D-03

           * * *

Tit   = total number of iterations
Tnf   = total number of function evaluations
Tnint = total number of segments explored during Cauchy searches
Skip  = number of BFGS updates skipped
Nact  = number of active bounds at final generalized Cauchy point
Projg = norm of the final projected gradient
F     = final function value

           * * *

   N    Tit     Tnf  Tnint  Skip  Nact     Projg        F
   50      0      1      0     0     0   2.159D-03   3.479D+02
  F =   347.92871093750000     

CONVERGENCE: NORM_OF_PROJECTED_GRADIENT_<=_PGTOL            

 Cauchy                time 0.000E+00 seconds.
 Subspace minimization time 0.000E+00 seconds.
 Line search           time 0.000E+00 seconds.

 Total User time 2.832E+00 seconds.

RUNNING THE L-BFGS-B CODE

           * * *

Machine precision = 2.220D-16
 N =           50     M =           10

At X0         0 variables are exactly at the bounds

At iterate    0    f=  1.28885D-04    |proj g|=  4.18777D-06

           * * *

Tit   = total number of iterations
Tnf   = total number of function evaluations
Tnint = total number of segments explored during Cauchy searches
Skip  = number of BFGS updates skipped
Nact  = number of active bounds at final generalized Cauchy point
Projg = norm of the final projected gradient
F     = final function value

           * * *

   N    Tit     Tnf  Tnint  Skip  Nact     Projg        F
   50      0      1      0     0     0   4.188D-06   1.289D-04
  F =   1.2888525065311163E-004

CONVERGENCE: NORM_OF_PROJECTED_GRADIENT_<=_PGTOL            

 Cauchy                time 0.000E+00 seconds.
 Subspace minimization time 0.000E+00 seconds.
 Line search           time 0.000E+00 seconds.

 Total User time 3.525E-01 seconds.

