
============================================================
DeepSJRP - Stochastic Joint Replenishment Problem Solver
============================================================
Instance: 50D_CaseLH
Options: Dict{Symbol, Any}(:beta_override => 1.0e6, :alpha_override => nothing, :device => :gpu, :nu_override => 0.4, :T_override => 0.2, :seed => 777)
============================================================

Device: CUDA GPU
CUDA toolchain: 
- runtime 12.8, local installation
- driver 580.126.16 for 13.2
- compiler 12.9

CUDA libraries: 
- CUBLAS: 12.8.4
- CURAND: 10.3.9
- CUFFT: 11.3.3
- CUSOLVER: 11.7.3
- CUSPARSE: 12.5.8
- CUPTI: 2025.1.1 (API 12.8.0)
- NVML: 13.0.0+580.126.16

Julia packages: 
- CUDA: 5.11.0
- GPUArrays: 11.4.1
- GPUCompiler: 1.9.1
- KernelAbstractions: 0.9.41
- CUDA_Driver_jll: 13.2.0+0
- CUDA_Compiler_jll: 0.4.2+0
- CUDA_Runtime_jll: 0.21.0+0
- CUDA_Runtime_Discovery: 1.0.0

Toolchain:
- Julia: 1.11.7
- LLVM: 16.0.6

Preferences:
- CUDA_Runtime_jll.version: local

1 device:
  0: NVIDIA H100 80GB HBM3 (sm_90, 79.175 GiB / 79.647 GiB available)
BLAS threads: 1
Julia threads: 10

Benchmark source: QS

============================================================
IMPULSE CONTROL PROBLEM (scaled, annual)
============================================================
Instance: 50D_CaseLH
Dimension: 50
Interest rate: 0.05
Cost scaling κ: 0.01

Drift μ (annual demand rates): [50.0, 50.0, 50.0, 50.0, 50.0, 50.0, 50.0, 50.0, 50.0, 50.0, 50.0, 50.0, 50.0, 50.0, 50.0, 25.0, 25.0, 25.0, 25.0, 25.0, 25.0, 25.0, 25.0, 25.0, 25.0, 25.0, 25.0, 25.0, 25.0, 25.0, 12.5, 12.5, 12.5, 12.5, 12.5, 12.5, 12.5, 12.5, 12.5, 12.5, 12.5, 12.5, 12.5, 12.5, 12.5, 12.5, 12.5, 12.5, 12.5, 12.5]
Covariance Σ diagonal: [50.0, 50.0, 50.0, 50.0, 50.0, 50.0, 50.0, 50.0, 50.0, 50.0, 50.0, 50.0, 50.0, 50.0, 50.0, 25.0, 25.0, 25.0, 25.0, 25.0, 25.0, 25.0, 25.0, 25.0, 25.0, 25.0, 25.0, 25.0, 25.0, 25.0, 12.5, 12.5, 12.5, 12.5, 12.5, 12.5, 12.5, 12.5, 12.5, 12.5, 12.5, 12.5, 12.5, 12.5, 12.5, 12.5, 12.5, 12.5, 12.5, 12.5]

Scaled costs (× κ = 0.01):
  Fixed cost K:    2.5
  Variable costs c: [0.001, 0.001, 0.001, 0.001, 0.001, 0.001, 0.001, 0.001, 0.001, 0.001, 0.001, 0.001, 0.001, 0.001, 0.001, 0.002, 0.002, 0.002, 0.002, 0.002, 0.002, 0.002, 0.002, 0.002, 0.002, 0.002, 0.002, 0.002, 0.002, 0.002, 0.004, 0.004, 0.004, 0.004, 0.004, 0.004, 0.004, 0.004, 0.004, 0.004, 0.004, 0.004, 0.004, 0.004, 0.004, 0.004, 0.004, 0.004, 0.004, 0.004]
  Holding costs h:  [0.01, 0.01, 0.01, 0.01, 0.01, 0.01, 0.01, 0.01, 0.01, 0.01, 0.01, 0.01, 0.01, 0.01, 0.01, 0.02, 0.02, 0.02, 0.02, 0.02, 0.02, 0.02, 0.02, 0.02, 0.02, 0.02, 0.02, 0.02, 0.02, 0.02, 0.04, 0.04, 0.04, 0.04, 0.04, 0.04, 0.04, 0.04, 0.04, 0.04, 0.04, 0.04, 0.04, 0.04, 0.04, 0.04, 0.04, 0.04, 0.04, 0.04]
  Penalty costs p:  [0.25, 0.25, 0.25, 0.25, 0.25, 0.25, 0.25, 0.25, 0.25, 0.25, 0.25, 0.25, 0.25, 0.25, 0.25, 0.5, 0.5, 0.5, 0.5, 0.5, 0.5, 0.5, 0.5, 0.5, 0.5, 0.5, 0.5, 0.5, 0.5, 0.5, 1.0, 1.0, 1.0, 1.0, 1.0, 1.0, 1.0, 1.0, 1.0, 1.0, 1.0, 1.0, 1.0, 1.0, 1.0, 1.0, 1.0, 1.0, 1.0, 1.0]

Original costs (unscaled):
  Fixed cost K:    250.0
  Variable costs c: [0.1, 0.1, 0.1, 0.1, 0.1, 0.1, 0.1, 0.1, 0.1, 0.1, 0.1, 0.1, 0.1, 0.1, 0.1, 0.2, 0.2, 0.2, 0.2, 0.2, 0.2, 0.2, 0.2, 0.2, 0.2, 0.2, 0.2, 0.2, 0.2, 0.2, 0.4, 0.4, 0.4, 0.4, 0.4, 0.4, 0.4, 0.4, 0.4, 0.4, 0.4, 0.4, 0.4, 0.4, 0.4, 0.4, 0.4, 0.4, 0.4, 0.4]
  Holding costs h:  [1.0, 1.0, 1.0, 1.0, 1.0, 1.0, 1.0, 1.0, 1.0, 1.0, 1.0, 1.0, 1.0, 1.0, 1.0, 2.0, 2.0, 2.0, 2.0, 2.0, 2.0, 2.0, 2.0, 2.0, 2.0, 2.0, 2.0, 2.0, 2.0, 2.0, 4.0, 4.0, 4.0, 4.0, 4.0, 4.0, 4.0, 4.0, 4.0, 4.0, 4.0, 4.0, 4.0, 4.0, 4.0, 4.0, 4.0, 4.0, 4.0, 4.0]
  Penalty costs p:  [25.0, 25.0, 25.0, 25.0, 25.0, 25.0, 25.0, 25.0, 25.0, 25.0, 25.0, 25.0, 25.0, 25.0, 25.0, 50.0, 50.0, 50.0, 50.0, 50.0, 50.0, 50.0, 50.0, 50.0, 50.0, 50.0, 50.0, 50.0, 50.0, 50.0, 100.0, 100.0, 100.0, 100.0, 100.0, 100.0, 100.0, 100.0, 100.0, 100.0, 100.0, 100.0, 100.0, 100.0, 100.0, 100.0, 100.0, 100.0, 100.0, 100.0]
============================================================

============================================================
TRAINING HYPERPARAMETERS
============================================================
Benchmark source: QS
Precision:        Float32
Batch size:       5000
Num intervals:    100
T horizon:        0.2
Num iterations:   40000
Learning rates:   [0.001, 0.0002, 0.0001, 1.0e-5, 1.0e-6]
LR steps:         [1, 5000, 10000, 20000, 30000]
Beta penalty:     [1.0, 10.0, 100.0, 1000.0, 10000.0, 1.0e6]
Penalty steps:    [1, 2500, 5000, 7500, 10000, 20000]
Lambda rate:      2.5618794920507937
S guess:          [[22.0, 22.0, 22.0, 22.0, 22.0, 22.0, 22.0, 22.0, 22.0, 22.0, 22.0, 22.0, 22.0, 22.0, 22.0, 12.0, 12.0, 12.0, 12.0, 12.0, 12.0, 12.0, 12.0, 12.0, 12.0, 12.0, 12.0, 12.0, 12.0, 12.0, 7.0, 7.0, 7.0, 7.0, 7.0, 7.0, 7.0, 7.0, 7.0, 7.0, 7.0, 7.0, 7.0, 7.0, 7.0, 7.0, 7.0, 7.0, 7.0, 7.0]]
Nu radius:        0.4
S distribution:   lognormal
Alpha factor:     0.0
Alpha js:         [0.0, 0.0, 0.0, 0.0, 0.0, 0.0, 0.0, 0.0, 0.0, 0.0, 0.0, 0.0, 0.0, 0.0, 0.0, 0.0, 0.0, 0.0, 0.0, 0.0, 0.0, 0.0, 0.0, 0.0, 0.0, 0.0, 0.0, 0.0, 0.0, 0.0, 0.0, 0.0, 0.0, 0.0, 0.0, 0.0, 0.0, 0.0, 0.0, 0.0, 0.0, 0.0, 0.0, 0.0, 0.0, 0.0, 0.0, 0.0, 0.0, 0.0]
Cost scaling:     0.01

Neural network architecture:
  Hidden layers:  4
  Width:          1000
  Activation:     elu

Optimization parameters:
  Start factor:   1.0
  Lower factor:   0.5
  Upper factor:   1.5
  Sim runs:       10
  Sim horizon:    5000
  Epsilons:       [-1.25, -2.5, -5.0, -7.5, -10.0, -12.5, -15.0, -20.0, -25.0, -30.0, -40.0, -50.0, -75.0, -100.0]
============================================================

Gradient network G (∇V):
Chain(
  Dense(50 => 1000, elu),               # 51_000 parameters
  Dense(1000 => 1000, elu),             # 1_001_000 parameters
  Dense(1000 => 1000, elu),             # 1_001_000 parameters
  Dense(1000 => 1000, elu),             # 1_001_000 parameters
  Dense(1000 => 50),                    # 50_050 parameters
)                   # Total: 10 arrays, 3_104_050 parameters, 1.562 KiB.

Value network H (V):
Chain(
  Dense(50 => 1000, elu),               # 51_000 parameters
  Dense(1000 => 1000, elu),             # 1_001_000 parameters
  Dense(1000 => 1000, elu),             # 1_001_000 parameters
  Dense(1000 => 1000, elu),             # 1_001_000 parameters
  Dense(1000 => 1),                     # 1_001 parameters
)                   # Total: 10 arrays, 3_055_001 parameters, 1.562 KiB.


============================================================
Starting neural network training...
============================================================

Starting training with steady-state sampler:
-----------------------------------------
Epoch: 1; Penalty β updated to: 1.0
-----------------------------------------
─── Device check ───
  x_tn: CuArray{Float32} (50, 100, 5000)
  dB: CuArray{Float32} (50, 100, 5000)
  dU: CuArray{Float32} (50, 100, 5000)
  exponentials: CuArray{Float32} (1, 100)
  loss_dB: CuArray{Float32} (1, 5000)
  loss_df: CuArray{Float32} (1, 5000)
  loss_dU: CuArray{Float32} (1, 5000)
  H_x0: CuArray{Float32} (1, 5000)
  H_xT: CuArray{Float32} (1, 5000)
  penalties: CuArray{Float32} (1, 5000)
────────────────────
Epoch: 1; Computation time: 65.725071804; Current value of V(0): 0.0
Lagrangian objective: 14808.221; Average H(x0): 0.0; Quantile-hedge α(β): 52.36000000000001
Simulation time per epoch: 11.923787129; Gradient computation time: 41.389046419; Testing time: 11.571076077
Epoch: 1000; Computation time: 405.562125828; Current value of V(0): 73092.86499023438
Lagrangian objective: -3749.4736; Average H(x0): 6541.35; Quantile-hedge α(β): 5.24
Simulation time per epoch: 0.073927707; Gradient computation time: 0.182386523; Testing time: 0.083182891
Epoch: 2000; Computation time: 746.843754268; Current value of V(0): 101999.24926757812
Lagrangian objective: -3713.408; Average H(x0): 6557.7188; Quantile-hedge α(β): 4.84
Simulation time per epoch: 0.07400201; Gradient computation time: 0.181707331; Testing time: 0.083169334
-----------------------------------------
Epoch: 2500; Penalty β updated to: 10.0
-----------------------------------------
Epoch: 3000; Computation time: 1086.971825589; Current value of V(0): 75719.12841796875
Lagrangian objective: -946.7922; Average H(x0): 1334.4404; Quantile-hedge α(β): 26.080000000000002
Simulation time per epoch: 0.073986595; Gradient computation time: 0.181979448; Testing time: 0.083124637
Epoch: 4000; Computation time: 1425.757636253; Current value of V(0): 78439.29443359375
Lagrangian objective: -920.2022; Average H(x0): 1336.2671; Quantile-hedge α(β): 24.960000000000004
Simulation time per epoch: 0.073976936; Gradient computation time: 0.181943463; Testing time: 0.083167722
-----------------------------------------
Epoch: 5000; Penalty β updated to: 100.0
-----------------------------------------
Epoch: 5000; Computation time: 1764.519751253; Current value of V(0): 81277.31323242188
Lagrangian objective: 2741.9429; Average H(x0): 1337.3582; Quantile-hedge α(β): 24.48
Simulation time per epoch: 0.073951384; Gradient computation time: 0.181779967; Testing time: 0.083131077
Epoch: 6000; Computation time: 2103.263584096; Current value of V(0): 49667.54455566406
Lagrangian objective: -528.65967; Average H(x0): 608.139; Quantile-hedge α(β): 53.36000000000001
Simulation time per epoch: 0.074052508; Gradient computation time: 0.181656693; Testing time: 0.08313071
Epoch: 7000; Computation time: 2441.849492627; Current value of V(0): 49575.958251953125
Lagrangian objective: -523.2012; Average H(x0): 608.0259; Quantile-hedge α(β): 51.540000000000006
Simulation time per epoch: 0.073470312; Gradient computation time: 0.182239033; Testing time: 0.083300519
-----------------------------------------
Epoch: 7500; Penalty β updated to: 1000.0
-----------------------------------------
Epoch: 8000; Computation time: 2780.487394523; Current value of V(0): 41356.31103515625
Lagrangian objective: -431.4398; Average H(x0): 459.95416; Quantile-hedge α(β): 82.36
Simulation time per epoch: 0.073958628; Gradient computation time: 0.181755343; Testing time: 0.08311312
Epoch: 9000; Computation time: 3118.905765108; Current value of V(0): 41467.987060546875
Lagrangian objective: -436.66306; Average H(x0): 459.498; Quantile-hedge α(β): 83.32
Simulation time per epoch: 0.073916762; Gradient computation time: 0.18123699; Testing time: 0.082912096
-----------------------------------------
Epoch: 10000; Penalty β updated to: 10000.0
-----------------------------------------
Epoch: 10000; Computation time: 3457.801689785; Current value of V(0): 41314.85595703125
Lagrangian objective: -162.48528; Average H(x0): 455.07416; Quantile-hedge α(β): 83.7
Simulation time per epoch: 0.073957386; Gradient computation time: 0.181403105; Testing time: 0.083049403
Epoch: 11000; Computation time: 3796.547863576; Current value of V(0): 39097.137451171875
Lagrangian objective: -395.73044; Average H(x0): 410.0677; Quantile-hedge α(β): 95.38
Simulation time per epoch: 0.07384454; Gradient computation time: 0.18124246; Testing time: 0.083090816
Epoch: 12000; Computation time: 4135.11723805; Current value of V(0): 38931.70166015625
Lagrangian objective: -383.24606; Average H(x0): 403.2419; Quantile-hedge α(β): 96.74000000000001
Simulation time per epoch: 0.074044743; Gradient computation time: 0.181712119; Testing time: 0.083124087
Epoch: 13000; Computation time: 4473.945375294; Current value of V(0): 39115.7958984375
Lagrangian objective: -377.21307; Average H(x0): 402.6037; Quantile-hedge α(β): 96.64
Simulation time per epoch: 0.073961793; Gradient computation time: 0.18194449; Testing time: 0.083191096
Epoch: 14000; Computation time: 4812.891501572; Current value of V(0): 38903.082275390625
Lagrangian objective: -386.89014; Average H(x0): 398.85748; Quantile-hedge α(β): 97.89999999999999
Simulation time per epoch: 0.073785609; Gradient computation time: 0.181913804; Testing time: 0.083210755
Epoch: 15000; Computation time: 5151.786253372; Current value of V(0): 38933.60900878906
Lagrangian objective: -379.927; Average H(x0): 400.54044; Quantile-hedge α(β): 96.64
Simulation time per epoch: 0.073998392; Gradient computation time: 0.181839204; Testing time: 0.083118269
Epoch: 16000; Computation time: 5490.637181344; Current value of V(0): 38368.597412109375
Lagrangian objective: -368.7807; Average H(x0): 392.0273; Quantile-hedge α(β): 96.67999999999999
Simulation time per epoch: 0.074037344; Gradient computation time: 0.1820974; Testing time: 0.083066746
Epoch: 17000; Computation time: 5829.52969302; Current value of V(0): 39064.19677734375
Lagrangian objective: -387.12402; Average H(x0): 403.55304; Quantile-hedge α(β): 96.89999999999999
Simulation time per epoch: 0.074036251; Gradient computation time: 0.181934818; Testing time: 0.083083555
Epoch: 18000; Computation time: 6168.289627748; Current value of V(0): 38625.35095214844
Lagrangian objective: -381.6656; Average H(x0): 398.34802; Quantile-hedge α(β): 97.06
Simulation time per epoch: 0.074033706; Gradient computation time: 0.181682608; Testing time: 0.083077644
Epoch: 19000; Computation time: 6507.644965959; Current value of V(0): 38836.474609375
Lagrangian objective: -377.80258; Average H(x0): 402.24048; Quantile-hedge α(β): 96.17999999999999
Simulation time per epoch: 0.073961725; Gradient computation time: 0.181853036; Testing time: 0.083215847
-----------------------------------------
Epoch: 20000; Penalty β updated to: 1.0e6
-----------------------------------------
Epoch: 20000; Computation time: 6846.740238263; Current value of V(0): 38433.026123046875
Lagrangian objective: 1797.6768; Average H(x0): 395.8685; Quantile-hedge α(β): 96.6
Simulation time per epoch: 0.074058692; Gradient computation time: 0.181783525; Testing time: 0.083076529
Epoch: 21000; Computation time: 7185.578639742; Current value of V(0): 36811.419677734375
Lagrangian objective: -353.63724; Average H(x0): 364.033; Quantile-hedge α(β): 99.96000000000001
Simulation time per epoch: 0.073995738; Gradient computation time: 0.181548571; Testing time: 0.083128714
Epoch: 22000; Computation time: 7524.495669804; Current value of V(0): 36709.86328125
Lagrangian objective: -359.7216; Average H(x0): 364.26474; Quantile-hedge α(β): 99.96000000000001
Simulation time per epoch: 0.074073519; Gradient computation time: 0.181787233; Testing time: 0.083101128
Epoch: 23000; Computation time: 7863.284350376; Current value of V(0): 36214.44091796875
Lagrangian objective: -355.33817; Average H(x0): 355.34894; Quantile-hedge α(β): 99.98
Simulation time per epoch: 0.07402414; Gradient computation time: 0.181704994; Testing time: 0.083175064
Epoch: 24000; Computation time: 8202.111492499; Current value of V(0): 36233.54187011719
Lagrangian objective: -355.94073; Average H(x0): 355.94073; Quantile-hedge α(β): 100.0
Simulation time per epoch: 0.074060126; Gradient computation time: 0.181511954; Testing time: 0.083038812
Epoch: 25000; Computation time: 8540.933606833; Current value of V(0): 35985.540771484375
Lagrangian objective: -322.7162; Average H(x0): 351.05774; Quantile-hedge α(β): 99.86
Simulation time per epoch: 0.074137437; Gradient computation time: 0.181289621; Testing time: 0.082890721
Epoch: 26000; Computation time: 8879.773782124; Current value of V(0): 36182.208251953125
Lagrangian objective: -354.50272; Average H(x0): 358.03235; Quantile-hedge α(β): 99.94
Simulation time per epoch: 0.07405125; Gradient computation time: 0.181560841; Testing time: 0.083077359
Epoch: 27000; Computation time: 9218.571468175; Current value of V(0): 35415.75622558594
Lagrangian objective: -343.5469; Average H(x0): 344.8908; Quantile-hedge α(β): 99.98
Simulation time per epoch: 0.07398213; Gradient computation time: 0.181556537; Testing time: 0.083047979
Epoch: 28000; Computation time: 9557.40314955; Current value of V(0): 35559.07287597656
Lagrangian objective: -321.6055; Average H(x0): 347.1198; Quantile-hedge α(β): 99.92
Simulation time per epoch: 0.07399696; Gradient computation time: 0.181645317; Testing time: 0.083066238
Epoch: 29000; Computation time: 9896.135404765; Current value of V(0): 34596.15173339844
Lagrangian objective: -330.8316; Average H(x0): 330.84418; Quantile-hedge α(β): 99.98
Simulation time per epoch: 0.07396495; Gradient computation time: 0.181090149; Testing time: 0.083031024
Epoch: 30000; Computation time: 10234.816339644; Current value of V(0): 35355.413818359375
Lagrangian objective: -338.48715; Average H(x0): 344.26636; Quantile-hedge α(β): 99.98
Simulation time per epoch: 0.074011479; Gradient computation time: 0.181830762; Testing time: 0.083099356
Epoch: 31000; Computation time: 10573.592983117; Current value of V(0): 36234.088134765625
Lagrangian objective: -359.20306; Average H(x0): 359.20395; Quantile-hedge α(β): 99.98
Simulation time per epoch: 0.073966344; Gradient computation time: 0.181591871; Testing time: 0.083098343
Epoch: 32000; Computation time: 10912.371978832; Current value of V(0): 36838.87023925781
Lagrangian objective: -363.08084; Average H(x0): 368.79053; Quantile-hedge α(β): 99.83999999999999
Simulation time per epoch: 0.073999025; Gradient computation time: 0.181572029; Testing time: 0.083159434
Epoch: 33000; Computation time: 11251.171684818; Current value of V(0): 37016.22619628906
Lagrangian objective: -363.94522; Average H(x0): 371.39105; Quantile-hedge α(β): 99.92
Simulation time per epoch: 0.074127214; Gradient computation time: 0.181507504; Testing time: 0.083037718
Epoch: 34000; Computation time: 11589.922791717; Current value of V(0): 37082.21435546875
Lagrangian objective: -367.2242; Average H(x0): 372.00867; Quantile-hedge α(β): 99.9
Simulation time per epoch: 0.074289475; Gradient computation time: 0.180251212; Testing time: 0.082811786
Epoch: 35000; Computation time: 11928.668691493; Current value of V(0): 37121.2890625
Lagrangian objective: -371.5106; Average H(x0): 372.23575; Quantile-hedge α(β): 99.96000000000001
Simulation time per epoch: 0.074010861; Gradient computation time: 0.181362296; Testing time: 0.083100944
Epoch: 36000; Computation time: 12267.416940691; Current value of V(0): 37182.025146484375
Lagrangian objective: -369.3261; Average H(x0): 372.702; Quantile-hedge α(β): 99.94
Simulation time per epoch: 0.074100794; Gradient computation time: 0.181586954; Testing time: 0.083032398
Epoch: 37000; Computation time: 12606.162452033; Current value of V(0): 37190.509033203125
Lagrangian objective: -372.31958; Average H(x0): 372.5199; Quantile-hedge α(β): 99.96000000000001
Simulation time per epoch: 0.07395597; Gradient computation time: 0.181761657; Testing time: 0.083073411
Epoch: 38000; Computation time: 12944.877983729; Current value of V(0): 37260.906982421875
Lagrangian objective: -371.7468; Average H(x0): 373.4335; Quantile-hedge α(β): 99.9
Simulation time per epoch: 0.074067566; Gradient computation time: 0.181584814; Testing time: 0.08307778
Epoch: 39000; Computation time: 13283.601854227; Current value of V(0): 37226.62048339844
Lagrangian objective: -369.98557; Average H(x0): 372.67413; Quantile-hedge α(β): 99.96000000000001
Simulation time per epoch: 0.074319169; Gradient computation time: 0.180247336; Testing time: 0.08283568
Epoch: 40000; Computation time: 13622.295658982; Current value of V(0): 37275.445556640625
Lagrangian objective: -361.5574; Average H(x0): 373.2365; Quantile-hedge α(β): 99.9
Simulation time per epoch: 0.074018102; Gradient computation time: 0.181428285; Testing time: 0.083105656

Training completed in 13622.295756128 seconds
Final V(0): 37274.72229003906

============================================================
Running policy evaluation...
============================================================


============================================================
INVENTORY PROBLEM (unscaled, weekly)
============================================================
Dimension:       50
Discount factor: 0.9990389236684376
Fixed cost:      250.0
Variable costs:  [0.1, 0.1, 0.1, 0.1, 0.1, 0.1, 0.1, 0.1, 0.1, 0.1, 0.1, 0.1, 0.1, 0.1, 0.1, 0.2, 0.2, 0.2, 0.2, 0.2, 0.2, 0.2, 0.2, 0.2, 0.2, 0.2, 0.2, 0.2, 0.2, 0.2, 0.4, 0.4, 0.4, 0.4, 0.4, 0.4, 0.4, 0.4, 0.4, 0.4, 0.4, 0.4, 0.4, 0.4, 0.4, 0.4, 0.4, 0.4, 0.4, 0.4]
Holding costs:   [0.019230769230769232, 0.019230769230769232, 0.019230769230769232, 0.019230769230769232, 0.019230769230769232, 0.019230769230769232, 0.019230769230769232, 0.019230769230769232, 0.019230769230769232, 0.019230769230769232, 0.019230769230769232, 0.019230769230769232, 0.019230769230769232, 0.019230769230769232, 0.019230769230769232, 0.038461538461538464, 0.038461538461538464, 0.038461538461538464, 0.038461538461538464, 0.038461538461538464, 0.038461538461538464, 0.038461538461538464, 0.038461538461538464, 0.038461538461538464, 0.038461538461538464, 0.038461538461538464, 0.038461538461538464, 0.038461538461538464, 0.038461538461538464, 0.038461538461538464, 0.07692307692307693, 0.07692307692307693, 0.07692307692307693, 0.07692307692307693, 0.07692307692307693, 0.07692307692307693, 0.07692307692307693, 0.07692307692307693, 0.07692307692307693, 0.07692307692307693, 0.07692307692307693, 0.07692307692307693, 0.07692307692307693, 0.07692307692307693, 0.07692307692307693, 0.07692307692307693, 0.07692307692307693, 0.07692307692307693, 0.07692307692307693, 0.07692307692307693]
Backlog costs:   [0.4807692307692308, 0.4807692307692308, 0.4807692307692308, 0.4807692307692308, 0.4807692307692308, 0.4807692307692308, 0.4807692307692308, 0.4807692307692308, 0.4807692307692308, 0.4807692307692308, 0.4807692307692308, 0.4807692307692308, 0.4807692307692308, 0.4807692307692308, 0.4807692307692308, 0.9615384615384616, 0.9615384615384616, 0.9615384615384616, 0.9615384615384616, 0.9615384615384616, 0.9615384615384616, 0.9615384615384616, 0.9615384615384616, 0.9615384615384616, 0.9615384615384616, 0.9615384615384616, 0.9615384615384616, 0.9615384615384616, 0.9615384615384616, 0.9615384615384616, 1.9230769230769231, 1.9230769230769231, 1.9230769230769231, 1.9230769230769231, 1.9230769230769231, 1.9230769230769231, 1.9230769230769231, 1.9230769230769231, 1.9230769230769231, 1.9230769230769231, 1.9230769230769231, 1.9230769230769231, 1.9230769230769231, 1.9230769230769231, 1.9230769230769231, 1.9230769230769231, 1.9230769230769231, 1.9230769230769231, 1.9230769230769231, 1.9230769230769231]
Demand dists:    DataType[Distributions.Poisson{Float64}, Distributions.Poisson{Float64}, Distributions.Poisson{Float64}, Distributions.Poisson{Float64}, Distributions.Poisson{Float64}, Distributions.Poisson{Float64}, Distributions.Poisson{Float64}, Distributions.Poisson{Float64}, Distributions.Poisson{Float64}, Distributions.Poisson{Float64}, Distributions.Poisson{Float64}, Distributions.Poisson{Float64}, Distributions.Poisson{Float64}, Distributions.Poisson{Float64}, Distributions.Poisson{Float64}, Distributions.Poisson{Float64}, Distributions.Poisson{Float64}, Distributions.Poisson{Float64}, Distributions.Poisson{Float64}, Distributions.Poisson{Float64}, Distributions.Poisson{Float64}, Distributions.Poisson{Float64}, Distributions.Poisson{Float64}, Distributions.Poisson{Float64}, Distributions.Poisson{Float64}, Distributions.Poisson{Float64}, Distributions.Poisson{Float64}, Distributions.Poisson{Float64}, Distributions.Poisson{Float64}, Distributions.Poisson{Float64}, Distributions.Poisson{Float64}, Distributions.Poisson{Float64}, Distributions.Poisson{Float64}, Distributions.Poisson{Float64}, Distributions.Poisson{Float64}, Distributions.Poisson{Float64}, Distributions.Poisson{Float64}, Distributions.Poisson{Float64}, Distributions.Poisson{Float64}, Distributions.Poisson{Float64}, Distributions.Poisson{Float64}, Distributions.Poisson{Float64}, Distributions.Poisson{Float64}, Distributions.Poisson{Float64}, Distributions.Poisson{Float64}, Distributions.Poisson{Float64}, Distributions.Poisson{Float64}, Distributions.Poisson{Float64}, Distributions.Poisson{Float64}, Distributions.Poisson{Float64}]
Demand means:    [0.9615384615384616, 0.9615384615384616, 0.9615384615384616, 0.9615384615384616, 0.9615384615384616, 0.9615384615384616, 0.9615384615384616, 0.9615384615384616, 0.9615384615384616, 0.9615384615384616, 0.9615384615384616, 0.9615384615384616, 0.9615384615384616, 0.9615384615384616, 0.9615384615384616, 0.4807692307692308, 0.4807692307692308, 0.4807692307692308, 0.4807692307692308, 0.4807692307692308, 0.4807692307692308, 0.4807692307692308, 0.4807692307692308, 0.4807692307692308, 0.4807692307692308, 0.4807692307692308, 0.4807692307692308, 0.4807692307692308, 0.4807692307692308, 0.4807692307692308, 0.2403846153846154, 0.2403846153846154, 0.2403846153846154, 0.2403846153846154, 0.2403846153846154, 0.2403846153846154, 0.2403846153846154, 0.2403846153846154, 0.2403846153846154, 0.2403846153846154, 0.2403846153846154, 0.2403846153846154, 0.2403846153846154, 0.2403846153846154, 0.2403846153846154, 0.2403846153846154, 0.2403846153846154, 0.2403846153846154, 0.2403846153846154, 0.2403846153846154]
============================================================

==================================================
Computing order-up-to vector via :solve_inf
==================================================

Method: solve_inf
Final objective: 372.6181945800781
z*: [22.0, 22.0, 22.0, 22.0, 22.0, 22.0, 22.0, 22.0, 22.0, 22.0, 22.0, 22.0, 22.0, 22.0, 22.0, 12.0, 12.0, 12.0, 12.0, 12.0, 12.0, 12.0, 12.0, 12.0, 12.0, 12.0, 12.0, 12.0, 12.0, 12.0, 7.0, 7.0, 7.0, 7.0, 7.0, 7.0, 7.0, 7.0, 7.0, 7.0, 7.0, 7.0, 7.0, 7.0, 7.0, 7.0, 7.0, 7.0, 7.0, 7.0]
Intervention value: -2.370880126953125

==================================================
Computing order-up-to vector via :find_stationary
==================================================

Method: find_stationary
Final residual: 0.05235280999374676
z*: [22.0, 22.0, 22.0, 22.0, 22.0, 22.0, 22.0, 22.0, 22.0, 22.0, 22.0, 22.0, 22.0, 22.0, 22.0, 12.0, 12.0, 12.0, 12.0, 12.0, 12.0, 12.0, 12.0, 12.0, 12.0, 12.0, 12.0, 12.0, 12.0, 12.0, 7.0, 7.0, 7.0, 7.0, 7.0, 7.0, 7.0, 7.0, 7.0, 7.0, 7.0, 7.0, 7.0, 7.0, 7.0, 7.0, 7.0, 7.0, 7.0, 7.0]
Intervention value: -2.370880126953125

==================================================
Summary:
  solve_inf:       z* = [22, 22, 22, 22, 22, 22, 22, 22, 22, 22, 22, 22, 22, 22, 22, 12, 12, 12, 12, 12, 12, 12, 12, 12, 12, 12, 12, 12, 12, 12, 7, 7, 7, 7, 7, 7, 7, 7, 7, 7, 7, 7, 7, 7, 7, 7, 7, 7, 7, 7]
  find_stationary: z* = [22, 22, 22, 22, 22, 22, 22, 22, 22, 22, 22, 22, 22, 22, 22, 12, 12, 12, 12, 12, 12, 12, 12, 12, 12, 12, 12, 12, 12, 12, 7, 7, 7, 7, 7, 7, 7, 7, 7, 7, 7, 7, 7, 7, 7, 7, 7, 7, 7, 7]
==================================================

============================================================
Evaluating method: solve_inf
============================================================

----------------------------------------
Evaluating ε = -1.25
----------------------------------------
Mean cost: 286666.6832458588 ± 22.044886323053273
  Inventory costs: 23858.291574885407
  Variable costs:  5080.664822470391
  Fixed costs:     257727.72684850343
  Simulation time: 480.8s

----------------------------------------
Evaluating ε = -2.5
----------------------------------------
Mean cost: 286669.98665153293 ± 26.471058978227735
  Inventory costs: 23850.63408997519
  Variable costs:  5091.625713053707
  Fixed costs:     257727.72684850343
  Simulation time: 474.0s

----------------------------------------
Evaluating ε = -5.0
----------------------------------------
Mean cost: 35928.61446515971 ± 58.782740255652314
  Inventory costs: 18296.74555574422
  Variable costs:  5028.031058175383
  Fixed costs:     12603.837851240047
  Simulation time: 467.1s

----------------------------------------
Evaluating ε = -7.5
----------------------------------------
Mean cost: 36100.39222121054 ± 40.13348277731876
  Inventory costs: 18961.214394069433
  Variable costs:  5023.303104916087
  Fixed costs:     12115.874722225015
  Simulation time: 470.6s

----------------------------------------
Evaluating ε = -10.0
----------------------------------------
Mean cost: 36504.0123323305 ± 42.10414893384652
  Inventory costs: 19710.42883525123
  Variable costs:  5037.182352012007
  Fixed costs:     11756.401145067246
  Simulation time: 467.4s

----------------------------------------
Evaluating ε = -12.5
----------------------------------------
Mean cost: 37091.770970689206 ± 82.46462361357018
  Inventory costs: 20592.747747510224
  Variable costs:  5030.559243643065
  Fixed costs:     11468.463979535973
  Simulation time: 476.1s

----------------------------------------
Evaluating ε = -15.0
----------------------------------------
Mean cost: 37589.63551840047 ± 51.69672973698046
  Inventory costs: 21428.35759204613
  Variable costs:  5017.211181139428
  Fixed costs:     11144.066745214977
  Simulation time: 440.4s

----------------------------------------
Evaluating ε = -20.0
----------------------------------------
Mean cost: 38756.64376458829 ± 33.650652300996796
  Inventory costs: 23027.080926219227
  Variable costs:  5028.187857280977
  Fixed costs:     10701.374981088109
  Simulation time: 432.5s

----------------------------------------
Evaluating ε = -25.0
----------------------------------------
Mean cost: 40205.55186347839 ± 48.64824989883977
  Inventory costs: 24912.45359754615
  Variable costs:  5014.846391370485
  Fixed costs:     10278.251874561767
  Simulation time: 431.5s

----------------------------------------
Evaluating ε = -30.0
----------------------------------------
Mean cost: 41808.12617565232 ± 68.61259075602422
  Inventory costs: 26775.437607038264
  Variable costs:  5032.233901792803
  Fixed costs:     10000.454666821297
  Simulation time: 479.2s

----------------------------------------
Evaluating ε = -40.0
----------------------------------------
Mean cost: 45296.27023725697 ± 90.49850178938517
  Inventory costs: 30799.526402978896
  Variable costs:  5026.492495854432
  Fixed costs:     9470.251338423604
  Simulation time: 466.6s

----------------------------------------
Evaluating ε = -50.0
----------------------------------------
Mean cost: 48953.35796248831 ± 112.88921884408204
  Inventory costs: 34910.29081877967
  Variable costs:  5011.919197071232
  Fixed costs:     9031.14794663735
  Simulation time: 480.6s

----------------------------------------
Evaluating ε = -75.0
----------------------------------------
Mean cost: 59195.64515193822 ± 102.67833972579012
  Inventory costs: 45943.53184418114
  Variable costs:  5018.727012477259
  Fixed costs:     8233.386295279819
  Simulation time: 483.2s

----------------------------------------
Evaluating ε = -100.0
----------------------------------------
Mean cost: 70695.75581892878 ± 96.35330567662939
  Inventory costs: 58046.03341686229
  Variable costs:  5009.747511454496
  Fixed costs:     7639.974890612018
  Simulation time: 485.3s

==================================================
Best epsilon: -5.0 with cost: 35928.61446515971 ± 58.782740255652314
==================================================

============================================================
Evaluating method: find_stationary
============================================================

----------------------------------------
Evaluating ε = -1.25
----------------------------------------
Mean cost: 286651.9995991785 ± 35.42373669896904
  Inventory costs: 23854.3287195943
  Variable costs:  5094.920004172255
  Fixed costs:     257702.75087541173
  Simulation time: 470.8s

----------------------------------------
Evaluating ε = -2.5
----------------------------------------
Mean cost: 286639.7868946457 ± 28.05009398286005
  Inventory costs: 23859.500032557306
  Variable costs:  5077.5359866781955
  Fixed costs:     257702.75087541173
  Simulation time: 477.0s

----------------------------------------
Evaluating ε = -5.0
----------------------------------------
Mean cost: 36112.69759050632 ± 70.24865273960752
  Inventory costs: 18360.694301705073
  Variable costs:  5046.432774342973
  Fixed costs:     12705.570514458244
  Simulation time: 474.5s

----------------------------------------
Evaluating ε = -7.5
----------------------------------------
Mean cost: 36205.76120837029 ± 43.27857375916035
  Inventory costs: 19038.39026926969
  Variable costs:  5033.132337562199
  Fixed costs:     12134.238601538455
  Simulation time: 475.9s

----------------------------------------
Evaluating ε = -10.0
----------------------------------------
Mean cost: 36527.71288979787 ± 45.3040423348244
  Inventory costs: 19761.14409917611
  Variable costs:  5024.758477875499
  Fixed costs:     11741.810312746311
  Simulation time: 481.6s

----------------------------------------
Evaluating ε = -12.5
----------------------------------------
Mean cost: 37021.62600779778 ± 44.803289964712796
  Inventory costs: 20569.405882603598
  Variable costs:  5033.352715071386
  Fixed costs:     11418.867410122839
  Simulation time: 479.1s

----------------------------------------
Evaluating ε = -15.0
----------------------------------------
Mean cost: 37498.62811342643 ± 75.64633059817108
  Inventory costs: 21329.542004794843
  Variable costs:  5025.8674678187135
  Fixed costs:     11143.218640812885
  Simulation time: 470.5s

----------------------------------------
Evaluating ε = -20.0
----------------------------------------
Mean cost: 38803.857274085945 ± 48.60350780524358
  Inventory costs: 23093.091330256397
  Variable costs:  5032.43472885293
  Fixed costs:     10678.331214976639
  Simulation time: 476.0s

----------------------------------------
Evaluating ε = -25.0
----------------------------------------
Mean cost: 40237.413145315724 ± 78.87373284282323
  Inventory costs: 24929.967496038178
  Variable costs:  5021.588736036953
  Fixed costs:     10285.856913240565
  Simulation time: 480.3s

----------------------------------------
Evaluating ε = -30.0
----------------------------------------
Mean cost: 41812.59519287398 ± 115.62704108781391
  Inventory costs: 26832.966870666452
  Variable costs:  5015.265361156594
  Fixed costs:     9964.362961050907
  Simulation time: 473.1s

----------------------------------------
Evaluating ε = -40.0
----------------------------------------
Mean cost: 45147.68314964125 ± 66.29605884502973
  Inventory costs: 30709.6754891901
  Variable costs:  5010.297813765143
  Fixed costs:     9427.709846686019
  Simulation time: 468.2s

----------------------------------------
Evaluating ε = -50.0
----------------------------------------
Mean cost: 48805.98618158152 ± 119.79514642661454
  Inventory costs: 34740.505344304176
  Variable costs:  5022.795331902988
  Fixed costs:     9042.685505374273
  Simulation time: 472.7s

----------------------------------------
Evaluating ε = -75.0
----------------------------------------
Mean cost: 59007.99163826037 ± 91.20422840897204
  Inventory costs: 45756.53498956706
  Variable costs:  5019.0192683719615
  Fixed costs:     8232.437380321358
  Simulation time: 476.7s

----------------------------------------
Evaluating ε = -100.0
----------------------------------------
Mean cost: 70513.7383206715 ± 194.77974386939374
  Inventory costs: 57850.85057477475
  Variable costs:  5019.5018612278145
  Fixed costs:     7643.3858846688645
  Simulation time: 474.3s

==================================================
Best epsilon: -5.0 with cost: 36112.69759050632 ± 70.24865273960752
==================================================
Improving solve_inf: 35960.98810578458 -> 35928.61446515971
Results saved to: output/nn_training/results_50D_CaseLH_solve_inf.json
Neural networks saved to: policies/policies50D/neural_networks_50D_CaseLH_solve_inf.bson
Skipping save for find_stationary: existing cost 35940.767677517724 <= new cost 36112.69759050632

============================================================
FINAL RESULTS SUMMARY
============================================================

Method: solve_inf
  Order-up-to vector: [22, 22, 22, 22, 22, 22, 22, 22, 22, 22, 22, 22, 22, 22, 22, 12, 12, 12, 12, 12, 12, 12, 12, 12, 12, 12, 12, 12, 12, 12, 7, 7, 7, 7, 7, 7, 7, 7, 7, 7, 7, 7, 7, 7, 7, 7, 7, 7, 7, 7]
  Best epsilon: -5.0
  Best cost: 35928.61446515971 ± 58.782740255652314

Method: find_stationary
  Order-up-to vector: [22, 22, 22, 22, 22, 22, 22, 22, 22, 22, 22, 22, 22, 22, 22, 12, 12, 12, 12, 12, 12, 12, 12, 12, 12, 12, 12, 12, 12, 12, 7, 7, 7, 7, 7, 7, 7, 7, 7, 7, 7, 7, 7, 7, 7, 7, 7, 7, 7, 7]
  Best epsilon: -5.0
  Best cost: 36112.69759050632 ± 70.24865273960752

============================================================
Complete! Per-method results saved to:
  output/nn_training/results_50D_CaseLH_solve_inf.json
  output/nn_training/results_50D_CaseLH_find_stationary.json
============================================================

  Activating project at `~/DeepSJRP`
[ Info:  started timer at: 2026-04-29T20:10:14.326
┌ Warning: Layer with Float32 parameters got Float64 input.
│   The input will be converted, but any earlier layers may be very slow.
│   layer = Dense(50 => 1000, elu)  # 51_000 parameters
│   summary(x) = "50-element Vector{Float64}"
└ @ Flux ~/.julia/packages/Flux/DZYiO/src/layers/stateless.jl:60
RUNNING THE L-BFGS-B CODE

           * * *

Machine precision = 2.220D-16
 N =           50     M =           10

At X0         0 variables are exactly at the bounds

At iterate    0    f=  3.72618D+02    |proj g|=  6.20499D-03

           * * *

Tit   = total number of iterations
Tnf   = total number of function evaluations
Tnint = total number of segments explored during Cauchy searches
Skip  = number of BFGS updates skipped
Nact  = number of active bounds at final generalized Cauchy point
Projg = norm of the final projected gradient
F     = final function value

           * * *

   N    Tit     Tnf  Tnint  Skip  Nact     Projg        F
   50      0      1      0     0     0   6.205D-03   3.726D+02
  F =   372.61819458007812     

CONVERGENCE: NORM_OF_PROJECTED_GRADIENT_<=_PGTOL            

 Cauchy                time 0.000E+00 seconds.
 Subspace minimization time 0.000E+00 seconds.
 Line search           time 0.000E+00 seconds.

 Total User time 2.353E+00 seconds.

RUNNING THE L-BFGS-B CODE

           * * *

Machine precision = 2.220D-16
 N =           50     M =           10

At X0         0 variables are exactly at the bounds

At iterate    0    f=  2.74082D-03    |proj g|=  0.00000D+00

           * * *

Tit   = total number of iterations
Tnf   = total number of function evaluations
Tnint = total number of segments explored during Cauchy searches
Skip  = number of BFGS updates skipped
Nact  = number of active bounds at final generalized Cauchy point
Projg = norm of the final projected gradient
F     = final function value

           * * *

   N    Tit     Tnf  Tnint  Skip  Nact     Projg        F
   50      0      1      0     0     0   0.000D+00   2.741D-03
  F =   2.7408167142413502E-003

CONVERGENCE: NORM_OF_PROJECTED_GRADIENT_<=_PGTOL            

 Cauchy                time 0.000E+00 seconds.
 Subspace minimization time 0.000E+00 seconds.
 Line search           time 0.000E+00 seconds.

 Total User time 2.764E-01 seconds.

