
============================================================
DeepSJRP - Stochastic Joint Replenishment Problem Solver
============================================================
Instance: 50D_CaseHL
Options: Dict{Symbol, Any}(:beta_override => 100000.0, :alpha_override => nothing, :device => :gpu, :nu_override => 0.8, :T_override => 0.05, :seed => 777)
============================================================

Device: CUDA GPU
CUDA toolchain: 
- runtime 12.8, local installation
- driver 580.126.16 for 13.2
- compiler 12.9

CUDA libraries: 
- CUBLAS: 12.8.4
- CURAND: 10.3.9
- CUFFT: 11.3.3
- CUSOLVER: 11.7.3
- CUSPARSE: 12.5.8
- CUPTI: 2025.1.1 (API 12.8.0)
- NVML: 13.0.0+580.126.16

Julia packages: 
- CUDA: 5.11.0
- GPUArrays: 11.4.1
- GPUCompiler: 1.9.1
- KernelAbstractions: 0.9.41
- CUDA_Driver_jll: 13.2.0+0
- CUDA_Compiler_jll: 0.4.2+0
- CUDA_Runtime_jll: 0.21.0+0
- CUDA_Runtime_Discovery: 1.0.0

Toolchain:
- Julia: 1.11.7
- LLVM: 16.0.6

Preferences:
- CUDA_Runtime_jll.version: local

1 device:
  0: NVIDIA H100 80GB HBM3 (sm_90, 79.175 GiB / 79.647 GiB available)
BLAS threads: 1
Julia threads: 10

Benchmark source: QS

============================================================
IMPULSE CONTROL PROBLEM (scaled, annual)
============================================================
Instance: 50D_CaseHL
Dimension: 50
Interest rate: 0.05
Cost scaling κ: 0.01

Drift μ (annual demand rates): [50.0, 50.0, 50.0, 50.0, 50.0, 50.0, 50.0, 50.0, 50.0, 50.0, 50.0, 50.0, 50.0, 50.0, 50.0, 25.0, 25.0, 25.0, 25.0, 25.0, 25.0, 25.0, 25.0, 25.0, 25.0, 25.0, 25.0, 25.0, 25.0, 25.0, 12.5, 12.5, 12.5, 12.5, 12.5, 12.5, 12.5, 12.5, 12.5, 12.5, 12.5, 12.5, 12.5, 12.5, 12.5, 12.5, 12.5, 12.5, 12.5, 12.5]
Covariance Σ diagonal: [2500.0, 2500.0, 2500.0, 2500.0, 2500.0, 2500.0, 2500.0, 2500.0, 2500.0, 2500.0, 2500.0, 2500.0, 2500.0, 2500.0, 2500.0, 625.0, 625.0, 625.0, 625.0, 625.0, 625.0, 625.0, 625.0, 625.0, 625.0, 625.0, 625.0, 625.0, 625.0, 625.0, 156.25, 156.25, 156.25, 156.25, 156.25, 156.25, 156.25, 156.25, 156.25, 156.25, 156.25, 156.25, 156.25, 156.25, 156.25, 156.25, 156.25, 156.25, 156.25, 156.25]

Scaled costs (× κ = 0.01):
  Fixed cost K:    0.5
  Variable costs c: [0.001, 0.001, 0.001, 0.001, 0.001, 0.001, 0.001, 0.001, 0.001, 0.001, 0.001, 0.001, 0.001, 0.001, 0.001, 0.002, 0.002, 0.002, 0.002, 0.002, 0.002, 0.002, 0.002, 0.002, 0.002, 0.002, 0.002, 0.002, 0.002, 0.002, 0.004, 0.004, 0.004, 0.004, 0.004, 0.004, 0.004, 0.004, 0.004, 0.004, 0.004, 0.004, 0.004, 0.004, 0.004, 0.004, 0.004, 0.004, 0.004, 0.004]
  Holding costs h:  [0.01, 0.01, 0.01, 0.01, 0.01, 0.01, 0.01, 0.01, 0.01, 0.01, 0.01, 0.01, 0.01, 0.01, 0.01, 0.02, 0.02, 0.02, 0.02, 0.02, 0.02, 0.02, 0.02, 0.02, 0.02, 0.02, 0.02, 0.02, 0.02, 0.02, 0.04, 0.04, 0.04, 0.04, 0.04, 0.04, 0.04, 0.04, 0.04, 0.04, 0.04, 0.04, 0.04, 0.04, 0.04, 0.04, 0.04, 0.04, 0.04, 0.04]
  Penalty costs p:  [0.25, 0.25, 0.25, 0.25, 0.25, 0.25, 0.25, 0.25, 0.25, 0.25, 0.25, 0.25, 0.25, 0.25, 0.25, 0.5, 0.5, 0.5, 0.5, 0.5, 0.5, 0.5, 0.5, 0.5, 0.5, 0.5, 0.5, 0.5, 0.5, 0.5, 1.0, 1.0, 1.0, 1.0, 1.0, 1.0, 1.0, 1.0, 1.0, 1.0, 1.0, 1.0, 1.0, 1.0, 1.0, 1.0, 1.0, 1.0, 1.0, 1.0]

Original costs (unscaled):
  Fixed cost K:    50.0
  Variable costs c: [0.1, 0.1, 0.1, 0.1, 0.1, 0.1, 0.1, 0.1, 0.1, 0.1, 0.1, 0.1, 0.1, 0.1, 0.1, 0.2, 0.2, 0.2, 0.2, 0.2, 0.2, 0.2, 0.2, 0.2, 0.2, 0.2, 0.2, 0.2, 0.2, 0.2, 0.4, 0.4, 0.4, 0.4, 0.4, 0.4, 0.4, 0.4, 0.4, 0.4, 0.4, 0.4, 0.4, 0.4, 0.4, 0.4, 0.4, 0.4, 0.4, 0.4]
  Holding costs h:  [1.0, 1.0, 1.0, 1.0, 1.0, 1.0, 1.0, 1.0, 1.0, 1.0, 1.0, 1.0, 1.0, 1.0, 1.0, 2.0, 2.0, 2.0, 2.0, 2.0, 2.0, 2.0, 2.0, 2.0, 2.0, 2.0, 2.0, 2.0, 2.0, 2.0, 4.0, 4.0, 4.0, 4.0, 4.0, 4.0, 4.0, 4.0, 4.0, 4.0, 4.0, 4.0, 4.0, 4.0, 4.0, 4.0, 4.0, 4.0, 4.0, 4.0]
  Penalty costs p:  [25.0, 25.0, 25.0, 25.0, 25.0, 25.0, 25.0, 25.0, 25.0, 25.0, 25.0, 25.0, 25.0, 25.0, 25.0, 50.0, 50.0, 50.0, 50.0, 50.0, 50.0, 50.0, 50.0, 50.0, 50.0, 50.0, 50.0, 50.0, 50.0, 50.0, 100.0, 100.0, 100.0, 100.0, 100.0, 100.0, 100.0, 100.0, 100.0, 100.0, 100.0, 100.0, 100.0, 100.0, 100.0, 100.0, 100.0, 100.0, 100.0, 100.0]
============================================================

============================================================
TRAINING HYPERPARAMETERS
============================================================
Benchmark source: QS
Precision:        Float32
Batch size:       5000
Num intervals:    100
T horizon:        0.05
Num iterations:   40000
Learning rates:   [0.001, 0.0002, 0.0001, 1.0e-5, 1.0e-6]
LR steps:         [1, 5000, 10000, 20000, 30000]
Beta penalty:     [1.0, 10.0, 100.0, 1000.0, 10000.0, 100000.0]
Penalty steps:    [1, 2500, 5000, 7500, 10000, 20000]
Lambda rate:      16.524998940105988
S guess:          [[10.0, 10.0, 10.0, 10.0, 10.0, 10.0, 10.0, 10.0, 10.0, 10.0, 10.0, 10.0, 10.0, 10.0, 10.0, 6.0, 6.0, 6.0, 6.0, 6.0, 6.0, 6.0, 6.0, 6.0, 6.0, 6.0, 6.0, 6.0, 6.0, 6.0, 4.0, 4.0, 4.0, 4.0, 4.0, 4.0, 4.0, 4.0, 4.0, 4.0, 4.0, 4.0, 4.0, 4.0, 4.0, 4.0, 4.0, 4.0, 4.0, 4.0]]
Nu radius:        0.8
S distribution:   lognormal
Alpha factor:     0.0
Alpha js:         [0.0, 0.0, 0.0, 0.0, 0.0, 0.0, 0.0, 0.0, 0.0, 0.0, 0.0, 0.0, 0.0, 0.0, 0.0, 0.0, 0.0, 0.0, 0.0, 0.0, 0.0, 0.0, 0.0, 0.0, 0.0, 0.0, 0.0, 0.0, 0.0, 0.0, 0.0, 0.0, 0.0, 0.0, 0.0, 0.0, 0.0, 0.0, 0.0, 0.0, 0.0, 0.0, 0.0, 0.0, 0.0, 0.0, 0.0, 0.0, 0.0, 0.0]
Cost scaling:     0.01

Neural network architecture:
  Hidden layers:  4
  Width:          1000
  Activation:     elu

Optimization parameters:
  Start factor:   1.0
  Lower factor:   0.5
  Upper factor:   1.5
  Sim runs:       10
  Sim horizon:    5000
  Epsilons:       [-1.25, -2.5, -5.0, -7.5, -10.0, -12.5, -15.0, -20.0, -25.0, -30.0, -40.0, -50.0, -75.0, -100.0]
============================================================

Gradient network G (∇V):
Chain(
  Dense(50 => 1000, elu),               # 51_000 parameters
  Dense(1000 => 1000, elu),             # 1_001_000 parameters
  Dense(1000 => 1000, elu),             # 1_001_000 parameters
  Dense(1000 => 1000, elu),             # 1_001_000 parameters
  Dense(1000 => 50),                    # 50_050 parameters
)                   # Total: 10 arrays, 3_104_050 parameters, 1.562 KiB.

Value network H (V):
Chain(
  Dense(50 => 1000, elu),               # 51_000 parameters
  Dense(1000 => 1000, elu),             # 1_001_000 parameters
  Dense(1000 => 1000, elu),             # 1_001_000 parameters
  Dense(1000 => 1000, elu),             # 1_001_000 parameters
  Dense(1000 => 1),                     # 1_001 parameters
)                   # Total: 10 arrays, 3_055_001 parameters, 1.562 KiB.


============================================================
Starting neural network training...
============================================================

Starting training with steady-state sampler:
-----------------------------------------
Epoch: 1; Penalty β updated to: 1.0
-----------------------------------------
─── Device check ───
  x_tn: CuArray{Float32} (50, 100, 5000)
  dB: CuArray{Float32} (50, 100, 5000)
  dU: CuArray{Float32} (50, 100, 5000)
  exponentials: CuArray{Float32} (1, 100)
  loss_dB: CuArray{Float32} (1, 5000)
  loss_df: CuArray{Float32} (1, 5000)
  loss_dU: CuArray{Float32} (1, 5000)
  H_x0: CuArray{Float32} (1, 5000)
  H_xT: CuArray{Float32} (1, 5000)
  penalties: CuArray{Float32} (1, 5000)
────────────────────
Epoch: 1; Computation time: 68.008745327; Current value of V(0): 0.0
Lagrangian objective: 136455.56; Average H(x0): 0.0; Quantile-hedge α(β): 50.6
Simulation time per epoch: 11.718381796; Gradient computation time: 43.371458446; Testing time: 12.00684021
Epoch: 1000; Computation time: 406.554698367; Current value of V(0): 1.4011296875e6
Lagrangian objective: -40639.25; Average H(x0): 79434.57; Quantile-hedge α(β): 0.0
Simulation time per epoch: 0.073736752; Gradient computation time: 0.181496676; Testing time: 0.083447512
Epoch: 2000; Computation time: 745.08766609; Current value of V(0): 2.1775416015625e6
Lagrangian objective: -40609.176; Average H(x0): 80617.8; Quantile-hedge α(β): 0.0
Simulation time per epoch: 0.073013037; Gradient computation time: 0.180897031; Testing time: 0.083040592
-----------------------------------------
Epoch: 2500; Penalty β updated to: 10.0
-----------------------------------------
Epoch: 3000; Computation time: 1083.919954673; Current value of V(0): 438412.01171875
Lagrangian objective: -4633.1943; Average H(x0): 8756.912; Quantile-hedge α(β): 0.060000000000004494
Simulation time per epoch: 0.073514381; Gradient computation time: 0.181802732; Testing time: 0.083317245
Epoch: 4000; Computation time: 1422.724736521; Current value of V(0): 444275.29296875
Lagrangian objective: -4665.4126; Average H(x0): 8813.275; Quantile-hedge α(β): 0.019999999999997797
Simulation time per epoch: 0.073781298; Gradient computation time: 0.180620996; Testing time: 0.083046778
-----------------------------------------
Epoch: 5000; Penalty β updated to: 100.0
-----------------------------------------
Epoch: 5000; Computation time: 1761.496757445; Current value of V(0): 445417.48046875
Lagrangian objective: 33148.863; Average H(x0): 8776.386; Quantile-hedge α(β): 0.0
Simulation time per epoch: 0.073767072; Gradient computation time: 0.181279659; Testing time: 0.083177642
Epoch: 6000; Computation time: 2100.158309476; Current value of V(0): -52968.93310546875
Lagrangian objective: -1066.2388; Average H(x0): 1566.8613; Quantile-hedge α(β): 4.5000000000000036
Simulation time per epoch: 0.073675606; Gradient computation time: 0.181030826; Testing time: 0.083103609
Epoch: 7000; Computation time: 2438.404416193; Current value of V(0): -52702.9541015625
Lagrangian objective: -1064.5403; Average H(x0): 1572.2961; Quantile-hedge α(β): 3.0200000000000005
Simulation time per epoch: 0.07389706; Gradient computation time: 0.181206084; Testing time: 0.083152223
-----------------------------------------
Epoch: 7500; Penalty β updated to: 1000.0
-----------------------------------------
Epoch: 8000; Computation time: 2776.96557251; Current value of V(0): -67002.11181640625
Lagrangian objective: -557.5874; Average H(x0): 722.2789; Quantile-hedge α(β): 52.22
Simulation time per epoch: 0.073878421; Gradient computation time: 0.181164676; Testing time: 0.083160383
Epoch: 9000; Computation time: 3115.329956684; Current value of V(0): -60478.0029296875
Lagrangian objective: -648.3112; Average H(x0): 760.62244; Quantile-hedge α(β): 46.9
Simulation time per epoch: 0.073917472; Gradient computation time: 0.181440687; Testing time: 0.083170465
-----------------------------------------
Epoch: 10000; Penalty β updated to: 10000.0
-----------------------------------------
Epoch: 10000; Computation time: 3453.679996292; Current value of V(0): -84969.88525390625
Lagrangian objective: 238.3932; Average H(x0): 758.2917; Quantile-hedge α(β): 47.12
Simulation time per epoch: 0.073763638; Gradient computation time: 0.182882853; Testing time: 0.083075787
Epoch: 11000; Computation time: 3792.029285249; Current value of V(0): -194129.4677734375
Lagrangian objective: 1123.0409; Average H(x0): -1109.4382; Quantile-hedge α(β): 99.88
Simulation time per epoch: 0.073891256; Gradient computation time: 0.181434572; Testing time: 0.083138287
Epoch: 12000; Computation time: 4130.533093836; Current value of V(0): -76151.3671875
Lagrangian objective: -497.40936; Average H(x0): 547.2314; Quantile-hedge α(β): 89.66
Simulation time per epoch: 0.073928429; Gradient computation time: 0.180929354; Testing time: 0.083063098
Epoch: 13000; Computation time: 4469.063144821; Current value of V(0): -314062.1826171875
Lagrangian objective: 4715.7153; Average H(x0): -2776.5715; Quantile-hedge α(β): 99.52
Simulation time per epoch: 0.073882045; Gradient computation time: 0.18097314; Testing time: 0.083142796
Epoch: 14000; Computation time: 4807.63040323; Current value of V(0): -85649.96337890625
Lagrangian objective: -399.1967; Average H(x0): 542.5889; Quantile-hedge α(β): 85.46000000000001
Simulation time per epoch: 0.073737307; Gradient computation time: 0.181517973; Testing time: 0.08325939
Epoch: 15000; Computation time: 5146.082740335; Current value of V(0): -245774.4873046875
Lagrangian objective: 1891.4386; Average H(x0): -1847.1604; Quantile-hedge α(β): 99.68
Simulation time per epoch: 0.073910263; Gradient computation time: 0.181224402; Testing time: 0.083146165
Epoch: 16000; Computation time: 5484.499318414; Current value of V(0): -85245.60546875
Lagrangian objective: -544.3093; Average H(x0): 591.6474; Quantile-hedge α(β): 86.14
Simulation time per epoch: 0.073921183; Gradient computation time: 0.181907657; Testing time: 0.083196564
Epoch: 17000; Computation time: 5822.899425688; Current value of V(0): -82756.89086914062
Lagrangian objective: -531.9942; Average H(x0): 584.18243; Quantile-hedge α(β): 86.66
Simulation time per epoch: 0.073913822; Gradient computation time: 0.181456524; Testing time: 0.083142742
Epoch: 18000; Computation time: 6161.280074422; Current value of V(0): -130843.68896484375
Lagrangian objective: -11.003765; Average H(x0): 20.844389; Quantile-hedge α(β): 98.86
Simulation time per epoch: 0.073922032; Gradient computation time: 0.181166111; Testing time: 0.083148528
Epoch: 19000; Computation time: 6499.644674895; Current value of V(0): -83604.70581054688
Lagrangian objective: -546.162; Average H(x0): 573.2044; Quantile-hedge α(β): 89.8
Simulation time per epoch: 0.073888915; Gradient computation time: 0.1814544; Testing time: 0.083200319
-----------------------------------------
Epoch: 20000; Penalty β updated to: 100000.0
-----------------------------------------
Epoch: 20000; Computation time: 6838.032958395; Current value of V(0): -202264.55078125
Lagrangian objective: 1322.5519; Average H(x0): -1181.0677; Quantile-hedge α(β): 99.66000000000001
Simulation time per epoch: 0.073701341; Gradient computation time: 0.18143529; Testing time: 0.083172964
Epoch: 21000; Computation time: 7176.396695962; Current value of V(0): -173464.4775390625
Lagrangian objective: 749.5967; Average H(x0): -749.5967; Quantile-hedge α(β): 100.0
Simulation time per epoch: 0.073916613; Gradient computation time: 0.181284331; Testing time: 0.083149022
Epoch: 22000; Computation time: 7514.784016409; Current value of V(0): -143563.818359375
Lagrangian objective: 318.11282; Average H(x0): -318.04935; Quantile-hedge α(β): 99.98
Simulation time per epoch: 0.073934638; Gradient computation time: 0.18114599; Testing time: 0.083170327
Epoch: 23000; Computation time: 7853.16848918; Current value of V(0): -94554.51049804688
Lagrangian objective: -364.8445; Average H(x0): 373.4716; Quantile-hedge α(β): 99.7
Simulation time per epoch: 0.073927914; Gradient computation time: 0.181407874; Testing time: 0.083072602
Epoch: 24000; Computation time: 8191.571339301; Current value of V(0): -88591.83959960938
Lagrangian objective: -429.9659; Average H(x0): 451.05664; Quantile-hedge α(β): 98.64
Simulation time per epoch: 0.073913424; Gradient computation time: 0.181190274; Testing time: 0.083173231
Epoch: 25000; Computation time: 8529.989480522; Current value of V(0): -116098.2177734375
Lagrangian objective: -64.848885; Average H(x0): 65.55318; Quantile-hedge α(β): 99.94
Simulation time per epoch: 0.073993783; Gradient computation time: 0.181157643; Testing time: 0.083219004
Epoch: 26000; Computation time: 8868.402199021; Current value of V(0): -86556.33544921875
Lagrangian objective: -468.1632; Average H(x0): 490.6097; Quantile-hedge α(β): 98.6
Simulation time per epoch: 0.073893007; Gradient computation time: 0.181243888; Testing time: 0.083158852
Epoch: 27000; Computation time: 9206.829032794; Current value of V(0): -86013.81225585938
Lagrangian objective: -466.9002; Average H(x0): 488.3887; Quantile-hedge α(β): 98.76
Simulation time per epoch: 0.073899805; Gradient computation time: 0.181164879; Testing time: 0.08318367
Epoch: 28000; Computation time: 9544.813797754; Current value of V(0): -101867.26684570312
Lagrangian objective: -257.75296; Average H(x0): 262.3809; Quantile-hedge α(β): 99.9
Simulation time per epoch: 0.07395723; Gradient computation time: 0.18051633; Testing time: 0.082982811
Epoch: 29000; Computation time: 9882.539220001; Current value of V(0): -101885.986328125
Lagrangian objective: -242.04366; Average H(x0): 242.0906; Quantile-hedge α(β): 99.96000000000001
Simulation time per epoch: 0.073944738; Gradient computation time: 0.180639692; Testing time: 0.082967351
Epoch: 30000; Computation time: 10220.363281801; Current value of V(0): -86659.93041992188
Lagrangian objective: -461.11084; Average H(x0): 471.1115; Quantile-hedge α(β): 99.16
Simulation time per epoch: 0.073936707; Gradient computation time: 0.181048638; Testing time: 0.083077177
Epoch: 31000; Computation time: 10558.165638878; Current value of V(0): -85098.73657226562
Lagrangian objective: -475.995; Average H(x0): 495.35986; Quantile-hedge α(β): 98.8
Simulation time per epoch: 0.073919783; Gradient computation time: 0.180953507; Testing time: 0.082973955
Epoch: 32000; Computation time: 10895.799281831; Current value of V(0): -85421.07543945312
Lagrangian objective: -476.6064; Average H(x0): 493.96326; Quantile-hedge α(β): 98.36
Simulation time per epoch: 0.07394866; Gradient computation time: 0.180787297; Testing time: 0.082911105
Epoch: 33000; Computation time: 11233.419430513; Current value of V(0): -84470.42236328125
Lagrangian objective: -484.4499; Average H(x0): 507.7342; Quantile-hedge α(β): 98.26
Simulation time per epoch: 0.073944344; Gradient computation time: 0.180880392; Testing time: 0.083003757
Epoch: 34000; Computation time: 11571.134989664; Current value of V(0): -85970.25756835938
Lagrangian objective: -458.22824; Average H(x0): 485.60455; Quantile-hedge α(β): 97.98
Simulation time per epoch: 0.073952948; Gradient computation time: 0.180908761; Testing time: 0.083012446
Epoch: 35000; Computation time: 11908.771344872; Current value of V(0): -84388.11645507812
Lagrangian objective: -488.4856; Average H(x0): 510.01935; Quantile-hedge α(β): 97.94
Simulation time per epoch: 0.073949461; Gradient computation time: 0.181009527; Testing time: 0.083061334
Epoch: 36000; Computation time: 12246.487243936; Current value of V(0): -84187.11547851562
Lagrangian objective: -454.5141; Average H(x0): 511.8716; Quantile-hedge α(β): 97.66
Simulation time per epoch: 0.07392228; Gradient computation time: 0.181002669; Testing time: 0.082981529
Epoch: 37000; Computation time: 12584.078272095; Current value of V(0): -84625.537109375
Lagrangian objective: -458.5846; Average H(x0): 504.0201; Quantile-hedge α(β): 97.42
Simulation time per epoch: 0.07397067; Gradient computation time: 0.18075779; Testing time: 0.083008434
Epoch: 38000; Computation time: 12921.792593821; Current value of V(0): -83521.728515625
Lagrangian objective: -502.0913; Average H(x0): 519.7963; Quantile-hedge α(β): 97.96000000000001
Simulation time per epoch: 0.073975304; Gradient computation time: 0.18070102; Testing time: 0.08290033
Epoch: 39000; Computation time: 13259.443799222; Current value of V(0): -83636.50512695312
Lagrangian objective: -480.00174; Average H(x0): 519.0901; Quantile-hedge α(β): 97.66
Simulation time per epoch: 0.073996388; Gradient computation time: 0.180796773; Testing time: 0.082914653
Epoch: 40000; Computation time: 13597.081070509; Current value of V(0): -84610.23559570312
Lagrangian objective: -480.9754; Average H(x0): 502.4215; Quantile-hedge α(β): 97.98
Simulation time per epoch: 0.073945347; Gradient computation time: 0.180691421; Testing time: 0.082912032

Training completed in 13597.081189383 seconds
Final V(0): -84606.45751953125

============================================================
Running policy evaluation...
============================================================


============================================================
INVENTORY PROBLEM (unscaled, weekly)
============================================================
Dimension:       50
Discount factor: 0.9990389236684376
Fixed cost:      50.0
Variable costs:  [0.1, 0.1, 0.1, 0.1, 0.1, 0.1, 0.1, 0.1, 0.1, 0.1, 0.1, 0.1, 0.1, 0.1, 0.1, 0.2, 0.2, 0.2, 0.2, 0.2, 0.2, 0.2, 0.2, 0.2, 0.2, 0.2, 0.2, 0.2, 0.2, 0.2, 0.4, 0.4, 0.4, 0.4, 0.4, 0.4, 0.4, 0.4, 0.4, 0.4, 0.4, 0.4, 0.4, 0.4, 0.4, 0.4, 0.4, 0.4, 0.4, 0.4]
Holding costs:   [0.019230769230769232, 0.019230769230769232, 0.019230769230769232, 0.019230769230769232, 0.019230769230769232, 0.019230769230769232, 0.019230769230769232, 0.019230769230769232, 0.019230769230769232, 0.019230769230769232, 0.019230769230769232, 0.019230769230769232, 0.019230769230769232, 0.019230769230769232, 0.019230769230769232, 0.038461538461538464, 0.038461538461538464, 0.038461538461538464, 0.038461538461538464, 0.038461538461538464, 0.038461538461538464, 0.038461538461538464, 0.038461538461538464, 0.038461538461538464, 0.038461538461538464, 0.038461538461538464, 0.038461538461538464, 0.038461538461538464, 0.038461538461538464, 0.038461538461538464, 0.07692307692307693, 0.07692307692307693, 0.07692307692307693, 0.07692307692307693, 0.07692307692307693, 0.07692307692307693, 0.07692307692307693, 0.07692307692307693, 0.07692307692307693, 0.07692307692307693, 0.07692307692307693, 0.07692307692307693, 0.07692307692307693, 0.07692307692307693, 0.07692307692307693, 0.07692307692307693, 0.07692307692307693, 0.07692307692307693, 0.07692307692307693, 0.07692307692307693]
Backlog costs:   [0.4807692307692308, 0.4807692307692308, 0.4807692307692308, 0.4807692307692308, 0.4807692307692308, 0.4807692307692308, 0.4807692307692308, 0.4807692307692308, 0.4807692307692308, 0.4807692307692308, 0.4807692307692308, 0.4807692307692308, 0.4807692307692308, 0.4807692307692308, 0.4807692307692308, 0.9615384615384616, 0.9615384615384616, 0.9615384615384616, 0.9615384615384616, 0.9615384615384616, 0.9615384615384616, 0.9615384615384616, 0.9615384615384616, 0.9615384615384616, 0.9615384615384616, 0.9615384615384616, 0.9615384615384616, 0.9615384615384616, 0.9615384615384616, 0.9615384615384616, 1.9230769230769231, 1.9230769230769231, 1.9230769230769231, 1.9230769230769231, 1.9230769230769231, 1.9230769230769231, 1.9230769230769231, 1.9230769230769231, 1.9230769230769231, 1.9230769230769231, 1.9230769230769231, 1.9230769230769231, 1.9230769230769231, 1.9230769230769231, 1.9230769230769231, 1.9230769230769231, 1.9230769230769231, 1.9230769230769231, 1.9230769230769231, 1.9230769230769231]
Demand dists:    DataType[Distributions.NegativeBinomial{Float64}, Distributions.NegativeBinomial{Float64}, Distributions.NegativeBinomial{Float64}, Distributions.NegativeBinomial{Float64}, Distributions.NegativeBinomial{Float64}, Distributions.NegativeBinomial{Float64}, Distributions.NegativeBinomial{Float64}, Distributions.NegativeBinomial{Float64}, Distributions.NegativeBinomial{Float64}, Distributions.NegativeBinomial{Float64}, Distributions.NegativeBinomial{Float64}, Distributions.NegativeBinomial{Float64}, Distributions.NegativeBinomial{Float64}, Distributions.NegativeBinomial{Float64}, Distributions.NegativeBinomial{Float64}, Distributions.NegativeBinomial{Float64}, Distributions.NegativeBinomial{Float64}, Distributions.NegativeBinomial{Float64}, Distributions.NegativeBinomial{Float64}, Distributions.NegativeBinomial{Float64}, Distributions.NegativeBinomial{Float64}, Distributions.NegativeBinomial{Float64}, Distributions.NegativeBinomial{Float64}, Distributions.NegativeBinomial{Float64}, Distributions.NegativeBinomial{Float64}, Distributions.NegativeBinomial{Float64}, Distributions.NegativeBinomial{Float64}, Distributions.NegativeBinomial{Float64}, Distributions.NegativeBinomial{Float64}, Distributions.NegativeBinomial{Float64}, Distributions.NegativeBinomial{Float64}, Distributions.NegativeBinomial{Float64}, Distributions.NegativeBinomial{Float64}, Distributions.NegativeBinomial{Float64}, Distributions.NegativeBinomial{Float64}, Distributions.NegativeBinomial{Float64}, Distributions.NegativeBinomial{Float64}, Distributions.NegativeBinomial{Float64}, Distributions.NegativeBinomial{Float64}, Distributions.NegativeBinomial{Float64}, Distributions.NegativeBinomial{Float64}, Distributions.NegativeBinomial{Float64}, Distributions.NegativeBinomial{Float64}, Distributions.NegativeBinomial{Float64}, Distributions.NegativeBinomial{Float64}, Distributions.NegativeBinomial{Float64}, Distributions.NegativeBinomial{Float64}, Distributions.NegativeBinomial{Float64}, Distributions.NegativeBinomial{Float64}, Distributions.NegativeBinomial{Float64}]
Demand means:    [0.9615384615384615, 0.9615384615384615, 0.9615384615384615, 0.9615384615384615, 0.9615384615384615, 0.9615384615384615, 0.9615384615384615, 0.9615384615384615, 0.9615384615384615, 0.9615384615384615, 0.9615384615384615, 0.9615384615384615, 0.9615384615384615, 0.9615384615384615, 0.9615384615384615, 0.4807692307692307, 0.4807692307692307, 0.4807692307692307, 0.4807692307692307, 0.4807692307692307, 0.4807692307692307, 0.4807692307692307, 0.4807692307692307, 0.4807692307692307, 0.4807692307692307, 0.4807692307692307, 0.4807692307692307, 0.4807692307692307, 0.4807692307692307, 0.4807692307692307, 0.2403846153846154, 0.2403846153846154, 0.2403846153846154, 0.2403846153846154, 0.2403846153846154, 0.2403846153846154, 0.2403846153846154, 0.2403846153846154, 0.2403846153846154, 0.2403846153846154, 0.2403846153846154, 0.2403846153846154, 0.2403846153846154, 0.2403846153846154, 0.2403846153846154, 0.2403846153846154, 0.2403846153846154, 0.2403846153846154, 0.2403846153846154, 0.2403846153846154]
============================================================

==================================================
Computing order-up-to vector via :solve_inf
==================================================

Method: solve_inf
Final objective: -463.63627571080855
z*: [5.0, 5.0, 5.516960564246274, 5.0, 7.0173311523953865, 7.211993066826367, 5.0, 5.0, 5.0, 5.0, 5.0, 5.562688195298958, 6.531490074510755, 5.0, 6.026146079616075, 3.0, 3.0, 3.148326177659261, 3.0, 3.0, 3.0, 3.0, 3.0, 3.2506066250439787, 3.0, 3.0, 3.0, 3.0, 3.0, 3.0, 2.0, 2.0, 2.0, 2.0, 2.0, 2.0, 2.0, 2.0, 2.0, 2.0, 2.0, 2.0, 2.0, 2.0, 2.0, 2.0, 2.0, 2.0, 2.0, 2.0]
Intervention value: -382.9275060274727

==================================================
Computing order-up-to vector via :find_stationary
==================================================
RUNNING THE L-BFGS-B CODE

           * * *

Machine precision = 2.220D-16
 N =           50     M =           10

At X0         0 variables are exactly at the bounds

At iterate    0    f= -5.95412D+01    |proj g|=  3.00000D+00

At iterate    1    f= -3.87136D+02    |proj g|=  2.37714D+00

At iterate    2    f= -4.12582D+02    |proj g|=  2.25278D+00

At iterate    3    f= -4.49758D+02    |proj g|=  2.17049D+00

At iterate    4    f= -4.54978D+02    |proj g|=  1.77645D+00

At iterate    5    f= -4.60784D+02    |proj g|=  1.12415D+00

At iterate    6    f= -4.63158D+02    |proj g|=  4.49067D-01

At iterate    7    f= -4.63405D+02    |proj g|=  3.27496D-01

At iterate    8    f= -4.63569D+02    |proj g|=  2.77136D-01

At iterate    9    f= -4.63605D+02    |proj g|=  1.42952D-01

At iterate   10    f= -4.63635D+02    |proj g|=  3.27427D-02

At iterate   11    f= -4.63636D+02    |proj g|=  2.79477D-02

At iterate   12    f= -4.63636D+02    |proj g|=  1.12840D-02

At iterate   13    f= -4.63636D+02    |proj g|=  4.09244D-03

           * * *

Tit   = total number of iterations
Tnf   = total number of function evaluations
Tnint = total number of segments explored during Cauchy searches
Skip  = number of BFGS updates skipped
Nact  = number of active bounds at final generalized Cauchy point
Projg = norm of the final projected gradient
F     = final function value

           * * *

   N    Tit     Tnf  Tnint  Skip  Nact     Projg        F
   50     13     14     50     0    42   4.092D-03  -4.636D+02
  F =  -463.63627571080855     

CONVERGENCE: NORM_OF_PROJECTED_GRADIENT_<=_PGTOL            

 Cauchy                time 0.000E+00 seconds.
 Subspace minimization time 0.000E+00 seconds.
 Line search           time 1.465E-02 seconds.

 Total User time 2.229E+00 seconds.

RUNNING THE L-BFGS-B CODE

           * * *

Machine precision = 2.220D-16
 N =           50     M =           10

At X0         0 variables are exactly at the bounds

At iterate    0    f=  1.43106D+00    |proj g|=  1.71510D-01

At iterate    1    f=  1.12316D+00    |proj g|=  1.26417D-01

At iterate    2    f=  6.03512D-01    |proj g|=  5.86419D-02

At iterate    3    f=  3.75291D-01    |proj g|=  3.18944D-02

At iterate    4    f=  2.19483D-01    |proj g|=  1.84386D-02

At iterate    5    f=  1.37893D-01    |proj g|=  9.89628D-03

At iterate    6    f=  4.23350D-02    |proj g|=  4.85470D-03

At iterate    7    f=  2.10470D-02    |proj g|=  2.37712D-03

At iterate    8    f=  1.43429D-02    |proj g|=  1.59103D-03

At iterate    9    f=  1.11719D-02    |proj g|=  7.42660D-04

At iterate   10    f=  8.80859D-03    |proj g|=  4.51007D-04

At iterate   11    f=  6.50464D-03    |proj g|=  2.12329D-04

At iterate   12    f=  5.98826D-03    |proj g|=  1.65734D-04

At iterate   13    f=  5.30493D-03    |proj g|=  1.48496D-04

At iterate   14    f=  4.62049D-03    |proj g|=  1.30909D-04

At iterate   15    f=  4.00145D-03    |proj g|=  1.22442D-04

At iterate   16    f=  3.55673D-03    |proj g|=  7.31743D-05

At iterate   17    f=  3.20277D-03    |proj g|=  6.04686D-05

At iterate   18    f=  3.03332D-03    |proj g|=  3.79920D-05

At iterate   19    f=  2.98225D-03    |proj g|=  3.87005D-05
  ys=-6.484E-07  -gs= 5.072E-05 BFGS update SKIPPED

At iterate   20    f=  2.81572D-03    |proj g|=  4.15621D-05
  ys=-1.072E-05  -gs= 1.602E-04 BFGS update SKIPPED

At iterate   21    f=  2.79026D-03    |proj g|=  2.71244D-05

At iterate   22    f=  2.73995D-03    |proj g|=  2.88357D-05

At iterate   23    f=  2.71377D-03    |proj g|=  1.37802D-05

At iterate   24    f=  2.70890D-03    |proj g|=  8.08526D-06

           * * *

Tit   = total number of iterations
Tnf   = total number of function evaluations
Tnint = total number of segments explored during Cauchy searches
Skip  = number of BFGS updates skipped
Nact  = number of active bounds at final generalized Cauchy point
Projg = norm of the final projected gradient
F     = final function value

           * * *

   N    Tit     Tnf  Tnint  Skip  Nact     Projg        F
   50     24     28     59     2    49   8.085D-06   2.709D-03

Method: find_stationary
Final residual: 0.052047081063694545
z*: [15.0, 15.0, 15.0, 5.0, 5.0, 15.0, 5.0, 15.0, 15.0, 5.0, 15.0, 15.0, 5.0, 11.159871903005365, 5.0, 9.0, 9.0, 3.0, 3.0, 9.0, 9.0, 9.0, 3.0, 9.0, 3.0, 3.0, 9.0, 9.0, 9.0, 9.0, 6.0, 6.0, 2.0, 6.0, 6.0, 2.0, 6.0, 2.0, 6.0, 6.0, 6.0, 6.0, 6.0, 6.0, 6.0, 2.0, 6.0, 6.0, 6.0, 6.0]
Intervention value: -1102.383854818192

==================================================
Summary:
  solve_inf:       z* = [5, 5, 6, 5, 7, 7, 5, 5, 5, 5, 5, 6, 7, 5, 6, 3, 3, 3, 3, 3, 3, 3, 3, 3, 3, 3, 3, 3, 3, 3, 2, 2, 2, 2, 2, 2, 2, 2, 2, 2, 2, 2, 2, 2, 2, 2, 2, 2, 2, 2]
  find_stationary: z* = [15, 15, 15, 5, 5, 15, 5, 15, 15, 5, 15, 15, 5, 11, 5, 9, 9, 3, 3, 9, 9, 9, 3, 9, 3, 3, 9, 9, 9, 9, 6, 6, 2, 6, 6, 2, 6, 2, 6, 6, 6, 6, 6, 6, 6, 2, 6, 6, 6, 6]
==================================================

============================================================
Evaluating method: solve_inf
============================================================

----------------------------------------
Evaluating ε = -1.25
----------------------------------------
Mean cost: 76460.71027330641 ± 331.38462541607953
  Inventory costs: 27870.26086629379
  Variable costs:  4988.163471986843
  Fixed costs:     43602.2859350258
  Simulation time: 460.5s

----------------------------------------
Evaluating ε = -2.5
----------------------------------------
Mean cost: 76217.05356318966 ± 256.2852903815082
  Inventory costs: 28165.34407367705
  Variable costs:  4989.858810480704
  Fixed costs:     43061.85067903214
  Simulation time: 442.4s

----------------------------------------
Evaluating ε = -5.0
----------------------------------------
Mean cost: 76385.45618938307 ± 304.04055410430993
  Inventory costs: 28997.514542793284
  Variable costs:  4925.452056575888
  Fixed costs:     42462.48959001394
  Simulation time: 437.8s

----------------------------------------
Evaluating ε = -7.5
----------------------------------------
Mean cost: 77220.81135660748 ± 344.8982909986036
  Inventory costs: 30798.242724636726
  Variable costs:  4997.574301624243
  Fixed costs:     41424.99433034654
  Simulation time: 439.1s

----------------------------------------
Evaluating ε = -10.0
----------------------------------------
Mean cost: 77775.04140500832 ± 424.7751106580856
  Inventory costs: 32254.864877622917
  Variable costs:  4991.710299404403
  Fixed costs:     40528.46622798104
  Simulation time: 439.2s

----------------------------------------
Evaluating ε = -12.5
----------------------------------------
Mean cost: 78373.32167509793 ± 314.6548658207623
  Inventory costs: 33500.96513431211
  Variable costs:  5002.373323542679
  Fixed costs:     39869.98321724322
  Simulation time: 439.9s

----------------------------------------
Evaluating ε = -15.0
----------------------------------------
Mean cost: 80145.65567757332 ± 396.25614164040826
  Inventory costs: 37073.51036644563
  Variable costs:  5006.327460009849
  Fixed costs:     38065.81785111788
  Simulation time: 443.6s

----------------------------------------
Evaluating ε = -20.0
----------------------------------------
Mean cost: 80076.49210079557 ± 437.5506451080646
  Inventory costs: 39193.32793156347
  Variable costs:  4970.637451244578
  Fixed costs:     35912.526717987574
  Simulation time: 441.6s

----------------------------------------
Evaluating ε = -25.0
----------------------------------------
Mean cost: 83402.64337591853 ± 668.1814160250912
  Inventory costs: 46855.941189921294
  Variable costs:  4980.58343953965
  Fixed costs:     31566.118746457396
  Simulation time: 440.2s

----------------------------------------
Evaluating ε = -30.0
----------------------------------------
Mean cost: 85540.7798725534 ± 396.73093253582
  Inventory costs: 51677.642570028744
  Variable costs:  4984.140980574559
  Fixed costs:     28878.996321950173
  Simulation time: 439.7s

----------------------------------------
Evaluating ε = -40.0
----------------------------------------
Mean cost: 93233.14497247929 ± 791.9519525109326
  Inventory costs: 64908.39160824142
  Variable costs:  5038.048908046155
  Fixed costs:     23286.70445619178
  Simulation time: 440.4s

----------------------------------------
Evaluating ε = -50.0
----------------------------------------
Mean cost: 102803.1793726137 ± 989.8628699912606
  Inventory costs: 78148.17590956007
  Variable costs:  4935.8813255892555
  Fixed costs:     19719.1221374643
  Simulation time: 440.2s

----------------------------------------
Evaluating ε = -75.0
----------------------------------------
Mean cost: 134110.4545601641 ± 1072.132695284124
  Inventory costs: 115607.1263568087
  Variable costs:  5048.418485297737
  Fixed costs:     13454.909718057665
  Simulation time: 435.8s

----------------------------------------
Evaluating ε = -100.0
----------------------------------------
Mean cost: 167324.74489100924 ± 1442.294038471677
  Inventory costs: 151816.10680540078
  Variable costs:  4953.383968735727
  Fixed costs:     10555.254116872526
  Simulation time: 440.5s

==================================================
Best epsilon: -2.5 with cost: 76217.05356318966 ± 256.2852903815082
==================================================

============================================================
Evaluating method: find_stationary
============================================================

----------------------------------------
Evaluating ε = -1.25
----------------------------------------
Mean cost: 56195.04396116697 ± 223.45129119885536
  Inventory costs: 33556.448809432055
  Variable costs:  5029.46262089875
  Fixed costs:     17609.13253083624
  Simulation time: 442.9s

----------------------------------------
Evaluating ε = -2.5
----------------------------------------
Mean cost: 55480.86085253615 ± 472.24973670881803
  Inventory costs: 34233.44031079399
  Variable costs:  5071.232746814376
  Fixed costs:     16176.187794927871
  Simulation time: 437.7s

----------------------------------------
Evaluating ε = -5.0
----------------------------------------
Mean cost: 55706.81361487453 ± 315.8121238371812
  Inventory costs: 36858.86411975541
  Variable costs:  5053.580337549334
  Fixed costs:     13794.369157569803
  Simulation time: 440.9s

----------------------------------------
Evaluating ε = -7.5
----------------------------------------
Mean cost: 56215.4791854403 ± 421.2186409902254
  Inventory costs: 39379.23204545304
  Variable costs:  4997.665524320973
  Fixed costs:     11838.581615666299
  Simulation time: 442.1s

----------------------------------------
Evaluating ε = -10.0
----------------------------------------
Mean cost: 58054.79815812898 ± 331.11030575002826
  Inventory costs: 42392.96079032972
  Variable costs:  5017.741301713979
  Fixed costs:     10644.09606608525
  Simulation time: 440.0s

----------------------------------------
Evaluating ε = -12.5
----------------------------------------
Mean cost: 60346.068547261835 ± 478.904410637844
  Inventory costs: 45401.65930165919
  Variable costs:  5065.2046644856255
  Fixed costs:     9879.204581117043
  Simulation time: 445.0s

----------------------------------------
Evaluating ε = -15.0
----------------------------------------
Mean cost: 61504.71815698594 ± 444.8861058829678
  Inventory costs: 47792.547861331586
  Variable costs:  4953.108396651167
  Fixed costs:     8759.061899003154
  Simulation time: 438.8s

----------------------------------------
Evaluating ε = -20.0
----------------------------------------
Mean cost: 66944.48571084638 ± 412.30734790539077
  Inventory costs: 54304.43095702195
  Variable costs:  5031.853002827259
  Fixed costs:     7608.201750997201
  Simulation time: 471.1s

----------------------------------------
Evaluating ε = -25.0
----------------------------------------
Mean cost: 72668.70935424906 ± 552.932559488994
  Inventory costs: 61204.187596594646
  Variable costs:  4946.807763712354
  Fixed costs:     6517.71399394208
  Simulation time: 483.1s

----------------------------------------
Evaluating ε = -30.0
----------------------------------------
Mean cost: 79584.05675133306 ± 548.4379092029602
  Inventory costs: 68679.2275612918
  Variable costs:  5028.485022863985
  Fixed costs:     5876.344167177143
  Simulation time: 479.7s

----------------------------------------
Evaluating ε = -40.0
----------------------------------------
Mean cost: 91879.33901152326 ± 622.4943157409186
  Inventory costs: 82159.49907043284
  Variable costs:  4975.118846533047
  Fixed costs:     4744.72109455737
  Simulation time: 481.7s

----------------------------------------
Evaluating ε = -50.0
----------------------------------------
Mean cost: 105258.7857476342 ± 1190.0559364083738
  Inventory costs: 96259.14093936465
  Variable costs:  4988.311037899226
  Fixed costs:     4011.3337703703305
  Simulation time: 485.9s

----------------------------------------
Evaluating ε = -75.0
----------------------------------------
Mean cost: 139475.65492027526 ± 1123.054779866947
  Inventory costs: 131468.22978425544
  Variable costs:  5054.17627973942
  Fixed costs:     2953.2488562806525
  Simulation time: 487.2s

----------------------------------------
Evaluating ε = -100.0
----------------------------------------
Mean cost: 173599.17437177748 ± 2004.0331662819056
  Inventory costs: 166275.37309220587
  Variable costs:  4979.246219973619
  Fixed costs:     2344.555059598112
  Simulation time: 476.9s

==================================================
Best epsilon: -2.5 with cost: 55480.86085253615 ± 472.24973670881803
==================================================
Skipping save for solve_inf: existing cost 53425.0660414292 <= new cost 76217.05356318966
Skipping save for find_stationary: existing cost 51644.315428969276 <= new cost 55480.86085253615

============================================================
FINAL RESULTS SUMMARY
============================================================

Method: solve_inf
  Order-up-to vector: [5, 5, 6, 5, 7, 7, 5, 5, 5, 5, 5, 6, 7, 5, 6, 3, 3, 3, 3, 3, 3, 3, 3, 3, 3, 3, 3, 3, 3, 3, 2, 2, 2, 2, 2, 2, 2, 2, 2, 2, 2, 2, 2, 2, 2, 2, 2, 2, 2, 2]
  Best epsilon: -2.5
  Best cost: 76217.05356318966 ± 256.2852903815082

Method: find_stationary
  Order-up-to vector: [15, 15, 15, 5, 5, 15, 5, 15, 15, 5, 15, 15, 5, 11, 5, 9, 9, 3, 3, 9, 9, 9, 3, 9, 3, 3, 9, 9, 9, 9, 6, 6, 2, 6, 6, 2, 6, 2, 6, 6, 6, 6, 6, 6, 6, 2, 6, 6, 6, 6]
  Best epsilon: -2.5
  Best cost: 55480.86085253615 ± 472.24973670881803

============================================================
Complete! Per-method results saved to:
  output/nn_training/results_50D_CaseHL_solve_inf.json
  output/nn_training/results_50D_CaseHL_find_stationary.json
============================================================

  Activating project at `~/DeepSJRP`
[ Info:  started timer at: 2026-04-28T14:47:48.276
┌ Warning: Layer with Float32 parameters got Float64 input.
│   The input will be converted, but any earlier layers may be very slow.
│   layer = Dense(50 => 1000, elu)  # 51_000 parameters
│   summary(x) = "50-element Vector{Float64}"
└ @ Flux ~/.julia/packages/Flux/DZYiO/src/layers/stateless.jl:60
  F =   2.7088986472507915E-003

CONVERGENCE: NORM_OF_PROJECTED_GRADIENT_<=_PGTOL            

 Cauchy                time 0.000E+00 seconds.
 Subspace minimization time 0.000E+00 seconds.
 Line search           time 6.836E-02 seconds.

 Total User time 3.340E-01 seconds.

