
============================================================
DeepSJRP - Stochastic Joint Replenishment Problem Solver
============================================================
Instance: 50D_CaseLH
Options: Dict{Symbol, Any}(:beta_override => 1.0e6, :alpha_override => nothing, :device => :gpu, :nu_override => 0.2, :T_override => 0.05, :seed => 777)
============================================================

Device: CUDA GPU
CUDA toolchain: 
- runtime 12.8, local installation
- driver 580.126.16 for 13.2
- compiler 12.9

CUDA libraries: 
- CUBLAS: 12.8.4
- CURAND: 10.3.9
- CUFFT: 11.3.3
- CUSOLVER: 11.7.3
- CUSPARSE: 12.5.8
- CUPTI: 2025.1.1 (API 12.8.0)
- NVML: 13.0.0+580.126.16

Julia packages: 
- CUDA: 5.11.0
- GPUArrays: 11.4.1
- GPUCompiler: 1.9.1
- KernelAbstractions: 0.9.41
- CUDA_Driver_jll: 13.2.0+0
- CUDA_Compiler_jll: 0.4.2+0
- CUDA_Runtime_jll: 0.21.0+0
- CUDA_Runtime_Discovery: 1.0.0

Toolchain:
- Julia: 1.11.7
- LLVM: 16.0.6

Preferences:
- CUDA_Runtime_jll.version: local

1 device:
  0: NVIDIA H100 80GB HBM3 (sm_90, 79.175 GiB / 79.647 GiB available)
BLAS threads: 1
Julia threads: 10

Benchmark source: QS

============================================================
IMPULSE CONTROL PROBLEM (scaled, annual)
============================================================
Instance: 50D_CaseLH
Dimension: 50
Interest rate: 0.05
Cost scaling κ: 0.01

Drift μ (annual demand rates): [50.0, 50.0, 50.0, 50.0, 50.0, 50.0, 50.0, 50.0, 50.0, 50.0, 50.0, 50.0, 50.0, 50.0, 50.0, 25.0, 25.0, 25.0, 25.0, 25.0, 25.0, 25.0, 25.0, 25.0, 25.0, 25.0, 25.0, 25.0, 25.0, 25.0, 12.5, 12.5, 12.5, 12.5, 12.5, 12.5, 12.5, 12.5, 12.5, 12.5, 12.5, 12.5, 12.5, 12.5, 12.5, 12.5, 12.5, 12.5, 12.5, 12.5]
Covariance Σ diagonal: [50.0, 50.0, 50.0, 50.0, 50.0, 50.0, 50.0, 50.0, 50.0, 50.0, 50.0, 50.0, 50.0, 50.0, 50.0, 25.0, 25.0, 25.0, 25.0, 25.0, 25.0, 25.0, 25.0, 25.0, 25.0, 25.0, 25.0, 25.0, 25.0, 25.0, 12.5, 12.5, 12.5, 12.5, 12.5, 12.5, 12.5, 12.5, 12.5, 12.5, 12.5, 12.5, 12.5, 12.5, 12.5, 12.5, 12.5, 12.5, 12.5, 12.5]

Scaled costs (× κ = 0.01):
  Fixed cost K:    2.5
  Variable costs c: [0.001, 0.001, 0.001, 0.001, 0.001, 0.001, 0.001, 0.001, 0.001, 0.001, 0.001, 0.001, 0.001, 0.001, 0.001, 0.002, 0.002, 0.002, 0.002, 0.002, 0.002, 0.002, 0.002, 0.002, 0.002, 0.002, 0.002, 0.002, 0.002, 0.002, 0.004, 0.004, 0.004, 0.004, 0.004, 0.004, 0.004, 0.004, 0.004, 0.004, 0.004, 0.004, 0.004, 0.004, 0.004, 0.004, 0.004, 0.004, 0.004, 0.004]
  Holding costs h:  [0.01, 0.01, 0.01, 0.01, 0.01, 0.01, 0.01, 0.01, 0.01, 0.01, 0.01, 0.01, 0.01, 0.01, 0.01, 0.02, 0.02, 0.02, 0.02, 0.02, 0.02, 0.02, 0.02, 0.02, 0.02, 0.02, 0.02, 0.02, 0.02, 0.02, 0.04, 0.04, 0.04, 0.04, 0.04, 0.04, 0.04, 0.04, 0.04, 0.04, 0.04, 0.04, 0.04, 0.04, 0.04, 0.04, 0.04, 0.04, 0.04, 0.04]
  Penalty costs p:  [0.25, 0.25, 0.25, 0.25, 0.25, 0.25, 0.25, 0.25, 0.25, 0.25, 0.25, 0.25, 0.25, 0.25, 0.25, 0.5, 0.5, 0.5, 0.5, 0.5, 0.5, 0.5, 0.5, 0.5, 0.5, 0.5, 0.5, 0.5, 0.5, 0.5, 1.0, 1.0, 1.0, 1.0, 1.0, 1.0, 1.0, 1.0, 1.0, 1.0, 1.0, 1.0, 1.0, 1.0, 1.0, 1.0, 1.0, 1.0, 1.0, 1.0]

Original costs (unscaled):
  Fixed cost K:    250.0
  Variable costs c: [0.1, 0.1, 0.1, 0.1, 0.1, 0.1, 0.1, 0.1, 0.1, 0.1, 0.1, 0.1, 0.1, 0.1, 0.1, 0.2, 0.2, 0.2, 0.2, 0.2, 0.2, 0.2, 0.2, 0.2, 0.2, 0.2, 0.2, 0.2, 0.2, 0.2, 0.4, 0.4, 0.4, 0.4, 0.4, 0.4, 0.4, 0.4, 0.4, 0.4, 0.4, 0.4, 0.4, 0.4, 0.4, 0.4, 0.4, 0.4, 0.4, 0.4]
  Holding costs h:  [1.0, 1.0, 1.0, 1.0, 1.0, 1.0, 1.0, 1.0, 1.0, 1.0, 1.0, 1.0, 1.0, 1.0, 1.0, 2.0, 2.0, 2.0, 2.0, 2.0, 2.0, 2.0, 2.0, 2.0, 2.0, 2.0, 2.0, 2.0, 2.0, 2.0, 4.0, 4.0, 4.0, 4.0, 4.0, 4.0, 4.0, 4.0, 4.0, 4.0, 4.0, 4.0, 4.0, 4.0, 4.0, 4.0, 4.0, 4.0, 4.0, 4.0]
  Penalty costs p:  [25.0, 25.0, 25.0, 25.0, 25.0, 25.0, 25.0, 25.0, 25.0, 25.0, 25.0, 25.0, 25.0, 25.0, 25.0, 50.0, 50.0, 50.0, 50.0, 50.0, 50.0, 50.0, 50.0, 50.0, 50.0, 50.0, 50.0, 50.0, 50.0, 50.0, 100.0, 100.0, 100.0, 100.0, 100.0, 100.0, 100.0, 100.0, 100.0, 100.0, 100.0, 100.0, 100.0, 100.0, 100.0, 100.0, 100.0, 100.0, 100.0, 100.0]
============================================================

============================================================
TRAINING HYPERPARAMETERS
============================================================
Benchmark source: QS
Precision:        Float32
Batch size:       5000
Num intervals:    100
T horizon:        0.05
Num iterations:   40000
Learning rates:   [0.001, 0.0002, 0.0001, 1.0e-5, 1.0e-6]
LR steps:         [1, 5000, 10000, 20000, 30000]
Beta penalty:     [1.0, 10.0, 100.0, 1000.0, 10000.0, 1.0e6]
Penalty steps:    [1, 2500, 5000, 7500, 10000, 20000]
Lambda rate:      2.5618794920507937
S guess:          [[22.0, 22.0, 22.0, 22.0, 22.0, 22.0, 22.0, 22.0, 22.0, 22.0, 22.0, 22.0, 22.0, 22.0, 22.0, 12.0, 12.0, 12.0, 12.0, 12.0, 12.0, 12.0, 12.0, 12.0, 12.0, 12.0, 12.0, 12.0, 12.0, 12.0, 7.0, 7.0, 7.0, 7.0, 7.0, 7.0, 7.0, 7.0, 7.0, 7.0, 7.0, 7.0, 7.0, 7.0, 7.0, 7.0, 7.0, 7.0, 7.0, 7.0]]
Nu radius:        0.2
S distribution:   lognormal
Alpha factor:     0.0
Alpha js:         [0.0, 0.0, 0.0, 0.0, 0.0, 0.0, 0.0, 0.0, 0.0, 0.0, 0.0, 0.0, 0.0, 0.0, 0.0, 0.0, 0.0, 0.0, 0.0, 0.0, 0.0, 0.0, 0.0, 0.0, 0.0, 0.0, 0.0, 0.0, 0.0, 0.0, 0.0, 0.0, 0.0, 0.0, 0.0, 0.0, 0.0, 0.0, 0.0, 0.0, 0.0, 0.0, 0.0, 0.0, 0.0, 0.0, 0.0, 0.0, 0.0, 0.0]
Cost scaling:     0.01

Neural network architecture:
  Hidden layers:  4
  Width:          1000
  Activation:     elu

Optimization parameters:
  Start factor:   1.0
  Lower factor:   0.5
  Upper factor:   1.5
  Sim runs:       10
  Sim horizon:    5000
  Epsilons:       [-1.25, -2.5, -5.0, -7.5, -10.0, -12.5, -15.0, -20.0, -25.0, -30.0, -40.0, -50.0, -75.0, -100.0]
============================================================

Gradient network G (∇V):
Chain(
  Dense(50 => 1000, elu),               # 51_000 parameters
  Dense(1000 => 1000, elu),             # 1_001_000 parameters
  Dense(1000 => 1000, elu),             # 1_001_000 parameters
  Dense(1000 => 1000, elu),             # 1_001_000 parameters
  Dense(1000 => 50),                    # 50_050 parameters
)                   # Total: 10 arrays, 3_104_050 parameters, 1.562 KiB.

Value network H (V):
Chain(
  Dense(50 => 1000, elu),               # 51_000 parameters
  Dense(1000 => 1000, elu),             # 1_001_000 parameters
  Dense(1000 => 1000, elu),             # 1_001_000 parameters
  Dense(1000 => 1000, elu),             # 1_001_000 parameters
  Dense(1000 => 1),                     # 1_001 parameters
)                   # Total: 10 arrays, 3_055_001 parameters, 1.562 KiB.


============================================================
Starting neural network training...
============================================================

Starting training with steady-state sampler:
-----------------------------------------
Epoch: 1; Penalty β updated to: 1.0
-----------------------------------------
─── Device check ───
  x_tn: CuArray{Float32} (50, 100, 5000)
  dB: CuArray{Float32} (50, 100, 5000)
  dU: CuArray{Float32} (50, 100, 5000)
  exponentials: CuArray{Float32} (1, 100)
  loss_dB: CuArray{Float32} (1, 5000)
  loss_df: CuArray{Float32} (1, 5000)
  loss_dU: CuArray{Float32} (1, 5000)
  H_x0: CuArray{Float32} (1, 5000)
  H_xT: CuArray{Float32} (1, 5000)
  penalties: CuArray{Float32} (1, 5000)
────────────────────
Epoch: 1; Computation time: 56.124575422; Current value of V(0): 0.0
Lagrangian objective: 984.2105; Average H(x0): 0.0; Quantile-hedge α(β): 43.46
Simulation time per epoch: 10.226875039; Gradient computation time: 34.805782377; Testing time: 10.430431781
Epoch: 1000; Computation time: 393.608587734; Current value of V(0): 4.46446171875e6
Lagrangian objective: -41616.7; Average H(x0): 81758.82; Quantile-hedge α(β): 0.0
Simulation time per epoch: 0.074500687; Gradient computation time: 0.180203707; Testing time: 0.082891295
Epoch: 2000; Computation time: 731.130150818; Current value of V(0): 4.43651640625e6
Lagrangian objective: -41769.6; Average H(x0): 82037.29; Quantile-hedge α(β): 0.0
Simulation time per epoch: 0.074391289; Gradient computation time: 0.180343037; Testing time: 0.082931082
-----------------------------------------
Epoch: 2500; Penalty β updated to: 10.0
-----------------------------------------
Epoch: 3000; Computation time: 1068.756985198; Current value of V(0): 593765.380859375
Lagrangian objective: -5179.1357; Average H(x0): 9620.283; Quantile-hedge α(β): 3.6800000000000055
Simulation time per epoch: 0.074377985; Gradient computation time: 0.180355988; Testing time: 0.082938785
Epoch: 4000; Computation time: 1406.376982067; Current value of V(0): 592737.646484375
Lagrangian objective: -5179.2637; Average H(x0): 9553.777; Quantile-hedge α(β): 3.839999999999999
Simulation time per epoch: 0.074317145; Gradient computation time: 0.18039639; Testing time: 0.082929192
-----------------------------------------
Epoch: 5000; Penalty β updated to: 100.0
-----------------------------------------
Epoch: 5000; Computation time: 1744.008153345; Current value of V(0): 604326.07421875
Lagrangian objective: 35130.062; Average H(x0): 9669.654; Quantile-hedge α(β): 3.739999999999999
Simulation time per epoch: 0.074411195; Gradient computation time: 0.180393497; Testing time: 0.082943399
Epoch: 6000; Computation time: 2081.621633664; Current value of V(0): 120826.91650390625
Lagrangian objective: -1010.3622; Average H(x0): 1607.4532; Quantile-hedge α(β): 22.199999999999996
Simulation time per epoch: 0.074139215; Gradient computation time: 0.180549506; Testing time: 0.083207067
Epoch: 7000; Computation time: 2419.213576492; Current value of V(0): 130756.0302734375
Lagrangian objective: -1026.3694; Average H(x0): 1590.5348; Quantile-hedge α(β): 21.240000000000002
Simulation time per epoch: 0.074238164; Gradient computation time: 0.180122873; Testing time: 0.082991252
-----------------------------------------
Epoch: 7500; Penalty β updated to: 1000.0
-----------------------------------------
Epoch: 8000; Computation time: 2756.862392356; Current value of V(0): 48872.528076171875
Lagrangian objective: -436.8367; Average H(x0): 539.52594; Quantile-hedge α(β): 47.160000000000004
Simulation time per epoch: 0.074414052; Gradient computation time: 0.180579654; Testing time: 0.082896755
Epoch: 9000; Computation time: 3094.442082023; Current value of V(0): 50224.86572265625
Lagrangian objective: -450.6013; Average H(x0): 545.257; Quantile-hedge α(β): 43.48
Simulation time per epoch: 0.074522359; Gradient computation time: 0.180175554; Testing time: 0.082853911
-----------------------------------------
Epoch: 10000; Penalty β updated to: 10000.0
-----------------------------------------
Epoch: 10000; Computation time: 3432.005759091; Current value of V(0): 51022.08251953125
Lagrangian objective: 409.6088; Average H(x0): 547.2834; Quantile-hedge α(β): 42.66
Simulation time per epoch: 0.074461421; Gradient computation time: 0.180102301; Testing time: 0.082924225
Epoch: 11000; Computation time: 3769.567606824; Current value of V(0): 36593.02978515625
Lagrangian objective: -348.65945; Average H(x0): 379.47916; Quantile-hedge α(β): 74.48
Simulation time per epoch: 0.074383453; Gradient computation time: 0.180597418; Testing time: 0.082980394
Epoch: 12000; Computation time: 4107.111464838; Current value of V(0): 36537.13684082031
Lagrangian objective: -349.45157; Average H(x0): 378.8169; Quantile-hedge α(β): 78.38000000000001
Simulation time per epoch: 0.074286716; Gradient computation time: 0.180045589; Testing time: 0.082987524
Epoch: 13000; Computation time: 4444.684909217; Current value of V(0): 37043.182373046875
Lagrangian objective: -355.00906; Average H(x0): 384.11172; Quantile-hedge α(β): 74.24
Simulation time per epoch: 0.074419244; Gradient computation time: 0.180104; Testing time: 0.082884104
Epoch: 14000; Computation time: 4782.242013044; Current value of V(0): 36798.09265136719
Lagrangian objective: -355.47546; Average H(x0): 381.6603; Quantile-hedge α(β): 75.2
Simulation time per epoch: 0.074260754; Gradient computation time: 0.180103218; Testing time: 0.083038454
Epoch: 15000; Computation time: 5119.791139053; Current value of V(0): 37166.32080078125
Lagrangian objective: -355.70102; Average H(x0): 382.51215; Quantile-hedge α(β): 76.66
Simulation time per epoch: 0.07439059; Gradient computation time: 0.180178712; Testing time: 0.082913985
Epoch: 16000; Computation time: 5457.333906513; Current value of V(0): 37557.53479003906
Lagrangian objective: -344.40234; Average H(x0): 384.29736; Quantile-hedge α(β): 77.0
Simulation time per epoch: 0.074264105; Gradient computation time: 0.180676472; Testing time: 0.08299566
Epoch: 17000; Computation time: 5794.889303399; Current value of V(0): 37408.685302734375
Lagrangian objective: -363.5043; Average H(x0): 382.63916; Quantile-hedge α(β): 77.06
Simulation time per epoch: 0.074396347; Gradient computation time: 0.180089605; Testing time: 0.082990366
Epoch: 18000; Computation time: 6132.429357883; Current value of V(0): 37920.08056640625
Lagrangian objective: -363.2004; Average H(x0): 386.57352; Quantile-hedge α(β): 72.22
Simulation time per epoch: 0.07428617; Gradient computation time: 0.180027556; Testing time: 0.082974585
Epoch: 19000; Computation time: 6470.078828159; Current value of V(0): 37866.22009277344
Lagrangian objective: -363.96646; Average H(x0): 387.28104; Quantile-hedge α(β): 73.36
Simulation time per epoch: 0.07437877; Gradient computation time: 0.180410588; Testing time: 0.082834641
-----------------------------------------
Epoch: 20000; Penalty β updated to: 1.0e6
-----------------------------------------
Epoch: 20000; Computation time: 6807.673537112; Current value of V(0): 38448.22082519531
Lagrangian objective: 1863.4796; Average H(x0): 390.8719; Quantile-hedge α(β): 75.64
Simulation time per epoch: 0.074229173; Gradient computation time: 0.180085742; Testing time: 0.083035554
Epoch: 21000; Computation time: 7145.199903777; Current value of V(0): 31866.732788085938
Lagrangian objective: -308.76715; Average H(x0): 317.4779; Quantile-hedge α(β): 99.06
Simulation time per epoch: 0.074358596; Gradient computation time: 0.180046453; Testing time: 0.082853873
Epoch: 22000; Computation time: 7482.695504432; Current value of V(0): 31855.886840820312
Lagrangian objective: -312.52698; Average H(x0): 317.2478; Quantile-hedge α(β): 99.4
Simulation time per epoch: 0.074207324; Gradient computation time: 0.180219927; Testing time: 0.082917528
Epoch: 23000; Computation time: 7820.187563111; Current value of V(0): 31773.62060546875
Lagrangian objective: -303.909; Average H(x0): 316.46036; Quantile-hedge α(β): 99.58
Simulation time per epoch: 0.074426994; Gradient computation time: 0.180422299; Testing time: 0.082988723
Epoch: 24000; Computation time: 8157.662751604; Current value of V(0): 31577.169799804688
Lagrangian objective: -301.3077; Average H(x0): 314.26935; Quantile-hedge α(β): 99.26
Simulation time per epoch: 0.074214357; Gradient computation time: 0.179952644; Testing time: 0.083015882
Epoch: 25000; Computation time: 8495.116005908; Current value of V(0): 31433.4228515625
Lagrangian objective: -301.0862; Average H(x0): 313.2397; Quantile-hedge α(β): 98.83999999999999
Simulation time per epoch: 0.074389512; Gradient computation time: 0.180104813; Testing time: 0.082942755
Epoch: 26000; Computation time: 8832.568890937; Current value of V(0): 31340.969848632812
Lagrangian objective: -308.0046; Average H(x0): 312.20242; Quantile-hedge α(β): 99.46000000000001
Simulation time per epoch: 0.074264463; Gradient computation time: 0.18034879; Testing time: 0.083000522
Epoch: 27000; Computation time: 9170.032501093; Current value of V(0): 31882.562255859375
Lagrangian objective: -307.53275; Average H(x0): 318.39853; Quantile-hedge α(β): 98.96000000000001
Simulation time per epoch: 0.074397074; Gradient computation time: 0.180344604; Testing time: 0.082939335
Epoch: 28000; Computation time: 9507.552660329; Current value of V(0): 31613.336181640625
Lagrangian objective: -307.01224; Average H(x0): 315.3664; Quantile-hedge α(β): 99.26
Simulation time per epoch: 0.074196127; Gradient computation time: 0.180136828; Testing time: 0.082998788
Epoch: 29000; Computation time: 9845.01078323; Current value of V(0): 31704.428100585938
Lagrangian objective: -291.7758; Average H(x0): 315.899; Quantile-hedge α(β): 98.68
Simulation time per epoch: 0.074357497; Gradient computation time: 0.180061162; Testing time: 0.082862347
Epoch: 30000; Computation time: 10182.608423152; Current value of V(0): 31500.357055664062
Lagrangian objective: -308.01492; Average H(x0): 313.50806; Quantile-hedge α(β): 99.02
Simulation time per epoch: 0.07439511; Gradient computation time: 0.180148211; Testing time: 0.082891646
Epoch: 31000; Computation time: 10520.089324725; Current value of V(0): 32524.40185546875
Lagrangian objective: -318.3879; Average H(x0): 324.9001; Quantile-hedge α(β): 99.08
Simulation time per epoch: 0.07441938; Gradient computation time: 0.180191436; Testing time: 0.082943846
Epoch: 32000; Computation time: 10857.600877664; Current value of V(0): 32536.73095703125
Lagrangian objective: -316.00815; Average H(x0): 325.0614; Quantile-hedge α(β): 98.98
Simulation time per epoch: 0.074419606; Gradient computation time: 0.180327629; Testing time: 0.082892818
Epoch: 33000; Computation time: 11195.078693162; Current value of V(0): 32448.361206054688
Lagrangian objective: -311.1108; Average H(x0): 324.1891; Quantile-hedge α(β): 98.88
Simulation time per epoch: 0.074246945; Gradient computation time: 0.180038053; Testing time: 0.083024501
Epoch: 34000; Computation time: 11532.542529611; Current value of V(0): 32462.51220703125
Lagrangian objective: -317.09103; Average H(x0): 324.34238; Quantile-hedge α(β): 99.18
Simulation time per epoch: 0.074462497; Gradient computation time: 0.180164233; Testing time: 0.082919244
Epoch: 35000; Computation time: 11869.999419591; Current value of V(0): 32471.234130859375
Lagrangian objective: -315.2595; Average H(x0): 324.4097; Quantile-hedge α(β): 99.14
Simulation time per epoch: 0.074176617; Gradient computation time: 0.180539309; Testing time: 0.082906542
Epoch: 36000; Computation time: 12207.444238306; Current value of V(0): 32492.440795898438
Lagrangian objective: -315.51205; Average H(x0): 324.66885; Quantile-hedge α(β): 98.9
Simulation time per epoch: 0.074255122; Gradient computation time: 0.180114853; Testing time: 0.082863586
Epoch: 37000; Computation time: 12544.89821529; Current value of V(0): 32558.560180664062
Lagrangian objective: -320.41345; Average H(x0): 325.39624; Quantile-hedge α(β): 98.92
Simulation time per epoch: 0.074454665; Gradient computation time: 0.180267327; Testing time: 0.082862437
Epoch: 38000; Computation time: 12882.350641463; Current value of V(0): 32567.874145507812
Lagrangian objective: -313.5472; Average H(x0): 325.49173; Quantile-hedge α(β): 98.76
Simulation time per epoch: 0.074171768; Gradient computation time: 0.180557997; Testing time: 0.082990178
Epoch: 39000; Computation time: 13220.310647274; Current value of V(0): 32589.80712890625
Lagrangian objective: -290.12585; Average H(x0): 325.73846; Quantile-hedge α(β): 98.83999999999999
Simulation time per epoch: 0.074156809; Gradient computation time: 0.181273295; Testing time: 0.08342056
Epoch: 40000; Computation time: 13559.460052148; Current value of V(0): 32521.649169921875
Lagrangian objective: -316.1677; Average H(x0): 325.03558; Quantile-hedge α(β): 99.0
Simulation time per epoch: 0.074252781; Gradient computation time: 0.181580303; Testing time: 0.083459561

Training completed in 13559.460172122 seconds
Final V(0): 32521.652221679688

============================================================
Running policy evaluation...
============================================================


============================================================
INVENTORY PROBLEM (unscaled, weekly)
============================================================
Dimension:       50
Discount factor: 0.9990389236684376
Fixed cost:      250.0
Variable costs:  [0.1, 0.1, 0.1, 0.1, 0.1, 0.1, 0.1, 0.1, 0.1, 0.1, 0.1, 0.1, 0.1, 0.1, 0.1, 0.2, 0.2, 0.2, 0.2, 0.2, 0.2, 0.2, 0.2, 0.2, 0.2, 0.2, 0.2, 0.2, 0.2, 0.2, 0.4, 0.4, 0.4, 0.4, 0.4, 0.4, 0.4, 0.4, 0.4, 0.4, 0.4, 0.4, 0.4, 0.4, 0.4, 0.4, 0.4, 0.4, 0.4, 0.4]
Holding costs:   [0.019230769230769232, 0.019230769230769232, 0.019230769230769232, 0.019230769230769232, 0.019230769230769232, 0.019230769230769232, 0.019230769230769232, 0.019230769230769232, 0.019230769230769232, 0.019230769230769232, 0.019230769230769232, 0.019230769230769232, 0.019230769230769232, 0.019230769230769232, 0.019230769230769232, 0.038461538461538464, 0.038461538461538464, 0.038461538461538464, 0.038461538461538464, 0.038461538461538464, 0.038461538461538464, 0.038461538461538464, 0.038461538461538464, 0.038461538461538464, 0.038461538461538464, 0.038461538461538464, 0.038461538461538464, 0.038461538461538464, 0.038461538461538464, 0.038461538461538464, 0.07692307692307693, 0.07692307692307693, 0.07692307692307693, 0.07692307692307693, 0.07692307692307693, 0.07692307692307693, 0.07692307692307693, 0.07692307692307693, 0.07692307692307693, 0.07692307692307693, 0.07692307692307693, 0.07692307692307693, 0.07692307692307693, 0.07692307692307693, 0.07692307692307693, 0.07692307692307693, 0.07692307692307693, 0.07692307692307693, 0.07692307692307693, 0.07692307692307693]
Backlog costs:   [0.4807692307692308, 0.4807692307692308, 0.4807692307692308, 0.4807692307692308, 0.4807692307692308, 0.4807692307692308, 0.4807692307692308, 0.4807692307692308, 0.4807692307692308, 0.4807692307692308, 0.4807692307692308, 0.4807692307692308, 0.4807692307692308, 0.4807692307692308, 0.4807692307692308, 0.9615384615384616, 0.9615384615384616, 0.9615384615384616, 0.9615384615384616, 0.9615384615384616, 0.9615384615384616, 0.9615384615384616, 0.9615384615384616, 0.9615384615384616, 0.9615384615384616, 0.9615384615384616, 0.9615384615384616, 0.9615384615384616, 0.9615384615384616, 0.9615384615384616, 1.9230769230769231, 1.9230769230769231, 1.9230769230769231, 1.9230769230769231, 1.9230769230769231, 1.9230769230769231, 1.9230769230769231, 1.9230769230769231, 1.9230769230769231, 1.9230769230769231, 1.9230769230769231, 1.9230769230769231, 1.9230769230769231, 1.9230769230769231, 1.9230769230769231, 1.9230769230769231, 1.9230769230769231, 1.9230769230769231, 1.9230769230769231, 1.9230769230769231]
Demand dists:    DataType[Distributions.Poisson{Float64}, Distributions.Poisson{Float64}, Distributions.Poisson{Float64}, Distributions.Poisson{Float64}, Distributions.Poisson{Float64}, Distributions.Poisson{Float64}, Distributions.Poisson{Float64}, Distributions.Poisson{Float64}, Distributions.Poisson{Float64}, Distributions.Poisson{Float64}, Distributions.Poisson{Float64}, Distributions.Poisson{Float64}, Distributions.Poisson{Float64}, Distributions.Poisson{Float64}, Distributions.Poisson{Float64}, Distributions.Poisson{Float64}, Distributions.Poisson{Float64}, Distributions.Poisson{Float64}, Distributions.Poisson{Float64}, Distributions.Poisson{Float64}, Distributions.Poisson{Float64}, Distributions.Poisson{Float64}, Distributions.Poisson{Float64}, Distributions.Poisson{Float64}, Distributions.Poisson{Float64}, Distributions.Poisson{Float64}, Distributions.Poisson{Float64}, Distributions.Poisson{Float64}, Distributions.Poisson{Float64}, Distributions.Poisson{Float64}, Distributions.Poisson{Float64}, Distributions.Poisson{Float64}, Distributions.Poisson{Float64}, Distributions.Poisson{Float64}, Distributions.Poisson{Float64}, Distributions.Poisson{Float64}, Distributions.Poisson{Float64}, Distributions.Poisson{Float64}, Distributions.Poisson{Float64}, Distributions.Poisson{Float64}, Distributions.Poisson{Float64}, Distributions.Poisson{Float64}, Distributions.Poisson{Float64}, Distributions.Poisson{Float64}, Distributions.Poisson{Float64}, Distributions.Poisson{Float64}, Distributions.Poisson{Float64}, Distributions.Poisson{Float64}, Distributions.Poisson{Float64}, Distributions.Poisson{Float64}]
Demand means:    [0.9615384615384616, 0.9615384615384616, 0.9615384615384616, 0.9615384615384616, 0.9615384615384616, 0.9615384615384616, 0.9615384615384616, 0.9615384615384616, 0.9615384615384616, 0.9615384615384616, 0.9615384615384616, 0.9615384615384616, 0.9615384615384616, 0.9615384615384616, 0.9615384615384616, 0.4807692307692308, 0.4807692307692308, 0.4807692307692308, 0.4807692307692308, 0.4807692307692308, 0.4807692307692308, 0.4807692307692308, 0.4807692307692308, 0.4807692307692308, 0.4807692307692308, 0.4807692307692308, 0.4807692307692308, 0.4807692307692308, 0.4807692307692308, 0.4807692307692308, 0.2403846153846154, 0.2403846153846154, 0.2403846153846154, 0.2403846153846154, 0.2403846153846154, 0.2403846153846154, 0.2403846153846154, 0.2403846153846154, 0.2403846153846154, 0.2403846153846154, 0.2403846153846154, 0.2403846153846154, 0.2403846153846154, 0.2403846153846154, 0.2403846153846154, 0.2403846153846154, 0.2403846153846154, 0.2403846153846154, 0.2403846153846154, 0.2403846153846154]
============================================================

==================================================
Computing order-up-to vector via :solve_inf
==================================================

Method: solve_inf
Final objective: 324.2397766113281
z*: [22.0, 22.0, 22.0, 22.0, 22.0, 22.0, 22.0, 22.0, 22.0, 22.0, 22.0, 22.0, 22.0, 22.0, 22.0, 12.0, 12.0, 12.0, 12.0, 12.0, 12.0, 12.0, 12.0, 12.0, 12.0, 12.0, 12.0, 12.0, 12.0, 12.0, 7.0, 7.0, 7.0, 7.0, 7.0, 7.0, 7.0, 7.0, 7.0, 7.0, 7.0, 7.0, 7.0, 7.0, 7.0, 7.0, 7.0, 7.0, 7.0, 7.0]
Intervention value: -1.523223876953125

==================================================
Computing order-up-to vector via :find_stationary
==================================================

Method: find_stationary
Final residual: 0.019326503086668025
z*: [22.0, 22.0, 22.0, 22.0, 22.0, 22.0, 22.0, 22.0, 22.0, 22.0, 22.0, 22.0, 22.0, 22.0, 22.0, 12.0, 12.0, 12.0, 12.0, 12.0, 12.0, 12.0, 12.0, 12.0, 12.0, 12.0, 12.0, 12.0, 12.0, 12.0, 7.0, 7.0, 7.0, 7.0, 7.0, 7.0, 7.0, 7.0, 7.0, 7.0, 7.0, 7.0, 7.0, 7.0, 7.0, 7.0, 7.0, 7.0, 7.0, 7.0]
Intervention value: -1.523223876953125

==================================================
Summary:
  solve_inf:       z* = [22, 22, 22, 22, 22, 22, 22, 22, 22, 22, 22, 22, 22, 22, 22, 12, 12, 12, 12, 12, 12, 12, 12, 12, 12, 12, 12, 12, 12, 12, 7, 7, 7, 7, 7, 7, 7, 7, 7, 7, 7, 7, 7, 7, 7, 7, 7, 7, 7, 7]
  find_stationary: z* = [22, 22, 22, 22, 22, 22, 22, 22, 22, 22, 22, 22, 22, 22, 22, 12, 12, 12, 12, 12, 12, 12, 12, 12, 12, 12, 12, 12, 12, 12, 7, 7, 7, 7, 7, 7, 7, 7, 7, 7, 7, 7, 7, 7, 7, 7, 7, 7, 7, 7]
==================================================

============================================================
Evaluating method: solve_inf
============================================================

----------------------------------------
Evaluating ε = -1.25
----------------------------------------
Mean cost: 39521.82619664798 ± 95.74546175136712
  Inventory costs: 17540.57526576938
  Variable costs:  5045.551137832514
  Fixed costs:     16935.69979304616
  Simulation time: 551.3s

----------------------------------------
Evaluating ε = -2.5
----------------------------------------
Mean cost: 37919.13028950874 ± 103.18085226528136
  Inventory costs: 17552.122032369363
  Variable costs:  5052.4749859653975
  Fixed costs:     15314.533271173952
  Simulation time: 552.5s

----------------------------------------
Evaluating ε = -5.0
----------------------------------------
Mean cost: 36367.39782794597 ± 73.76866916159979
  Inventory costs: 18328.08830696022
  Variable costs:  5028.932252446319
  Fixed costs:     13010.37726853943
  Simulation time: 547.3s

----------------------------------------
Evaluating ε = -7.5
----------------------------------------
Mean cost: 36611.89520687708 ± 62.42991997246469
  Inventory costs: 19690.89511543941
  Variable costs:  5022.129211851904
  Fixed costs:     11898.870879585773
  Simulation time: 545.9s

----------------------------------------
Evaluating ε = -10.0
----------------------------------------
Mean cost: 37169.01942527427 ± 51.8853908501519
  Inventory costs: 20762.04073832665
  Variable costs:  5035.200566382809
  Fixed costs:     11371.778120564766
  Simulation time: 548.9s

----------------------------------------
Evaluating ε = -12.5
----------------------------------------
Mean cost: 38151.41342442573 ± 80.16451129025485
  Inventory costs: 22134.923240907494
  Variable costs:  5028.244003505808
  Fixed costs:     10988.246180012455
  Simulation time: 553.5s

----------------------------------------
Evaluating ε = -15.0
----------------------------------------
Mean cost: 38851.10326473795 ± 77.23797871919132
  Inventory costs: 23155.11368980578
  Variable costs:  5014.476612353263
  Fixed costs:     10681.512962578878
  Simulation time: 547.9s

----------------------------------------
Evaluating ε = -20.0
----------------------------------------
Mean cost: 40531.74975316979 ± 57.05283462627033
  Inventory costs: 25283.1004757092
  Variable costs:  5025.243281610439
  Fixed costs:     10223.405995850186
  Simulation time: 549.2s

----------------------------------------
Evaluating ε = -25.0
----------------------------------------
Mean cost: 42355.09838798789 ± 79.98361584654255
  Inventory costs: 27489.921213860507
  Variable costs:  5012.06686366848
  Fixed costs:     9853.110310458927
  Simulation time: 556.7s

----------------------------------------
Evaluating ε = -30.0
----------------------------------------
Mean cost: 44290.14375744844 ± 74.00069266288119
  Inventory costs: 29673.916261656363
  Variable costs:  5029.638271533909
  Fixed costs:     9586.589224258254
  Simulation time: 556.4s

----------------------------------------
Evaluating ε = -40.0
----------------------------------------
Mean cost: 48311.61374042508 ± 98.0680492641372
  Inventory costs: 34191.73277079019
  Variable costs:  5023.561528881621
  Fixed costs:     9096.319440753221
  Simulation time: 553.9s

----------------------------------------
Evaluating ε = -50.0
----------------------------------------
Mean cost: 52733.11647716535 ± 85.62692928002055
  Inventory costs: 39062.241559917886
  Variable costs:  5008.877092007582
  Fixed costs:     8661.997825239861
  Simulation time: 548.8s

----------------------------------------
Evaluating ε = -75.0
----------------------------------------
Mean cost: 64656.00147152071 ± 190.50144743406165
  Inventory costs: 51729.40580869704
  Variable costs:  5015.715182701848
  Fixed costs:     7910.880480121826
  Simulation time: 565.7s

----------------------------------------
Evaluating ε = -100.0
----------------------------------------
Mean cost: 78014.05515959812 ± 244.62787270215722
  Inventory costs: 65716.79309329603
  Variable costs:  5006.279828646897
  Fixed costs:     7290.982237655124
  Simulation time: 551.9s

==================================================
Best epsilon: -5.0 with cost: 36367.39782794597 ± 73.76866916159979
==================================================

============================================================
Evaluating method: find_stationary
============================================================

----------------------------------------
Evaluating ε = -1.25
----------------------------------------
Mean cost: 39499.887247151564 ± 109.10048045272642
  Inventory costs: 17520.610999806657
  Variable costs:  5059.552116639942
  Fixed costs:     16919.724130704963
  Simulation time: 554.7s

----------------------------------------
Evaluating ε = -2.5
----------------------------------------
Mean cost: 37735.442582078846 ± 90.19075985923234
  Inventory costs: 17494.099746124313
  Variable costs:  5038.346967628337
  Fixed costs:     15202.995868326161
  Simulation time: 544.0s

----------------------------------------
Evaluating ε = -5.0
----------------------------------------
Mean cost: 36552.039817205616 ± 88.73922060976102
  Inventory costs: 18341.718738526346
  Variable costs:  5047.717552959664
  Fixed costs:     13162.603525719594
  Simulation time: 547.9s

----------------------------------------
Evaluating ε = -7.5
----------------------------------------
Mean cost: 36724.95601622703 ± 37.96584575359962
  Inventory costs: 19723.352395559654
  Variable costs:  5031.789026462942
  Fixed costs:     11969.814594204368
  Simulation time: 562.6s

----------------------------------------
Evaluating ε = -10.0
----------------------------------------
Mean cost: 37193.157119130585 ± 99.50154822007366
  Inventory costs: 20855.1986130388
  Variable costs:  5022.4891089687535
  Fixed costs:     11315.46939712317
  Simulation time: 551.0s

----------------------------------------
Evaluating ε = -12.5
----------------------------------------
Mean cost: 38137.57993835308 ± 84.19985351169463
  Inventory costs: 22148.60831522528
  Variable costs:  5030.67858192009
  Fixed costs:     10958.293041207737
  Simulation time: 552.0s

----------------------------------------
Evaluating ε = -15.0
----------------------------------------
Mean cost: 38783.39650261101 ± 77.8861482523035
  Inventory costs: 23105.068428414175
  Variable costs:  5023.29225667995
  Fixed costs:     10655.035817516848
  Simulation time: 549.3s

----------------------------------------
Evaluating ε = -20.0
----------------------------------------
Mean cost: 40633.5232840246 ± 114.92776367002364
  Inventory costs: 25361.959162840587
  Variable costs:  5030.027575904256
  Fixed costs:     10241.536545279789
  Simulation time: 559.1s

----------------------------------------
Evaluating ε = -25.0
----------------------------------------
Mean cost: 42423.829652571396 ± 79.22368069628892
  Inventory costs: 27565.260886515192
  Variable costs:  5018.972434592366
  Fixed costs:     9839.596331463807
  Simulation time: 544.8s

----------------------------------------
Evaluating ε = -30.0
----------------------------------------
Mean cost: 44359.86764227797 ± 104.46065044779456
  Inventory costs: 29793.774498149047
  Variable costs:  5012.410811002958
  Fixed costs:     9553.68233312594
  Simulation time: 555.6s

----------------------------------------
Evaluating ε = -40.0
----------------------------------------
Mean cost: 48616.694105549854 ± 122.61977115902023
  Inventory costs: 34574.05052555213
  Variable costs:  5007.597470579034
  Fixed costs:     9035.046109418727
  Simulation time: 559.0s

----------------------------------------
Evaluating ε = -50.0
----------------------------------------
Mean cost: 52564.073428026495 ± 81.71754833782238
  Inventory costs: 38863.88617970327
  Variable costs:  5020.111895745723
  Fixed costs:     8680.07535257748
  Simulation time: 547.8s

----------------------------------------
Evaluating ε = -75.0
----------------------------------------
Mean cost: 64606.32305678851 ± 169.011316543927
  Inventory costs: 51689.58126935751
  Variable costs:  5015.829257205794
  Fixed costs:     7900.912530225217
  Simulation time: 493.5s

----------------------------------------
Evaluating ε = -100.0
----------------------------------------
Mean cost: 77810.14660738452 ± 233.35115344098585
  Inventory costs: 65458.73745990284
  Variable costs:  5016.053661210966
  Fixed costs:     7335.355486270726
  Simulation time: 440.0s

==================================================
Best epsilon: -5.0 with cost: 36552.039817205616 ± 88.73922060976102
==================================================
Skipping save for solve_inf: existing cost 35981.474204358834 <= new cost 36367.39782794597
Skipping save for find_stationary: existing cost 35940.767677517724 <= new cost 36552.039817205616

============================================================
FINAL RESULTS SUMMARY
============================================================

Method: solve_inf
  Order-up-to vector: [22, 22, 22, 22, 22, 22, 22, 22, 22, 22, 22, 22, 22, 22, 22, 12, 12, 12, 12, 12, 12, 12, 12, 12, 12, 12, 12, 12, 12, 12, 7, 7, 7, 7, 7, 7, 7, 7, 7, 7, 7, 7, 7, 7, 7, 7, 7, 7, 7, 7]
  Best epsilon: -5.0
  Best cost: 36367.39782794597 ± 73.76866916159979

Method: find_stationary
  Order-up-to vector: [22, 22, 22, 22, 22, 22, 22, 22, 22, 22, 22, 22, 22, 22, 22, 12, 12, 12, 12, 12, 12, 12, 12, 12, 12, 12, 12, 12, 12, 12, 7, 7, 7, 7, 7, 7, 7, 7, 7, 7, 7, 7, 7, 7, 7, 7, 7, 7, 7, 7]
  Best epsilon: -5.0
  Best cost: 36552.039817205616 ± 88.73922060976102

============================================================
Complete! Per-method results saved to:
  output/nn_training/results_50D_CaseLH_solve_inf.json
  output/nn_training/results_50D_CaseLH_find_stationary.json
============================================================

  Activating project at `~/DeepSJRP`
[ Info:  started timer at: 2026-04-27T18:57:32.222
┌ Warning: Layer with Float32 parameters got Float64 input.
│   The input will be converted, but any earlier layers may be very slow.
│   layer = Dense(50 => 1000, elu)  # 51_000 parameters
│   summary(x) = "50-element Vector{Float64}"
└ @ Flux ~/.julia/packages/Flux/DZYiO/src/layers/stateless.jl:60
RUNNING THE L-BFGS-B CODE

           * * *

Machine precision = 2.220D-16
 N =           50     M =           10

At X0         0 variables are exactly at the bounds

At iterate    0    f=  3.24240D+02    |proj g|=  3.09224D-03

           * * *

Tit   = total number of iterations
Tnf   = total number of function evaluations
Tnint = total number of segments explored during Cauchy searches
Skip  = number of BFGS updates skipped
Nact  = number of active bounds at final generalized Cauchy point
Projg = norm of the final projected gradient
F     = final function value

           * * *

   N    Tit     Tnf  Tnint  Skip  Nact     Projg        F
   50      0      1      0     0     0   3.092D-03   3.242D+02
  F =   324.23977661132812     

CONVERGENCE: NORM_OF_PROJECTED_GRADIENT_<=_PGTOL            

 Cauchy                time 0.000E+00 seconds.
 Subspace minimization time 0.000E+00 seconds.
 Line search           time 0.000E+00 seconds.

 Total User time 2.738E+00 seconds.

RUNNING THE L-BFGS-B CODE

           * * *

Machine precision = 2.220D-16
 N =           50     M =           10

At X0         0 variables are exactly at the bounds

At iterate    0    f=  3.73514D-04    |proj g|=  4.64910D-06

           * * *

Tit   = total number of iterations
Tnf   = total number of function evaluations
Tnint = total number of segments explored during Cauchy searches
Skip  = number of BFGS updates skipped
Nact  = number of active bounds at final generalized Cauchy point
Projg = norm of the final projected gradient
F     = final function value

           * * *

   N    Tit     Tnf  Tnint  Skip  Nact     Projg        F
   50      0      1      0     0     0   4.649D-06   3.735D-04
  F =   3.7351372155898873E-004

CONVERGENCE: NORM_OF_PROJECTED_GRADIENT_<=_PGTOL            

 Cauchy                time 0.000E+00 seconds.
 Subspace minimization time 0.000E+00 seconds.
 Line search           time 0.000E+00 seconds.

 Total User time 3.594E-01 seconds.

