
============================================================
DeepSJRP - Stochastic Joint Replenishment Problem Solver
============================================================
Instance: 50D_CaseLL
Options: Dict{Symbol, Any}(:beta_override => 1.0e6, :alpha_override => nothing, :device => :gpu, :nu_override => 0.8, :T_override => 0.1, :seed => 777)
============================================================

Device: CUDA GPU
CUDA toolchain: 
- runtime 12.8, local installation
- driver 580.126.16 for 13.2
- compiler 12.9

CUDA libraries: 
- CUBLAS: 12.8.4
- CURAND: 10.3.9
- CUFFT: 11.3.3
- CUSOLVER: 11.7.3
- CUSPARSE: 12.5.8
- CUPTI: 2025.1.1 (API 12.8.0)
- NVML: 13.0.0+580.126.16

Julia packages: 
- CUDA: 5.11.0
- GPUArrays: 11.4.1
- GPUCompiler: 1.9.1
- KernelAbstractions: 0.9.41
- CUDA_Driver_jll: 13.2.0+0
- CUDA_Compiler_jll: 0.4.2+0
- CUDA_Runtime_jll: 0.21.0+0
- CUDA_Runtime_Discovery: 1.0.0

Toolchain:
- Julia: 1.11.7
- LLVM: 16.0.6

Preferences:
- CUDA_Runtime_jll.version: local

1 device:
  0: NVIDIA H100 80GB HBM3 (sm_90, 79.175 GiB / 79.647 GiB available)
BLAS threads: 1
Julia threads: 10

Benchmark source: QS

============================================================
IMPULSE CONTROL PROBLEM (scaled, annual)
============================================================
Instance: 50D_CaseLL
Dimension: 50
Interest rate: 0.05
Cost scaling κ: 0.01

Drift μ (annual demand rates): [50.0, 50.0, 50.0, 50.0, 50.0, 50.0, 50.0, 50.0, 50.0, 50.0, 50.0, 50.0, 50.0, 50.0, 50.0, 25.0, 25.0, 25.0, 25.0, 25.0, 25.0, 25.0, 25.0, 25.0, 25.0, 25.0, 25.0, 25.0, 25.0, 25.0, 12.5, 12.5, 12.5, 12.5, 12.5, 12.5, 12.5, 12.5, 12.5, 12.5, 12.5, 12.5, 12.5, 12.5, 12.5, 12.5, 12.5, 12.5, 12.5, 12.5]
Covariance Σ diagonal: [50.0, 50.0, 50.0, 50.0, 50.0, 50.0, 50.0, 50.0, 50.0, 50.0, 50.0, 50.0, 50.0, 50.0, 50.0, 25.0, 25.0, 25.0, 25.0, 25.0, 25.0, 25.0, 25.0, 25.0, 25.0, 25.0, 25.0, 25.0, 25.0, 25.0, 12.5, 12.5, 12.5, 12.5, 12.5, 12.5, 12.5, 12.5, 12.5, 12.5, 12.5, 12.5, 12.5, 12.5, 12.5, 12.5, 12.5, 12.5, 12.5, 12.5]

Scaled costs (× κ = 0.01):
  Fixed cost K:    0.5
  Variable costs c: [0.001, 0.001, 0.001, 0.001, 0.001, 0.001, 0.001, 0.001, 0.001, 0.001, 0.001, 0.001, 0.001, 0.001, 0.001, 0.002, 0.002, 0.002, 0.002, 0.002, 0.002, 0.002, 0.002, 0.002, 0.002, 0.002, 0.002, 0.002, 0.002, 0.002, 0.004, 0.004, 0.004, 0.004, 0.004, 0.004, 0.004, 0.004, 0.004, 0.004, 0.004, 0.004, 0.004, 0.004, 0.004, 0.004, 0.004, 0.004, 0.004, 0.004]
  Holding costs h:  [0.01, 0.01, 0.01, 0.01, 0.01, 0.01, 0.01, 0.01, 0.01, 0.01, 0.01, 0.01, 0.01, 0.01, 0.01, 0.02, 0.02, 0.02, 0.02, 0.02, 0.02, 0.02, 0.02, 0.02, 0.02, 0.02, 0.02, 0.02, 0.02, 0.02, 0.04, 0.04, 0.04, 0.04, 0.04, 0.04, 0.04, 0.04, 0.04, 0.04, 0.04, 0.04, 0.04, 0.04, 0.04, 0.04, 0.04, 0.04, 0.04, 0.04]
  Penalty costs p:  [0.25, 0.25, 0.25, 0.25, 0.25, 0.25, 0.25, 0.25, 0.25, 0.25, 0.25, 0.25, 0.25, 0.25, 0.25, 0.5, 0.5, 0.5, 0.5, 0.5, 0.5, 0.5, 0.5, 0.5, 0.5, 0.5, 0.5, 0.5, 0.5, 0.5, 1.0, 1.0, 1.0, 1.0, 1.0, 1.0, 1.0, 1.0, 1.0, 1.0, 1.0, 1.0, 1.0, 1.0, 1.0, 1.0, 1.0, 1.0, 1.0, 1.0]

Original costs (unscaled):
  Fixed cost K:    50.0
  Variable costs c: [0.1, 0.1, 0.1, 0.1, 0.1, 0.1, 0.1, 0.1, 0.1, 0.1, 0.1, 0.1, 0.1, 0.1, 0.1, 0.2, 0.2, 0.2, 0.2, 0.2, 0.2, 0.2, 0.2, 0.2, 0.2, 0.2, 0.2, 0.2, 0.2, 0.2, 0.4, 0.4, 0.4, 0.4, 0.4, 0.4, 0.4, 0.4, 0.4, 0.4, 0.4, 0.4, 0.4, 0.4, 0.4, 0.4, 0.4, 0.4, 0.4, 0.4]
  Holding costs h:  [1.0, 1.0, 1.0, 1.0, 1.0, 1.0, 1.0, 1.0, 1.0, 1.0, 1.0, 1.0, 1.0, 1.0, 1.0, 2.0, 2.0, 2.0, 2.0, 2.0, 2.0, 2.0, 2.0, 2.0, 2.0, 2.0, 2.0, 2.0, 2.0, 2.0, 4.0, 4.0, 4.0, 4.0, 4.0, 4.0, 4.0, 4.0, 4.0, 4.0, 4.0, 4.0, 4.0, 4.0, 4.0, 4.0, 4.0, 4.0, 4.0, 4.0]
  Penalty costs p:  [25.0, 25.0, 25.0, 25.0, 25.0, 25.0, 25.0, 25.0, 25.0, 25.0, 25.0, 25.0, 25.0, 25.0, 25.0, 50.0, 50.0, 50.0, 50.0, 50.0, 50.0, 50.0, 50.0, 50.0, 50.0, 50.0, 50.0, 50.0, 50.0, 50.0, 100.0, 100.0, 100.0, 100.0, 100.0, 100.0, 100.0, 100.0, 100.0, 100.0, 100.0, 100.0, 100.0, 100.0, 100.0, 100.0, 100.0, 100.0, 100.0, 100.0]
============================================================

============================================================
TRAINING HYPERPARAMETERS
============================================================
Benchmark source: QS
Precision:        Float32
Batch size:       5000
Num intervals:    100
T horizon:        0.1
Num iterations:   40000
Learning rates:   [0.001, 0.0002, 0.0001, 1.0e-5, 1.0e-6]
LR steps:         [1, 5000, 10000, 20000, 30000]
Beta penalty:     [1.0, 10.0, 100.0, 1000.0, 10000.0, 1.0e6]
Penalty steps:    [1, 2500, 5000, 7500, 10000, 20000]
Lambda rate:      5.872242335766425
S guess:          [[11.0, 11.0, 11.0, 11.0, 11.0, 11.0, 11.0, 11.0, 11.0, 11.0, 11.0, 11.0, 11.0, 11.0, 11.0, 6.0, 6.0, 6.0, 6.0, 6.0, 6.0, 6.0, 6.0, 6.0, 6.0, 6.0, 6.0, 6.0, 6.0, 6.0, 4.0, 4.0, 4.0, 4.0, 4.0, 4.0, 4.0, 4.0, 4.0, 4.0, 4.0, 4.0, 4.0, 4.0, 4.0, 4.0, 4.0, 4.0, 4.0, 4.0]]
Nu radius:        0.8
S distribution:   lognormal
Alpha factor:     0.0
Alpha js:         [0.0, 0.0, 0.0, 0.0, 0.0, 0.0, 0.0, 0.0, 0.0, 0.0, 0.0, 0.0, 0.0, 0.0, 0.0, 0.0, 0.0, 0.0, 0.0, 0.0, 0.0, 0.0, 0.0, 0.0, 0.0, 0.0, 0.0, 0.0, 0.0, 0.0, 0.0, 0.0, 0.0, 0.0, 0.0, 0.0, 0.0, 0.0, 0.0, 0.0, 0.0, 0.0, 0.0, 0.0, 0.0, 0.0, 0.0, 0.0, 0.0, 0.0]
Cost scaling:     0.01

Neural network architecture:
  Hidden layers:  4
  Width:          1000
  Activation:     elu

Optimization parameters:
  Start factor:   1.0
  Lower factor:   0.5
  Upper factor:   1.5
  Sim runs:       10
  Sim horizon:    5000
  Epsilons:       [-1.25, -2.5, -5.0, -7.5, -10.0, -12.5, -15.0, -20.0, -25.0, -30.0, -40.0, -50.0, -75.0, -100.0]
============================================================

Gradient network G (∇V):
Chain(
  Dense(50 => 1000, elu),               # 51_000 parameters
  Dense(1000 => 1000, elu),             # 1_001_000 parameters
  Dense(1000 => 1000, elu),             # 1_001_000 parameters
  Dense(1000 => 1000, elu),             # 1_001_000 parameters
  Dense(1000 => 50),                    # 50_050 parameters
)                   # Total: 10 arrays, 3_104_050 parameters, 1.562 KiB.

Value network H (V):
Chain(
  Dense(50 => 1000, elu),               # 51_000 parameters
  Dense(1000 => 1000, elu),             # 1_001_000 parameters
  Dense(1000 => 1000, elu),             # 1_001_000 parameters
  Dense(1000 => 1000, elu),             # 1_001_000 parameters
  Dense(1000 => 1),                     # 1_001 parameters
)                   # Total: 10 arrays, 3_055_001 parameters, 1.562 KiB.


============================================================
Starting neural network training...
============================================================

Starting training with steady-state sampler:
-----------------------------------------
Epoch: 1; Penalty β updated to: 1.0
-----------------------------------------
─── Device check ───
  x_tn: CuArray{Float32} (50, 100, 5000)
  dB: CuArray{Float32} (50, 100, 5000)
  dU: CuArray{Float32} (50, 100, 5000)
  exponentials: CuArray{Float32} (1, 100)
  loss_dB: CuArray{Float32} (1, 5000)
  loss_df: CuArray{Float32} (1, 5000)
  loss_dU: CuArray{Float32} (1, 5000)
  H_x0: CuArray{Float32} (1, 5000)
  H_xT: CuArray{Float32} (1, 5000)
  penalties: CuArray{Float32} (1, 5000)
────────────────────
Epoch: 1; Computation time: 61.517536082; Current value of V(0): 0.0
Lagrangian objective: 3360.5437; Average H(x0): 0.0; Quantile-hedge α(β): 49.32
Simulation time per epoch: 10.752504464; Gradient computation time: 38.906327521; Testing time: 11.067821984
Epoch: 1000; Computation time: 399.499620998; Current value of V(0): 894955.6640625
Lagrangian objective: -10736.41; Average H(x0): 20866.812; Quantile-hedge α(β): 0.0
Simulation time per epoch: 0.074019932; Gradient computation time: 0.181272791; Testing time: 0.083093893
Epoch: 2000; Computation time: 737.758024229; Current value of V(0): 1.02099677734375e6
Lagrangian objective: -10732.138; Average H(x0): 20843.57; Quantile-hedge α(β): 0.0
Simulation time per epoch: 0.073964744; Gradient computation time: 0.181379933; Testing time: 0.083023775
-----------------------------------------
Epoch: 2500; Penalty β updated to: 10.0
-----------------------------------------
Epoch: 3000; Computation time: 1076.045880423; Current value of V(0): 151516.44287109375
Lagrangian objective: -1575.1802; Average H(x0): 2671.8147; Quantile-hedge α(β): 5.000000000000004
Simulation time per epoch: 0.073961233; Gradient computation time: 0.181416778; Testing time: 0.083038997
Epoch: 4000; Computation time: 1414.437828826; Current value of V(0): 158868.4814453125
Lagrangian objective: -1549.9314; Average H(x0): 2693.7224; Quantile-hedge α(β): 4.0000000000000036
Simulation time per epoch: 0.07399356; Gradient computation time: 0.181354482; Testing time: 0.083040147
-----------------------------------------
Epoch: 5000; Penalty β updated to: 100.0
-----------------------------------------
Epoch: 5000; Computation time: 1752.818260376; Current value of V(0): 165080.40771484375
Lagrangian objective: 8450.278; Average H(x0): 2665.4343; Quantile-hedge α(β): 4.259999999999997
Simulation time per epoch: 0.073892552; Gradient computation time: 0.181407737; Testing time: 0.083028908
Epoch: 6000; Computation time: 2091.134244243; Current value of V(0): 51912.725830078125
Lagrangian objective: -501.3266; Average H(x0): 670.062; Quantile-hedge α(β): 25.639999999999997
Simulation time per epoch: 0.073985216; Gradient computation time: 0.181415321; Testing time: 0.083028168
Epoch: 7000; Computation time: 2429.458099272; Current value of V(0): 52646.636962890625
Lagrangian objective: -502.5595; Average H(x0): 665.4814; Quantile-hedge α(β): 25.019999999999996
Simulation time per epoch: 0.07398596; Gradient computation time: 0.181298257; Testing time: 0.083037493
-----------------------------------------
Epoch: 7500; Penalty β updated to: 1000.0
-----------------------------------------
Epoch: 8000; Computation time: 2767.845557996; Current value of V(0): 31497.857666015625
Lagrangian objective: -327.89597; Average H(x0): 370.76526; Quantile-hedge α(β): 64.64
Simulation time per epoch: 0.074000517; Gradient computation time: 0.18179691; Testing time: 0.08302891
Epoch: 9000; Computation time: 3106.171643974; Current value of V(0): 32169.88525390625
Lagrangian objective: -330.03857; Average H(x0): 374.91324; Quantile-hedge α(β): 63.06
Simulation time per epoch: 0.073988239; Gradient computation time: 0.181348294; Testing time: 0.083060573
-----------------------------------------
Epoch: 10000; Penalty β updated to: 10000.0
-----------------------------------------
Epoch: 10000; Computation time: 3444.401019583; Current value of V(0): 32249.588012695312
Lagrangian objective: 30.3288; Average H(x0): 373.82596; Quantile-hedge α(β): 63.28
Simulation time per epoch: 0.073921556; Gradient computation time: 0.181243997; Testing time: 0.083068061
Epoch: 11000; Computation time: 3782.681320975; Current value of V(0): 27075.180053710938
Lagrangian objective: -277.57816; Average H(x0): 299.0807; Quantile-hedge α(β): 90.44
Simulation time per epoch: 0.07396429; Gradient computation time: 0.181227957; Testing time: 0.083109637
Epoch: 12000; Computation time: 4120.946798967; Current value of V(0): 26973.016357421875
Lagrangian objective: -282.03986; Average H(x0): 300.453; Quantile-hedge α(β): 90.75999999999999
Simulation time per epoch: 0.074097808; Gradient computation time: 0.180567388; Testing time: 0.082832543
Epoch: 13000; Computation time: 4459.260483349; Current value of V(0): 26005.123901367188
Lagrangian objective: -270.326; Average H(x0): 297.18802; Quantile-hedge α(β): 90.64
Simulation time per epoch: 0.073981703; Gradient computation time: 0.181224757; Testing time: 0.083047581
Epoch: 14000; Computation time: 4797.498191787; Current value of V(0): 26629.559326171875
Lagrangian objective: -284.94073; Average H(x0): 300.87192; Quantile-hedge α(β): 91.56
Simulation time per epoch: 0.073996895; Gradient computation time: 0.18144701; Testing time: 0.083017763
Epoch: 15000; Computation time: 5135.68044726; Current value of V(0): 26919.73876953125
Lagrangian objective: -282.0702; Average H(x0): 301.7698; Quantile-hedge α(β): 89.8
Simulation time per epoch: 0.073996704; Gradient computation time: 0.181213857; Testing time: 0.083048644
Epoch: 16000; Computation time: 5473.723099504; Current value of V(0): 26608.929443359375
Lagrangian objective: -275.99887; Average H(x0): 295.76514; Quantile-hedge α(β): 92.2
Simulation time per epoch: 0.074139647; Gradient computation time: 0.180275674; Testing time: 0.082798302
Epoch: 17000; Computation time: 5811.060616948; Current value of V(0): 27173.397827148438
Lagrangian objective: -280.83267; Average H(x0): 299.9517; Quantile-hedge α(β): 91.12
Simulation time per epoch: 0.074137956; Gradient computation time: 0.180394603; Testing time: 0.082808924
Epoch: 18000; Computation time: 6148.378555265; Current value of V(0): 27662.286376953125
Lagrangian objective: -280.70108; Average H(x0): 303.9639; Quantile-hedge α(β): 90.34
Simulation time per epoch: 0.074141518; Gradient computation time: 0.180416017; Testing time: 0.082804505
Epoch: 19000; Computation time: 6485.718895643; Current value of V(0): 27578.695678710938
Lagrangian objective: -284.6599; Average H(x0): 301.3558; Quantile-hedge α(β): 91.28
Simulation time per epoch: 0.074105567; Gradient computation time: 0.180326068; Testing time: 0.082836459
-----------------------------------------
Epoch: 20000; Penalty β updated to: 1.0e6
-----------------------------------------
Epoch: 20000; Computation time: 6823.039957776; Current value of V(0): 27664.593505859375
Lagrangian objective: 1713.3276; Average H(x0): 301.4127; Quantile-hedge α(β): 90.25999999999999
Simulation time per epoch: 0.074077489; Gradient computation time: 0.180389869; Testing time: 0.082886621
Epoch: 21000; Computation time: 7160.664106958; Current value of V(0): 23484.945678710938
Lagrangian objective: -242.89647; Average H(x0): 253.34258; Quantile-hedge α(β): 99.8
Simulation time per epoch: 0.073922863; Gradient computation time: 0.181132891; Testing time: 0.082895497
Epoch: 22000; Computation time: 7498.031433306; Current value of V(0): 23368.5546875
Lagrangian objective: -242.8438; Average H(x0): 251.69568; Quantile-hedge α(β): 99.82
Simulation time per epoch: 0.074048885; Gradient computation time: 0.18041461; Testing time: 0.082841589
Epoch: 23000; Computation time: 7835.389757898; Current value of V(0): 23024.76806640625
Lagrangian objective: -236.83362; Average H(x0): 247.39696; Quantile-hedge α(β): 99.7
Simulation time per epoch: 0.07406377; Gradient computation time: 0.180291544; Testing time: 0.082816842
Epoch: 24000; Computation time: 8172.749123679; Current value of V(0): 22884.580993652344
Lagrangian objective: -233.97105; Average H(x0): 245.15468; Quantile-hedge α(β): 99.8
Simulation time per epoch: 0.074086657; Gradient computation time: 0.180569234; Testing time: 0.082809206
Epoch: 25000; Computation time: 8510.377304705; Current value of V(0): 22740.81573486328
Lagrangian objective: -240.1697; Average H(x0): 244.04366; Quantile-hedge α(β): 99.83999999999999
Simulation time per epoch: 0.074071197; Gradient computation time: 0.180831386; Testing time: 0.082955972
Epoch: 26000; Computation time: 8848.294295211; Current value of V(0): 23239.019775390625
Lagrangian objective: -244.32436; Average H(x0): 249.1969; Quantile-hedge α(β): 99.76
Simulation time per epoch: 0.074015354; Gradient computation time: 0.180738067; Testing time: 0.082945728
Epoch: 27000; Computation time: 9186.217792499; Current value of V(0): 22429.217529296875
Lagrangian objective: -233.88478; Average H(x0): 240.02016; Quantile-hedge α(β): 99.92
Simulation time per epoch: 0.073999759; Gradient computation time: 0.180773429; Testing time: 0.082960612
Epoch: 28000; Computation time: 9524.219579803; Current value of V(0): 22877.032470703125
Lagrangian objective: -239.45122; Average H(x0): 244.76884; Quantile-hedge α(β): 99.8
Simulation time per epoch: 0.074055527; Gradient computation time: 0.180619327; Testing time: 0.082926334
Epoch: 29000; Computation time: 9862.190009282; Current value of V(0): 21728.179931640625
Lagrangian objective: -231.92665; Average H(x0): 231.92665; Quantile-hedge α(β): 100.0
Simulation time per epoch: 0.073950287; Gradient computation time: 0.181784557; Testing time: 0.082993435
Epoch: 30000; Computation time: 10200.386370371; Current value of V(0): 22990.634155273438
Lagrangian objective: -243.29677; Average H(x0): 245.46295; Quantile-hedge α(β): 99.88
Simulation time per epoch: 0.073837819; Gradient computation time: 0.181215935; Testing time: 0.083103749
Epoch: 31000; Computation time: 10537.977929896; Current value of V(0): 23172.38006591797
Lagrangian objective: -246.29788; Average H(x0): 247.44223; Quantile-hedge α(β): 99.9
Simulation time per epoch: 0.074027836; Gradient computation time: 0.180399236; Testing time: 0.082842773
Epoch: 32000; Computation time: 10875.511195825; Current value of V(0): 23431.185913085938
Lagrangian objective: -246.47263; Average H(x0): 250.2375; Quantile-hedge α(β): 99.92
Simulation time per epoch: 0.074052478; Gradient computation time: 0.18063653; Testing time: 0.082919263
Epoch: 33000; Computation time: 11213.640200503; Current value of V(0): 23711.631774902344
Lagrangian objective: -244.86282; Average H(x0): 253.2706; Quantile-hedge α(β): 99.8
Simulation time per epoch: 0.074032075; Gradient computation time: 0.180999786; Testing time: 0.082911543
Epoch: 34000; Computation time: 11551.515250555; Current value of V(0): 23898.562622070312
Lagrangian objective: -251.901; Average H(x0): 255.2548; Quantile-hedge α(β): 99.86
Simulation time per epoch: 0.07405089; Gradient computation time: 0.180750666; Testing time: 0.082928757
Epoch: 35000; Computation time: 11889.538403013; Current value of V(0): 23993.357849121094
Lagrangian objective: -249.6803; Average H(x0): 256.27185; Quantile-hedge α(β): 99.72
Simulation time per epoch: 0.074007802; Gradient computation time: 0.18114155; Testing time: 0.083015981
Epoch: 36000; Computation time: 12227.572754876; Current value of V(0): 23999.185180664062
Lagrangian objective: -242.5585; Average H(x0): 256.26666; Quantile-hedge α(β): 99.78
Simulation time per epoch: 0.073988945; Gradient computation time: 0.181168571; Testing time: 0.083021147
Epoch: 37000; Computation time: 12565.495703411; Current value of V(0): 23980.569458007812
Lagrangian objective: -249.08827; Average H(x0): 256.04333; Quantile-hedge α(β): 99.72
Simulation time per epoch: 0.07405155; Gradient computation time: 0.180927712; Testing time: 0.082909979
Epoch: 38000; Computation time: 12903.509091768; Current value of V(0): 24019.654846191406
Lagrangian objective: -245.39622; Average H(x0): 256.42612; Quantile-hedge α(β): 99.64
Simulation time per epoch: 0.073814523; Gradient computation time: 0.181155856; Testing time: 0.082989341
Epoch: 39000; Computation time: 13241.495117084; Current value of V(0): 24059.14306640625
Lagrangian objective: -254.90538; Average H(x0): 256.79532; Quantile-hedge α(β): 99.83999999999999
Simulation time per epoch: 0.074009276; Gradient computation time: 0.181052615; Testing time: 0.082938953
Epoch: 40000; Computation time: 13579.738383292; Current value of V(0): 24034.469604492188
Lagrangian objective: -252.1375; Average H(x0): 256.48077; Quantile-hedge α(β): 99.78
Simulation time per epoch: 0.073898369; Gradient computation time: 0.181349456; Testing time: 0.083103126

Training completed in 13579.738520745 seconds
Final V(0): 24034.927368164062

============================================================
Running policy evaluation...
============================================================


============================================================
INVENTORY PROBLEM (unscaled, weekly)
============================================================
Dimension:       50
Discount factor: 0.9990389236684376
Fixed cost:      50.0
Variable costs:  [0.1, 0.1, 0.1, 0.1, 0.1, 0.1, 0.1, 0.1, 0.1, 0.1, 0.1, 0.1, 0.1, 0.1, 0.1, 0.2, 0.2, 0.2, 0.2, 0.2, 0.2, 0.2, 0.2, 0.2, 0.2, 0.2, 0.2, 0.2, 0.2, 0.2, 0.4, 0.4, 0.4, 0.4, 0.4, 0.4, 0.4, 0.4, 0.4, 0.4, 0.4, 0.4, 0.4, 0.4, 0.4, 0.4, 0.4, 0.4, 0.4, 0.4]
Holding costs:   [0.019230769230769232, 0.019230769230769232, 0.019230769230769232, 0.019230769230769232, 0.019230769230769232, 0.019230769230769232, 0.019230769230769232, 0.019230769230769232, 0.019230769230769232, 0.019230769230769232, 0.019230769230769232, 0.019230769230769232, 0.019230769230769232, 0.019230769230769232, 0.019230769230769232, 0.038461538461538464, 0.038461538461538464, 0.038461538461538464, 0.038461538461538464, 0.038461538461538464, 0.038461538461538464, 0.038461538461538464, 0.038461538461538464, 0.038461538461538464, 0.038461538461538464, 0.038461538461538464, 0.038461538461538464, 0.038461538461538464, 0.038461538461538464, 0.038461538461538464, 0.07692307692307693, 0.07692307692307693, 0.07692307692307693, 0.07692307692307693, 0.07692307692307693, 0.07692307692307693, 0.07692307692307693, 0.07692307692307693, 0.07692307692307693, 0.07692307692307693, 0.07692307692307693, 0.07692307692307693, 0.07692307692307693, 0.07692307692307693, 0.07692307692307693, 0.07692307692307693, 0.07692307692307693, 0.07692307692307693, 0.07692307692307693, 0.07692307692307693]
Backlog costs:   [0.4807692307692308, 0.4807692307692308, 0.4807692307692308, 0.4807692307692308, 0.4807692307692308, 0.4807692307692308, 0.4807692307692308, 0.4807692307692308, 0.4807692307692308, 0.4807692307692308, 0.4807692307692308, 0.4807692307692308, 0.4807692307692308, 0.4807692307692308, 0.4807692307692308, 0.9615384615384616, 0.9615384615384616, 0.9615384615384616, 0.9615384615384616, 0.9615384615384616, 0.9615384615384616, 0.9615384615384616, 0.9615384615384616, 0.9615384615384616, 0.9615384615384616, 0.9615384615384616, 0.9615384615384616, 0.9615384615384616, 0.9615384615384616, 0.9615384615384616, 1.9230769230769231, 1.9230769230769231, 1.9230769230769231, 1.9230769230769231, 1.9230769230769231, 1.9230769230769231, 1.9230769230769231, 1.9230769230769231, 1.9230769230769231, 1.9230769230769231, 1.9230769230769231, 1.9230769230769231, 1.9230769230769231, 1.9230769230769231, 1.9230769230769231, 1.9230769230769231, 1.9230769230769231, 1.9230769230769231, 1.9230769230769231, 1.9230769230769231]
Demand dists:    DataType[Distributions.Poisson{Float64}, Distributions.Poisson{Float64}, Distributions.Poisson{Float64}, Distributions.Poisson{Float64}, Distributions.Poisson{Float64}, Distributions.Poisson{Float64}, Distributions.Poisson{Float64}, Distributions.Poisson{Float64}, Distributions.Poisson{Float64}, Distributions.Poisson{Float64}, Distributions.Poisson{Float64}, Distributions.Poisson{Float64}, Distributions.Poisson{Float64}, Distributions.Poisson{Float64}, Distributions.Poisson{Float64}, Distributions.Poisson{Float64}, Distributions.Poisson{Float64}, Distributions.Poisson{Float64}, Distributions.Poisson{Float64}, Distributions.Poisson{Float64}, Distributions.Poisson{Float64}, Distributions.Poisson{Float64}, Distributions.Poisson{Float64}, Distributions.Poisson{Float64}, Distributions.Poisson{Float64}, Distributions.Poisson{Float64}, Distributions.Poisson{Float64}, Distributions.Poisson{Float64}, Distributions.Poisson{Float64}, Distributions.Poisson{Float64}, Distributions.Poisson{Float64}, Distributions.Poisson{Float64}, Distributions.Poisson{Float64}, Distributions.Poisson{Float64}, Distributions.Poisson{Float64}, Distributions.Poisson{Float64}, Distributions.Poisson{Float64}, Distributions.Poisson{Float64}, Distributions.Poisson{Float64}, Distributions.Poisson{Float64}, Distributions.Poisson{Float64}, Distributions.Poisson{Float64}, Distributions.Poisson{Float64}, Distributions.Poisson{Float64}, Distributions.Poisson{Float64}, Distributions.Poisson{Float64}, Distributions.Poisson{Float64}, Distributions.Poisson{Float64}, Distributions.Poisson{Float64}, Distributions.Poisson{Float64}]
Demand means:    [0.9615384615384616, 0.9615384615384616, 0.9615384615384616, 0.9615384615384616, 0.9615384615384616, 0.9615384615384616, 0.9615384615384616, 0.9615384615384616, 0.9615384615384616, 0.9615384615384616, 0.9615384615384616, 0.9615384615384616, 0.9615384615384616, 0.9615384615384616, 0.9615384615384616, 0.4807692307692308, 0.4807692307692308, 0.4807692307692308, 0.4807692307692308, 0.4807692307692308, 0.4807692307692308, 0.4807692307692308, 0.4807692307692308, 0.4807692307692308, 0.4807692307692308, 0.4807692307692308, 0.4807692307692308, 0.4807692307692308, 0.4807692307692308, 0.4807692307692308, 0.2403846153846154, 0.2403846153846154, 0.2403846153846154, 0.2403846153846154, 0.2403846153846154, 0.2403846153846154, 0.2403846153846154, 0.2403846153846154, 0.2403846153846154, 0.2403846153846154, 0.2403846153846154, 0.2403846153846154, 0.2403846153846154, 0.2403846153846154, 0.2403846153846154, 0.2403846153846154, 0.2403846153846154, 0.2403846153846154, 0.2403846153846154, 0.2403846153846154]
============================================================

==================================================
Computing order-up-to vector via :solve_inf
==================================================

Method: solve_inf
Final objective: 256.6959753417969
z*: [11.0, 11.0, 11.0, 11.0, 11.0, 11.0, 11.0, 11.0, 11.0, 11.0, 11.0, 11.0, 11.0, 11.0, 11.0, 6.0, 6.0, 6.0, 6.0, 6.0, 6.0, 6.0, 6.0, 6.0, 6.0, 6.0, 6.0, 6.0, 6.0, 6.0, 4.0, 4.0, 4.0, 4.0, 4.0, 4.0, 4.0, 4.0, 4.0, 4.0, 4.0, 4.0, 4.0, 4.0, 4.0, 4.0, 4.0, 4.0, 4.0, 4.0]
Intervention value: -16.846655883789083

==================================================
Computing order-up-to vector via :find_stationary
==================================================

Method: find_stationary
Final residual: 0.023426453454736575
z*: [11.0, 11.0, 11.0, 11.0, 11.0, 11.0, 11.0, 11.0, 11.0, 11.0, 11.0, 11.0, 11.0, 11.0, 11.0, 6.0, 6.0, 6.0, 6.0, 6.0, 6.0, 6.0, 6.0, 6.0, 6.0, 6.0, 6.0, 6.0, 6.0, 6.0, 4.0, 4.0, 4.0, 4.0, 4.0, 4.0, 4.0, 4.0, 4.0, 4.0, 4.0, 4.0, 4.0, 4.0, 4.0, 4.0, 4.0, 4.0, 4.0, 4.0]
Intervention value: -16.846655883789083

==================================================
Summary:
  solve_inf:       z* = [11, 11, 11, 11, 11, 11, 11, 11, 11, 11, 11, 11, 11, 11, 11, 6, 6, 6, 6, 6, 6, 6, 6, 6, 6, 6, 6, 6, 6, 6, 4, 4, 4, 4, 4, 4, 4, 4, 4, 4, 4, 4, 4, 4, 4, 4, 4, 4, 4, 4]
  find_stationary: z* = [11, 11, 11, 11, 11, 11, 11, 11, 11, 11, 11, 11, 11, 11, 11, 6, 6, 6, 6, 6, 6, 6, 6, 6, 6, 6, 6, 6, 6, 6, 4, 4, 4, 4, 4, 4, 4, 4, 4, 4, 4, 4, 4, 4, 4, 4, 4, 4, 4, 4]
==================================================

============================================================
Evaluating method: solve_inf
============================================================

----------------------------------------
Evaluating ε = -1.25
----------------------------------------
Mean cost: 21812.380549401263 ± 22.10827840199609
  Inventory costs: 11416.915753485848
  Variable costs:  5001.549998347942
  Fixed costs:     5393.914797567453
  Simulation time: 534.6s

----------------------------------------
Evaluating ε = -2.5
----------------------------------------
Mean cost: 22236.029094339647 ± 25.952760567487292
  Inventory costs: 12062.313904861941
  Variable costs:  5011.478011764846
  Fixed costs:     5162.23717771283
  Simulation time: 528.2s

----------------------------------------
Evaluating ε = -5.0
----------------------------------------
Mean cost: 22997.857225334188 ± 31.286539805466454
  Inventory costs: 13234.75832965143
  Variable costs:  4993.029022541916
  Fixed costs:     4770.069873140855
  Simulation time: 522.1s

----------------------------------------
Evaluating ε = -7.5
----------------------------------------
Mean cost: 23959.63411364622 ± 32.203215717826374
  Inventory costs: 14480.680225377411
  Variable costs:  4988.751217035878
  Fixed costs:     4490.202671232938
  Simulation time: 515.8s

----------------------------------------
Evaluating ε = -10.0
----------------------------------------
Mean cost: 24908.639417284438 ± 30.67609103395906
  Inventory costs: 15610.236591270115
  Variable costs:  5002.798476761671
  Fixed costs:     4295.604349252623
  Simulation time: 520.2s

----------------------------------------
Evaluating ε = -12.5
----------------------------------------
Mean cost: 26050.33672505208 ± 38.86745327716716
  Inventory costs: 16911.05406430618
  Variable costs:  4996.588159803632
  Fixed costs:     4142.694500942258
  Simulation time: 529.8s

----------------------------------------
Evaluating ε = -15.0
----------------------------------------
Mean cost: 27118.93912566707 ± 49.90251269048971
  Inventory costs: 18145.11700490025
  Variable costs:  4983.594324852117
  Fixed costs:     3990.227795914708
  Simulation time: 515.7s

----------------------------------------
Evaluating ε = -20.0
----------------------------------------
Mean cost: 29419.668737918073 ± 43.52653284403739
  Inventory costs: 20660.3085026813
  Variable costs:  4994.854535764893
  Fixed costs:     3764.5056994718993
  Simulation time: 521.3s

----------------------------------------
Evaluating ε = -25.0
----------------------------------------
Mean cost: 31876.346186018916 ± 46.88342645262782
  Inventory costs: 23323.376211343617
  Variable costs:  4982.09017464985
  Fixed costs:     3570.879800025442
  Simulation time: 529.8s

----------------------------------------
Evaluating ε = -30.0
----------------------------------------
Mean cost: 34375.89023856178 ± 68.95274761420497
  Inventory costs: 25951.27030312872
  Variable costs:  4999.995056537363
  Fixed costs:     3424.6248788957187
  Simulation time: 540.4s

----------------------------------------
Evaluating ε = -40.0
----------------------------------------
Mean cost: 39656.36013179297 ± 83.24136730338921
  Inventory costs: 31491.20484381497
  Variable costs:  4994.66740364895
  Fixed costs:     3170.4878843290157
  Simulation time: 552.6s

----------------------------------------
Evaluating ε = -50.0
----------------------------------------
Mean cost: 45171.510444503416 ± 99.1437547855724
  Inventory costs: 37235.91685595085
  Variable costs:  4980.683221064479
  Fixed costs:     2954.9103674880826
  Simulation time: 624.3s

----------------------------------------
Evaluating ε = -75.0
----------------------------------------
Mean cost: 60195.03768744109 ± 114.83709208231734
  Inventory costs: 52627.249616128065
  Variable costs:  4988.048673321735
  Fixed costs:     2579.7393979912877
  Simulation time: 627.9s

----------------------------------------
Evaluating ε = -100.0
----------------------------------------
Mean cost: 76373.45336845759 ± 131.30441338527407
  Inventory costs: 69085.6021569523
  Variable costs:  4979.36399282401
  Fixed costs:     2308.487218681258
  Simulation time: 637.2s

==================================================
Best epsilon: -1.25 with cost: 21812.380549401263 ± 22.10827840199609
==================================================

============================================================
Evaluating method: find_stationary
============================================================

----------------------------------------
Evaluating ε = -1.25
----------------------------------------
Mean cost: 21910.17813484649 ± 37.43588786999531
  Inventory costs: 11445.260743581584
  Variable costs:  5015.986800462302
  Fixed costs:     5448.9305908026
  Simulation time: 627.6s

----------------------------------------
Evaluating ε = -2.5
----------------------------------------
Mean cost: 22194.41655556932 ± 26.225862126982452
  Inventory costs: 12046.089688544853
  Variable costs:  4997.404863149184
  Fixed costs:     5150.922003875299
  Simulation time: 601.3s

----------------------------------------
Evaluating ε = -5.0
----------------------------------------
Mean cost: 23037.10155176474 ± 33.689048945422385
  Inventory costs: 13232.890091569901
  Variable costs:  5011.270234893926
  Fixed costs:     4792.94122530089
  Simulation time: 601.0s

----------------------------------------
Evaluating ε = -7.5
----------------------------------------
Mean cost: 23981.61856722057 ± 28.1811874932465
  Inventory costs: 14470.131727141517
  Variable costs:  4998.390039882096
  Fixed costs:     4513.096800196937
  Simulation time: 593.2s

----------------------------------------
Evaluating ε = -10.0
----------------------------------------
Mean cost: 24939.726945462528 ± 25.914689324160978
  Inventory costs: 15662.77848801887
  Variable costs:  4990.313004635042
  Fixed costs:     4286.635452808585
  Simulation time: 598.2s

----------------------------------------
Evaluating ε = -12.5
----------------------------------------
Mean cost: 26076.435615862676 ± 48.287571408754175
  Inventory costs: 16941.30675392911
  Variable costs:  4999.31180610465
  Fixed costs:     4135.817055828913
  Simulation time: 595.4s

----------------------------------------
Evaluating ε = -15.0
----------------------------------------
Mean cost: 27147.726017798945 ± 47.11077631841908
  Inventory costs: 18171.813820348038
  Variable costs:  4992.309740887869
  Fixed costs:     3983.602456563042
  Simulation time: 573.2s

----------------------------------------
Evaluating ε = -20.0
----------------------------------------
Mean cost: 29458.866956304362 ± 34.1512972710815
  Inventory costs: 20692.06563060743
  Variable costs:  4999.668094518017
  Fixed costs:     3767.133231178933
  Simulation time: 560.5s

----------------------------------------
Evaluating ε = -25.0
----------------------------------------
Mean cost: 31834.159360210288 ± 38.77503143608897
  Inventory costs: 23271.409626138106
  Variable costs:  4989.317457618397
  Fixed costs:     3573.4322764537924
  Simulation time: 563.5s

----------------------------------------
Evaluating ε = -30.0
----------------------------------------
Mean cost: 34372.321200594466 ± 52.181953891613745
  Inventory costs: 25973.699845808478
  Variable costs:  4983.090570501563
  Fixed costs:     3415.530784284411
  Simulation time: 570.0s

----------------------------------------
Evaluating ε = -40.0
----------------------------------------
Mean cost: 39489.61995870775 ± 58.16465929942163
  Inventory costs: 31355.126858189953
  Variable costs:  4978.844106759332
  Fixed costs:     3155.6489937584724
  Simulation time: 573.7s

----------------------------------------
Evaluating ε = -50.0
----------------------------------------
Mean cost: 45176.70233536411 ± 94.21807350391957
  Inventory costs: 37227.95176502767
  Variable costs:  4991.493876785656
  Fixed costs:     2957.25669355077
  Simulation time: 573.0s

----------------------------------------
Evaluating ε = -75.0
----------------------------------------
Mean cost: 59966.82491819102 ± 118.20893129674735
  Inventory costs: 52393.71421823828
  Variable costs:  4988.253142261852
  Fixed costs:     2584.857557690922
  Simulation time: 575.1s

----------------------------------------
Evaluating ε = -100.0
----------------------------------------
Mean cost: 76451.14002776801 ± 146.32267964848225
  Inventory costs: 69146.78059755557
  Variable costs:  4989.118693120206
  Fixed costs:     2315.24073709219
  Simulation time: 555.5s

==================================================
Best epsilon: -1.25 with cost: 21910.17813484649 ± 37.43588786999531
==================================================
Skipping save for solve_inf: existing cost 21783.210372240337 <= new cost 21812.380549401263
Skipping save for find_stationary: existing cost 21853.065026473385 <= new cost 21910.17813484649

============================================================
FINAL RESULTS SUMMARY
============================================================

Method: solve_inf
  Order-up-to vector: [11, 11, 11, 11, 11, 11, 11, 11, 11, 11, 11, 11, 11, 11, 11, 6, 6, 6, 6, 6, 6, 6, 6, 6, 6, 6, 6, 6, 6, 6, 4, 4, 4, 4, 4, 4, 4, 4, 4, 4, 4, 4, 4, 4, 4, 4, 4, 4, 4, 4]
  Best epsilon: -1.25
  Best cost: 21812.380549401263 ± 22.10827840199609

Method: find_stationary
  Order-up-to vector: [11, 11, 11, 11, 11, 11, 11, 11, 11, 11, 11, 11, 11, 11, 11, 6, 6, 6, 6, 6, 6, 6, 6, 6, 6, 6, 6, 6, 6, 6, 4, 4, 4, 4, 4, 4, 4, 4, 4, 4, 4, 4, 4, 4, 4, 4, 4, 4, 4, 4]
  Best epsilon: -1.25
  Best cost: 21910.17813484649 ± 37.43588786999531

============================================================
Complete! Per-method results saved to:
  output/nn_training/results_50D_CaseLL_solve_inf.json
  output/nn_training/results_50D_CaseLL_find_stationary.json
============================================================

  Activating project at `~/DeepSJRP`
[ Info:  started timer at: 2026-04-25T10:57:04.843
┌ Warning: Layer with Float32 parameters got Float64 input.
│   The input will be converted, but any earlier layers may be very slow.
│   layer = Dense(50 => 1000, elu)  # 51_000 parameters
│   summary(x) = "50-element Vector{Float64}"
└ @ Flux ~/.julia/packages/Flux/DZYiO/src/layers/stateless.jl:60
RUNNING THE L-BFGS-B CODE

           * * *

Machine precision = 2.220D-16
 N =           50     M =           10

At X0         0 variables are exactly at the bounds

At iterate    0    f=  2.56696D+02    |proj g|=  3.34812D-03

           * * *

Tit   = total number of iterations
Tnf   = total number of function evaluations
Tnint = total number of segments explored during Cauchy searches
Skip  = number of BFGS updates skipped
Nact  = number of active bounds at final generalized Cauchy point
Projg = norm of the final projected gradient
F     = final function value

           * * *

   N    Tit     Tnf  Tnint  Skip  Nact     Projg        F
   50      0      1      0     0     0   3.348D-03   2.567D+02
  F =   256.69597534179690     

CONVERGENCE: NORM_OF_PROJECTED_GRADIENT_<=_PGTOL            

 Cauchy                time 0.000E+00 seconds.
 Subspace minimization time 0.000E+00 seconds.
 Line search           time 0.000E+00 seconds.

 Total User time 2.657E+00 seconds.

RUNNING THE L-BFGS-B CODE

           * * *

Machine precision = 2.220D-16
 N =           50     M =           10

At X0         0 variables are exactly at the bounds

At iterate    0    f=  5.48799D-04    |proj g|=  1.36214D-07

           * * *

Tit   = total number of iterations
Tnf   = total number of function evaluations
Tnint = total number of segments explored during Cauchy searches
Skip  = number of BFGS updates skipped
Nact  = number of active bounds at final generalized Cauchy point
Projg = norm of the final projected gradient
F     = final function value

           * * *

   N    Tit     Tnf  Tnint  Skip  Nact     Projg        F
   50      0      1      0     0     0   1.362D-07   5.488D-04
  F =   5.4879872146693911E-004

CONVERGENCE: NORM_OF_PROJECTED_GRADIENT_<=_PGTOL            

 Cauchy                time 0.000E+00 seconds.
 Subspace minimization time 0.000E+00 seconds.
 Line search           time 0.000E+00 seconds.

 Total User time 3.047E-01 seconds.

