
============================================================
DeepSJRP - Stochastic Joint Replenishment Problem Solver
============================================================
Instance: 50D_CaseMM
Options: Dict{Symbol, Any}(:beta_override => 1.0e6, :alpha_override => nothing, :device => :gpu, :nu_override => 0.2, :T_override => 0.1, :seed => 777)
============================================================

Device: CUDA GPU
CUDA toolchain: 
- runtime 12.8, local installation
- driver 580.126.16 for 13.2
- compiler 12.9

CUDA libraries: 
- CUBLAS: 12.8.4
- CURAND: 10.3.9
- CUFFT: 11.3.3
- CUSOLVER: 11.7.3
- CUSPARSE: 12.5.8
- CUPTI: 2025.1.1 (API 12.8.0)
- NVML: 13.0.0+580.126.16

Julia packages: 
- CUDA: 5.11.0
- GPUArrays: 11.4.1
- GPUCompiler: 1.9.1
- KernelAbstractions: 0.9.41
- CUDA_Driver_jll: 13.2.0+0
- CUDA_Compiler_jll: 0.4.2+0
- CUDA_Runtime_jll: 0.21.0+0
- CUDA_Runtime_Discovery: 1.0.0

Toolchain:
- Julia: 1.11.7
- LLVM: 16.0.6

Preferences:
- CUDA_Runtime_jll.version: local

1 device:
  0: NVIDIA H100 80GB HBM3 (sm_90, 79.175 GiB / 79.647 GiB available)
BLAS threads: 1
Julia threads: 10

Benchmark source: QS

============================================================
IMPULSE CONTROL PROBLEM (scaled, annual)
============================================================
Instance: 50D_CaseMM
Dimension: 50
Interest rate: 0.05
Cost scaling κ: 0.01

Drift μ (annual demand rates): [50.0, 50.0, 50.0, 50.0, 50.0, 50.0, 50.0, 50.0, 50.0, 50.0, 50.0, 50.0, 50.0, 50.0, 50.0, 25.0, 25.0, 25.0, 25.0, 25.0, 25.0, 25.0, 25.0, 25.0, 25.0, 25.0, 25.0, 25.0, 25.0, 25.0, 12.5, 12.5, 12.5, 12.5, 12.5, 12.5, 12.5, 12.5, 12.5, 12.5, 12.5, 12.5, 12.5, 12.5, 12.5, 12.5, 12.5, 12.5, 12.5, 12.5]
Covariance Σ diagonal: [625.0, 625.0, 625.0, 625.0, 625.0, 625.0, 625.0, 625.0, 625.0, 625.0, 625.0, 625.0, 625.0, 625.0, 625.0, 156.25, 156.25, 156.25, 156.25, 156.25, 156.25, 156.25, 156.25, 156.25, 156.25, 156.25, 156.25, 156.25, 156.25, 156.25, 39.0625, 39.0625, 39.0625, 39.0625, 39.0625, 39.0625, 39.0625, 39.0625, 39.0625, 39.0625, 39.0625, 39.0625, 39.0625, 39.0625, 39.0625, 39.0625, 39.0625, 39.0625, 39.0625, 39.0625]

Scaled costs (× κ = 0.01):
  Fixed cost K:    1.5
  Variable costs c: [0.001, 0.001, 0.001, 0.001, 0.001, 0.001, 0.001, 0.001, 0.001, 0.001, 0.001, 0.001, 0.001, 0.001, 0.001, 0.002, 0.002, 0.002, 0.002, 0.002, 0.002, 0.002, 0.002, 0.002, 0.002, 0.002, 0.002, 0.002, 0.002, 0.002, 0.004, 0.004, 0.004, 0.004, 0.004, 0.004, 0.004, 0.004, 0.004, 0.004, 0.004, 0.004, 0.004, 0.004, 0.004, 0.004, 0.004, 0.004, 0.004, 0.004]
  Holding costs h:  [0.01, 0.01, 0.01, 0.01, 0.01, 0.01, 0.01, 0.01, 0.01, 0.01, 0.01, 0.01, 0.01, 0.01, 0.01, 0.02, 0.02, 0.02, 0.02, 0.02, 0.02, 0.02, 0.02, 0.02, 0.02, 0.02, 0.02, 0.02, 0.02, 0.02, 0.04, 0.04, 0.04, 0.04, 0.04, 0.04, 0.04, 0.04, 0.04, 0.04, 0.04, 0.04, 0.04, 0.04, 0.04, 0.04, 0.04, 0.04, 0.04, 0.04]
  Penalty costs p:  [0.25, 0.25, 0.25, 0.25, 0.25, 0.25, 0.25, 0.25, 0.25, 0.25, 0.25, 0.25, 0.25, 0.25, 0.25, 0.5, 0.5, 0.5, 0.5, 0.5, 0.5, 0.5, 0.5, 0.5, 0.5, 0.5, 0.5, 0.5, 0.5, 0.5, 1.0, 1.0, 1.0, 1.0, 1.0, 1.0, 1.0, 1.0, 1.0, 1.0, 1.0, 1.0, 1.0, 1.0, 1.0, 1.0, 1.0, 1.0, 1.0, 1.0]

Original costs (unscaled):
  Fixed cost K:    150.0
  Variable costs c: [0.1, 0.1, 0.1, 0.1, 0.1, 0.1, 0.1, 0.1, 0.1, 0.1, 0.1, 0.1, 0.1, 0.1, 0.1, 0.2, 0.2, 0.2, 0.2, 0.2, 0.2, 0.2, 0.2, 0.2, 0.2, 0.2, 0.2, 0.2, 0.2, 0.2, 0.4, 0.4, 0.4, 0.4, 0.4, 0.4, 0.4, 0.4, 0.4, 0.4, 0.4, 0.4, 0.4, 0.4, 0.4, 0.4, 0.4, 0.4, 0.4, 0.4]
  Holding costs h:  [1.0, 1.0, 1.0, 1.0, 1.0, 1.0, 1.0, 1.0, 1.0, 1.0, 1.0, 1.0, 1.0, 1.0, 1.0, 2.0, 2.0, 2.0, 2.0, 2.0, 2.0, 2.0, 2.0, 2.0, 2.0, 2.0, 2.0, 2.0, 2.0, 2.0, 4.0, 4.0, 4.0, 4.0, 4.0, 4.0, 4.0, 4.0, 4.0, 4.0, 4.0, 4.0, 4.0, 4.0, 4.0, 4.0, 4.0, 4.0, 4.0, 4.0]
  Penalty costs p:  [25.0, 25.0, 25.0, 25.0, 25.0, 25.0, 25.0, 25.0, 25.0, 25.0, 25.0, 25.0, 25.0, 25.0, 25.0, 50.0, 50.0, 50.0, 50.0, 50.0, 50.0, 50.0, 50.0, 50.0, 50.0, 50.0, 50.0, 50.0, 50.0, 50.0, 100.0, 100.0, 100.0, 100.0, 100.0, 100.0, 100.0, 100.0, 100.0, 100.0, 100.0, 100.0, 100.0, 100.0, 100.0, 100.0, 100.0, 100.0, 100.0, 100.0]
============================================================

============================================================
TRAINING HYPERPARAMETERS
============================================================
Benchmark source: QS
Precision:        Float32
Batch size:       5000
Num intervals:    100
T horizon:        0.1
Num iterations:   40000
Learning rates:   [0.001, 0.0002, 0.0001, 1.0e-5, 1.0e-6]
LR steps:         [1, 5000, 10000, 20000, 30000]
Beta penalty:     [1.0, 10.0, 100.0, 1000.0, 10000.0, 1.0e6]
Penalty steps:    [1, 2500, 5000, 7500, 10000, 20000]
Lambda rate:      4.363381301869813
S guess:          [[27.0, 27.0, 27.0, 26.0, 26.0, 26.0, 27.0, 26.0, 27.0, 27.0, 27.0, 27.0, 27.0, 26.0, 27.0, 14.0, 14.0, 14.0, 14.0, 14.0, 14.0, 14.0, 14.0, 14.0, 14.0, 14.0, 14.0, 14.0, 14.0, 14.0, 7.0, 7.0, 7.0, 7.0, 7.0, 7.0, 7.0, 7.0, 7.0, 7.0, 7.0, 7.0, 7.0, 7.0, 7.0, 7.0, 7.0, 7.0, 7.0, 7.0]]
Nu radius:        0.2
S distribution:   lognormal
Alpha factor:     0.2
Alpha js:         [2.2918006262058195, 2.2918006262058195, 2.2918006262058195, 2.2918006262058195, 2.2918006262058195, 2.2918006262058195, 2.2918006262058195, 2.2918006262058195, 2.2918006262058195, 2.2918006262058195, 2.2918006262058195, 2.2918006262058195, 2.2918006262058195, 2.2918006262058195, 2.2918006262058195, 1.1459003131029097, 1.1459003131029097, 1.1459003131029097, 1.1459003131029097, 1.1459003131029097, 1.1459003131029097, 1.1459003131029097, 1.1459003131029097, 1.1459003131029097, 1.1459003131029097, 1.1459003131029097, 1.1459003131029097, 1.1459003131029097, 1.1459003131029097, 1.1459003131029097, 0.5729501565514549, 0.5729501565514549, 0.5729501565514549, 0.5729501565514549, 0.5729501565514549, 0.5729501565514549, 0.5729501565514549, 0.5729501565514549, 0.5729501565514549, 0.5729501565514549, 0.5729501565514549, 0.5729501565514549, 0.5729501565514549, 0.5729501565514549, 0.5729501565514549, 0.5729501565514549, 0.5729501565514549, 0.5729501565514549, 0.5729501565514549, 0.5729501565514549]
Cost scaling:     0.01

Neural network architecture:
  Hidden layers:  4
  Width:          1000
  Activation:     elu

Optimization parameters:
  Start factor:   1.0
  Lower factor:   0.5
  Upper factor:   1.5
  Sim runs:       10
  Sim horizon:    5000
  Epsilons:       [-1.25, -2.5, -5.0, -7.5, -10.0, -12.5, -15.0, -20.0, -25.0, -30.0, -40.0, -50.0, -75.0, -100.0]
============================================================

Gradient network G (∇V):
Chain(
  Dense(50 => 1000, elu),               # 51_000 parameters
  Dense(1000 => 1000, elu),             # 1_001_000 parameters
  Dense(1000 => 1000, elu),             # 1_001_000 parameters
  Dense(1000 => 1000, elu),             # 1_001_000 parameters
  Dense(1000 => 50),                    # 50_050 parameters
)                   # Total: 10 arrays, 3_104_050 parameters, 1.562 KiB.

Value network H (V):
Chain(
  Dense(50 => 1000, elu),               # 51_000 parameters
  Dense(1000 => 1000, elu),             # 1_001_000 parameters
  Dense(1000 => 1000, elu),             # 1_001_000 parameters
  Dense(1000 => 1000, elu),             # 1_001_000 parameters
  Dense(1000 => 1),                     # 1_001 parameters
)                   # Total: 10 arrays, 3_055_001 parameters, 1.562 KiB.


============================================================
Starting neural network training...
============================================================

Starting training with steady-state sampler:
-----------------------------------------
Epoch: 1; Penalty β updated to: 1.0
-----------------------------------------
─── Device check ───
  x_tn: CuArray{Float32} (50, 100, 5000)
  dB: CuArray{Float32} (50, 100, 5000)
  dU: CuArray{Float32} (50, 100, 5000)
  exponentials: CuArray{Float32} (1, 100)
  loss_dB: CuArray{Float32} (1, 5000)
  loss_df: CuArray{Float32} (1, 5000)
  loss_dU: CuArray{Float32} (1, 5000)
  H_x0: CuArray{Float32} (1, 5000)
  H_xT: CuArray{Float32} (1, 5000)
  penalties: CuArray{Float32} (1, 5000)
────────────────────
Epoch: 1; Computation time: 64.525162294; Current value of V(0): 0.0
Lagrangian objective: 88990.6; Average H(x0): 0.0; Quantile-hedge α(β): 49.58
Simulation time per epoch: 11.975480818; Gradient computation time: 40.412853076; Testing time: 11.290862049
Epoch: 1000; Computation time: 403.343309391; Current value of V(0): 424081.591796875
Lagrangian objective: -10754.135; Average H(x0): 20764.307; Quantile-hedge α(β): 0.019999999999997797
Simulation time per epoch: 0.074083039; Gradient computation time: 0.181294008; Testing time: 0.083222065
Epoch: 2000; Computation time: 742.26348985; Current value of V(0): 666038.96484375
Lagrangian objective: -10779.508; Average H(x0): 20957.805; Quantile-hedge α(β): 0.019999999999997797
Simulation time per epoch: 0.074062988; Gradient computation time: 0.181196975; Testing time: 0.083193584
-----------------------------------------
Epoch: 2500; Penalty β updated to: 10.0
-----------------------------------------
Epoch: 3000; Computation time: 1081.15494585; Current value of V(0): 121023.92578125
Lagrangian objective: -1663.4915; Average H(x0): 2779.9463; Quantile-hedge α(β): 4.120000000000001
Simulation time per epoch: 0.074055198; Gradient computation time: 0.181540128; Testing time: 0.083232933
Epoch: 4000; Computation time: 1420.01852641; Current value of V(0): 122364.8193359375
Lagrangian objective: -1639.4113; Average H(x0): 2778.4072; Quantile-hedge α(β): 3.8000000000000034
Simulation time per epoch: 0.074106503; Gradient computation time: 0.181301012; Testing time: 0.083183983
-----------------------------------------
Epoch: 5000; Penalty β updated to: 100.0
-----------------------------------------
Epoch: 5000; Computation time: 1758.816697328; Current value of V(0): 123558.28857421875
Lagrangian objective: 8545.511; Average H(x0): 2785.3562; Quantile-hedge α(β): 3.9200000000000013
Simulation time per epoch: 0.074007226; Gradient computation time: 0.181194107; Testing time: 0.083168056
Epoch: 6000; Computation time: 2097.779585668; Current value of V(0): 37356.40869140625
Lagrangian objective: -626.1859; Average H(x0): 794.28204; Quantile-hedge α(β): 23.839999999999996
Simulation time per epoch: 0.074125175; Gradient computation time: 0.181250253; Testing time: 0.083200951
Epoch: 7000; Computation time: 2436.70113289; Current value of V(0): 37330.126953125
Lagrangian objective: -636.5231; Average H(x0): 792.77014; Quantile-hedge α(β): 22.76
Simulation time per epoch: 0.07414155; Gradient computation time: 0.181407872; Testing time: 0.083150448
-----------------------------------------
Epoch: 7500; Penalty β updated to: 1000.0
-----------------------------------------
Epoch: 8000; Computation time: 2775.477960672; Current value of V(0): 24085.101318359375
Lagrangian objective: -399.41382; Average H(x0): 434.3731; Quantile-hedge α(β): 80.58
Simulation time per epoch: 0.074095103; Gradient computation time: 0.181267784; Testing time: 0.08317724
Epoch: 9000; Computation time: 3114.151724841; Current value of V(0): 27134.536743164062
Lagrangian objective: -453.89145; Average H(x0): 502.4412; Quantile-hedge α(β): 64.8
Simulation time per epoch: 0.07403245; Gradient computation time: 0.183430686; Testing time: 0.08327407
-----------------------------------------
Epoch: 10000; Penalty β updated to: 10000.0
-----------------------------------------
Epoch: 10000; Computation time: 3453.10489472; Current value of V(0): 27159.722900390625
Lagrangian objective: -15.9843; Average H(x0): 501.1291; Quantile-hedge α(β): 64.7
Simulation time per epoch: 0.073928874; Gradient computation time: 0.183013795; Testing time: 0.083211698
Epoch: 11000; Computation time: 3792.077115256; Current value of V(0): 23258.50830078125
Lagrangian objective: -394.76044; Average H(x0): 417.30472; Quantile-hedge α(β): 92.02
Simulation time per epoch: 0.074097165; Gradient computation time: 0.181168659; Testing time: 0.083236429
Epoch: 12000; Computation time: 4130.87748919; Current value of V(0): 23146.91925048828
Lagrangian objective: -389.6869; Average H(x0): 410.4583; Quantile-hedge α(β): 92.92
Simulation time per epoch: 0.073982972; Gradient computation time: 0.181096876; Testing time: 0.083303917
Epoch: 13000; Computation time: 4469.661583198; Current value of V(0): 23539.993286132812
Lagrangian objective: -384.18182; Average H(x0): 419.4801; Quantile-hedge α(β): 90.32
Simulation time per epoch: 0.074099997; Gradient computation time: 0.181677927; Testing time: 0.083284423
Epoch: 14000; Computation time: 4808.618125442; Current value of V(0): 22569.67315673828
Lagrangian objective: -383.6432; Average H(x0): 404.57602; Quantile-hedge α(β): 94.39999999999999
Simulation time per epoch: 0.074132008; Gradient computation time: 0.181174901; Testing time: 0.083217304
Epoch: 15000; Computation time: 5147.437510141; Current value of V(0): 23507.907104492188
Lagrangian objective: -392.63116; Average H(x0): 423.30566; Quantile-hedge α(β): 91.2
Simulation time per epoch: 0.074113064; Gradient computation time: 0.180935327; Testing time: 0.083153436
Epoch: 16000; Computation time: 5486.326657377; Current value of V(0): -33055.615234375
Lagrangian objective: 891.3599; Average H(x0): -891.3599; Quantile-hedge α(β): 100.0
Simulation time per epoch: 0.07412559; Gradient computation time: 0.181173456; Testing time: 0.083101715
Epoch: 17000; Computation time: 5825.087942123; Current value of V(0): 22996.054077148438
Lagrangian objective: -394.7214; Average H(x0): 416.60648; Quantile-hedge α(β): 92.36
Simulation time per epoch: 0.074115872; Gradient computation time: 0.181462074; Testing time: 0.083209844
Epoch: 18000; Computation time: 6163.869015515; Current value of V(0): -37548.69384765625
Lagrangian objective: 1005.9353; Average H(x0): -1005.3195; Quantile-hedge α(β): 99.98
Simulation time per epoch: 0.074121917; Gradient computation time: 0.181111298; Testing time: 0.083161249
Epoch: 19000; Computation time: 6503.333385766; Current value of V(0): 22728.639221191406
Lagrangian objective: -391.05212; Average H(x0): 412.85132; Quantile-hedge α(β): 93.7
Simulation time per epoch: 0.07404007; Gradient computation time: 0.182071659; Testing time: 0.083300386
-----------------------------------------
Epoch: 20000; Penalty β updated to: 1.0e6
-----------------------------------------
Epoch: 20000; Computation time: 6842.850305209; Current value of V(0): 22567.962646484375
Lagrangian objective: 1586.5288; Average H(x0): 421.81174; Quantile-hedge α(β): 91.60000000000001
Simulation time per epoch: 0.073824913; Gradient computation time: 0.181847675; Testing time: 0.083313373
Epoch: 21000; Computation time: 7182.383990315; Current value of V(0): 14395.610046386719
Lagrangian objective: -232.21805; Average H(x0): 232.21805; Quantile-hedge α(β): 100.0
Simulation time per epoch: 0.074054056; Gradient computation time: 0.181520242; Testing time: 0.083327639
Epoch: 22000; Computation time: 7521.904096638; Current value of V(0): 18601.34735107422
Lagrangian objective: -326.3344; Average H(x0): 329.49875; Quantile-hedge α(β): 99.94
Simulation time per epoch: 0.07390318; Gradient computation time: 0.181548669; Testing time: 0.083314108
Epoch: 23000; Computation time: 7861.502771171; Current value of V(0): 19347.804260253906
Lagrangian objective: -338.92532; Average H(x0): 345.2225; Quantile-hedge α(β): 99.94
Simulation time per epoch: 0.073975855; Gradient computation time: 0.181581593; Testing time: 0.083302586
Epoch: 24000; Computation time: 8200.669325874; Current value of V(0): 19326.808166503906
Lagrangian objective: -338.47076; Average H(x0): 342.40518; Quantile-hedge α(β): 99.9
Simulation time per epoch: 0.073651883; Gradient computation time: 0.180724967; Testing time: 0.082721614
Epoch: 25000; Computation time: 8538.926022549; Current value of V(0): 18909.329223632812
Lagrangian objective: -332.94608; Average H(x0): 336.2965; Quantile-hedge α(β): 99.94
Simulation time per epoch: 0.074157839; Gradient computation time: 0.180756762; Testing time: 0.082904933
Epoch: 26000; Computation time: 8877.315118849; Current value of V(0): 14523.992919921875
Lagrangian objective: -234.8909; Average H(x0): 234.8909; Quantile-hedge α(β): 100.0
Simulation time per epoch: 0.07412801; Gradient computation time: 0.180802723; Testing time: 0.0830609
Epoch: 27000; Computation time: 9215.567952597; Current value of V(0): 18638.827514648438
Lagrangian objective: -328.18314; Average H(x0): 328.7081; Quantile-hedge α(β): 99.96000000000001
Simulation time per epoch: 0.074133879; Gradient computation time: 0.180938482; Testing time: 0.083149845
Epoch: 28000; Computation time: 9553.900994783; Current value of V(0): 18508.8134765625
Lagrangian objective: -325.93716; Average H(x0): 325.93716; Quantile-hedge α(β): 100.0
Simulation time per epoch: 0.074131339; Gradient computation time: 0.181065198; Testing time: 0.083159656
Epoch: 29000; Computation time: 9892.240291595; Current value of V(0): 15355.465698242188
Lagrangian objective: -256.1886; Average H(x0): 256.1886; Quantile-hedge α(β): 100.0
Simulation time per epoch: 0.074132868; Gradient computation time: 0.181173804; Testing time: 0.083134878
Epoch: 30000; Computation time: 10230.376567317; Current value of V(0): 18225.418090820312
Lagrangian objective: -310.0002; Average H(x0): 319.25656; Quantile-hedge α(β): 99.94
Simulation time per epoch: 0.074030744; Gradient computation time: 0.181032553; Testing time: 0.083117621
Epoch: 31000; Computation time: 10568.426528413; Current value of V(0): 18905.667114257812
Lagrangian objective: -333.4089; Average H(x0): 333.4089; Quantile-hedge α(β): 100.0
Simulation time per epoch: 0.074146791; Gradient computation time: 0.18069185; Testing time: 0.082953178
Epoch: 32000; Computation time: 10906.482263352; Current value of V(0): 19071.484375
Lagrangian objective: -335.4843; Average H(x0): 337.20615; Quantile-hedge α(β): 99.94
Simulation time per epoch: 0.074239739; Gradient computation time: 0.18019318; Testing time: 0.08289154
Epoch: 33000; Computation time: 11244.358436299; Current value of V(0): 19678.06854248047
Lagrangian objective: -347.2428; Average H(x0): 350.25974; Quantile-hedge α(β): 99.9
Simulation time per epoch: 0.074165778; Gradient computation time: 0.179843171; Testing time: 0.082699458
Epoch: 34000; Computation time: 11581.638402181; Current value of V(0): 19763.270568847656
Lagrangian objective: -351.89334; Average H(x0): 351.89334; Quantile-hedge α(β): 100.0
Simulation time per epoch: 0.074236503; Gradient computation time: 0.179996652; Testing time: 0.082810605
Epoch: 35000; Computation time: 11919.059986221; Current value of V(0): 19853.021240234375
Lagrangian objective: -346.98636; Average H(x0): 353.8424; Quantile-hedge α(β): 99.92
Simulation time per epoch: 0.07417062; Gradient computation time: 0.180741257; Testing time: 0.082959628
Epoch: 36000; Computation time: 12256.331228649; Current value of V(0): 20101.136779785156
Lagrangian objective: -351.1107; Average H(x0): 358.9231; Quantile-hedge α(β): 99.86
Simulation time per epoch: 0.074302405; Gradient computation time: 0.180126885; Testing time: 0.082821994
Epoch: 37000; Computation time: 12593.659980525; Current value of V(0): 19834.344482421875
Lagrangian objective: -352.30396; Average H(x0): 352.57446; Quantile-hedge α(β): 99.92
Simulation time per epoch: 0.074248427; Gradient computation time: 0.180301243; Testing time: 0.082811145
Epoch: 38000; Computation time: 12930.95705757; Current value of V(0): 19843.614196777344
Lagrangian objective: -349.8845; Average H(x0): 352.70715; Quantile-hedge α(β): 99.92
Simulation time per epoch: 0.074272844; Gradient computation time: 0.180087419; Testing time: 0.082894576
Epoch: 39000; Computation time: 13268.254689575; Current value of V(0): 19878.91387939453
Lagrangian objective: -342.54404; Average H(x0): 353.27655; Quantile-hedge α(β): 99.94
Simulation time per epoch: 0.074320956; Gradient computation time: 0.180068318; Testing time: 0.08284389
Epoch: 40000; Computation time: 13605.512623672; Current value of V(0): 19662.249755859375
Lagrangian objective: -323.6066; Average H(x0): 347.3984; Quantile-hedge α(β): 99.78
Simulation time per epoch: 0.074287721; Gradient computation time: 0.180140651; Testing time: 0.082808805

Training completed in 13605.512728367 seconds
Final V(0): 19661.288452148438

============================================================
Running policy evaluation...
============================================================


============================================================
INVENTORY PROBLEM (unscaled, weekly)
============================================================
Dimension:       50
Discount factor: 0.9990389236684376
Fixed cost:      150.0
Variable costs:  [0.1, 0.1, 0.1, 0.1, 0.1, 0.1, 0.1, 0.1, 0.1, 0.1, 0.1, 0.1, 0.1, 0.1, 0.1, 0.2, 0.2, 0.2, 0.2, 0.2, 0.2, 0.2, 0.2, 0.2, 0.2, 0.2, 0.2, 0.2, 0.2, 0.2, 0.4, 0.4, 0.4, 0.4, 0.4, 0.4, 0.4, 0.4, 0.4, 0.4, 0.4, 0.4, 0.4, 0.4, 0.4, 0.4, 0.4, 0.4, 0.4, 0.4]
Holding costs:   [0.019230769230769232, 0.019230769230769232, 0.019230769230769232, 0.019230769230769232, 0.019230769230769232, 0.019230769230769232, 0.019230769230769232, 0.019230769230769232, 0.019230769230769232, 0.019230769230769232, 0.019230769230769232, 0.019230769230769232, 0.019230769230769232, 0.019230769230769232, 0.019230769230769232, 0.038461538461538464, 0.038461538461538464, 0.038461538461538464, 0.038461538461538464, 0.038461538461538464, 0.038461538461538464, 0.038461538461538464, 0.038461538461538464, 0.038461538461538464, 0.038461538461538464, 0.038461538461538464, 0.038461538461538464, 0.038461538461538464, 0.038461538461538464, 0.038461538461538464, 0.07692307692307693, 0.07692307692307693, 0.07692307692307693, 0.07692307692307693, 0.07692307692307693, 0.07692307692307693, 0.07692307692307693, 0.07692307692307693, 0.07692307692307693, 0.07692307692307693, 0.07692307692307693, 0.07692307692307693, 0.07692307692307693, 0.07692307692307693, 0.07692307692307693, 0.07692307692307693, 0.07692307692307693, 0.07692307692307693, 0.07692307692307693, 0.07692307692307693]
Backlog costs:   [0.4807692307692308, 0.4807692307692308, 0.4807692307692308, 0.4807692307692308, 0.4807692307692308, 0.4807692307692308, 0.4807692307692308, 0.4807692307692308, 0.4807692307692308, 0.4807692307692308, 0.4807692307692308, 0.4807692307692308, 0.4807692307692308, 0.4807692307692308, 0.4807692307692308, 0.9615384615384616, 0.9615384615384616, 0.9615384615384616, 0.9615384615384616, 0.9615384615384616, 0.9615384615384616, 0.9615384615384616, 0.9615384615384616, 0.9615384615384616, 0.9615384615384616, 0.9615384615384616, 0.9615384615384616, 0.9615384615384616, 0.9615384615384616, 0.9615384615384616, 1.9230769230769231, 1.9230769230769231, 1.9230769230769231, 1.9230769230769231, 1.9230769230769231, 1.9230769230769231, 1.9230769230769231, 1.9230769230769231, 1.9230769230769231, 1.9230769230769231, 1.9230769230769231, 1.9230769230769231, 1.9230769230769231, 1.9230769230769231, 1.9230769230769231, 1.9230769230769231, 1.9230769230769231, 1.9230769230769231, 1.9230769230769231, 1.9230769230769231]
Demand dists:    DataType[Distributions.NegativeBinomial{Float64}, Distributions.NegativeBinomial{Float64}, Distributions.NegativeBinomial{Float64}, Distributions.NegativeBinomial{Float64}, Distributions.NegativeBinomial{Float64}, Distributions.NegativeBinomial{Float64}, Distributions.NegativeBinomial{Float64}, Distributions.NegativeBinomial{Float64}, Distributions.NegativeBinomial{Float64}, Distributions.NegativeBinomial{Float64}, Distributions.NegativeBinomial{Float64}, Distributions.NegativeBinomial{Float64}, Distributions.NegativeBinomial{Float64}, Distributions.NegativeBinomial{Float64}, Distributions.NegativeBinomial{Float64}, Distributions.NegativeBinomial{Float64}, Distributions.NegativeBinomial{Float64}, Distributions.NegativeBinomial{Float64}, Distributions.NegativeBinomial{Float64}, Distributions.NegativeBinomial{Float64}, Distributions.NegativeBinomial{Float64}, Distributions.NegativeBinomial{Float64}, Distributions.NegativeBinomial{Float64}, Distributions.NegativeBinomial{Float64}, Distributions.NegativeBinomial{Float64}, Distributions.NegativeBinomial{Float64}, Distributions.NegativeBinomial{Float64}, Distributions.NegativeBinomial{Float64}, Distributions.NegativeBinomial{Float64}, Distributions.NegativeBinomial{Float64}, Distributions.NegativeBinomial{Float64}, Distributions.NegativeBinomial{Float64}, Distributions.NegativeBinomial{Float64}, Distributions.NegativeBinomial{Float64}, Distributions.NegativeBinomial{Float64}, Distributions.NegativeBinomial{Float64}, Distributions.NegativeBinomial{Float64}, Distributions.NegativeBinomial{Float64}, Distributions.NegativeBinomial{Float64}, Distributions.NegativeBinomial{Float64}, Distributions.NegativeBinomial{Float64}, Distributions.NegativeBinomial{Float64}, Distributions.NegativeBinomial{Float64}, Distributions.NegativeBinomial{Float64}, Distributions.NegativeBinomial{Float64}, Distributions.NegativeBinomial{Float64}, Distributions.NegativeBinomial{Float64}, Distributions.NegativeBinomial{Float64}, Distributions.NegativeBinomial{Float64}, Distributions.NegativeBinomial{Float64}]
Demand means:    [0.9615384615384616, 0.9615384615384616, 0.9615384615384616, 0.9615384615384616, 0.9615384615384616, 0.9615384615384616, 0.9615384615384616, 0.9615384615384616, 0.9615384615384616, 0.9615384615384616, 0.9615384615384616, 0.9615384615384616, 0.9615384615384616, 0.9615384615384616, 0.9615384615384616, 0.4807692307692307, 0.4807692307692307, 0.4807692307692307, 0.4807692307692307, 0.4807692307692307, 0.4807692307692307, 0.4807692307692307, 0.4807692307692307, 0.4807692307692307, 0.4807692307692307, 0.4807692307692307, 0.4807692307692307, 0.4807692307692307, 0.4807692307692307, 0.4807692307692307, 0.24038461538461536, 0.24038461538461536, 0.24038461538461536, 0.24038461538461536, 0.24038461538461536, 0.24038461538461536, 0.24038461538461536, 0.24038461538461536, 0.24038461538461536, 0.24038461538461536, 0.24038461538461536, 0.24038461538461536, 0.24038461538461536, 0.24038461538461536, 0.24038461538461536, 0.24038461538461536, 0.24038461538461536, 0.24038461538461536, 0.24038461538461536, 0.24038461538461536]
============================================================

==================================================
Computing order-up-to vector via :solve_inf
==================================================

Method: solve_inf
Final objective: 348.2029064941406
z*: [27.0, 27.0, 27.0, 26.0, 26.0, 26.0, 27.0, 26.0, 27.0, 27.0, 27.0, 27.0, 27.0, 26.0, 27.0, 14.0, 14.0, 14.0, 14.0, 14.0, 14.0, 14.0, 14.0, 14.0, 14.0, 14.0, 14.0, 14.0, 14.0, 14.0, 7.0, 7.0, 7.0, 7.0, 7.0, 7.0, 7.0, 7.0, 7.0, 7.0, 7.0, 7.0, 7.0, 7.0, 7.0, 7.0, 7.0, 7.0, 7.0, 7.0]
Intervention value: -153.08999145507812

==================================================
Computing order-up-to vector via :find_stationary
==================================================

Method: find_stationary
Final residual: 0.03851132088051588
z*: [27.0, 27.0, 27.0, 26.0, 26.0, 26.0, 27.0, 26.0, 27.0, 27.0, 27.0, 27.0, 27.0, 26.0, 27.0, 14.0, 14.0, 14.0, 14.0, 14.0, 14.0, 14.0, 14.0, 14.0, 14.0, 14.0, 14.0, 14.0, 14.0, 14.0, 7.0, 7.0, 7.0, 7.0, 7.0, 7.0, 7.0, 7.0, 7.0, 7.0, 7.0, 7.0, 7.0, 7.0, 7.0, 7.0, 7.0, 7.0, 7.0, 7.0]
Intervention value: -153.08999145507812

==================================================
Summary:
  solve_inf:       z* = [27, 27, 27, 26, 26, 26, 27, 26, 27, 27, 27, 27, 27, 26, 27, 14, 14, 14, 14, 14, 14, 14, 14, 14, 14, 14, 14, 14, 14, 14, 7, 7, 7, 7, 7, 7, 7, 7, 7, 7, 7, 7, 7, 7, 7, 7, 7, 7, 7, 7]
  find_stationary: z* = [27, 27, 27, 26, 26, 26, 27, 26, 27, 27, 27, 27, 27, 26, 27, 14, 14, 14, 14, 14, 14, 14, 14, 14, 14, 14, 14, 14, 14, 14, 7, 7, 7, 7, 7, 7, 7, 7, 7, 7, 7, 7, 7, 7, 7, 7, 7, 7, 7, 7]
==================================================

============================================================
Evaluating method: solve_inf
============================================================

----------------------------------------
Evaluating ε = -1.25
----------------------------------------
Mean cost: 186322.00912052518 ± 72.74531742940239
  Inventory costs: 27229.335705373254
  Variable costs:  5078.23714171566
  Fixed costs:     154014.4362734353
  Simulation time: 437.5s

----------------------------------------
Evaluating ε = -2.5
----------------------------------------
Mean cost: 56487.51597313455 ± 493.52461662199676
  Inventory costs: 25832.200759129762
  Variable costs:  5091.757730807699
  Fixed costs:     25563.557483197055
  Simulation time: 435.2s

----------------------------------------
Evaluating ε = -5.0
----------------------------------------
Mean cost: 49688.68586619495 ± 135.08466033788173
  Inventory costs: 27180.931918494007
  Variable costs:  5091.73036671012
  Fixed costs:     17416.02358099078
  Simulation time: 433.3s

----------------------------------------
Evaluating ε = -7.5
----------------------------------------
Mean cost: 48265.301649506546 ± 148.57623214673404
  Inventory costs: 28801.52626027661
  Variable costs:  5080.006153870123
  Fixed costs:     14383.76923535984
  Simulation time: 434.5s

----------------------------------------
Evaluating ε = -10.0
----------------------------------------
Mean cost: 47940.480382328526 ± 124.64692117988908
  Inventory costs: 30289.349767469383
  Variable costs:  5061.990504454251
  Fixed costs:     12589.140110404956
  Simulation time: 441.3s

----------------------------------------
Evaluating ε = -12.5
----------------------------------------
Mean cost: 48704.99039594916 ± 134.19814103012538
  Inventory costs: 32086.501848961132
  Variable costs:  5072.437778947298
  Fixed costs:     11546.050768040754
  Simulation time: 442.5s

----------------------------------------
Evaluating ε = -15.0
----------------------------------------
Mean cost: 49613.89152919958 ± 151.17661267727337
  Inventory costs: 33893.00605346542
  Variable costs:  5088.167917504683
  Fixed costs:     10632.7175582294
  Simulation time: 441.7s

----------------------------------------
Evaluating ε = -20.0
----------------------------------------
Mean cost: 51647.12528064706 ± 115.92979362722483
  Inventory costs: 37044.30358028142
  Variable costs:  5078.696617410382
  Fixed costs:     9524.12508295524
  Simulation time: 436.5s

----------------------------------------
Evaluating ε = -25.0
----------------------------------------
Mean cost: 54068.490611992325 ± 114.46191410377693
  Inventory costs: 40309.18372641411
  Variable costs:  5064.372031252462
  Fixed costs:     8694.934854325784
  Simulation time: 436.5s

----------------------------------------
Evaluating ε = -30.0
----------------------------------------
Mean cost: 56496.88914514768 ± 163.86736182878295
  Inventory costs: 43400.26526469579
  Variable costs:  5056.2668035553015
  Fixed costs:     8040.357076896578
  Simulation time: 483.4s

----------------------------------------
Evaluating ε = -40.0
----------------------------------------
Mean cost: 61456.28766496955 ± 288.748779406685
  Inventory costs: 49325.80959286097
  Variable costs:  5024.685846062382
  Fixed costs:     7105.792226046203
  Simulation time: 484.9s

----------------------------------------
Evaluating ε = -50.0
----------------------------------------
Mean cost: 67627.80585464695 ± 343.48225710943643
  Inventory costs: 56101.85794769479
  Variable costs:  5031.21207929667
  Fixed costs:     6494.735827655507
  Simulation time: 480.3s

----------------------------------------
Evaluating ε = -75.0
----------------------------------------
Mean cost: 82066.0065897834 ± 269.3788346582506
  Inventory costs: 71549.34509738992
  Variable costs:  5039.862007287213
  Fixed costs:     5476.799485106394
  Simulation time: 488.1s

----------------------------------------
Evaluating ε = -100.0
----------------------------------------
Mean cost: 96900.6009226611 ± 339.5038621221184
  Inventory costs: 87053.38109395077
  Variable costs:  5009.358173267499
  Fixed costs:     4837.861655442872
  Simulation time: 453.8s

==================================================
Best epsilon: -10.0 with cost: 47940.480382328526 ± 124.64692117988908
==================================================

============================================================
Evaluating method: find_stationary
============================================================

----------------------------------------
Evaluating ε = -1.25
----------------------------------------
Mean cost: 186414.68872123136 ± 74.72850322263682
  Inventory costs: 27278.421849308186
  Variable costs:  5081.472128881482
  Fixed costs:     154054.79474304052
  Simulation time: 436.5s

----------------------------------------
Evaluating ε = -2.5
----------------------------------------
Mean cost: 55436.976556372654 ± 293.3201225781026
  Inventory costs: 25682.61937915565
  Variable costs:  5097.51062888036
  Fixed costs:     24656.846548336667
  Simulation time: 435.4s

----------------------------------------
Evaluating ε = -5.0
----------------------------------------
Mean cost: 49383.72583739586 ± 220.05979722318355
  Inventory costs: 27175.218041338456
  Variable costs:  5059.74225879644
  Fixed costs:     17148.765537260977
  Simulation time: 436.7s

----------------------------------------
Evaluating ε = -7.5
----------------------------------------
Mean cost: 48526.91804110752 ± 211.5247290286939
  Inventory costs: 28841.831118759943
  Variable costs:  5073.383579564249
  Fixed costs:     14611.703342783314
  Simulation time: 432.6s

----------------------------------------
Evaluating ε = -10.0
----------------------------------------
Mean cost: 47769.2478365551 ± 120.70540790857166
  Inventory costs: 30360.65049550747
  Variable costs:  5033.58246854215
  Fixed costs:     12375.014872505415
  Simulation time: 449.2s

----------------------------------------
Evaluating ε = -12.5
----------------------------------------
Mean cost: 48707.24299413164 ± 168.80383789971378
  Inventory costs: 32148.78570531947
  Variable costs:  5066.822166469197
  Fixed costs:     11491.635122342921
  Simulation time: 480.8s

----------------------------------------
Evaluating ε = -15.0
----------------------------------------
Mean cost: 49570.78454769806 ± 152.02150714998817
  Inventory costs: 33871.477387873085
  Variable costs:  5054.659929201506
  Fixed costs:     10644.64723062355
  Simulation time: 490.5s

----------------------------------------
Evaluating ε = -20.0
----------------------------------------
Mean cost: 51547.32141634684 ± 185.2709702230367
  Inventory costs: 36996.94767935257
  Variable costs:  5053.174537978276
  Fixed costs:     9497.199199015964
  Simulation time: 484.1s

----------------------------------------
Evaluating ε = -25.0
----------------------------------------
Mean cost: 53642.07379281693 ± 164.0168853778054
  Inventory costs: 40023.42840834499
  Variable costs:  5037.461090177336
  Fixed costs:     8581.184294294568
  Simulation time: 490.0s

----------------------------------------
Evaluating ε = -30.0
----------------------------------------
Mean cost: 56206.562092769156 ± 224.13126773781835
  Inventory costs: 43071.46373464345
  Variable costs:  5076.510263312819
  Fixed costs:     8058.58809481292
  Simulation time: 490.8s

----------------------------------------
Evaluating ε = -40.0
----------------------------------------
Mean cost: 61887.591302440924 ± 189.6274323536537
  Inventory costs: 49769.2643158246
  Variable costs:  5034.8268855809065
  Fixed costs:     7083.50010103542
  Simulation time: 492.2s

----------------------------------------
Evaluating ε = -50.0
----------------------------------------
Mean cost: 67469.5257848822 ± 144.02648025918464
  Inventory costs: 55910.10885712914
  Variable costs:  5050.822871655431
  Fixed costs:     6508.594056097708
  Simulation time: 508.6s

----------------------------------------
Evaluating ε = -75.0
----------------------------------------
Mean cost: 81881.6932208667 ± 413.3426878250828
  Inventory costs: 71429.71870718671
  Variable costs:  4995.769833485181
  Fixed costs:     5456.204680194809
  Simulation time: 504.2s

----------------------------------------
Evaluating ε = -100.0
----------------------------------------
Mean cost: 97811.08360708664 ± 380.01399263719316
  Inventory costs: 87917.08533886645
  Variable costs:  5031.234434154148
  Fixed costs:     4862.76383406597
  Simulation time: 517.2s

==================================================
Best epsilon: -10.0 with cost: 47769.2478365551 ± 120.70540790857166
==================================================
Skipping save for solve_inf: existing cost 47847.84357374979 <= new cost 47940.480382328526
Skipping save for find_stationary: existing cost 47706.58149337273 <= new cost 47769.2478365551

============================================================
FINAL RESULTS SUMMARY
============================================================

Method: solve_inf
  Order-up-to vector: [27, 27, 27, 26, 26, 26, 27, 26, 27, 27, 27, 27, 27, 26, 27, 14, 14, 14, 14, 14, 14, 14, 14, 14, 14, 14, 14, 14, 14, 14, 7, 7, 7, 7, 7, 7, 7, 7, 7, 7, 7, 7, 7, 7, 7, 7, 7, 7, 7, 7]
  Best epsilon: -10.0
  Best cost: 47940.480382328526 ± 124.64692117988908

Method: find_stationary
  Order-up-to vector: [27, 27, 27, 26, 26, 26, 27, 26, 27, 27, 27, 27, 27, 26, 27, 14, 14, 14, 14, 14, 14, 14, 14, 14, 14, 14, 14, 14, 14, 14, 7, 7, 7, 7, 7, 7, 7, 7, 7, 7, 7, 7, 7, 7, 7, 7, 7, 7, 7, 7]
  Best epsilon: -10.0
  Best cost: 47769.2478365551 ± 120.70540790857166

============================================================
Complete! Per-method results saved to:
  output/nn_training/results_50D_CaseMM_solve_inf.json
  output/nn_training/results_50D_CaseMM_find_stationary.json
============================================================

Precompiling Pkg...
    363.7 ms  ✓ nghttp2_jll
    363.0 ms  ✓ p7zip_jll
    367.4 ms  ✓ Logging
    362.8 ms  ✓ Unicode
    378.9 ms  ✓ MbedTLS_jll
    421.5 ms  ✓ NetworkOptions
    387.3 ms  ✓ MozillaCACerts_jll
    383.5 ms  ✓ Zlib_jll
    412.7 ms  ✓ UUIDs
    429.4 ms  ✓ Base64
    361.6 ms  ✓ LibSSH2_jll
    384.2 ms  ✓ Printf
   1067.8 ms  ✓ ArgTools
    367.9 ms  ✓ LibCURL_jll
    392.3 ms  ✓ LibGit2_jll
    527.8 ms  ✓ LibCURL
    603.7 ms  ✓ Tar
   1780.6 ms  ✓ Dates
   2214.2 ms  ✓ Markdown
   1697.0 ms  ✓ LibGit2
    431.8 ms  ✓ TOML
   2424.1 ms  ✓ Downloads
  37142.3 ms  ✓ Pkg
  23 dependencies successfully precompiled in 41 seconds
  Activating project at `~/DeepSJRP`
[ Info:  started timer at: 2026-04-26T09:24:59.966
┌ Warning: Layer with Float32 parameters got Float64 input.
│   The input will be converted, but any earlier layers may be very slow.
│   layer = Dense(50 => 1000, elu)  # 51_000 parameters
│   summary(x) = "50-element Vector{Float64}"
└ @ Flux ~/.julia/packages/Flux/DZYiO/src/layers/stateless.jl:60
RUNNING THE L-BFGS-B CODE

           * * *

Machine precision = 2.220D-16
 N =           50     M =           10

At X0         0 variables are exactly at the bounds

At iterate    0    f=  3.48203D+02    |proj g|=  8.68679D-03

           * * *

Tit   = total number of iterations
Tnf   = total number of function evaluations
Tnint = total number of segments explored during Cauchy searches
Skip  = number of BFGS updates skipped
Nact  = number of active bounds at final generalized Cauchy point
Projg = norm of the final projected gradient
F     = final function value

           * * *

   N    Tit     Tnf  Tnint  Skip  Nact     Projg        F
   50      0      1      0     0     0   8.687D-03   3.482D+02
  F =   348.20290649414062     

CONVERGENCE: NORM_OF_PROJECTED_GRADIENT_<=_PGTOL            

 Cauchy                time 0.000E+00 seconds.
 Subspace minimization time 0.000E+00 seconds.
 Line search           time 0.000E+00 seconds.

 Total User time 2.011E+00 seconds.

RUNNING THE L-BFGS-B CODE

           * * *

Machine precision = 2.220D-16
 N =           50     M =           10

At X0         0 variables are exactly at the bounds

At iterate    0    f=  1.48312D-03    |proj g|=  8.73373D-07

           * * *

Tit   = total number of iterations
Tnf   = total number of function evaluations
Tnint = total number of segments explored during Cauchy searches
Skip  = number of BFGS updates skipped
Nact  = number of active bounds at final generalized Cauchy point
Projg = norm of the final projected gradient
F     = final function value

           * * *

   N    Tit     Tnf  Tnint  Skip  Nact     Projg        F
   50      0      1      0     0     0   8.734D-07   1.483D-03
  F =   1.4831218359620580E-003

CONVERGENCE: NORM_OF_PROJECTED_GRADIENT_<=_PGTOL            

 Cauchy                time 0.000E+00 seconds.
 Subspace minimization time 0.000E+00 seconds.
 Line search           time 0.000E+00 seconds.

 Total User time 2.617E-01 seconds.

