
============================================================
DeepSJRP - Stochastic Joint Replenishment Problem Solver
============================================================
Instance: 50D_CaseHH
Options: Dict{Symbol, Any}(:beta_override => 1.0e6, :alpha_override => nothing, :device => :gpu, :nu_override => 0.4, :T_override => 0.2, :seed => 777)
============================================================

Device: CUDA GPU
CUDA toolchain: 
- runtime 12.8, local installation
- driver 580.126.16 for 13.2
- compiler 12.9

CUDA libraries: 
- CUBLAS: 12.8.4
- CURAND: 10.3.9
- CUFFT: 11.3.3
- CUSOLVER: 11.7.3
- CUSPARSE: 12.5.8
- CUPTI: 2025.1.1 (API 12.8.0)
- NVML: 13.0.0+580.126.16

Julia packages: 
- CUDA: 5.11.0
- GPUArrays: 11.4.1
- GPUCompiler: 1.9.1
- KernelAbstractions: 0.9.41
- CUDA_Driver_jll: 13.2.0+0
- CUDA_Compiler_jll: 0.4.2+0
- CUDA_Runtime_jll: 0.21.0+0
- CUDA_Runtime_Discovery: 1.0.0

Toolchain:
- Julia: 1.11.7
- LLVM: 16.0.6

Preferences:
- CUDA_Runtime_jll.version: local

1 device:
  0: NVIDIA H100 80GB HBM3 (sm_90, 79.175 GiB / 79.647 GiB available)
BLAS threads: 1
Julia threads: 10

Benchmark source: QS

============================================================
IMPULSE CONTROL PROBLEM (scaled, annual)
============================================================
Instance: 50D_CaseHH
Dimension: 50
Interest rate: 0.05
Cost scaling κ: 0.01

Drift μ (annual demand rates): [50.0, 50.0, 50.0, 50.0, 50.0, 50.0, 50.0, 50.0, 50.0, 50.0, 50.0, 50.0, 50.0, 50.0, 50.0, 25.0, 25.0, 25.0, 25.0, 25.0, 25.0, 25.0, 25.0, 25.0, 25.0, 25.0, 25.0, 25.0, 25.0, 25.0, 12.5, 12.5, 12.5, 12.5, 12.5, 12.5, 12.5, 12.5, 12.5, 12.5, 12.5, 12.5, 12.5, 12.5, 12.5, 12.5, 12.5, 12.5, 12.5, 12.5]
Covariance Σ diagonal: [2500.0, 2500.0, 2500.0, 2500.0, 2500.0, 2500.0, 2500.0, 2500.0, 2500.0, 2500.0, 2500.0, 2500.0, 2500.0, 2500.0, 2500.0, 625.0, 625.0, 625.0, 625.0, 625.0, 625.0, 625.0, 625.0, 625.0, 625.0, 625.0, 625.0, 625.0, 625.0, 625.0, 156.25, 156.25, 156.25, 156.25, 156.25, 156.25, 156.25, 156.25, 156.25, 156.25, 156.25, 156.25, 156.25, 156.25, 156.25, 156.25, 156.25, 156.25, 156.25, 156.25]

Scaled costs (× κ = 0.01):
  Fixed cost K:    2.5
  Variable costs c: [0.001, 0.001, 0.001, 0.001, 0.001, 0.001, 0.001, 0.001, 0.001, 0.001, 0.001, 0.001, 0.001, 0.001, 0.001, 0.002, 0.002, 0.002, 0.002, 0.002, 0.002, 0.002, 0.002, 0.002, 0.002, 0.002, 0.002, 0.002, 0.002, 0.002, 0.004, 0.004, 0.004, 0.004, 0.004, 0.004, 0.004, 0.004, 0.004, 0.004, 0.004, 0.004, 0.004, 0.004, 0.004, 0.004, 0.004, 0.004, 0.004, 0.004]
  Holding costs h:  [0.01, 0.01, 0.01, 0.01, 0.01, 0.01, 0.01, 0.01, 0.01, 0.01, 0.01, 0.01, 0.01, 0.01, 0.01, 0.02, 0.02, 0.02, 0.02, 0.02, 0.02, 0.02, 0.02, 0.02, 0.02, 0.02, 0.02, 0.02, 0.02, 0.02, 0.04, 0.04, 0.04, 0.04, 0.04, 0.04, 0.04, 0.04, 0.04, 0.04, 0.04, 0.04, 0.04, 0.04, 0.04, 0.04, 0.04, 0.04, 0.04, 0.04]
  Penalty costs p:  [0.25, 0.25, 0.25, 0.25, 0.25, 0.25, 0.25, 0.25, 0.25, 0.25, 0.25, 0.25, 0.25, 0.25, 0.25, 0.5, 0.5, 0.5, 0.5, 0.5, 0.5, 0.5, 0.5, 0.5, 0.5, 0.5, 0.5, 0.5, 0.5, 0.5, 1.0, 1.0, 1.0, 1.0, 1.0, 1.0, 1.0, 1.0, 1.0, 1.0, 1.0, 1.0, 1.0, 1.0, 1.0, 1.0, 1.0, 1.0, 1.0, 1.0]

Original costs (unscaled):
  Fixed cost K:    250.0
  Variable costs c: [0.1, 0.1, 0.1, 0.1, 0.1, 0.1, 0.1, 0.1, 0.1, 0.1, 0.1, 0.1, 0.1, 0.1, 0.1, 0.2, 0.2, 0.2, 0.2, 0.2, 0.2, 0.2, 0.2, 0.2, 0.2, 0.2, 0.2, 0.2, 0.2, 0.2, 0.4, 0.4, 0.4, 0.4, 0.4, 0.4, 0.4, 0.4, 0.4, 0.4, 0.4, 0.4, 0.4, 0.4, 0.4, 0.4, 0.4, 0.4, 0.4, 0.4]
  Holding costs h:  [1.0, 1.0, 1.0, 1.0, 1.0, 1.0, 1.0, 1.0, 1.0, 1.0, 1.0, 1.0, 1.0, 1.0, 1.0, 2.0, 2.0, 2.0, 2.0, 2.0, 2.0, 2.0, 2.0, 2.0, 2.0, 2.0, 2.0, 2.0, 2.0, 2.0, 4.0, 4.0, 4.0, 4.0, 4.0, 4.0, 4.0, 4.0, 4.0, 4.0, 4.0, 4.0, 4.0, 4.0, 4.0, 4.0, 4.0, 4.0, 4.0, 4.0]
  Penalty costs p:  [25.0, 25.0, 25.0, 25.0, 25.0, 25.0, 25.0, 25.0, 25.0, 25.0, 25.0, 25.0, 25.0, 25.0, 25.0, 50.0, 50.0, 50.0, 50.0, 50.0, 50.0, 50.0, 50.0, 50.0, 50.0, 50.0, 50.0, 50.0, 50.0, 50.0, 100.0, 100.0, 100.0, 100.0, 100.0, 100.0, 100.0, 100.0, 100.0, 100.0, 100.0, 100.0, 100.0, 100.0, 100.0, 100.0, 100.0, 100.0, 100.0, 100.0]
============================================================

============================================================
TRAINING HYPERPARAMETERS
============================================================
Benchmark source: QS
Precision:        Float32
Batch size:       5000
Num intervals:    100
T horizon:        0.2
Num iterations:   40000
Learning rates:   [0.001, 0.0002, 0.0001, 1.0e-5, 1.0e-6]
LR steps:         [1, 5000, 10000, 20000, 30000]
Beta penalty:     [1.0, 10.0, 100.0, 1000.0, 10000.0, 1.0e6]
Penalty steps:    [1, 2500, 5000, 7500, 10000, 20000]
Lambda rate:      5.88094210578942
S guess:          [[27.0, 28.0, 28.0, 28.0, 28.0, 28.0, 28.0, 28.0, 27.0, 28.0, 28.0, 28.0, 28.0, 28.0, 28.0, 16.0, 17.0, 16.0, 17.0, 16.0, 16.0, 16.0, 16.0, 16.0, 16.0, 16.0, 16.0, 16.0, 16.0, 17.0, 9.0, 9.0, 9.0, 9.0, 9.0, 9.0, 9.0, 9.0, 9.0, 9.0, 9.0, 9.0, 9.0, 9.0, 9.0, 9.0, 9.0, 9.0, 9.0, 9.0]]
Nu radius:        0.4
S distribution:   lognormal
Alpha factor:     0.0
Alpha js:         [0.0, 0.0, 0.0, 0.0, 0.0, 0.0, 0.0, 0.0, 0.0, 0.0, 0.0, 0.0, 0.0, 0.0, 0.0, 0.0, 0.0, 0.0, 0.0, 0.0, 0.0, 0.0, 0.0, 0.0, 0.0, 0.0, 0.0, 0.0, 0.0, 0.0, 0.0, 0.0, 0.0, 0.0, 0.0, 0.0, 0.0, 0.0, 0.0, 0.0, 0.0, 0.0, 0.0, 0.0, 0.0, 0.0, 0.0, 0.0, 0.0, 0.0]
Cost scaling:     0.01

Neural network architecture:
  Hidden layers:  4
  Width:          1000
  Activation:     elu

Optimization parameters:
  Start factor:   1.0
  Lower factor:   0.5
  Upper factor:   1.5
  Sim runs:       10
  Sim horizon:    5000
  Epsilons:       [-1.25, -2.5, -5.0, -7.5, -10.0, -12.5, -15.0, -20.0, -25.0, -30.0, -40.0, -50.0, -75.0, -100.0]
============================================================

Gradient network G (∇V):
Chain(
  Dense(50 => 1000, elu),               # 51_000 parameters
  Dense(1000 => 1000, elu),             # 1_001_000 parameters
  Dense(1000 => 1000, elu),             # 1_001_000 parameters
  Dense(1000 => 1000, elu),             # 1_001_000 parameters
  Dense(1000 => 50),                    # 50_050 parameters
)                   # Total: 10 arrays, 3_104_050 parameters, 1.562 KiB.

Value network H (V):
Chain(
  Dense(50 => 1000, elu),               # 51_000 parameters
  Dense(1000 => 1000, elu),             # 1_001_000 parameters
  Dense(1000 => 1000, elu),             # 1_001_000 parameters
  Dense(1000 => 1000, elu),             # 1_001_000 parameters
  Dense(1000 => 1),                     # 1_001 parameters
)                   # Total: 10 arrays, 3_055_001 parameters, 1.562 KiB.


============================================================
Starting neural network training...
============================================================

Starting training with steady-state sampler:
-----------------------------------------
Epoch: 1; Penalty β updated to: 1.0
-----------------------------------------
─── Device check ───
  x_tn: CuArray{Float32} (50, 100, 5000)
  dB: CuArray{Float32} (50, 100, 5000)
  dU: CuArray{Float32} (50, 100, 5000)
  exponentials: CuArray{Float32} (1, 100)
  loss_dB: CuArray{Float32} (1, 5000)
  loss_df: CuArray{Float32} (1, 5000)
  loss_dU: CuArray{Float32} (1, 5000)
  H_x0: CuArray{Float32} (1, 5000)
  H_xT: CuArray{Float32} (1, 5000)
  penalties: CuArray{Float32} (1, 5000)
────────────────────
Epoch: 1; Computation time: 63.879572603; Current value of V(0): 0.0
Lagrangian objective: 2.8097512e6; Average H(x0): 0.0; Quantile-hedge α(β): 50.019999999999996
Simulation time per epoch: 10.908986289; Gradient computation time: 41.088403693; Testing time: 11.182355692
Epoch: 1000; Computation time: 401.675709569; Current value of V(0): -1555.593204498291
Lagrangian objective: -2464.035; Average H(x0): 4488.4746; Quantile-hedge α(β): 13.700000000000001
Simulation time per epoch: 0.074053115; Gradient computation time: 0.180514932; Testing time: 0.082992418
Epoch: 2000; Computation time: 739.439207529; Current value of V(0): -1601.2069702148438
Lagrangian objective: -3486.2249; Average H(x0): 6144.367; Quantile-hedge α(β): 0.6000000000000005
Simulation time per epoch: 0.074016235; Gradient computation time: 0.180906647; Testing time: 0.082978208
-----------------------------------------
Epoch: 2500; Penalty β updated to: 10.0
-----------------------------------------
Epoch: 3000; Computation time: 1077.437746221; Current value of V(0): -8405.72509765625
Lagrangian objective: 424.8954; Average H(x0): -105.16935; Quantile-hedge α(β): 81.14
Simulation time per epoch: 0.074082712; Gradient computation time: 0.1802083; Testing time: 0.082862629
Epoch: 4000; Computation time: 1415.278469788; Current value of V(0): -13435.322570800781
Lagrangian objective: -932.1252; Average H(x0): 1386.2635; Quantile-hedge α(β): 32.96
Simulation time per epoch: 0.073983228; Gradient computation time: 0.181002375; Testing time: 0.083064028
-----------------------------------------
Epoch: 5000; Penalty β updated to: 100.0
-----------------------------------------
Epoch: 5000; Computation time: 1753.582569201; Current value of V(0): -14005.625915527344
Lagrangian objective: 2112.4417; Average H(x0): 1519.2141; Quantile-hedge α(β): 17.659999999999997
Simulation time per epoch: 0.073970414; Gradient computation time: 0.180553763; Testing time: 0.082976143
Epoch: 6000; Computation time: 2091.500124855; Current value of V(0): -10811.561584472656
Lagrangian objective: -786.1717; Average H(x0): 916.4412; Quantile-hedge α(β): 68.04
Simulation time per epoch: 0.073923099; Gradient computation time: 0.181277955; Testing time: 0.083135463
Epoch: 7000; Computation time: 2429.456399398; Current value of V(0): -10826.154327392578
Lagrangian objective: -844.3896; Average H(x0): 943.7642; Quantile-hedge α(β): 66.46000000000001
Simulation time per epoch: 0.07413854; Gradient computation time: 0.18026285; Testing time: 0.082876363
-----------------------------------------
Epoch: 7500; Penalty β updated to: 1000.0
-----------------------------------------
Epoch: 8000; Computation time: 2766.764035406; Current value of V(0): 1886.7591857910156
Lagrangian objective: 123.87343; Average H(x0): -44.3701; Quantile-hedge α(β): 99.42
Simulation time per epoch: 0.074111434; Gradient computation time: 0.180236167; Testing time: 0.082850536
Epoch: 9000; Computation time: 3104.090570513; Current value of V(0): 1702.5091171264648
Lagrangian objective: -405.94553; Average H(x0): 521.5361; Quantile-hedge α(β): 96.89999999999999
Simulation time per epoch: 0.074074029; Gradient computation time: 0.180221128; Testing time: 0.082927785
-----------------------------------------
Epoch: 10000; Penalty β updated to: 10000.0
-----------------------------------------
Epoch: 10000; Computation time: 3442.449679045; Current value of V(0): 3089.6835327148438
Lagrangian objective: 51.05685; Average H(x0): 695.4946; Quantile-hedge α(β): 95.08
Simulation time per epoch: 0.073867288; Gradient computation time: 0.181197173; Testing time: 0.083216452
Epoch: 11000; Computation time: 3781.007088497; Current value of V(0): 4248.392486572266
Lagrangian objective: -6.042797; Average H(x0): 39.000908; Quantile-hedge α(β): 99.86
Simulation time per epoch: 0.073947606; Gradient computation time: 0.181336688; Testing time: 0.083225727
Epoch: 12000; Computation time: 4119.4960861; Current value of V(0): 3978.003692626953
Lagrangian objective: 1306.2415; Average H(x0): 91.4229; Quantile-hedge α(β): 99.86
Simulation time per epoch: 0.07402789; Gradient computation time: 0.181247101; Testing time: 0.083187937
Epoch: 13000; Computation time: 4457.80937285; Current value of V(0): 3660.631561279297
Lagrangian objective: -189.06557; Average H(x0): 192.05475; Quantile-hedge α(β): 99.96000000000001
Simulation time per epoch: 0.073935247; Gradient computation time: 0.181054276; Testing time: 0.083149588
Epoch: 14000; Computation time: 4796.050003365; Current value of V(0): 3687.251663208008
Lagrangian objective: -359.04446; Average H(x0): 360.76266; Quantile-hedge α(β): 99.86
Simulation time per epoch: 0.074086896; Gradient computation time: 0.181040773; Testing time: 0.083194445
Epoch: 15000; Computation time: 5134.218723715; Current value of V(0): 4947.958755493164
Lagrangian objective: -472.7729; Average H(x0): 514.6348; Quantile-hedge α(β): 99.28
Simulation time per epoch: 0.074028591; Gradient computation time: 0.181186051; Testing time: 0.083139211
Epoch: 16000; Computation time: 5472.397741205; Current value of V(0): 6563.067626953125
Lagrangian objective: -539.1922; Average H(x0): 586.414; Quantile-hedge α(β): 99.26
Simulation time per epoch: 0.07405273; Gradient computation time: 0.181051878; Testing time: 0.083098889
Epoch: 17000; Computation time: 5810.58309458; Current value of V(0): 10474.304962158203
Lagrangian objective: 251.63623; Average H(x0): -217.08975; Quantile-hedge α(β): 99.96000000000001
Simulation time per epoch: 0.074033776; Gradient computation time: 0.181172244; Testing time: 0.083160613
Epoch: 18000; Computation time: 6148.748201927; Current value of V(0): 11788.809204101562
Lagrangian objective: 93.917656; Average H(x0): -93.90253; Quantile-hedge α(β): 99.98
Simulation time per epoch: 0.074069488; Gradient computation time: 0.180887766; Testing time: 0.083158646
Epoch: 19000; Computation time: 6486.989514636; Current value of V(0): 12674.861907958984
Lagrangian objective: -355.6111; Average H(x0): 368.9488; Quantile-hedge α(β): 99.7
Simulation time per epoch: 0.074033691; Gradient computation time: 0.180850617; Testing time: 0.083149438
-----------------------------------------
Epoch: 20000; Penalty β updated to: 1.0e6
-----------------------------------------
Epoch: 20000; Computation time: 6825.179540457; Current value of V(0): 14516.66259765625
Lagrangian objective: 905.7132; Average H(x0): 630.96387; Quantile-hedge α(β): 99.22
Simulation time per epoch: 0.073913588; Gradient computation time: 0.180983713; Testing time: 0.083153106
Epoch: 21000; Computation time: 7163.340849022; Current value of V(0): 14791.212463378906
Lagrangian objective: 441.12335; Average H(x0): 534.95593; Quantile-hedge α(β): 99.92
Simulation time per epoch: 0.074027246; Gradient computation time: 0.180867903; Testing time: 0.08315522
Epoch: 22000; Computation time: 7501.519011213; Current value of V(0): 16472.41668701172
Lagrangian objective: -258.4033; Average H(x0): 519.827; Quantile-hedge α(β): 99.96000000000001
Simulation time per epoch: 0.074072671; Gradient computation time: 0.181084015; Testing time: 0.083168084
Epoch: 23000; Computation time: 7839.743275343; Current value of V(0): 16534.605407714844
Lagrangian objective: -370.0349; Average H(x0): 508.5586; Quantile-hedge α(β): 99.86
Simulation time per epoch: 0.074054904; Gradient computation time: 0.180851408; Testing time: 0.083146384
Epoch: 24000; Computation time: 8177.928207111; Current value of V(0): 17274.798583984375
Lagrangian objective: -297.90335; Average H(x0): 494.48575; Quantile-hedge α(β): 99.94
Simulation time per epoch: 0.074062689; Gradient computation time: 0.180888159; Testing time: 0.083141122
Epoch: 25000; Computation time: 8516.103390905; Current value of V(0): 17866.534423828125
Lagrangian objective: -437.3726; Average H(x0): 437.3726; Quantile-hedge α(β): 100.0
Simulation time per epoch: 0.074023581; Gradient computation time: 0.181173556; Testing time: 0.08322273
Epoch: 26000; Computation time: 8854.288336627; Current value of V(0): 18657.04803466797
Lagrangian objective: -338.83206; Average H(x0): 338.83206; Quantile-hedge α(β): 100.0
Simulation time per epoch: 0.073978435; Gradient computation time: 0.180908422; Testing time: 0.083160641
Epoch: 27000; Computation time: 9192.500571942; Current value of V(0): 19274.310302734375
Lagrangian objective: -330.37244; Average H(x0): 330.37244; Quantile-hedge α(β): 100.0
Simulation time per epoch: 0.074068118; Gradient computation time: 0.181007183; Testing time: 0.083098768
Epoch: 28000; Computation time: 9530.659802668; Current value of V(0): 19879.638671875
Lagrangian objective: 1119.4261; Average H(x0): 300.93204; Quantile-hedge α(β): 99.94
Simulation time per epoch: 0.073965505; Gradient computation time: 0.180959946; Testing time: 0.083101922
Epoch: 29000; Computation time: 9868.767767851; Current value of V(0): 20364.414978027344
Lagrangian objective: -140.47536; Average H(x0): 207.5702; Quantile-hedge α(β): 99.98
Simulation time per epoch: 0.07405145; Gradient computation time: 0.181082464; Testing time: 0.08311381
Epoch: 30000; Computation time: 10206.918977934; Current value of V(0): 20584.39483642578
Lagrangian objective: -172.65668; Average H(x0): 172.65668; Quantile-hedge α(β): 100.0
Simulation time per epoch: 0.074080163; Gradient computation time: 0.181177957; Testing time: 0.083144586
Epoch: 31000; Computation time: 10545.092416616; Current value of V(0): 20662.68768310547
Lagrangian objective: 597.4449; Average H(x0): 171.90248; Quantile-hedge α(β): 99.96000000000001
Simulation time per epoch: 0.074020764; Gradient computation time: 0.180892578; Testing time: 0.08315217
Epoch: 32000; Computation time: 10883.262279032; Current value of V(0): 20709.628295898438
Lagrangian objective: -177.50981; Average H(x0): 177.50981; Quantile-hedge α(β): 100.0
Simulation time per epoch: 0.074071475; Gradient computation time: 0.180953193; Testing time: 0.083317425
Epoch: 33000; Computation time: 11221.416679317; Current value of V(0): 20760.65216064453
Lagrangian objective: -173.78275; Average H(x0): 173.78275; Quantile-hedge α(β): 100.0
Simulation time per epoch: 0.074078387; Gradient computation time: 0.180884265; Testing time: 0.083064154
Epoch: 34000; Computation time: 11559.568611084; Current value of V(0): 20820.265197753906
Lagrangian objective: -179.46146; Average H(x0): 179.46146; Quantile-hedge α(β): 100.0
Simulation time per epoch: 0.074109323; Gradient computation time: 0.180312492; Testing time: 0.08296392
Epoch: 35000; Computation time: 11897.779231849; Current value of V(0): 20936.0107421875
Lagrangian objective: -180.40685; Average H(x0): 180.40685; Quantile-hedge α(β): 100.0
Simulation time per epoch: 0.074090634; Gradient computation time: 0.181084781; Testing time: 0.083175106
Epoch: 36000; Computation time: 12235.968227865; Current value of V(0): 20982.8125
Lagrangian objective: -175.78046; Average H(x0): 175.78046; Quantile-hedge α(β): 100.0
Simulation time per epoch: 0.07396583; Gradient computation time: 0.180926046; Testing time: 0.083199035
Epoch: 37000; Computation time: 12574.140221115; Current value of V(0): 21017.68341064453
Lagrangian objective: -189.2042; Average H(x0): 189.2042; Quantile-hedge α(β): 100.0
Simulation time per epoch: 0.074043873; Gradient computation time: 0.18080924; Testing time: 0.083066078
Epoch: 38000; Computation time: 12912.329065925; Current value of V(0): 21069.95849609375
Lagrangian objective: -192.63948; Average H(x0): 192.63948; Quantile-hedge α(β): 100.0
Simulation time per epoch: 0.07387294; Gradient computation time: 0.180978532; Testing time: 0.083139218
Epoch: 39000; Computation time: 13250.4743121; Current value of V(0): 21097.117614746094
Lagrangian objective: -194.20523; Average H(x0): 194.20523; Quantile-hedge α(β): 100.0
Simulation time per epoch: 0.074024754; Gradient computation time: 0.180783358; Testing time: 0.083123751
Epoch: 40000; Computation time: 13588.658833406; Current value of V(0): 21135.53009033203
Lagrangian objective: -199.65242; Average H(x0): 199.65242; Quantile-hedge α(β): 100.0
Simulation time per epoch: 0.074019556; Gradient computation time: 0.180792668; Testing time: 0.083172061

Training completed in 13588.658961798 seconds
Final V(0): 21135.569763183594

============================================================
Running policy evaluation...
============================================================


============================================================
INVENTORY PROBLEM (unscaled, weekly)
============================================================
Dimension:       50
Discount factor: 0.9990389236684376
Fixed cost:      250.0
Variable costs:  [0.1, 0.1, 0.1, 0.1, 0.1, 0.1, 0.1, 0.1, 0.1, 0.1, 0.1, 0.1, 0.1, 0.1, 0.1, 0.2, 0.2, 0.2, 0.2, 0.2, 0.2, 0.2, 0.2, 0.2, 0.2, 0.2, 0.2, 0.2, 0.2, 0.2, 0.4, 0.4, 0.4, 0.4, 0.4, 0.4, 0.4, 0.4, 0.4, 0.4, 0.4, 0.4, 0.4, 0.4, 0.4, 0.4, 0.4, 0.4, 0.4, 0.4]
Holding costs:   [0.019230769230769232, 0.019230769230769232, 0.019230769230769232, 0.019230769230769232, 0.019230769230769232, 0.019230769230769232, 0.019230769230769232, 0.019230769230769232, 0.019230769230769232, 0.019230769230769232, 0.019230769230769232, 0.019230769230769232, 0.019230769230769232, 0.019230769230769232, 0.019230769230769232, 0.038461538461538464, 0.038461538461538464, 0.038461538461538464, 0.038461538461538464, 0.038461538461538464, 0.038461538461538464, 0.038461538461538464, 0.038461538461538464, 0.038461538461538464, 0.038461538461538464, 0.038461538461538464, 0.038461538461538464, 0.038461538461538464, 0.038461538461538464, 0.038461538461538464, 0.07692307692307693, 0.07692307692307693, 0.07692307692307693, 0.07692307692307693, 0.07692307692307693, 0.07692307692307693, 0.07692307692307693, 0.07692307692307693, 0.07692307692307693, 0.07692307692307693, 0.07692307692307693, 0.07692307692307693, 0.07692307692307693, 0.07692307692307693, 0.07692307692307693, 0.07692307692307693, 0.07692307692307693, 0.07692307692307693, 0.07692307692307693, 0.07692307692307693]
Backlog costs:   [0.4807692307692308, 0.4807692307692308, 0.4807692307692308, 0.4807692307692308, 0.4807692307692308, 0.4807692307692308, 0.4807692307692308, 0.4807692307692308, 0.4807692307692308, 0.4807692307692308, 0.4807692307692308, 0.4807692307692308, 0.4807692307692308, 0.4807692307692308, 0.4807692307692308, 0.9615384615384616, 0.9615384615384616, 0.9615384615384616, 0.9615384615384616, 0.9615384615384616, 0.9615384615384616, 0.9615384615384616, 0.9615384615384616, 0.9615384615384616, 0.9615384615384616, 0.9615384615384616, 0.9615384615384616, 0.9615384615384616, 0.9615384615384616, 0.9615384615384616, 1.9230769230769231, 1.9230769230769231, 1.9230769230769231, 1.9230769230769231, 1.9230769230769231, 1.9230769230769231, 1.9230769230769231, 1.9230769230769231, 1.9230769230769231, 1.9230769230769231, 1.9230769230769231, 1.9230769230769231, 1.9230769230769231, 1.9230769230769231, 1.9230769230769231, 1.9230769230769231, 1.9230769230769231, 1.9230769230769231, 1.9230769230769231, 1.9230769230769231]
Demand dists:    DataType[Distributions.NegativeBinomial{Float64}, Distributions.NegativeBinomial{Float64}, Distributions.NegativeBinomial{Float64}, Distributions.NegativeBinomial{Float64}, Distributions.NegativeBinomial{Float64}, Distributions.NegativeBinomial{Float64}, Distributions.NegativeBinomial{Float64}, Distributions.NegativeBinomial{Float64}, Distributions.NegativeBinomial{Float64}, Distributions.NegativeBinomial{Float64}, Distributions.NegativeBinomial{Float64}, Distributions.NegativeBinomial{Float64}, Distributions.NegativeBinomial{Float64}, Distributions.NegativeBinomial{Float64}, Distributions.NegativeBinomial{Float64}, Distributions.NegativeBinomial{Float64}, Distributions.NegativeBinomial{Float64}, Distributions.NegativeBinomial{Float64}, Distributions.NegativeBinomial{Float64}, Distributions.NegativeBinomial{Float64}, Distributions.NegativeBinomial{Float64}, Distributions.NegativeBinomial{Float64}, Distributions.NegativeBinomial{Float64}, Distributions.NegativeBinomial{Float64}, Distributions.NegativeBinomial{Float64}, Distributions.NegativeBinomial{Float64}, Distributions.NegativeBinomial{Float64}, Distributions.NegativeBinomial{Float64}, Distributions.NegativeBinomial{Float64}, Distributions.NegativeBinomial{Float64}, Distributions.NegativeBinomial{Float64}, Distributions.NegativeBinomial{Float64}, Distributions.NegativeBinomial{Float64}, Distributions.NegativeBinomial{Float64}, Distributions.NegativeBinomial{Float64}, Distributions.NegativeBinomial{Float64}, Distributions.NegativeBinomial{Float64}, Distributions.NegativeBinomial{Float64}, Distributions.NegativeBinomial{Float64}, Distributions.NegativeBinomial{Float64}, Distributions.NegativeBinomial{Float64}, Distributions.NegativeBinomial{Float64}, Distributions.NegativeBinomial{Float64}, Distributions.NegativeBinomial{Float64}, Distributions.NegativeBinomial{Float64}, Distributions.NegativeBinomial{Float64}, Distributions.NegativeBinomial{Float64}, Distributions.NegativeBinomial{Float64}, Distributions.NegativeBinomial{Float64}, Distributions.NegativeBinomial{Float64}]
Demand means:    [0.9615384615384615, 0.9615384615384615, 0.9615384615384615, 0.9615384615384615, 0.9615384615384615, 0.9615384615384615, 0.9615384615384615, 0.9615384615384615, 0.9615384615384615, 0.9615384615384615, 0.9615384615384615, 0.9615384615384615, 0.9615384615384615, 0.9615384615384615, 0.9615384615384615, 0.4807692307692307, 0.4807692307692307, 0.4807692307692307, 0.4807692307692307, 0.4807692307692307, 0.4807692307692307, 0.4807692307692307, 0.4807692307692307, 0.4807692307692307, 0.4807692307692307, 0.4807692307692307, 0.4807692307692307, 0.4807692307692307, 0.4807692307692307, 0.4807692307692307, 0.2403846153846154, 0.2403846153846154, 0.2403846153846154, 0.2403846153846154, 0.2403846153846154, 0.2403846153846154, 0.2403846153846154, 0.2403846153846154, 0.2403846153846154, 0.2403846153846154, 0.2403846153846154, 0.2403846153846154, 0.2403846153846154, 0.2403846153846154, 0.2403846153846154, 0.2403846153846154, 0.2403846153846154, 0.2403846153846154, 0.2403846153846154, 0.2403846153846154]
============================================================

==================================================
Computing order-up-to vector via :solve_inf
==================================================

Method: solve_inf
Final objective: 198.76324396823665
z*: [28.58339561117661, 28.435960918621518, 27.17881933666904, 21.134511996105957, 35.58996546389588, 28.941440513006157, 38.093993316968955, 18.21634919156171, 24.945005115483184, 36.19397396569524, 30.86668790961125, 42.0, 41.52196280924349, 32.48001229055669, 38.69324235789382, 20.89064475094432, 25.5, 8.0, 8.5, 8.0, 8.0, 11.267632280782614, 8.0, 19.745572289659126, 24.0, 8.0, 17.095809356631296, 16.41224318480419, 13.751901200803077, 15.768409133042265, 9.693472509064108, 13.5, 13.5, 13.5, 9.103484313114604, 9.133716363073443, 4.5, 4.5, 13.099327256610483, 4.5, 6.792042935205783, 13.5, 13.5, 8.869875673734148, 12.128795844704703, 13.5, 4.5, 12.828148258204822, 7.653004375571884, 13.5]
Intervention value: 10.093430226099287

==================================================
Computing order-up-to vector via :find_stationary
==================================================

Method: find_stationary
Final residual: 0.10010369868015924
z*: [39.54039610443335, 30.903229814076823, 34.46185205549994, 29.349491410864502, 30.463272142386348, 42.0, 30.258737507692118, 30.70745051325883, 35.20273572064191, 28.59505203825355, 17.100910157762776, 37.54966361783265, 32.93062355712852, 14.0, 36.478386967477164, 21.18605490871421, 25.488181645835493, 24.0, 21.012966153857196, 23.493822170073077, 24.0, 24.0, 18.77758112485886, 15.808988583273415, 24.0, 11.659564016333686, 24.0, 15.021580189752832, 14.320530149384833, 25.09786113467432, 10.490308199131457, 13.5, 9.43235965334487, 12.618622766272814, 13.5, 13.5, 13.5, 4.5, 4.5, 13.5, 7.594908986404863, 5.390141280417792, 4.5, 9.822621040164476, 8.820249234509626, 6.802849112847459, 13.5, 12.196176160391435, 13.5, 13.5]
Intervention value: 6.834053189770856

==================================================
Summary:
  solve_inf:       z* = [29, 28, 27, 21, 36, 29, 38, 18, 25, 36, 31, 42, 42, 32, 39, 21, 26, 8, 8, 8, 8, 11, 8, 20, 24, 8, 17, 16, 14, 16, 10, 14, 14, 14, 9, 9, 4, 4, 13, 4, 7, 14, 14, 9, 12, 14, 4, 13, 8, 14]
  find_stationary: z* = [40, 31, 34, 29, 30, 42, 30, 31, 35, 29, 17, 38, 33, 14, 36, 21, 25, 24, 21, 23, 24, 24, 19, 16, 24, 12, 24, 15, 14, 25, 10, 14, 9, 13, 14, 14, 14, 4, 4, 14, 8, 5, 4, 10, 9, 7, 14, 12, 14, 14]
==================================================

============================================================
Evaluating method: solve_inf
============================================================

----------------------------------------
Evaluating ε = -1.25
----------------------------------------
Mean cost: 101544.89345000412 ± 728.8367371011129
  Inventory costs: 43632.959135722565
  Variable costs:  5116.848006259136
  Fixed costs:     52795.086308022146
  Simulation time: 525.5s

----------------------------------------
Evaluating ε = -2.5
----------------------------------------
Mean cost: 97843.38104719108 ± 577.2648666553177
  Inventory costs: 44654.360745721424
  Variable costs:  5117.236185032799
  Fixed costs:     48071.78411643661
  Simulation time: 522.5s

----------------------------------------
Evaluating ε = -5.0
----------------------------------------
Mean cost: 93702.51895435645 ± 797.787520939344
  Inventory costs: 46347.325475009144
  Variable costs:  5051.634984851774
  Fixed costs:     42303.55849449553
  Simulation time: 519.6s

----------------------------------------
Evaluating ε = -7.5
----------------------------------------
Mean cost: 91824.48529062646 ± 748.3762910109937
  Inventory costs: 48023.070928936926
  Variable costs:  5122.722258901136
  Fixed costs:     38678.69210278834
  Simulation time: 532.5s

----------------------------------------
Evaluating ε = -10.0
----------------------------------------
Mean cost: 91051.67281910605 ± 752.3850653504679
  Inventory costs: 50136.7308430968
  Variable costs:  5115.9563474658935
  Fixed costs:     35798.985628543276
  Simulation time: 551.8s

----------------------------------------
Evaluating ε = -12.5
----------------------------------------
Mean cost: 90205.66869085917 ± 617.4175537084824
  Inventory costs: 51892.13078282503
  Variable costs:  5125.352586429039
  Fixed costs:     33188.18532160505
  Simulation time: 550.0s

----------------------------------------
Evaluating ε = -15.0
----------------------------------------
Mean cost: 90003.72064922538 ± 565.8005110718642
  Inventory costs: 53334.864311616206
  Variable costs:  5129.480213278223
  Fixed costs:     31539.376124330905
  Simulation time: 520.7s

----------------------------------------
Evaluating ε = -20.0
----------------------------------------
Mean cost: 89353.1406642363 ± 585.1677912870763
  Inventory costs: 57239.16146072002
  Variable costs:  5091.440424456816
  Fixed costs:     27022.538779059447
  Simulation time: 465.4s

----------------------------------------
Evaluating ε = -25.0
----------------------------------------
Mean cost: 91012.42964228503 ± 353.78975254496555
  Inventory costs: 60828.861526808665
  Variable costs:  5101.933523617403
  Fixed costs:     25081.634591859176
  Simulation time: 463.9s

----------------------------------------
Evaluating ε = -30.0
----------------------------------------
Mean cost: 92129.86937824622 ± 323.81034456588776
  Inventory costs: 64288.08869121288
  Variable costs:  5104.612493876959
  Fixed costs:     22737.168193156158
  Simulation time: 467.1s

----------------------------------------
Evaluating ε = -40.0
----------------------------------------
Mean cost: 97164.02649701483 ± 537.8502933162979
  Inventory costs: 72443.61991785935
  Variable costs:  5157.518659254949
  Fixed costs:     19562.88791990041
  Simulation time: 479.0s

----------------------------------------
Evaluating ε = -50.0
----------------------------------------
Mean cost: 102735.7820780196 ± 430.46823211484315
  Inventory costs: 80946.89568859508
  Variable costs:  5054.4697660943075
  Fixed costs:     16734.41662333029
  Simulation time: 466.9s

----------------------------------------
Evaluating ε = -75.0
----------------------------------------
Mean cost: 120247.33069871852 ± 574.2368691346375
  Inventory costs: 101892.7486256251
  Variable costs:  5166.861974103073
  Fixed costs:     13187.720098990332
  Simulation time: 466.8s

----------------------------------------
Evaluating ε = -100.0
----------------------------------------
Mean cost: 139090.64660439946 ± 535.3649462022236
  Inventory costs: 123536.97135812421
  Variable costs:  5069.8606427497
  Fixed costs:     10483.814603525449
  Simulation time: 470.8s

==================================================
Best epsilon: -20.0 with cost: 89353.1406642363 ± 585.1677912870763
==================================================

============================================================
Evaluating method: find_stationary
============================================================

----------------------------------------
Evaluating ε = -1.25
----------------------------------------
Mean cost: 295753.5540894623 ± 471.30163410655456
  Inventory costs: 42960.89098886597
  Variable costs:  5147.239290918561
  Fixed costs:     247645.4238096775
  Simulation time: 483.6s

----------------------------------------
Evaluating ε = -2.5
----------------------------------------
Mean cost: 295457.4650235141 ± 321.1199659926721
  Inventory costs: 43057.104961364086
  Variable costs:  5189.453868115811
  Fixed costs:     247210.9061940342
  Simulation time: 468.2s

----------------------------------------
Evaluating ε = -5.0
----------------------------------------
Mean cost: 296273.9165896719 ± 281.66471154156113
  Inventory costs: 43067.9101612886
  Variable costs:  5173.025061785058
  Fixed costs:     248032.98136659787
  Simulation time: 467.8s

----------------------------------------
Evaluating ε = -7.5
----------------------------------------
Mean cost: 287452.7188210482 ± 658.7705013818863
  Inventory costs: 42903.92805360239
  Variable costs:  5117.884824961189
  Fixed costs:     239430.90594248503
  Simulation time: 470.5s

----------------------------------------
Evaluating ε = -10.0
----------------------------------------
Mean cost: 191670.15592914034 ± 1679.7107264431106
  Inventory costs: 43019.49616549739
  Variable costs:  5134.423168144008
  Fixed costs:     143516.2365954984
  Simulation time: 466.4s

----------------------------------------
Evaluating ε = -12.5
----------------------------------------
Mean cost: 110040.86670735975 ± 769.402308111699
  Inventory costs: 44282.392672205744
  Variable costs:  5178.331034711258
  Fixed costs:     60580.14300044275
  Simulation time: 465.9s

----------------------------------------
Evaluating ε = -15.0
----------------------------------------
Mean cost: 97825.52749588272 ± 516.5338842712328
  Inventory costs: 45664.027998841564
  Variable costs:  5064.610214859449
  Fixed costs:     47096.889282181844
  Simulation time: 467.4s

----------------------------------------
Evaluating ε = -20.0
----------------------------------------
Mean cost: 90678.4756479433 ± 315.327521549261
  Inventory costs: 49344.286676225085
  Variable costs:  5141.872452283376
  Fixed costs:     36192.316519434666
  Simulation time: 473.1s

----------------------------------------
Evaluating ε = -25.0
----------------------------------------
Mean cost: 87515.67810228349 ± 357.9468362190806
  Inventory costs: 54097.635182714825
  Variable costs:  5055.001645289425
  Fixed costs:     28363.041274279356
  Simulation time: 466.9s

----------------------------------------
Evaluating ε = -30.0
----------------------------------------
Mean cost: 88671.04526904169 ± 426.0947157870432
  Inventory costs: 58526.22862294795
  Variable costs:  5136.244244538126
  Fixed costs:     25008.572401555764
  Simulation time: 469.9s

----------------------------------------
Evaluating ε = -40.0
----------------------------------------
Mean cost: 92804.71633033566 ± 403.61321139313264
  Inventory costs: 68423.25505665626
  Variable costs:  5081.427734529612
  Fixed costs:     19300.0335391497
  Simulation time: 466.2s

----------------------------------------
Evaluating ε = -50.0
----------------------------------------
Mean cost: 98315.72825531634 ± 580.6569738852141
  Inventory costs: 76937.87411390714
  Variable costs:  5093.739259727511
  Fixed costs:     16284.114881681575
  Simulation time: 463.7s

----------------------------------------
Evaluating ε = -75.0
----------------------------------------
Mean cost: 118335.02274471377 ± 698.5287294205497
  Inventory costs: 100846.6523845082
  Variable costs:  5158.924084666729
  Fixed costs:     12329.446275538801
  Simulation time: 459.2s

----------------------------------------
Evaluating ε = -100.0
----------------------------------------
Mean cost: 136664.0844377274 ± 620.1285646176151
  Inventory costs: 121755.45028077942
  Variable costs:  5083.534130331452
  Fixed costs:     9825.100026616721
  Simulation time: 464.8s

==================================================
Best epsilon: -25.0 with cost: 87515.67810228349 ± 357.9468362190806
==================================================
Skipping save for solve_inf: existing cost 86472.45787137409 <= new cost 89353.1406642363
Skipping save for find_stationary: existing cost 84349.47223881047 <= new cost 87515.67810228349

============================================================
FINAL RESULTS SUMMARY
============================================================

Method: solve_inf
  Order-up-to vector: [29, 28, 27, 21, 36, 29, 38, 18, 25, 36, 31, 42, 42, 32, 39, 21, 26, 8, 8, 8, 8, 11, 8, 20, 24, 8, 17, 16, 14, 16, 10, 14, 14, 14, 9, 9, 4, 4, 13, 4, 7, 14, 14, 9, 12, 14, 4, 13, 8, 14]
  Best epsilon: -20.0
  Best cost: 89353.1406642363 ± 585.1677912870763

Method: find_stationary
  Order-up-to vector: [40, 31, 34, 29, 30, 42, 30, 31, 35, 29, 17, 38, 33, 14, 36, 21, 25, 24, 21, 23, 24, 24, 19, 16, 24, 12, 24, 15, 14, 25, 10, 14, 9, 13, 14, 14, 14, 4, 4, 14, 8, 5, 4, 10, 9, 7, 14, 12, 14, 14]
  Best epsilon: -25.0
  Best cost: 87515.67810228349 ± 357.9468362190806

============================================================
Complete! Per-method results saved to:
  output/nn_training/results_50D_CaseHH_solve_inf.json
  output/nn_training/results_50D_CaseHH_find_stationary.json
============================================================

  Activating project at `~/DeepSJRP`
[ Info:  started timer at: 2026-04-30T03:03:29.705
┌ Warning: Layer with Float32 parameters got Float64 input.
│   The input will be converted, but any earlier layers may be very slow.
│   layer = Dense(50 => 1000, elu)  # 51_000 parameters
│   summary(x) = "50-element Vector{Float64}"
└ @ Flux ~/.julia/packages/Flux/DZYiO/src/layers/stateless.jl:60
RUNNING THE L-BFGS-B CODE

           * * *

Machine precision = 2.220D-16
 N =           50     M =           10

At X0         0 variables are exactly at the bounds

At iterate    0    f=  2.01526D+02    |proj g|=  1.39546D-01

At iterate    1    f=  2.01183D+02    |proj g|=  1.39829D-01
  ys=-1.188E-04  -gs= 3.417E-01 BFGS update SKIPPED

At iterate    2    f=  2.00962D+02    |proj g|=  3.98674D-02

At iterate    3    f=  2.00934D+02    |proj g|=  2.96065D-02

At iterate    4    f=  2.00901D+02    |proj g|=  2.43946D-02

At iterate    5    f=  2.00835D+02    |proj g|=  2.97774D-02

At iterate    6    f=  2.00668D+02    |proj g|=  3.34301D-02

At iterate    7    f=  2.00142D+02    |proj g|=  3.32786D-02

At iterate    8    f=  1.99509D+02    |proj g|=  2.60659D-02

At iterate    9    f=  1.99248D+02    |proj g|=  2.18750D-02

At iterate   10    f=  1.99129D+02    |proj g|=  1.54240D-02

At iterate   11    f=  1.98982D+02    |proj g|=  1.17416D-02

At iterate   12    f=  1.98856D+02    |proj g|=  1.15403D-02

At iterate   13    f=  1.98763D+02    |proj g|=  8.58507D-03

           * * *

Tit   = total number of iterations
Tnf   = total number of function evaluations
Tnint = total number of segments explored during Cauchy searches
Skip  = number of BFGS updates skipped
Nact  = number of active bounds at final generalized Cauchy point
Projg = norm of the final projected gradient
F     = final function value

           * * *

   N    Tit     Tnf  Tnint  Skip  Nact     Projg        F
   50     13     14     14     1    15   8.585D-03   1.988D+02
  F =   198.76324396823665     

CONVERGENCE: NORM_OF_PROJECTED_GRADIENT_<=_PGTOL            

 Cauchy                time 0.000E+00 seconds.
 Subspace minimization time 0.000E+00 seconds.
 Line search           time 1.758E-02 seconds.

 Total User time 2.592E+00 seconds.

RUNNING THE L-BFGS-B CODE

           * * *

Machine precision = 2.220D-16
 N =           50     M =           10

At X0         0 variables are exactly at the bounds

At iterate    0    f=  9.25758D-02    |proj g|=  9.42323D-03

At iterate    1    f=  9.19231D-02    |proj g|=  9.37912D-03

At iterate    2    f=  3.09420D-02    |proj g|=  1.15454D-03

At iterate    3    f=  2.75377D-02    |proj g|=  8.10127D-04

At iterate    4    f=  1.86765D-02    |proj g|=  4.15148D-04

At iterate    5    f=  1.47939D-02    |proj g|=  1.63765D-04

At iterate    6    f=  1.33709D-02    |proj g|=  9.14667D-05

At iterate    7    f=  1.24257D-02    |proj g|=  7.88364D-05

At iterate    8    f=  1.16671D-02    |proj g|=  4.45791D-05

At iterate    9    f=  1.10234D-02    |proj g|=  3.54853D-05

At iterate   10    f=  1.06953D-02    |proj g|=  3.25523D-05

At iterate   11    f=  1.05216D-02    |proj g|=  2.28453D-05

At iterate   12    f=  1.04056D-02    |proj g|=  3.25287D-05

At iterate   13    f=  1.02578D-02    |proj g|=  1.42771D-05

At iterate   14    f=  1.01800D-02    |proj g|=  1.90630D-05

At iterate   15    f=  1.01353D-02    |proj g|=  1.73724D-05

At iterate   16    f=  1.00470D-02    |proj g|=  1.45844D-05

At iterate   17    f=  1.00208D-02    |proj g|=  9.30623D-06

           * * *

Tit   = total number of iterations
Tnf   = total number of function evaluations
Tnint = total number of segments explored during Cauchy searches
Skip  = number of BFGS updates skipped
Nact  = number of active bounds at final generalized Cauchy point
Projg = norm of the final projected gradient
F     = final function value

           * * *

   N    Tit     Tnf  Tnint  Skip  Nact     Projg        F
   50     17     18     27     0    17   9.306D-06   1.002D-02
  F =   1.0020750489448114E-002

CONVERGENCE: NORM_OF_PROJECTED_GRADIENT_<=_PGTOL            

 Cauchy                time 0.000E+00 seconds.
 Subspace minimization time 0.000E+00 seconds.
 Line search           time 1.758E-02 seconds.

 Total User time 3.428E-01 seconds.

