
============================================================
DeepSJRP - Stochastic Joint Replenishment Problem Solver
============================================================
Instance: 50D_CaseLL
Options: Dict{Symbol, Any}(:beta_override => 1.0e6, :alpha_override => nothing, :device => :gpu, :nu_override => 0.4, :T_override => 0.2, :seed => 777)
============================================================

Device: CUDA GPU
CUDA toolchain: 
- runtime 12.8, local installation
- driver 580.126.16 for 13.2
- compiler 12.9

CUDA libraries: 
- CUBLAS: 12.8.4
- CURAND: 10.3.9
- CUFFT: 11.3.3
- CUSOLVER: 11.7.3
- CUSPARSE: 12.5.8
- CUPTI: 2025.1.1 (API 12.8.0)
- NVML: 13.0.0+580.126.16

Julia packages: 
- CUDA: 5.11.0
- GPUArrays: 11.4.1
- GPUCompiler: 1.9.1
- KernelAbstractions: 0.9.41
- CUDA_Driver_jll: 13.2.0+0
- CUDA_Compiler_jll: 0.4.2+0
- CUDA_Runtime_jll: 0.21.0+0
- CUDA_Runtime_Discovery: 1.0.0

Toolchain:
- Julia: 1.11.7
- LLVM: 16.0.6

Preferences:
- CUDA_Runtime_jll.version: local

1 device:
  0: NVIDIA H100 80GB HBM3 (sm_90, 79.175 GiB / 79.647 GiB available)
BLAS threads: 1
Julia threads: 10

Benchmark source: QS

============================================================
IMPULSE CONTROL PROBLEM (scaled, annual)
============================================================
Instance: 50D_CaseLL
Dimension: 50
Interest rate: 0.05
Cost scaling κ: 0.01

Drift μ (annual demand rates): [50.0, 50.0, 50.0, 50.0, 50.0, 50.0, 50.0, 50.0, 50.0, 50.0, 50.0, 50.0, 50.0, 50.0, 50.0, 25.0, 25.0, 25.0, 25.0, 25.0, 25.0, 25.0, 25.0, 25.0, 25.0, 25.0, 25.0, 25.0, 25.0, 25.0, 12.5, 12.5, 12.5, 12.5, 12.5, 12.5, 12.5, 12.5, 12.5, 12.5, 12.5, 12.5, 12.5, 12.5, 12.5, 12.5, 12.5, 12.5, 12.5, 12.5]
Covariance Σ diagonal: [50.0, 50.0, 50.0, 50.0, 50.0, 50.0, 50.0, 50.0, 50.0, 50.0, 50.0, 50.0, 50.0, 50.0, 50.0, 25.0, 25.0, 25.0, 25.0, 25.0, 25.0, 25.0, 25.0, 25.0, 25.0, 25.0, 25.0, 25.0, 25.0, 25.0, 12.5, 12.5, 12.5, 12.5, 12.5, 12.5, 12.5, 12.5, 12.5, 12.5, 12.5, 12.5, 12.5, 12.5, 12.5, 12.5, 12.5, 12.5, 12.5, 12.5]

Scaled costs (× κ = 0.01):
  Fixed cost K:    0.5
  Variable costs c: [0.001, 0.001, 0.001, 0.001, 0.001, 0.001, 0.001, 0.001, 0.001, 0.001, 0.001, 0.001, 0.001, 0.001, 0.001, 0.002, 0.002, 0.002, 0.002, 0.002, 0.002, 0.002, 0.002, 0.002, 0.002, 0.002, 0.002, 0.002, 0.002, 0.002, 0.004, 0.004, 0.004, 0.004, 0.004, 0.004, 0.004, 0.004, 0.004, 0.004, 0.004, 0.004, 0.004, 0.004, 0.004, 0.004, 0.004, 0.004, 0.004, 0.004]
  Holding costs h:  [0.01, 0.01, 0.01, 0.01, 0.01, 0.01, 0.01, 0.01, 0.01, 0.01, 0.01, 0.01, 0.01, 0.01, 0.01, 0.02, 0.02, 0.02, 0.02, 0.02, 0.02, 0.02, 0.02, 0.02, 0.02, 0.02, 0.02, 0.02, 0.02, 0.02, 0.04, 0.04, 0.04, 0.04, 0.04, 0.04, 0.04, 0.04, 0.04, 0.04, 0.04, 0.04, 0.04, 0.04, 0.04, 0.04, 0.04, 0.04, 0.04, 0.04]
  Penalty costs p:  [0.25, 0.25, 0.25, 0.25, 0.25, 0.25, 0.25, 0.25, 0.25, 0.25, 0.25, 0.25, 0.25, 0.25, 0.25, 0.5, 0.5, 0.5, 0.5, 0.5, 0.5, 0.5, 0.5, 0.5, 0.5, 0.5, 0.5, 0.5, 0.5, 0.5, 1.0, 1.0, 1.0, 1.0, 1.0, 1.0, 1.0, 1.0, 1.0, 1.0, 1.0, 1.0, 1.0, 1.0, 1.0, 1.0, 1.0, 1.0, 1.0, 1.0]

Original costs (unscaled):
  Fixed cost K:    50.0
  Variable costs c: [0.1, 0.1, 0.1, 0.1, 0.1, 0.1, 0.1, 0.1, 0.1, 0.1, 0.1, 0.1, 0.1, 0.1, 0.1, 0.2, 0.2, 0.2, 0.2, 0.2, 0.2, 0.2, 0.2, 0.2, 0.2, 0.2, 0.2, 0.2, 0.2, 0.2, 0.4, 0.4, 0.4, 0.4, 0.4, 0.4, 0.4, 0.4, 0.4, 0.4, 0.4, 0.4, 0.4, 0.4, 0.4, 0.4, 0.4, 0.4, 0.4, 0.4]
  Holding costs h:  [1.0, 1.0, 1.0, 1.0, 1.0, 1.0, 1.0, 1.0, 1.0, 1.0, 1.0, 1.0, 1.0, 1.0, 1.0, 2.0, 2.0, 2.0, 2.0, 2.0, 2.0, 2.0, 2.0, 2.0, 2.0, 2.0, 2.0, 2.0, 2.0, 2.0, 4.0, 4.0, 4.0, 4.0, 4.0, 4.0, 4.0, 4.0, 4.0, 4.0, 4.0, 4.0, 4.0, 4.0, 4.0, 4.0, 4.0, 4.0, 4.0, 4.0]
  Penalty costs p:  [25.0, 25.0, 25.0, 25.0, 25.0, 25.0, 25.0, 25.0, 25.0, 25.0, 25.0, 25.0, 25.0, 25.0, 25.0, 50.0, 50.0, 50.0, 50.0, 50.0, 50.0, 50.0, 50.0, 50.0, 50.0, 50.0, 50.0, 50.0, 50.0, 50.0, 100.0, 100.0, 100.0, 100.0, 100.0, 100.0, 100.0, 100.0, 100.0, 100.0, 100.0, 100.0, 100.0, 100.0, 100.0, 100.0, 100.0, 100.0, 100.0, 100.0]
============================================================

============================================================
TRAINING HYPERPARAMETERS
============================================================
Benchmark source: QS
Precision:        Float32
Batch size:       5000
Num intervals:    100
T horizon:        0.2
Num iterations:   40000
Learning rates:   [0.001, 0.0002, 0.0001, 1.0e-5, 1.0e-6]
LR steps:         [1, 5000, 10000, 20000, 30000]
Beta penalty:     [1.0, 10.0, 100.0, 1000.0, 10000.0, 1.0e6]
Penalty steps:    [1, 2500, 5000, 7500, 10000, 20000]
Lambda rate:      5.872242335766425
S guess:          [[11.0, 11.0, 11.0, 11.0, 11.0, 11.0, 11.0, 11.0, 11.0, 11.0, 11.0, 11.0, 11.0, 11.0, 11.0, 6.0, 6.0, 6.0, 6.0, 6.0, 6.0, 6.0, 6.0, 6.0, 6.0, 6.0, 6.0, 6.0, 6.0, 6.0, 4.0, 4.0, 4.0, 4.0, 4.0, 4.0, 4.0, 4.0, 4.0, 4.0, 4.0, 4.0, 4.0, 4.0, 4.0, 4.0, 4.0, 4.0, 4.0, 4.0]]
Nu radius:        0.4
S distribution:   lognormal
Alpha factor:     0.0
Alpha js:         [0.0, 0.0, 0.0, 0.0, 0.0, 0.0, 0.0, 0.0, 0.0, 0.0, 0.0, 0.0, 0.0, 0.0, 0.0, 0.0, 0.0, 0.0, 0.0, 0.0, 0.0, 0.0, 0.0, 0.0, 0.0, 0.0, 0.0, 0.0, 0.0, 0.0, 0.0, 0.0, 0.0, 0.0, 0.0, 0.0, 0.0, 0.0, 0.0, 0.0, 0.0, 0.0, 0.0, 0.0, 0.0, 0.0, 0.0, 0.0, 0.0, 0.0]
Cost scaling:     0.01

Neural network architecture:
  Hidden layers:  4
  Width:          1000
  Activation:     elu

Optimization parameters:
  Start factor:   1.0
  Lower factor:   0.5
  Upper factor:   1.5
  Sim runs:       10
  Sim horizon:    5000
  Epsilons:       [-1.25, -2.5, -5.0, -7.5, -10.0, -12.5, -15.0, -20.0, -25.0, -30.0, -40.0, -50.0, -75.0, -100.0]
============================================================

Gradient network G (∇V):
Chain(
  Dense(50 => 1000, elu),               # 51_000 parameters
  Dense(1000 => 1000, elu),             # 1_001_000 parameters
  Dense(1000 => 1000, elu),             # 1_001_000 parameters
  Dense(1000 => 1000, elu),             # 1_001_000 parameters
  Dense(1000 => 50),                    # 50_050 parameters
)                   # Total: 10 arrays, 3_104_050 parameters, 1.562 KiB.

Value network H (V):
Chain(
  Dense(50 => 1000, elu),               # 51_000 parameters
  Dense(1000 => 1000, elu),             # 1_001_000 parameters
  Dense(1000 => 1000, elu),             # 1_001_000 parameters
  Dense(1000 => 1000, elu),             # 1_001_000 parameters
  Dense(1000 => 1),                     # 1_001 parameters
)                   # Total: 10 arrays, 3_055_001 parameters, 1.562 KiB.


============================================================
Starting neural network training...
============================================================

Starting training with steady-state sampler:
-----------------------------------------
Epoch: 1; Penalty β updated to: 1.0
-----------------------------------------
─── Device check ───
  x_tn: CuArray{Float32} (50, 100, 5000)
  dB: CuArray{Float32} (50, 100, 5000)
  dU: CuArray{Float32} (50, 100, 5000)
  exponentials: CuArray{Float32} (1, 100)
  loss_dB: CuArray{Float32} (1, 5000)
  loss_df: CuArray{Float32} (1, 5000)
  loss_dU: CuArray{Float32} (1, 5000)
  H_x0: CuArray{Float32} (1, 5000)
  H_xT: CuArray{Float32} (1, 5000)
  penalties: CuArray{Float32} (1, 5000)
────────────────────
Epoch: 1; Computation time: 62.357979191; Current value of V(0): 0.0
Lagrangian objective: 7273.2256; Average H(x0): 0.0; Quantile-hedge α(β): 52.32
Simulation time per epoch: 10.845610297; Gradient computation time: 39.486332685; Testing time: 11.224535585
Epoch: 1000; Computation time: 401.156467093; Current value of V(0): 95062.15209960938
Lagrangian objective: -3135.8716; Average H(x0): 5746.5586; Quantile-hedge α(β): 0.6399999999999961
Simulation time per epoch: 0.073958637; Gradient computation time: 0.181542057; Testing time: 0.083023051
Epoch: 2000; Computation time: 740.217701868; Current value of V(0): 133867.041015625
Lagrangian objective: -3123.4324; Average H(x0): 5736.18; Quantile-hedge α(β): 0.7800000000000029
Simulation time per epoch: 0.073949179; Gradient computation time: 0.181492791; Testing time: 0.083030891
-----------------------------------------
Epoch: 2500; Penalty β updated to: 10.0
-----------------------------------------
Epoch: 3000; Computation time: 1078.005402785; Current value of V(0): 44220.623779296875
Lagrangian objective: -663.90155; Average H(x0): 1004.422; Quantile-hedge α(β): 15.100000000000001
Simulation time per epoch: 0.074171121; Gradient computation time: 0.181002938; Testing time: 0.082978054
Epoch: 4000; Computation time: 1415.180140297; Current value of V(0): 44782.47985839844
Lagrangian objective: -660.5507; Average H(x0): 1007.5808; Quantile-hedge α(β): 15.439999999999998
Simulation time per epoch: 0.074153396; Gradient computation time: 0.180249264; Testing time: 0.082755176
-----------------------------------------
Epoch: 5000; Penalty β updated to: 100.0
-----------------------------------------
Epoch: 5000; Computation time: 1752.36085413; Current value of V(0): 45441.54357910156
Lagrangian objective: 2468.3213; Average H(x0): 1005.1624; Quantile-hedge α(β): 14.180000000000003
Simulation time per epoch: 0.074010947; Gradient computation time: 0.180438264; Testing time: 0.082784016
Epoch: 6000; Computation time: 2089.536129549; Current value of V(0): 25465.36865234375
Lagrangian objective: -334.49026; Average H(x0): 392.01065; Quantile-hedge α(β): 43.58
Simulation time per epoch: 0.074162655; Gradient computation time: 0.180120167; Testing time: 0.082766293
Epoch: 7000; Computation time: 2426.741994404; Current value of V(0): 25407.774353027344
Lagrangian objective: -328.79837; Average H(x0): 391.35284; Quantile-hedge α(β): 44.279999999999994
Simulation time per epoch: 0.073977853; Gradient computation time: 0.180399878; Testing time: 0.082837391
-----------------------------------------
Epoch: 7500; Penalty β updated to: 1000.0
-----------------------------------------
Epoch: 8000; Computation time: 2763.952966048; Current value of V(0): 19088.363647460938
Lagrangian objective: -262.2901; Average H(x0): 281.23492; Quantile-hedge α(β): 79.69999999999999
Simulation time per epoch: 0.07418697; Gradient computation time: 0.179959433; Testing time: 0.082764066
Epoch: 9000; Computation time: 3101.373619295; Current value of V(0): 19242.0654296875
Lagrangian objective: -260.51736; Average H(x0): 282.09518; Quantile-hedge α(β): 79.4
Simulation time per epoch: 0.074181948; Gradient computation time: 0.1804353; Testing time: 0.082747612
-----------------------------------------
Epoch: 10000; Penalty β updated to: 10000.0
-----------------------------------------
Epoch: 10000; Computation time: 3438.527712968; Current value of V(0): 19434.141540527344
Lagrangian objective: -85.33719; Average H(x0): 282.72052; Quantile-hedge α(β): 79.58000000000001
Simulation time per epoch: 0.074006671; Gradient computation time: 0.180222922; Testing time: 0.08278389
Epoch: 11000; Computation time: 3775.743767796; Current value of V(0): 20189.820861816406
Lagrangian objective: -241.56944; Average H(x0): 250.5434; Quantile-hedge α(β): 94.89999999999999
Simulation time per epoch: 0.074108414; Gradient computation time: 0.180146348; Testing time: 0.082702386
Epoch: 12000; Computation time: 4112.967440981; Current value of V(0): 20183.21533203125
Lagrangian objective: -238.542; Average H(x0): 249.33487; Quantile-hedge α(β): 94.92
Simulation time per epoch: 0.074153959; Gradient computation time: 0.180068768; Testing time: 0.082740533
Epoch: 13000; Computation time: 4450.135066144; Current value of V(0): 19980.612182617188
Lagrangian objective: -235.3018; Average H(x0): 245.09195; Quantile-hedge α(β): 95.3
Simulation time per epoch: 0.074111599; Gradient computation time: 0.180328634; Testing time: 0.08276533
Epoch: 14000; Computation time: 4787.29887447; Current value of V(0): 20105.08270263672
Lagrangian objective: -231.88028; Average H(x0): 245.64008; Quantile-hedge α(β): 95.84
Simulation time per epoch: 0.074087766; Gradient computation time: 0.180550878; Testing time: 0.082783208
Epoch: 15000; Computation time: 5124.458538608; Current value of V(0): 19825.975036621094
Lagrangian objective: -226.60338; Average H(x0): 239.47334; Quantile-hedge α(β): 95.84
Simulation time per epoch: 0.074182053; Gradient computation time: 0.180388446; Testing time: 0.082766703
Epoch: 16000; Computation time: 5461.62951152; Current value of V(0): 20079.734802246094
Lagrangian objective: -233.48985; Average H(x0): 242.25426; Quantile-hedge α(β): 96.32000000000001
Simulation time per epoch: 0.074070428; Gradient computation time: 0.180408929; Testing time: 0.082768195
Epoch: 17000; Computation time: 5798.792250098; Current value of V(0): 20347.23663330078
Lagrangian objective: -223.5738; Average H(x0): 244.28136; Quantile-hedge α(β): 94.88
Simulation time per epoch: 0.074003671; Gradient computation time: 0.180522289; Testing time: 0.082802308
Epoch: 18000; Computation time: 6136.01458897; Current value of V(0): 19927.8564453125
Lagrangian objective: -223.27162; Average H(x0): 235.65465; Quantile-hedge α(β): 96.1
Simulation time per epoch: 0.074155211; Gradient computation time: 0.180188183; Testing time: 0.082764645
Epoch: 19000; Computation time: 6473.173628152; Current value of V(0): 20426.290893554688
Lagrangian objective: -229.68495; Average H(x0): 241.69185; Quantile-hedge α(β): 95.86
Simulation time per epoch: 0.074152331; Gradient computation time: 0.180557769; Testing time: 0.082775424
-----------------------------------------
Epoch: 20000; Penalty β updated to: 1.0e6
-----------------------------------------
Epoch: 20000; Computation time: 6810.542665787; Current value of V(0): 20627.639770507812
Lagrangian objective: 754.44556; Average H(x0): 243.19115; Quantile-hedge α(β): 96.5
Simulation time per epoch: 0.074066177; Gradient computation time: 0.180146779; Testing time: 0.082758341
Epoch: 21000; Computation time: 7147.752849209; Current value of V(0): 19294.107055664062
Lagrangian objective: -219.87595; Average H(x0): 219.92938; Quantile-hedge α(β): 99.96000000000001
Simulation time per epoch: 0.074173411; Gradient computation time: 0.180896401; Testing time: 0.08286341
Epoch: 22000; Computation time: 7484.965558064; Current value of V(0): 19477.793884277344
Lagrangian objective: -222.08862; Average H(x0): 222.68895; Quantile-hedge α(β): 99.94
Simulation time per epoch: 0.074134258; Gradient computation time: 0.180258236; Testing time: 0.082762529
Epoch: 23000; Computation time: 7822.150218133; Current value of V(0): 19358.192443847656
Lagrangian objective: -214.65578; Average H(x0): 220.74132; Quantile-hedge α(β): 99.92
Simulation time per epoch: 0.074183851; Gradient computation time: 0.179995458; Testing time: 0.082751215
Epoch: 24000; Computation time: 8159.330359852; Current value of V(0): 19018.81103515625
Lagrangian objective: -211.7188; Average H(x0): 215.0239; Quantile-hedge α(β): 99.9
Simulation time per epoch: 0.074111281; Gradient computation time: 0.180452697; Testing time: 0.08276887
Epoch: 25000; Computation time: 8496.507664747; Current value of V(0): 18718.519592285156
Lagrangian objective: -205.36737; Average H(x0): 210.0383; Quantile-hedge α(β): 99.88
Simulation time per epoch: 0.074025701; Gradient computation time: 0.180449343; Testing time: 0.08270594
Epoch: 26000; Computation time: 8833.676968501; Current value of V(0): 18557.916259765625
Lagrangian objective: -199.76982; Average H(x0): 207.56708; Quantile-hedge α(β): 99.92
Simulation time per epoch: 0.074145791; Gradient computation time: 0.180071889; Testing time: 0.082796265
Epoch: 27000; Computation time: 9170.861320441; Current value of V(0): 18945.957946777344
Lagrangian objective: -213.7793; Average H(x0): 214.20508; Quantile-hedge α(β): 99.92
Simulation time per epoch: 0.074187925; Gradient computation time: 0.180179629; Testing time: 0.082779073
Epoch: 28000; Computation time: 9508.047253351; Current value of V(0): 18878.379821777344
Lagrangian objective: -208.7075; Average H(x0): 213.64087; Quantile-hedge α(β): 99.86
Simulation time per epoch: 0.074059649; Gradient computation time: 0.180226658; Testing time: 0.082815486
Epoch: 29000; Computation time: 9845.305749806; Current value of V(0): 18620.260620117188
Lagrangian objective: -156.56116; Average H(x0): 209.38443; Quantile-hedge α(β): 99.72
Simulation time per epoch: 0.074149531; Gradient computation time: 0.180352498; Testing time: 0.082741965
Epoch: 30000; Computation time: 10182.613229196; Current value of V(0): 18983.08563232422
Lagrangian objective: -213.29305; Average H(x0): 215.11685; Quantile-hedge α(β): 99.94
Simulation time per epoch: 0.074003919; Gradient computation time: 0.181325161; Testing time: 0.082998379
Epoch: 31000; Computation time: 10519.850617389; Current value of V(0): 19628.460693359375
Lagrangian objective: -220.83482; Average H(x0): 225.59192; Quantile-hedge α(β): 99.83999999999999
Simulation time per epoch: 0.07414249; Gradient computation time: 0.180042145; Testing time: 0.082740398
Epoch: 32000; Computation time: 10857.064953866; Current value of V(0): 19654.490661621094
Lagrangian objective: -225.6772; Average H(x0): 225.72928; Quantile-hedge α(β): 99.96000000000001
Simulation time per epoch: 0.074079824; Gradient computation time: 0.180550718; Testing time: 0.082854961
Epoch: 33000; Computation time: 11194.285755063; Current value of V(0): 19673.04229736328
Lagrangian objective: -219.86743; Average H(x0): 225.91335; Quantile-hedge α(β): 99.92
Simulation time per epoch: 0.074105169; Gradient computation time: 0.180189061; Testing time: 0.082763002
Epoch: 34000; Computation time: 11531.480451033; Current value of V(0): 19665.390014648438
Lagrangian objective: -223.09833; Average H(x0): 225.7154; Quantile-hedge α(β): 99.83999999999999
Simulation time per epoch: 0.073975713; Gradient computation time: 0.180471879; Testing time: 0.082834472
Epoch: 35000; Computation time: 11868.663962668; Current value of V(0): 19679.734802246094
Lagrangian objective: -224.12045; Average H(x0): 225.7866; Quantile-hedge α(β): 99.94
Simulation time per epoch: 0.074085572; Gradient computation time: 0.180465022; Testing time: 0.082784498
Epoch: 36000; Computation time: 12205.867670954; Current value of V(0): 19694.418334960938
Lagrangian objective: -223.78175; Average H(x0): 226.00784; Quantile-hedge α(β): 99.88
Simulation time per epoch: 0.074127509; Gradient computation time: 0.180232361; Testing time: 0.082756149
Epoch: 37000; Computation time: 12543.283357091; Current value of V(0): 19700.225830078125
Lagrangian objective: -216.92082; Average H(x0): 225.91217; Quantile-hedge α(β): 99.82
Simulation time per epoch: 0.074064206; Gradient computation time: 0.180914453; Testing time: 0.082893273
Epoch: 38000; Computation time: 12880.937575592; Current value of V(0): 19698.947143554688
Lagrangian objective: -221.64728; Average H(x0): 225.88885; Quantile-hedge α(β): 99.78
Simulation time per epoch: 0.073865693; Gradient computation time: 0.180971271; Testing time: 0.082972544
Epoch: 39000; Computation time: 13218.959365986; Current value of V(0): 19698.971557617188
Lagrangian objective: -224.03595; Average H(x0): 225.8841; Quantile-hedge α(β): 99.82
Simulation time per epoch: 0.074149652; Gradient computation time: 0.180648033; Testing time: 0.082839681
Epoch: 40000; Computation time: 13557.089723572; Current value of V(0): 19705.84716796875
Lagrangian objective: -218.93582; Average H(x0): 225.93765; Quantile-hedge α(β): 99.82
Simulation time per epoch: 0.073931381; Gradient computation time: 0.181425564; Testing time: 0.083041744

Training completed in 13557.08983284 seconds
Final V(0): 19705.960083007812

============================================================
Running policy evaluation...
============================================================


============================================================
INVENTORY PROBLEM (unscaled, weekly)
============================================================
Dimension:       50
Discount factor: 0.9990389236684376
Fixed cost:      50.0
Variable costs:  [0.1, 0.1, 0.1, 0.1, 0.1, 0.1, 0.1, 0.1, 0.1, 0.1, 0.1, 0.1, 0.1, 0.1, 0.1, 0.2, 0.2, 0.2, 0.2, 0.2, 0.2, 0.2, 0.2, 0.2, 0.2, 0.2, 0.2, 0.2, 0.2, 0.2, 0.4, 0.4, 0.4, 0.4, 0.4, 0.4, 0.4, 0.4, 0.4, 0.4, 0.4, 0.4, 0.4, 0.4, 0.4, 0.4, 0.4, 0.4, 0.4, 0.4]
Holding costs:   [0.019230769230769232, 0.019230769230769232, 0.019230769230769232, 0.019230769230769232, 0.019230769230769232, 0.019230769230769232, 0.019230769230769232, 0.019230769230769232, 0.019230769230769232, 0.019230769230769232, 0.019230769230769232, 0.019230769230769232, 0.019230769230769232, 0.019230769230769232, 0.019230769230769232, 0.038461538461538464, 0.038461538461538464, 0.038461538461538464, 0.038461538461538464, 0.038461538461538464, 0.038461538461538464, 0.038461538461538464, 0.038461538461538464, 0.038461538461538464, 0.038461538461538464, 0.038461538461538464, 0.038461538461538464, 0.038461538461538464, 0.038461538461538464, 0.038461538461538464, 0.07692307692307693, 0.07692307692307693, 0.07692307692307693, 0.07692307692307693, 0.07692307692307693, 0.07692307692307693, 0.07692307692307693, 0.07692307692307693, 0.07692307692307693, 0.07692307692307693, 0.07692307692307693, 0.07692307692307693, 0.07692307692307693, 0.07692307692307693, 0.07692307692307693, 0.07692307692307693, 0.07692307692307693, 0.07692307692307693, 0.07692307692307693, 0.07692307692307693]
Backlog costs:   [0.4807692307692308, 0.4807692307692308, 0.4807692307692308, 0.4807692307692308, 0.4807692307692308, 0.4807692307692308, 0.4807692307692308, 0.4807692307692308, 0.4807692307692308, 0.4807692307692308, 0.4807692307692308, 0.4807692307692308, 0.4807692307692308, 0.4807692307692308, 0.4807692307692308, 0.9615384615384616, 0.9615384615384616, 0.9615384615384616, 0.9615384615384616, 0.9615384615384616, 0.9615384615384616, 0.9615384615384616, 0.9615384615384616, 0.9615384615384616, 0.9615384615384616, 0.9615384615384616, 0.9615384615384616, 0.9615384615384616, 0.9615384615384616, 0.9615384615384616, 1.9230769230769231, 1.9230769230769231, 1.9230769230769231, 1.9230769230769231, 1.9230769230769231, 1.9230769230769231, 1.9230769230769231, 1.9230769230769231, 1.9230769230769231, 1.9230769230769231, 1.9230769230769231, 1.9230769230769231, 1.9230769230769231, 1.9230769230769231, 1.9230769230769231, 1.9230769230769231, 1.9230769230769231, 1.9230769230769231, 1.9230769230769231, 1.9230769230769231]
Demand dists:    DataType[Distributions.Poisson{Float64}, Distributions.Poisson{Float64}, Distributions.Poisson{Float64}, Distributions.Poisson{Float64}, Distributions.Poisson{Float64}, Distributions.Poisson{Float64}, Distributions.Poisson{Float64}, Distributions.Poisson{Float64}, Distributions.Poisson{Float64}, Distributions.Poisson{Float64}, Distributions.Poisson{Float64}, Distributions.Poisson{Float64}, Distributions.Poisson{Float64}, Distributions.Poisson{Float64}, Distributions.Poisson{Float64}, Distributions.Poisson{Float64}, Distributions.Poisson{Float64}, Distributions.Poisson{Float64}, Distributions.Poisson{Float64}, Distributions.Poisson{Float64}, Distributions.Poisson{Float64}, Distributions.Poisson{Float64}, Distributions.Poisson{Float64}, Distributions.Poisson{Float64}, Distributions.Poisson{Float64}, Distributions.Poisson{Float64}, Distributions.Poisson{Float64}, Distributions.Poisson{Float64}, Distributions.Poisson{Float64}, Distributions.Poisson{Float64}, Distributions.Poisson{Float64}, Distributions.Poisson{Float64}, Distributions.Poisson{Float64}, Distributions.Poisson{Float64}, Distributions.Poisson{Float64}, Distributions.Poisson{Float64}, Distributions.Poisson{Float64}, Distributions.Poisson{Float64}, Distributions.Poisson{Float64}, Distributions.Poisson{Float64}, Distributions.Poisson{Float64}, Distributions.Poisson{Float64}, Distributions.Poisson{Float64}, Distributions.Poisson{Float64}, Distributions.Poisson{Float64}, Distributions.Poisson{Float64}, Distributions.Poisson{Float64}, Distributions.Poisson{Float64}, Distributions.Poisson{Float64}, Distributions.Poisson{Float64}]
Demand means:    [0.9615384615384616, 0.9615384615384616, 0.9615384615384616, 0.9615384615384616, 0.9615384615384616, 0.9615384615384616, 0.9615384615384616, 0.9615384615384616, 0.9615384615384616, 0.9615384615384616, 0.9615384615384616, 0.9615384615384616, 0.9615384615384616, 0.9615384615384616, 0.9615384615384616, 0.4807692307692308, 0.4807692307692308, 0.4807692307692308, 0.4807692307692308, 0.4807692307692308, 0.4807692307692308, 0.4807692307692308, 0.4807692307692308, 0.4807692307692308, 0.4807692307692308, 0.4807692307692308, 0.4807692307692308, 0.4807692307692308, 0.4807692307692308, 0.4807692307692308, 0.2403846153846154, 0.2403846153846154, 0.2403846153846154, 0.2403846153846154, 0.2403846153846154, 0.2403846153846154, 0.2403846153846154, 0.2403846153846154, 0.2403846153846154, 0.2403846153846154, 0.2403846153846154, 0.2403846153846154, 0.2403846153846154, 0.2403846153846154, 0.2403846153846154, 0.2403846153846154, 0.2403846153846154, 0.2403846153846154, 0.2403846153846154, 0.2403846153846154]
============================================================

==================================================
Computing order-up-to vector via :solve_inf
==================================================

Method: solve_inf
Final objective: 225.95317749023437
z*: [11.0, 11.0, 11.0, 11.0, 11.0, 11.0, 11.0, 11.0, 11.0, 11.0, 11.0, 11.0, 11.0, 11.0, 11.0, 6.0, 6.0, 6.0, 6.0, 6.0, 6.0, 6.0, 6.0, 6.0, 6.0, 6.0, 6.0, 6.0, 6.0, 6.0, 4.0, 4.0, 4.0, 4.0, 4.0, 4.0, 4.0, 4.0, 4.0, 4.0, 4.0, 4.0, 4.0, 4.0, 4.0, 4.0, 4.0, 4.0, 4.0, 4.0]
Intervention value: -29.39356140136718

==================================================
Computing order-up-to vector via :find_stationary
==================================================

Method: find_stationary
Final residual: 0.024711539306342952
z*: [11.0, 11.0, 11.0, 11.0, 11.0, 11.0, 11.0, 11.0, 11.0, 11.0, 11.0, 11.0, 11.0, 11.0, 11.0, 6.0, 6.0, 6.0, 6.0, 6.0, 6.0, 6.0, 6.0, 6.0, 6.0, 6.0, 6.0, 6.0, 6.0, 6.0, 4.0, 4.0, 4.0, 4.0, 4.0, 4.0, 4.0, 4.0, 4.0, 4.0, 4.0, 4.0, 4.0, 4.0, 4.0, 4.0, 4.0, 4.0, 4.0, 4.0]
Intervention value: -29.39356140136718

==================================================
Summary:
  solve_inf:       z* = [11, 11, 11, 11, 11, 11, 11, 11, 11, 11, 11, 11, 11, 11, 11, 6, 6, 6, 6, 6, 6, 6, 6, 6, 6, 6, 6, 6, 6, 6, 4, 4, 4, 4, 4, 4, 4, 4, 4, 4, 4, 4, 4, 4, 4, 4, 4, 4, 4, 4]
  find_stationary: z* = [11, 11, 11, 11, 11, 11, 11, 11, 11, 11, 11, 11, 11, 11, 11, 6, 6, 6, 6, 6, 6, 6, 6, 6, 6, 6, 6, 6, 6, 6, 4, 4, 4, 4, 4, 4, 4, 4, 4, 4, 4, 4, 4, 4, 4, 4, 4, 4, 4, 4]
==================================================

============================================================
Evaluating method: solve_inf
============================================================

----------------------------------------
Evaluating ε = -1.25
----------------------------------------
Mean cost: 21663.344595090493 ± 24.365364702483728
  Inventory costs: 10885.857281986817
  Variable costs:  5002.945090682527
  Fixed costs:     5774.542222421177
  Simulation time: 483.6s

----------------------------------------
Evaluating ε = -2.5
----------------------------------------
Mean cost: 21895.6604963844 ± 29.993591745464183
  Inventory costs: 11479.748334918146
  Variable costs:  5012.500792285582
  Fixed costs:     5403.411369180688
  Simulation time: 477.0s

----------------------------------------
Evaluating ε = -5.0
----------------------------------------
Mean cost: 22510.149673865068 ± 31.7215593545653
  Inventory costs: 12585.481727397513
  Variable costs:  4993.808615575567
  Fixed costs:     4930.859330891969
  Simulation time: 542.7s

----------------------------------------
Evaluating ε = -7.5
----------------------------------------
Mean cost: 23373.677894110104 ± 35.31172073961377
  Inventory costs: 13742.453959313538
  Variable costs:  4989.686903199168
  Fixed costs:     4641.5370315974415
  Simulation time: 536.2s

----------------------------------------
Evaluating ε = -10.0
----------------------------------------
Mean cost: 24373.70424704835 ± 28.36162177886321
  Inventory costs: 14960.413626929463
  Variable costs:  5003.597314405068
  Fixed costs:     4409.693305713811
  Simulation time: 532.7s

----------------------------------------
Evaluating ε = -12.5
----------------------------------------
Mean cost: 25442.211654838182 ± 38.175768343602975
  Inventory costs: 16205.626563566306
  Variable costs:  4997.329979116689
  Fixed costs:     4239.255112155178
  Simulation time: 543.3s

----------------------------------------
Evaluating ε = -15.0
----------------------------------------
Mean cost: 26450.5186994078 ± 37.180461969763925
  Inventory costs: 17396.047158312795
  Variable costs:  4984.132238163405
  Fixed costs:     4070.33930293162
  Simulation time: 531.0s

----------------------------------------
Evaluating ε = -20.0
----------------------------------------
Mean cost: 28781.12619266521 ± 43.03348379628634
  Inventory costs: 19958.330645549366
  Variable costs:  4995.50439581621
  Fixed costs:     3827.2911512996593
  Simulation time: 534.4s

----------------------------------------
Evaluating ε = -25.0
----------------------------------------
Mean cost: 31080.428705819817 ± 39.90285822530543
  Inventory costs: 22474.404519761258
  Variable costs:  4982.605787982727
  Fixed costs:     3623.4183980758435
  Simulation time: 540.7s

----------------------------------------
Evaluating ε = -30.0
----------------------------------------
Mean cost: 33607.701890078046 ± 77.8396042092408
  Inventory costs: 25138.054758330916
  Variable costs:  5000.594756142926
  Fixed costs:     3469.05237560419
  Simulation time: 528.8s

----------------------------------------
Evaluating ε = -40.0
----------------------------------------
Mean cost: 38814.82239507611 ± 67.28337145205082
  Inventory costs: 30614.90794502846
  Variable costs:  4995.113328940395
  Fixed costs:     3204.801121107192
  Simulation time: 576.6s

----------------------------------------
Evaluating ε = -50.0
----------------------------------------
Mean cost: 44390.61211218174 ± 67.82841826202868
  Inventory costs: 36425.5786064131
  Variable costs:  4981.242400380832
  Fixed costs:     2983.7911053877688
  Simulation time: 585.3s

----------------------------------------
Evaluating ε = -75.0
----------------------------------------
Mean cost: 59121.75154866616 ± 118.18922715893653
  Inventory costs: 51530.86318511104
  Variable costs:  4988.56345833564
  Fixed costs:     2602.3249052195056
  Simulation time: 581.6s

----------------------------------------
Evaluating ε = -100.0
----------------------------------------
Mean cost: 74847.03284703083 ± 125.09747756086635
  Inventory costs: 67540.80209282176
  Variable costs:  4979.81597081388
  Fixed costs:     2326.414783395302
  Simulation time: 581.5s

==================================================
Best epsilon: -1.25 with cost: 21663.344595090493 ± 24.365364702483728
==================================================

============================================================
Evaluating method: find_stationary
============================================================

----------------------------------------
Evaluating ε = -1.25
----------------------------------------
Mean cost: 21762.389769239693 ± 34.03170866902767
  Inventory costs: 10919.802097219246
  Variable costs:  5017.282832542905
  Fixed costs:     5825.304839477532
  Simulation time: 582.1s

----------------------------------------
Evaluating ε = -2.5
----------------------------------------
Mean cost: 21892.29203528363 ± 25.325245014409994
  Inventory costs: 11474.872176945066
  Variable costs:  4998.527405361832
  Fixed costs:     5418.892452976734
  Simulation time: 587.2s

----------------------------------------
Evaluating ε = -5.0
----------------------------------------
Mean cost: 22610.264952297886 ± 39.19724320324329
  Inventory costs: 12639.507215411346
  Variable costs:  5012.221847898128
  Fixed costs:     4958.535888988409
  Simulation time: 574.5s

----------------------------------------
Evaluating ε = -7.5
----------------------------------------
Mean cost: 23482.45445685782 ± 30.67060866753124
  Inventory costs: 13827.412733344809
  Variable costs:  4999.17910892474
  Fixed costs:     4655.862614588243
  Simulation time: 575.0s

----------------------------------------
Evaluating ε = -10.0
----------------------------------------
Mean cost: 24327.988120386173 ± 26.04447105401397
  Inventory costs: 14924.172275658002
  Variable costs:  4991.111676330013
  Fixed costs:     4412.704168398193
  Simulation time: 582.5s

----------------------------------------
Evaluating ε = -12.5
----------------------------------------
Mean cost: 25382.829150125293 ± 39.92066492837846
  Inventory costs: 16158.02232882706
  Variable costs:  4999.908719444984
  Fixed costs:     4224.898101853236
  Simulation time: 584.1s

----------------------------------------
Evaluating ε = -15.0
----------------------------------------
Mean cost: 26433.03745326677 ± 24.40629638858973
  Inventory costs: 17376.363019434535
  Variable costs:  4993.024814272705
  Fixed costs:     4063.6496195595173
  Simulation time: 583.1s

----------------------------------------
Evaluating ε = -20.0
----------------------------------------
Mean cost: 28800.197560186818 ± 52.52238117649479
  Inventory costs: 19970.33454103773
  Variable costs:  5000.111408089675
  Fixed costs:     3829.7516110594224
  Simulation time: 582.4s

----------------------------------------
Evaluating ε = -25.0
----------------------------------------
Mean cost: 31025.82271201342 ± 43.62101100039453
  Inventory costs: 22413.04888654811
  Variable costs:  4989.771627641535
  Fixed costs:     3623.0021978237783
  Simulation time: 580.6s

----------------------------------------
Evaluating ε = -30.0
----------------------------------------
Mean cost: 33599.76853333832 ± 75.79327274306426
  Inventory costs: 25159.001448947023
  Variable costs:  4983.445489335145
  Fixed costs:     3457.3215950561853
  Simulation time: 586.7s

----------------------------------------
Evaluating ε = -40.0
----------------------------------------
Mean cost: 38702.80901480412 ± 93.56517556792218
  Inventory costs: 30533.78907181824
  Variable costs:  4979.253309098599
  Fixed costs:     3189.766633887263
  Simulation time: 565.4s

----------------------------------------
Evaluating ε = -50.0
----------------------------------------
Mean cost: 44264.34085519654 ± 106.67380504362086
  Inventory costs: 36285.051422022894
  Variable costs:  4991.994649563274
  Fixed costs:     2987.294783610376
  Simulation time: 556.2s

----------------------------------------
Evaluating ε = -75.0
----------------------------------------
Mean cost: 59110.341509089434 ± 91.94344573987982
  Inventory costs: 51516.51033238413
  Variable costs:  4988.614688076619
  Fixed costs:     2605.2164886286773
  Simulation time: 533.2s

----------------------------------------
Evaluating ε = -100.0
----------------------------------------
Mean cost: 75530.20617991927 ± 106.33585386821147
  Inventory costs: 68212.9995805795
  Variable costs:  4989.3808288682285
  Fixed costs:     2327.8257704715597
  Simulation time: 506.4s

==================================================
Best epsilon: -1.25 with cost: 21762.389769239693 ± 34.03170866902767
==================================================
Improving solve_inf: 21666.155865801054 -> 21663.344595090493
Results saved to: output/nn_training/results_50D_CaseLL_solve_inf.json
Neural networks saved to: policies/policies50D/neural_networks_50D_CaseLL_solve_inf.bson
Improving find_stationary: 21774.451513506294 -> 21762.389769239693
Results saved to: output/nn_training/results_50D_CaseLL_find_stationary.json
Neural networks saved to: policies/policies50D/neural_networks_50D_CaseLL_find_stationary.bson

============================================================
FINAL RESULTS SUMMARY
============================================================

Method: solve_inf
  Order-up-to vector: [11, 11, 11, 11, 11, 11, 11, 11, 11, 11, 11, 11, 11, 11, 11, 6, 6, 6, 6, 6, 6, 6, 6, 6, 6, 6, 6, 6, 6, 6, 4, 4, 4, 4, 4, 4, 4, 4, 4, 4, 4, 4, 4, 4, 4, 4, 4, 4, 4, 4]
  Best epsilon: -1.25
  Best cost: 21663.344595090493 ± 24.365364702483728

Method: find_stationary
  Order-up-to vector: [11, 11, 11, 11, 11, 11, 11, 11, 11, 11, 11, 11, 11, 11, 11, 6, 6, 6, 6, 6, 6, 6, 6, 6, 6, 6, 6, 6, 6, 6, 4, 4, 4, 4, 4, 4, 4, 4, 4, 4, 4, 4, 4, 4, 4, 4, 4, 4, 4, 4]
  Best epsilon: -1.25
  Best cost: 21762.389769239693 ± 34.03170866902767

============================================================
Complete! Per-method results saved to:
  output/nn_training/results_50D_CaseLL_solve_inf.json
  output/nn_training/results_50D_CaseLL_find_stationary.json
============================================================

  Activating project at `~/DeepSJRP`
[ Info:  started timer at: 2026-04-29T18:53:42.904
┌ Warning: Layer with Float32 parameters got Float64 input.
│   The input will be converted, but any earlier layers may be very slow.
│   layer = Dense(50 => 1000, elu)  # 51_000 parameters
│   summary(x) = "50-element Vector{Float64}"
└ @ Flux ~/.julia/packages/Flux/DZYiO/src/layers/stateless.jl:60
RUNNING THE L-BFGS-B CODE

           * * *

Machine precision = 2.220D-16
 N =           50     M =           10

At X0         0 variables are exactly at the bounds

At iterate    0    f=  2.25953D+02    |proj g|=  9.67101D-03

           * * *

Tit   = total number of iterations
Tnf   = total number of function evaluations
Tnint = total number of segments explored during Cauchy searches
Skip  = number of BFGS updates skipped
Nact  = number of active bounds at final generalized Cauchy point
Projg = norm of the final projected gradient
F     = final function value

           * * *

   N    Tit     Tnf  Tnint  Skip  Nact     Projg        F
   50      0      1      0     0     0   9.671D-03   2.260D+02
  F =   225.95317749023437     

CONVERGENCE: NORM_OF_PROJECTED_GRADIENT_<=_PGTOL            

 Cauchy                time 0.000E+00 seconds.
 Subspace minimization time 0.000E+00 seconds.
 Line search           time 0.000E+00 seconds.

 Total User time 2.360E+00 seconds.

RUNNING THE L-BFGS-B CODE

           * * *

Machine precision = 2.220D-16
 N =           50     M =           10

At X0         0 variables are exactly at the bounds

At iterate    0    f=  6.10660D-04    |proj g|=  5.85827D-07

           * * *

Tit   = total number of iterations
Tnf   = total number of function evaluations
Tnint = total number of segments explored during Cauchy searches
Skip  = number of BFGS updates skipped
Nact  = number of active bounds at final generalized Cauchy point
Projg = norm of the final projected gradient
F     = final function value

           * * *

   N    Tit     Tnf  Tnint  Skip  Nact     Projg        F
   50      0      1      0     0     0   5.858D-07   6.107D-04
  F =   6.1066017488893272E-004

CONVERGENCE: NORM_OF_PROJECTED_GRADIENT_<=_PGTOL            

 Cauchy                time 0.000E+00 seconds.
 Subspace minimization time 0.000E+00 seconds.
 Line search           time 0.000E+00 seconds.

 Total User time 2.852E-01 seconds.

