
============================================================
DeepSJRP - Stochastic Joint Replenishment Problem Solver
============================================================
Instance: 50D_CaseLH
Options: Dict{Symbol, Any}(:beta_override => 1.0e6, :alpha_override => nothing, :device => :gpu, :nu_override => 0.4, :T_override => 0.05, :seed => 777)
============================================================

Device: CUDA GPU
CUDA toolchain: 
- runtime 12.8, local installation
- driver 580.126.16 for 13.2
- compiler 12.9

CUDA libraries: 
- CUBLAS: 12.8.4
- CURAND: 10.3.9
- CUFFT: 11.3.3
- CUSOLVER: 11.7.3
- CUSPARSE: 12.5.8
- CUPTI: 2025.1.1 (API 12.8.0)
- NVML: 13.0.0+580.126.16

Julia packages: 
- CUDA: 5.11.0
- GPUArrays: 11.4.1
- GPUCompiler: 1.9.1
- KernelAbstractions: 0.9.41
- CUDA_Driver_jll: 13.2.0+0
- CUDA_Compiler_jll: 0.4.2+0
- CUDA_Runtime_jll: 0.21.0+0
- CUDA_Runtime_Discovery: 1.0.0

Toolchain:
- Julia: 1.11.7
- LLVM: 16.0.6

Preferences:
- CUDA_Runtime_jll.version: local

1 device:
  0: NVIDIA H100 80GB HBM3 (sm_90, 79.175 GiB / 79.647 GiB available)
BLAS threads: 1
Julia threads: 10

Benchmark source: QS

============================================================
IMPULSE CONTROL PROBLEM (scaled, annual)
============================================================
Instance: 50D_CaseLH
Dimension: 50
Interest rate: 0.05
Cost scaling κ: 0.01

Drift μ (annual demand rates): [50.0, 50.0, 50.0, 50.0, 50.0, 50.0, 50.0, 50.0, 50.0, 50.0, 50.0, 50.0, 50.0, 50.0, 50.0, 25.0, 25.0, 25.0, 25.0, 25.0, 25.0, 25.0, 25.0, 25.0, 25.0, 25.0, 25.0, 25.0, 25.0, 25.0, 12.5, 12.5, 12.5, 12.5, 12.5, 12.5, 12.5, 12.5, 12.5, 12.5, 12.5, 12.5, 12.5, 12.5, 12.5, 12.5, 12.5, 12.5, 12.5, 12.5]
Covariance Σ diagonal: [50.0, 50.0, 50.0, 50.0, 50.0, 50.0, 50.0, 50.0, 50.0, 50.0, 50.0, 50.0, 50.0, 50.0, 50.0, 25.0, 25.0, 25.0, 25.0, 25.0, 25.0, 25.0, 25.0, 25.0, 25.0, 25.0, 25.0, 25.0, 25.0, 25.0, 12.5, 12.5, 12.5, 12.5, 12.5, 12.5, 12.5, 12.5, 12.5, 12.5, 12.5, 12.5, 12.5, 12.5, 12.5, 12.5, 12.5, 12.5, 12.5, 12.5]

Scaled costs (× κ = 0.01):
  Fixed cost K:    2.5
  Variable costs c: [0.001, 0.001, 0.001, 0.001, 0.001, 0.001, 0.001, 0.001, 0.001, 0.001, 0.001, 0.001, 0.001, 0.001, 0.001, 0.002, 0.002, 0.002, 0.002, 0.002, 0.002, 0.002, 0.002, 0.002, 0.002, 0.002, 0.002, 0.002, 0.002, 0.002, 0.004, 0.004, 0.004, 0.004, 0.004, 0.004, 0.004, 0.004, 0.004, 0.004, 0.004, 0.004, 0.004, 0.004, 0.004, 0.004, 0.004, 0.004, 0.004, 0.004]
  Holding costs h:  [0.01, 0.01, 0.01, 0.01, 0.01, 0.01, 0.01, 0.01, 0.01, 0.01, 0.01, 0.01, 0.01, 0.01, 0.01, 0.02, 0.02, 0.02, 0.02, 0.02, 0.02, 0.02, 0.02, 0.02, 0.02, 0.02, 0.02, 0.02, 0.02, 0.02, 0.04, 0.04, 0.04, 0.04, 0.04, 0.04, 0.04, 0.04, 0.04, 0.04, 0.04, 0.04, 0.04, 0.04, 0.04, 0.04, 0.04, 0.04, 0.04, 0.04]
  Penalty costs p:  [0.25, 0.25, 0.25, 0.25, 0.25, 0.25, 0.25, 0.25, 0.25, 0.25, 0.25, 0.25, 0.25, 0.25, 0.25, 0.5, 0.5, 0.5, 0.5, 0.5, 0.5, 0.5, 0.5, 0.5, 0.5, 0.5, 0.5, 0.5, 0.5, 0.5, 1.0, 1.0, 1.0, 1.0, 1.0, 1.0, 1.0, 1.0, 1.0, 1.0, 1.0, 1.0, 1.0, 1.0, 1.0, 1.0, 1.0, 1.0, 1.0, 1.0]

Original costs (unscaled):
  Fixed cost K:    250.0
  Variable costs c: [0.1, 0.1, 0.1, 0.1, 0.1, 0.1, 0.1, 0.1, 0.1, 0.1, 0.1, 0.1, 0.1, 0.1, 0.1, 0.2, 0.2, 0.2, 0.2, 0.2, 0.2, 0.2, 0.2, 0.2, 0.2, 0.2, 0.2, 0.2, 0.2, 0.2, 0.4, 0.4, 0.4, 0.4, 0.4, 0.4, 0.4, 0.4, 0.4, 0.4, 0.4, 0.4, 0.4, 0.4, 0.4, 0.4, 0.4, 0.4, 0.4, 0.4]
  Holding costs h:  [1.0, 1.0, 1.0, 1.0, 1.0, 1.0, 1.0, 1.0, 1.0, 1.0, 1.0, 1.0, 1.0, 1.0, 1.0, 2.0, 2.0, 2.0, 2.0, 2.0, 2.0, 2.0, 2.0, 2.0, 2.0, 2.0, 2.0, 2.0, 2.0, 2.0, 4.0, 4.0, 4.0, 4.0, 4.0, 4.0, 4.0, 4.0, 4.0, 4.0, 4.0, 4.0, 4.0, 4.0, 4.0, 4.0, 4.0, 4.0, 4.0, 4.0]
  Penalty costs p:  [25.0, 25.0, 25.0, 25.0, 25.0, 25.0, 25.0, 25.0, 25.0, 25.0, 25.0, 25.0, 25.0, 25.0, 25.0, 50.0, 50.0, 50.0, 50.0, 50.0, 50.0, 50.0, 50.0, 50.0, 50.0, 50.0, 50.0, 50.0, 50.0, 50.0, 100.0, 100.0, 100.0, 100.0, 100.0, 100.0, 100.0, 100.0, 100.0, 100.0, 100.0, 100.0, 100.0, 100.0, 100.0, 100.0, 100.0, 100.0, 100.0, 100.0]
============================================================

============================================================
TRAINING HYPERPARAMETERS
============================================================
Benchmark source: QS
Precision:        Float32
Batch size:       5000
Num intervals:    100
T horizon:        0.05
Num iterations:   40000
Learning rates:   [0.001, 0.0002, 0.0001, 1.0e-5, 1.0e-6]
LR steps:         [1, 5000, 10000, 20000, 30000]
Beta penalty:     [1.0, 10.0, 100.0, 1000.0, 10000.0, 1.0e6]
Penalty steps:    [1, 2500, 5000, 7500, 10000, 20000]
Lambda rate:      2.5618794920507937
S guess:          [[22.0, 22.0, 22.0, 22.0, 22.0, 22.0, 22.0, 22.0, 22.0, 22.0, 22.0, 22.0, 22.0, 22.0, 22.0, 12.0, 12.0, 12.0, 12.0, 12.0, 12.0, 12.0, 12.0, 12.0, 12.0, 12.0, 12.0, 12.0, 12.0, 12.0, 7.0, 7.0, 7.0, 7.0, 7.0, 7.0, 7.0, 7.0, 7.0, 7.0, 7.0, 7.0, 7.0, 7.0, 7.0, 7.0, 7.0, 7.0, 7.0, 7.0]]
Nu radius:        0.4
S distribution:   lognormal
Alpha factor:     0.0
Alpha js:         [0.0, 0.0, 0.0, 0.0, 0.0, 0.0, 0.0, 0.0, 0.0, 0.0, 0.0, 0.0, 0.0, 0.0, 0.0, 0.0, 0.0, 0.0, 0.0, 0.0, 0.0, 0.0, 0.0, 0.0, 0.0, 0.0, 0.0, 0.0, 0.0, 0.0, 0.0, 0.0, 0.0, 0.0, 0.0, 0.0, 0.0, 0.0, 0.0, 0.0, 0.0, 0.0, 0.0, 0.0, 0.0, 0.0, 0.0, 0.0, 0.0, 0.0]
Cost scaling:     0.01

Neural network architecture:
  Hidden layers:  4
  Width:          1000
  Activation:     elu

Optimization parameters:
  Start factor:   1.0
  Lower factor:   0.5
  Upper factor:   1.5
  Sim runs:       10
  Sim horizon:    5000
  Epsilons:       [-1.25, -2.5, -5.0, -7.5, -10.0, -12.5, -15.0, -20.0, -25.0, -30.0, -40.0, -50.0, -75.0, -100.0]
============================================================

Gradient network G (∇V):
Chain(
  Dense(50 => 1000, elu),               # 51_000 parameters
  Dense(1000 => 1000, elu),             # 1_001_000 parameters
  Dense(1000 => 1000, elu),             # 1_001_000 parameters
  Dense(1000 => 1000, elu),             # 1_001_000 parameters
  Dense(1000 => 50),                    # 50_050 parameters
)                   # Total: 10 arrays, 3_104_050 parameters, 1.562 KiB.

Value network H (V):
Chain(
  Dense(50 => 1000, elu),               # 51_000 parameters
  Dense(1000 => 1000, elu),             # 1_001_000 parameters
  Dense(1000 => 1000, elu),             # 1_001_000 parameters
  Dense(1000 => 1000, elu),             # 1_001_000 parameters
  Dense(1000 => 1),                     # 1_001 parameters
)                   # Total: 10 arrays, 3_055_001 parameters, 1.562 KiB.


============================================================
Starting neural network training...
============================================================

Starting training with steady-state sampler:
-----------------------------------------
Epoch: 1; Penalty β updated to: 1.0
-----------------------------------------
─── Device check ───
  x_tn: CuArray{Float32} (50, 100, 5000)
  dB: CuArray{Float32} (50, 100, 5000)
  dU: CuArray{Float32} (50, 100, 5000)
  exponentials: CuArray{Float32} (1, 100)
  loss_dB: CuArray{Float32} (1, 5000)
  loss_df: CuArray{Float32} (1, 5000)
  loss_dU: CuArray{Float32} (1, 5000)
  H_x0: CuArray{Float32} (1, 5000)
  H_xT: CuArray{Float32} (1, 5000)
  penalties: CuArray{Float32} (1, 5000)
────────────────────
Epoch: 1; Computation time: 53.365373735; Current value of V(0): 0.0
Lagrangian objective: 1096.9557; Average H(x0): 0.0; Quantile-hedge α(β): 43.64
Simulation time per epoch: 9.386010457; Gradient computation time: 33.398753266; Testing time: 9.927943521
Epoch: 1000; Computation time: 390.540822177; Current value of V(0): 4.435158203125e6
Lagrangian objective: -41598.133; Average H(x0): 81922.1; Quantile-hedge α(β): 0.0
Simulation time per epoch: 0.074368555; Gradient computation time: 0.180023839; Testing time: 0.082830402
Epoch: 2000; Computation time: 727.759726735; Current value of V(0): 4.698451953125e6
Lagrangian objective: -41732.695; Average H(x0): 81822.03; Quantile-hedge α(β): 0.0
Simulation time per epoch: 0.074397395; Gradient computation time: 0.180283617; Testing time: 0.082829957
-----------------------------------------
Epoch: 2500; Penalty β updated to: 10.0
-----------------------------------------
Epoch: 3000; Computation time: 1065.001529696; Current value of V(0): 592120.166015625
Lagrangian objective: -5225.145; Average H(x0): 9644.4375; Quantile-hedge α(β): 3.3399999999999985
Simulation time per epoch: 0.074279664; Gradient computation time: 0.180015626; Testing time: 0.082883957
Epoch: 4000; Computation time: 1402.229233416; Current value of V(0): 592937.59765625
Lagrangian objective: -5221.45; Average H(x0): 9579.272; Quantile-hedge α(β): 3.5599999999999965
Simulation time per epoch: 0.074113499; Gradient computation time: 0.180020952; Testing time: 0.082860009
-----------------------------------------
Epoch: 5000; Penalty β updated to: 100.0
-----------------------------------------
Epoch: 5000; Computation time: 1739.500992693; Current value of V(0): 602497.265625
Lagrangian objective: 34842.355; Average H(x0): 9685.754; Quantile-hedge α(β): 3.280000000000005
Simulation time per epoch: 0.0741893; Gradient computation time: 0.180411805; Testing time: 0.082842058
Epoch: 6000; Computation time: 2076.784970431; Current value of V(0): 117184.1796875
Lagrangian objective: -1088.3204; Average H(x0): 1668.0468; Quantile-hedge α(β): 21.740000000000002
Simulation time per epoch: 0.074193752; Gradient computation time: 0.180370308; Testing time: 0.082853661
Epoch: 7000; Computation time: 2414.056374497; Current value of V(0): 116092.919921875
Lagrangian objective: -1081.5436; Average H(x0): 1650.2556; Quantile-hedge α(β): 22.119999999999994
Simulation time per epoch: 0.074111938; Gradient computation time: 0.180169019; Testing time: 0.082957083
-----------------------------------------
Epoch: 7500; Penalty β updated to: 1000.0
-----------------------------------------
Epoch: 8000; Computation time: 2751.409562341; Current value of V(0): 53653.692626953125
Lagrangian objective: -517.2449; Average H(x0): 616.3569; Quantile-hedge α(β): 44.56
Simulation time per epoch: 0.074248636; Gradient computation time: 0.180001273; Testing time: 0.082872218
Epoch: 9000; Computation time: 3088.647503659; Current value of V(0): 53438.4521484375
Lagrangian objective: -515.38434; Average H(x0): 612.95386; Quantile-hedge α(β): 43.379999999999995
Simulation time per epoch: 0.07442614; Gradient computation time: 0.180025461; Testing time: 0.082820056
-----------------------------------------
Epoch: 10000; Penalty β updated to: 10000.0
-----------------------------------------
Epoch: 10000; Computation time: 3425.901913845; Current value of V(0): 53558.270263671875
Lagrangian objective: 413.0538; Average H(x0): 615.1657; Quantile-hedge α(β): 44.720000000000006
Simulation time per epoch: 0.074222823; Gradient computation time: 0.180391132; Testing time: 0.082832407
Epoch: 11000; Computation time: 3763.131345822; Current value of V(0): 43182.55920410156
Lagrangian objective: -411.93494; Average H(x0): 439.6703; Quantile-hedge α(β): 72.63999999999999
Simulation time per epoch: 0.074369038; Gradient computation time: 0.180348409; Testing time: 0.082876243
Epoch: 12000; Computation time: 4100.361428266; Current value of V(0): 43434.405517578125
Lagrangian objective: -412.45795; Average H(x0): 440.7556; Quantile-hedge α(β): 76.48
Simulation time per epoch: 0.074483904; Gradient computation time: 0.179965254; Testing time: 0.082806874
Epoch: 13000; Computation time: 4437.607548857; Current value of V(0): 43844.59533691406
Lagrangian objective: -414.04666; Average H(x0): 443.4483; Quantile-hedge α(β): 74.28
Simulation time per epoch: 0.074265156; Gradient computation time: 0.17998332; Testing time: 0.082843321
Epoch: 14000; Computation time: 4774.822687547; Current value of V(0): 43541.48864746094
Lagrangian objective: -414.25748; Average H(x0): 436.9103; Quantile-hedge α(β): 75.88000000000001
Simulation time per epoch: 0.074196606; Gradient computation time: 0.17999057; Testing time: 0.082809388
Epoch: 15000; Computation time: 5112.02771147; Current value of V(0): 43971.929931640625
Lagrangian objective: -417.6126; Average H(x0): 443.1878; Quantile-hedge α(β): 73.1
Simulation time per epoch: 0.074310358; Gradient computation time: 0.180099317; Testing time: 0.082887243
Epoch: 16000; Computation time: 5449.232540249; Current value of V(0): 44083.221435546875
Lagrangian objective: -410.50366; Average H(x0): 442.0417; Quantile-hedge α(β): 74.24
Simulation time per epoch: 0.074205143; Gradient computation time: 0.180225595; Testing time: 0.082803226
Epoch: 17000; Computation time: 5786.489232489; Current value of V(0): 44220.65124511719
Lagrangian objective: -412.5557; Average H(x0): 442.11026; Quantile-hedge α(β): 76.7
Simulation time per epoch: 0.074124137; Gradient computation time: 0.179995925; Testing time: 0.08282371
Epoch: 18000; Computation time: 6123.703959279; Current value of V(0): 44699.5361328125
Lagrangian objective: -407.30524; Average H(x0): 448.7369; Quantile-hedge α(β): 64.62
Simulation time per epoch: 0.074221051; Gradient computation time: 0.180269034; Testing time: 0.082847154
Epoch: 19000; Computation time: 6460.973751991; Current value of V(0): 44380.28259277344
Lagrangian objective: -413.7029; Average H(x0): 441.88766; Quantile-hedge α(β): 74.78
Simulation time per epoch: 0.07410791; Gradient computation time: 0.180074518; Testing time: 0.082928812
-----------------------------------------
Epoch: 20000; Penalty β updated to: 1.0e6
-----------------------------------------
Epoch: 20000; Computation time: 6798.168211292; Current value of V(0): 43966.986083984375
Lagrangian objective: 1641.5435; Average H(x0): 433.58286; Quantile-hedge α(β): 75.46
Simulation time per epoch: 0.074039199; Gradient computation time: 0.180091339; Testing time: 0.082901969
Epoch: 21000; Computation time: 7135.346931552; Current value of V(0): 36700.860595703125
Lagrangian objective: -318.54874; Average H(x0): 322.65405; Quantile-hedge α(β): 99.88
Simulation time per epoch: 0.074312273; Gradient computation time: 0.179990438; Testing time: 0.08283468
Epoch: 22000; Computation time: 7472.517876635; Current value of V(0): 39770.367431640625
Lagrangian objective: -322.2268; Average H(x0): 367.31644; Quantile-hedge α(β): 96.82
Simulation time per epoch: 0.074264034; Gradient computation time: 0.180102677; Testing time: 0.082826156
Epoch: 23000; Computation time: 7809.689361003; Current value of V(0): 38858.87145996094
Lagrangian objective: -348.65552; Average H(x0): 352.8481; Quantile-hedge α(β): 99.7
Simulation time per epoch: 0.074082712; Gradient computation time: 0.180164037; Testing time: 0.082827527
Epoch: 24000; Computation time: 8146.862871198; Current value of V(0): 39827.911376953125
Lagrangian objective: -350.64212; Average H(x0): 365.8831; Quantile-hedge α(β): 98.44000000000001
Simulation time per epoch: 0.074397626; Gradient computation time: 0.180010362; Testing time: 0.082853122
Epoch: 25000; Computation time: 8484.04155599; Current value of V(0): 39982.794189453125
Lagrangian objective: 1034.9731; Average H(x0): 367.1226; Quantile-hedge α(β): 99.4
Simulation time per epoch: 0.074279832; Gradient computation time: 0.180233967; Testing time: 0.082886516
Epoch: 26000; Computation time: 8821.220819006; Current value of V(0): 39780.16357421875
Lagrangian objective: -355.72314; Average H(x0): 362.82364; Quantile-hedge α(β): 99.14
Simulation time per epoch: 0.074192465; Gradient computation time: 0.180158992; Testing time: 0.082924582
Epoch: 27000; Computation time: 9158.403034173; Current value of V(0): 39728.31726074219
Lagrangian objective: -349.73712; Average H(x0): 360.73987; Quantile-hedge α(β): 99.18
Simulation time per epoch: 0.074133229; Gradient computation time: 0.180010904; Testing time: 0.082923923
Epoch: 28000; Computation time: 9495.619583979; Current value of V(0): 40148.345947265625
Lagrangian objective: -353.3259; Average H(x0): 365.58054; Quantile-hedge α(β): 98.61999999999999
Simulation time per epoch: 0.074304424; Gradient computation time: 0.180096075; Testing time: 0.082811854
Epoch: 29000; Computation time: 9832.861288226; Current value of V(0): 40427.9541015625
Lagrangian objective: -359.99414; Average H(x0): 368.496; Quantile-hedge α(β): 99.16
Simulation time per epoch: 0.074129949; Gradient computation time: 0.18028527; Testing time: 0.082871641
Epoch: 30000; Computation time: 10170.040231678; Current value of V(0): 40327.82287597656
Lagrangian objective: -343.40714; Average H(x0): 366.64673; Quantile-hedge α(β): 97.68
Simulation time per epoch: 0.074274407; Gradient computation time: 0.179964365; Testing time: 0.082878177
Epoch: 31000; Computation time: 10507.218799332; Current value of V(0): 40506.61315917969
Lagrangian objective: -359.09125; Average H(x0): 369.18085; Quantile-hedge α(β): 99.52
Simulation time per epoch: 0.074258908; Gradient computation time: 0.180232578; Testing time: 0.082813909
Epoch: 32000; Computation time: 10844.40257485; Current value of V(0): 40800.84228515625
Lagrangian objective: -361.92883; Average H(x0): 373.545; Quantile-hedge α(β): 97.1
Simulation time per epoch: 0.07413537; Gradient computation time: 0.180366639; Testing time: 0.082821787
Epoch: 33000; Computation time: 11181.581053597; Current value of V(0): 40548.19641113281
Lagrangian objective: -365.01114; Average H(x0): 369.62097; Quantile-hedge α(β): 99.08
Simulation time per epoch: 0.074123915; Gradient computation time: 0.1800057; Testing time: 0.082881276
Epoch: 34000; Computation time: 11518.756320518; Current value of V(0): 40751.10168457031
Lagrangian objective: -367.4103; Average H(x0): 372.67355; Quantile-hedge α(β): 99.28
Simulation time per epoch: 0.07401838; Gradient computation time: 0.179991123; Testing time: 0.082842884
Epoch: 35000; Computation time: 11855.979370389; Current value of V(0): 40916.53137207031
Lagrangian objective: -362.48615; Average H(x0): 375.1503; Quantile-hedge α(β): 98.68
Simulation time per epoch: 0.074367; Gradient computation time: 0.179965854; Testing time: 0.082871448
Epoch: 36000; Computation time: 12193.140877549; Current value of V(0): 40929.36706542969
Lagrangian objective: -368.6891; Average H(x0): 375.2065; Quantile-hedge α(β): 98.54
Simulation time per epoch: 0.074273071; Gradient computation time: 0.179940866; Testing time: 0.082799034
Epoch: 37000; Computation time: 12530.300277183; Current value of V(0): 40887.884521484375
Lagrangian objective: -358.87823; Average H(x0): 374.5711; Quantile-hedge α(β): 98.88
Simulation time per epoch: 0.074106716; Gradient computation time: 0.18001975; Testing time: 0.08294437
Epoch: 38000; Computation time: 12868.118729043; Current value of V(0): 40963.4033203125
Lagrangian objective: -366.95297; Average H(x0): 375.6503; Quantile-hedge α(β): 98.86
Simulation time per epoch: 0.073975847; Gradient computation time: 0.181227437; Testing time: 0.083329673
Epoch: 39000; Computation time: 13206.365023036; Current value of V(0): 40889.53552246094
Lagrangian objective: -366.4148; Average H(x0): 374.40854; Quantile-hedge α(β): 98.42
Simulation time per epoch: 0.073986953; Gradient computation time: 0.181395911; Testing time: 0.083283081
Epoch: 40000; Computation time: 13545.375075061; Current value of V(0): 40969.30847167969
Lagrangian objective: -355.43582; Average H(x0): 375.53372; Quantile-hedge α(β): 98.4
Simulation time per epoch: 0.074017094; Gradient computation time: 0.181255854; Testing time: 0.083266953

Training completed in 13545.375202234 seconds
Final V(0): 40966.98913574219

============================================================
Running policy evaluation...
============================================================


============================================================
INVENTORY PROBLEM (unscaled, weekly)
============================================================
Dimension:       50
Discount factor: 0.9990389236684376
Fixed cost:      250.0
Variable costs:  [0.1, 0.1, 0.1, 0.1, 0.1, 0.1, 0.1, 0.1, 0.1, 0.1, 0.1, 0.1, 0.1, 0.1, 0.1, 0.2, 0.2, 0.2, 0.2, 0.2, 0.2, 0.2, 0.2, 0.2, 0.2, 0.2, 0.2, 0.2, 0.2, 0.2, 0.4, 0.4, 0.4, 0.4, 0.4, 0.4, 0.4, 0.4, 0.4, 0.4, 0.4, 0.4, 0.4, 0.4, 0.4, 0.4, 0.4, 0.4, 0.4, 0.4]
Holding costs:   [0.019230769230769232, 0.019230769230769232, 0.019230769230769232, 0.019230769230769232, 0.019230769230769232, 0.019230769230769232, 0.019230769230769232, 0.019230769230769232, 0.019230769230769232, 0.019230769230769232, 0.019230769230769232, 0.019230769230769232, 0.019230769230769232, 0.019230769230769232, 0.019230769230769232, 0.038461538461538464, 0.038461538461538464, 0.038461538461538464, 0.038461538461538464, 0.038461538461538464, 0.038461538461538464, 0.038461538461538464, 0.038461538461538464, 0.038461538461538464, 0.038461538461538464, 0.038461538461538464, 0.038461538461538464, 0.038461538461538464, 0.038461538461538464, 0.038461538461538464, 0.07692307692307693, 0.07692307692307693, 0.07692307692307693, 0.07692307692307693, 0.07692307692307693, 0.07692307692307693, 0.07692307692307693, 0.07692307692307693, 0.07692307692307693, 0.07692307692307693, 0.07692307692307693, 0.07692307692307693, 0.07692307692307693, 0.07692307692307693, 0.07692307692307693, 0.07692307692307693, 0.07692307692307693, 0.07692307692307693, 0.07692307692307693, 0.07692307692307693]
Backlog costs:   [0.4807692307692308, 0.4807692307692308, 0.4807692307692308, 0.4807692307692308, 0.4807692307692308, 0.4807692307692308, 0.4807692307692308, 0.4807692307692308, 0.4807692307692308, 0.4807692307692308, 0.4807692307692308, 0.4807692307692308, 0.4807692307692308, 0.4807692307692308, 0.4807692307692308, 0.9615384615384616, 0.9615384615384616, 0.9615384615384616, 0.9615384615384616, 0.9615384615384616, 0.9615384615384616, 0.9615384615384616, 0.9615384615384616, 0.9615384615384616, 0.9615384615384616, 0.9615384615384616, 0.9615384615384616, 0.9615384615384616, 0.9615384615384616, 0.9615384615384616, 1.9230769230769231, 1.9230769230769231, 1.9230769230769231, 1.9230769230769231, 1.9230769230769231, 1.9230769230769231, 1.9230769230769231, 1.9230769230769231, 1.9230769230769231, 1.9230769230769231, 1.9230769230769231, 1.9230769230769231, 1.9230769230769231, 1.9230769230769231, 1.9230769230769231, 1.9230769230769231, 1.9230769230769231, 1.9230769230769231, 1.9230769230769231, 1.9230769230769231]
Demand dists:    DataType[Distributions.Poisson{Float64}, Distributions.Poisson{Float64}, Distributions.Poisson{Float64}, Distributions.Poisson{Float64}, Distributions.Poisson{Float64}, Distributions.Poisson{Float64}, Distributions.Poisson{Float64}, Distributions.Poisson{Float64}, Distributions.Poisson{Float64}, Distributions.Poisson{Float64}, Distributions.Poisson{Float64}, Distributions.Poisson{Float64}, Distributions.Poisson{Float64}, Distributions.Poisson{Float64}, Distributions.Poisson{Float64}, Distributions.Poisson{Float64}, Distributions.Poisson{Float64}, Distributions.Poisson{Float64}, Distributions.Poisson{Float64}, Distributions.Poisson{Float64}, Distributions.Poisson{Float64}, Distributions.Poisson{Float64}, Distributions.Poisson{Float64}, Distributions.Poisson{Float64}, Distributions.Poisson{Float64}, Distributions.Poisson{Float64}, Distributions.Poisson{Float64}, Distributions.Poisson{Float64}, Distributions.Poisson{Float64}, Distributions.Poisson{Float64}, Distributions.Poisson{Float64}, Distributions.Poisson{Float64}, Distributions.Poisson{Float64}, Distributions.Poisson{Float64}, Distributions.Poisson{Float64}, Distributions.Poisson{Float64}, Distributions.Poisson{Float64}, Distributions.Poisson{Float64}, Distributions.Poisson{Float64}, Distributions.Poisson{Float64}, Distributions.Poisson{Float64}, Distributions.Poisson{Float64}, Distributions.Poisson{Float64}, Distributions.Poisson{Float64}, Distributions.Poisson{Float64}, Distributions.Poisson{Float64}, Distributions.Poisson{Float64}, Distributions.Poisson{Float64}, Distributions.Poisson{Float64}, Distributions.Poisson{Float64}]
Demand means:    [0.9615384615384616, 0.9615384615384616, 0.9615384615384616, 0.9615384615384616, 0.9615384615384616, 0.9615384615384616, 0.9615384615384616, 0.9615384615384616, 0.9615384615384616, 0.9615384615384616, 0.9615384615384616, 0.9615384615384616, 0.9615384615384616, 0.9615384615384616, 0.9615384615384616, 0.4807692307692308, 0.4807692307692308, 0.4807692307692308, 0.4807692307692308, 0.4807692307692308, 0.4807692307692308, 0.4807692307692308, 0.4807692307692308, 0.4807692307692308, 0.4807692307692308, 0.4807692307692308, 0.4807692307692308, 0.4807692307692308, 0.4807692307692308, 0.4807692307692308, 0.2403846153846154, 0.2403846153846154, 0.2403846153846154, 0.2403846153846154, 0.2403846153846154, 0.2403846153846154, 0.2403846153846154, 0.2403846153846154, 0.2403846153846154, 0.2403846153846154, 0.2403846153846154, 0.2403846153846154, 0.2403846153846154, 0.2403846153846154, 0.2403846153846154, 0.2403846153846154, 0.2403846153846154, 0.2403846153846154, 0.2403846153846154, 0.2403846153846154]
============================================================

==================================================
Computing order-up-to vector via :solve_inf
==================================================

Method: solve_inf
Final objective: 374.7781982421875
z*: [22.0, 22.0, 22.0, 22.0, 22.0, 22.0, 22.0, 22.0, 22.0, 22.0, 22.0, 22.0, 22.0, 22.0, 22.0, 12.0, 12.0, 12.0, 12.0, 12.0, 12.0, 12.0, 12.0, 12.0, 12.0, 12.0, 12.0, 12.0, 12.0, 12.0, 7.0, 7.0, 7.0, 7.0, 7.0, 7.0, 7.0, 7.0, 7.0, 7.0, 7.0, 7.0, 7.0, 7.0, 7.0, 7.0, 7.0, 7.0, 7.0, 7.0]
Intervention value: 32.39166259765625

==================================================
Computing order-up-to vector via :find_stationary
==================================================

Method: find_stationary
Final residual: 0.04021882075826949
z*: [22.0, 22.0, 22.0, 22.0, 22.0, 22.0, 22.0, 22.0, 22.0, 22.0, 22.0, 22.0, 22.0, 22.0, 22.0, 12.0, 12.0, 12.0, 12.0, 12.0, 12.0, 12.0, 12.0, 12.0, 12.0, 12.0, 12.0, 12.0, 12.0, 12.0, 7.0, 7.0, 7.0, 7.0, 7.0, 7.0, 7.0, 7.0, 7.0, 7.0, 7.0, 7.0, 7.0, 7.0, 7.0, 7.0, 7.0, 7.0, 7.0, 7.0]
Intervention value: 32.39166259765625

==================================================
Summary:
  solve_inf:       z* = [22, 22, 22, 22, 22, 22, 22, 22, 22, 22, 22, 22, 22, 22, 22, 12, 12, 12, 12, 12, 12, 12, 12, 12, 12, 12, 12, 12, 12, 12, 7, 7, 7, 7, 7, 7, 7, 7, 7, 7, 7, 7, 7, 7, 7, 7, 7, 7, 7, 7]
  find_stationary: z* = [22, 22, 22, 22, 22, 22, 22, 22, 22, 22, 22, 22, 22, 22, 22, 12, 12, 12, 12, 12, 12, 12, 12, 12, 12, 12, 12, 12, 12, 12, 7, 7, 7, 7, 7, 7, 7, 7, 7, 7, 7, 7, 7, 7, 7, 7, 7, 7, 7, 7]
==================================================

============================================================
Evaluating method: solve_inf
============================================================

----------------------------------------
Evaluating ε = -1.25
----------------------------------------
Mean cost: 286937.4903749729 ± 3.7184780599652183
  Inventory costs: 23853.990075975675
  Variable costs:  5080.797477402573
  Fixed costs:     258002.7028215952
  Simulation time: 554.3s

----------------------------------------
Evaluating ε = -2.5
----------------------------------------
Mean cost: 36592.00768336184 ± 84.9293396619653
  Inventory costs: 18131.249143746463
  Variable costs:  5045.613937338985
  Fixed costs:     13415.144602276376
  Simulation time: 556.2s

----------------------------------------
Evaluating ε = -5.0
----------------------------------------
Mean cost: 36049.74746943108 ± 64.37165134372165
  Inventory costs: 18798.181417113323
  Variable costs:  5026.4369577835305
  Fixed costs:     12225.1290945342
  Simulation time: 558.9s

----------------------------------------
Evaluating ε = -7.5
----------------------------------------
Mean cost: 36334.949743282035 ± 41.332111117921215
  Inventory costs: 19520.384956813643
  Variable costs:  5022.06411368333
  Fixed costs:     11792.500672785041
  Simulation time: 552.1s

----------------------------------------
Evaluating ε = -10.0
----------------------------------------
Mean cost: 36835.847348704876 ± 48.86086319823049
  Inventory costs: 20298.879546021617
  Variable costs:  5036.028531889972
  Fixed costs:     11500.939270793266
  Simulation time: 556.8s

----------------------------------------
Evaluating ε = -12.5
----------------------------------------
Mean cost: 37489.50590761037 ± 65.09588913929711
  Inventory costs: 21243.46842477643
  Variable costs:  5029.402172265615
  Fixed costs:     11216.635310568321
  Simulation time: 553.8s

----------------------------------------
Evaluating ε = -15.0
----------------------------------------
Mean cost: 37964.15939600544 ± 25.13152443590426
  Inventory costs: 22022.088457837304
  Variable costs:  5016.069924608966
  Fixed costs:     10926.0010135591
  Simulation time: 562.5s

----------------------------------------
Evaluating ε = -20.0
----------------------------------------
Mean cost: 39426.65926921654 ± 36.34418379309349
  Inventory costs: 23880.49820458985
  Variable costs:  5026.93529973532
  Fixed costs:     10519.225764891517
  Simulation time: 556.7s

----------------------------------------
Evaluating ε = -25.0
----------------------------------------
Mean cost: 40725.40814074488 ± 64.94058606827817
  Inventory costs: 25535.68047512339
  Variable costs:  5014.206243044293
  Fixed costs:     10175.52142257723
  Simulation time: 552.6s

----------------------------------------
Evaluating ε = -30.0
----------------------------------------
Mean cost: 42376.04507536769 ± 78.29258633972492
  Inventory costs: 27430.70178959844
  Variable costs:  5031.5652419654125
  Fixed costs:     9913.778043803799
  Simulation time: 558.9s

----------------------------------------
Evaluating ε = -40.0
----------------------------------------
Mean cost: 45863.126093695566 ± 112.43973637671697
  Inventory costs: 31426.39621977285
  Variable costs:  5025.8743982516235
  Fixed costs:     9410.855475671071
  Simulation time: 548.7s

----------------------------------------
Evaluating ε = -50.0
----------------------------------------
Mean cost: 49513.66410035646 ± 84.19160999079531
  Inventory costs: 35516.22473800911
  Variable costs:  5011.807198702901
  Fixed costs:     8985.632163644437
  Simulation time: 552.3s

----------------------------------------
Evaluating ε = -75.0
----------------------------------------
Mean cost: 59838.68741235234 ± 146.78112399658207
  Inventory costs: 46610.6584573412
  Variable costs:  5018.45651541844
  Fixed costs:     8209.572439592692
  Simulation time: 555.2s

----------------------------------------
Evaluating ε = -100.0
----------------------------------------
Mean cost: 71383.66813974004 ± 121.69430602297638
  Inventory costs: 58758.787702282134
  Variable costs:  5009.646347717686
  Fixed costs:     7615.2340897402855
  Simulation time: 557.2s

==================================================
Best epsilon: -5.0 with cost: 36049.74746943108 ± 64.37165134372165
==================================================

============================================================
Evaluating method: find_stationary
============================================================

----------------------------------------
Evaluating ε = -1.25
----------------------------------------
Mean cost: 286949.0111011784 ± 5.583313297606179
  Inventory costs: 23851.243311321414
  Variable costs:  5095.064968261588
  Fixed costs:     258002.7028215952
  Simulation time: 551.6s

----------------------------------------
Evaluating ε = -2.5
----------------------------------------
Mean cost: 36472.90408084604 ± 51.999012122568566
  Inventory costs: 18132.688435348362
  Variable costs:  5031.492825155955
  Fixed costs:     13308.722820341743
  Simulation time: 554.3s

----------------------------------------
Evaluating ε = -5.0
----------------------------------------
Mean cost: 36238.25351367535 ± 51.30099305077668
  Inventory costs: 18878.192084043054
  Variable costs:  5045.060853708876
  Fixed costs:     12315.000575923343
  Simulation time: 552.6s

----------------------------------------
Evaluating ε = -7.5
----------------------------------------
Mean cost: 36497.24485064101 ± 47.5680894354321
  Inventory costs: 19613.311645562535
  Variable costs:  5031.861995159575
  Fixed costs:     11852.07120991883
  Simulation time: 554.3s

----------------------------------------
Evaluating ε = -10.0
----------------------------------------
Mean cost: 36864.20553555152 ± 47.987985284238725
  Inventory costs: 20351.549116570146
  Variable costs:  5023.484998318885
  Fixed costs:     11489.1714206625
  Simulation time: 556.8s

----------------------------------------
Evaluating ε = -12.5
----------------------------------------
Mean cost: 37407.04462241634 ± 35.13098165652691
  Inventory costs: 21167.851619200836
  Variable costs:  5032.307273037125
  Fixed costs:     11206.88573017842
  Simulation time: 550.3s

----------------------------------------
Evaluating ε = -15.0
----------------------------------------
Mean cost: 37969.81377424502 ± 68.05844809907714
  Inventory costs: 22007.94138997338
  Variable costs:  5024.811882072927
  Fixed costs:     10937.060502198785
  Simulation time: 557.7s

----------------------------------------
Evaluating ε = -20.0
----------------------------------------
Mean cost: 39285.62963701612 ± 76.03710386959341
  Inventory costs: 23720.085967358427
  Variable costs:  5031.75712647999
  Fixed costs:     10533.78654317765
  Simulation time: 553.0s

----------------------------------------
Evaluating ε = -25.0
----------------------------------------
Mean cost: 40745.69370697912 ± 48.24722859731888
  Inventory costs: 25544.84063376
  Variable costs:  5021.262496784232
  Fixed costs:     10179.590576434914
  Simulation time: 550.0s

----------------------------------------
Evaluating ε = -30.0
----------------------------------------
Mean cost: 42375.48449501452 ± 76.66873045234128
  Inventory costs: 27494.8859384249
  Variable costs:  5014.504203391187
  Fixed costs:     9866.094353198445
  Simulation time: 549.3s

----------------------------------------
Evaluating ε = -40.0
----------------------------------------
Mean cost: 45567.14447873705 ± 43.64758206996414
  Inventory costs: 31190.76412663419
  Variable costs:  5010.012688446262
  Fixed costs:     9366.367663656678
  Simulation time: 547.8s

----------------------------------------
Evaluating ε = -50.0
----------------------------------------
Mean cost: 49494.647843800674 ± 90.76559033403258
  Inventory costs: 35483.846272915696
  Variable costs:  5022.332829463059
  Fixed costs:     8988.468741421897
  Simulation time: 506.5s

----------------------------------------
Evaluating ε = -75.0
----------------------------------------
Mean cost: 59781.55303640846 ± 103.27418277019923
  Inventory costs: 46562.057424667015
  Variable costs:  5018.693629257334
  Fixed costs:     8200.801982484092
  Simulation time: 453.5s

----------------------------------------
Evaluating ε = -100.0
----------------------------------------
Mean cost: 71357.7891017796 ± 166.53116351207257
  Inventory costs: 58714.8501107365
  Variable costs:  5019.313129626988
  Fixed costs:     7623.625861416304
  Simulation time: 437.1s

==================================================
Best epsilon: -5.0 with cost: 36238.25351367535 ± 51.30099305077668
==================================================
Skipping save for solve_inf: existing cost 35981.474204358834 <= new cost 36049.74746943108
Skipping save for find_stationary: existing cost 35940.767677517724 <= new cost 36238.25351367535

============================================================
FINAL RESULTS SUMMARY
============================================================

Method: solve_inf
  Order-up-to vector: [22, 22, 22, 22, 22, 22, 22, 22, 22, 22, 22, 22, 22, 22, 22, 12, 12, 12, 12, 12, 12, 12, 12, 12, 12, 12, 12, 12, 12, 12, 7, 7, 7, 7, 7, 7, 7, 7, 7, 7, 7, 7, 7, 7, 7, 7, 7, 7, 7, 7]
  Best epsilon: -5.0
  Best cost: 36049.74746943108 ± 64.37165134372165

Method: find_stationary
  Order-up-to vector: [22, 22, 22, 22, 22, 22, 22, 22, 22, 22, 22, 22, 22, 22, 22, 12, 12, 12, 12, 12, 12, 12, 12, 12, 12, 12, 12, 12, 12, 12, 7, 7, 7, 7, 7, 7, 7, 7, 7, 7, 7, 7, 7, 7, 7, 7, 7, 7, 7, 7]
  Best epsilon: -5.0
  Best cost: 36238.25351367535 ± 51.30099305077668

============================================================
Complete! Per-method results saved to:
  output/nn_training/results_50D_CaseLH_solve_inf.json
  output/nn_training/results_50D_CaseLH_find_stationary.json
============================================================

  Activating project at `~/DeepSJRP`
[ Info:  started timer at: 2026-04-28T02:59:43.766
┌ Warning: Layer with Float32 parameters got Float64 input.
│   The input will be converted, but any earlier layers may be very slow.
│   layer = Dense(50 => 1000, elu)  # 51_000 parameters
│   summary(x) = "50-element Vector{Float64}"
└ @ Flux ~/.julia/packages/Flux/DZYiO/src/layers/stateless.jl:60
RUNNING THE L-BFGS-B CODE

           * * *

Machine precision = 2.220D-16
 N =           50     M =           10

At X0         0 variables are exactly at the bounds

At iterate    0    f=  3.74778D+02    |proj g|=  4.00955D-03

           * * *

Tit   = total number of iterations
Tnf   = total number of function evaluations
Tnint = total number of segments explored during Cauchy searches
Skip  = number of BFGS updates skipped
Nact  = number of active bounds at final generalized Cauchy point
Projg = norm of the final projected gradient
F     = final function value

           * * *

   N    Tit     Tnf  Tnint  Skip  Nact     Projg        F
   50      0      1      0     0     0   4.010D-03   3.748D+02
  F =   374.77819824218750     

CONVERGENCE: NORM_OF_PROJECTED_GRADIENT_<=_PGTOL            

 Cauchy                time 0.000E+00 seconds.
 Subspace minimization time 0.000E+00 seconds.
 Line search           time 0.000E+00 seconds.

 Total User time 2.611E+00 seconds.

RUNNING THE L-BFGS-B CODE

           * * *

Machine precision = 2.220D-16
 N =           50     M =           10

At X0         0 variables are exactly at the bounds

At iterate    0    f=  1.61755D-03    |proj g|=  8.85797D-09

           * * *

Tit   = total number of iterations
Tnf   = total number of function evaluations
Tnint = total number of segments explored during Cauchy searches
Skip  = number of BFGS updates skipped
Nact  = number of active bounds at final generalized Cauchy point
Projg = norm of the final projected gradient
F     = final function value

           * * *

   N    Tit     Tnf  Tnint  Skip  Nact     Projg        F
   50      0      1      0     0     0   8.858D-09   1.618D-03
  F =   1.6175535431858089E-003

CONVERGENCE: NORM_OF_PROJECTED_GRADIENT_<=_PGTOL            

 Cauchy                time 0.000E+00 seconds.
 Subspace minimization time 0.000E+00 seconds.
 Line search           time 0.000E+00 seconds.

 Total User time 3.359E-01 seconds.

