
============================================================
DeepSJRP - Stochastic Joint Replenishment Problem Solver
============================================================
Instance: 50D_CaseLH
Options: Dict{Symbol, Any}(:beta_override => 100000.0, :alpha_override => nothing, :device => :gpu, :nu_override => 0.2, :T_override => 0.1, :seed => 777)
============================================================

Device: CUDA GPU
CUDA toolchain: 
- runtime 12.8, local installation
- driver 580.126.20 for 13.2
- compiler 12.9

CUDA libraries: 
- CUBLAS: 12.8.4
- CURAND: 10.3.9
- CUFFT: 11.3.3
- CUSOLVER: 11.7.3
- CUSPARSE: 12.5.8
- CUPTI: 2025.1.1 (API 12.8.0)
- NVML: 13.0.0+580.126.20

Julia packages: 
- CUDA: 5.11.0
- GPUArrays: 11.4.1
- GPUCompiler: 1.9.1
- KernelAbstractions: 0.9.41
- CUDA_Driver_jll: 13.2.0+0
- CUDA_Compiler_jll: 0.4.2+0
- CUDA_Runtime_jll: 0.21.0+0
- CUDA_Runtime_Discovery: 1.0.0

Toolchain:
- Julia: 1.11.7
- LLVM: 16.0.6

Preferences:
- CUDA_Runtime_jll.version: local

1 device:
  0: NVIDIA H100 80GB HBM3 (sm_90, 79.175 GiB / 79.647 GiB available)
BLAS threads: 1
Julia threads: 10

Benchmark source: QS

============================================================
IMPULSE CONTROL PROBLEM (scaled, annual)
============================================================
Instance: 50D_CaseLH
Dimension: 50
Interest rate: 0.05
Cost scaling κ: 0.01

Drift μ (annual demand rates): [50.0, 50.0, 50.0, 50.0, 50.0, 50.0, 50.0, 50.0, 50.0, 50.0, 50.0, 50.0, 50.0, 50.0, 50.0, 25.0, 25.0, 25.0, 25.0, 25.0, 25.0, 25.0, 25.0, 25.0, 25.0, 25.0, 25.0, 25.0, 25.0, 25.0, 12.5, 12.5, 12.5, 12.5, 12.5, 12.5, 12.5, 12.5, 12.5, 12.5, 12.5, 12.5, 12.5, 12.5, 12.5, 12.5, 12.5, 12.5, 12.5, 12.5]
Covariance Σ diagonal: [50.0, 50.0, 50.0, 50.0, 50.0, 50.0, 50.0, 50.0, 50.0, 50.0, 50.0, 50.0, 50.0, 50.0, 50.0, 25.0, 25.0, 25.0, 25.0, 25.0, 25.0, 25.0, 25.0, 25.0, 25.0, 25.0, 25.0, 25.0, 25.0, 25.0, 12.5, 12.5, 12.5, 12.5, 12.5, 12.5, 12.5, 12.5, 12.5, 12.5, 12.5, 12.5, 12.5, 12.5, 12.5, 12.5, 12.5, 12.5, 12.5, 12.5]

Scaled costs (× κ = 0.01):
  Fixed cost K:    2.5
  Variable costs c: [0.001, 0.001, 0.001, 0.001, 0.001, 0.001, 0.001, 0.001, 0.001, 0.001, 0.001, 0.001, 0.001, 0.001, 0.001, 0.002, 0.002, 0.002, 0.002, 0.002, 0.002, 0.002, 0.002, 0.002, 0.002, 0.002, 0.002, 0.002, 0.002, 0.002, 0.004, 0.004, 0.004, 0.004, 0.004, 0.004, 0.004, 0.004, 0.004, 0.004, 0.004, 0.004, 0.004, 0.004, 0.004, 0.004, 0.004, 0.004, 0.004, 0.004]
  Holding costs h:  [0.01, 0.01, 0.01, 0.01, 0.01, 0.01, 0.01, 0.01, 0.01, 0.01, 0.01, 0.01, 0.01, 0.01, 0.01, 0.02, 0.02, 0.02, 0.02, 0.02, 0.02, 0.02, 0.02, 0.02, 0.02, 0.02, 0.02, 0.02, 0.02, 0.02, 0.04, 0.04, 0.04, 0.04, 0.04, 0.04, 0.04, 0.04, 0.04, 0.04, 0.04, 0.04, 0.04, 0.04, 0.04, 0.04, 0.04, 0.04, 0.04, 0.04]
  Penalty costs p:  [0.25, 0.25, 0.25, 0.25, 0.25, 0.25, 0.25, 0.25, 0.25, 0.25, 0.25, 0.25, 0.25, 0.25, 0.25, 0.5, 0.5, 0.5, 0.5, 0.5, 0.5, 0.5, 0.5, 0.5, 0.5, 0.5, 0.5, 0.5, 0.5, 0.5, 1.0, 1.0, 1.0, 1.0, 1.0, 1.0, 1.0, 1.0, 1.0, 1.0, 1.0, 1.0, 1.0, 1.0, 1.0, 1.0, 1.0, 1.0, 1.0, 1.0]

Original costs (unscaled):
  Fixed cost K:    250.0
  Variable costs c: [0.1, 0.1, 0.1, 0.1, 0.1, 0.1, 0.1, 0.1, 0.1, 0.1, 0.1, 0.1, 0.1, 0.1, 0.1, 0.2, 0.2, 0.2, 0.2, 0.2, 0.2, 0.2, 0.2, 0.2, 0.2, 0.2, 0.2, 0.2, 0.2, 0.2, 0.4, 0.4, 0.4, 0.4, 0.4, 0.4, 0.4, 0.4, 0.4, 0.4, 0.4, 0.4, 0.4, 0.4, 0.4, 0.4, 0.4, 0.4, 0.4, 0.4]
  Holding costs h:  [1.0, 1.0, 1.0, 1.0, 1.0, 1.0, 1.0, 1.0, 1.0, 1.0, 1.0, 1.0, 1.0, 1.0, 1.0, 2.0, 2.0, 2.0, 2.0, 2.0, 2.0, 2.0, 2.0, 2.0, 2.0, 2.0, 2.0, 2.0, 2.0, 2.0, 4.0, 4.0, 4.0, 4.0, 4.0, 4.0, 4.0, 4.0, 4.0, 4.0, 4.0, 4.0, 4.0, 4.0, 4.0, 4.0, 4.0, 4.0, 4.0, 4.0]
  Penalty costs p:  [25.0, 25.0, 25.0, 25.0, 25.0, 25.0, 25.0, 25.0, 25.0, 25.0, 25.0, 25.0, 25.0, 25.0, 25.0, 50.0, 50.0, 50.0, 50.0, 50.0, 50.0, 50.0, 50.0, 50.0, 50.0, 50.0, 50.0, 50.0, 50.0, 50.0, 100.0, 100.0, 100.0, 100.0, 100.0, 100.0, 100.0, 100.0, 100.0, 100.0, 100.0, 100.0, 100.0, 100.0, 100.0, 100.0, 100.0, 100.0, 100.0, 100.0]
============================================================

============================================================
TRAINING HYPERPARAMETERS
============================================================
Benchmark source: QS
Precision:        Float32
Batch size:       5000
Num intervals:    100
T horizon:        0.1
Num iterations:   40000
Learning rates:   [0.001, 0.0002, 0.0001, 1.0e-5, 1.0e-6]
LR steps:         [1, 5000, 10000, 20000, 30000]
Beta penalty:     [1.0, 10.0, 100.0, 1000.0, 10000.0, 100000.0]
Penalty steps:    [1, 2500, 5000, 7500, 10000, 20000]
Lambda rate:      2.5618794920507937
S guess:          [[22.0, 22.0, 22.0, 22.0, 22.0, 22.0, 22.0, 22.0, 22.0, 22.0, 22.0, 22.0, 22.0, 22.0, 22.0, 12.0, 12.0, 12.0, 12.0, 12.0, 12.0, 12.0, 12.0, 12.0, 12.0, 12.0, 12.0, 12.0, 12.0, 12.0, 7.0, 7.0, 7.0, 7.0, 7.0, 7.0, 7.0, 7.0, 7.0, 7.0, 7.0, 7.0, 7.0, 7.0, 7.0, 7.0, 7.0, 7.0, 7.0, 7.0]]
Nu radius:        0.2
S distribution:   lognormal
Alpha factor:     0.0
Alpha js:         [0.0, 0.0, 0.0, 0.0, 0.0, 0.0, 0.0, 0.0, 0.0, 0.0, 0.0, 0.0, 0.0, 0.0, 0.0, 0.0, 0.0, 0.0, 0.0, 0.0, 0.0, 0.0, 0.0, 0.0, 0.0, 0.0, 0.0, 0.0, 0.0, 0.0, 0.0, 0.0, 0.0, 0.0, 0.0, 0.0, 0.0, 0.0, 0.0, 0.0, 0.0, 0.0, 0.0, 0.0, 0.0, 0.0, 0.0, 0.0, 0.0, 0.0]
Cost scaling:     0.01

Neural network architecture:
  Hidden layers:  4
  Width:          1000
  Activation:     elu

Optimization parameters:
  Start factor:   1.0
  Lower factor:   0.5
  Upper factor:   1.5
  Sim runs:       10
  Sim horizon:    5000
  Epsilons:       [-1.25, -2.5, -5.0, -7.5, -10.0, -12.5, -15.0, -20.0, -25.0, -30.0, -40.0, -50.0, -75.0, -100.0]
============================================================

Gradient network G (∇V):
Chain(
  Dense(50 => 1000, elu),               # 51_000 parameters
  Dense(1000 => 1000, elu),             # 1_001_000 parameters
  Dense(1000 => 1000, elu),             # 1_001_000 parameters
  Dense(1000 => 1000, elu),             # 1_001_000 parameters
  Dense(1000 => 50),                    # 50_050 parameters
)                   # Total: 10 arrays, 3_104_050 parameters, 1.562 KiB.

Value network H (V):
Chain(
  Dense(50 => 1000, elu),               # 51_000 parameters
  Dense(1000 => 1000, elu),             # 1_001_000 parameters
  Dense(1000 => 1000, elu),             # 1_001_000 parameters
  Dense(1000 => 1000, elu),             # 1_001_000 parameters
  Dense(1000 => 1),                     # 1_001 parameters
)                   # Total: 10 arrays, 3_055_001 parameters, 1.562 KiB.


============================================================
Starting neural network training...
============================================================

Starting training with steady-state sampler:
-----------------------------------------
Epoch: 1; Penalty β updated to: 1.0
-----------------------------------------
─── Device check ───
  x_tn: CuArray{Float32} (50, 100, 5000)
  dB: CuArray{Float32} (50, 100, 5000)
  dU: CuArray{Float32} (50, 100, 5000)
  exponentials: CuArray{Float32} (1, 100)
  loss_dB: CuArray{Float32} (1, 5000)
  loss_df: CuArray{Float32} (1, 5000)
  loss_dU: CuArray{Float32} (1, 5000)
  H_x0: CuArray{Float32} (1, 5000)
  H_xT: CuArray{Float32} (1, 5000)
  penalties: CuArray{Float32} (1, 5000)
────────────────────
Epoch: 1; Computation time: 68.197794689; Current value of V(0): 0.0
Lagrangian objective: 3473.8103; Average H(x0): 0.0; Quantile-hedge α(β): 47.34
Simulation time per epoch: 12.364885963; Gradient computation time: 42.120283137; Testing time: 12.930299969
Epoch: 1000; Computation time: 406.126019414; Current value of V(0): 636767.7734375
Lagrangian objective: -11575.582; Average H(x0): 21812.3; Quantile-hedge α(β): 0.20000000000000018
Simulation time per epoch: 0.074126668; Gradient computation time: 0.18138556; Testing time: 0.083064448
Epoch: 2000; Computation time: 743.558122075; Current value of V(0): 701175.244140625
Lagrangian objective: -11514.897; Average H(x0): 21891.53; Quantile-hedge α(β): 0.30000000000000027
Simulation time per epoch: 0.074256251; Gradient computation time: 0.180198734; Testing time: 0.082774788
-----------------------------------------
Epoch: 2500; Penalty β updated to: 10.0
-----------------------------------------
Epoch: 3000; Computation time: 1081.158939218; Current value of V(0): 126987.92724609375
Lagrangian objective: -1840.5432; Average H(x0): 3106.0315; Quantile-hedge α(β): 13.780000000000003
Simulation time per epoch: 0.074376735; Gradient computation time: 0.180202529; Testing time: 0.082842721
Epoch: 4000; Computation time: 1418.542044291; Current value of V(0): 128489.208984375
Lagrangian objective: -1840.1252; Average H(x0): 3119.892; Quantile-hedge α(β): 12.860000000000005
Simulation time per epoch: 0.074206044; Gradient computation time: 0.180180313; Testing time: 0.08278099
-----------------------------------------
Epoch: 5000; Penalty β updated to: 100.0
-----------------------------------------
Epoch: 5000; Computation time: 1755.975626275; Current value of V(0): 129907.2265625
Lagrangian objective: 10069.991; Average H(x0): 3122.839; Quantile-hedge α(β): 12.839999999999996
Simulation time per epoch: 0.074149592; Gradient computation time: 0.180192988; Testing time: 0.082787197
Epoch: 6000; Computation time: 2093.440746961; Current value of V(0): 56966.448974609375
Lagrangian objective: -602.2109; Average H(x0): 793.8779; Quantile-hedge α(β): 34.24
Simulation time per epoch: 0.074162144; Gradient computation time: 0.180411202; Testing time: 0.082766185
Epoch: 7000; Computation time: 2430.796565074; Current value of V(0): 56785.82763671875
Lagrangian objective: -603.1041; Average H(x0): 791.57874; Quantile-hedge α(β): 33.02
Simulation time per epoch: 0.074230472; Gradient computation time: 0.180017879; Testing time: 0.08289107
-----------------------------------------
Epoch: 7500; Penalty β updated to: 1000.0
-----------------------------------------
Epoch: 8000; Computation time: 2768.2089656; Current value of V(0): 43706.68640136719
Lagrangian objective: -399.4247; Average H(x0): 441.6501; Quantile-hedge α(β): 64.62
Simulation time per epoch: 0.074150963; Gradient computation time: 0.180073147; Testing time: 0.08278474
Epoch: 9000; Computation time: 3105.60311416; Current value of V(0): 43708.624267578125
Lagrangian objective: -404.18304; Average H(x0): 445.8277; Quantile-hedge α(β): 60.42000000000001
Simulation time per epoch: 0.074266375; Gradient computation time: 0.180302532; Testing time: 0.082785684
-----------------------------------------
Epoch: 10000; Penalty β updated to: 10000.0
-----------------------------------------
Epoch: 10000; Computation time: 3442.941178995; Current value of V(0): 43435.43395996094
Lagrangian objective: -6.67215; Average H(x0): 444.4958; Quantile-hedge α(β): 63.1
Simulation time per epoch: 0.07412237; Gradient computation time: 0.180272518; Testing time: 0.082770344
Epoch: 11000; Computation time: 3780.238324063; Current value of V(0): 40431.060791015625
Lagrangian objective: -361.01016; Average H(x0): 376.4141; Quantile-hedge α(β): 86.46000000000001
Simulation time per epoch: 0.074263862; Gradient computation time: 0.180071906; Testing time: 0.082880228
Epoch: 12000; Computation time: 4117.608462395; Current value of V(0): 40198.138427734375
Lagrangian objective: -356.43683; Average H(x0): 372.74414; Quantile-hedge α(β): 87.3
Simulation time per epoch: 0.074124091; Gradient computation time: 0.181003597; Testing time: 0.083051721
Epoch: 13000; Computation time: 4454.966593994; Current value of V(0): 40197.72644042969
Lagrangian objective: -357.1973; Average H(x0): 372.7509; Quantile-hedge α(β): 89.36
Simulation time per epoch: 0.074175304; Gradient computation time: 0.181257332; Testing time: 0.08279986
Epoch: 14000; Computation time: 4792.577968852; Current value of V(0): 40020.0927734375
Lagrangian objective: -357.79147; Average H(x0): 371.773; Quantile-hedge α(β): 87.88
Simulation time per epoch: 0.074345536; Gradient computation time: 0.180040568; Testing time: 0.082766351
Epoch: 15000; Computation time: 5129.998410925; Current value of V(0): 39845.428466796875
Lagrangian objective: -332.35632; Average H(x0): 366.90613; Quantile-hedge α(β): 88.96
Simulation time per epoch: 0.074485646; Gradient computation time: 0.180193755; Testing time: 0.082816512
Epoch: 16000; Computation time: 5467.477603123; Current value of V(0): 40044.04296875
Lagrangian objective: -362.17075; Average H(x0): 377.44254; Quantile-hedge α(β): 83.74000000000001
Simulation time per epoch: 0.074419074; Gradient computation time: 0.179991916; Testing time: 0.082847567
Epoch: 17000; Computation time: 5804.829598357; Current value of V(0): 39811.90490722656
Lagrangian objective: -356.37476; Average H(x0): 375.22894; Quantile-hedge α(β): 88.06
Simulation time per epoch: 0.074522844; Gradient computation time: 0.180492111; Testing time: 0.082754017
Epoch: 18000; Computation time: 6142.187990018; Current value of V(0): 39795.59326171875
Lagrangian objective: -357.88348; Average H(x0): 376.72952; Quantile-hedge α(β): 85.66
Simulation time per epoch: 0.074343223; Gradient computation time: 0.179971845; Testing time: 0.082786001
Epoch: 19000; Computation time: 6479.566477827; Current value of V(0): 39561.3037109375
Lagrangian objective: -357.69833; Average H(x0): 373.8788; Quantile-hedge α(β): 88.8
Simulation time per epoch: 0.074356774; Gradient computation time: 0.180010791; Testing time: 0.082877494
-----------------------------------------
Epoch: 20000; Penalty β updated to: 100000.0
-----------------------------------------
Epoch: 20000; Computation time: 6816.878504495; Current value of V(0): 39585.125732421875
Lagrangian objective: -181.90158; Average H(x0): 378.85034; Quantile-hedge α(β): 83.98
Simulation time per epoch: 0.074183594; Gradient computation time: 0.180246772; Testing time: 0.082752806
Epoch: 21000; Computation time: 7154.028595336; Current value of V(0): 38516.87927246094
Lagrangian objective: -349.1576; Average H(x0): 356.13235; Quantile-hedge α(β): 97.3
Simulation time per epoch: 0.074262791; Gradient computation time: 0.180140922; Testing time: 0.082772443
Epoch: 22000; Computation time: 7491.278290346; Current value of V(0): 38472.28088378906
Lagrangian objective: -347.06998; Average H(x0): 355.2494; Quantile-hedge α(β): 97.68
Simulation time per epoch: 0.074366311; Gradient computation time: 0.180183904; Testing time: 0.082858142
Epoch: 23000; Computation time: 7828.618729735; Current value of V(0): 38627.130126953125
Lagrangian objective: -349.9883; Average H(x0): 357.24332; Quantile-hedge α(β): 97.42
Simulation time per epoch: 0.074517973; Gradient computation time: 0.180121294; Testing time: 0.082798173
Epoch: 24000; Computation time: 8166.086776908; Current value of V(0): 38581.512451171875
Lagrangian objective: -349.72476; Average H(x0): 356.36685; Quantile-hedge α(β): 96.38
Simulation time per epoch: 0.074175854; Gradient computation time: 0.180874199; Testing time: 0.082843357
Epoch: 25000; Computation time: 8503.43849172; Current value of V(0): 38591.59851074219
Lagrangian objective: -349.19534; Average H(x0): 356.1542; Quantile-hedge α(β): 97.86
Simulation time per epoch: 0.074311484; Gradient computation time: 0.180248033; Testing time: 0.082773499
Epoch: 26000; Computation time: 8840.804733232; Current value of V(0): 38686.13586425781
Lagrangian objective: -350.40823; Average H(x0): 357.7439; Quantile-hedge α(β): 96.38
Simulation time per epoch: 0.074240409; Gradient computation time: 0.179915577; Testing time: 0.08277041
Epoch: 27000; Computation time: 9178.168650549; Current value of V(0): 38659.37194824219
Lagrangian objective: -347.72437; Average H(x0): 357.6116; Quantile-hedge α(β): 96.66
Simulation time per epoch: 0.074451414; Gradient computation time: 0.180401409; Testing time: 0.082786176
Epoch: 28000; Computation time: 9515.526862519; Current value of V(0): 38764.501953125
Lagrangian objective: -350.67044; Average H(x0): 358.8325; Quantile-hedge α(β): 96.88
Simulation time per epoch: 0.074476766; Gradient computation time: 0.180279293; Testing time: 0.082788814
Epoch: 29000; Computation time: 9852.889340266; Current value of V(0): 38659.80529785156
Lagrangian objective: -347.19083; Average H(x0): 356.25174; Quantile-hedge α(β): 97.68
Simulation time per epoch: 0.074257476; Gradient computation time: 0.180167309; Testing time: 0.082759784
Epoch: 30000; Computation time: 10190.255427494; Current value of V(0): 38751.73645019531
Lagrangian objective: -350.63446; Average H(x0): 357.62927; Quantile-hedge α(β): 95.26
Simulation time per epoch: 0.074218293; Gradient computation time: 0.179934906; Testing time: 0.082888591
Epoch: 31000; Computation time: 10527.612359812; Current value of V(0): 38916.25061035156
Lagrangian objective: -355.0185; Average H(x0): 360.6606; Quantile-hedge α(β): 95.16
Simulation time per epoch: 0.074284918; Gradient computation time: 0.18018114; Testing time: 0.082779714
Epoch: 32000; Computation time: 10864.965228683; Current value of V(0): 38907.97424316406
Lagrangian objective: -353.00983; Average H(x0): 360.54236; Quantile-hedge α(β): 94.36
Simulation time per epoch: 0.074231781; Gradient computation time: 0.180323116; Testing time: 0.082869421
Epoch: 33000; Computation time: 11202.33341535; Current value of V(0): 38912.70751953125
Lagrangian objective: -352.40015; Average H(x0): 360.6407; Quantile-hedge α(β): 94.6
Simulation time per epoch: 0.074534554; Gradient computation time: 0.180297426; Testing time: 0.082834672
Epoch: 34000; Computation time: 11539.691596424; Current value of V(0): 38906.14318847656
Lagrangian objective: -356.2405; Average H(x0): 360.52206; Quantile-hedge α(β): 94.54
Simulation time per epoch: 0.07433087; Gradient computation time: 0.180148424; Testing time: 0.082870916
Epoch: 35000; Computation time: 11877.22864592; Current value of V(0): 38908.056640625
Lagrangian objective: -354.22116; Average H(x0): 360.60104; Quantile-hedge α(β): 94.67999999999999
Simulation time per epoch: 0.074476253; Gradient computation time: 0.180138426; Testing time: 0.082824712
Epoch: 36000; Computation time: 12214.575266016; Current value of V(0): 38893.731689453125
Lagrangian objective: -357.23502; Average H(x0): 360.28094; Quantile-hedge α(β): 95.34
Simulation time per epoch: 0.074506464; Gradient computation time: 0.18028453; Testing time: 0.082769872
Epoch: 37000; Computation time: 12552.008778956; Current value of V(0): 38900.677490234375
Lagrangian objective: -355.6809; Average H(x0): 360.36063; Quantile-hedge α(β): 94.62
Simulation time per epoch: 0.074208586; Gradient computation time: 0.180638215; Testing time: 0.082853938
Epoch: 38000; Computation time: 12889.366689297; Current value of V(0): 38923.50769042969
Lagrangian objective: -354.32233; Average H(x0): 360.74365; Quantile-hedge α(β): 94.39999999999999
Simulation time per epoch: 0.074249162; Gradient computation time: 0.179870205; Testing time: 0.082943597
Epoch: 39000; Computation time: 13226.767266424; Current value of V(0): 38904.45556640625
Lagrangian objective: -352.76242; Average H(x0): 360.2386; Quantile-hedge α(β): 94.38
Simulation time per epoch: 0.074231925; Gradient computation time: 0.180293182; Testing time: 0.082909229
Epoch: 40000; Computation time: 13564.632505131; Current value of V(0): 38944.5068359375
Lagrangian objective: -355.06714; Average H(x0): 361.0729; Quantile-hedge α(β): 94.67999999999999
Simulation time per epoch: 0.074199717; Gradient computation time: 0.181604667; Testing time: 0.083236484

Training completed in 13564.632625748 seconds
Final V(0): 38945.20263671875

============================================================
Running policy evaluation...
============================================================


============================================================
INVENTORY PROBLEM (unscaled, weekly)
============================================================
Dimension:       50
Discount factor: 0.9990389236684376
Fixed cost:      250.0
Variable costs:  [0.1, 0.1, 0.1, 0.1, 0.1, 0.1, 0.1, 0.1, 0.1, 0.1, 0.1, 0.1, 0.1, 0.1, 0.1, 0.2, 0.2, 0.2, 0.2, 0.2, 0.2, 0.2, 0.2, 0.2, 0.2, 0.2, 0.2, 0.2, 0.2, 0.2, 0.4, 0.4, 0.4, 0.4, 0.4, 0.4, 0.4, 0.4, 0.4, 0.4, 0.4, 0.4, 0.4, 0.4, 0.4, 0.4, 0.4, 0.4, 0.4, 0.4]
Holding costs:   [0.019230769230769232, 0.019230769230769232, 0.019230769230769232, 0.019230769230769232, 0.019230769230769232, 0.019230769230769232, 0.019230769230769232, 0.019230769230769232, 0.019230769230769232, 0.019230769230769232, 0.019230769230769232, 0.019230769230769232, 0.019230769230769232, 0.019230769230769232, 0.019230769230769232, 0.038461538461538464, 0.038461538461538464, 0.038461538461538464, 0.038461538461538464, 0.038461538461538464, 0.038461538461538464, 0.038461538461538464, 0.038461538461538464, 0.038461538461538464, 0.038461538461538464, 0.038461538461538464, 0.038461538461538464, 0.038461538461538464, 0.038461538461538464, 0.038461538461538464, 0.07692307692307693, 0.07692307692307693, 0.07692307692307693, 0.07692307692307693, 0.07692307692307693, 0.07692307692307693, 0.07692307692307693, 0.07692307692307693, 0.07692307692307693, 0.07692307692307693, 0.07692307692307693, 0.07692307692307693, 0.07692307692307693, 0.07692307692307693, 0.07692307692307693, 0.07692307692307693, 0.07692307692307693, 0.07692307692307693, 0.07692307692307693, 0.07692307692307693]
Backlog costs:   [0.4807692307692308, 0.4807692307692308, 0.4807692307692308, 0.4807692307692308, 0.4807692307692308, 0.4807692307692308, 0.4807692307692308, 0.4807692307692308, 0.4807692307692308, 0.4807692307692308, 0.4807692307692308, 0.4807692307692308, 0.4807692307692308, 0.4807692307692308, 0.4807692307692308, 0.9615384615384616, 0.9615384615384616, 0.9615384615384616, 0.9615384615384616, 0.9615384615384616, 0.9615384615384616, 0.9615384615384616, 0.9615384615384616, 0.9615384615384616, 0.9615384615384616, 0.9615384615384616, 0.9615384615384616, 0.9615384615384616, 0.9615384615384616, 0.9615384615384616, 1.9230769230769231, 1.9230769230769231, 1.9230769230769231, 1.9230769230769231, 1.9230769230769231, 1.9230769230769231, 1.9230769230769231, 1.9230769230769231, 1.9230769230769231, 1.9230769230769231, 1.9230769230769231, 1.9230769230769231, 1.9230769230769231, 1.9230769230769231, 1.9230769230769231, 1.9230769230769231, 1.9230769230769231, 1.9230769230769231, 1.9230769230769231, 1.9230769230769231]
Demand dists:    DataType[Distributions.Poisson{Float64}, Distributions.Poisson{Float64}, Distributions.Poisson{Float64}, Distributions.Poisson{Float64}, Distributions.Poisson{Float64}, Distributions.Poisson{Float64}, Distributions.Poisson{Float64}, Distributions.Poisson{Float64}, Distributions.Poisson{Float64}, Distributions.Poisson{Float64}, Distributions.Poisson{Float64}, Distributions.Poisson{Float64}, Distributions.Poisson{Float64}, Distributions.Poisson{Float64}, Distributions.Poisson{Float64}, Distributions.Poisson{Float64}, Distributions.Poisson{Float64}, Distributions.Poisson{Float64}, Distributions.Poisson{Float64}, Distributions.Poisson{Float64}, Distributions.Poisson{Float64}, Distributions.Poisson{Float64}, Distributions.Poisson{Float64}, Distributions.Poisson{Float64}, Distributions.Poisson{Float64}, Distributions.Poisson{Float64}, Distributions.Poisson{Float64}, Distributions.Poisson{Float64}, Distributions.Poisson{Float64}, Distributions.Poisson{Float64}, Distributions.Poisson{Float64}, Distributions.Poisson{Float64}, Distributions.Poisson{Float64}, Distributions.Poisson{Float64}, Distributions.Poisson{Float64}, Distributions.Poisson{Float64}, Distributions.Poisson{Float64}, Distributions.Poisson{Float64}, Distributions.Poisson{Float64}, Distributions.Poisson{Float64}, Distributions.Poisson{Float64}, Distributions.Poisson{Float64}, Distributions.Poisson{Float64}, Distributions.Poisson{Float64}, Distributions.Poisson{Float64}, Distributions.Poisson{Float64}, Distributions.Poisson{Float64}, Distributions.Poisson{Float64}, Distributions.Poisson{Float64}, Distributions.Poisson{Float64}]
Demand means:    [0.9615384615384616, 0.9615384615384616, 0.9615384615384616, 0.9615384615384616, 0.9615384615384616, 0.9615384615384616, 0.9615384615384616, 0.9615384615384616, 0.9615384615384616, 0.9615384615384616, 0.9615384615384616, 0.9615384615384616, 0.9615384615384616, 0.9615384615384616, 0.9615384615384616, 0.4807692307692308, 0.4807692307692308, 0.4807692307692308, 0.4807692307692308, 0.4807692307692308, 0.4807692307692308, 0.4807692307692308, 0.4807692307692308, 0.4807692307692308, 0.4807692307692308, 0.4807692307692308, 0.4807692307692308, 0.4807692307692308, 0.4807692307692308, 0.4807692307692308, 0.2403846153846154, 0.2403846153846154, 0.2403846153846154, 0.2403846153846154, 0.2403846153846154, 0.2403846153846154, 0.2403846153846154, 0.2403846153846154, 0.2403846153846154, 0.2403846153846154, 0.2403846153846154, 0.2403846153846154, 0.2403846153846154, 0.2403846153846154, 0.2403846153846154, 0.2403846153846154, 0.2403846153846154, 0.2403846153846154, 0.2403846153846154, 0.2403846153846154]
============================================================

==================================================
Computing order-up-to vector via :solve_inf
==================================================

Method: solve_inf
Final objective: 359.9171142578125
z*: [22.0, 22.0, 22.0, 22.0, 22.0, 22.0, 22.0, 22.0, 22.0, 22.0, 22.0, 22.0, 22.0, 22.0, 22.0, 12.0, 12.0, 12.0, 12.0, 12.0, 12.0, 12.0, 12.0, 12.0, 12.0, 12.0, 12.0, 12.0, 12.0, 12.0, 7.0, 7.0, 7.0, 7.0, 7.0, 7.0, 7.0, 7.0, 7.0, 7.0, 7.0, 7.0, 7.0, 7.0, 7.0, 7.0, 7.0, 7.0, 7.0, 7.0]
Intervention value: 27.034881591796875

==================================================
Computing order-up-to vector via :find_stationary
==================================================

Method: find_stationary
Final residual: 0.02943739688379845
z*: [22.0, 22.0, 22.0, 22.0, 22.0, 22.0, 22.0, 22.0, 22.0, 22.0, 22.0, 22.0, 22.0, 22.0, 22.0, 12.0, 12.0, 12.0, 12.0, 12.0, 12.0, 12.0, 12.0, 12.0, 12.0, 12.0, 12.0, 12.0, 12.0, 12.0, 7.0, 7.0, 7.0, 7.0, 7.0, 7.0, 7.0, 7.0, 7.0, 7.0, 7.0, 7.0, 7.0, 7.0, 7.0, 7.0, 7.0, 7.0, 7.0, 7.0]
Intervention value: 27.034881591796875

==================================================
Summary:
  solve_inf:       z* = [22, 22, 22, 22, 22, 22, 22, 22, 22, 22, 22, 22, 22, 22, 22, 12, 12, 12, 12, 12, 12, 12, 12, 12, 12, 12, 12, 12, 12, 12, 7, 7, 7, 7, 7, 7, 7, 7, 7, 7, 7, 7, 7, 7, 7, 7, 7, 7, 7, 7]
  find_stationary: z* = [22, 22, 22, 22, 22, 22, 22, 22, 22, 22, 22, 22, 22, 22, 22, 12, 12, 12, 12, 12, 12, 12, 12, 12, 12, 12, 12, 12, 12, 12, 7, 7, 7, 7, 7, 7, 7, 7, 7, 7, 7, 7, 7, 7, 7, 7, 7, 7, 7, 7]
==================================================

============================================================
Evaluating method: solve_inf
============================================================

----------------------------------------
Evaluating ε = -1.25
----------------------------------------
Mean cost: 170032.6530054864 ± 2605.7493482847576
  Inventory costs: 20833.6651480593
  Variable costs:  5061.211199849509
  Fixed costs:     144137.77665757734
  Simulation time: 613.0s

----------------------------------------
Evaluating ε = -2.5
----------------------------------------
Mean cost: 36593.35344955307 ± 69.47895751814015
  Inventory costs: 17999.873614195705
  Variable costs:  5047.105201750277
  Fixed costs:     13546.37463360712
  Simulation time: 649.8s

----------------------------------------
Evaluating ε = -5.0
----------------------------------------
Mean cost: 36292.28317853719 ± 47.35952925497272
  Inventory costs: 19118.028333116305
  Variable costs:  5025.794102637986
  Fixed costs:     12148.460742782923
  Simulation time: 658.9s

----------------------------------------
Evaluating ε = -7.5
----------------------------------------
Mean cost: 36691.56944815778 ± 35.54433078557475
  Inventory costs: 20137.385426958437
  Variable costs:  5020.831143986643
  Fixed costs:     11533.352877212776
  Simulation time: 652.2s

----------------------------------------
Evaluating ε = -10.0
----------------------------------------
Mean cost: 37404.17747000584 ± 54.020034730275675
  Inventory costs: 21168.05103385147
  Variable costs:  5034.475007485378
  Fixed costs:     11201.65142866904
  Simulation time: 644.2s

----------------------------------------
Evaluating ε = -12.5
----------------------------------------
Mean cost: 38051.79403761906 ± 99.30928604575973
  Inventory costs: 22066.425972124896
  Variable costs:  5028.300158060768
  Fixed costs:     10957.067907433373
  Simulation time: 647.5s

----------------------------------------
Evaluating ε = -15.0
----------------------------------------
Mean cost: 38702.924989186235 ± 57.38786111260519
  Inventory costs: 23000.651301271755
  Variable costs:  5014.620601094686
  Fixed costs:     10687.653086819762
  Simulation time: 648.4s

----------------------------------------
Evaluating ε = -20.0
----------------------------------------
Mean cost: 40139.53714819522 ± 60.1291208019948
  Inventory costs: 24790.477536365077
  Variable costs:  5026.011230167819
  Fixed costs:     10323.048381662315
  Simulation time: 664.5s

----------------------------------------
Evaluating ε = -25.0
----------------------------------------
Mean cost: 41448.404308647216 ± 80.27017871681244
  Inventory costs: 26419.60883660039
  Variable costs:  5013.175241472001
  Fixed costs:     10015.620230574797
  Simulation time: 659.6s

----------------------------------------
Evaluating ε = -30.0
----------------------------------------
Mean cost: 43277.757362173674 ± 88.75471255379051
  Inventory costs: 28480.795645380644
  Variable costs:  5030.727251728065
  Fixed costs:     9766.234465064937
  Simulation time: 656.2s

----------------------------------------
Evaluating ε = -40.0
----------------------------------------
Mean cost: 46694.69634680535 ± 104.93216478529405
  Inventory costs: 32358.46232414269
  Variable costs:  5025.298935676492
  Fixed costs:     9310.935086986145
  Simulation time: 651.6s

----------------------------------------
Evaluating ε = -50.0
----------------------------------------
Mean cost: 50251.05275159625 ± 118.55183041935207
  Inventory costs: 36335.63759885031
  Variable costs:  5010.864282075478
  Fixed costs:     8904.550870670475
  Simulation time: 652.0s

----------------------------------------
Evaluating ε = -75.0
----------------------------------------
Mean cost: 60577.24115969305 ± 128.87681063528487
  Inventory costs: 47393.77482070385
  Variable costs:  5018.038972004702
  Fixed costs:     8165.4273669845015
  Simulation time: 647.4s

----------------------------------------
Evaluating ε = -100.0
----------------------------------------
Mean cost: 72053.1467791339 ± 145.85297756533
  Inventory costs: 59465.176691440356
  Variable costs:  5009.169227012194
  Fixed costs:     7578.800860681382
  Simulation time: 656.7s

==================================================
Best epsilon: -5.0 with cost: 36292.28317853719 ± 47.35952925497272
==================================================

============================================================
Evaluating method: find_stationary
============================================================

----------------------------------------
Evaluating ε = -1.25
----------------------------------------
Mean cost: 169125.63017027255 ± 2520.7106951917726
  Inventory costs: 20780.18225171545
  Variable costs:  5075.373300614543
  Fixed costs:     143270.07461794224
  Simulation time: 658.1s

----------------------------------------
Evaluating ε = -2.5
----------------------------------------
Mean cost: 36490.02530612843 ± 36.811724559556524
  Inventory costs: 18012.804494120253
  Variable costs:  5032.826854472206
  Fixed costs:     13444.39395753597
  Simulation time: 654.7s

----------------------------------------
Evaluating ε = -5.0
----------------------------------------
Mean cost: 36446.98030769897 ± 49.43438335513415
  Inventory costs: 19142.041697335935
  Variable costs:  5044.5249741201715
  Fixed costs:     12260.413636242913
  Simulation time: 650.2s

----------------------------------------
Evaluating ε = -7.5
----------------------------------------
Mean cost: 36829.47477599052 ± 56.418745049597405
  Inventory costs: 20183.88779227861
  Variable costs:  5030.596691952958
  Fixed costs:     11614.990291758939
  Simulation time: 654.8s

----------------------------------------
Evaluating ε = -10.0
----------------------------------------
Mean cost: 37325.64572047201 ± 48.613370324214365
  Inventory costs: 21127.769442310593
  Variable costs:  5021.830593072234
  Fixed costs:     11176.04568508923
  Simulation time: 652.5s

----------------------------------------
Evaluating ε = -12.5
----------------------------------------
Mean cost: 37997.30562418084 ± 51.7860719056727
  Inventory costs: 22010.073832179936
  Variable costs:  5030.786038151435
  Fixed costs:     10956.445753849455
  Simulation time: 661.8s

----------------------------------------
Evaluating ε = -15.0
----------------------------------------
Mean cost: 38659.09069868504 ± 60.74385900408629
  Inventory costs: 22941.906434242534
  Variable costs:  5023.708127136115
  Fixed costs:     10693.47613730645
  Simulation time: 664.3s

----------------------------------------
Evaluating ε = -20.0
----------------------------------------
Mean cost: 40005.51739008381 ± 38.920372029583405
  Inventory costs: 24639.472961515065
  Variable costs:  5030.65835361037
  Fixed costs:     10335.386074958407
  Simulation time: 650.8s

----------------------------------------
Evaluating ε = -25.0
----------------------------------------
Mean cost: 41637.91777071559 ± 62.11568750091431
  Inventory costs: 26622.79524161471
  Variable costs:  5020.14657561125
  Fixed costs:     9994.975953489627
  Simulation time: 651.5s

----------------------------------------
Evaluating ε = -30.0
----------------------------------------
Mean cost: 43152.5728128147 ± 81.77795499455904
  Inventory costs: 28401.017180274048
  Variable costs:  5013.939193650046
  Fixed costs:     9737.616438890605
  Simulation time: 646.1s

----------------------------------------
Evaluating ε = -40.0
----------------------------------------
Mean cost: 46422.46637521892 ± 93.97912984154934
  Inventory costs: 32143.212011808668
  Variable costs:  5009.242482508449
  Fixed costs:     9270.011880901857
  Simulation time: 666.3s

----------------------------------------
Evaluating ε = -50.0
----------------------------------------
Mean cost: 50243.42787606582 ± 99.65521077919604
  Inventory costs: 36306.50948082244
  Variable costs:  5021.62094020609
  Fixed costs:     8915.297455037302
  Simulation time: 646.5s

----------------------------------------
Evaluating ε = -75.0
----------------------------------------
Mean cost: 60406.732334574204 ± 111.92623945428038
  Inventory costs: 47223.49431292702
  Variable costs:  5018.340095453424
  Fixed costs:     8164.897926193802
  Simulation time: 655.5s

----------------------------------------
Evaluating ε = -100.0
----------------------------------------
Mean cost: 72310.3521217778 ± 120.7638506063395
  Inventory costs: 59705.23506705456
  Variable costs:  5018.831755392331
  Fixed costs:     7586.28529933093
  Simulation time: 571.5s

==================================================
Best epsilon: -5.0 with cost: 36446.98030769897 ± 49.43438335513415
==================================================
Improving solve_inf: 36297.21254889221 -> 36292.28317853719
Results saved to: output/nn_training/results_50D_CaseLH_solve_inf.json
Neural networks saved to: policies/policies50D/neural_networks_50D_CaseLH_solve_inf.bson
Skipping save for find_stationary: existing cost 36422.240010303314 <= new cost 36446.98030769897

============================================================
FINAL RESULTS SUMMARY
============================================================

Method: solve_inf
  Order-up-to vector: [22, 22, 22, 22, 22, 22, 22, 22, 22, 22, 22, 22, 22, 22, 22, 12, 12, 12, 12, 12, 12, 12, 12, 12, 12, 12, 12, 12, 12, 12, 7, 7, 7, 7, 7, 7, 7, 7, 7, 7, 7, 7, 7, 7, 7, 7, 7, 7, 7, 7]
  Best epsilon: -5.0
  Best cost: 36292.28317853719 ± 47.35952925497272

Method: find_stationary
  Order-up-to vector: [22, 22, 22, 22, 22, 22, 22, 22, 22, 22, 22, 22, 22, 22, 22, 12, 12, 12, 12, 12, 12, 12, 12, 12, 12, 12, 12, 12, 12, 12, 7, 7, 7, 7, 7, 7, 7, 7, 7, 7, 7, 7, 7, 7, 7, 7, 7, 7, 7, 7]
  Best epsilon: -5.0
  Best cost: 36446.98030769897 ± 49.43438335513415

============================================================
Complete! Per-method results saved to:
  output/nn_training/results_50D_CaseLH_solve_inf.json
  output/nn_training/results_50D_CaseLH_find_stationary.json
============================================================

  Activating project at `~/DeepSJRP`
[ Info:  started timer at: 2026-04-24T01:27:11.127
┌ Warning: Layer with Float32 parameters got Float64 input.
│   The input will be converted, but any earlier layers may be very slow.
│   layer = Dense(50 => 1000, elu)  # 51_000 parameters
│   summary(x) = "50-element Vector{Float64}"
└ @ Flux ~/.julia/packages/Flux/DZYiO/src/layers/stateless.jl:60
RUNNING THE L-BFGS-B CODE

           * * *

Machine precision = 2.220D-16
 N =           50     M =           10

At X0         0 variables are exactly at the bounds

At iterate    0    f=  3.59917D+02    |proj g|=  3.41890D-03

           * * *

Tit   = total number of iterations
Tnf   = total number of function evaluations
Tnint = total number of segments explored during Cauchy searches
Skip  = number of BFGS updates skipped
Nact  = number of active bounds at final generalized Cauchy point
Projg = norm of the final projected gradient
F     = final function value

           * * *

   N    Tit     Tnf  Tnint  Skip  Nact     Projg        F
   50      0      1      0     0     0   3.419D-03   3.599D+02
  F =   359.91711425781250     

CONVERGENCE: NORM_OF_PROJECTED_GRADIENT_<=_PGTOL            

 Cauchy                time 0.000E+00 seconds.
 Subspace minimization time 0.000E+00 seconds.
 Line search           time 0.000E+00 seconds.

 Total User time 2.664E+00 seconds.

RUNNING THE L-BFGS-B CODE

           * * *

Machine precision = 2.220D-16
 N =           50     M =           10

At X0         0 variables are exactly at the bounds

At iterate    0    f=  8.66560D-04    |proj g|=  5.53752D-06

           * * *

Tit   = total number of iterations
Tnf   = total number of function evaluations
Tnint = total number of segments explored during Cauchy searches
Skip  = number of BFGS updates skipped
Nact  = number of active bounds at final generalized Cauchy point
Projg = norm of the final projected gradient
F     = final function value

           * * *

   N    Tit     Tnf  Tnint  Skip  Nact     Projg        F
   50      0      1      0     0     0   5.538D-06   8.666D-04
  F =   8.6656033529426669E-004

CONVERGENCE: NORM_OF_PROJECTED_GRADIENT_<=_PGTOL            

 Cauchy                time 0.000E+00 seconds.
 Subspace minimization time 0.000E+00 seconds.
 Line search           time 0.000E+00 seconds.

 Total User time 3.340E-01 seconds.

