
============================================================
DeepSJRP - Stochastic Joint Replenishment Problem Solver
============================================================
Instance: 50D_CaseLH
Options: Dict{Symbol, Any}(:beta_override => 100000.0, :alpha_override => nothing, :device => :gpu, :nu_override => 0.4, :T_override => 0.2, :seed => 777)
============================================================

Device: CUDA GPU
CUDA toolchain: 
- runtime 12.8, local installation
- driver 580.126.16 for 13.2
- compiler 12.9

CUDA libraries: 
- CUBLAS: 12.8.4
- CURAND: 10.3.9
- CUFFT: 11.3.3
- CUSOLVER: 11.7.3
- CUSPARSE: 12.5.8
- CUPTI: 2025.1.1 (API 12.8.0)
- NVML: 13.0.0+580.126.16

Julia packages: 
- CUDA: 5.11.0
- GPUArrays: 11.4.1
- GPUCompiler: 1.9.1
- KernelAbstractions: 0.9.41
- CUDA_Driver_jll: 13.2.0+0
- CUDA_Compiler_jll: 0.4.2+0
- CUDA_Runtime_jll: 0.21.0+0
- CUDA_Runtime_Discovery: 1.0.0

Toolchain:
- Julia: 1.11.7
- LLVM: 16.0.6

Preferences:
- CUDA_Runtime_jll.version: local

1 device:
  0: NVIDIA H100 80GB HBM3 (sm_90, 79.175 GiB / 79.647 GiB available)
BLAS threads: 1
Julia threads: 10

Benchmark source: QS

============================================================
IMPULSE CONTROL PROBLEM (scaled, annual)
============================================================
Instance: 50D_CaseLH
Dimension: 50
Interest rate: 0.05
Cost scaling κ: 0.01

Drift μ (annual demand rates): [50.0, 50.0, 50.0, 50.0, 50.0, 50.0, 50.0, 50.0, 50.0, 50.0, 50.0, 50.0, 50.0, 50.0, 50.0, 25.0, 25.0, 25.0, 25.0, 25.0, 25.0, 25.0, 25.0, 25.0, 25.0, 25.0, 25.0, 25.0, 25.0, 25.0, 12.5, 12.5, 12.5, 12.5, 12.5, 12.5, 12.5, 12.5, 12.5, 12.5, 12.5, 12.5, 12.5, 12.5, 12.5, 12.5, 12.5, 12.5, 12.5, 12.5]
Covariance Σ diagonal: [50.0, 50.0, 50.0, 50.0, 50.0, 50.0, 50.0, 50.0, 50.0, 50.0, 50.0, 50.0, 50.0, 50.0, 50.0, 25.0, 25.0, 25.0, 25.0, 25.0, 25.0, 25.0, 25.0, 25.0, 25.0, 25.0, 25.0, 25.0, 25.0, 25.0, 12.5, 12.5, 12.5, 12.5, 12.5, 12.5, 12.5, 12.5, 12.5, 12.5, 12.5, 12.5, 12.5, 12.5, 12.5, 12.5, 12.5, 12.5, 12.5, 12.5]

Scaled costs (× κ = 0.01):
  Fixed cost K:    2.5
  Variable costs c: [0.001, 0.001, 0.001, 0.001, 0.001, 0.001, 0.001, 0.001, 0.001, 0.001, 0.001, 0.001, 0.001, 0.001, 0.001, 0.002, 0.002, 0.002, 0.002, 0.002, 0.002, 0.002, 0.002, 0.002, 0.002, 0.002, 0.002, 0.002, 0.002, 0.002, 0.004, 0.004, 0.004, 0.004, 0.004, 0.004, 0.004, 0.004, 0.004, 0.004, 0.004, 0.004, 0.004, 0.004, 0.004, 0.004, 0.004, 0.004, 0.004, 0.004]
  Holding costs h:  [0.01, 0.01, 0.01, 0.01, 0.01, 0.01, 0.01, 0.01, 0.01, 0.01, 0.01, 0.01, 0.01, 0.01, 0.01, 0.02, 0.02, 0.02, 0.02, 0.02, 0.02, 0.02, 0.02, 0.02, 0.02, 0.02, 0.02, 0.02, 0.02, 0.02, 0.04, 0.04, 0.04, 0.04, 0.04, 0.04, 0.04, 0.04, 0.04, 0.04, 0.04, 0.04, 0.04, 0.04, 0.04, 0.04, 0.04, 0.04, 0.04, 0.04]
  Penalty costs p:  [0.25, 0.25, 0.25, 0.25, 0.25, 0.25, 0.25, 0.25, 0.25, 0.25, 0.25, 0.25, 0.25, 0.25, 0.25, 0.5, 0.5, 0.5, 0.5, 0.5, 0.5, 0.5, 0.5, 0.5, 0.5, 0.5, 0.5, 0.5, 0.5, 0.5, 1.0, 1.0, 1.0, 1.0, 1.0, 1.0, 1.0, 1.0, 1.0, 1.0, 1.0, 1.0, 1.0, 1.0, 1.0, 1.0, 1.0, 1.0, 1.0, 1.0]

Original costs (unscaled):
  Fixed cost K:    250.0
  Variable costs c: [0.1, 0.1, 0.1, 0.1, 0.1, 0.1, 0.1, 0.1, 0.1, 0.1, 0.1, 0.1, 0.1, 0.1, 0.1, 0.2, 0.2, 0.2, 0.2, 0.2, 0.2, 0.2, 0.2, 0.2, 0.2, 0.2, 0.2, 0.2, 0.2, 0.2, 0.4, 0.4, 0.4, 0.4, 0.4, 0.4, 0.4, 0.4, 0.4, 0.4, 0.4, 0.4, 0.4, 0.4, 0.4, 0.4, 0.4, 0.4, 0.4, 0.4]
  Holding costs h:  [1.0, 1.0, 1.0, 1.0, 1.0, 1.0, 1.0, 1.0, 1.0, 1.0, 1.0, 1.0, 1.0, 1.0, 1.0, 2.0, 2.0, 2.0, 2.0, 2.0, 2.0, 2.0, 2.0, 2.0, 2.0, 2.0, 2.0, 2.0, 2.0, 2.0, 4.0, 4.0, 4.0, 4.0, 4.0, 4.0, 4.0, 4.0, 4.0, 4.0, 4.0, 4.0, 4.0, 4.0, 4.0, 4.0, 4.0, 4.0, 4.0, 4.0]
  Penalty costs p:  [25.0, 25.0, 25.0, 25.0, 25.0, 25.0, 25.0, 25.0, 25.0, 25.0, 25.0, 25.0, 25.0, 25.0, 25.0, 50.0, 50.0, 50.0, 50.0, 50.0, 50.0, 50.0, 50.0, 50.0, 50.0, 50.0, 50.0, 50.0, 50.0, 50.0, 100.0, 100.0, 100.0, 100.0, 100.0, 100.0, 100.0, 100.0, 100.0, 100.0, 100.0, 100.0, 100.0, 100.0, 100.0, 100.0, 100.0, 100.0, 100.0, 100.0]
============================================================

============================================================
TRAINING HYPERPARAMETERS
============================================================
Benchmark source: QS
Precision:        Float32
Batch size:       5000
Num intervals:    100
T horizon:        0.2
Num iterations:   40000
Learning rates:   [0.001, 0.0002, 0.0001, 1.0e-5, 1.0e-6]
LR steps:         [1, 5000, 10000, 20000, 30000]
Beta penalty:     [1.0, 10.0, 100.0, 1000.0, 10000.0, 100000.0]
Penalty steps:    [1, 2500, 5000, 7500, 10000, 20000]
Lambda rate:      2.5618794920507937
S guess:          [[22.0, 22.0, 22.0, 22.0, 22.0, 22.0, 22.0, 22.0, 22.0, 22.0, 22.0, 22.0, 22.0, 22.0, 22.0, 12.0, 12.0, 12.0, 12.0, 12.0, 12.0, 12.0, 12.0, 12.0, 12.0, 12.0, 12.0, 12.0, 12.0, 12.0, 7.0, 7.0, 7.0, 7.0, 7.0, 7.0, 7.0, 7.0, 7.0, 7.0, 7.0, 7.0, 7.0, 7.0, 7.0, 7.0, 7.0, 7.0, 7.0, 7.0]]
Nu radius:        0.4
S distribution:   lognormal
Alpha factor:     0.0
Alpha js:         [0.0, 0.0, 0.0, 0.0, 0.0, 0.0, 0.0, 0.0, 0.0, 0.0, 0.0, 0.0, 0.0, 0.0, 0.0, 0.0, 0.0, 0.0, 0.0, 0.0, 0.0, 0.0, 0.0, 0.0, 0.0, 0.0, 0.0, 0.0, 0.0, 0.0, 0.0, 0.0, 0.0, 0.0, 0.0, 0.0, 0.0, 0.0, 0.0, 0.0, 0.0, 0.0, 0.0, 0.0, 0.0, 0.0, 0.0, 0.0, 0.0, 0.0]
Cost scaling:     0.01

Neural network architecture:
  Hidden layers:  4
  Width:          1000
  Activation:     elu

Optimization parameters:
  Start factor:   1.0
  Lower factor:   0.5
  Upper factor:   1.5
  Sim runs:       10
  Sim horizon:    5000
  Epsilons:       [-1.25, -2.5, -5.0, -7.5, -10.0, -12.5, -15.0, -20.0, -25.0, -30.0, -40.0, -50.0, -75.0, -100.0]
============================================================

Gradient network G (∇V):
Chain(
  Dense(50 => 1000, elu),               # 51_000 parameters
  Dense(1000 => 1000, elu),             # 1_001_000 parameters
  Dense(1000 => 1000, elu),             # 1_001_000 parameters
  Dense(1000 => 1000, elu),             # 1_001_000 parameters
  Dense(1000 => 50),                    # 50_050 parameters
)                   # Total: 10 arrays, 3_104_050 parameters, 1.562 KiB.

Value network H (V):
Chain(
  Dense(50 => 1000, elu),               # 51_000 parameters
  Dense(1000 => 1000, elu),             # 1_001_000 parameters
  Dense(1000 => 1000, elu),             # 1_001_000 parameters
  Dense(1000 => 1000, elu),             # 1_001_000 parameters
  Dense(1000 => 1),                     # 1_001 parameters
)                   # Total: 10 arrays, 3_055_001 parameters, 1.562 KiB.


============================================================
Starting neural network training...
============================================================

Starting training with steady-state sampler:
-----------------------------------------
Epoch: 1; Penalty β updated to: 1.0
-----------------------------------------
─── Device check ───
  x_tn: CuArray{Float32} (50, 100, 5000)
  dB: CuArray{Float32} (50, 100, 5000)
  dU: CuArray{Float32} (50, 100, 5000)
  exponentials: CuArray{Float32} (1, 100)
  loss_dB: CuArray{Float32} (1, 5000)
  loss_df: CuArray{Float32} (1, 5000)
  loss_dU: CuArray{Float32} (1, 5000)
  H_x0: CuArray{Float32} (1, 5000)
  H_xT: CuArray{Float32} (1, 5000)
  penalties: CuArray{Float32} (1, 5000)
────────────────────
Epoch: 1; Computation time: 72.238171411; Current value of V(0): 0.0
Lagrangian objective: 14808.221; Average H(x0): 0.0; Quantile-hedge α(β): 52.36000000000001
Simulation time per epoch: 12.806817508; Gradient computation time: 45.629121131; Testing time: 12.790810969
Epoch: 1000; Computation time: 411.303105034; Current value of V(0): 73092.86499023438
Lagrangian objective: -3749.4736; Average H(x0): 6541.35; Quantile-hedge α(β): 5.24
Simulation time per epoch: 0.073974995; Gradient computation time: 0.182385781; Testing time: 0.083180174
Epoch: 2000; Computation time: 750.675938476; Current value of V(0): 101999.24926757812
Lagrangian objective: -3713.408; Average H(x0): 6557.7188; Quantile-hedge α(β): 4.84
Simulation time per epoch: 0.074125152; Gradient computation time: 0.183908351; Testing time: 0.083127204
-----------------------------------------
Epoch: 2500; Penalty β updated to: 10.0
-----------------------------------------
Epoch: 3000; Computation time: 1090.107129129; Current value of V(0): 75719.12841796875
Lagrangian objective: -946.7922; Average H(x0): 1334.4404; Quantile-hedge α(β): 26.080000000000002
Simulation time per epoch: 0.071640265; Gradient computation time: 0.181359667; Testing time: 0.083150815
Epoch: 4000; Computation time: 1429.360853491; Current value of V(0): 78439.29443359375
Lagrangian objective: -920.2022; Average H(x0): 1336.2671; Quantile-hedge α(β): 24.960000000000004
Simulation time per epoch: 0.074142173; Gradient computation time: 0.181556439; Testing time: 0.08311033
-----------------------------------------
Epoch: 5000; Penalty β updated to: 100.0
-----------------------------------------
Epoch: 5000; Computation time: 1768.74310615; Current value of V(0): 81277.31323242188
Lagrangian objective: 2741.9429; Average H(x0): 1337.3582; Quantile-hedge α(β): 24.48
Simulation time per epoch: 0.074081967; Gradient computation time: 0.180853012; Testing time: 0.08295832
Epoch: 6000; Computation time: 2107.128732313; Current value of V(0): 49667.54455566406
Lagrangian objective: -528.65967; Average H(x0): 608.139; Quantile-hedge α(β): 53.36000000000001
Simulation time per epoch: 0.074261805; Gradient computation time: 0.181042069; Testing time: 0.082954216
Epoch: 7000; Computation time: 2445.064064204; Current value of V(0): 49575.958251953125
Lagrangian objective: -523.2012; Average H(x0): 608.0259; Quantile-hedge α(β): 51.540000000000006
Simulation time per epoch: 0.074266825; Gradient computation time: 0.180301988; Testing time: 0.082814131
-----------------------------------------
Epoch: 7500; Penalty β updated to: 1000.0
-----------------------------------------
Epoch: 8000; Computation time: 2782.604129269; Current value of V(0): 41356.31103515625
Lagrangian objective: -431.4398; Average H(x0): 459.95416; Quantile-hedge α(β): 82.36
Simulation time per epoch: 0.074255123; Gradient computation time: 0.180228369; Testing time: 0.082813545
Epoch: 9000; Computation time: 3120.090713182; Current value of V(0): 41467.987060546875
Lagrangian objective: -436.66306; Average H(x0): 459.498; Quantile-hedge α(β): 83.32
Simulation time per epoch: 0.074299172; Gradient computation time: 0.180493596; Testing time: 0.082788425
-----------------------------------------
Epoch: 10000; Penalty β updated to: 10000.0
-----------------------------------------
Epoch: 10000; Computation time: 3457.555672555; Current value of V(0): 41314.85595703125
Lagrangian objective: -162.48528; Average H(x0): 455.07416; Quantile-hedge α(β): 83.7
Simulation time per epoch: 0.074184239; Gradient computation time: 0.180293176; Testing time: 0.082796525
Epoch: 11000; Computation time: 3795.035015582; Current value of V(0): 39097.137451171875
Lagrangian objective: -395.73044; Average H(x0): 410.0677; Quantile-hedge α(β): 95.38
Simulation time per epoch: 0.074259938; Gradient computation time: 0.180525062; Testing time: 0.082830605
Epoch: 12000; Computation time: 4132.494792444; Current value of V(0): 38931.70166015625
Lagrangian objective: -383.24606; Average H(x0): 403.2419; Quantile-hedge α(β): 96.74000000000001
Simulation time per epoch: 0.074275005; Gradient computation time: 0.180230851; Testing time: 0.082798403
Epoch: 13000; Computation time: 4469.9610351; Current value of V(0): 39115.7958984375
Lagrangian objective: -377.21307; Average H(x0): 402.6037; Quantile-hedge α(β): 96.64
Simulation time per epoch: 0.074265551; Gradient computation time: 0.18047482; Testing time: 0.082799697
Epoch: 14000; Computation time: 4807.456978235; Current value of V(0): 38903.082275390625
Lagrangian objective: -386.89014; Average H(x0): 398.85748; Quantile-hedge α(β): 97.89999999999999
Simulation time per epoch: 0.07426634; Gradient computation time: 0.180305846; Testing time: 0.082788463
Epoch: 15000; Computation time: 5144.915172416; Current value of V(0): 38933.60900878906
Lagrangian objective: -379.927; Average H(x0): 400.54044; Quantile-hedge α(β): 96.64
Simulation time per epoch: 0.074273453; Gradient computation time: 0.180487804; Testing time: 0.082797526
Epoch: 16000; Computation time: 5482.383893877; Current value of V(0): 38368.597412109375
Lagrangian objective: -368.7807; Average H(x0): 392.0273; Quantile-hedge α(β): 96.67999999999999
Simulation time per epoch: 0.074262463; Gradient computation time: 0.180206154; Testing time: 0.082808059
Epoch: 17000; Computation time: 5819.840991542; Current value of V(0): 39064.19677734375
Lagrangian objective: -387.12402; Average H(x0): 403.55304; Quantile-hedge α(β): 96.89999999999999
Simulation time per epoch: 0.074263925; Gradient computation time: 0.180274741; Testing time: 0.082813269
Epoch: 18000; Computation time: 6157.329153836; Current value of V(0): 38625.35095214844
Lagrangian objective: -381.6656; Average H(x0): 398.34802; Quantile-hedge α(β): 97.06
Simulation time per epoch: 0.074241948; Gradient computation time: 0.180397518; Testing time: 0.082795888
Epoch: 19000; Computation time: 6494.859031263; Current value of V(0): 38836.474609375
Lagrangian objective: -377.80258; Average H(x0): 402.24048; Quantile-hedge α(β): 96.17999999999999
Simulation time per epoch: 0.07429752; Gradient computation time: 0.180123087; Testing time: 0.082799459
-----------------------------------------
Epoch: 20000; Penalty β updated to: 100000.0
-----------------------------------------
Epoch: 20000; Computation time: 6832.879744292; Current value of V(0): 38433.026123046875
Lagrangian objective: -176.51398; Average H(x0): 395.8685; Quantile-hedge α(β): 96.6
Simulation time per epoch: 0.074043859; Gradient computation time: 0.181150237; Testing time: 0.083040361
Epoch: 21000; Computation time: 7171.406456909; Current value of V(0): 37916.05224609375
Lagrangian objective: -375.99118; Average H(x0): 387.6328; Quantile-hedge α(β): 99.6
Simulation time per epoch: 0.073982178; Gradient computation time: 0.181350971; Testing time: 0.083129761
Epoch: 22000; Computation time: 7510.289097898; Current value of V(0): 37736.370849609375
Lagrangian objective: -375.82178; Average H(x0): 385.16492; Quantile-hedge α(β): 99.44
Simulation time per epoch: 0.074071595; Gradient computation time: 0.181437255; Testing time: 0.083113927
Epoch: 23000; Computation time: 7849.08373168; Current value of V(0): 37880.07507324219
Lagrangian objective: -378.42816; Average H(x0): 388.06415; Quantile-hedge α(β): 99.08
Simulation time per epoch: 0.074132116; Gradient computation time: 0.181277493; Testing time: 0.082910596
Epoch: 24000; Computation time: 8188.418678429; Current value of V(0): 37940.875244140625
Lagrangian objective: -382.56055; Average H(x0): 388.98346; Quantile-hedge α(β): 99.58
Simulation time per epoch: 0.073973736; Gradient computation time: 0.181924577; Testing time: 0.083157228
Epoch: 25000; Computation time: 8527.653102474; Current value of V(0): 38028.31115722656
Lagrangian objective: -378.143; Average H(x0): 389.5498; Quantile-hedge α(β): 99.32
Simulation time per epoch: 0.074082289; Gradient computation time: 0.181620314; Testing time: 0.083115095
Epoch: 26000; Computation time: 8866.760788527; Current value of V(0): 37802.996826171875
Lagrangian objective: -379.72653; Average H(x0): 388.37814; Quantile-hedge α(β): 99.62
Simulation time per epoch: 0.074042779; Gradient computation time: 0.18172291; Testing time: 0.083125055
Epoch: 27000; Computation time: 9205.829912453; Current value of V(0): 37916.839599609375
Lagrangian objective: -380.2176; Average H(x0): 389.72726; Quantile-hedge α(β): 99.46000000000001
Simulation time per epoch: 0.074008566; Gradient computation time: 0.181820038; Testing time: 0.083128452
Epoch: 28000; Computation time: 9544.873902608; Current value of V(0): 37715.46936035156
Lagrangian objective: -379.0893; Average H(x0): 386.28555; Quantile-hedge α(β): 99.33999999999999
Simulation time per epoch: 0.074227031; Gradient computation time: 0.180955351; Testing time: 0.082925183
Epoch: 29000; Computation time: 9883.906700977; Current value of V(0): 37962.10021972656
Lagrangian objective: -385.29404; Average H(x0): 388.41605; Quantile-hedge α(β): 99.28
Simulation time per epoch: 0.074042144; Gradient computation time: 0.181711956; Testing time: 0.083157537
Epoch: 30000; Computation time: 10222.928786926; Current value of V(0): 37983.10852050781
Lagrangian objective: -374.2871; Average H(x0): 387.6123; Quantile-hedge α(β): 99.48
Simulation time per epoch: 0.074055906; Gradient computation time: 0.182273689; Testing time: 0.083191205
Epoch: 31000; Computation time: 10561.955903846; Current value of V(0): 38338.116455078125
Lagrangian objective: -388.74918; Average H(x0): 393.50858; Quantile-hedge α(β): 99.53999999999999
Simulation time per epoch: 0.074026215; Gradient computation time: 0.181905182; Testing time: 0.08312862
Epoch: 32000; Computation time: 10901.016740348; Current value of V(0): 38366.796875
Lagrangian objective: -386.31137; Average H(x0): 393.44986; Quantile-hedge α(β): 99.14
Simulation time per epoch: 0.074013737; Gradient computation time: 0.181767159; Testing time: 0.083139916
Epoch: 33000; Computation time: 11240.046572146; Current value of V(0): 38385.13488769531
Lagrangian objective: -385.10745; Average H(x0): 393.62076; Quantile-hedge α(β): 99.18
Simulation time per epoch: 0.073914628; Gradient computation time: 0.181445291; Testing time: 0.0831236
Epoch: 34000; Computation time: 11579.078922748; Current value of V(0): 38407.666015625
Lagrangian objective: -390.65274; Average H(x0): 393.9925; Quantile-hedge α(β): 99.36
Simulation time per epoch: 0.073994717; Gradient computation time: 0.181722533; Testing time: 0.08314521
Epoch: 35000; Computation time: 11918.105398061; Current value of V(0): 38385.284423828125
Lagrangian objective: -384.83344; Average H(x0): 393.5742; Quantile-hedge α(β): 99.02
Simulation time per epoch: 0.074086807; Gradient computation time: 0.181816204; Testing time: 0.083160832
Epoch: 36000; Computation time: 12257.180345019; Current value of V(0): 38424.725341796875
Lagrangian objective: -390.08197; Average H(x0): 393.8959; Quantile-hedge α(β): 99.2
Simulation time per epoch: 0.074043012; Gradient computation time: 0.182019604; Testing time: 0.083017465
Epoch: 37000; Computation time: 12596.238687726; Current value of V(0): 38402.55432128906
Lagrangian objective: -388.84366; Average H(x0): 393.37375; Quantile-hedge α(β): 99.4
Simulation time per epoch: 0.073996387; Gradient computation time: 0.181963065; Testing time: 0.083196491
Epoch: 38000; Computation time: 12935.266003504; Current value of V(0): 38434.94567871094
Lagrangian objective: -387.11337; Average H(x0): 394.1647; Quantile-hedge α(β): 98.9
Simulation time per epoch: 0.074047014; Gradient computation time: 0.181858026; Testing time: 0.083140867
Epoch: 39000; Computation time: 13274.34937526; Current value of V(0): 38430.05676269531
Lagrangian objective: -387.6372; Average H(x0): 394.10583; Quantile-hedge α(β): 99.18
Simulation time per epoch: 0.074009969; Gradient computation time: 0.18189556; Testing time: 0.083119601
Epoch: 40000; Computation time: 13613.391405726; Current value of V(0): 38427.42919921875
Lagrangian objective: -382.43588; Average H(x0): 393.84512; Quantile-hedge α(β): 99.44
Simulation time per epoch: 0.074031499; Gradient computation time: 0.181985224; Testing time: 0.083146085

Training completed in 13613.391522158 seconds
Final V(0): 38427.484130859375

============================================================
Running policy evaluation...
============================================================


============================================================
INVENTORY PROBLEM (unscaled, weekly)
============================================================
Dimension:       50
Discount factor: 0.9990389236684376
Fixed cost:      250.0
Variable costs:  [0.1, 0.1, 0.1, 0.1, 0.1, 0.1, 0.1, 0.1, 0.1, 0.1, 0.1, 0.1, 0.1, 0.1, 0.1, 0.2, 0.2, 0.2, 0.2, 0.2, 0.2, 0.2, 0.2, 0.2, 0.2, 0.2, 0.2, 0.2, 0.2, 0.2, 0.4, 0.4, 0.4, 0.4, 0.4, 0.4, 0.4, 0.4, 0.4, 0.4, 0.4, 0.4, 0.4, 0.4, 0.4, 0.4, 0.4, 0.4, 0.4, 0.4]
Holding costs:   [0.019230769230769232, 0.019230769230769232, 0.019230769230769232, 0.019230769230769232, 0.019230769230769232, 0.019230769230769232, 0.019230769230769232, 0.019230769230769232, 0.019230769230769232, 0.019230769230769232, 0.019230769230769232, 0.019230769230769232, 0.019230769230769232, 0.019230769230769232, 0.019230769230769232, 0.038461538461538464, 0.038461538461538464, 0.038461538461538464, 0.038461538461538464, 0.038461538461538464, 0.038461538461538464, 0.038461538461538464, 0.038461538461538464, 0.038461538461538464, 0.038461538461538464, 0.038461538461538464, 0.038461538461538464, 0.038461538461538464, 0.038461538461538464, 0.038461538461538464, 0.07692307692307693, 0.07692307692307693, 0.07692307692307693, 0.07692307692307693, 0.07692307692307693, 0.07692307692307693, 0.07692307692307693, 0.07692307692307693, 0.07692307692307693, 0.07692307692307693, 0.07692307692307693, 0.07692307692307693, 0.07692307692307693, 0.07692307692307693, 0.07692307692307693, 0.07692307692307693, 0.07692307692307693, 0.07692307692307693, 0.07692307692307693, 0.07692307692307693]
Backlog costs:   [0.4807692307692308, 0.4807692307692308, 0.4807692307692308, 0.4807692307692308, 0.4807692307692308, 0.4807692307692308, 0.4807692307692308, 0.4807692307692308, 0.4807692307692308, 0.4807692307692308, 0.4807692307692308, 0.4807692307692308, 0.4807692307692308, 0.4807692307692308, 0.4807692307692308, 0.9615384615384616, 0.9615384615384616, 0.9615384615384616, 0.9615384615384616, 0.9615384615384616, 0.9615384615384616, 0.9615384615384616, 0.9615384615384616, 0.9615384615384616, 0.9615384615384616, 0.9615384615384616, 0.9615384615384616, 0.9615384615384616, 0.9615384615384616, 0.9615384615384616, 1.9230769230769231, 1.9230769230769231, 1.9230769230769231, 1.9230769230769231, 1.9230769230769231, 1.9230769230769231, 1.9230769230769231, 1.9230769230769231, 1.9230769230769231, 1.9230769230769231, 1.9230769230769231, 1.9230769230769231, 1.9230769230769231, 1.9230769230769231, 1.9230769230769231, 1.9230769230769231, 1.9230769230769231, 1.9230769230769231, 1.9230769230769231, 1.9230769230769231]
Demand dists:    DataType[Distributions.Poisson{Float64}, Distributions.Poisson{Float64}, Distributions.Poisson{Float64}, Distributions.Poisson{Float64}, Distributions.Poisson{Float64}, Distributions.Poisson{Float64}, Distributions.Poisson{Float64}, Distributions.Poisson{Float64}, Distributions.Poisson{Float64}, Distributions.Poisson{Float64}, Distributions.Poisson{Float64}, Distributions.Poisson{Float64}, Distributions.Poisson{Float64}, Distributions.Poisson{Float64}, Distributions.Poisson{Float64}, Distributions.Poisson{Float64}, Distributions.Poisson{Float64}, Distributions.Poisson{Float64}, Distributions.Poisson{Float64}, Distributions.Poisson{Float64}, Distributions.Poisson{Float64}, Distributions.Poisson{Float64}, Distributions.Poisson{Float64}, Distributions.Poisson{Float64}, Distributions.Poisson{Float64}, Distributions.Poisson{Float64}, Distributions.Poisson{Float64}, Distributions.Poisson{Float64}, Distributions.Poisson{Float64}, Distributions.Poisson{Float64}, Distributions.Poisson{Float64}, Distributions.Poisson{Float64}, Distributions.Poisson{Float64}, Distributions.Poisson{Float64}, Distributions.Poisson{Float64}, Distributions.Poisson{Float64}, Distributions.Poisson{Float64}, Distributions.Poisson{Float64}, Distributions.Poisson{Float64}, Distributions.Poisson{Float64}, Distributions.Poisson{Float64}, Distributions.Poisson{Float64}, Distributions.Poisson{Float64}, Distributions.Poisson{Float64}, Distributions.Poisson{Float64}, Distributions.Poisson{Float64}, Distributions.Poisson{Float64}, Distributions.Poisson{Float64}, Distributions.Poisson{Float64}, Distributions.Poisson{Float64}]
Demand means:    [0.9615384615384616, 0.9615384615384616, 0.9615384615384616, 0.9615384615384616, 0.9615384615384616, 0.9615384615384616, 0.9615384615384616, 0.9615384615384616, 0.9615384615384616, 0.9615384615384616, 0.9615384615384616, 0.9615384615384616, 0.9615384615384616, 0.9615384615384616, 0.9615384615384616, 0.4807692307692308, 0.4807692307692308, 0.4807692307692308, 0.4807692307692308, 0.4807692307692308, 0.4807692307692308, 0.4807692307692308, 0.4807692307692308, 0.4807692307692308, 0.4807692307692308, 0.4807692307692308, 0.4807692307692308, 0.4807692307692308, 0.4807692307692308, 0.4807692307692308, 0.2403846153846154, 0.2403846153846154, 0.2403846153846154, 0.2403846153846154, 0.2403846153846154, 0.2403846153846154, 0.2403846153846154, 0.2403846153846154, 0.2403846153846154, 0.2403846153846154, 0.2403846153846154, 0.2403846153846154, 0.2403846153846154, 0.2403846153846154, 0.2403846153846154, 0.2403846153846154, 0.2403846153846154, 0.2403846153846154, 0.2403846153846154, 0.2403846153846154]
============================================================

==================================================
Computing order-up-to vector via :solve_inf
==================================================

Method: solve_inf
Final objective: 392.4491882324219
z*: [22.0, 22.0, 22.0, 22.0, 22.0, 22.0, 22.0, 22.0, 22.0, 22.0, 22.0, 22.0, 22.0, 22.0, 22.0, 12.0, 12.0, 12.0, 12.0, 12.0, 12.0, 12.0, 12.0, 12.0, 12.0, 12.0, 12.0, 12.0, 12.0, 12.0, 7.0, 7.0, 7.0, 7.0, 7.0, 7.0, 7.0, 7.0, 7.0, 7.0, 7.0, 7.0, 7.0, 7.0, 7.0, 7.0, 7.0, 7.0, 7.0, 7.0]
Intervention value: -10.6741943359375

==================================================
Computing order-up-to vector via :find_stationary
==================================================

Method: find_stationary
Final residual: 0.04345387531760179
z*: [22.0, 22.0, 22.0, 22.0, 22.0, 22.0, 22.0, 22.0, 22.0, 22.0, 22.0, 22.0, 22.0, 22.0, 22.0, 12.0, 12.0, 12.0, 12.0, 12.0, 12.0, 12.0, 12.0, 12.0, 12.0, 12.0, 12.0, 12.0, 12.0, 12.0, 7.0, 7.0, 7.0, 7.0, 7.0, 7.0, 7.0, 7.0, 7.0, 7.0, 7.0, 7.0, 7.0, 7.0, 7.0, 7.0, 7.0, 7.0, 7.0, 7.0]
Intervention value: -10.6741943359375

==================================================
Summary:
  solve_inf:       z* = [22, 22, 22, 22, 22, 22, 22, 22, 22, 22, 22, 22, 22, 22, 22, 12, 12, 12, 12, 12, 12, 12, 12, 12, 12, 12, 12, 12, 12, 12, 7, 7, 7, 7, 7, 7, 7, 7, 7, 7, 7, 7, 7, 7, 7, 7, 7, 7, 7, 7]
  find_stationary: z* = [22, 22, 22, 22, 22, 22, 22, 22, 22, 22, 22, 22, 22, 22, 22, 12, 12, 12, 12, 12, 12, 12, 12, 12, 12, 12, 12, 12, 12, 12, 7, 7, 7, 7, 7, 7, 7, 7, 7, 7, 7, 7, 7, 7, 7, 7, 7, 7, 7, 7]
==================================================

============================================================
Evaluating method: solve_inf
============================================================

----------------------------------------
Evaluating ε = -1.25
----------------------------------------
Mean cost: 286666.6832458588 ± 22.044886323053273
  Inventory costs: 23858.291574885407
  Variable costs:  5080.664822470391
  Fixed costs:     257727.72684850343
  Simulation time: 525.9s

----------------------------------------
Evaluating ε = -2.5
----------------------------------------
Mean cost: 36231.78003043071 ± 61.57616775727238
  Inventory costs: 18107.804051825657
  Variable costs:  5045.514617246931
  Fixed costs:     13078.461361358077
  Simulation time: 527.4s

----------------------------------------
Evaluating ε = -5.0
----------------------------------------
Mean cost: 36035.68205462607 ± 43.20434594484704
  Inventory costs: 18762.573649010494
  Variable costs:  5026.486648821106
  Fixed costs:     12246.62175679448
  Simulation time: 510.7s

----------------------------------------
Evaluating ε = -7.5
----------------------------------------
Mean cost: 36300.568111681765 ± 46.251104903665066
  Inventory costs: 19452.017776103683
  Variable costs:  5022.286647573152
  Fixed costs:     11826.26368800496
  Simulation time: 546.6s

----------------------------------------
Evaluating ε = -10.0
----------------------------------------
Mean cost: 36800.22147351176 ± 46.53554115019031
  Inventory costs: 20240.313915287024
  Variable costs:  5036.199181822022
  Fixed costs:     11523.708376402714
  Simulation time: 633.5s

----------------------------------------
Evaluating ε = -12.5
----------------------------------------
Mean cost: 37386.305526126765 ± 73.98579329162335
  Inventory costs: 21117.830144264222
  Variable costs:  5029.6935298883855
  Fixed costs:     11238.781851974121
  Simulation time: 645.7s

----------------------------------------
Evaluating ε = -15.0
----------------------------------------
Mean cost: 37876.3049754047 ± 29.0320794986415
  Inventory costs: 21885.72544108913
  Variable costs:  5016.413061916115
  Fixed costs:     10974.166472399496
  Simulation time: 656.6s

----------------------------------------
Evaluating ε = -20.0
----------------------------------------
Mean cost: 39238.943126835526 ± 44.78423545025931
  Inventory costs: 23664.003141098896
  Variable costs:  5027.263622087513
  Fixed costs:     10547.676363649069
  Simulation time: 651.4s

----------------------------------------
Evaluating ε = -25.0
----------------------------------------
Mean cost: 40557.24061494639 ± 85.12989705862857
  Inventory costs: 25353.389578095164
  Variable costs:  5014.267528026152
  Fixed costs:     10189.583508825122
  Simulation time: 664.3s

----------------------------------------
Evaluating ε = -30.0
----------------------------------------
Mean cost: 42176.86685394567 ± 87.24587846075298
  Inventory costs: 27212.371418960643
  Variable costs:  5031.7741628152835
  Fixed costs:     9932.721272169743
  Simulation time: 650.8s

----------------------------------------
Evaluating ε = -40.0
----------------------------------------
Mean cost: 45640.203979821 ± 95.12739176987267
  Inventory costs: 31186.26492762456
  Variable costs:  5026.290487270495
  Fixed costs:     9427.648564925914
  Simulation time: 652.3s

----------------------------------------
Evaluating ε = -50.0
----------------------------------------
Mean cost: 49208.146907627066 ± 80.75081492839125
  Inventory costs: 35195.77933951945
  Variable costs:  5011.751062178881
  Fixed costs:     9000.61650592872
  Simulation time: 660.1s

----------------------------------------
Evaluating ε = -75.0
----------------------------------------
Mean cost: 59493.174998779854 ± 76.00536785907858
  Inventory costs: 46260.77096721162
  Variable costs:  5018.481299149751
  Fixed costs:     8213.922732418492
  Simulation time: 646.1s

----------------------------------------
Evaluating ε = -100.0
----------------------------------------
Mean cost: 71315.22609805869 ± 126.19938123585543
  Inventory costs: 58690.7588005563
  Variable costs:  5009.651491735864
  Fixed costs:     7614.815805766516
  Simulation time: 629.0s

==================================================
Best epsilon: -5.0 with cost: 36035.68205462607 ± 43.20434594484704
==================================================

============================================================
Evaluating method: find_stationary
============================================================

----------------------------------------
Evaluating ε = -1.25
----------------------------------------
Mean cost: 286651.9995991785 ± 35.42373669896904
  Inventory costs: 23854.3287195943
  Variable costs:  5094.920004172255
  Fixed costs:     257702.75087541173
  Simulation time: 575.5s

----------------------------------------
Evaluating ε = -2.5
----------------------------------------
Mean cost: 36252.820633510426 ± 94.24972919438386
  Inventory costs: 18098.55644258231
  Variable costs:  5031.408007220436
  Fixed costs:     13122.8561837077
  Simulation time: 561.9s

----------------------------------------
Evaluating ε = -5.0
----------------------------------------
Mean cost: 36203.898201032054 ± 55.60231169148159
  Inventory costs: 18814.43799486092
  Variable costs:  5045.241439732733
  Fixed costs:     12344.218766438342
  Simulation time: 567.4s

----------------------------------------
Evaluating ε = -7.5
----------------------------------------
Mean cost: 36439.26496298131 ± 54.08865770335626
  Inventory costs: 19539.953070719028
  Variable costs:  5031.75037880817
  Fixed costs:     11867.5615134541
  Simulation time: 561.7s

----------------------------------------
Evaluating ε = -10.0
----------------------------------------
Mean cost: 36800.22441784349 ± 65.11905234271259
  Inventory costs: 20280.87671819862
  Variable costs:  5023.538022298143
  Fixed costs:     11495.809677346817
  Simulation time: 548.1s

----------------------------------------
Evaluating ε = -12.5
----------------------------------------
Mean cost: 37379.02120370319 ± 48.9651205847681
  Inventory costs: 21098.501116108706
  Variable costs:  5032.3053147988
  Fixed costs:     11248.214772795722
  Simulation time: 566.2s

----------------------------------------
Evaluating ε = -15.0
----------------------------------------
Mean cost: 37889.99222843341 ± 61.86605438200424
  Inventory costs: 21922.696921213024
  Variable costs:  5024.98418143327
  Fixed costs:     10942.311125787177
  Simulation time: 555.2s

----------------------------------------
Evaluating ε = -20.0
----------------------------------------
Mean cost: 39239.202685932934 ± 55.247108827024185
  Inventory costs: 23660.28813421699
  Variable costs:  5031.92923205195
  Fixed costs:     10546.985319663925
  Simulation time: 550.0s

----------------------------------------
Evaluating ε = -25.0
----------------------------------------
Mean cost: 40537.769408752756 ± 55.36281174340271
  Inventory costs: 25326.910339055707
  Variable costs:  5021.176773739024
  Fixed costs:     10189.682295957984
  Simulation time: 578.8s

----------------------------------------
Evaluating ε = -30.0
----------------------------------------
Mean cost: 42159.77883919303 ± 86.17554615705893
  Inventory costs: 27253.20144663046
  Variable costs:  5014.894945290005
  Fixed costs:     9891.682447272626
  Simulation time: 552.0s

----------------------------------------
Evaluating ε = -40.0
----------------------------------------
Mean cost: 45499.91380875888 ± 61.35630141519018
  Inventory costs: 31112.81303444696
  Variable costs:  5010.042053233755
  Fixed costs:     9377.05872107817
  Simulation time: 563.2s

----------------------------------------
Evaluating ε = -50.0
----------------------------------------
Mean cost: 49147.79135993593 ± 125.59535381624094
  Inventory costs: 35114.54825531534
  Variable costs:  5022.879297374693
  Fixed costs:     9010.363807245798
  Simulation time: 555.0s

----------------------------------------
Evaluating ε = -75.0
----------------------------------------
Mean cost: 59374.01430231145 ± 105.1395474918577
  Inventory costs: 46141.37390684835
  Variable costs:  5018.691888008269
  Fixed costs:     8213.94850745484
  Simulation time: 543.9s

----------------------------------------
Evaluating ε = -100.0
----------------------------------------
Mean cost: 71085.6656831707 ± 161.64167946643354
  Inventory costs: 58442.59482062802
  Variable costs:  5019.485456017576
  Fixed costs:     7623.585406525177
  Simulation time: 562.8s

==================================================
Best epsilon: -5.0 with cost: 36203.898201032054 ± 55.60231169148159
==================================================
Skipping save for solve_inf: existing cost 35981.474204358834 <= new cost 36035.68205462607
Skipping save for find_stationary: existing cost 35940.767677517724 <= new cost 36203.898201032054

============================================================
FINAL RESULTS SUMMARY
============================================================

Method: solve_inf
  Order-up-to vector: [22, 22, 22, 22, 22, 22, 22, 22, 22, 22, 22, 22, 22, 22, 22, 12, 12, 12, 12, 12, 12, 12, 12, 12, 12, 12, 12, 12, 12, 12, 7, 7, 7, 7, 7, 7, 7, 7, 7, 7, 7, 7, 7, 7, 7, 7, 7, 7, 7, 7]
  Best epsilon: -5.0
  Best cost: 36035.68205462607 ± 43.20434594484704

Method: find_stationary
  Order-up-to vector: [22, 22, 22, 22, 22, 22, 22, 22, 22, 22, 22, 22, 22, 22, 22, 12, 12, 12, 12, 12, 12, 12, 12, 12, 12, 12, 12, 12, 12, 12, 7, 7, 7, 7, 7, 7, 7, 7, 7, 7, 7, 7, 7, 7, 7, 7, 7, 7, 7, 7]
  Best epsilon: -5.0
  Best cost: 36203.898201032054 ± 55.60231169148159

============================================================
Complete! Per-method results saved to:
  output/nn_training/results_50D_CaseLH_solve_inf.json
  output/nn_training/results_50D_CaseLH_find_stationary.json
============================================================

  Activating project at `~/DeepSJRP`
[ Info:  started timer at: 2026-04-28T10:56:22.723
┌ Warning: Layer with Float32 parameters got Float64 input.
│   The input will be converted, but any earlier layers may be very slow.
│   layer = Dense(50 => 1000, elu)  # 51_000 parameters
│   summary(x) = "50-element Vector{Float64}"
└ @ Flux ~/.julia/packages/Flux/DZYiO/src/layers/stateless.jl:60
RUNNING THE L-BFGS-B CODE

           * * *

Machine precision = 2.220D-16
 N =           50     M =           10

At X0         0 variables are exactly at the bounds

At iterate    0    f=  3.92449D+02    |proj g|=  8.92914D-03

           * * *

Tit   = total number of iterations
Tnf   = total number of function evaluations
Tnint = total number of segments explored during Cauchy searches
Skip  = number of BFGS updates skipped
Nact  = number of active bounds at final generalized Cauchy point
Projg = norm of the final projected gradient
F     = final function value

           * * *

   N    Tit     Tnf  Tnint  Skip  Nact     Projg        F
   50      0      1      0     0     0   8.929D-03   3.924D+02
  F =   392.44918823242188     

CONVERGENCE: NORM_OF_PROJECTED_GRADIENT_<=_PGTOL            

 Cauchy                time 0.000E+00 seconds.
 Subspace minimization time 0.000E+00 seconds.
 Line search           time 0.000E+00 seconds.

 Total User time 2.905E+00 seconds.

RUNNING THE L-BFGS-B CODE

           * * *

Machine precision = 2.220D-16
 N =           50     M =           10

At X0         0 variables are exactly at the bounds

At iterate    0    f=  1.88824D-03    |proj g|=  4.44415D-11

           * * *

Tit   = total number of iterations
Tnf   = total number of function evaluations
Tnint = total number of segments explored during Cauchy searches
Skip  = number of BFGS updates skipped
Nact  = number of active bounds at final generalized Cauchy point
Projg = norm of the final projected gradient
F     = final function value

           * * *

   N    Tit     Tnf  Tnint  Skip  Nact     Projg        F
   50      0      1      0     0     0   4.444D-11   1.888D-03
  F =   1.8882392801176822E-003

CONVERGENCE: NORM_OF_PROJECTED_GRADIENT_<=_PGTOL            

 Cauchy                time 0.000E+00 seconds.
 Subspace minimization time 0.000E+00 seconds.
 Line search           time 0.000E+00 seconds.

 Total User time 3.164E-01 seconds.

