
============================================================
DeepSJRP - Stochastic Joint Replenishment Problem Solver
============================================================
Instance: 50D_CaseLL
Options: Dict{Symbol, Any}(:beta_override => 100000.0, :alpha_override => nothing, :device => :gpu, :nu_override => 0.8, :T_override => 0.2, :seed => 777)
============================================================

Device: CUDA GPU
CUDA toolchain: 
- runtime 12.8, local installation
- driver 580.126.16 for 13.2
- compiler 12.9

CUDA libraries: 
- CUBLAS: 12.8.4
- CURAND: 10.3.9
- CUFFT: 11.3.3
- CUSOLVER: 11.7.3
- CUSPARSE: 12.5.8
- CUPTI: 2025.1.1 (API 12.8.0)
- NVML: 13.0.0+580.126.16

Julia packages: 
- CUDA: 5.11.0
- GPUArrays: 11.4.1
- GPUCompiler: 1.9.1
- KernelAbstractions: 0.9.41
- CUDA_Driver_jll: 13.2.0+0
- CUDA_Compiler_jll: 0.4.2+0
- CUDA_Runtime_jll: 0.21.0+0
- CUDA_Runtime_Discovery: 1.0.0

Toolchain:
- Julia: 1.11.7
- LLVM: 16.0.6

Preferences:
- CUDA_Runtime_jll.version: local

1 device:
  0: NVIDIA H100 80GB HBM3 (sm_90, 79.175 GiB / 79.647 GiB available)
BLAS threads: 1
Julia threads: 10

Benchmark source: QS

============================================================
IMPULSE CONTROL PROBLEM (scaled, annual)
============================================================
Instance: 50D_CaseLL
Dimension: 50
Interest rate: 0.05
Cost scaling κ: 0.01

Drift μ (annual demand rates): [50.0, 50.0, 50.0, 50.0, 50.0, 50.0, 50.0, 50.0, 50.0, 50.0, 50.0, 50.0, 50.0, 50.0, 50.0, 25.0, 25.0, 25.0, 25.0, 25.0, 25.0, 25.0, 25.0, 25.0, 25.0, 25.0, 25.0, 25.0, 25.0, 25.0, 12.5, 12.5, 12.5, 12.5, 12.5, 12.5, 12.5, 12.5, 12.5, 12.5, 12.5, 12.5, 12.5, 12.5, 12.5, 12.5, 12.5, 12.5, 12.5, 12.5]
Covariance Σ diagonal: [50.0, 50.0, 50.0, 50.0, 50.0, 50.0, 50.0, 50.0, 50.0, 50.0, 50.0, 50.0, 50.0, 50.0, 50.0, 25.0, 25.0, 25.0, 25.0, 25.0, 25.0, 25.0, 25.0, 25.0, 25.0, 25.0, 25.0, 25.0, 25.0, 25.0, 12.5, 12.5, 12.5, 12.5, 12.5, 12.5, 12.5, 12.5, 12.5, 12.5, 12.5, 12.5, 12.5, 12.5, 12.5, 12.5, 12.5, 12.5, 12.5, 12.5]

Scaled costs (× κ = 0.01):
  Fixed cost K:    0.5
  Variable costs c: [0.001, 0.001, 0.001, 0.001, 0.001, 0.001, 0.001, 0.001, 0.001, 0.001, 0.001, 0.001, 0.001, 0.001, 0.001, 0.002, 0.002, 0.002, 0.002, 0.002, 0.002, 0.002, 0.002, 0.002, 0.002, 0.002, 0.002, 0.002, 0.002, 0.002, 0.004, 0.004, 0.004, 0.004, 0.004, 0.004, 0.004, 0.004, 0.004, 0.004, 0.004, 0.004, 0.004, 0.004, 0.004, 0.004, 0.004, 0.004, 0.004, 0.004]
  Holding costs h:  [0.01, 0.01, 0.01, 0.01, 0.01, 0.01, 0.01, 0.01, 0.01, 0.01, 0.01, 0.01, 0.01, 0.01, 0.01, 0.02, 0.02, 0.02, 0.02, 0.02, 0.02, 0.02, 0.02, 0.02, 0.02, 0.02, 0.02, 0.02, 0.02, 0.02, 0.04, 0.04, 0.04, 0.04, 0.04, 0.04, 0.04, 0.04, 0.04, 0.04, 0.04, 0.04, 0.04, 0.04, 0.04, 0.04, 0.04, 0.04, 0.04, 0.04]
  Penalty costs p:  [0.25, 0.25, 0.25, 0.25, 0.25, 0.25, 0.25, 0.25, 0.25, 0.25, 0.25, 0.25, 0.25, 0.25, 0.25, 0.5, 0.5, 0.5, 0.5, 0.5, 0.5, 0.5, 0.5, 0.5, 0.5, 0.5, 0.5, 0.5, 0.5, 0.5, 1.0, 1.0, 1.0, 1.0, 1.0, 1.0, 1.0, 1.0, 1.0, 1.0, 1.0, 1.0, 1.0, 1.0, 1.0, 1.0, 1.0, 1.0, 1.0, 1.0]

Original costs (unscaled):
  Fixed cost K:    50.0
  Variable costs c: [0.1, 0.1, 0.1, 0.1, 0.1, 0.1, 0.1, 0.1, 0.1, 0.1, 0.1, 0.1, 0.1, 0.1, 0.1, 0.2, 0.2, 0.2, 0.2, 0.2, 0.2, 0.2, 0.2, 0.2, 0.2, 0.2, 0.2, 0.2, 0.2, 0.2, 0.4, 0.4, 0.4, 0.4, 0.4, 0.4, 0.4, 0.4, 0.4, 0.4, 0.4, 0.4, 0.4, 0.4, 0.4, 0.4, 0.4, 0.4, 0.4, 0.4]
  Holding costs h:  [1.0, 1.0, 1.0, 1.0, 1.0, 1.0, 1.0, 1.0, 1.0, 1.0, 1.0, 1.0, 1.0, 1.0, 1.0, 2.0, 2.0, 2.0, 2.0, 2.0, 2.0, 2.0, 2.0, 2.0, 2.0, 2.0, 2.0, 2.0, 2.0, 2.0, 4.0, 4.0, 4.0, 4.0, 4.0, 4.0, 4.0, 4.0, 4.0, 4.0, 4.0, 4.0, 4.0, 4.0, 4.0, 4.0, 4.0, 4.0, 4.0, 4.0]
  Penalty costs p:  [25.0, 25.0, 25.0, 25.0, 25.0, 25.0, 25.0, 25.0, 25.0, 25.0, 25.0, 25.0, 25.0, 25.0, 25.0, 50.0, 50.0, 50.0, 50.0, 50.0, 50.0, 50.0, 50.0, 50.0, 50.0, 50.0, 50.0, 50.0, 50.0, 50.0, 100.0, 100.0, 100.0, 100.0, 100.0, 100.0, 100.0, 100.0, 100.0, 100.0, 100.0, 100.0, 100.0, 100.0, 100.0, 100.0, 100.0, 100.0, 100.0, 100.0]
============================================================

============================================================
TRAINING HYPERPARAMETERS
============================================================
Benchmark source: QS
Precision:        Float32
Batch size:       5000
Num intervals:    100
T horizon:        0.2
Num iterations:   40000
Learning rates:   [0.001, 0.0002, 0.0001, 1.0e-5, 1.0e-6]
LR steps:         [1, 5000, 10000, 20000, 30000]
Beta penalty:     [1.0, 10.0, 100.0, 1000.0, 10000.0, 100000.0]
Penalty steps:    [1, 2500, 5000, 7500, 10000, 20000]
Lambda rate:      5.872242335766425
S guess:          [[11.0, 11.0, 11.0, 11.0, 11.0, 11.0, 11.0, 11.0, 11.0, 11.0, 11.0, 11.0, 11.0, 11.0, 11.0, 6.0, 6.0, 6.0, 6.0, 6.0, 6.0, 6.0, 6.0, 6.0, 6.0, 6.0, 6.0, 6.0, 6.0, 6.0, 4.0, 4.0, 4.0, 4.0, 4.0, 4.0, 4.0, 4.0, 4.0, 4.0, 4.0, 4.0, 4.0, 4.0, 4.0, 4.0, 4.0, 4.0, 4.0, 4.0]]
Nu radius:        0.8
S distribution:   lognormal
Alpha factor:     0.0
Alpha js:         [0.0, 0.0, 0.0, 0.0, 0.0, 0.0, 0.0, 0.0, 0.0, 0.0, 0.0, 0.0, 0.0, 0.0, 0.0, 0.0, 0.0, 0.0, 0.0, 0.0, 0.0, 0.0, 0.0, 0.0, 0.0, 0.0, 0.0, 0.0, 0.0, 0.0, 0.0, 0.0, 0.0, 0.0, 0.0, 0.0, 0.0, 0.0, 0.0, 0.0, 0.0, 0.0, 0.0, 0.0, 0.0, 0.0, 0.0, 0.0, 0.0, 0.0]
Cost scaling:     0.01

Neural network architecture:
  Hidden layers:  4
  Width:          1000
  Activation:     elu

Optimization parameters:
  Start factor:   1.0
  Lower factor:   0.5
  Upper factor:   1.5
  Sim runs:       10
  Sim horizon:    5000
  Epsilons:       [-1.25, -2.5, -5.0, -7.5, -10.0, -12.5, -15.0, -20.0, -25.0, -30.0, -40.0, -50.0, -75.0, -100.0]
============================================================

Gradient network G (∇V):
Chain(
  Dense(50 => 1000, elu),               # 51_000 parameters
  Dense(1000 => 1000, elu),             # 1_001_000 parameters
  Dense(1000 => 1000, elu),             # 1_001_000 parameters
  Dense(1000 => 1000, elu),             # 1_001_000 parameters
  Dense(1000 => 50),                    # 50_050 parameters
)                   # Total: 10 arrays, 3_104_050 parameters, 1.562 KiB.

Value network H (V):
Chain(
  Dense(50 => 1000, elu),               # 51_000 parameters
  Dense(1000 => 1000, elu),             # 1_001_000 parameters
  Dense(1000 => 1000, elu),             # 1_001_000 parameters
  Dense(1000 => 1000, elu),             # 1_001_000 parameters
  Dense(1000 => 1),                     # 1_001 parameters
)                   # Total: 10 arrays, 3_055_001 parameters, 1.562 KiB.


============================================================
Starting neural network training...
============================================================

Starting training with steady-state sampler:
-----------------------------------------
Epoch: 1; Penalty β updated to: 1.0
-----------------------------------------
─── Device check ───
  x_tn: CuArray{Float32} (50, 100, 5000)
  dB: CuArray{Float32} (50, 100, 5000)
  dU: CuArray{Float32} (50, 100, 5000)
  exponentials: CuArray{Float32} (1, 100)
  loss_dB: CuArray{Float32} (1, 5000)
  loss_df: CuArray{Float32} (1, 5000)
  loss_dU: CuArray{Float32} (1, 5000)
  H_x0: CuArray{Float32} (1, 5000)
  H_xT: CuArray{Float32} (1, 5000)
  penalties: CuArray{Float32} (1, 5000)
────────────────────
Epoch: 1; Computation time: 81.508970822; Current value of V(0): 0.0
Lagrangian objective: 11455.485; Average H(x0): 0.0; Quantile-hedge α(β): 52.26
Simulation time per epoch: 14.200113466; Gradient computation time: 52.37306952; Testing time: 13.80867004
Epoch: 1000; Computation time: 421.173928119; Current value of V(0): 106618.56689453125
Lagrangian objective: -3182.2483; Average H(x0): 5793.645; Quantile-hedge α(β): 0.40000000000000036
Simulation time per epoch: 0.073672056; Gradient computation time: 0.182297151; Testing time: 0.083266961
Epoch: 2000; Computation time: 760.618144402; Current value of V(0): 155065.72265625
Lagrangian objective: -3173.4648; Average H(x0): 5796.3276; Quantile-hedge α(β): 0.6000000000000005
Simulation time per epoch: 0.073643048; Gradient computation time: 0.182581472; Testing time: 0.083336752
-----------------------------------------
Epoch: 2500; Penalty β updated to: 10.0
-----------------------------------------
Epoch: 3000; Computation time: 1100.016226757; Current value of V(0): 61719.036865234375
Lagrangian objective: -728.8359; Average H(x0): 1071.5538; Quantile-hedge α(β): 15.480000000000004
Simulation time per epoch: 0.073665183; Gradient computation time: 0.183261483; Testing time: 0.083556577
Epoch: 4000; Computation time: 1439.495626821; Current value of V(0): 61950.35400390625
Lagrangian objective: -731.0769; Average H(x0): 1073.7327; Quantile-hedge α(β): 14.62
Simulation time per epoch: 0.073579953; Gradient computation time: 0.182546135; Testing time: 0.08330469
-----------------------------------------
Epoch: 5000; Penalty β updated to: 100.0
-----------------------------------------
Epoch: 5000; Computation time: 1778.837063173; Current value of V(0): 62119.8486328125
Lagrangian objective: 2389.4229; Average H(x0): 1072.5985; Quantile-hedge α(β): 14.000000000000002
Simulation time per epoch: 0.073467529; Gradient computation time: 0.182425737; Testing time: 0.083333342
Epoch: 6000; Computation time: 2118.071473977; Current value of V(0): 36101.72424316406
Lagrangian objective: -399.70465; Average H(x0): 461.08145; Quantile-hedge α(β): 45.18
Simulation time per epoch: 0.073693565; Gradient computation time: 0.182210987; Testing time: 0.083133722
Epoch: 7000; Computation time: 2457.190554046; Current value of V(0): 35958.453369140625
Lagrangian objective: -395.29117; Average H(x0): 459.2572; Quantile-hedge α(β): 46.58
Simulation time per epoch: 0.073858413; Gradient computation time: 0.181611867; Testing time: 0.083253051
-----------------------------------------
Epoch: 7500; Penalty β updated to: 1000.0
-----------------------------------------
Epoch: 8000; Computation time: 2795.933462368; Current value of V(0): 29171.328735351562
Lagrangian objective: -321.9369; Average H(x0): 344.49362; Quantile-hedge α(β): 81.46
Simulation time per epoch: 0.07373932; Gradient computation time: 0.181910489; Testing time: 0.083111996
Epoch: 9000; Computation time: 3134.63534125; Current value of V(0): 29196.002197265625
Lagrangian objective: -323.60736; Average H(x0): 344.7124; Quantile-hedge α(β): 81.62
Simulation time per epoch: 0.073795577; Gradient computation time: 0.181932417; Testing time: 0.08321431
-----------------------------------------
Epoch: 10000; Penalty β updated to: 10000.0
-----------------------------------------
Epoch: 10000; Computation time: 3473.273756787; Current value of V(0): 29087.2802734375
Lagrangian objective: -126.6408; Average H(x0): 342.34158; Quantile-hedge α(β): 83.0
Simulation time per epoch: 0.07379333; Gradient computation time: 0.181958835; Testing time: 0.083112777
Epoch: 11000; Computation time: 3811.959423386; Current value of V(0): 26198.095703125
Lagrangian objective: -289.1309; Average H(x0): 305.1154; Quantile-hedge α(β): 95.7
Simulation time per epoch: 0.073848837; Gradient computation time: 0.181593241; Testing time: 0.083157606
Epoch: 12000; Computation time: 4150.554211041; Current value of V(0): 25867.3828125
Lagrangian objective: -289.20267; Average H(x0): 298.91022; Quantile-hedge α(β): 96.92
Simulation time per epoch: 0.073899433; Gradient computation time: 0.181932108; Testing time: 0.083204132
Epoch: 13000; Computation time: 4489.026340125; Current value of V(0): 25816.76025390625
Lagrangian objective: -278.64197; Average H(x0): 297.9584; Quantile-hedge α(β): 95.8
Simulation time per epoch: 0.073955787; Gradient computation time: 0.181250799; Testing time: 0.083055286
Epoch: 14000; Computation time: 4827.146235323; Current value of V(0): 25557.821655273438
Lagrangian objective: -282.66174; Average H(x0): 292.47537; Quantile-hedge α(β): 97.16
Simulation time per epoch: 0.074019635; Gradient computation time: 0.180834503; Testing time: 0.082960234
Epoch: 15000; Computation time: 5165.048031802; Current value of V(0): 25601.925659179688
Lagrangian objective: -276.86798; Average H(x0): 293.7748; Quantile-hedge α(β): 96.34
Simulation time per epoch: 0.074080321; Gradient computation time: 0.180825152; Testing time: 0.082946317
Epoch: 16000; Computation time: 5503.033397453; Current value of V(0): 25545.916748046875
Lagrangian objective: -280.294; Average H(x0): 293.709; Quantile-hedge α(β): 97.5
Simulation time per epoch: 0.073972006; Gradient computation time: 0.180852846; Testing time: 0.082951531
Epoch: 17000; Computation time: 5840.959403782; Current value of V(0): 25116.969299316406
Lagrangian objective: -280.49536; Average H(x0): 290.28946; Quantile-hedge α(β): 97.5
Simulation time per epoch: 0.074008882; Gradient computation time: 0.180893848; Testing time: 0.082898641
Epoch: 18000; Computation time: 6178.890251783; Current value of V(0): 25236.4501953125
Lagrangian objective: -282.0818; Average H(x0): 292.8944; Quantile-hedge α(β): 97.0
Simulation time per epoch: 0.073969432; Gradient computation time: 0.18127691; Testing time: 0.08296606
Epoch: 19000; Computation time: 6516.788508336; Current value of V(0): 25375.218200683594
Lagrangian objective: -282.48248; Average H(x0): 296.69675; Quantile-hedge α(β): 96.52000000000001
Simulation time per epoch: 0.073981205; Gradient computation time: 0.18080677; Testing time: 0.082960162
-----------------------------------------
Epoch: 20000; Penalty β updated to: 100000.0
-----------------------------------------
Epoch: 20000; Computation time: 6854.690574798; Current value of V(0): 24992.759704589844
Lagrangian objective: -157.28938; Average H(x0): 291.5165; Quantile-hedge α(β): 97.11999999999999
Simulation time per epoch: 0.073876752; Gradient computation time: 0.181140006; Testing time: 0.082958546
Epoch: 21000; Computation time: 7192.61564379; Current value of V(0): 24395.01953125
Lagrangian objective: -273.89697; Average H(x0): 279.61014; Quantile-hedge α(β): 99.53999999999999
Simulation time per epoch: 0.073997204; Gradient computation time: 0.180867942; Testing time: 0.082969362
Epoch: 22000; Computation time: 7530.523269277; Current value of V(0): 24453.7353515625
Lagrangian objective: -269.192; Average H(x0): 280.93134; Quantile-hedge α(β): 99.46000000000001
Simulation time per epoch: 0.073973055; Gradient computation time: 0.180878673; Testing time: 0.082960454
Epoch: 23000; Computation time: 7868.444373814; Current value of V(0): 24395.82977294922
Lagrangian objective: -271.3883; Average H(x0): 279.40826; Quantile-hedge α(β): 99.42
Simulation time per epoch: 0.074028063; Gradient computation time: 0.180942363; Testing time: 0.082965629
Epoch: 24000; Computation time: 8206.391136703; Current value of V(0): 24471.336364746094
Lagrangian objective: -273.0149; Average H(x0): 280.93146; Quantile-hedge α(β): 99.38
Simulation time per epoch: 0.074024299; Gradient computation time: 0.180921934; Testing time: 0.083006975
Epoch: 25000; Computation time: 8544.365987014; Current value of V(0): 24426.66473388672
Lagrangian objective: -277.72516; Average H(x0): 280.25085; Quantile-hedge α(β): 99.56
Simulation time per epoch: 0.073983257; Gradient computation time: 0.181098048; Testing time: 0.082960451
Epoch: 26000; Computation time: 8882.314592113; Current value of V(0): 24389.34326171875
Lagrangian objective: -272.1223; Average H(x0): 280.0296; Quantile-hedge α(β): 99.48
Simulation time per epoch: 0.073964903; Gradient computation time: 0.181125335; Testing time: 0.082969649
Epoch: 27000; Computation time: 9220.309745606; Current value of V(0): 24380.04150390625
Lagrangian objective: -275.66324; Average H(x0): 280.08252; Quantile-hedge α(β): 99.5
Simulation time per epoch: 0.074039289; Gradient computation time: 0.181121354; Testing time: 0.082999347
Epoch: 28000; Computation time: 9558.253070134; Current value of V(0): 24317.176818847656
Lagrangian objective: -273.2498; Average H(x0): 278.82236; Quantile-hedge α(β): 99.44
Simulation time per epoch: 0.073984972; Gradient computation time: 0.18114598; Testing time: 0.082974002
Epoch: 29000; Computation time: 9896.232742692; Current value of V(0): 24401.287841796875
Lagrangian objective: -273.56174; Average H(x0): 279.7383; Quantile-hedge α(β): 99.56
Simulation time per epoch: 0.07402986; Gradient computation time: 0.181006847; Testing time: 0.082905137
Epoch: 30000; Computation time: 10234.208135953; Current value of V(0): 24332.67059326172
Lagrangian objective: -271.82373; Average H(x0): 279.04556; Quantile-hedge α(β): 99.56
Simulation time per epoch: 0.073965722; Gradient computation time: 0.181033245; Testing time: 0.082956833
Epoch: 31000; Computation time: 10572.141271347; Current value of V(0): 24715.286254882812
Lagrangian objective: -274.20316; Average H(x0): 285.44946; Quantile-hedge α(β): 99.2
Simulation time per epoch: 0.073931173; Gradient computation time: 0.180879462; Testing time: 0.082966839
Epoch: 32000; Computation time: 10910.0822617; Current value of V(0): 24693.150329589844
Lagrangian objective: -277.1624; Average H(x0): 285.0125; Quantile-hedge α(β): 99.4
Simulation time per epoch: 0.074013518; Gradient computation time: 0.180997327; Testing time: 0.082954975
Epoch: 33000; Computation time: 11248.024590649; Current value of V(0): 24691.854858398438
Lagrangian objective: -276.9221; Average H(x0): 284.93094; Quantile-hedge α(β): 99.46000000000001
Simulation time per epoch: 0.074068065; Gradient computation time: 0.180743569; Testing time: 0.082961669
Epoch: 34000; Computation time: 11585.96807629; Current value of V(0): 24699.81231689453
Lagrangian objective: -281.16965; Average H(x0): 285.12143; Quantile-hedge α(β): 99.44
Simulation time per epoch: 0.074027627; Gradient computation time: 0.180782828; Testing time: 0.082982914
Epoch: 35000; Computation time: 11923.935986911; Current value of V(0): 24697.454833984375
Lagrangian objective: -276.85406; Average H(x0): 285.0857; Quantile-hedge α(β): 99.33999999999999
Simulation time per epoch: 0.073968448; Gradient computation time: 0.180813234; Testing time: 0.082990083
Epoch: 36000; Computation time: 12261.853061625; Current value of V(0): 24700.039672851562
Lagrangian objective: -282.2993; Average H(x0): 285.08566; Quantile-hedge α(β): 99.53999999999999
Simulation time per epoch: 0.073994596; Gradient computation time: 0.180919227; Testing time: 0.082975676
Epoch: 37000; Computation time: 12599.620167292; Current value of V(0): 24692.08221435547
Lagrangian objective: -277.53754; Average H(x0): 285.0713; Quantile-hedge α(β): 99.44
Simulation time per epoch: 0.073941378; Gradient computation time: 0.180239756; Testing time: 0.082798019
Epoch: 38000; Computation time: 12936.638894448; Current value of V(0): 24700.58135986328
Lagrangian objective: -268.45746; Average H(x0): 285.136; Quantile-hedge α(β): 99.33999999999999
Simulation time per epoch: 0.074069091; Gradient computation time: 0.180354982; Testing time: 0.082740966
Epoch: 39000; Computation time: 13273.662672615; Current value of V(0): 24706.993103027344
Lagrangian objective: -279.4467; Average H(x0): 285.273; Quantile-hedge α(β): 99.33999999999999
Simulation time per epoch: 0.074141061; Gradient computation time: 0.180431131; Testing time: 0.082764179
Epoch: 40000; Computation time: 13610.677409524; Current value of V(0): 24694.967651367188
Lagrangian objective: -277.606; Average H(x0): 285.08273; Quantile-hedge α(β): 99.4
Simulation time per epoch: 0.074173685; Gradient computation time: 0.180042888; Testing time: 0.082758326

Training completed in 13610.677496982 seconds
Final V(0): 24695.401000976562

============================================================
Running policy evaluation...
============================================================


============================================================
INVENTORY PROBLEM (unscaled, weekly)
============================================================
Dimension:       50
Discount factor: 0.9990389236684376
Fixed cost:      50.0
Variable costs:  [0.1, 0.1, 0.1, 0.1, 0.1, 0.1, 0.1, 0.1, 0.1, 0.1, 0.1, 0.1, 0.1, 0.1, 0.1, 0.2, 0.2, 0.2, 0.2, 0.2, 0.2, 0.2, 0.2, 0.2, 0.2, 0.2, 0.2, 0.2, 0.2, 0.2, 0.4, 0.4, 0.4, 0.4, 0.4, 0.4, 0.4, 0.4, 0.4, 0.4, 0.4, 0.4, 0.4, 0.4, 0.4, 0.4, 0.4, 0.4, 0.4, 0.4]
Holding costs:   [0.019230769230769232, 0.019230769230769232, 0.019230769230769232, 0.019230769230769232, 0.019230769230769232, 0.019230769230769232, 0.019230769230769232, 0.019230769230769232, 0.019230769230769232, 0.019230769230769232, 0.019230769230769232, 0.019230769230769232, 0.019230769230769232, 0.019230769230769232, 0.019230769230769232, 0.038461538461538464, 0.038461538461538464, 0.038461538461538464, 0.038461538461538464, 0.038461538461538464, 0.038461538461538464, 0.038461538461538464, 0.038461538461538464, 0.038461538461538464, 0.038461538461538464, 0.038461538461538464, 0.038461538461538464, 0.038461538461538464, 0.038461538461538464, 0.038461538461538464, 0.07692307692307693, 0.07692307692307693, 0.07692307692307693, 0.07692307692307693, 0.07692307692307693, 0.07692307692307693, 0.07692307692307693, 0.07692307692307693, 0.07692307692307693, 0.07692307692307693, 0.07692307692307693, 0.07692307692307693, 0.07692307692307693, 0.07692307692307693, 0.07692307692307693, 0.07692307692307693, 0.07692307692307693, 0.07692307692307693, 0.07692307692307693, 0.07692307692307693]
Backlog costs:   [0.4807692307692308, 0.4807692307692308, 0.4807692307692308, 0.4807692307692308, 0.4807692307692308, 0.4807692307692308, 0.4807692307692308, 0.4807692307692308, 0.4807692307692308, 0.4807692307692308, 0.4807692307692308, 0.4807692307692308, 0.4807692307692308, 0.4807692307692308, 0.4807692307692308, 0.9615384615384616, 0.9615384615384616, 0.9615384615384616, 0.9615384615384616, 0.9615384615384616, 0.9615384615384616, 0.9615384615384616, 0.9615384615384616, 0.9615384615384616, 0.9615384615384616, 0.9615384615384616, 0.9615384615384616, 0.9615384615384616, 0.9615384615384616, 0.9615384615384616, 1.9230769230769231, 1.9230769230769231, 1.9230769230769231, 1.9230769230769231, 1.9230769230769231, 1.9230769230769231, 1.9230769230769231, 1.9230769230769231, 1.9230769230769231, 1.9230769230769231, 1.9230769230769231, 1.9230769230769231, 1.9230769230769231, 1.9230769230769231, 1.9230769230769231, 1.9230769230769231, 1.9230769230769231, 1.9230769230769231, 1.9230769230769231, 1.9230769230769231]
Demand dists:    DataType[Distributions.Poisson{Float64}, Distributions.Poisson{Float64}, Distributions.Poisson{Float64}, Distributions.Poisson{Float64}, Distributions.Poisson{Float64}, Distributions.Poisson{Float64}, Distributions.Poisson{Float64}, Distributions.Poisson{Float64}, Distributions.Poisson{Float64}, Distributions.Poisson{Float64}, Distributions.Poisson{Float64}, Distributions.Poisson{Float64}, Distributions.Poisson{Float64}, Distributions.Poisson{Float64}, Distributions.Poisson{Float64}, Distributions.Poisson{Float64}, Distributions.Poisson{Float64}, Distributions.Poisson{Float64}, Distributions.Poisson{Float64}, Distributions.Poisson{Float64}, Distributions.Poisson{Float64}, Distributions.Poisson{Float64}, Distributions.Poisson{Float64}, Distributions.Poisson{Float64}, Distributions.Poisson{Float64}, Distributions.Poisson{Float64}, Distributions.Poisson{Float64}, Distributions.Poisson{Float64}, Distributions.Poisson{Float64}, Distributions.Poisson{Float64}, Distributions.Poisson{Float64}, Distributions.Poisson{Float64}, Distributions.Poisson{Float64}, Distributions.Poisson{Float64}, Distributions.Poisson{Float64}, Distributions.Poisson{Float64}, Distributions.Poisson{Float64}, Distributions.Poisson{Float64}, Distributions.Poisson{Float64}, Distributions.Poisson{Float64}, Distributions.Poisson{Float64}, Distributions.Poisson{Float64}, Distributions.Poisson{Float64}, Distributions.Poisson{Float64}, Distributions.Poisson{Float64}, Distributions.Poisson{Float64}, Distributions.Poisson{Float64}, Distributions.Poisson{Float64}, Distributions.Poisson{Float64}, Distributions.Poisson{Float64}]
Demand means:    [0.9615384615384616, 0.9615384615384616, 0.9615384615384616, 0.9615384615384616, 0.9615384615384616, 0.9615384615384616, 0.9615384615384616, 0.9615384615384616, 0.9615384615384616, 0.9615384615384616, 0.9615384615384616, 0.9615384615384616, 0.9615384615384616, 0.9615384615384616, 0.9615384615384616, 0.4807692307692308, 0.4807692307692308, 0.4807692307692308, 0.4807692307692308, 0.4807692307692308, 0.4807692307692308, 0.4807692307692308, 0.4807692307692308, 0.4807692307692308, 0.4807692307692308, 0.4807692307692308, 0.4807692307692308, 0.4807692307692308, 0.4807692307692308, 0.4807692307692308, 0.2403846153846154, 0.2403846153846154, 0.2403846153846154, 0.2403846153846154, 0.2403846153846154, 0.2403846153846154, 0.2403846153846154, 0.2403846153846154, 0.2403846153846154, 0.2403846153846154, 0.2403846153846154, 0.2403846153846154, 0.2403846153846154, 0.2403846153846154, 0.2403846153846154, 0.2403846153846154, 0.2403846153846154, 0.2403846153846154, 0.2403846153846154, 0.2403846153846154]
============================================================

==================================================
Computing order-up-to vector via :solve_inf
==================================================

Method: solve_inf
Final objective: 285.17418579101565
z*: [11.0, 11.0, 11.0, 11.0, 11.0, 11.0, 11.0, 11.0, 11.0, 11.0, 11.0, 11.0, 11.0, 11.0, 11.0, 6.0, 6.0, 6.0, 6.0, 6.0, 6.0, 6.0, 6.0, 6.0, 6.0, 6.0, 6.0, 6.0, 6.0, 6.0, 4.0, 4.0, 4.0, 4.0, 4.0, 4.0, 4.0, 4.0, 4.0, 4.0, 4.0, 4.0, 4.0, 4.0, 4.0, 4.0, 4.0, 4.0, 4.0, 4.0]
Intervention value: -38.72025207519533

==================================================
Computing order-up-to vector via :find_stationary
==================================================

Method: find_stationary
Final residual: 0.023540292298866367
z*: [11.0, 11.0, 11.0, 11.0, 11.0, 11.0, 11.0, 11.0, 11.0, 11.0, 11.0, 11.0, 11.0, 11.0, 11.0, 6.0, 6.0, 6.0, 6.0, 6.0, 6.0, 6.0, 6.0, 6.0, 6.0, 6.0, 6.0, 6.0, 6.0, 6.0, 4.0, 4.0, 4.0, 4.0, 4.0, 4.0, 4.0, 4.0, 4.0, 4.0, 4.0, 4.0, 4.0, 4.0, 4.0, 4.0, 4.0, 4.0, 4.0, 4.0]
Intervention value: -38.72025207519533

==================================================
Summary:
  solve_inf:       z* = [11, 11, 11, 11, 11, 11, 11, 11, 11, 11, 11, 11, 11, 11, 11, 6, 6, 6, 6, 6, 6, 6, 6, 6, 6, 6, 6, 6, 6, 6, 4, 4, 4, 4, 4, 4, 4, 4, 4, 4, 4, 4, 4, 4, 4, 4, 4, 4, 4, 4]
  find_stationary: z* = [11, 11, 11, 11, 11, 11, 11, 11, 11, 11, 11, 11, 11, 11, 11, 6, 6, 6, 6, 6, 6, 6, 6, 6, 6, 6, 6, 6, 6, 6, 4, 4, 4, 4, 4, 4, 4, 4, 4, 4, 4, 4, 4, 4, 4, 4, 4, 4, 4, 4]
==================================================

============================================================
Evaluating method: solve_inf
============================================================

----------------------------------------
Evaluating ε = -1.25
----------------------------------------
Mean cost: 22292.712613085016 ± 27.367159857474736
  Inventory costs: 12223.294964178041
  Variable costs:  5000.016879741002
  Fixed costs:     5069.400769165941
  Simulation time: 407.1s

----------------------------------------
Evaluating ε = -2.5
----------------------------------------
Mean cost: 22748.33528723212 ± 27.899062705075213
  Inventory costs: 12844.182927155329
  Variable costs:  5010.187434856637
  Fixed costs:     4893.964925220175
  Simulation time: 409.1s

----------------------------------------
Evaluating ε = -5.0
----------------------------------------
Mean cost: 23603.07746118363 ± 31.72146900284087
  Inventory costs: 14031.66844910733
  Variable costs:  4991.96207444087
  Fixed costs:     4579.446937635451
  Simulation time: 412.8s

----------------------------------------
Evaluating ε = -7.5
----------------------------------------
Mean cost: 24579.523938707665 ± 30.22086680760774
  Inventory costs: 15235.521334503044
  Variable costs:  4987.815408101576
  Fixed costs:     4356.187196103037
  Simulation time: 407.7s

----------------------------------------
Evaluating ε = -10.0
----------------------------------------
Mean cost: 25674.32043377549 ± 34.98719741773189
  Inventory costs: 16492.77171496527
  Variable costs:  5002.150357550561
  Fixed costs:     4179.398361259645
  Simulation time: 416.3s

----------------------------------------
Evaluating ε = -12.5
----------------------------------------
Mean cost: 26784.01834701812 ± 38.787541093845725
  Inventory costs: 17742.33375609184
  Variable costs:  4995.901993134432
  Fixed costs:     4045.782597791822
  Simulation time: 409.2s

----------------------------------------
Evaluating ε = -15.0
----------------------------------------
Mean cost: 27833.385896784814 ± 37.59508580015198
  Inventory costs: 18948.365426334018
  Variable costs:  4982.926689666291
  Fixed costs:     3902.0937807844944
  Simulation time: 415.0s

----------------------------------------
Evaluating ε = -20.0
----------------------------------------
Mean cost: 30279.19484160012 ± 32.621613462863614
  Inventory costs: 21592.44656920997
  Variable costs:  4994.28845220159
  Fixed costs:     3692.4598201885774
  Simulation time: 410.1s

----------------------------------------
Evaluating ε = -25.0
----------------------------------------
Mean cost: 32564.1193815556 ± 49.69569078313835
  Inventory costs: 24063.331688022314
  Variable costs:  4981.512344598876
  Fixed costs:     3519.275348934407
  Simulation time: 454.6s

----------------------------------------
Evaluating ε = -30.0
----------------------------------------
Mean cost: 35053.59296422247 ± 47.87900235663366
  Inventory costs: 26672.28775806803
  Variable costs:  4999.563429325834
  Fixed costs:     3381.741776828534
  Simulation time: 463.6s

----------------------------------------
Evaluating ε = -40.0
----------------------------------------
Mean cost: 40457.40802319427 ± 65.12933053951993
  Inventory costs: 32325.339801990813
  Variable costs:  4994.211629252209
  Fixed costs:     3137.8565919513094
  Simulation time: 524.0s

----------------------------------------
Evaluating ε = -50.0
----------------------------------------
Mean cost: 45935.104651411 ± 114.01686442688552
  Inventory costs: 38023.07777054854
  Variable costs:  4980.513090493175
  Fixed costs:     2931.5137903693035
  Simulation time: 598.1s

----------------------------------------
Evaluating ε = -75.0
----------------------------------------
Mean cost: 60651.752707198655 ± 150.79453147104124
  Inventory costs: 53095.405386725106
  Variable costs:  4987.980307164814
  Fixed costs:     2568.3670133087094
  Simulation time: 591.8s

----------------------------------------
Evaluating ε = -100.0
----------------------------------------
Mean cost: 76805.80172070644 ± 123.04840029447737
  Inventory costs: 69524.42767314028
  Variable costs:  4979.170497918832
  Fixed costs:     2302.2035496472695
  Simulation time: 606.8s

==================================================
Best epsilon: -1.25 with cost: 22292.712613085016 ± 27.367159857474736
==================================================

============================================================
Evaluating method: find_stationary
============================================================

----------------------------------------
Evaluating ε = -1.25
----------------------------------------
Mean cost: 22319.14647141008 ± 28.54919962417453
  Inventory costs: 12196.321842111663
  Variable costs:  5014.46916387713
  Fixed costs:     5108.355465421282
  Simulation time: 576.9s

----------------------------------------
Evaluating ε = -2.5
----------------------------------------
Mean cost: 22704.43605732874 ± 35.882788271244806
  Inventory costs: 12811.814794612908
  Variable costs:  4996.182016577565
  Fixed costs:     4896.439246138247
  Simulation time: 585.1s

----------------------------------------
Evaluating ε = -5.0
----------------------------------------
Mean cost: 23674.81637960461 ± 33.7660976064855
  Inventory costs: 14061.665910192018
  Variable costs:  5010.137411840669
  Fixed costs:     4603.013057571903
  Simulation time: 592.3s

----------------------------------------
Evaluating ε = -7.5
----------------------------------------
Mean cost: 24649.509055390015 ± 32.31511224036658
  Inventory costs: 15278.126466131554
  Variable costs:  4997.4546592049055
  Fixed costs:     4373.927930053544
  Simulation time: 594.2s

----------------------------------------
Evaluating ε = -10.0
----------------------------------------
Mean cost: 25630.12461728177 ± 54.18452433640989
  Inventory costs: 16462.73865559631
  Variable costs:  4989.570576818246
  Fixed costs:     4177.81538486721
  Simulation time: 595.8s

----------------------------------------
Evaluating ε = -12.5
----------------------------------------
Mean cost: 26811.7752981133 ± 32.87237602740977
  Inventory costs: 17776.246485781696
  Variable costs:  4998.5883587387025
  Fixed costs:     4036.940453592889
  Simulation time: 593.3s

----------------------------------------
Evaluating ε = -15.0
----------------------------------------
Mean cost: 27856.319117750372 ± 36.47553867595226
  Inventory costs: 18964.725245720736
  Variable costs:  4991.566406552688
  Fixed costs:     3900.0274654769382
  Simulation time: 584.8s

----------------------------------------
Evaluating ε = -20.0
----------------------------------------
Mean cost: 30174.63427616071 ± 26.09090869694209
  Inventory costs: 21477.437055280196
  Variable costs:  4999.01879929903
  Fixed costs:     3698.1784215814987
  Simulation time: 581.2s

----------------------------------------
Evaluating ε = -25.0
----------------------------------------
Mean cost: 32585.067068620225 ± 27.702875073646524
  Inventory costs: 24074.85462700146
  Variable costs:  4988.662622645858
  Fixed costs:     3521.5498189729224
  Simulation time: 588.1s

----------------------------------------
Evaluating ε = -30.0
----------------------------------------
Mean cost: 35106.095650556745 ± 96.60171409493094
  Inventory costs: 26752.532197254135
  Variable costs:  4982.6597717191335
  Fixed costs:     3370.9036815835
  Simulation time: 576.2s

----------------------------------------
Evaluating ε = -40.0
----------------------------------------
Mean cost: 40250.67877654443 ± 67.3930777586766
  Inventory costs: 32144.639030203805
  Variable costs:  4978.412322230308
  Fixed costs:     3127.6274241102938
  Simulation time: 613.4s

----------------------------------------
Evaluating ε = -50.0
----------------------------------------
Mean cost: 45914.091065159315 ± 114.74355585202505
  Inventory costs: 37986.99128188285
  Variable costs:  4991.149858789209
  Fixed costs:     2935.94992448725
  Simulation time: 636.6s

----------------------------------------
Evaluating ε = -75.0
----------------------------------------
Mean cost: 60946.73289501405 ± 84.12705224402275
  Inventory costs: 53390.66119231035
  Variable costs:  4987.818684453805
  Fixed costs:     2568.2530182499077
  Simulation time: 645.3s

----------------------------------------
Evaluating ε = -100.0
----------------------------------------
Mean cost: 76969.98474433416 ± 108.44197799800364
  Inventory costs: 69675.05171810421
  Variable costs:  4988.87761004696
  Fixed costs:     2306.0554161829377
  Simulation time: 635.1s

==================================================
Best epsilon: -1.25 with cost: 22319.14647141008 ± 28.54919962417453
==================================================
Skipping save for solve_inf: existing cost 21701.541014944843 <= new cost 22292.712613085016
Skipping save for find_stationary: existing cost 21784.664044114932 <= new cost 22319.14647141008

============================================================
FINAL RESULTS SUMMARY
============================================================

Method: solve_inf
  Order-up-to vector: [11, 11, 11, 11, 11, 11, 11, 11, 11, 11, 11, 11, 11, 11, 11, 6, 6, 6, 6, 6, 6, 6, 6, 6, 6, 6, 6, 6, 6, 6, 4, 4, 4, 4, 4, 4, 4, 4, 4, 4, 4, 4, 4, 4, 4, 4, 4, 4, 4, 4]
  Best epsilon: -1.25
  Best cost: 22292.712613085016 ± 27.367159857474736

Method: find_stationary
  Order-up-to vector: [11, 11, 11, 11, 11, 11, 11, 11, 11, 11, 11, 11, 11, 11, 11, 6, 6, 6, 6, 6, 6, 6, 6, 6, 6, 6, 6, 6, 6, 6, 4, 4, 4, 4, 4, 4, 4, 4, 4, 4, 4, 4, 4, 4, 4, 4, 4, 4, 4, 4]
  Best epsilon: -1.25
  Best cost: 22319.14647141008 ± 28.54919962417453

============================================================
Complete! Per-method results saved to:
  output/nn_training/results_50D_CaseLL_solve_inf.json
  output/nn_training/results_50D_CaseLL_find_stationary.json
============================================================

  Activating project at `~/DeepSJRP`
[ Info:  started timer at: 2026-04-28T18:15:21.453
┌ Warning: Layer with Float32 parameters got Float64 input.
│   The input will be converted, but any earlier layers may be very slow.
│   layer = Dense(50 => 1000, elu)  # 51_000 parameters
│   summary(x) = "50-element Vector{Float64}"
└ @ Flux ~/.julia/packages/Flux/DZYiO/src/layers/stateless.jl:60
RUNNING THE L-BFGS-B CODE

           * * *

Machine precision = 2.220D-16
 N =           50     M =           10

At X0         0 variables are exactly at the bounds

At iterate    0    f=  2.85174D+02    |proj g|=  6.55978D-03

           * * *

Tit   = total number of iterations
Tnf   = total number of function evaluations
Tnint = total number of segments explored during Cauchy searches
Skip  = number of BFGS updates skipped
Nact  = number of active bounds at final generalized Cauchy point
Projg = norm of the final projected gradient
F     = final function value

           * * *

   N    Tit     Tnf  Tnint  Skip  Nact     Projg        F
   50      0      1      0     0     0   6.560D-03   2.852D+02
  F =   285.17418579101565     

CONVERGENCE: NORM_OF_PROJECTED_GRADIENT_<=_PGTOL            

 Cauchy                time 0.000E+00 seconds.
 Subspace minimization time 0.000E+00 seconds.
 Line search           time 0.000E+00 seconds.

 Total User time 2.080E+00 seconds.

RUNNING THE L-BFGS-B CODE

           * * *

Machine precision = 2.220D-16
 N =           50     M =           10

At X0         0 variables are exactly at the bounds

At iterate    0    f=  5.54145D-04    |proj g|=  3.02754D-10

           * * *

Tit   = total number of iterations
Tnf   = total number of function evaluations
Tnint = total number of segments explored during Cauchy searches
Skip  = number of BFGS updates skipped
Nact  = number of active bounds at final generalized Cauchy point
Projg = norm of the final projected gradient
F     = final function value

           * * *

   N    Tit     Tnf  Tnint  Skip  Nact     Projg        F
   50      0      1      0     0     0   3.028D-10   5.541D-04
  F =   5.5414536151606711E-004

CONVERGENCE: NORM_OF_PROJECTED_GRADIENT_<=_PGTOL            

 Cauchy                time 0.000E+00 seconds.
 Subspace minimization time 0.000E+00 seconds.
 Line search           time 0.000E+00 seconds.

 Total User time 2.461E-01 seconds.

