
============================================================
DeepSJRP - Stochastic Joint Replenishment Problem Solver
============================================================
Instance: 50D_CaseLH
Options: Dict{Symbol, Any}(:beta_override => 1.0e6, :alpha_override => nothing, :device => :gpu, :nu_override => 0.8, :T_override => 0.05, :seed => 777)
============================================================

Device: CUDA GPU
CUDA toolchain: 
- runtime 12.8, local installation
- driver 580.126.16 for 13.2
- compiler 12.9

CUDA libraries: 
- CUBLAS: 12.8.4
- CURAND: 10.3.9
- CUFFT: 11.3.3
- CUSOLVER: 11.7.3
- CUSPARSE: 12.5.8
- CUPTI: 2025.1.1 (API 12.8.0)
- NVML: 13.0.0+580.126.16

Julia packages: 
- CUDA: 5.11.0
- GPUArrays: 11.4.1
- GPUCompiler: 1.9.1
- KernelAbstractions: 0.9.41
- CUDA_Driver_jll: 13.2.0+0
- CUDA_Compiler_jll: 0.4.2+0
- CUDA_Runtime_jll: 0.21.0+0
- CUDA_Runtime_Discovery: 1.0.0

Toolchain:
- Julia: 1.11.7
- LLVM: 16.0.6

Preferences:
- CUDA_Runtime_jll.version: local

1 device:
  0: NVIDIA H100 80GB HBM3 (sm_90, 79.175 GiB / 79.647 GiB available)
BLAS threads: 1
Julia threads: 10

Benchmark source: QS

============================================================
IMPULSE CONTROL PROBLEM (scaled, annual)
============================================================
Instance: 50D_CaseLH
Dimension: 50
Interest rate: 0.05
Cost scaling κ: 0.01

Drift μ (annual demand rates): [50.0, 50.0, 50.0, 50.0, 50.0, 50.0, 50.0, 50.0, 50.0, 50.0, 50.0, 50.0, 50.0, 50.0, 50.0, 25.0, 25.0, 25.0, 25.0, 25.0, 25.0, 25.0, 25.0, 25.0, 25.0, 25.0, 25.0, 25.0, 25.0, 25.0, 12.5, 12.5, 12.5, 12.5, 12.5, 12.5, 12.5, 12.5, 12.5, 12.5, 12.5, 12.5, 12.5, 12.5, 12.5, 12.5, 12.5, 12.5, 12.5, 12.5]
Covariance Σ diagonal: [50.0, 50.0, 50.0, 50.0, 50.0, 50.0, 50.0, 50.0, 50.0, 50.0, 50.0, 50.0, 50.0, 50.0, 50.0, 25.0, 25.0, 25.0, 25.0, 25.0, 25.0, 25.0, 25.0, 25.0, 25.0, 25.0, 25.0, 25.0, 25.0, 25.0, 12.5, 12.5, 12.5, 12.5, 12.5, 12.5, 12.5, 12.5, 12.5, 12.5, 12.5, 12.5, 12.5, 12.5, 12.5, 12.5, 12.5, 12.5, 12.5, 12.5]

Scaled costs (× κ = 0.01):
  Fixed cost K:    2.5
  Variable costs c: [0.001, 0.001, 0.001, 0.001, 0.001, 0.001, 0.001, 0.001, 0.001, 0.001, 0.001, 0.001, 0.001, 0.001, 0.001, 0.002, 0.002, 0.002, 0.002, 0.002, 0.002, 0.002, 0.002, 0.002, 0.002, 0.002, 0.002, 0.002, 0.002, 0.002, 0.004, 0.004, 0.004, 0.004, 0.004, 0.004, 0.004, 0.004, 0.004, 0.004, 0.004, 0.004, 0.004, 0.004, 0.004, 0.004, 0.004, 0.004, 0.004, 0.004]
  Holding costs h:  [0.01, 0.01, 0.01, 0.01, 0.01, 0.01, 0.01, 0.01, 0.01, 0.01, 0.01, 0.01, 0.01, 0.01, 0.01, 0.02, 0.02, 0.02, 0.02, 0.02, 0.02, 0.02, 0.02, 0.02, 0.02, 0.02, 0.02, 0.02, 0.02, 0.02, 0.04, 0.04, 0.04, 0.04, 0.04, 0.04, 0.04, 0.04, 0.04, 0.04, 0.04, 0.04, 0.04, 0.04, 0.04, 0.04, 0.04, 0.04, 0.04, 0.04]
  Penalty costs p:  [0.25, 0.25, 0.25, 0.25, 0.25, 0.25, 0.25, 0.25, 0.25, 0.25, 0.25, 0.25, 0.25, 0.25, 0.25, 0.5, 0.5, 0.5, 0.5, 0.5, 0.5, 0.5, 0.5, 0.5, 0.5, 0.5, 0.5, 0.5, 0.5, 0.5, 1.0, 1.0, 1.0, 1.0, 1.0, 1.0, 1.0, 1.0, 1.0, 1.0, 1.0, 1.0, 1.0, 1.0, 1.0, 1.0, 1.0, 1.0, 1.0, 1.0]

Original costs (unscaled):
  Fixed cost K:    250.0
  Variable costs c: [0.1, 0.1, 0.1, 0.1, 0.1, 0.1, 0.1, 0.1, 0.1, 0.1, 0.1, 0.1, 0.1, 0.1, 0.1, 0.2, 0.2, 0.2, 0.2, 0.2, 0.2, 0.2, 0.2, 0.2, 0.2, 0.2, 0.2, 0.2, 0.2, 0.2, 0.4, 0.4, 0.4, 0.4, 0.4, 0.4, 0.4, 0.4, 0.4, 0.4, 0.4, 0.4, 0.4, 0.4, 0.4, 0.4, 0.4, 0.4, 0.4, 0.4]
  Holding costs h:  [1.0, 1.0, 1.0, 1.0, 1.0, 1.0, 1.0, 1.0, 1.0, 1.0, 1.0, 1.0, 1.0, 1.0, 1.0, 2.0, 2.0, 2.0, 2.0, 2.0, 2.0, 2.0, 2.0, 2.0, 2.0, 2.0, 2.0, 2.0, 2.0, 2.0, 4.0, 4.0, 4.0, 4.0, 4.0, 4.0, 4.0, 4.0, 4.0, 4.0, 4.0, 4.0, 4.0, 4.0, 4.0, 4.0, 4.0, 4.0, 4.0, 4.0]
  Penalty costs p:  [25.0, 25.0, 25.0, 25.0, 25.0, 25.0, 25.0, 25.0, 25.0, 25.0, 25.0, 25.0, 25.0, 25.0, 25.0, 50.0, 50.0, 50.0, 50.0, 50.0, 50.0, 50.0, 50.0, 50.0, 50.0, 50.0, 50.0, 50.0, 50.0, 50.0, 100.0, 100.0, 100.0, 100.0, 100.0, 100.0, 100.0, 100.0, 100.0, 100.0, 100.0, 100.0, 100.0, 100.0, 100.0, 100.0, 100.0, 100.0, 100.0, 100.0]
============================================================

============================================================
TRAINING HYPERPARAMETERS
============================================================
Benchmark source: QS
Precision:        Float32
Batch size:       5000
Num intervals:    100
T horizon:        0.05
Num iterations:   40000
Learning rates:   [0.001, 0.0002, 0.0001, 1.0e-5, 1.0e-6]
LR steps:         [1, 5000, 10000, 20000, 30000]
Beta penalty:     [1.0, 10.0, 100.0, 1000.0, 10000.0, 1.0e6]
Penalty steps:    [1, 2500, 5000, 7500, 10000, 20000]
Lambda rate:      2.5618794920507937
S guess:          [[22.0, 22.0, 22.0, 22.0, 22.0, 22.0, 22.0, 22.0, 22.0, 22.0, 22.0, 22.0, 22.0, 22.0, 22.0, 12.0, 12.0, 12.0, 12.0, 12.0, 12.0, 12.0, 12.0, 12.0, 12.0, 12.0, 12.0, 12.0, 12.0, 12.0, 7.0, 7.0, 7.0, 7.0, 7.0, 7.0, 7.0, 7.0, 7.0, 7.0, 7.0, 7.0, 7.0, 7.0, 7.0, 7.0, 7.0, 7.0, 7.0, 7.0]]
Nu radius:        0.8
S distribution:   lognormal
Alpha factor:     0.0
Alpha js:         [0.0, 0.0, 0.0, 0.0, 0.0, 0.0, 0.0, 0.0, 0.0, 0.0, 0.0, 0.0, 0.0, 0.0, 0.0, 0.0, 0.0, 0.0, 0.0, 0.0, 0.0, 0.0, 0.0, 0.0, 0.0, 0.0, 0.0, 0.0, 0.0, 0.0, 0.0, 0.0, 0.0, 0.0, 0.0, 0.0, 0.0, 0.0, 0.0, 0.0, 0.0, 0.0, 0.0, 0.0, 0.0, 0.0, 0.0, 0.0, 0.0, 0.0]
Cost scaling:     0.01

Neural network architecture:
  Hidden layers:  4
  Width:          1000
  Activation:     elu

Optimization parameters:
  Start factor:   1.0
  Lower factor:   0.5
  Upper factor:   1.5
  Sim runs:       10
  Sim horizon:    5000
  Epsilons:       [-1.25, -2.5, -5.0, -7.5, -10.0, -12.5, -15.0, -20.0, -25.0, -30.0, -40.0, -50.0, -75.0, -100.0]
============================================================

Gradient network G (∇V):
Chain(
  Dense(50 => 1000, elu),               # 51_000 parameters
  Dense(1000 => 1000, elu),             # 1_001_000 parameters
  Dense(1000 => 1000, elu),             # 1_001_000 parameters
  Dense(1000 => 1000, elu),             # 1_001_000 parameters
  Dense(1000 => 50),                    # 50_050 parameters
)                   # Total: 10 arrays, 3_104_050 parameters, 1.562 KiB.

Value network H (V):
Chain(
  Dense(50 => 1000, elu),               # 51_000 parameters
  Dense(1000 => 1000, elu),             # 1_001_000 parameters
  Dense(1000 => 1000, elu),             # 1_001_000 parameters
  Dense(1000 => 1000, elu),             # 1_001_000 parameters
  Dense(1000 => 1),                     # 1_001 parameters
)                   # Total: 10 arrays, 3_055_001 parameters, 1.562 KiB.


============================================================
Starting neural network training...
============================================================

Starting training with steady-state sampler:
-----------------------------------------
Epoch: 1; Penalty β updated to: 1.0
-----------------------------------------
─── Device check ───
  x_tn: CuArray{Float32} (50, 100, 5000)
  dB: CuArray{Float32} (50, 100, 5000)
  dU: CuArray{Float32} (50, 100, 5000)
  exponentials: CuArray{Float32} (1, 100)
  loss_dB: CuArray{Float32} (1, 5000)
  loss_df: CuArray{Float32} (1, 5000)
  loss_dU: CuArray{Float32} (1, 5000)
  H_x0: CuArray{Float32} (1, 5000)
  H_xT: CuArray{Float32} (1, 5000)
  penalties: CuArray{Float32} (1, 5000)
────────────────────
Epoch: 1; Computation time: 54.245202587; Current value of V(0): 0.0
Lagrangian objective: 1451.3477; Average H(x0): 0.0; Quantile-hedge α(β): 43.64
Simulation time per epoch: 9.556096567; Gradient computation time: 33.910190083; Testing time: 10.069839297
Epoch: 1000; Computation time: 391.932557998; Current value of V(0): 5.163063671875e6
Lagrangian objective: -41658.67; Average H(x0): 81864.15; Quantile-hedge α(β): 0.0
Simulation time per epoch: 0.074466404; Gradient computation time: 0.180388158; Testing time: 0.082969337
Epoch: 2000; Computation time: 729.663375756; Current value of V(0): 5.33344609375e6
Lagrangian objective: -41819.355; Average H(x0): 82020.98; Quantile-hedge α(β): 0.0
Simulation time per epoch: 0.074215468; Gradient computation time: 0.180640034; Testing time: 0.083047646
-----------------------------------------
Epoch: 2500; Penalty β updated to: 10.0
-----------------------------------------
Epoch: 3000; Computation time: 1067.40478523; Current value of V(0): 651809.47265625
Lagrangian objective: -5353.156; Average H(x0): 9733.043; Quantile-hedge α(β): 2.539999999999998
Simulation time per epoch: 0.074346149; Gradient computation time: 0.180403558; Testing time: 0.082945441
Epoch: 4000; Computation time: 1405.141144358; Current value of V(0): 653571.142578125
Lagrangian objective: -5350.565; Average H(x0): 9678.016; Quantile-hedge α(β): 3.0000000000000027
Simulation time per epoch: 0.074442608; Gradient computation time: 0.180384048; Testing time: 0.082981692
-----------------------------------------
Epoch: 5000; Penalty β updated to: 100.0
-----------------------------------------
Epoch: 5000; Computation time: 1742.871716658; Current value of V(0): 661432.51953125
Lagrangian objective: 34219.754; Average H(x0): 9754.332; Quantile-hedge α(β): 2.759999999999996
Simulation time per epoch: 0.074345115; Gradient computation time: 0.180703998; Testing time: 0.082932989
Epoch: 6000; Computation time: 2080.557263306; Current value of V(0): 126879.96826171875
Lagrangian objective: -1087.0236; Average H(x0): 1746.4532; Quantile-hedge α(β): 28.159999999999997
Simulation time per epoch: 0.074269534; Gradient computation time: 0.180186458; Testing time: 0.082979149
Epoch: 7000; Computation time: 2418.156491784; Current value of V(0): 126069.82421875
Lagrangian objective: -1062.7831; Average H(x0): 1733.5364; Quantile-hedge α(β): 27.680000000000003
Simulation time per epoch: 0.074254105; Gradient computation time: 0.180168951; Testing time: 0.083012661
-----------------------------------------
Epoch: 7500; Penalty β updated to: 1000.0
-----------------------------------------
Epoch: 8000; Computation time: 2755.891763998; Current value of V(0): 53696.98486328125
Lagrangian objective: -573.531; Average H(x0): 689.071; Quantile-hedge α(β): 55.60000000000001
Simulation time per epoch: 0.074515721; Gradient computation time: 0.180146419; Testing time: 0.082883239
Epoch: 9000; Computation time: 3093.448730339; Current value of V(0): 57118.02978515625
Lagrangian objective: -579.4508; Average H(x0): 702.3632; Quantile-hedge α(β): 55.279999999999994
Simulation time per epoch: 0.074286585; Gradient computation time: 0.180218344; Testing time: 0.08297082
-----------------------------------------
Epoch: 10000; Penalty β updated to: 10000.0
-----------------------------------------
Epoch: 10000; Computation time: 3430.981954938; Current value of V(0): 58945.0927734375
Lagrangian objective: 482.6073; Average H(x0): 701.7187; Quantile-hedge α(β): 51.85999999999999
Simulation time per epoch: 0.074218592; Gradient computation time: 0.180029869; Testing time: 0.082955362
Epoch: 11000; Computation time: 3768.444506126; Current value of V(0): 41675.970458984375
Lagrangian objective: -432.4925; Average H(x0): 482.051; Quantile-hedge α(β): 86.08
Simulation time per epoch: 0.07451794; Gradient computation time: 0.180110508; Testing time: 0.082911169
Epoch: 12000; Computation time: 4105.901715268; Current value of V(0): 42185.70556640625
Lagrangian objective: -434.98895; Average H(x0): 482.2111; Quantile-hedge α(β): 85.42
Simulation time per epoch: 0.074554687; Gradient computation time: 0.179952878; Testing time: 0.082854468
Epoch: 13000; Computation time: 4443.362286564; Current value of V(0): 43429.083251953125
Lagrangian objective: -428.80524; Average H(x0): 490.185; Quantile-hedge α(β): 84.6
Simulation time per epoch: 0.074269451; Gradient computation time: 0.180069645; Testing time: 0.082968075
Epoch: 14000; Computation time: 4780.805480398; Current value of V(0): 43611.78894042969
Lagrangian objective: -443.09705; Average H(x0): 485.47986; Quantile-hedge α(β): 85.84
Simulation time per epoch: 0.074381709; Gradient computation time: 0.179974617; Testing time: 0.082966556
Epoch: 15000; Computation time: 5118.252943838; Current value of V(0): 43859.79919433594
Lagrangian objective: -447.0109; Average H(x0): 482.95264; Quantile-hedge α(β): 86.68
Simulation time per epoch: 0.074320679; Gradient computation time: 0.18004563; Testing time: 0.082854362
Epoch: 16000; Computation time: 5455.702748201; Current value of V(0): 45693.02673339844
Lagrangian objective: -443.0341; Average H(x0): 498.8869; Quantile-hedge α(β): 83.86
Simulation time per epoch: 0.074526565; Gradient computation time: 0.180190056; Testing time: 0.082858403
Epoch: 17000; Computation time: 5793.151661691; Current value of V(0): 45910.821533203125
Lagrangian objective: -453.4468; Average H(x0): 496.02896; Quantile-hedge α(β): 84.88
Simulation time per epoch: 0.074345117; Gradient computation time: 0.180105911; Testing time: 0.082944965
Epoch: 18000; Computation time: 6130.663739659; Current value of V(0): 45557.23876953125
Lagrangian objective: -449.2493; Average H(x0): 488.2143; Quantile-hedge α(β): 88.62
Simulation time per epoch: 0.074305234; Gradient computation time: 0.180182599; Testing time: 0.082870868
Epoch: 19000; Computation time: 6468.13445173; Current value of V(0): 47147.79052734375
Lagrangian objective: -452.78375; Average H(x0): 500.4527; Quantile-hedge α(β): 84.94
Simulation time per epoch: 0.074408986; Gradient computation time: 0.180268381; Testing time: 0.082915611
-----------------------------------------
Epoch: 20000; Penalty β updated to: 1.0e6
-----------------------------------------
Epoch: 20000; Computation time: 6805.616998152; Current value of V(0): 47975.93994140625
Lagrangian objective: 4975.2363; Average H(x0): 507.5976; Quantile-hedge α(β): 83.52
Simulation time per epoch: 0.07432065; Gradient computation time: 0.18024432; Testing time: 0.08290738
Epoch: 21000; Computation time: 7143.082612388; Current value of V(0): 34516.10412597656
Lagrangian objective: -341.406; Average H(x0): 362.0176; Quantile-hedge α(β): 99.53999999999999
Simulation time per epoch: 0.074248167; Gradient computation time: 0.18010566; Testing time: 0.082970942
Epoch: 22000; Computation time: 7480.721895178; Current value of V(0): 34042.401123046875
Lagrangian objective: -352.3719; Average H(x0): 356.70972; Quantile-hedge α(β): 99.78
Simulation time per epoch: 0.074236793; Gradient computation time: 0.180737424; Testing time: 0.083120349
Epoch: 23000; Computation time: 7818.824484518; Current value of V(0): 33826.52587890625
Lagrangian objective: -329.3824; Average H(x0): 354.26733; Quantile-hedge α(β): 99.5
Simulation time per epoch: 0.074219049; Gradient computation time: 0.180605984; Testing time: 0.083157487
Epoch: 24000; Computation time: 8156.938569268; Current value of V(0): 34018.08776855469
Lagrangian objective: -315.39395; Average H(x0): 356.49042; Quantile-hedge α(β): 99.53999999999999
Simulation time per epoch: 0.074171493; Gradient computation time: 0.18083164; Testing time: 0.083008033
Epoch: 25000; Computation time: 8495.01028801; Current value of V(0): 33912.005615234375
Lagrangian objective: -337.38; Average H(x0): 355.26364; Quantile-hedge α(β): 99.76
Simulation time per epoch: 0.0741823; Gradient computation time: 0.180623305; Testing time: 0.083165017
Epoch: 26000; Computation time: 8833.165283209; Current value of V(0): 33190.228271484375
Lagrangian objective: -332.42682; Average H(x0): 347.16855; Quantile-hedge α(β): 99.68
Simulation time per epoch: 0.07424313; Gradient computation time: 0.180625944; Testing time: 0.083016056
Epoch: 27000; Computation time: 9171.244163489; Current value of V(0): 34285.76354980469
Lagrangian objective: -343.48746; Average H(x0): 358.6566; Quantile-hedge α(β): 99.66000000000001
Simulation time per epoch: 0.07409289; Gradient computation time: 0.180678881; Testing time: 0.082974475
Epoch: 28000; Computation time: 9509.315800695; Current value of V(0): 33410.150146484375
Lagrangian objective: -327.0326; Average H(x0): 349.0083; Quantile-hedge α(β): 99.56
Simulation time per epoch: 0.074386435; Gradient computation time: 0.18081806; Testing time: 0.08302401
Epoch: 29000; Computation time: 9847.492048892; Current value of V(0): 34077.62145996094
Lagrangian objective: -347.7776; Average H(x0): 356.28885; Quantile-hedge α(β): 99.64
Simulation time per epoch: 0.074178928; Gradient computation time: 0.180762629; Testing time: 0.083122816
Epoch: 30000; Computation time: 10185.703136435; Current value of V(0): 33735.46447753906
Lagrangian objective: -316.67737; Average H(x0): 351.5526; Quantile-hedge α(β): 99.74
Simulation time per epoch: 0.074411299; Gradient computation time: 0.180718823; Testing time: 0.083042221
Epoch: 31000; Computation time: 10523.885848364; Current value of V(0): 34828.41796875
Lagrangian objective: -339.24274; Average H(x0): 363.34552; Quantile-hedge α(β): 99.64
Simulation time per epoch: 0.074219928; Gradient computation time: 0.181084709; Testing time: 0.083246887
Epoch: 32000; Computation time: 10862.109270034; Current value of V(0): 34944.73571777344
Lagrangian objective: -341.40747; Average H(x0): 364.518; Quantile-hedge α(β): 99.5
Simulation time per epoch: 0.074137891; Gradient computation time: 0.180761237; Testing time: 0.083212422
Epoch: 33000; Computation time: 11200.271141245; Current value of V(0): 34818.44787597656
Lagrangian objective: -339.88544; Average H(x0): 363.06842; Quantile-hedge α(β): 99.53999999999999
Simulation time per epoch: 0.074366409; Gradient computation time: 0.180869259; Testing time: 0.083164595
Epoch: 34000; Computation time: 11538.5179873; Current value of V(0): 34827.89611816406
Lagrangian objective: -351.488; Average H(x0): 363.1239; Quantile-hedge α(β): 99.58
Simulation time per epoch: 0.07437047; Gradient computation time: 0.180795478; Testing time: 0.083033167
Epoch: 35000; Computation time: 11876.788816459; Current value of V(0): 34916.448974609375
Lagrangian objective: -357.65402; Average H(x0): 364.1092; Quantile-hedge α(β): 99.72
Simulation time per epoch: 0.074174306; Gradient computation time: 0.180757108; Testing time: 0.083175728
Epoch: 36000; Computation time: 12215.250397526; Current value of V(0): 34942.071533203125
Lagrangian objective: -351.20056; Average H(x0): 364.29727; Quantile-hedge α(β): 99.68
Simulation time per epoch: 0.074174669; Gradient computation time: 0.181050808; Testing time: 0.083357842
Epoch: 37000; Computation time: 12553.898985752; Current value of V(0): 35136.700439453125
Lagrangian objective: -332.0779; Average H(x0): 366.44662; Quantile-hedge α(β): 99.64
Simulation time per epoch: 0.074382709; Gradient computation time: 0.181104894; Testing time: 0.083309792
Epoch: 38000; Computation time: 12892.730233318; Current value of V(0): 35148.27575683594
Lagrangian objective: -355.76; Average H(x0): 366.54706; Quantile-hedge α(β): 99.53999999999999
Simulation time per epoch: 0.074092594; Gradient computation time: 0.181388637; Testing time: 0.083466672
Epoch: 39000; Computation time: 13231.84298892; Current value of V(0): 35105.7861328125
Lagrangian objective: -347.48904; Average H(x0): 366.0549; Quantile-hedge α(β): 99.72
Simulation time per epoch: 0.073961244; Gradient computation time: 0.18191058; Testing time: 0.083408794
Epoch: 40000; Computation time: 13570.881127412; Current value of V(0): 35132.87353515625
Lagrangian objective: -354.2382; Average H(x0): 366.27643; Quantile-hedge α(β): 99.53999999999999
Simulation time per epoch: 0.074068159; Gradient computation time: 0.181463544; Testing time: 0.083385986

Training completed in 13570.881258326 seconds
Final V(0): 35132.32421875

============================================================
Running policy evaluation...
============================================================


============================================================
INVENTORY PROBLEM (unscaled, weekly)
============================================================
Dimension:       50
Discount factor: 0.9990389236684376
Fixed cost:      250.0
Variable costs:  [0.1, 0.1, 0.1, 0.1, 0.1, 0.1, 0.1, 0.1, 0.1, 0.1, 0.1, 0.1, 0.1, 0.1, 0.1, 0.2, 0.2, 0.2, 0.2, 0.2, 0.2, 0.2, 0.2, 0.2, 0.2, 0.2, 0.2, 0.2, 0.2, 0.2, 0.4, 0.4, 0.4, 0.4, 0.4, 0.4, 0.4, 0.4, 0.4, 0.4, 0.4, 0.4, 0.4, 0.4, 0.4, 0.4, 0.4, 0.4, 0.4, 0.4]
Holding costs:   [0.019230769230769232, 0.019230769230769232, 0.019230769230769232, 0.019230769230769232, 0.019230769230769232, 0.019230769230769232, 0.019230769230769232, 0.019230769230769232, 0.019230769230769232, 0.019230769230769232, 0.019230769230769232, 0.019230769230769232, 0.019230769230769232, 0.019230769230769232, 0.019230769230769232, 0.038461538461538464, 0.038461538461538464, 0.038461538461538464, 0.038461538461538464, 0.038461538461538464, 0.038461538461538464, 0.038461538461538464, 0.038461538461538464, 0.038461538461538464, 0.038461538461538464, 0.038461538461538464, 0.038461538461538464, 0.038461538461538464, 0.038461538461538464, 0.038461538461538464, 0.07692307692307693, 0.07692307692307693, 0.07692307692307693, 0.07692307692307693, 0.07692307692307693, 0.07692307692307693, 0.07692307692307693, 0.07692307692307693, 0.07692307692307693, 0.07692307692307693, 0.07692307692307693, 0.07692307692307693, 0.07692307692307693, 0.07692307692307693, 0.07692307692307693, 0.07692307692307693, 0.07692307692307693, 0.07692307692307693, 0.07692307692307693, 0.07692307692307693]
Backlog costs:   [0.4807692307692308, 0.4807692307692308, 0.4807692307692308, 0.4807692307692308, 0.4807692307692308, 0.4807692307692308, 0.4807692307692308, 0.4807692307692308, 0.4807692307692308, 0.4807692307692308, 0.4807692307692308, 0.4807692307692308, 0.4807692307692308, 0.4807692307692308, 0.4807692307692308, 0.9615384615384616, 0.9615384615384616, 0.9615384615384616, 0.9615384615384616, 0.9615384615384616, 0.9615384615384616, 0.9615384615384616, 0.9615384615384616, 0.9615384615384616, 0.9615384615384616, 0.9615384615384616, 0.9615384615384616, 0.9615384615384616, 0.9615384615384616, 0.9615384615384616, 1.9230769230769231, 1.9230769230769231, 1.9230769230769231, 1.9230769230769231, 1.9230769230769231, 1.9230769230769231, 1.9230769230769231, 1.9230769230769231, 1.9230769230769231, 1.9230769230769231, 1.9230769230769231, 1.9230769230769231, 1.9230769230769231, 1.9230769230769231, 1.9230769230769231, 1.9230769230769231, 1.9230769230769231, 1.9230769230769231, 1.9230769230769231, 1.9230769230769231]
Demand dists:    DataType[Distributions.Poisson{Float64}, Distributions.Poisson{Float64}, Distributions.Poisson{Float64}, Distributions.Poisson{Float64}, Distributions.Poisson{Float64}, Distributions.Poisson{Float64}, Distributions.Poisson{Float64}, Distributions.Poisson{Float64}, Distributions.Poisson{Float64}, Distributions.Poisson{Float64}, Distributions.Poisson{Float64}, Distributions.Poisson{Float64}, Distributions.Poisson{Float64}, Distributions.Poisson{Float64}, Distributions.Poisson{Float64}, Distributions.Poisson{Float64}, Distributions.Poisson{Float64}, Distributions.Poisson{Float64}, Distributions.Poisson{Float64}, Distributions.Poisson{Float64}, Distributions.Poisson{Float64}, Distributions.Poisson{Float64}, Distributions.Poisson{Float64}, Distributions.Poisson{Float64}, Distributions.Poisson{Float64}, Distributions.Poisson{Float64}, Distributions.Poisson{Float64}, Distributions.Poisson{Float64}, Distributions.Poisson{Float64}, Distributions.Poisson{Float64}, Distributions.Poisson{Float64}, Distributions.Poisson{Float64}, Distributions.Poisson{Float64}, Distributions.Poisson{Float64}, Distributions.Poisson{Float64}, Distributions.Poisson{Float64}, Distributions.Poisson{Float64}, Distributions.Poisson{Float64}, Distributions.Poisson{Float64}, Distributions.Poisson{Float64}, Distributions.Poisson{Float64}, Distributions.Poisson{Float64}, Distributions.Poisson{Float64}, Distributions.Poisson{Float64}, Distributions.Poisson{Float64}, Distributions.Poisson{Float64}, Distributions.Poisson{Float64}, Distributions.Poisson{Float64}, Distributions.Poisson{Float64}, Distributions.Poisson{Float64}]
Demand means:    [0.9615384615384616, 0.9615384615384616, 0.9615384615384616, 0.9615384615384616, 0.9615384615384616, 0.9615384615384616, 0.9615384615384616, 0.9615384615384616, 0.9615384615384616, 0.9615384615384616, 0.9615384615384616, 0.9615384615384616, 0.9615384615384616, 0.9615384615384616, 0.9615384615384616, 0.4807692307692308, 0.4807692307692308, 0.4807692307692308, 0.4807692307692308, 0.4807692307692308, 0.4807692307692308, 0.4807692307692308, 0.4807692307692308, 0.4807692307692308, 0.4807692307692308, 0.4807692307692308, 0.4807692307692308, 0.4807692307692308, 0.4807692307692308, 0.4807692307692308, 0.2403846153846154, 0.2403846153846154, 0.2403846153846154, 0.2403846153846154, 0.2403846153846154, 0.2403846153846154, 0.2403846153846154, 0.2403846153846154, 0.2403846153846154, 0.2403846153846154, 0.2403846153846154, 0.2403846153846154, 0.2403846153846154, 0.2403846153846154, 0.2403846153846154, 0.2403846153846154, 0.2403846153846154, 0.2403846153846154, 0.2403846153846154, 0.2403846153846154]
============================================================

==================================================
Computing order-up-to vector via :solve_inf
==================================================

Method: solve_inf
Final objective: 365.90535329455577
z*: [22.279777198225155, 22.33708020498593, 22.11840295618017, 21.841549744024768, 22.877017712347104, 22.104869514830305, 21.904712567698105, 22.392307443670823, 21.823184278920188, 22.55712664046873, 21.911919429093494, 21.947101829700067, 21.920634315941378, 22.47461420217146, 22.037235359787836, 12.465304472736957, 12.837089366532805, 12.012158028103354, 12.904589120551886, 13.112054352901819, 12.008503486655595, 12.531229165635946, 12.416020143099072, 13.402726624414267, 12.689987058073225, 12.504268279552402, 12.600530307061913, 13.200637007385435, 12.36427013601357, 13.059888881884458, 7.300034048542418, 7.921461320057549, 7.7014353764653585, 7.2517668758929155, 6.7059000679701946, 7.292442725546696, 7.044731759041586, 7.039359070867338, 6.513085126917847, 6.364321815822311, 7.196029237046876, 7.617566675454416, 7.018150788307228, 7.171029788017311, 7.7203695313483856, 7.327618501655795, 7.15678699365262, 6.899781140074172, 7.351088471286037, 6.941543189849742]
Intervention value: -17.081683860962016

==================================================
Computing order-up-to vector via :find_stationary
==================================================

Method: find_stationary
Final residual: 0.027096569259074155
z*: [22.0, 22.0, 22.0, 22.0, 22.0, 22.0, 22.0, 22.0, 22.0, 22.0, 22.0, 22.0, 22.0, 22.0, 22.0, 12.0, 12.0, 12.0, 12.0, 12.0, 12.0, 12.0, 12.0, 12.0, 12.0, 12.0, 12.0, 12.0, 12.0, 12.0, 7.0, 7.0, 7.0, 7.0, 7.0, 7.0, 7.0, 7.0, 7.0, 7.0, 7.0, 7.0, 7.0, 7.0, 7.0, 7.0, 7.0, 7.0, 7.0, 7.0]
Intervention value: -17.213470458984375

==================================================
Summary:
  solve_inf:       z* = [22, 22, 22, 22, 23, 22, 22, 22, 22, 23, 22, 22, 22, 22, 22, 12, 13, 12, 13, 13, 12, 13, 12, 13, 13, 13, 13, 13, 12, 13, 7, 8, 8, 7, 7, 7, 7, 7, 7, 6, 7, 8, 7, 7, 8, 7, 7, 7, 7, 7]
  find_stationary: z* = [22, 22, 22, 22, 22, 22, 22, 22, 22, 22, 22, 22, 22, 22, 22, 12, 12, 12, 12, 12, 12, 12, 12, 12, 12, 12, 12, 12, 12, 12, 7, 7, 7, 7, 7, 7, 7, 7, 7, 7, 7, 7, 7, 7, 7, 7, 7, 7, 7, 7]
==================================================

============================================================
Evaluating method: solve_inf
============================================================

----------------------------------------
Evaluating ε = -1.25
----------------------------------------
Mean cost: 36131.4196398855 ± 56.08444159512389
  Inventory costs: 18584.471766788985
  Variable costs:  5036.561812279741
  Fixed costs:     12510.386060816718
  Simulation time: 575.0s

----------------------------------------
Evaluating ε = -2.5
----------------------------------------
Mean cost: 36263.46421085394 ± 78.41873206617163
  Inventory costs: 18936.15292361718
  Variable costs:  5046.646784476849
  Fixed costs:     12280.664502759975
  Simulation time: 576.7s

----------------------------------------
Evaluating ε = -5.0
----------------------------------------
Mean cost: 36371.63443738189 ± 69.06767247582307
  Inventory costs: 19585.52082486258
  Variable costs:  5027.775937127279
  Fixed costs:     11758.337675392038
  Simulation time: 579.9s

----------------------------------------
Evaluating ε = -7.5
----------------------------------------
Mean cost: 36653.308928824394 ± 56.10542168302625
  Inventory costs: 20232.548735791945
  Variable costs:  5023.569377519944
  Fixed costs:     11397.190815512513
  Simulation time: 579.0s

----------------------------------------
Evaluating ε = -10.0
----------------------------------------
Mean cost: 37181.366772911904 ± 51.300695205379924
  Inventory costs: 21018.805824806717
  Variable costs:  5037.440198486226
  Fixed costs:     11125.12074961889
  Simulation time: 578.7s

----------------------------------------
Evaluating ε = -12.5
----------------------------------------
Mean cost: 37824.211947548276 ± 84.99245327522527
  Inventory costs: 21893.564556383695
  Variable costs:  5031.395181455223
  Fixed costs:     10899.252209709415
  Simulation time: 586.2s

----------------------------------------
Evaluating ε = -15.0
----------------------------------------
Mean cost: 38384.0622043533 ± 68.42037330758369
  Inventory costs: 22750.467925888515
  Variable costs:  5017.71892574129
  Fixed costs:     10615.875352723546
  Simulation time: 579.5s

----------------------------------------
Evaluating ε = -20.0
----------------------------------------
Mean cost: 39694.906407080634 ± 44.12065521573884
  Inventory costs: 24408.267816520354
  Variable costs:  5028.964491837902
  Fixed costs:     10257.674098722347
  Simulation time: 585.0s

----------------------------------------
Evaluating ε = -25.0
----------------------------------------
Mean cost: 41051.309929381605 ± 67.81137724553868
  Inventory costs: 26106.50510921999
  Variable costs:  5015.921513951224
  Fixed costs:     9928.88330621034
  Simulation time: 582.3s

----------------------------------------
Evaluating ε = -30.0
----------------------------------------
Mean cost: 42796.61992678001 ± 66.71787690016279
  Inventory costs: 28099.197576665192
  Variable costs:  5033.54426575585
  Fixed costs:     9663.87808435904
  Simulation time: 578.3s

----------------------------------------
Evaluating ε = -40.0
----------------------------------------
Mean cost: 46159.804746940914 ± 96.16797175278825
  Inventory costs: 31929.510556047266
  Variable costs:  5027.5999309981835
  Fixed costs:     9202.694259895443
  Simulation time: 577.2s

----------------------------------------
Evaluating ε = -50.0
----------------------------------------
Mean cost: 49752.52849093551 ± 76.39648149989267
  Inventory costs: 35958.37189867154
  Variable costs:  5013.747373850743
  Fixed costs:     8780.409218413162
  Simulation time: 581.9s

----------------------------------------
Evaluating ε = -75.0
----------------------------------------
Mean cost: 60058.439126188765 ± 150.71023140279874
  Inventory costs: 46999.49508856169
  Variable costs:  5020.411548992221
  Fixed costs:     8038.532488634837
  Simulation time: 583.5s

----------------------------------------
Evaluating ε = -100.0
----------------------------------------
Mean cost: 72056.43737480519 ± 120.56042814782188
  Inventory costs: 59584.48517087082
  Variable costs:  5011.080498369805
  Fixed costs:     7460.871705564612
  Simulation time: 577.3s

==================================================
Best epsilon: -1.25 with cost: 36131.4196398855 ± 56.08444159512389
==================================================

============================================================
Evaluating method: find_stationary
============================================================

----------------------------------------
Evaluating ε = -1.25
----------------------------------------
Mean cost: 36135.33865263121 ± 65.5383935529821
  Inventory costs: 18274.893632421048
  Variable costs:  5048.656490004167
  Fixed costs:     12811.788530205964
  Simulation time: 583.7s

----------------------------------------
Evaluating ε = -2.5
----------------------------------------
Mean cost: 36011.245908031604 ± 54.87722581279738
  Inventory costs: 18537.9885675165
  Variable costs:  5029.900309150446
  Fixed costs:     12443.35703136465
  Simulation time: 581.1s

----------------------------------------
Evaluating ε = -5.0
----------------------------------------
Mean cost: 36351.09071790506 ± 54.99308134921509
  Inventory costs: 19265.747241438217
  Variable costs:  5043.809392444512
  Fixed costs:     12041.53408402231
  Simulation time: 582.4s

----------------------------------------
Evaluating ε = -7.5
----------------------------------------
Mean cost: 36656.49370587141 ± 47.0445988660263
  Inventory costs: 19965.612372277566
  Variable costs:  5030.9043859996145
  Fixed costs:     11659.97694759425
  Simulation time: 569.4s

----------------------------------------
Evaluating ε = -10.0
----------------------------------------
Mean cost: 37106.345480878575 ± 44.20959257091844
  Inventory costs: 20775.238388640642
  Variable costs:  5022.6537293942
  Fixed costs:     11308.45336284374
  Simulation time: 569.2s

----------------------------------------
Evaluating ε = -12.5
----------------------------------------
Mean cost: 37665.2072780743 ± 41.31352084836218
  Inventory costs: 21540.32084956514
  Variable costs:  5031.592528086471
  Fixed costs:     11093.29390042277
  Simulation time: 561.0s

----------------------------------------
Evaluating ε = -15.0
----------------------------------------
Mean cost: 38240.86842626029 ± 73.98340712798796
  Inventory costs: 22394.29876182073
  Variable costs:  5024.402827553041
  Fixed costs:     10822.166836886605
  Simulation time: 562.8s

----------------------------------------
Evaluating ε = -20.0
----------------------------------------
Mean cost: 39514.22555019117 ± 66.00349302590729
  Inventory costs: 24012.998566445767
  Variable costs:  5031.3216884681115
  Fixed costs:     10469.905295277282
  Simulation time: 549.0s

----------------------------------------
Evaluating ε = -25.0
----------------------------------------
Mean cost: 41050.51722175714 ± 44.17854325324213
  Inventory costs: 25927.04395214432
  Variable costs:  5020.657390434813
  Fixed costs:     10102.81587917807
  Simulation time: 549.4s

----------------------------------------
Evaluating ε = -30.0
----------------------------------------
Mean cost: 42569.31443644476 ± 48.09864854910899
  Inventory costs: 27729.409493065825
  Variable costs:  5014.305433906312
  Fixed costs:     9825.599509472657
  Simulation time: 546.9s

----------------------------------------
Evaluating ε = -40.0
----------------------------------------
Mean cost: 45869.60651186758 ± 55.657623546163265
  Inventory costs: 31533.39948412385
  Variable costs:  5009.742608814686
  Fixed costs:     9326.464418929045
  Simulation time: 546.0s

----------------------------------------
Evaluating ε = -50.0
----------------------------------------
Mean cost: 49636.56319263059 ± 95.21093667399495
  Inventory costs: 35651.00590714026
  Variable costs:  5022.450025964728
  Fixed costs:     8963.107259525594
  Simulation time: 517.1s

----------------------------------------
Evaluating ε = -75.0
----------------------------------------
Mean cost: 60140.200536432254 ± 93.500395474478
  Inventory costs: 46939.959835701426
  Variable costs:  5018.420011468989
  Fixed costs:     8181.8206892618455
  Simulation time: 439.7s

----------------------------------------
Evaluating ε = -100.0
----------------------------------------
Mean cost: 72059.43466471854 ± 168.51272002498376
  Inventory costs: 59441.648544637836
  Variable costs:  5018.886918988059
  Fixed costs:     7598.899201092738
  Simulation time: 434.6s

==================================================
Best epsilon: -2.5 with cost: 36011.245908031604 ± 54.87722581279738
==================================================
Skipping save for solve_inf: existing cost 35981.474204358834 <= new cost 36131.4196398855
Skipping save for find_stationary: existing cost 35940.767677517724 <= new cost 36011.245908031604

============================================================
FINAL RESULTS SUMMARY
============================================================

Method: solve_inf
  Order-up-to vector: [22, 22, 22, 22, 23, 22, 22, 22, 22, 23, 22, 22, 22, 22, 22, 12, 13, 12, 13, 13, 12, 13, 12, 13, 13, 13, 13, 13, 12, 13, 7, 8, 8, 7, 7, 7, 7, 7, 7, 6, 7, 8, 7, 7, 8, 7, 7, 7, 7, 7]
  Best epsilon: -1.25
  Best cost: 36131.4196398855 ± 56.08444159512389

Method: find_stationary
  Order-up-to vector: [22, 22, 22, 22, 22, 22, 22, 22, 22, 22, 22, 22, 22, 22, 22, 12, 12, 12, 12, 12, 12, 12, 12, 12, 12, 12, 12, 12, 12, 12, 7, 7, 7, 7, 7, 7, 7, 7, 7, 7, 7, 7, 7, 7, 7, 7, 7, 7, 7, 7]
  Best epsilon: -2.5
  Best cost: 36011.245908031604 ± 54.87722581279738

============================================================
Complete! Per-method results saved to:
  output/nn_training/results_50D_CaseLH_solve_inf.json
  output/nn_training/results_50D_CaseLH_find_stationary.json
============================================================

  Activating project at `~/DeepSJRP`
[ Info:  started timer at: 2026-04-28T11:01:01.730
┌ Warning: Layer with Float32 parameters got Float64 input.
│   The input will be converted, but any earlier layers may be very slow.
│   layer = Dense(50 => 1000, elu)  # 51_000 parameters
│   summary(x) = "50-element Vector{Float64}"
└ @ Flux ~/.julia/packages/Flux/DZYiO/src/layers/stateless.jl:60
RUNNING THE L-BFGS-B CODE

           * * *

Machine precision = 2.220D-16
 N =           50     M =           10

At X0         0 variables are exactly at the bounds

At iterate    0    f=  3.66037D+02    |proj g|=  1.61682D-02

At iterate    1    f=  3.66035D+02    |proj g|=  1.63125D-02
  ys=-2.147E-05  -gs= 1.917E-03 BFGS update SKIPPED

At iterate    2    f=  3.65905D+02    |proj g|=  6.66821D-03

           * * *

Tit   = total number of iterations
Tnf   = total number of function evaluations
Tnint = total number of segments explored during Cauchy searches
Skip  = number of BFGS updates skipped
Nact  = number of active bounds at final generalized Cauchy point
Projg = norm of the final projected gradient
F     = final function value

           * * *

   N    Tit     Tnf  Tnint  Skip  Nact     Projg        F
   50      2      6      2     1     0   6.668D-03   3.659D+02
  F =   365.90535329455577     

CONVERGENCE: NORM_OF_PROJECTED_GRADIENT_<=_PGTOL            

 Cauchy                time 0.000E+00 seconds.
 Subspace minimization time 0.000E+00 seconds.
 Line search           time 8.789E-03 seconds.

 Total User time 2.788E+00 seconds.

RUNNING THE L-BFGS-B CODE

           * * *

Machine precision = 2.220D-16
 N =           50     M =           10

At X0         0 variables are exactly at the bounds

At iterate    0    f=  7.34224D-04    |proj g|=  0.00000D+00

           * * *

Tit   = total number of iterations
Tnf   = total number of function evaluations
Tnint = total number of segments explored during Cauchy searches
Skip  = number of BFGS updates skipped
Nact  = number of active bounds at final generalized Cauchy point
Projg = norm of the final projected gradient
F     = final function value

           * * *

   N    Tit     Tnf  Tnint  Skip  Nact     Projg        F
   50      0      1      0     0     0   0.000D+00   7.342D-04
  F =   7.3422406561180246E-004

CONVERGENCE: NORM_OF_PROJECTED_GRADIENT_<=_PGTOL            

 Cauchy                time 0.000E+00 seconds.
 Subspace minimization time 0.000E+00 seconds.
 Line search           time 0.000E+00 seconds.

 Total User time 3.633E-01 seconds.

