
============================================================
DeepSJRP - Stochastic Joint Replenishment Problem Solver
============================================================
Instance: 50D_CaseLH
Options: Dict{Symbol, Any}(:beta_override => 1.0e6, :alpha_override => nothing, :device => :gpu, :nu_override => 0.1, :T_override => 0.1, :seed => 777)
============================================================

Device: CUDA GPU
CUDA toolchain: 
- runtime 12.8, local installation
- driver 580.126.16 for 13.2
- compiler 12.9

CUDA libraries: 
- CUBLAS: 12.8.4
- CURAND: 10.3.9
- CUFFT: 11.3.3
- CUSOLVER: 11.7.3
- CUSPARSE: 12.5.8
- CUPTI: 2025.1.1 (API 12.8.0)
- NVML: 13.0.0+580.126.16

Julia packages: 
- CUDA: 5.11.0
- GPUArrays: 11.4.1
- GPUCompiler: 1.9.1
- KernelAbstractions: 0.9.41
- CUDA_Driver_jll: 13.2.0+0
- CUDA_Compiler_jll: 0.4.2+0
- CUDA_Runtime_jll: 0.21.0+0
- CUDA_Runtime_Discovery: 1.0.0

Toolchain:
- Julia: 1.11.7
- LLVM: 16.0.6

Preferences:
- CUDA_Runtime_jll.version: local

1 device:
  0: NVIDIA H100 80GB HBM3 (sm_90, 79.175 GiB / 79.647 GiB available)
BLAS threads: 1
Julia threads: 10

Benchmark source: QS

============================================================
IMPULSE CONTROL PROBLEM (scaled, annual)
============================================================
Instance: 50D_CaseLH
Dimension: 50
Interest rate: 0.05
Cost scaling κ: 0.01

Drift μ (annual demand rates): [50.0, 50.0, 50.0, 50.0, 50.0, 50.0, 50.0, 50.0, 50.0, 50.0, 50.0, 50.0, 50.0, 50.0, 50.0, 25.0, 25.0, 25.0, 25.0, 25.0, 25.0, 25.0, 25.0, 25.0, 25.0, 25.0, 25.0, 25.0, 25.0, 25.0, 12.5, 12.5, 12.5, 12.5, 12.5, 12.5, 12.5, 12.5, 12.5, 12.5, 12.5, 12.5, 12.5, 12.5, 12.5, 12.5, 12.5, 12.5, 12.5, 12.5]
Covariance Σ diagonal: [50.0, 50.0, 50.0, 50.0, 50.0, 50.0, 50.0, 50.0, 50.0, 50.0, 50.0, 50.0, 50.0, 50.0, 50.0, 25.0, 25.0, 25.0, 25.0, 25.0, 25.0, 25.0, 25.0, 25.0, 25.0, 25.0, 25.0, 25.0, 25.0, 25.0, 12.5, 12.5, 12.5, 12.5, 12.5, 12.5, 12.5, 12.5, 12.5, 12.5, 12.5, 12.5, 12.5, 12.5, 12.5, 12.5, 12.5, 12.5, 12.5, 12.5]

Scaled costs (× κ = 0.01):
  Fixed cost K:    2.5
  Variable costs c: [0.001, 0.001, 0.001, 0.001, 0.001, 0.001, 0.001, 0.001, 0.001, 0.001, 0.001, 0.001, 0.001, 0.001, 0.001, 0.002, 0.002, 0.002, 0.002, 0.002, 0.002, 0.002, 0.002, 0.002, 0.002, 0.002, 0.002, 0.002, 0.002, 0.002, 0.004, 0.004, 0.004, 0.004, 0.004, 0.004, 0.004, 0.004, 0.004, 0.004, 0.004, 0.004, 0.004, 0.004, 0.004, 0.004, 0.004, 0.004, 0.004, 0.004]
  Holding costs h:  [0.01, 0.01, 0.01, 0.01, 0.01, 0.01, 0.01, 0.01, 0.01, 0.01, 0.01, 0.01, 0.01, 0.01, 0.01, 0.02, 0.02, 0.02, 0.02, 0.02, 0.02, 0.02, 0.02, 0.02, 0.02, 0.02, 0.02, 0.02, 0.02, 0.02, 0.04, 0.04, 0.04, 0.04, 0.04, 0.04, 0.04, 0.04, 0.04, 0.04, 0.04, 0.04, 0.04, 0.04, 0.04, 0.04, 0.04, 0.04, 0.04, 0.04]
  Penalty costs p:  [0.25, 0.25, 0.25, 0.25, 0.25, 0.25, 0.25, 0.25, 0.25, 0.25, 0.25, 0.25, 0.25, 0.25, 0.25, 0.5, 0.5, 0.5, 0.5, 0.5, 0.5, 0.5, 0.5, 0.5, 0.5, 0.5, 0.5, 0.5, 0.5, 0.5, 1.0, 1.0, 1.0, 1.0, 1.0, 1.0, 1.0, 1.0, 1.0, 1.0, 1.0, 1.0, 1.0, 1.0, 1.0, 1.0, 1.0, 1.0, 1.0, 1.0]

Original costs (unscaled):
  Fixed cost K:    250.0
  Variable costs c: [0.1, 0.1, 0.1, 0.1, 0.1, 0.1, 0.1, 0.1, 0.1, 0.1, 0.1, 0.1, 0.1, 0.1, 0.1, 0.2, 0.2, 0.2, 0.2, 0.2, 0.2, 0.2, 0.2, 0.2, 0.2, 0.2, 0.2, 0.2, 0.2, 0.2, 0.4, 0.4, 0.4, 0.4, 0.4, 0.4, 0.4, 0.4, 0.4, 0.4, 0.4, 0.4, 0.4, 0.4, 0.4, 0.4, 0.4, 0.4, 0.4, 0.4]
  Holding costs h:  [1.0, 1.0, 1.0, 1.0, 1.0, 1.0, 1.0, 1.0, 1.0, 1.0, 1.0, 1.0, 1.0, 1.0, 1.0, 2.0, 2.0, 2.0, 2.0, 2.0, 2.0, 2.0, 2.0, 2.0, 2.0, 2.0, 2.0, 2.0, 2.0, 2.0, 4.0, 4.0, 4.0, 4.0, 4.0, 4.0, 4.0, 4.0, 4.0, 4.0, 4.0, 4.0, 4.0, 4.0, 4.0, 4.0, 4.0, 4.0, 4.0, 4.0]
  Penalty costs p:  [25.0, 25.0, 25.0, 25.0, 25.0, 25.0, 25.0, 25.0, 25.0, 25.0, 25.0, 25.0, 25.0, 25.0, 25.0, 50.0, 50.0, 50.0, 50.0, 50.0, 50.0, 50.0, 50.0, 50.0, 50.0, 50.0, 50.0, 50.0, 50.0, 50.0, 100.0, 100.0, 100.0, 100.0, 100.0, 100.0, 100.0, 100.0, 100.0, 100.0, 100.0, 100.0, 100.0, 100.0, 100.0, 100.0, 100.0, 100.0, 100.0, 100.0]
============================================================

============================================================
TRAINING HYPERPARAMETERS
============================================================
Benchmark source: QS
Precision:        Float32
Batch size:       5000
Num intervals:    100
T horizon:        0.1
Num iterations:   40000
Learning rates:   [0.001, 0.0002, 0.0001, 1.0e-5, 1.0e-6]
LR steps:         [1, 5000, 10000, 20000, 30000]
Beta penalty:     [1.0, 10.0, 100.0, 1000.0, 10000.0, 1.0e6]
Penalty steps:    [1, 2500, 5000, 7500, 10000, 20000]
Lambda rate:      2.5618794920507937
S guess:          [[22.0, 22.0, 22.0, 22.0, 22.0, 22.0, 22.0, 22.0, 22.0, 22.0, 22.0, 22.0, 22.0, 22.0, 22.0, 12.0, 12.0, 12.0, 12.0, 12.0, 12.0, 12.0, 12.0, 12.0, 12.0, 12.0, 12.0, 12.0, 12.0, 12.0, 7.0, 7.0, 7.0, 7.0, 7.0, 7.0, 7.0, 7.0, 7.0, 7.0, 7.0, 7.0, 7.0, 7.0, 7.0, 7.0, 7.0, 7.0, 7.0, 7.0]]
Nu radius:        0.1
S distribution:   lognormal
Alpha factor:     0.0
Alpha js:         [0.0, 0.0, 0.0, 0.0, 0.0, 0.0, 0.0, 0.0, 0.0, 0.0, 0.0, 0.0, 0.0, 0.0, 0.0, 0.0, 0.0, 0.0, 0.0, 0.0, 0.0, 0.0, 0.0, 0.0, 0.0, 0.0, 0.0, 0.0, 0.0, 0.0, 0.0, 0.0, 0.0, 0.0, 0.0, 0.0, 0.0, 0.0, 0.0, 0.0, 0.0, 0.0, 0.0, 0.0, 0.0, 0.0, 0.0, 0.0, 0.0, 0.0]
Cost scaling:     0.01

Neural network architecture:
  Hidden layers:  4
  Width:          1000
  Activation:     elu

Optimization parameters:
  Start factor:   1.0
  Lower factor:   0.5
  Upper factor:   1.5
  Sim runs:       10
  Sim horizon:    5000
  Epsilons:       [-1.25, -2.5, -5.0, -7.5, -10.0, -12.5, -15.0, -20.0, -25.0, -30.0, -40.0, -50.0, -75.0, -100.0]
============================================================

Gradient network G (∇V):
Chain(
  Dense(50 => 1000, elu),               # 51_000 parameters
  Dense(1000 => 1000, elu),             # 1_001_000 parameters
  Dense(1000 => 1000, elu),             # 1_001_000 parameters
  Dense(1000 => 1000, elu),             # 1_001_000 parameters
  Dense(1000 => 50),                    # 50_050 parameters
)                   # Total: 10 arrays, 3_104_050 parameters, 1.562 KiB.

Value network H (V):
Chain(
  Dense(50 => 1000, elu),               # 51_000 parameters
  Dense(1000 => 1000, elu),             # 1_001_000 parameters
  Dense(1000 => 1000, elu),             # 1_001_000 parameters
  Dense(1000 => 1000, elu),             # 1_001_000 parameters
  Dense(1000 => 1),                     # 1_001 parameters
)                   # Total: 10 arrays, 3_055_001 parameters, 1.562 KiB.


============================================================
Starting neural network training...
============================================================

Starting training with steady-state sampler:
-----------------------------------------
Epoch: 1; Penalty β updated to: 1.0
-----------------------------------------
─── Device check ───
  x_tn: CuArray{Float32} (50, 100, 5000)
  dB: CuArray{Float32} (50, 100, 5000)
  dU: CuArray{Float32} (50, 100, 5000)
  exponentials: CuArray{Float32} (1, 100)
  loss_dB: CuArray{Float32} (1, 5000)
  loss_df: CuArray{Float32} (1, 5000)
  loss_dU: CuArray{Float32} (1, 5000)
  H_x0: CuArray{Float32} (1, 5000)
  H_xT: CuArray{Float32} (1, 5000)
  penalties: CuArray{Float32} (1, 5000)
────────────────────
Epoch: 1; Computation time: 61.327346491; Current value of V(0): 0.0
Lagrangian objective: 3287.494; Average H(x0): 0.0; Quantile-hedge α(β): 47.64000000000001
Simulation time per epoch: 10.588619997; Gradient computation time: 38.852997284; Testing time: 11.141107262
Epoch: 1000; Computation time: 399.838822792; Current value of V(0): 602671.19140625
Lagrangian objective: -11585.557; Average H(x0): 21828.572; Quantile-hedge α(β): 0.16000000000000458
Simulation time per epoch: 0.074021563; Gradient computation time: 0.181402691; Testing time: 0.083117098
Epoch: 2000; Computation time: 738.505755961; Current value of V(0): 624053.564453125
Lagrangian objective: -11525.633; Average H(x0): 21846.56; Quantile-hedge α(β): 0.30000000000000027
Simulation time per epoch: 0.074033143; Gradient computation time: 0.181819107; Testing time: 0.083095765
-----------------------------------------
Epoch: 2500; Penalty β updated to: 10.0
-----------------------------------------
Epoch: 3000; Computation time: 1077.14322784; Current value of V(0): 120372.39990234375
Lagrangian objective: -1823.5072; Average H(x0): 3100.0234; Quantile-hedge α(β): 13.959999999999994
Simulation time per epoch: 0.074096714; Gradient computation time: 0.180871494; Testing time: 0.08297871
Epoch: 4000; Computation time: 1415.689678579; Current value of V(0): 121484.8388671875
Lagrangian objective: -1818.2144; Average H(x0): 3107.5532; Quantile-hedge α(β): 13.419999999999998
Simulation time per epoch: 0.074256197; Gradient computation time: 0.181449752; Testing time: 0.082994063
-----------------------------------------
Epoch: 5000; Penalty β updated to: 100.0
-----------------------------------------
Epoch: 5000; Computation time: 1754.268044104; Current value of V(0): 122563.6962890625
Lagrangian objective: 10111.48; Average H(x0): 3110.1592; Quantile-hedge α(β): 12.8
Simulation time per epoch: 0.074087875; Gradient computation time: 0.181208726; Testing time: 0.082990524
Epoch: 6000; Computation time: 2092.900034784; Current value of V(0): 49065.31066894531
Lagrangian objective: -583.3471; Average H(x0): 774.8754; Quantile-hedge α(β): 33.56
Simulation time per epoch: 0.074138115; Gradient computation time: 0.180945829; Testing time: 0.083087449
Epoch: 7000; Computation time: 2431.364974428; Current value of V(0): 49076.97448730469
Lagrangian objective: -582.0162; Average H(x0): 770.7558; Quantile-hedge α(β): 32.58
Simulation time per epoch: 0.074112385; Gradient computation time: 0.18104153; Testing time: 0.083003766
-----------------------------------------
Epoch: 7500; Penalty β updated to: 1000.0
-----------------------------------------
Epoch: 8000; Computation time: 2770.349276643; Current value of V(0): 37596.27380371094
Lagrangian objective: -380.5312; Average H(x0): 422.6184; Quantile-hedge α(β): 64.0
Simulation time per epoch: 0.073985098; Gradient computation time: 0.18198761; Testing time: 0.083112039
Epoch: 9000; Computation time: 3109.551204894; Current value of V(0): 37888.56201171875
Lagrangian objective: -386.59894; Average H(x0): 425.2003; Quantile-hedge α(β): 59.28
Simulation time per epoch: 0.073853075; Gradient computation time: 0.18282429; Testing time: 0.083430193
-----------------------------------------
Epoch: 10000; Penalty β updated to: 10000.0
-----------------------------------------
Epoch: 10000; Computation time: 3450.597791166; Current value of V(0): 37770.233154296875
Lagrangian objective: -54.31205; Average H(x0): 421.99896; Quantile-hedge α(β): 59.86
Simulation time per epoch: 0.073784636; Gradient computation time: 0.183044879; Testing time: 0.083379622
Epoch: 11000; Computation time: 3791.499183696; Current value of V(0): 36118.89343261719
Lagrangian objective: -346.09824; Average H(x0): 357.3991; Quantile-hedge α(β): 86.96000000000001
Simulation time per epoch: 0.073599965; Gradient computation time: 0.183390347; Testing time: 0.083335898
Epoch: 12000; Computation time: 4132.322360241; Current value of V(0): 36120.196533203125
Lagrangian objective: -336.93777; Average H(x0): 357.11215; Quantile-hedge α(β): 86.72
Simulation time per epoch: 0.073902459; Gradient computation time: 0.1828849; Testing time: 0.08391431
Epoch: 13000; Computation time: 4472.9620796; Current value of V(0): 36294.3603515625
Lagrangian objective: -345.09775; Average H(x0): 359.8656; Quantile-hedge α(β): 86.5
Simulation time per epoch: 0.073834807; Gradient computation time: 0.183088663; Testing time: 0.083528801
Epoch: 14000; Computation time: 4813.413947614; Current value of V(0): 36250.92468261719
Lagrangian objective: -343.7502; Average H(x0): 357.45398; Quantile-hedge α(β): 88.14
Simulation time per epoch: 0.073923907; Gradient computation time: 0.182791014; Testing time: 0.083205681
Epoch: 15000; Computation time: 5153.672837975; Current value of V(0): 36572.772216796875
Lagrangian objective: -342.23743; Average H(x0): 360.2188; Quantile-hedge α(β): 86.8
Simulation time per epoch: 0.073895423; Gradient computation time: 0.195884888; Testing time: 0.083311262
Epoch: 16000; Computation time: 5494.087946237; Current value of V(0): 36215.106201171875
Lagrangian objective: -344.55945; Average H(x0): 353.90054; Quantile-hedge α(β): 91.34
Simulation time per epoch: 0.073750629; Gradient computation time: 0.182317999; Testing time: 0.083446038
Epoch: 17000; Computation time: 5834.429212767; Current value of V(0): 36604.20227050781
Lagrangian objective: -344.06662; Average H(x0): 356.0561; Quantile-hedge α(β): 86.36
Simulation time per epoch: 0.073903593; Gradient computation time: 0.185114178; Testing time: 0.083313986
Epoch: 18000; Computation time: 6174.828809755; Current value of V(0): 36833.33740234375
Lagrangian objective: -348.0399; Average H(x0): 361.329; Quantile-hedge α(β): 87.08
Simulation time per epoch: 0.073916871; Gradient computation time: 0.183822617; Testing time: 0.08341719
Epoch: 19000; Computation time: 6515.207645279; Current value of V(0): 36579.962158203125
Lagrangian objective: -343.24252; Average H(x0): 356.25046; Quantile-hedge α(β): 87.36
Simulation time per epoch: 0.074055174; Gradient computation time: 0.182572386; Testing time: 0.083461752
-----------------------------------------
Epoch: 20000; Penalty β updated to: 1.0e6
-----------------------------------------
Epoch: 20000; Computation time: 6855.565415997; Current value of V(0): 36815.179443359375
Lagrangian objective: 2074.8875; Average H(x0): 361.92264; Quantile-hedge α(β): 81.62
Simulation time per epoch: 0.073932777; Gradient computation time: 0.182089705; Testing time: 0.083258373
Epoch: 21000; Computation time: 7195.791054597; Current value of V(0): 35360.03723144531
Lagrangian objective: -327.8716; Average H(x0): 329.88376; Quantile-hedge α(β): 99.66000000000001
Simulation time per epoch: 0.074132895; Gradient computation time: 0.182411931; Testing time: 0.083231896
Epoch: 22000; Computation time: 7535.991437048; Current value of V(0): 35426.26953125
Lagrangian objective: -328.5676; Average H(x0): 333.2968; Quantile-hedge α(β): 99.22
Simulation time per epoch: 0.073965115; Gradient computation time: 0.189128258; Testing time: 0.083449318
Epoch: 23000; Computation time: 7876.212743146; Current value of V(0): 35270.46203613281
Lagrangian objective: -323.5379; Average H(x0): 331.784; Quantile-hedge α(β): 99.44
Simulation time per epoch: 0.074081195; Gradient computation time: 0.182356518; Testing time: 0.083281948
Epoch: 24000; Computation time: 8216.275335906; Current value of V(0): 35079.5654296875
Lagrangian objective: -326.8121; Average H(x0): 328.1871; Quantile-hedge α(β): 99.64
Simulation time per epoch: 0.074197175; Gradient computation time: 0.182415605; Testing time: 0.083243819
Epoch: 25000; Computation time: 8556.433816986; Current value of V(0): 35050.00305175781
Lagrangian objective: -319.0775; Average H(x0): 326.83124; Quantile-hedge α(β): 99.56
Simulation time per epoch: 0.073981036; Gradient computation time: 0.182278289; Testing time: 0.083300663
Epoch: 26000; Computation time: 8896.674855905; Current value of V(0): 35013.69323730469
Lagrangian objective: -323.18674; Average H(x0): 326.46536; Quantile-hedge α(β): 99.4
Simulation time per epoch: 0.074106364; Gradient computation time: 0.182203366; Testing time: 0.083215756
Epoch: 27000; Computation time: 9236.934752681; Current value of V(0): 34919.85778808594
Lagrangian objective: -323.5833; Average H(x0): 324.3677; Quantile-hedge α(β): 99.78
Simulation time per epoch: 0.074039711; Gradient computation time: 0.182399224; Testing time: 0.08337522
Epoch: 28000; Computation time: 9577.061307559; Current value of V(0): 34732.44323730469
Lagrangian objective: -318.73743; Average H(x0): 320.82608; Quantile-hedge α(β): 99.76
Simulation time per epoch: 0.07398802; Gradient computation time: 0.18999913; Testing time: 0.083307881
Epoch: 29000; Computation time: 9917.180266108; Current value of V(0): 35052.68249511719
Lagrangian objective: -322.0961; Average H(x0): 326.1785; Quantile-hedge α(β): 99.8
Simulation time per epoch: 0.074133528; Gradient computation time: 0.182027916; Testing time: 0.083224111
Epoch: 30000; Computation time: 10257.332084369; Current value of V(0): 35105.70373535156
Lagrangian objective: -322.69296; Average H(x0): 326.60406; Quantile-hedge α(β): 99.52
Simulation time per epoch: 0.073960801; Gradient computation time: 0.182410779; Testing time: 0.083244811
Epoch: 31000; Computation time: 10597.539830144; Current value of V(0): 35622.613525390625
Lagrangian objective: -333.13776; Average H(x0): 336.5136; Quantile-hedge α(β): 99.08
Simulation time per epoch: 0.07389723; Gradient computation time: 0.18217553; Testing time: 0.083306885
Epoch: 32000; Computation time: 10937.81321482; Current value of V(0): 35608.30993652344
Lagrangian objective: -333.24393; Average H(x0): 336.3142; Quantile-hedge α(β): 98.82
Simulation time per epoch: 0.07427549; Gradient computation time: 0.181921189; Testing time: 0.084270025
Epoch: 33000; Computation time: 11277.932322448; Current value of V(0): 35638.40637207031
Lagrangian objective: -334.12167; Average H(x0): 336.8996; Quantile-hedge α(β): 99.32
Simulation time per epoch: 0.073792668; Gradient computation time: 0.182506916; Testing time: 0.083241154
Epoch: 34000; Computation time: 11618.080326606; Current value of V(0): 35582.90100097656
Lagrangian objective: -331.86453; Average H(x0): 335.9012; Quantile-hedge α(β): 99.42
Simulation time per epoch: 0.074096704; Gradient computation time: 0.182482834; Testing time: 0.083607457
Epoch: 35000; Computation time: 11958.269715975; Current value of V(0): 35597.515869140625
Lagrangian objective: -334.31888; Average H(x0): 336.2392; Quantile-hedge α(β): 98.92
Simulation time per epoch: 0.074071853; Gradient computation time: 0.182289707; Testing time: 0.083294405
Epoch: 36000; Computation time: 12298.459620184; Current value of V(0): 35591.6259765625
Lagrangian objective: -334.45013; Average H(x0): 336.14447; Quantile-hedge α(β): 99.0
Simulation time per epoch: 0.074012476; Gradient computation time: 0.182023569; Testing time: 0.083342656
Epoch: 37000; Computation time: 12638.621787888; Current value of V(0): 35598.223876953125
Lagrangian objective: -333.69934; Average H(x0): 336.14664; Quantile-hedge α(β): 99.28
Simulation time per epoch: 0.073899379; Gradient computation time: 0.184810152; Testing time: 0.084330381
Epoch: 38000; Computation time: 12978.83914369; Current value of V(0): 35582.43713378906
Lagrangian objective: -333.21735; Average H(x0): 335.9764; Quantile-hedge α(β): 99.26
Simulation time per epoch: 0.073857811; Gradient computation time: 0.182799058; Testing time: 0.083308173
Epoch: 39000; Computation time: 13318.98900886; Current value of V(0): 35623.31848144531
Lagrangian objective: -332.32736; Average H(x0): 336.71765; Quantile-hedge α(β): 99.18
Simulation time per epoch: 0.073933505; Gradient computation time: 0.182093599; Testing time: 0.083401118
Epoch: 40000; Computation time: 13659.248165672; Current value of V(0): 35637.13073730469
Lagrangian objective: -335.08633; Average H(x0): 336.9549; Quantile-hedge α(β): 99.08
Simulation time per epoch: 0.073976537; Gradient computation time: 0.18236723; Testing time: 0.083317744

Training completed in 13659.248326952 seconds
Final V(0): 35636.529541015625

============================================================
Running policy evaluation...
============================================================


============================================================
INVENTORY PROBLEM (unscaled, weekly)
============================================================
Dimension:       50
Discount factor: 0.9990389236684376
Fixed cost:      250.0
Variable costs:  [0.1, 0.1, 0.1, 0.1, 0.1, 0.1, 0.1, 0.1, 0.1, 0.1, 0.1, 0.1, 0.1, 0.1, 0.1, 0.2, 0.2, 0.2, 0.2, 0.2, 0.2, 0.2, 0.2, 0.2, 0.2, 0.2, 0.2, 0.2, 0.2, 0.2, 0.4, 0.4, 0.4, 0.4, 0.4, 0.4, 0.4, 0.4, 0.4, 0.4, 0.4, 0.4, 0.4, 0.4, 0.4, 0.4, 0.4, 0.4, 0.4, 0.4]
Holding costs:   [0.019230769230769232, 0.019230769230769232, 0.019230769230769232, 0.019230769230769232, 0.019230769230769232, 0.019230769230769232, 0.019230769230769232, 0.019230769230769232, 0.019230769230769232, 0.019230769230769232, 0.019230769230769232, 0.019230769230769232, 0.019230769230769232, 0.019230769230769232, 0.019230769230769232, 0.038461538461538464, 0.038461538461538464, 0.038461538461538464, 0.038461538461538464, 0.038461538461538464, 0.038461538461538464, 0.038461538461538464, 0.038461538461538464, 0.038461538461538464, 0.038461538461538464, 0.038461538461538464, 0.038461538461538464, 0.038461538461538464, 0.038461538461538464, 0.038461538461538464, 0.07692307692307693, 0.07692307692307693, 0.07692307692307693, 0.07692307692307693, 0.07692307692307693, 0.07692307692307693, 0.07692307692307693, 0.07692307692307693, 0.07692307692307693, 0.07692307692307693, 0.07692307692307693, 0.07692307692307693, 0.07692307692307693, 0.07692307692307693, 0.07692307692307693, 0.07692307692307693, 0.07692307692307693, 0.07692307692307693, 0.07692307692307693, 0.07692307692307693]
Backlog costs:   [0.4807692307692308, 0.4807692307692308, 0.4807692307692308, 0.4807692307692308, 0.4807692307692308, 0.4807692307692308, 0.4807692307692308, 0.4807692307692308, 0.4807692307692308, 0.4807692307692308, 0.4807692307692308, 0.4807692307692308, 0.4807692307692308, 0.4807692307692308, 0.4807692307692308, 0.9615384615384616, 0.9615384615384616, 0.9615384615384616, 0.9615384615384616, 0.9615384615384616, 0.9615384615384616, 0.9615384615384616, 0.9615384615384616, 0.9615384615384616, 0.9615384615384616, 0.9615384615384616, 0.9615384615384616, 0.9615384615384616, 0.9615384615384616, 0.9615384615384616, 1.9230769230769231, 1.9230769230769231, 1.9230769230769231, 1.9230769230769231, 1.9230769230769231, 1.9230769230769231, 1.9230769230769231, 1.9230769230769231, 1.9230769230769231, 1.9230769230769231, 1.9230769230769231, 1.9230769230769231, 1.9230769230769231, 1.9230769230769231, 1.9230769230769231, 1.9230769230769231, 1.9230769230769231, 1.9230769230769231, 1.9230769230769231, 1.9230769230769231]
Demand dists:    DataType[Distributions.Poisson{Float64}, Distributions.Poisson{Float64}, Distributions.Poisson{Float64}, Distributions.Poisson{Float64}, Distributions.Poisson{Float64}, Distributions.Poisson{Float64}, Distributions.Poisson{Float64}, Distributions.Poisson{Float64}, Distributions.Poisson{Float64}, Distributions.Poisson{Float64}, Distributions.Poisson{Float64}, Distributions.Poisson{Float64}, Distributions.Poisson{Float64}, Distributions.Poisson{Float64}, Distributions.Poisson{Float64}, Distributions.Poisson{Float64}, Distributions.Poisson{Float64}, Distributions.Poisson{Float64}, Distributions.Poisson{Float64}, Distributions.Poisson{Float64}, Distributions.Poisson{Float64}, Distributions.Poisson{Float64}, Distributions.Poisson{Float64}, Distributions.Poisson{Float64}, Distributions.Poisson{Float64}, Distributions.Poisson{Float64}, Distributions.Poisson{Float64}, Distributions.Poisson{Float64}, Distributions.Poisson{Float64}, Distributions.Poisson{Float64}, Distributions.Poisson{Float64}, Distributions.Poisson{Float64}, Distributions.Poisson{Float64}, Distributions.Poisson{Float64}, Distributions.Poisson{Float64}, Distributions.Poisson{Float64}, Distributions.Poisson{Float64}, Distributions.Poisson{Float64}, Distributions.Poisson{Float64}, Distributions.Poisson{Float64}, Distributions.Poisson{Float64}, Distributions.Poisson{Float64}, Distributions.Poisson{Float64}, Distributions.Poisson{Float64}, Distributions.Poisson{Float64}, Distributions.Poisson{Float64}, Distributions.Poisson{Float64}, Distributions.Poisson{Float64}, Distributions.Poisson{Float64}, Distributions.Poisson{Float64}]
Demand means:    [0.9615384615384616, 0.9615384615384616, 0.9615384615384616, 0.9615384615384616, 0.9615384615384616, 0.9615384615384616, 0.9615384615384616, 0.9615384615384616, 0.9615384615384616, 0.9615384615384616, 0.9615384615384616, 0.9615384615384616, 0.9615384615384616, 0.9615384615384616, 0.9615384615384616, 0.4807692307692308, 0.4807692307692308, 0.4807692307692308, 0.4807692307692308, 0.4807692307692308, 0.4807692307692308, 0.4807692307692308, 0.4807692307692308, 0.4807692307692308, 0.4807692307692308, 0.4807692307692308, 0.4807692307692308, 0.4807692307692308, 0.4807692307692308, 0.4807692307692308, 0.2403846153846154, 0.2403846153846154, 0.2403846153846154, 0.2403846153846154, 0.2403846153846154, 0.2403846153846154, 0.2403846153846154, 0.2403846153846154, 0.2403846153846154, 0.2403846153846154, 0.2403846153846154, 0.2403846153846154, 0.2403846153846154, 0.2403846153846154, 0.2403846153846154, 0.2403846153846154, 0.2403846153846154, 0.2403846153846154, 0.2403846153846154, 0.2403846153846154]
============================================================

==================================================
Computing order-up-to vector via :solve_inf
==================================================

Method: solve_inf
Final objective: 335.81982421875
z*: [22.0, 22.0, 22.0, 22.0, 22.0, 22.0, 22.0, 22.0, 22.0, 22.0, 22.0, 22.0, 22.0, 22.0, 22.0, 12.0, 12.0, 12.0, 12.0, 12.0, 12.0, 12.0, 12.0, 12.0, 12.0, 12.0, 12.0, 12.0, 12.0, 12.0, 7.0, 7.0, 7.0, 7.0, 7.0, 7.0, 7.0, 7.0, 7.0, 7.0, 7.0, 7.0, 7.0, 7.0, 7.0, 7.0, 7.0, 7.0, 7.0, 7.0]
Intervention value: 18.04534912109375

==================================================
Computing order-up-to vector via :find_stationary
==================================================

Method: find_stationary
Final residual: 0.0125634011318743
z*: [22.0, 22.0, 22.0, 22.0, 22.0, 22.0, 22.0, 22.0, 22.0, 22.0, 22.0, 22.0, 22.0, 22.0, 22.0, 12.0, 12.0, 12.0, 12.0, 12.0, 12.0, 12.0, 12.0, 12.0, 12.0, 12.0, 12.0, 12.0, 12.0, 12.0, 7.0, 7.0, 7.0, 7.0, 7.0, 7.0, 7.0, 7.0, 7.0, 7.0, 7.0, 7.0, 7.0, 7.0, 7.0, 7.0, 7.0, 7.0, 7.0, 7.0]
Intervention value: 18.04534912109375

==================================================
Summary:
  solve_inf:       z* = [22, 22, 22, 22, 22, 22, 22, 22, 22, 22, 22, 22, 22, 22, 22, 12, 12, 12, 12, 12, 12, 12, 12, 12, 12, 12, 12, 12, 12, 12, 7, 7, 7, 7, 7, 7, 7, 7, 7, 7, 7, 7, 7, 7, 7, 7, 7, 7, 7, 7]
  find_stationary: z* = [22, 22, 22, 22, 22, 22, 22, 22, 22, 22, 22, 22, 22, 22, 22, 12, 12, 12, 12, 12, 12, 12, 12, 12, 12, 12, 12, 12, 12, 12, 7, 7, 7, 7, 7, 7, 7, 7, 7, 7, 7, 7, 7, 7, 7, 7, 7, 7, 7, 7]
==================================================

============================================================
Evaluating method: solve_inf
============================================================

----------------------------------------
Evaluating ε = -1.25
----------------------------------------
Mean cost: 38896.06186850492 ± 111.37740398501107
  Inventory costs: 17414.277940579406
  Variable costs:  5044.017224541674
  Fixed costs:     16437.76670338383
  Simulation time: 631.3s

----------------------------------------
Evaluating ε = -2.5
----------------------------------------
Mean cost: 37185.27006651996 ± 84.68012853737947
  Inventory costs: 17509.55274155988
  Variable costs:  5050.500319718514
  Fixed costs:     14625.21700524159
  Simulation time: 633.3s

----------------------------------------
Evaluating ε = -5.0
----------------------------------------
Mean cost: 36221.37950043265 ± 72.80234572585884
  Inventory costs: 18485.918626899373
  Variable costs:  5028.102291842172
  Fixed costs:     12707.35858169105
  Simulation time: 622.4s

----------------------------------------
Evaluating ε = -7.5
----------------------------------------
Mean cost: 36536.14115650732 ± 42.61352177677716
  Inventory costs: 19773.11115832922
  Variable costs:  5021.797196677895
  Fixed costs:     11741.232801500195
  Simulation time: 640.3s

----------------------------------------
Evaluating ε = -10.0
----------------------------------------
Mean cost: 37208.00586405563 ± 44.7284127025689
  Inventory costs: 20834.009664640667
  Variable costs:  5035.094866768427
  Fixed costs:     11338.90133264649
  Simulation time: 623.9s

----------------------------------------
Evaluating ε = -12.5
----------------------------------------
Mean cost: 37920.42294338916 ± 90.62868207974945
  Inventory costs: 21893.959011373394
  Variable costs:  5028.38786061853
  Fixed costs:     10998.076071397167
  Simulation time: 630.1s

----------------------------------------
Evaluating ε = -15.0
----------------------------------------
Mean cost: 38597.33799445068 ± 66.54605604159612
  Inventory costs: 22866.00221644147
  Variable costs:  5015.143997547018
  Fixed costs:     10716.191780462164
  Simulation time: 629.9s

----------------------------------------
Evaluating ε = -20.0
----------------------------------------
Mean cost: 40114.839944960375 ± 35.73046732707476
  Inventory costs: 24780.04107488468
  Variable costs:  5025.817630873482
  Fixed costs:     10308.981239202225
  Simulation time: 613.7s

----------------------------------------
Evaluating ε = -25.0
----------------------------------------
Mean cost: 41693.130089484286 ± 76.37690800715542
  Inventory costs: 26705.25879177872
  Variable costs:  5012.87023779435
  Fixed costs:     9975.001059911176
  Simulation time: 604.8s

----------------------------------------
Evaluating ε = -30.0
----------------------------------------
Mean cost: 43550.15135390687 ± 72.04433620874994
  Inventory costs: 28795.526063910096
  Variable costs:  5030.468744850044
  Fixed costs:     9724.156545146672
  Simulation time: 508.0s

----------------------------------------
Evaluating ε = -40.0
----------------------------------------
Mean cost: 47280.09413820337 ± 84.63825678561852
  Inventory costs: 32997.169321347435
  Variable costs:  5024.912879013086
  Fixed costs:     9258.011937842824
  Simulation time: 459.1s

----------------------------------------
Evaluating ε = -50.0
----------------------------------------
Mean cost: 50759.0201402135 ± 134.01335866527586
  Inventory costs: 36899.73150152677
  Variable costs:  5010.702200018341
  Fixed costs:     8848.586438668408
  Simulation time: 448.5s

----------------------------------------
Evaluating ε = -75.0
----------------------------------------
Mean cost: 61623.946082947856 ± 63.96066705359378
  Inventory costs: 48502.49102650379
  Variable costs:  5017.25201759393
  Fixed costs:     8104.203038850146
  Simulation time: 462.3s

----------------------------------------
Evaluating ε = -100.0
----------------------------------------
Mean cost: 73388.41368470885 ± 183.16048211468578
  Inventory costs: 60852.40114780696
  Variable costs:  5008.836809741144
  Fixed costs:     7527.175727160798
  Simulation time: 467.0s

==================================================
Best epsilon: -5.0 with cost: 36221.37950043265 ± 72.80234572585884
==================================================

============================================================
Evaluating method: find_stationary
============================================================

----------------------------------------
Evaluating ε = -1.25
----------------------------------------
Mean cost: 39135.93457633003 ± 124.44491663623164
  Inventory costs: 17452.99466667477
  Variable costs:  5058.694528024956
  Fixed costs:     16624.245381630273
  Simulation time: 458.5s

----------------------------------------
Evaluating ε = -2.5
----------------------------------------
Mean cost: 37087.848486045456 ± 70.13251559467103
  Inventory costs: 17527.928121862504
  Variable costs:  5036.310047241404
  Fixed costs:     14523.610316941598
  Simulation time: 473.0s

----------------------------------------
Evaluating ε = -5.0
----------------------------------------
Mean cost: 36361.49203965218 ± 59.12724924528426
  Inventory costs: 18531.684673128093
  Variable costs:  5046.51768532241
  Fixed costs:     12783.289681201702
  Simulation time: 468.2s

----------------------------------------
Evaluating ε = -7.5
----------------------------------------
Mean cost: 36646.04864644712 ± 56.30462607807845
  Inventory costs: 19776.710520467954
  Variable costs:  5031.483050408553
  Fixed costs:     11837.8550755706
  Simulation time: 466.6s

----------------------------------------
Evaluating ε = -10.0
----------------------------------------
Mean cost: 37210.91233110369 ± 81.61264030477331
  Inventory costs: 20889.379711829737
  Variable costs:  5022.497228945247
  Fixed costs:     11299.035390328641
  Simulation time: 470.7s

----------------------------------------
Evaluating ε = -12.5
----------------------------------------
Mean cost: 37909.12779302057 ± 62.79063790128937
  Inventory costs: 21891.764318059584
  Variable costs:  5030.89900764913
  Fixed costs:     10986.464467311873
  Simulation time: 454.6s

----------------------------------------
Evaluating ε = -15.0
----------------------------------------
Mean cost: 38581.49628374677 ± 49.13687361927002
  Inventory costs: 22845.26523862634
  Variable costs:  5023.647517349419
  Fixed costs:     10712.583527771023
  Simulation time: 460.8s

----------------------------------------
Evaluating ε = -20.0
----------------------------------------
Mean cost: 40011.425520138626 ± 62.02052901996459
  Inventory costs: 24651.066701554293
  Variable costs:  5030.689409525284
  Fixed costs:     10329.669409059054
  Simulation time: 465.8s

----------------------------------------
Evaluating ε = -25.0
----------------------------------------
Mean cost: 41838.50924810486 ± 53.33687269777133
  Inventory costs: 26858.04643110213
  Variable costs:  5019.734502656729
  Fixed costs:     9960.728314346085
  Simulation time: 459.1s

----------------------------------------
Evaluating ε = -30.0
----------------------------------------
Mean cost: 43424.756857341374 ± 85.74100049533324
  Inventory costs: 28707.399197664956
  Variable costs:  5013.886623598213
  Fixed costs:     9703.471036078168
  Simulation time: 463.6s

----------------------------------------
Evaluating ε = -40.0
----------------------------------------
Mean cost: 46925.77741308125 ± 67.24318137971248
  Inventory costs: 32692.887893211584
  Variable costs:  5008.825683443263
  Fixed costs:     9224.063836426481
  Simulation time: 464.9s

----------------------------------------
Evaluating ε = -50.0
----------------------------------------
Mean cost: 50789.30650165163 ± 96.52706987573691
  Inventory costs: 36905.92418857251
  Variable costs:  5021.520410108459
  Fixed costs:     8861.861902970704
  Simulation time: 461.9s

----------------------------------------
Evaluating ε = -75.0
----------------------------------------
Mean cost: 61497.79396406932 ± 134.494557286297
  Inventory costs: 48375.299057747536
  Variable costs:  5017.815353697682
  Fixed costs:     8104.679552624101
  Simulation time: 457.8s

----------------------------------------
Evaluating ε = -100.0
----------------------------------------
Mean cost: 73489.6273408885 ± 160.65411116359212
  Inventory costs: 60948.714166906066
  Variable costs:  5017.98017982378
  Fixed costs:     7522.932994158599
  Simulation time: 465.9s

==================================================
Best epsilon: -5.0 with cost: 36361.49203965218 ± 59.12724924528426
==================================================
Improving solve_inf: 36292.28317853719 -> 36221.37950043265
Results saved to: output/nn_training/results_50D_CaseLH_solve_inf.json
Neural networks saved to: policies/policies50D/neural_networks_50D_CaseLH_solve_inf.bson
Skipping save for find_stationary: existing cost 35940.767677517724 <= new cost 36361.49203965218

============================================================
FINAL RESULTS SUMMARY
============================================================

Method: solve_inf
  Order-up-to vector: [22, 22, 22, 22, 22, 22, 22, 22, 22, 22, 22, 22, 22, 22, 22, 12, 12, 12, 12, 12, 12, 12, 12, 12, 12, 12, 12, 12, 12, 12, 7, 7, 7, 7, 7, 7, 7, 7, 7, 7, 7, 7, 7, 7, 7, 7, 7, 7, 7, 7]
  Best epsilon: -5.0
  Best cost: 36221.37950043265 ± 72.80234572585884

Method: find_stationary
  Order-up-to vector: [22, 22, 22, 22, 22, 22, 22, 22, 22, 22, 22, 22, 22, 22, 22, 12, 12, 12, 12, 12, 12, 12, 12, 12, 12, 12, 12, 12, 12, 12, 7, 7, 7, 7, 7, 7, 7, 7, 7, 7, 7, 7, 7, 7, 7, 7, 7, 7, 7, 7]
  Best epsilon: -5.0
  Best cost: 36361.49203965218 ± 59.12724924528426

============================================================
Complete! Per-method results saved to:
  output/nn_training/results_50D_CaseLH_solve_inf.json
  output/nn_training/results_50D_CaseLH_find_stationary.json
============================================================

  Activating project at `~/DeepSJRP`
[ Info:  started timer at: 2026-04-24T12:40:41.895
┌ Warning: Layer with Float32 parameters got Float64 input.
│   The input will be converted, but any earlier layers may be very slow.
│   layer = Dense(50 => 1000, elu)  # 51_000 parameters
│   summary(x) = "50-element Vector{Float64}"
└ @ Flux ~/.julia/packages/Flux/DZYiO/src/layers/stateless.jl:60
RUNNING THE L-BFGS-B CODE

           * * *

Machine precision = 2.220D-16
 N =           50     M =           10

At X0         0 variables are exactly at the bounds

At iterate    0    f=  3.35820D+02    |proj g|=  2.88383D-03

           * * *

Tit   = total number of iterations
Tnf   = total number of function evaluations
Tnint = total number of segments explored during Cauchy searches
Skip  = number of BFGS updates skipped
Nact  = number of active bounds at final generalized Cauchy point
Projg = norm of the final projected gradient
F     = final function value

           * * *

   N    Tit     Tnf  Tnint  Skip  Nact     Projg        F
   50      0      1      0     0     0   2.884D-03   3.358D+02
  F =   335.81982421875000     

CONVERGENCE: NORM_OF_PROJECTED_GRADIENT_<=_PGTOL            

 Cauchy                time 0.000E+00 seconds.
 Subspace minimization time 0.000E+00 seconds.
 Line search           time 0.000E+00 seconds.

 Total User time 3.008E+00 seconds.

RUNNING THE L-BFGS-B CODE

           * * *

Machine precision = 2.220D-16
 N =           50     M =           10

At X0         0 variables are exactly at the bounds

At iterate    0    f=  1.57839D-04    |proj g|=  2.70071D-06

           * * *

Tit   = total number of iterations
Tnf   = total number of function evaluations
Tnint = total number of segments explored during Cauchy searches
Skip  = number of BFGS updates skipped
Nact  = number of active bounds at final generalized Cauchy point
Projg = norm of the final projected gradient
F     = final function value

           * * *

   N    Tit     Tnf  Tnint  Skip  Nact     Projg        F
   50      0      1      0     0     0   2.701D-06   1.578D-04
  F =   1.5783904800038045E-004

CONVERGENCE: NORM_OF_PROJECTED_GRADIENT_<=_PGTOL            

 Cauchy                time 0.000E+00 seconds.
 Subspace minimization time 0.000E+00 seconds.
 Line search           time 0.000E+00 seconds.

 Total User time 3.477E-01 seconds.

