
============================================================
DeepSJRP - Stochastic Joint Replenishment Problem Solver
============================================================
Instance: 50D_CaseLM
Options: Dict{Symbol, Any}(:beta_override => 100000.0, :alpha_override => nothing, :device => :gpu, :nu_override => 0.4, :T_override => 0.1, :seed => 777)
============================================================

Device: CUDA GPU
CUDA toolchain: 
- runtime 12.8, local installation
- driver 580.126.20 for 13.2
- compiler 12.9

CUDA libraries: 
- CUBLAS: 12.8.4
- CURAND: 10.3.9
- CUFFT: 11.3.3
- CUSOLVER: 11.7.3
- CUSPARSE: 12.5.8
- CUPTI: 2025.1.1 (API 12.8.0)
- NVML: 13.0.0+580.126.20

Julia packages: 
- CUDA: 5.11.0
- GPUArrays: 11.4.1
- GPUCompiler: 1.9.1
- KernelAbstractions: 0.9.41
- CUDA_Driver_jll: 13.2.0+0
- CUDA_Compiler_jll: 0.4.2+0
- CUDA_Runtime_jll: 0.21.0+0
- CUDA_Runtime_Discovery: 1.0.0

Toolchain:
- Julia: 1.11.7
- LLVM: 16.0.6

Preferences:
- CUDA_Runtime_jll.version: local

1 device:
  0: NVIDIA H100 80GB HBM3 (sm_90, 79.175 GiB / 79.647 GiB available)
BLAS threads: 1
Julia threads: 10

Benchmark source: QS

============================================================
IMPULSE CONTROL PROBLEM (scaled, annual)
============================================================
Instance: 50D_CaseLM
Dimension: 50
Interest rate: 0.05
Cost scaling κ: 0.01

Drift μ (annual demand rates): [50.0, 50.0, 50.0, 50.0, 50.0, 50.0, 50.0, 50.0, 50.0, 50.0, 50.0, 50.0, 50.0, 50.0, 50.0, 25.0, 25.0, 25.0, 25.0, 25.0, 25.0, 25.0, 25.0, 25.0, 25.0, 25.0, 25.0, 25.0, 25.0, 25.0, 12.5, 12.5, 12.5, 12.5, 12.5, 12.5, 12.5, 12.5, 12.5, 12.5, 12.5, 12.5, 12.5, 12.5, 12.5, 12.5, 12.5, 12.5, 12.5, 12.5]
Covariance Σ diagonal: [50.0, 50.0, 50.0, 50.0, 50.0, 50.0, 50.0, 50.0, 50.0, 50.0, 50.0, 50.0, 50.0, 50.0, 50.0, 25.0, 25.0, 25.0, 25.0, 25.0, 25.0, 25.0, 25.0, 25.0, 25.0, 25.0, 25.0, 25.0, 25.0, 25.0, 12.5, 12.5, 12.5, 12.5, 12.5, 12.5, 12.5, 12.5, 12.5, 12.5, 12.5, 12.5, 12.5, 12.5, 12.5, 12.5, 12.5, 12.5, 12.5, 12.5]

Scaled costs (× κ = 0.01):
  Fixed cost K:    1.5
  Variable costs c: [0.001, 0.001, 0.001, 0.001, 0.001, 0.001, 0.001, 0.001, 0.001, 0.001, 0.001, 0.001, 0.001, 0.001, 0.001, 0.002, 0.002, 0.002, 0.002, 0.002, 0.002, 0.002, 0.002, 0.002, 0.002, 0.002, 0.002, 0.002, 0.002, 0.002, 0.004, 0.004, 0.004, 0.004, 0.004, 0.004, 0.004, 0.004, 0.004, 0.004, 0.004, 0.004, 0.004, 0.004, 0.004, 0.004, 0.004, 0.004, 0.004, 0.004]
  Holding costs h:  [0.01, 0.01, 0.01, 0.01, 0.01, 0.01, 0.01, 0.01, 0.01, 0.01, 0.01, 0.01, 0.01, 0.01, 0.01, 0.02, 0.02, 0.02, 0.02, 0.02, 0.02, 0.02, 0.02, 0.02, 0.02, 0.02, 0.02, 0.02, 0.02, 0.02, 0.04, 0.04, 0.04, 0.04, 0.04, 0.04, 0.04, 0.04, 0.04, 0.04, 0.04, 0.04, 0.04, 0.04, 0.04, 0.04, 0.04, 0.04, 0.04, 0.04]
  Penalty costs p:  [0.25, 0.25, 0.25, 0.25, 0.25, 0.25, 0.25, 0.25, 0.25, 0.25, 0.25, 0.25, 0.25, 0.25, 0.25, 0.5, 0.5, 0.5, 0.5, 0.5, 0.5, 0.5, 0.5, 0.5, 0.5, 0.5, 0.5, 0.5, 0.5, 0.5, 1.0, 1.0, 1.0, 1.0, 1.0, 1.0, 1.0, 1.0, 1.0, 1.0, 1.0, 1.0, 1.0, 1.0, 1.0, 1.0, 1.0, 1.0, 1.0, 1.0]

Original costs (unscaled):
  Fixed cost K:    150.0
  Variable costs c: [0.1, 0.1, 0.1, 0.1, 0.1, 0.1, 0.1, 0.1, 0.1, 0.1, 0.1, 0.1, 0.1, 0.1, 0.1, 0.2, 0.2, 0.2, 0.2, 0.2, 0.2, 0.2, 0.2, 0.2, 0.2, 0.2, 0.2, 0.2, 0.2, 0.2, 0.4, 0.4, 0.4, 0.4, 0.4, 0.4, 0.4, 0.4, 0.4, 0.4, 0.4, 0.4, 0.4, 0.4, 0.4, 0.4, 0.4, 0.4, 0.4, 0.4]
  Holding costs h:  [1.0, 1.0, 1.0, 1.0, 1.0, 1.0, 1.0, 1.0, 1.0, 1.0, 1.0, 1.0, 1.0, 1.0, 1.0, 2.0, 2.0, 2.0, 2.0, 2.0, 2.0, 2.0, 2.0, 2.0, 2.0, 2.0, 2.0, 2.0, 2.0, 2.0, 4.0, 4.0, 4.0, 4.0, 4.0, 4.0, 4.0, 4.0, 4.0, 4.0, 4.0, 4.0, 4.0, 4.0, 4.0, 4.0, 4.0, 4.0, 4.0, 4.0]
  Penalty costs p:  [25.0, 25.0, 25.0, 25.0, 25.0, 25.0, 25.0, 25.0, 25.0, 25.0, 25.0, 25.0, 25.0, 25.0, 25.0, 50.0, 50.0, 50.0, 50.0, 50.0, 50.0, 50.0, 50.0, 50.0, 50.0, 50.0, 50.0, 50.0, 50.0, 50.0, 100.0, 100.0, 100.0, 100.0, 100.0, 100.0, 100.0, 100.0, 100.0, 100.0, 100.0, 100.0, 100.0, 100.0, 100.0, 100.0, 100.0, 100.0, 100.0, 100.0]
============================================================

============================================================
TRAINING HYPERPARAMETERS
============================================================
Benchmark source: QS
Precision:        Float32
Batch size:       5000
Num intervals:    100
T horizon:        0.1
Num iterations:   40000
Learning rates:   [0.001, 0.0002, 0.0001, 1.0e-5, 1.0e-6]
LR steps:         [1, 5000, 10000, 20000, 30000]
Beta penalty:     [1.0, 10.0, 100.0, 1000.0, 10000.0, 100000.0]
Penalty steps:    [1, 2500, 5000, 7500, 10000, 20000]
Lambda rate:      3.205862653734628
S guess:          [[18.0, 18.0, 18.0, 18.0, 18.0, 18.0, 18.0, 18.0, 18.0, 18.0, 18.0, 18.0, 18.0, 18.0, 18.0, 10.0, 10.0, 10.0, 10.0, 10.0, 10.0, 10.0, 10.0, 10.0, 10.0, 10.0, 10.0, 10.0, 10.0, 10.0, 6.0, 6.0, 6.0, 6.0, 6.0, 6.0, 6.0, 6.0, 6.0, 6.0, 6.0, 6.0, 6.0, 6.0, 6.0, 6.0, 6.0, 6.0, 6.0, 6.0]]
Nu radius:        0.4
S distribution:   lognormal
Alpha factor:     0.0
Alpha js:         [0.0, 0.0, 0.0, 0.0, 0.0, 0.0, 0.0, 0.0, 0.0, 0.0, 0.0, 0.0, 0.0, 0.0, 0.0, 0.0, 0.0, 0.0, 0.0, 0.0, 0.0, 0.0, 0.0, 0.0, 0.0, 0.0, 0.0, 0.0, 0.0, 0.0, 0.0, 0.0, 0.0, 0.0, 0.0, 0.0, 0.0, 0.0, 0.0, 0.0, 0.0, 0.0, 0.0, 0.0, 0.0, 0.0, 0.0, 0.0, 0.0, 0.0]
Cost scaling:     0.01

Neural network architecture:
  Hidden layers:  4
  Width:          1000
  Activation:     elu

Optimization parameters:
  Start factor:   1.0
  Lower factor:   0.5
  Upper factor:   1.5
  Sim runs:       10
  Sim horizon:    5000
  Epsilons:       [-1.25, -2.5, -5.0, -7.5, -10.0, -12.5, -15.0, -20.0, -25.0, -30.0, -40.0, -50.0, -75.0, -100.0]
============================================================

Gradient network G (∇V):
Chain(
  Dense(50 => 1000, elu),               # 51_000 parameters
  Dense(1000 => 1000, elu),             # 1_001_000 parameters
  Dense(1000 => 1000, elu),             # 1_001_000 parameters
  Dense(1000 => 1000, elu),             # 1_001_000 parameters
  Dense(1000 => 50),                    # 50_050 parameters
)                   # Total: 10 arrays, 3_104_050 parameters, 1.562 KiB.

Value network H (V):
Chain(
  Dense(50 => 1000, elu),               # 51_000 parameters
  Dense(1000 => 1000, elu),             # 1_001_000 parameters
  Dense(1000 => 1000, elu),             # 1_001_000 parameters
  Dense(1000 => 1000, elu),             # 1_001_000 parameters
  Dense(1000 => 1),                     # 1_001 parameters
)                   # Total: 10 arrays, 3_055_001 parameters, 1.562 KiB.


============================================================
Starting neural network training...
============================================================

Starting training with steady-state sampler:
-----------------------------------------
Epoch: 1; Penalty β updated to: 1.0
-----------------------------------------
─── Device check ───
  x_tn: CuArray{Float32} (50, 100, 5000)
  dB: CuArray{Float32} (50, 100, 5000)
  dU: CuArray{Float32} (50, 100, 5000)
  exponentials: CuArray{Float32} (1, 100)
  loss_dB: CuArray{Float32} (1, 5000)
  loss_df: CuArray{Float32} (1, 5000)
  loss_dU: CuArray{Float32} (1, 5000)
  H_x0: CuArray{Float32} (1, 5000)
  H_xT: CuArray{Float32} (1, 5000)
  penalties: CuArray{Float32} (1, 5000)
────────────────────
Epoch: 1; Computation time: 54.672572091; Current value of V(0): 0.0
Lagrangian objective: 3341.306; Average H(x0): 0.0; Quantile-hedge α(β): 47.78
Simulation time per epoch: 9.734889748; Gradient computation time: 34.087396493; Testing time: 10.156952458
Epoch: 1000; Computation time: 391.906565767; Current value of V(0): 931452.24609375
Lagrangian objective: -11294.368; Average H(x0): 21475.332; Quantile-hedge α(β): 0.039999999999995595
Simulation time per epoch: 0.074086295; Gradient computation time: 0.182010794; Testing time: 0.082868243
Epoch: 2000; Computation time: 729.040702581; Current value of V(0): 1.13779169921875e6
Lagrangian objective: -11233.554; Average H(x0): 21471.79; Quantile-hedge α(β): 0.019999999999997797
Simulation time per epoch: 0.074063858; Gradient computation time: 0.18029632; Testing time: 0.082859649
-----------------------------------------
Epoch: 2500; Penalty β updated to: 10.0
-----------------------------------------
Epoch: 3000; Computation time: 1066.37817625; Current value of V(0): 187403.89404296875
Lagrangian objective: -1771.9775; Average H(x0): 2980.0676; Quantile-hedge α(β): 10.98
Simulation time per epoch: 0.073990743; Gradient computation time: 0.180502204; Testing time: 0.083159548
Epoch: 4000; Computation time: 1403.647532573; Current value of V(0): 187931.09130859375
Lagrangian objective: -1770.1614; Average H(x0): 2976.8945; Quantile-hedge α(β): 10.040000000000004
Simulation time per epoch: 0.074064619; Gradient computation time: 0.180152127; Testing time: 0.082862417
-----------------------------------------
Epoch: 5000; Penalty β updated to: 100.0
-----------------------------------------
Epoch: 5000; Computation time: 1740.858705221; Current value of V(0): 189877.64892578125
Lagrangian objective: 9643.446; Average H(x0): 2996.8076; Quantile-hedge α(β): 9.640000000000004
Simulation time per epoch: 0.07401121; Gradient computation time: 0.180446062; Testing time: 0.082850447
Epoch: 6000; Computation time: 2078.109797404; Current value of V(0): 62408.203125
Lagrangian objective: -566.82794; Average H(x0): 753.62494; Quantile-hedge α(β): 31.740000000000002
Simulation time per epoch: 0.074102836; Gradient computation time: 0.181111067; Testing time: 0.082858212
Epoch: 7000; Computation time: 2415.375197601; Current value of V(0): 62498.052978515625
Lagrangian objective: -569.8096; Average H(x0): 755.6261; Quantile-hedge α(β): 31.120000000000005
Simulation time per epoch: 0.074148104; Gradient computation time: 0.180326236; Testing time: 0.082861754
-----------------------------------------
Epoch: 7500; Penalty β updated to: 1000.0
-----------------------------------------
Epoch: 8000; Computation time: 2752.557908683; Current value of V(0): 42398.980712890625
Lagrangian objective: -383.11206; Average H(x0): 424.7014; Quantile-hedge α(β): 64.46000000000001
Simulation time per epoch: 0.074084925; Gradient computation time: 0.182059497; Testing time: 0.082860032
Epoch: 9000; Computation time: 3089.447837237; Current value of V(0): 42561.23046875
Lagrangian objective: -384.17334; Average H(x0): 428.52094; Quantile-hedge α(β): 64.28
Simulation time per epoch: 0.074047679; Gradient computation time: 0.179940417; Testing time: 0.08275923
-----------------------------------------
Epoch: 10000; Penalty β updated to: 10000.0
-----------------------------------------
Epoch: 10000; Computation time: 3426.524155445; Current value of V(0): 42370.33996582031
Lagrangian objective: 12.1638; Average H(x0): 426.18796; Quantile-hedge α(β): 65.02
Simulation time per epoch: 0.073968076; Gradient computation time: 0.179863164; Testing time: 0.082763642
Epoch: 11000; Computation time: 3763.671825216; Current value of V(0): 37730.865478515625
Lagrangian objective: -329.78284; Average H(x0): 348.03854; Quantile-hedge α(β): 89.24
Simulation time per epoch: 0.074071826; Gradient computation time: 0.180204027; Testing time: 0.082858845
Epoch: 12000; Computation time: 4100.988529441; Current value of V(0): 37948.23913574219
Lagrangian objective: -330.06918; Average H(x0): 351.30328; Quantile-hedge α(β): 89.92
Simulation time per epoch: 0.074082218; Gradient computation time: 0.180352567; Testing time: 0.082876719
Epoch: 13000; Computation time: 4438.247851825; Current value of V(0): 37723.41003417969
Lagrangian objective: -332.00836; Average H(x0): 348.4174; Quantile-hedge α(β): 91.08000000000001
Simulation time per epoch: 0.074131317; Gradient computation time: 0.18033267; Testing time: 0.082844125
Epoch: 14000; Computation time: 4775.558152722; Current value of V(0): 37381.54602050781
Lagrangian objective: -329.1997; Average H(x0): 343.0673; Quantile-hedge α(β): 92.10000000000001
Simulation time per epoch: 0.074117282; Gradient computation time: 0.180060134; Testing time: 0.082885962
Epoch: 15000; Computation time: 5112.799500471; Current value of V(0): 38152.8076171875
Lagrangian objective: -326.4606; Average H(x0): 356.0359; Quantile-hedge α(β): 85.2
Simulation time per epoch: 0.073860753; Gradient computation time: 0.180645555; Testing time: 0.083512908
Epoch: 16000; Computation time: 5450.065543231; Current value of V(0): 37610.24169921875
Lagrangian objective: -326.3011; Average H(x0): 347.55252; Quantile-hedge α(β): 89.06
Simulation time per epoch: 0.074078283; Gradient computation time: 0.180069585; Testing time: 0.082882694
Epoch: 17000; Computation time: 5787.303528639; Current value of V(0): 37744.58312988281
Lagrangian objective: -330.2903; Average H(x0): 348.9716; Quantile-hedge α(β): 90.2
Simulation time per epoch: 0.07410501; Gradient computation time: 0.180897088; Testing time: 0.082855521
Epoch: 18000; Computation time: 6124.55827568; Current value of V(0): 37826.91345214844
Lagrangian objective: -334.27496; Average H(x0): 350.09644; Quantile-hedge α(β): 90.84
Simulation time per epoch: 0.074106864; Gradient computation time: 0.179998843; Testing time: 0.082845053
Epoch: 19000; Computation time: 6461.775918128; Current value of V(0): 37941.00341796875
Lagrangian objective: -336.9162; Average H(x0): 349.56274; Quantile-hedge α(β): 90.72
Simulation time per epoch: 0.074089935; Gradient computation time: 0.18025694; Testing time: 0.082856334
-----------------------------------------
Epoch: 20000; Penalty β updated to: 100000.0
-----------------------------------------
Epoch: 20000; Computation time: 6798.991483955; Current value of V(0): 38290.51208496094
Lagrangian objective: -209.5431; Average H(x0): 352.91437; Quantile-hedge α(β): 87.98
Simulation time per epoch: 0.074010185; Gradient computation time: 0.180342739; Testing time: 0.082874913
Epoch: 21000; Computation time: 7136.230316374; Current value of V(0): 36808.58154296875
Lagrangian objective: -319.2282; Average H(x0): 330.4905; Quantile-hedge α(β): 96.89999999999999
Simulation time per epoch: 0.074113068; Gradient computation time: 0.180157308; Testing time: 0.082870851
Epoch: 22000; Computation time: 7473.472944946; Current value of V(0): 36686.956787109375
Lagrangian objective: -318.85208; Average H(x0): 328.21744; Quantile-hedge α(β): 97.38
Simulation time per epoch: 0.07410652; Gradient computation time: 0.180192698; Testing time: 0.082896678
Epoch: 23000; Computation time: 7810.73201304; Current value of V(0): 36745.84045410156
Lagrangian objective: -320.57294; Average H(x0): 328.53592; Quantile-hedge α(β): 97.8
Simulation time per epoch: 0.074087791; Gradient computation time: 0.180193763; Testing time: 0.082879724
Epoch: 24000; Computation time: 8147.99458138; Current value of V(0): 36811.87438964844
Lagrangian objective: -320.27914; Average H(x0): 328.39026; Quantile-hedge α(β): 98.08
Simulation time per epoch: 0.074089679; Gradient computation time: 0.181226253; Testing time: 0.08302396
Epoch: 25000; Computation time: 8485.192805063; Current value of V(0): 36497.31750488281
Lagrangian objective: -309.6364; Average H(x0): 322.4496; Quantile-hedge α(β): 97.98
Simulation time per epoch: 0.07410615; Gradient computation time: 0.180351942; Testing time: 0.082834219
Epoch: 26000; Computation time: 8822.253515798; Current value of V(0): 37075.238037109375
Lagrangian objective: 30.948925; Average H(x0): 329.5949; Quantile-hedge α(β): 96.6
Simulation time per epoch: 0.073995284; Gradient computation time: 0.180014767; Testing time: 0.082807936
Epoch: 27000; Computation time: 9159.25549978; Current value of V(0): 37133.935546875
Lagrangian objective: -313.5757; Average H(x0): 329.07874; Quantile-hedge α(β): 97.84
Simulation time per epoch: 0.074061307; Gradient computation time: 0.179934309; Testing time: 0.08272832
Epoch: 28000; Computation time: 9496.196744898; Current value of V(0): 37121.37145996094
Lagrangian objective: -311.66528; Average H(x0): 327.1118; Quantile-hedge α(β): 95.67999999999999
Simulation time per epoch: 0.074112345; Gradient computation time: 0.180071768; Testing time: 0.082859093
Epoch: 29000; Computation time: 9833.424424222; Current value of V(0): 37399.59411621094
Lagrangian objective: -321.346; Average H(x0): 328.96265; Quantile-hedge α(β): 97.8
Simulation time per epoch: 0.074130205; Gradient computation time: 0.180512462; Testing time: 0.082867511
Epoch: 30000; Computation time: 10170.656972066; Current value of V(0): 37602.008056640625
Lagrangian objective: -319.93454; Average H(x0): 329.89175; Quantile-hedge α(β): 96.86
Simulation time per epoch: 0.074096057; Gradient computation time: 0.180263207; Testing time: 0.082878941
Epoch: 31000; Computation time: 10507.638486929; Current value of V(0): 37740.203857421875
Lagrangian objective: -325.23776; Average H(x0): 331.55154; Quantile-hedge α(β): 97.0
Simulation time per epoch: 0.074030534; Gradient computation time: 0.17988187; Testing time: 0.082792863
Epoch: 32000; Computation time: 10844.586461074; Current value of V(0): 37742.66052246094
Lagrangian objective: -322.7174; Average H(x0): 331.40875; Quantile-hedge α(β): 97.04
Simulation time per epoch: 0.074068345; Gradient computation time: 0.180198862; Testing time: 0.082855206
Epoch: 33000; Computation time: 11181.722755558; Current value of V(0): 37754.34875488281
Lagrangian objective: -320.1582; Average H(x0): 331.41245; Quantile-hedge α(β): 96.8
Simulation time per epoch: 0.072350043; Gradient computation time: 0.180054295; Testing time: 0.08284278
Epoch: 34000; Computation time: 11518.908940435; Current value of V(0): 37779.107666015625
Lagrangian objective: -323.6118; Average H(x0): 331.532; Quantile-hedge α(β): 95.98
Simulation time per epoch: 0.074104696; Gradient computation time: 0.180285063; Testing time: 0.082846076
Epoch: 35000; Computation time: 11856.12699492; Current value of V(0): 37817.77038574219
Lagrangian objective: -323.3798; Average H(x0): 331.93878; Quantile-hedge α(β): 96.52000000000001
Simulation time per epoch: 0.074109526; Gradient computation time: 0.180158184; Testing time: 0.082857173
Epoch: 36000; Computation time: 12193.274955935; Current value of V(0): 37847.22595214844
Lagrangian objective: -325.14993; Average H(x0): 332.13724; Quantile-hedge α(β): 96.48
Simulation time per epoch: 0.074097216; Gradient computation time: 0.180098276; Testing time: 0.082846594
Epoch: 37000; Computation time: 12530.522261527; Current value of V(0): 37808.88366699219
Lagrangian objective: -326.22885; Average H(x0): 331.18695; Quantile-hedge α(β): 97.26
Simulation time per epoch: 0.074120198; Gradient computation time: 0.180075157; Testing time: 0.082861123
Epoch: 38000; Computation time: 12868.702306222; Current value of V(0): 37896.160888671875
Lagrangian objective: -321.58716; Average H(x0): 332.1821; Quantile-hedge α(β): 96.08
Simulation time per epoch: 0.073885585; Gradient computation time: 0.188263067; Testing time: 0.083763344
Epoch: 39000; Computation time: 13208.295480789; Current value of V(0): 37867.47741699219
Lagrangian objective: -321.92184; Average H(x0): 331.60553; Quantile-hedge α(β): 96.82
Simulation time per epoch: 0.073706767; Gradient computation time: 0.182041164; Testing time: 0.083465859
Epoch: 40000; Computation time: 13547.984411604; Current value of V(0): 37858.30383300781
Lagrangian objective: -326.63934; Average H(x0): 331.3531; Quantile-hedge α(β): 96.41999999999999
Simulation time per epoch: 0.073769085; Gradient computation time: 0.181142455; Testing time: 0.083365853

Training completed in 13547.984547108 seconds
Final V(0): 37856.84814453125

============================================================
Running policy evaluation...
============================================================


============================================================
INVENTORY PROBLEM (unscaled, weekly)
============================================================
Dimension:       50
Discount factor: 0.9990389236684376
Fixed cost:      150.0
Variable costs:  [0.1, 0.1, 0.1, 0.1, 0.1, 0.1, 0.1, 0.1, 0.1, 0.1, 0.1, 0.1, 0.1, 0.1, 0.1, 0.2, 0.2, 0.2, 0.2, 0.2, 0.2, 0.2, 0.2, 0.2, 0.2, 0.2, 0.2, 0.2, 0.2, 0.2, 0.4, 0.4, 0.4, 0.4, 0.4, 0.4, 0.4, 0.4, 0.4, 0.4, 0.4, 0.4, 0.4, 0.4, 0.4, 0.4, 0.4, 0.4, 0.4, 0.4]
Holding costs:   [0.019230769230769232, 0.019230769230769232, 0.019230769230769232, 0.019230769230769232, 0.019230769230769232, 0.019230769230769232, 0.019230769230769232, 0.019230769230769232, 0.019230769230769232, 0.019230769230769232, 0.019230769230769232, 0.019230769230769232, 0.019230769230769232, 0.019230769230769232, 0.019230769230769232, 0.038461538461538464, 0.038461538461538464, 0.038461538461538464, 0.038461538461538464, 0.038461538461538464, 0.038461538461538464, 0.038461538461538464, 0.038461538461538464, 0.038461538461538464, 0.038461538461538464, 0.038461538461538464, 0.038461538461538464, 0.038461538461538464, 0.038461538461538464, 0.038461538461538464, 0.07692307692307693, 0.07692307692307693, 0.07692307692307693, 0.07692307692307693, 0.07692307692307693, 0.07692307692307693, 0.07692307692307693, 0.07692307692307693, 0.07692307692307693, 0.07692307692307693, 0.07692307692307693, 0.07692307692307693, 0.07692307692307693, 0.07692307692307693, 0.07692307692307693, 0.07692307692307693, 0.07692307692307693, 0.07692307692307693, 0.07692307692307693, 0.07692307692307693]
Backlog costs:   [0.4807692307692308, 0.4807692307692308, 0.4807692307692308, 0.4807692307692308, 0.4807692307692308, 0.4807692307692308, 0.4807692307692308, 0.4807692307692308, 0.4807692307692308, 0.4807692307692308, 0.4807692307692308, 0.4807692307692308, 0.4807692307692308, 0.4807692307692308, 0.4807692307692308, 0.9615384615384616, 0.9615384615384616, 0.9615384615384616, 0.9615384615384616, 0.9615384615384616, 0.9615384615384616, 0.9615384615384616, 0.9615384615384616, 0.9615384615384616, 0.9615384615384616, 0.9615384615384616, 0.9615384615384616, 0.9615384615384616, 0.9615384615384616, 0.9615384615384616, 1.9230769230769231, 1.9230769230769231, 1.9230769230769231, 1.9230769230769231, 1.9230769230769231, 1.9230769230769231, 1.9230769230769231, 1.9230769230769231, 1.9230769230769231, 1.9230769230769231, 1.9230769230769231, 1.9230769230769231, 1.9230769230769231, 1.9230769230769231, 1.9230769230769231, 1.9230769230769231, 1.9230769230769231, 1.9230769230769231, 1.9230769230769231, 1.9230769230769231]
Demand dists:    DataType[Distributions.Poisson{Float64}, Distributions.Poisson{Float64}, Distributions.Poisson{Float64}, Distributions.Poisson{Float64}, Distributions.Poisson{Float64}, Distributions.Poisson{Float64}, Distributions.Poisson{Float64}, Distributions.Poisson{Float64}, Distributions.Poisson{Float64}, Distributions.Poisson{Float64}, Distributions.Poisson{Float64}, Distributions.Poisson{Float64}, Distributions.Poisson{Float64}, Distributions.Poisson{Float64}, Distributions.Poisson{Float64}, Distributions.Poisson{Float64}, Distributions.Poisson{Float64}, Distributions.Poisson{Float64}, Distributions.Poisson{Float64}, Distributions.Poisson{Float64}, Distributions.Poisson{Float64}, Distributions.Poisson{Float64}, Distributions.Poisson{Float64}, Distributions.Poisson{Float64}, Distributions.Poisson{Float64}, Distributions.Poisson{Float64}, Distributions.Poisson{Float64}, Distributions.Poisson{Float64}, Distributions.Poisson{Float64}, Distributions.Poisson{Float64}, Distributions.Poisson{Float64}, Distributions.Poisson{Float64}, Distributions.Poisson{Float64}, Distributions.Poisson{Float64}, Distributions.Poisson{Float64}, Distributions.Poisson{Float64}, Distributions.Poisson{Float64}, Distributions.Poisson{Float64}, Distributions.Poisson{Float64}, Distributions.Poisson{Float64}, Distributions.Poisson{Float64}, Distributions.Poisson{Float64}, Distributions.Poisson{Float64}, Distributions.Poisson{Float64}, Distributions.Poisson{Float64}, Distributions.Poisson{Float64}, Distributions.Poisson{Float64}, Distributions.Poisson{Float64}, Distributions.Poisson{Float64}, Distributions.Poisson{Float64}]
Demand means:    [0.9615384615384616, 0.9615384615384616, 0.9615384615384616, 0.9615384615384616, 0.9615384615384616, 0.9615384615384616, 0.9615384615384616, 0.9615384615384616, 0.9615384615384616, 0.9615384615384616, 0.9615384615384616, 0.9615384615384616, 0.9615384615384616, 0.9615384615384616, 0.9615384615384616, 0.4807692307692308, 0.4807692307692308, 0.4807692307692308, 0.4807692307692308, 0.4807692307692308, 0.4807692307692308, 0.4807692307692308, 0.4807692307692308, 0.4807692307692308, 0.4807692307692308, 0.4807692307692308, 0.4807692307692308, 0.4807692307692308, 0.4807692307692308, 0.4807692307692308, 0.2403846153846154, 0.2403846153846154, 0.2403846153846154, 0.2403846153846154, 0.2403846153846154, 0.2403846153846154, 0.2403846153846154, 0.2403846153846154, 0.2403846153846154, 0.2403846153846154, 0.2403846153846154, 0.2403846153846154, 0.2403846153846154, 0.2403846153846154, 0.2403846153846154, 0.2403846153846154, 0.2403846153846154, 0.2403846153846154, 0.2403846153846154, 0.2403846153846154]
============================================================

==================================================
Computing order-up-to vector via :solve_inf
==================================================

Method: solve_inf
Final objective: 330.91065673828126
z*: [18.0, 18.0, 18.0, 18.0, 18.0, 18.0, 18.0, 18.0, 18.0, 18.0, 18.0, 18.0, 18.0, 18.0, 18.0, 10.0, 10.0, 10.0, 10.0, 10.0, 10.0, 10.0, 10.0, 10.0, 10.0, 10.0, 10.0, 10.0, 10.0, 10.0, 6.0, 6.0, 6.0, 6.0, 6.0, 6.0, 6.0, 6.0, 6.0, 6.0, 6.0, 6.0, 6.0, 6.0, 6.0, 6.0, 6.0, 6.0, 6.0, 6.0]
Intervention value: 46.15764160156249

==================================================
Computing order-up-to vector via :find_stationary
==================================================

Method: find_stationary
Final residual: 0.030512761017035473
z*: [18.0, 18.0, 18.0, 18.0, 18.0, 18.0, 18.0, 18.0, 18.0, 18.0, 18.0, 18.0, 18.0, 18.0, 18.0, 10.0, 10.0, 10.0, 10.0, 10.0, 10.0, 10.0, 10.0, 10.0, 10.0, 10.0, 10.0, 10.0, 10.0, 10.0, 6.0, 6.0, 6.0, 6.0, 6.0, 6.0, 6.0, 6.0, 6.0, 6.0, 6.0, 6.0, 6.0, 6.0, 6.0, 6.0, 6.0, 6.0, 6.0, 6.0]
Intervention value: 46.15764160156249

==================================================
Summary:
  solve_inf:       z* = [18, 18, 18, 18, 18, 18, 18, 18, 18, 18, 18, 18, 18, 18, 18, 10, 10, 10, 10, 10, 10, 10, 10, 10, 10, 10, 10, 10, 10, 10, 6, 6, 6, 6, 6, 6, 6, 6, 6, 6, 6, 6, 6, 6, 6, 6, 6, 6, 6, 6]
  find_stationary: z* = [18, 18, 18, 18, 18, 18, 18, 18, 18, 18, 18, 18, 18, 18, 18, 10, 10, 10, 10, 10, 10, 10, 10, 10, 10, 10, 10, 10, 10, 10, 6, 6, 6, 6, 6, 6, 6, 6, 6, 6, 6, 6, 6, 6, 6, 6, 6, 6, 6, 6]
==================================================

============================================================
Evaluating method: solve_inf
============================================================

----------------------------------------
Evaluating ε = -1.25
----------------------------------------
Mean cost: 30216.766481847455 ± 38.66304934613449
  Inventory costs: 15548.781004397988
  Variable costs:  5024.266736812318
  Fixed costs:     9643.718740637136
  Simulation time: 653.5s

----------------------------------------
Evaluating ε = -2.5
----------------------------------------
Mean cost: 30392.75163236775 ± 55.42380726954562
  Inventory costs: 15969.027756784208
  Variable costs:  5034.138593056972
  Fixed costs:     9389.585282526587
  Simulation time: 655.5s

----------------------------------------
Evaluating ε = -5.0
----------------------------------------
Mean cost: 30620.075724807637 ± 52.66311679370544
  Inventory costs: 16738.158878461887
  Variable costs:  5015.457912312668
  Fixed costs:     8866.45893403309
  Simulation time: 670.1s

----------------------------------------
Evaluating ε = -7.5
----------------------------------------
Mean cost: 31049.91266725025 ± 36.910757417184875
  Inventory costs: 17528.639765716725
  Variable costs:  5010.954989714475
  Fixed costs:     8510.31791181905
  Simulation time: 669.4s

----------------------------------------
Evaluating ε = -10.0
----------------------------------------
Mean cost: 31664.854943059356 ± 57.74123927097755
  Inventory costs: 18390.324464955364
  Variable costs:  5025.035397933503
  Fixed costs:     8249.495080170525
  Simulation time: 655.7s

----------------------------------------
Evaluating ε = -12.5
----------------------------------------
Mean cost: 32413.86313402577 ± 61.18303999782163
  Inventory costs: 19371.54155184413
  Variable costs:  5018.5385515397875
  Fixed costs:     8023.783030641852
  Simulation time: 657.4s

----------------------------------------
Evaluating ε = -15.0
----------------------------------------
Mean cost: 33138.096546274246 ± 62.07551577679124
  Inventory costs: 20315.57625163204
  Variable costs:  5005.462919667842
  Fixed costs:     7817.05737497441
  Simulation time: 665.9s

----------------------------------------
Evaluating ε = -20.0
----------------------------------------
Mean cost: 34673.79409545224 ± 46.11910709056003
  Inventory costs: 22173.771169718337
  Variable costs:  5016.55118395507
  Fixed costs:     7483.471741778791
  Simulation time: 661.9s

----------------------------------------
Evaluating ε = -25.0
----------------------------------------
Mean cost: 36466.77058347287 ± 49.77671020878719
  Inventory costs: 24275.423151826904
  Variable costs:  5003.3439252643975
  Fixed costs:     7188.003506381606
  Simulation time: 668.4s

----------------------------------------
Evaluating ε = -30.0
----------------------------------------
Mean cost: 38346.09663567248 ± 51.565911577126215
  Inventory costs: 26350.691647829302
  Variable costs:  5021.118566590122
  Fixed costs:     6974.286421253101
  Simulation time: 660.4s

----------------------------------------
Evaluating ε = -40.0
----------------------------------------
Mean cost: 42201.013045727275 ± 62.65729829835472
  Inventory costs: 30608.132612125693
  Variable costs:  5015.486821369327
  Fixed costs:     6577.393612232236
  Simulation time: 684.8s

----------------------------------------
Evaluating ε = -50.0
----------------------------------------
Mean cost: 46325.522563101316 ± 109.43954599575305
  Inventory costs: 35090.30082055371
  Variable costs:  5001.278836427957
  Fixed costs:     6233.942906119633
  Simulation time: 657.6s

----------------------------------------
Evaluating ε = -75.0
----------------------------------------
Mean cost: 58039.11477502304 ± 63.93553616252384
  Inventory costs: 47391.70204601502
  Variable costs:  5008.278296708455
  Fixed costs:     5639.134432299549
  Simulation time: 662.8s

----------------------------------------
Evaluating ε = -100.0
----------------------------------------
Mean cost: 71027.35569259356 ± 120.49504059255375
  Inventory costs: 60856.594978797984
  Variable costs:  4999.586517513757
  Fixed costs:     5171.1741962816905
  Simulation time: 672.1s

==================================================
Best epsilon: -1.25 with cost: 30216.766481847455 ± 38.66304934613449
==================================================

============================================================
Evaluating method: find_stationary
============================================================

----------------------------------------
Evaluating ε = -1.25
----------------------------------------
Mean cost: 30384.06873368531 ± 44.167922498398696
  Inventory costs: 15605.144089763435
  Variable costs:  5038.688725169699
  Fixed costs:     9740.235918752198
  Simulation time: 670.4s

----------------------------------------
Evaluating ε = -2.5
----------------------------------------
Mean cost: 30258.016560254928 ± 26.88032827240322
  Inventory costs: 15899.52486270459
  Variable costs:  5019.9777180729525
  Fixed costs:     9338.513979477355
  Simulation time: 649.5s

----------------------------------------
Evaluating ε = -5.0
----------------------------------------
Mean cost: 30754.670053521673 ± 41.32958764993934
  Inventory costs: 16806.960844825826
  Variable costs:  5033.831454805723
  Fixed costs:     8913.877753890112
  Simulation time: 662.3s

----------------------------------------
Evaluating ε = -7.5
----------------------------------------
Mean cost: 31227.9796365987 ± 39.72898161088185
  Inventory costs: 17666.731027751834
  Variable costs:  5020.499835274386
  Fixed costs:     8540.748773572459
  Simulation time: 650.4s

----------------------------------------
Evaluating ε = -10.0
----------------------------------------
Mean cost: 31774.849478671153 ± 68.44884978928738
  Inventory costs: 18519.757037882726
  Variable costs:  5012.497242045726
  Fixed costs:     8242.595198742683
  Simulation time: 662.0s

----------------------------------------
Evaluating ε = -12.5
----------------------------------------
Mean cost: 32413.12217597451 ± 42.925168421977496
  Inventory costs: 19373.438702377673
  Variable costs:  5021.151845491517
  Fixed costs:     8018.531628105311
  Simulation time: 673.0s

----------------------------------------
Evaluating ε = -15.0
----------------------------------------
Mean cost: 33040.563551333646 ± 38.53249971171311
  Inventory costs: 20220.496700306707
  Variable costs:  5014.167355451509
  Fixed costs:     7805.899495575475
  Simulation time: 659.3s

----------------------------------------
Evaluating ε = -20.0
----------------------------------------
Mean cost: 34622.98316259151 ± 50.98634440215394
  Inventory costs: 22119.401292885057
  Variable costs:  5020.972234650762
  Fixed costs:     7482.60963505566
  Simulation time: 654.5s

----------------------------------------
Evaluating ε = -25.0
----------------------------------------
Mean cost: 36504.0116099991 ± 67.9900658806015
  Inventory costs: 24313.595783660818
  Variable costs:  5010.354609878875
  Fixed costs:     7180.0612164593595
  Simulation time: 675.3s

----------------------------------------
Evaluating ε = -30.0
----------------------------------------
Mean cost: 38203.04126066119 ± 77.95378505984598
  Inventory costs: 26243.381394237076
  Variable costs:  5004.274969730984
  Fixed costs:     6955.384896693108
  Simulation time: 689.5s

----------------------------------------
Evaluating ε = -40.0
----------------------------------------
Mean cost: 42183.0135863895 ± 92.03800525138607
  Inventory costs: 30631.116853603708
  Variable costs:  4999.5655733842
  Fixed costs:     6552.331159401538
  Simulation time: 672.0s

----------------------------------------
Evaluating ε = -50.0
----------------------------------------
Mean cost: 46380.46684952992 ± 77.47922853749128
  Inventory costs: 35120.11024866259
  Variable costs:  5012.221729242471
  Fixed costs:     6248.134871624823
  Simulation time: 652.9s

----------------------------------------
Evaluating ε = -75.0
----------------------------------------
Mean cost: 58036.469258605255 ± 108.13754508723991
  Inventory costs: 47393.01033926258
  Variable costs:  5008.371419290896
  Fixed costs:     5635.087500051797
  Simulation time: 516.1s

----------------------------------------
Evaluating ε = -100.0
----------------------------------------
Mean cost: 71248.15064087426 ± 149.64500070541897
  Inventory costs: 61057.26433086867
  Variable costs:  5009.061144873025
  Fixed costs:     5181.825165132678
  Simulation time: 441.9s

==================================================
Best epsilon: -2.5 with cost: 30258.016560254928 ± 26.88032827240322
==================================================
Improving solve_inf: 30373.353280594125 -> 30216.766481847455
Results saved to: output/nn_training/results_50D_CaseLM_solve_inf.json
Neural networks saved to: policies/policies50D/neural_networks_50D_CaseLM_solve_inf.bson
Improving find_stationary: 30259.702964869583 -> 30258.016560254928
Results saved to: output/nn_training/results_50D_CaseLM_find_stationary.json
Neural networks saved to: policies/policies50D/neural_networks_50D_CaseLM_find_stationary.bson

============================================================
FINAL RESULTS SUMMARY
============================================================

Method: solve_inf
  Order-up-to vector: [18, 18, 18, 18, 18, 18, 18, 18, 18, 18, 18, 18, 18, 18, 18, 10, 10, 10, 10, 10, 10, 10, 10, 10, 10, 10, 10, 10, 10, 10, 6, 6, 6, 6, 6, 6, 6, 6, 6, 6, 6, 6, 6, 6, 6, 6, 6, 6, 6, 6]
  Best epsilon: -1.25
  Best cost: 30216.766481847455 ± 38.66304934613449

Method: find_stationary
  Order-up-to vector: [18, 18, 18, 18, 18, 18, 18, 18, 18, 18, 18, 18, 18, 18, 18, 10, 10, 10, 10, 10, 10, 10, 10, 10, 10, 10, 10, 10, 10, 10, 6, 6, 6, 6, 6, 6, 6, 6, 6, 6, 6, 6, 6, 6, 6, 6, 6, 6, 6, 6]
  Best epsilon: -2.5
  Best cost: 30258.016560254928 ± 26.88032827240322

============================================================
Complete! Per-method results saved to:
  output/nn_training/results_50D_CaseLM_solve_inf.json
  output/nn_training/results_50D_CaseLM_find_stationary.json
============================================================

  Activating project at `~/DeepSJRP`
[ Info:  started timer at: 2026-04-24T10:26:25.201
┌ Warning: Layer with Float32 parameters got Float64 input.
│   The input will be converted, but any earlier layers may be very slow.
│   layer = Dense(50 => 1000, elu)  # 51_000 parameters
│   summary(x) = "50-element Vector{Float64}"
└ @ Flux ~/.julia/packages/Flux/DZYiO/src/layers/stateless.jl:60
RUNNING THE L-BFGS-B CODE

           * * *

Machine precision = 2.220D-16
 N =           50     M =           10

At X0         0 variables are exactly at the bounds

At iterate    0    f=  3.30911D+02    |proj g|=  7.43725D-03

           * * *

Tit   = total number of iterations
Tnf   = total number of function evaluations
Tnint = total number of segments explored during Cauchy searches
Skip  = number of BFGS updates skipped
Nact  = number of active bounds at final generalized Cauchy point
Projg = norm of the final projected gradient
F     = final function value

           * * *

   N    Tit     Tnf  Tnint  Skip  Nact     Projg        F
   50      0      1      0     0     0   7.437D-03   3.309D+02
  F =   330.91065673828126     

CONVERGENCE: NORM_OF_PROJECTED_GRADIENT_<=_PGTOL            

 Cauchy                time 0.000E+00 seconds.
 Subspace minimization time 0.000E+00 seconds.
 Line search           time 0.000E+00 seconds.

 Total User time 3.429E+00 seconds.

RUNNING THE L-BFGS-B CODE

           * * *

Machine precision = 2.220D-16
 N =           50     M =           10

At X0         0 variables are exactly at the bounds

At iterate    0    f=  9.31029D-04    |proj g|=  1.23797D-06

           * * *

Tit   = total number of iterations
Tnf   = total number of function evaluations
Tnint = total number of segments explored during Cauchy searches
Skip  = number of BFGS updates skipped
Nact  = number of active bounds at final generalized Cauchy point
Projg = norm of the final projected gradient
F     = final function value

           * * *

   N    Tit     Tnf  Tnint  Skip  Nact     Projg        F
   50      0      1      0     0     0   1.238D-06   9.310D-04
  F =   9.3102858488271960E-004

CONVERGENCE: NORM_OF_PROJECTED_GRADIENT_<=_PGTOL            

 Cauchy                time 0.000E+00 seconds.
 Subspace minimization time 0.000E+00 seconds.
 Line search           time 0.000E+00 seconds.

 Total User time 5.088E-01 seconds.

