
============================================================
DeepSJRP - Stochastic Joint Replenishment Problem Solver
============================================================
Instance: 50D_CaseMH
Options: Dict{Symbol, Any}(:beta_override => 1.0e6, :alpha_override => nothing, :device => :gpu, :nu_override => 0.4, :T_override => 0.05, :seed => 777)
============================================================

Device: CUDA GPU
CUDA toolchain: 
- runtime 12.8, local installation
- driver 580.126.16 for 13.2
- compiler 12.9

CUDA libraries: 
- CUBLAS: 12.8.4
- CURAND: 10.3.9
- CUFFT: 11.3.3
- CUSOLVER: 11.7.3
- CUSPARSE: 12.5.8
- CUPTI: 2025.1.1 (API 12.8.0)
- NVML: 13.0.0+580.126.16

Julia packages: 
- CUDA: 5.11.0
- GPUArrays: 11.4.1
- GPUCompiler: 1.9.1
- KernelAbstractions: 0.9.41
- CUDA_Driver_jll: 13.2.0+0
- CUDA_Compiler_jll: 0.4.2+0
- CUDA_Runtime_jll: 0.21.0+0
- CUDA_Runtime_Discovery: 1.0.0

Toolchain:
- Julia: 1.11.7
- LLVM: 16.0.6

Preferences:
- CUDA_Runtime_jll.version: local

1 device:
  0: NVIDIA H100 80GB HBM3 (sm_90, 79.175 GiB / 79.647 GiB available)
BLAS threads: 1
Julia threads: 10

Benchmark source: QS

============================================================
IMPULSE CONTROL PROBLEM (scaled, annual)
============================================================
Instance: 50D_CaseMH
Dimension: 50
Interest rate: 0.05
Cost scaling κ: 0.01

Drift μ (annual demand rates): [50.0, 50.0, 50.0, 50.0, 50.0, 50.0, 50.0, 50.0, 50.0, 50.0, 50.0, 50.0, 50.0, 50.0, 50.0, 25.0, 25.0, 25.0, 25.0, 25.0, 25.0, 25.0, 25.0, 25.0, 25.0, 25.0, 25.0, 25.0, 25.0, 25.0, 12.5, 12.5, 12.5, 12.5, 12.5, 12.5, 12.5, 12.5, 12.5, 12.5, 12.5, 12.5, 12.5, 12.5, 12.5, 12.5, 12.5, 12.5, 12.5, 12.5]
Covariance Σ diagonal: [625.0, 625.0, 625.0, 625.0, 625.0, 625.0, 625.0, 625.0, 625.0, 625.0, 625.0, 625.0, 625.0, 625.0, 625.0, 156.25, 156.25, 156.25, 156.25, 156.25, 156.25, 156.25, 156.25, 156.25, 156.25, 156.25, 156.25, 156.25, 156.25, 156.25, 39.0625, 39.0625, 39.0625, 39.0625, 39.0625, 39.0625, 39.0625, 39.0625, 39.0625, 39.0625, 39.0625, 39.0625, 39.0625, 39.0625, 39.0625, 39.0625, 39.0625, 39.0625, 39.0625, 39.0625]

Scaled costs (× κ = 0.01):
  Fixed cost K:    2.5
  Variable costs c: [0.001, 0.001, 0.001, 0.001, 0.001, 0.001, 0.001, 0.001, 0.001, 0.001, 0.001, 0.001, 0.001, 0.001, 0.001, 0.002, 0.002, 0.002, 0.002, 0.002, 0.002, 0.002, 0.002, 0.002, 0.002, 0.002, 0.002, 0.002, 0.002, 0.002, 0.004, 0.004, 0.004, 0.004, 0.004, 0.004, 0.004, 0.004, 0.004, 0.004, 0.004, 0.004, 0.004, 0.004, 0.004, 0.004, 0.004, 0.004, 0.004, 0.004]
  Holding costs h:  [0.01, 0.01, 0.01, 0.01, 0.01, 0.01, 0.01, 0.01, 0.01, 0.01, 0.01, 0.01, 0.01, 0.01, 0.01, 0.02, 0.02, 0.02, 0.02, 0.02, 0.02, 0.02, 0.02, 0.02, 0.02, 0.02, 0.02, 0.02, 0.02, 0.02, 0.04, 0.04, 0.04, 0.04, 0.04, 0.04, 0.04, 0.04, 0.04, 0.04, 0.04, 0.04, 0.04, 0.04, 0.04, 0.04, 0.04, 0.04, 0.04, 0.04]
  Penalty costs p:  [0.25, 0.25, 0.25, 0.25, 0.25, 0.25, 0.25, 0.25, 0.25, 0.25, 0.25, 0.25, 0.25, 0.25, 0.25, 0.5, 0.5, 0.5, 0.5, 0.5, 0.5, 0.5, 0.5, 0.5, 0.5, 0.5, 0.5, 0.5, 0.5, 0.5, 1.0, 1.0, 1.0, 1.0, 1.0, 1.0, 1.0, 1.0, 1.0, 1.0, 1.0, 1.0, 1.0, 1.0, 1.0, 1.0, 1.0, 1.0, 1.0, 1.0]

Original costs (unscaled):
  Fixed cost K:    250.0
  Variable costs c: [0.1, 0.1, 0.1, 0.1, 0.1, 0.1, 0.1, 0.1, 0.1, 0.1, 0.1, 0.1, 0.1, 0.1, 0.1, 0.2, 0.2, 0.2, 0.2, 0.2, 0.2, 0.2, 0.2, 0.2, 0.2, 0.2, 0.2, 0.2, 0.2, 0.2, 0.4, 0.4, 0.4, 0.4, 0.4, 0.4, 0.4, 0.4, 0.4, 0.4, 0.4, 0.4, 0.4, 0.4, 0.4, 0.4, 0.4, 0.4, 0.4, 0.4]
  Holding costs h:  [1.0, 1.0, 1.0, 1.0, 1.0, 1.0, 1.0, 1.0, 1.0, 1.0, 1.0, 1.0, 1.0, 1.0, 1.0, 2.0, 2.0, 2.0, 2.0, 2.0, 2.0, 2.0, 2.0, 2.0, 2.0, 2.0, 2.0, 2.0, 2.0, 2.0, 4.0, 4.0, 4.0, 4.0, 4.0, 4.0, 4.0, 4.0, 4.0, 4.0, 4.0, 4.0, 4.0, 4.0, 4.0, 4.0, 4.0, 4.0, 4.0, 4.0]
  Penalty costs p:  [25.0, 25.0, 25.0, 25.0, 25.0, 25.0, 25.0, 25.0, 25.0, 25.0, 25.0, 25.0, 25.0, 25.0, 25.0, 50.0, 50.0, 50.0, 50.0, 50.0, 50.0, 50.0, 50.0, 50.0, 50.0, 50.0, 50.0, 50.0, 50.0, 50.0, 100.0, 100.0, 100.0, 100.0, 100.0, 100.0, 100.0, 100.0, 100.0, 100.0, 100.0, 100.0, 100.0, 100.0, 100.0, 100.0, 100.0, 100.0, 100.0, 100.0]
============================================================

============================================================
TRAINING HYPERPARAMETERS
============================================================
Benchmark source: QS
Precision:        Float32
Batch size:       5000
Num intervals:    100
T horizon:        0.05
Num iterations:   40000
Learning rates:   [0.001, 0.0002, 0.0001, 1.0e-5, 1.0e-6]
LR steps:         [1, 5000, 10000, 20000, 30000]
Beta penalty:     [1.0, 10.0, 100.0, 1000.0, 10000.0, 1.0e6]
Penalty steps:    [1, 2500, 5000, 7500, 10000, 20000]
Lambda rate:      3.345389141085892
S guess:          [[31.0, 32.0, 31.0, 31.0, 31.0, 31.0, 32.0, 32.0, 31.0, 32.0, 31.0, 32.0, 31.0, 32.0, 32.0, 16.0, 16.0, 16.0, 16.0, 16.0, 16.0, 16.0, 16.0, 16.0, 16.0, 16.0, 16.0, 16.0, 16.0, 16.0, 8.0, 8.0, 8.0, 8.0, 8.0, 8.0, 8.0, 8.0, 8.0, 8.0, 8.0, 8.0, 8.0, 8.0, 8.0, 8.0, 8.0, 8.0, 8.0, 8.0]]
Nu radius:        0.4
S distribution:   lognormal
Alpha factor:     0.2
Alpha js:         [2.989188874079404, 2.989188874079404, 2.989188874079404, 2.989188874079404, 2.989188874079404, 2.989188874079404, 2.989188874079404, 2.989188874079404, 2.989188874079404, 2.989188874079404, 2.989188874079404, 2.989188874079404, 2.989188874079404, 2.989188874079404, 2.989188874079404, 1.494594437039702, 1.494594437039702, 1.494594437039702, 1.494594437039702, 1.494594437039702, 1.494594437039702, 1.494594437039702, 1.494594437039702, 1.494594437039702, 1.494594437039702, 1.494594437039702, 1.494594437039702, 1.494594437039702, 1.494594437039702, 1.494594437039702, 0.747297218519851, 0.747297218519851, 0.747297218519851, 0.747297218519851, 0.747297218519851, 0.747297218519851, 0.747297218519851, 0.747297218519851, 0.747297218519851, 0.747297218519851, 0.747297218519851, 0.747297218519851, 0.747297218519851, 0.747297218519851, 0.747297218519851, 0.747297218519851, 0.747297218519851, 0.747297218519851, 0.747297218519851, 0.747297218519851]
Cost scaling:     0.01

Neural network architecture:
  Hidden layers:  4
  Width:          1000
  Activation:     elu

Optimization parameters:
  Start factor:   1.0
  Lower factor:   0.5
  Upper factor:   1.5
  Sim runs:       10
  Sim horizon:    5000
  Epsilons:       [-1.25, -2.5, -5.0, -7.5, -10.0, -12.5, -15.0, -20.0, -25.0, -30.0, -40.0, -50.0, -75.0, -100.0]
============================================================

Gradient network G (∇V):
Chain(
  Dense(50 => 1000, elu),               # 51_000 parameters
  Dense(1000 => 1000, elu),             # 1_001_000 parameters
  Dense(1000 => 1000, elu),             # 1_001_000 parameters
  Dense(1000 => 1000, elu),             # 1_001_000 parameters
  Dense(1000 => 50),                    # 50_050 parameters
)                   # Total: 10 arrays, 3_104_050 parameters, 1.562 KiB.

Value network H (V):
Chain(
  Dense(50 => 1000, elu),               # 51_000 parameters
  Dense(1000 => 1000, elu),             # 1_001_000 parameters
  Dense(1000 => 1000, elu),             # 1_001_000 parameters
  Dense(1000 => 1000, elu),             # 1_001_000 parameters
  Dense(1000 => 1),                     # 1_001 parameters
)                   # Total: 10 arrays, 3_055_001 parameters, 1.562 KiB.


============================================================
Starting neural network training...
============================================================

Starting training with steady-state sampler:
-----------------------------------------
Epoch: 1; Penalty β updated to: 1.0
-----------------------------------------
─── Device check ───
  x_tn: CuArray{Float32} (50, 100, 5000)
  dB: CuArray{Float32} (50, 100, 5000)
  dU: CuArray{Float32} (50, 100, 5000)
  exponentials: CuArray{Float32} (1, 100)
  loss_dB: CuArray{Float32} (1, 5000)
  loss_df: CuArray{Float32} (1, 5000)
  loss_dU: CuArray{Float32} (1, 5000)
  H_x0: CuArray{Float32} (1, 5000)
  H_xT: CuArray{Float32} (1, 5000)
  penalties: CuArray{Float32} (1, 5000)
────────────────────
Epoch: 1; Computation time: 72.920321067; Current value of V(0): 0.0
Lagrangian objective: 28523.059; Average H(x0): 0.0; Quantile-hedge α(β): 49.160000000000004
Simulation time per epoch: 13.479015911; Gradient computation time: 45.965156367; Testing time: 12.643573337
Epoch: 1000; Computation time: 411.522304268; Current value of V(0): 3.6884e6
Lagrangian objective: -41012.49; Average H(x0): 80916.8; Quantile-hedge α(β): 0.0
Simulation time per epoch: 0.074036623; Gradient computation time: 0.181710565; Testing time: 0.083351298
Epoch: 2000; Computation time: 750.329138425; Current value of V(0): 4.982941015625e6
Lagrangian objective: -41021.492; Average H(x0): 80924.445; Quantile-hedge α(β): 0.0
Simulation time per epoch: 0.074356986; Gradient computation time: 0.181698212; Testing time: 0.08308698
-----------------------------------------
Epoch: 2500; Penalty β updated to: 10.0
-----------------------------------------
Epoch: 3000; Computation time: 1088.906602789; Current value of V(0): 669793.9453125
Lagrangian objective: -4967.614; Average H(x0): 9122.123; Quantile-hedge α(β): 0.7600000000000051
Simulation time per epoch: 0.074291288; Gradient computation time: 0.180468058; Testing time: 0.082843819
Epoch: 4000; Computation time: 1426.472971191; Current value of V(0): 669551.3671875
Lagrangian objective: -4920.0273; Average H(x0): 9153.123; Quantile-hedge α(β): 0.7000000000000006
Simulation time per epoch: 0.07439211; Gradient computation time: 0.180176278; Testing time: 0.082989147
-----------------------------------------
Epoch: 5000; Penalty β updated to: 100.0
-----------------------------------------
Epoch: 5000; Computation time: 1764.038657315; Current value of V(0): 668205.2734375
Lagrangian objective: 32949.12; Average H(x0): 9122.569; Quantile-hedge α(β): 0.5800000000000027
Simulation time per epoch: 0.074250282; Gradient computation time: 0.180092967; Testing time: 0.082989069
Epoch: 6000; Computation time: 2101.568841266; Current value of V(0): 93148.64501953125
Lagrangian objective: -1145.9489; Average H(x0): 1652.6917; Quantile-hedge α(β): 12.3
Simulation time per epoch: 0.074300729; Gradient computation time: 0.18018817; Testing time: 0.082812177
Epoch: 7000; Computation time: 2439.120547597; Current value of V(0): 93920.947265625
Lagrangian objective: -1140.0957; Average H(x0): 1656.1298; Quantile-hedge α(β): 11.2
Simulation time per epoch: 0.074322551; Gradient computation time: 0.180187672; Testing time: 0.082912387
-----------------------------------------
Epoch: 7500; Penalty β updated to: 1000.0
-----------------------------------------
Epoch: 8000; Computation time: 2776.662456225; Current value of V(0): 33428.95812988281
Lagrangian objective: -616.884; Average H(x0): 728.8288; Quantile-hedge α(β): 45.14
Simulation time per epoch: 0.074549409; Gradient computation time: 0.180274082; Testing time: 0.082728436
Epoch: 9000; Computation time: 3114.220030879; Current value of V(0): 35896.002197265625
Lagrangian objective: -621.02423; Average H(x0): 733.7321; Quantile-hedge α(β): 43.17999999999999
Simulation time per epoch: 0.074302525; Gradient computation time: 0.180313446; Testing time: 0.082801024
-----------------------------------------
Epoch: 10000; Penalty β updated to: 10000.0
-----------------------------------------
Epoch: 10000; Computation time: 3451.779618316; Current value of V(0): 36254.1015625
Lagrangian objective: 259.95874; Average H(x0): 724.33215; Quantile-hedge α(β): 45.96
Simulation time per epoch: 0.074298549; Gradient computation time: 0.180074097; Testing time: 0.082947344
Epoch: 11000; Computation time: 3789.570356983; Current value of V(0): 23208.084106445312
Lagrangian objective: -497.73984; Average H(x0): 537.8068; Quantile-hedge α(β): 84.14
Simulation time per epoch: 0.074199605; Gradient computation time: 0.180506987; Testing time: 0.082825969
Epoch: 12000; Computation time: 4127.118948669; Current value of V(0): 23677.127075195312
Lagrangian objective: -500.234; Average H(x0): 536.0808; Quantile-hedge α(β): 84.17999999999999
Simulation time per epoch: 0.074330802; Gradient computation time: 0.180277022; Testing time: 0.082891673
Epoch: 13000; Computation time: 4464.778575414; Current value of V(0): 23319.496154785156
Lagrangian objective: -500.73334; Average H(x0): 538.68506; Quantile-hedge α(β): 83.62
Simulation time per epoch: 0.07429607; Gradient computation time: 0.180153579; Testing time: 0.08283599
Epoch: 14000; Computation time: 4802.26969134; Current value of V(0): -12164.86587524414
Lagrangian objective: -58.23499; Average H(x0): 65.3891; Quantile-hedge α(β): 98.46000000000001
Simulation time per epoch: 0.07425584; Gradient computation time: 0.180239964; Testing time: 0.082850027
Epoch: 15000; Computation time: 5139.787213571; Current value of V(0): 25233.413696289062
Lagrangian objective: -500.3655; Average H(x0): 541.0435; Quantile-hedge α(β): 85.8
Simulation time per epoch: 0.074287883; Gradient computation time: 0.180248863; Testing time: 0.082826494
Epoch: 16000; Computation time: 5477.30574779; Current value of V(0): 24150.990295410156
Lagrangian objective: -493.6871; Average H(x0): 532.9435; Quantile-hedge α(β): 84.28
Simulation time per epoch: 0.074425078; Gradient computation time: 0.180173631; Testing time: 0.082846412
Epoch: 17000; Computation time: 5814.889157408; Current value of V(0): 23907.03887939453
Lagrangian objective: -468.34634; Average H(x0): 528.6049; Quantile-hedge α(β): 85.3
Simulation time per epoch: 0.074339393; Gradient computation time: 0.180423716; Testing time: 0.082822125
Epoch: 18000; Computation time: 6152.39414369; Current value of V(0): 26904.595947265625
Lagrangian objective: -504.73386; Average H(x0): 545.4156; Quantile-hedge α(β): 83.84
Simulation time per epoch: 0.074450208; Gradient computation time: 0.180265801; Testing time: 0.082815218
Epoch: 19000; Computation time: 6489.941405795; Current value of V(0): 28535.806274414062
Lagrangian objective: -505.4166; Average H(x0): 543.712; Quantile-hedge α(β): 84.08
Simulation time per epoch: 0.074323973; Gradient computation time: 0.180509648; Testing time: 0.082821979
-----------------------------------------
Epoch: 20000; Penalty β updated to: 1.0e6
-----------------------------------------
Epoch: 20000; Computation time: 6827.480648249; Current value of V(0): 26232.50732421875
Lagrangian objective: 2164.4216; Average H(x0): 513.50714; Quantile-hedge α(β): 87.44000000000001
Simulation time per epoch: 0.074502519; Gradient computation time: 0.181606616; Testing time: 0.082811424
Epoch: 21000; Computation time: 7165.179753482; Current value of V(0): 10245.308685302734
Lagrangian objective: -302.86584; Average H(x0): 302.86584; Quantile-hedge α(β): 100.0
Simulation time per epoch: 0.074379986; Gradient computation time: 0.180556136; Testing time: 0.082865576
Epoch: 22000; Computation time: 7503.065567593; Current value of V(0): 12782.193756103516
Lagrangian objective: -280.47095; Average H(x0): 328.79016; Quantile-hedge α(β): 99.8
Simulation time per epoch: 0.074313103; Gradient computation time: 0.180192221; Testing time: 0.082945784
Epoch: 23000; Computation time: 7840.655878597; Current value of V(0): 20370.867919921875
Lagrangian objective: -419.36545; Average H(x0): 427.3377; Quantile-hedge α(β): 99.68
Simulation time per epoch: 0.074599937; Gradient computation time: 0.18008652; Testing time: 0.082861701
Epoch: 24000; Computation time: 8178.270239535; Current value of V(0): 10714.724731445312
Lagrangian objective: -289.64563; Average H(x0): 289.65274; Quantile-hedge α(β): 99.98
Simulation time per epoch: 0.074229564; Gradient computation time: 0.180395762; Testing time: 0.082871574
Epoch: 25000; Computation time: 8515.885445851; Current value of V(0): 19517.138671875
Lagrangian objective: -384.82867; Average H(x0): 407.53018; Quantile-hedge α(β): 99.6
Simulation time per epoch: 0.074309747; Gradient computation time: 0.180297992; Testing time: 0.082999024
Epoch: 26000; Computation time: 8853.451539312; Current value of V(0): 486.42797470092773
Lagrangian objective: -163.28603; Average H(x0): 163.28603; Quantile-hedge α(β): 100.0
Simulation time per epoch: 0.074258293; Gradient computation time: 0.180263798; Testing time: 0.082824269
Epoch: 27000; Computation time: 9190.98461966; Current value of V(0): 20472.427368164062
Lagrangian objective: -408.0085; Average H(x0): 418.84775; Quantile-hedge α(β): 99.72
Simulation time per epoch: 0.074333289; Gradient computation time: 0.180301737; Testing time: 0.082821559
Epoch: 28000; Computation time: 9528.463716523; Current value of V(0): 21157.02667236328
Lagrangian objective: -412.14337; Average H(x0): 423.80716; Quantile-hedge α(β): 99.48
Simulation time per epoch: 0.074220154; Gradient computation time: 0.180307234; Testing time: 0.08284426
Epoch: 29000; Computation time: 9865.959224664; Current value of V(0): 21639.889526367188
Lagrangian objective: -351.9304; Average H(x0): 431.2023; Quantile-hedge α(β): 99.5
Simulation time per epoch: 0.074246614; Gradient computation time: 0.18019643; Testing time: 0.082812603
Epoch: 30000; Computation time: 10203.543560992; Current value of V(0): -1561.5161895751953
Lagrangian objective: -138.4809; Average H(x0): 138.4809; Quantile-hedge α(β): 100.0
Simulation time per epoch: 0.074323339; Gradient computation time: 0.180251444; Testing time: 0.082813378
Epoch: 31000; Computation time: 10541.076028998; Current value of V(0): 2116.0118103027344
Lagrangian objective: -186.49477; Average H(x0): 186.49477; Quantile-hedge α(β): 100.0
Simulation time per epoch: 0.074544198; Gradient computation time: 0.180027392; Testing time: 0.082846385
Epoch: 32000; Computation time: 10878.841815209; Current value of V(0): 5174.775314331055
Lagrangian objective: -227.72385; Average H(x0): 227.72385; Quantile-hedge α(β): 100.0
Simulation time per epoch: 0.07408776; Gradient computation time: 0.180189178; Testing time: 0.082819876
Epoch: 33000; Computation time: 11216.349743651; Current value of V(0): 10180.623626708984
Lagrangian objective: -292.22614; Average H(x0): 292.27136; Quantile-hedge α(β): 99.98
Simulation time per epoch: 0.074341223; Gradient computation time: 0.18014633; Testing time: 0.085210688
Epoch: 34000; Computation time: 11553.968797654; Current value of V(0): 15287.025451660156
Lagrangian objective: -359.04343; Average H(x0): 359.15704; Quantile-hedge α(β): 99.96000000000001
Simulation time per epoch: 0.074262546; Gradient computation time: 0.180164929; Testing time: 0.082802936
Epoch: 35000; Computation time: 11891.548020751; Current value of V(0): 16628.50341796875
Lagrangian objective: -369.02875; Average H(x0): 375.2306; Quantile-hedge α(β): 99.76
Simulation time per epoch: 0.074320016; Gradient computation time: 0.180590658; Testing time: 0.082840501
Epoch: 36000; Computation time: 12229.054235829; Current value of V(0): 18775.72021484375
Lagrangian objective: -399.34665; Average H(x0): 401.79416; Quantile-hedge α(β): 99.8
Simulation time per epoch: 0.074225243; Gradient computation time: 0.180165381; Testing time: 0.082815774
Epoch: 37000; Computation time: 12566.533157005; Current value of V(0): 20099.473571777344
Lagrangian objective: -219.57973; Average H(x0): 417.7566; Quantile-hedge α(β): 97.66
Simulation time per epoch: 0.074329678; Gradient computation time: 0.180190815; Testing time: 0.082838727
Epoch: 38000; Computation time: 12904.081139703; Current value of V(0): 20939.901733398438
Lagrangian objective: -416.71893; Average H(x0): 430.3953; Quantile-hedge α(β): 99.5
Simulation time per epoch: 0.074319533; Gradient computation time: 0.180305421; Testing time: 0.082940327
Epoch: 39000; Computation time: 13241.597980822; Current value of V(0): 21707.254028320312
Lagrangian objective: -413.2685; Average H(x0): 441.1108; Quantile-hedge α(β): 99.42
Simulation time per epoch: 0.074206958; Gradient computation time: 0.18049588; Testing time: 0.082847168
Epoch: 40000; Computation time: 13579.092371438; Current value of V(0): 21454.417419433594
Lagrangian objective: -425.13675; Average H(x0): 437.6306; Quantile-hedge α(β): 99.58
Simulation time per epoch: 0.07422263; Gradient computation time: 0.180219773; Testing time: 0.082788877

Training completed in 13579.092468838 seconds
Final V(0): 21460.01434326172

============================================================
Running policy evaluation...
============================================================


============================================================
INVENTORY PROBLEM (unscaled, weekly)
============================================================
Dimension:       50
Discount factor: 0.9990389236684376
Fixed cost:      250.0
Variable costs:  [0.1, 0.1, 0.1, 0.1, 0.1, 0.1, 0.1, 0.1, 0.1, 0.1, 0.1, 0.1, 0.1, 0.1, 0.1, 0.2, 0.2, 0.2, 0.2, 0.2, 0.2, 0.2, 0.2, 0.2, 0.2, 0.2, 0.2, 0.2, 0.2, 0.2, 0.4, 0.4, 0.4, 0.4, 0.4, 0.4, 0.4, 0.4, 0.4, 0.4, 0.4, 0.4, 0.4, 0.4, 0.4, 0.4, 0.4, 0.4, 0.4, 0.4]
Holding costs:   [0.019230769230769232, 0.019230769230769232, 0.019230769230769232, 0.019230769230769232, 0.019230769230769232, 0.019230769230769232, 0.019230769230769232, 0.019230769230769232, 0.019230769230769232, 0.019230769230769232, 0.019230769230769232, 0.019230769230769232, 0.019230769230769232, 0.019230769230769232, 0.019230769230769232, 0.038461538461538464, 0.038461538461538464, 0.038461538461538464, 0.038461538461538464, 0.038461538461538464, 0.038461538461538464, 0.038461538461538464, 0.038461538461538464, 0.038461538461538464, 0.038461538461538464, 0.038461538461538464, 0.038461538461538464, 0.038461538461538464, 0.038461538461538464, 0.038461538461538464, 0.07692307692307693, 0.07692307692307693, 0.07692307692307693, 0.07692307692307693, 0.07692307692307693, 0.07692307692307693, 0.07692307692307693, 0.07692307692307693, 0.07692307692307693, 0.07692307692307693, 0.07692307692307693, 0.07692307692307693, 0.07692307692307693, 0.07692307692307693, 0.07692307692307693, 0.07692307692307693, 0.07692307692307693, 0.07692307692307693, 0.07692307692307693, 0.07692307692307693]
Backlog costs:   [0.4807692307692308, 0.4807692307692308, 0.4807692307692308, 0.4807692307692308, 0.4807692307692308, 0.4807692307692308, 0.4807692307692308, 0.4807692307692308, 0.4807692307692308, 0.4807692307692308, 0.4807692307692308, 0.4807692307692308, 0.4807692307692308, 0.4807692307692308, 0.4807692307692308, 0.9615384615384616, 0.9615384615384616, 0.9615384615384616, 0.9615384615384616, 0.9615384615384616, 0.9615384615384616, 0.9615384615384616, 0.9615384615384616, 0.9615384615384616, 0.9615384615384616, 0.9615384615384616, 0.9615384615384616, 0.9615384615384616, 0.9615384615384616, 0.9615384615384616, 1.9230769230769231, 1.9230769230769231, 1.9230769230769231, 1.9230769230769231, 1.9230769230769231, 1.9230769230769231, 1.9230769230769231, 1.9230769230769231, 1.9230769230769231, 1.9230769230769231, 1.9230769230769231, 1.9230769230769231, 1.9230769230769231, 1.9230769230769231, 1.9230769230769231, 1.9230769230769231, 1.9230769230769231, 1.9230769230769231, 1.9230769230769231, 1.9230769230769231]
Demand dists:    DataType[Distributions.NegativeBinomial{Float64}, Distributions.NegativeBinomial{Float64}, Distributions.NegativeBinomial{Float64}, Distributions.NegativeBinomial{Float64}, Distributions.NegativeBinomial{Float64}, Distributions.NegativeBinomial{Float64}, Distributions.NegativeBinomial{Float64}, Distributions.NegativeBinomial{Float64}, Distributions.NegativeBinomial{Float64}, Distributions.NegativeBinomial{Float64}, Distributions.NegativeBinomial{Float64}, Distributions.NegativeBinomial{Float64}, Distributions.NegativeBinomial{Float64}, Distributions.NegativeBinomial{Float64}, Distributions.NegativeBinomial{Float64}, Distributions.NegativeBinomial{Float64}, Distributions.NegativeBinomial{Float64}, Distributions.NegativeBinomial{Float64}, Distributions.NegativeBinomial{Float64}, Distributions.NegativeBinomial{Float64}, Distributions.NegativeBinomial{Float64}, Distributions.NegativeBinomial{Float64}, Distributions.NegativeBinomial{Float64}, Distributions.NegativeBinomial{Float64}, Distributions.NegativeBinomial{Float64}, Distributions.NegativeBinomial{Float64}, Distributions.NegativeBinomial{Float64}, Distributions.NegativeBinomial{Float64}, Distributions.NegativeBinomial{Float64}, Distributions.NegativeBinomial{Float64}, Distributions.NegativeBinomial{Float64}, Distributions.NegativeBinomial{Float64}, Distributions.NegativeBinomial{Float64}, Distributions.NegativeBinomial{Float64}, Distributions.NegativeBinomial{Float64}, Distributions.NegativeBinomial{Float64}, Distributions.NegativeBinomial{Float64}, Distributions.NegativeBinomial{Float64}, Distributions.NegativeBinomial{Float64}, Distributions.NegativeBinomial{Float64}, Distributions.NegativeBinomial{Float64}, Distributions.NegativeBinomial{Float64}, Distributions.NegativeBinomial{Float64}, Distributions.NegativeBinomial{Float64}, Distributions.NegativeBinomial{Float64}, Distributions.NegativeBinomial{Float64}, Distributions.NegativeBinomial{Float64}, Distributions.NegativeBinomial{Float64}, Distributions.NegativeBinomial{Float64}, Distributions.NegativeBinomial{Float64}]
Demand means:    [0.9615384615384616, 0.9615384615384616, 0.9615384615384616, 0.9615384615384616, 0.9615384615384616, 0.9615384615384616, 0.9615384615384616, 0.9615384615384616, 0.9615384615384616, 0.9615384615384616, 0.9615384615384616, 0.9615384615384616, 0.9615384615384616, 0.9615384615384616, 0.9615384615384616, 0.4807692307692307, 0.4807692307692307, 0.4807692307692307, 0.4807692307692307, 0.4807692307692307, 0.4807692307692307, 0.4807692307692307, 0.4807692307692307, 0.4807692307692307, 0.4807692307692307, 0.4807692307692307, 0.4807692307692307, 0.4807692307692307, 0.4807692307692307, 0.4807692307692307, 0.24038461538461536, 0.24038461538461536, 0.24038461538461536, 0.24038461538461536, 0.24038461538461536, 0.24038461538461536, 0.24038461538461536, 0.24038461538461536, 0.24038461538461536, 0.24038461538461536, 0.24038461538461536, 0.24038461538461536, 0.24038461538461536, 0.24038461538461536, 0.24038461538461536, 0.24038461538461536, 0.24038461538461536, 0.24038461538461536, 0.24038461538461536, 0.24038461538461536]
============================================================

==================================================
Computing order-up-to vector via :solve_inf
==================================================

Method: solve_inf
Final objective: 437.8827170794792
z*: [37.13018029755753, 36.25188203310679, 33.92281432148485, 34.962775091648936, 34.482764751688926, 33.138380315063316, 36.92066902550222, 33.04570121067355, 33.09092402529345, 32.724556109339545, 33.27236566923187, 36.389631742939414, 34.65636184991828, 33.26186805238226, 34.19355239289275, 22.30594156372022, 20.481429900796012, 16.81701003336216, 18.678704362729516, 18.36187401650384, 20.39389222418735, 19.676205814736313, 21.94969630725229, 20.618417480999383, 23.938297976228018, 18.9247748609939, 22.457452457000525, 22.418170532161422, 18.10406999272758, 18.462537209336098, 12.0, 12.0, 12.0, 12.0, 12.0, 12.0, 12.0, 12.0, 12.0, 12.0, 12.0, 12.0, 12.0, 12.0, 12.0, 12.0, 12.0, 12.0, 12.0, 12.0]
Intervention value: -225.7828330462761

==================================================
Computing order-up-to vector via :find_stationary
==================================================

Method: find_stationary
Final residual: 0.041457464008095926
z*: [31.0, 32.0, 31.0, 31.0, 31.0, 31.0, 32.0, 32.0, 31.0, 32.0, 31.0, 32.0, 31.0, 32.0, 32.0, 16.0, 16.0, 16.0, 16.0, 16.0, 16.0, 16.0, 16.0, 16.0, 16.0, 16.0, 16.0, 16.0, 16.0, 16.0, 8.0, 8.0, 8.0, 8.0, 8.0, 8.0, 8.0, 8.0, 8.0, 8.0, 8.0, 8.0, 8.0, 8.0, 8.0, 8.0, 8.0, 8.0, 8.0, 8.0]
Intervention value: -226.69106005859373

==================================================
Summary:
  solve_inf:       z* = [37, 36, 34, 35, 34, 33, 37, 33, 33, 33, 33, 36, 35, 33, 34, 22, 20, 17, 19, 18, 20, 20, 22, 21, 24, 19, 22, 22, 18, 18, 12, 12, 12, 12, 12, 12, 12, 12, 12, 12, 12, 12, 12, 12, 12, 12, 12, 12, 12, 12]
  find_stationary: z* = [31, 32, 31, 31, 31, 31, 32, 32, 31, 32, 31, 32, 31, 32, 32, 16, 16, 16, 16, 16, 16, 16, 16, 16, 16, 16, 16, 16, 16, 16, 8, 8, 8, 8, 8, 8, 8, 8, 8, 8, 8, 8, 8, 8, 8, 8, 8, 8, 8, 8]
==================================================

============================================================
Evaluating method: solve_inf
============================================================

----------------------------------------
Evaluating ε = -1.25
----------------------------------------
Mean cost: 303649.33507144114 ± 28.032892462800618
  Inventory costs: 40522.88910828056
  Variable costs:  5148.845420514275
  Fixed costs:     257977.60054264538
  Simulation time: 471.3s

----------------------------------------
Evaluating ε = -2.5
----------------------------------------
Mean cost: 303661.97724770755 ± 27.315164622085202
  Inventory costs: 40517.860039407155
  Variable costs:  5179.606991207016
  Fixed costs:     257964.51021709284
  Simulation time: 499.1s

----------------------------------------
Evaluating ε = -5.0
----------------------------------------
Mean cost: 303599.02802702325 ± 51.27027998154666
  Inventory costs: 40527.12314546271
  Variable costs:  5184.682680779852
  Fixed costs:     257887.22220077986
  Simulation time: 529.1s

----------------------------------------
Evaluating ε = -7.5
----------------------------------------
Mean cost: 59339.768679989036 ± 262.2583782539295
  Inventory costs: 36584.16203367896
  Variable costs:  5136.638960634102
  Fixed costs:     17618.967685676012
  Simulation time: 529.9s

----------------------------------------
Evaluating ε = -10.0
----------------------------------------
Mean cost: 57720.125233454586 ± 244.2667128952401
  Inventory costs: 37944.32113705457
  Variable costs:  5117.021272957305
  Fixed costs:     14658.782823442689
  Simulation time: 527.3s

----------------------------------------
Evaluating ε = -12.5
----------------------------------------
Mean cost: 57708.49434516147 ± 245.60258009863472
  Inventory costs: 39234.94745850714
  Variable costs:  5126.4814313254265
  Fixed costs:     13347.065455328897
  Simulation time: 520.2s

----------------------------------------
Evaluating ε = -15.0
----------------------------------------
Mean cost: 58090.158642050825 ± 165.30263182592543
  Inventory costs: 40745.68351052388
  Variable costs:  5141.314854030755
  Fixed costs:     12203.160277496188
  Simulation time: 530.3s

----------------------------------------
Evaluating ε = -20.0
----------------------------------------
Mean cost: 59600.21028501699 ± 87.00150265601275
  Inventory costs: 43394.446646627126
  Variable costs:  5130.695703175982
  Fixed costs:     11075.067935213865
  Simulation time: 521.7s

----------------------------------------
Evaluating ε = -25.0
----------------------------------------
Mean cost: 61157.969831520655 ± 204.73742446047552
  Inventory costs: 45990.41947241751
  Variable costs:  5115.253287947804
  Fixed costs:     10052.29707115536
  Simulation time: 534.1s

----------------------------------------
Evaluating ε = -30.0
----------------------------------------
Mean cost: 63246.45186525977 ± 308.7275401648211
  Inventory costs: 48717.809679803795
  Variable costs:  5106.006469241625
  Fixed costs:     9422.635716214343
  Simulation time: 523.6s

----------------------------------------
Evaluating ε = -40.0
----------------------------------------
Mean cost: 67575.60635005924 ± 316.57739292318473
  Inventory costs: 54030.69735903209
  Variable costs:  5073.801958541953
  Fixed costs:     8471.10703248537
  Simulation time: 526.9s

----------------------------------------
Evaluating ε = -50.0
----------------------------------------
Mean cost: 72621.17382443056 ± 132.46713617724495
  Inventory costs: 59726.41916571957
  Variable costs:  5078.609863205353
  Fixed costs:     7816.144795505672
  Simulation time: 525.3s

----------------------------------------
Evaluating ε = -75.0
----------------------------------------
Mean cost: 84121.99733620239 ± 443.19021321077645
  Inventory costs: 72251.61380812983
  Variable costs:  5085.941409359492
  Fixed costs:     6784.4421187131275
  Simulation time: 526.8s

----------------------------------------
Evaluating ε = -100.0
----------------------------------------
Mean cost: 97841.49806293598 ± 536.3718845804106
  Inventory costs: 86670.99491582428
  Variable costs:  5054.157044269068
  Fixed costs:     6116.346102842619
  Simulation time: 520.3s

==================================================
Best epsilon: -12.5 with cost: 57708.49434516147 ± 245.60258009863472
==================================================

============================================================
Evaluating method: find_stationary
============================================================

----------------------------------------
Evaluating ε = -1.25
----------------------------------------
Mean cost: 288154.925754716 ± 560.0824026693994
  Inventory costs: 31005.710735970944
  Variable costs:  5102.654359887169
  Fixed costs:     252046.56065885816
  Simulation time: 526.3s

----------------------------------------
Evaluating ε = -2.5
----------------------------------------
Mean cost: 61867.34765417866 ± 239.0011382315582
  Inventory costs: 28928.202945264078
  Variable costs:  5112.09147661789
  Fixed costs:     27827.05323229674
  Simulation time: 524.5s

----------------------------------------
Evaluating ε = -5.0
----------------------------------------
Mean cost: 57396.41406317843 ± 287.65514035932654
  Inventory costs: 30323.40499078129
  Variable costs:  5074.5690701669955
  Fixed costs:     21998.44000223021
  Simulation time: 523.6s

----------------------------------------
Evaluating ε = -7.5
----------------------------------------
Mean cost: 56257.63671930875 ± 192.30856465918532
  Inventory costs: 31984.455390447976
  Variable costs:  5087.737566996768
  Fixed costs:     19185.443761864088
  Simulation time: 515.2s

----------------------------------------
Evaluating ε = -10.0
----------------------------------------
Mean cost: 55229.26787088996 ± 204.92920667588282
  Inventory costs: 33305.083970142114
  Variable costs:  5048.226588069463
  Fixed costs:     16875.95731267847
  Simulation time: 528.1s

----------------------------------------
Evaluating ε = -12.5
----------------------------------------
Mean cost: 55899.75699716222 ± 238.81891292260235
  Inventory costs: 35084.00680060136
  Variable costs:  5080.843914116848
  Fixed costs:     15734.906282444039
  Simulation time: 516.7s

----------------------------------------
Evaluating ε = -15.0
----------------------------------------
Mean cost: 56338.862794164335 ± 108.71267393752221
  Inventory costs: 36512.31469293907
  Variable costs:  5069.317332629985
  Fixed costs:     14757.23076859526
  Simulation time: 526.5s

----------------------------------------
Evaluating ε = -20.0
----------------------------------------
Mean cost: 57917.588448751776 ± 237.33988676227486
  Inventory costs: 39572.094530126094
  Variable costs:  5066.946264691173
  Fixed costs:     13278.54765393452
  Simulation time: 528.1s

----------------------------------------
Evaluating ε = -25.0
----------------------------------------
Mean cost: 59833.897990418234 ± 221.9461657543654
  Inventory costs: 42607.71040888644
  Variable costs:  5051.170500066067
  Fixed costs:     12175.017081465758
  Simulation time: 526.0s

----------------------------------------
Evaluating ε = -30.0
----------------------------------------
Mean cost: 62063.006855086736 ± 242.442289415858
  Inventory costs: 45414.39525237253
  Variable costs:  5090.417125061418
  Fixed costs:     11558.194477652785
  Simulation time: 525.4s

----------------------------------------
Evaluating ε = -40.0
----------------------------------------
Mean cost: 66355.84625292796 ± 255.57505267114428
  Inventory costs: 50998.720978817364
  Variable costs:  5048.861608557834
  Fixed costs:     10308.263665552788
  Simulation time: 517.5s

----------------------------------------
Evaluating ε = -50.0
----------------------------------------
Mean cost: 71869.13555694881 ± 322.0810541609555
  Inventory costs: 57281.4334528617
  Variable costs:  5064.375603432874
  Fixed costs:     9523.326500654026
  Simulation time: 527.9s

----------------------------------------
Evaluating ε = -75.0
----------------------------------------
Mean cost: 85017.76517604156 ± 392.8085877298106
  Inventory costs: 71853.61991883614
  Variable costs:  5008.694485859461
  Fixed costs:     8155.4507713459925
  Simulation time: 518.8s

----------------------------------------
Evaluating ε = -100.0
----------------------------------------
Mean cost: 99606.40122574414 ± 384.96661210073484
  Inventory costs: 87216.38831744014
  Variable costs:  5045.010174922974
  Fixed costs:     7345.002733381024
  Simulation time: 519.0s

==================================================
Best epsilon: -10.0 with cost: 55229.26787088996 ± 204.92920667588282
==================================================
Skipping save for solve_inf: existing cost 55422.53642120921 <= new cost 57708.49434516147
Skipping save for find_stationary: existing cost 55143.10418681558 <= new cost 55229.26787088996

============================================================
FINAL RESULTS SUMMARY
============================================================

Method: solve_inf
  Order-up-to vector: [37, 36, 34, 35, 34, 33, 37, 33, 33, 33, 33, 36, 35, 33, 34, 22, 20, 17, 19, 18, 20, 20, 22, 21, 24, 19, 22, 22, 18, 18, 12, 12, 12, 12, 12, 12, 12, 12, 12, 12, 12, 12, 12, 12, 12, 12, 12, 12, 12, 12]
  Best epsilon: -12.5
  Best cost: 57708.49434516147 ± 245.60258009863472

Method: find_stationary
  Order-up-to vector: [31, 32, 31, 31, 31, 31, 32, 32, 31, 32, 31, 32, 31, 32, 32, 16, 16, 16, 16, 16, 16, 16, 16, 16, 16, 16, 16, 16, 16, 16, 8, 8, 8, 8, 8, 8, 8, 8, 8, 8, 8, 8, 8, 8, 8, 8, 8, 8, 8, 8]
  Best epsilon: -10.0
  Best cost: 55229.26787088996 ± 204.92920667588282

============================================================
Complete! Per-method results saved to:
  output/nn_training/results_50D_CaseMH_solve_inf.json
  output/nn_training/results_50D_CaseMH_find_stationary.json
============================================================

  Activating project at `~/DeepSJRP`
[ Info:  started timer at: 2026-04-28T02:43:11.658
┌ Warning: Layer with Float32 parameters got Float64 input.
│   The input will be converted, but any earlier layers may be very slow.
│   layer = Dense(50 => 1000, elu)  # 51_000 parameters
│   summary(x) = "50-element Vector{Float64}"
└ @ Flux ~/.julia/packages/Flux/DZYiO/src/layers/stateless.jl:60
RUNNING THE L-BFGS-B CODE

           * * *

Machine precision = 2.220D-16
 N =           50     M =           10

At X0         0 variables are exactly at the bounds

At iterate    0    f=  4.38791D+02    |proj g|=  1.20496D-02

At iterate    1    f=  4.38788D+02    |proj g|=  1.20462D-02

At iterate    2    f=  4.37883D+02    |proj g|=  5.72907D-03

           * * *

Tit   = total number of iterations
Tnf   = total number of function evaluations
Tnint = total number of segments explored during Cauchy searches
Skip  = number of BFGS updates skipped
Nact  = number of active bounds at final generalized Cauchy point
Projg = norm of the final projected gradient
F     = final function value

           * * *

   N    Tit     Tnf  Tnint  Skip  Nact     Projg        F
   50      2      3     21     0    19   5.729D-03   4.379D+02
  F =   437.88271707947922     

CONVERGENCE: NORM_OF_PROJECTED_GRADIENT_<=_PGTOL            

 Cauchy                time 0.000E+00 seconds.
 Subspace minimization time 0.000E+00 seconds.
 Line search           time 2.930E-03 seconds.

 Total User time 2.014E+00 seconds.

RUNNING THE L-BFGS-B CODE

           * * *

Machine precision = 2.220D-16
 N =           50     M =           10

At X0         0 variables are exactly at the bounds

At iterate    0    f=  1.71872D-03    |proj g|=  4.44660D-08

           * * *

Tit   = total number of iterations
Tnf   = total number of function evaluations
Tnint = total number of segments explored during Cauchy searches
Skip  = number of BFGS updates skipped
Nact  = number of active bounds at final generalized Cauchy point
Projg = norm of the final projected gradient
F     = final function value

           * * *

   N    Tit     Tnf  Tnint  Skip  Nact     Projg        F
   50      0      1      0     0     0   4.447D-08   1.719D-03
  F =   1.7187213219825690E-003

CONVERGENCE: NORM_OF_PROJECTED_GRADIENT_<=_PGTOL            

 Cauchy                time 0.000E+00 seconds.
 Subspace minimization time 0.000E+00 seconds.
 Line search           time 0.000E+00 seconds.

 Total User time 2.734E-01 seconds.

