
============================================================
DeepSJRP - Stochastic Joint Replenishment Problem Solver
============================================================
Instance: 50D_CaseHL
Options: Dict{Symbol, Any}(:beta_override => 100000.0, :alpha_override => nothing, :device => :gpu, :nu_override => 0.2, :T_override => 0.1, :seed => 777)
============================================================

Device: CUDA GPU
CUDA toolchain: 
- runtime 12.8, local installation
- driver 580.126.20 for 13.2
- compiler 12.9

CUDA libraries: 
- CUBLAS: 12.8.4
- CURAND: 10.3.9
- CUFFT: 11.3.3
- CUSOLVER: 11.7.3
- CUSPARSE: 12.5.8
- CUPTI: 2025.1.1 (API 12.8.0)
- NVML: 13.0.0+580.126.20

Julia packages: 
- CUDA: 5.11.0
- GPUArrays: 11.4.1
- GPUCompiler: 1.9.1
- KernelAbstractions: 0.9.41
- CUDA_Driver_jll: 13.2.0+0
- CUDA_Compiler_jll: 0.4.2+0
- CUDA_Runtime_jll: 0.21.0+0
- CUDA_Runtime_Discovery: 1.0.0

Toolchain:
- Julia: 1.11.7
- LLVM: 16.0.6

Preferences:
- CUDA_Runtime_jll.version: local

1 device:
  0: NVIDIA H100 80GB HBM3 (sm_90, 79.175 GiB / 79.647 GiB available)
BLAS threads: 1
Julia threads: 10

Benchmark source: QS

============================================================
IMPULSE CONTROL PROBLEM (scaled, annual)
============================================================
Instance: 50D_CaseHL
Dimension: 50
Interest rate: 0.05
Cost scaling κ: 0.01

Drift μ (annual demand rates): [50.0, 50.0, 50.0, 50.0, 50.0, 50.0, 50.0, 50.0, 50.0, 50.0, 50.0, 50.0, 50.0, 50.0, 50.0, 25.0, 25.0, 25.0, 25.0, 25.0, 25.0, 25.0, 25.0, 25.0, 25.0, 25.0, 25.0, 25.0, 25.0, 25.0, 12.5, 12.5, 12.5, 12.5, 12.5, 12.5, 12.5, 12.5, 12.5, 12.5, 12.5, 12.5, 12.5, 12.5, 12.5, 12.5, 12.5, 12.5, 12.5, 12.5]
Covariance Σ diagonal: [2500.0, 2500.0, 2500.0, 2500.0, 2500.0, 2500.0, 2500.0, 2500.0, 2500.0, 2500.0, 2500.0, 2500.0, 2500.0, 2500.0, 2500.0, 625.0, 625.0, 625.0, 625.0, 625.0, 625.0, 625.0, 625.0, 625.0, 625.0, 625.0, 625.0, 625.0, 625.0, 625.0, 156.25, 156.25, 156.25, 156.25, 156.25, 156.25, 156.25, 156.25, 156.25, 156.25, 156.25, 156.25, 156.25, 156.25, 156.25, 156.25, 156.25, 156.25, 156.25, 156.25]

Scaled costs (× κ = 0.01):
  Fixed cost K:    0.5
  Variable costs c: [0.001, 0.001, 0.001, 0.001, 0.001, 0.001, 0.001, 0.001, 0.001, 0.001, 0.001, 0.001, 0.001, 0.001, 0.001, 0.002, 0.002, 0.002, 0.002, 0.002, 0.002, 0.002, 0.002, 0.002, 0.002, 0.002, 0.002, 0.002, 0.002, 0.002, 0.004, 0.004, 0.004, 0.004, 0.004, 0.004, 0.004, 0.004, 0.004, 0.004, 0.004, 0.004, 0.004, 0.004, 0.004, 0.004, 0.004, 0.004, 0.004, 0.004]
  Holding costs h:  [0.01, 0.01, 0.01, 0.01, 0.01, 0.01, 0.01, 0.01, 0.01, 0.01, 0.01, 0.01, 0.01, 0.01, 0.01, 0.02, 0.02, 0.02, 0.02, 0.02, 0.02, 0.02, 0.02, 0.02, 0.02, 0.02, 0.02, 0.02, 0.02, 0.02, 0.04, 0.04, 0.04, 0.04, 0.04, 0.04, 0.04, 0.04, 0.04, 0.04, 0.04, 0.04, 0.04, 0.04, 0.04, 0.04, 0.04, 0.04, 0.04, 0.04]
  Penalty costs p:  [0.25, 0.25, 0.25, 0.25, 0.25, 0.25, 0.25, 0.25, 0.25, 0.25, 0.25, 0.25, 0.25, 0.25, 0.25, 0.5, 0.5, 0.5, 0.5, 0.5, 0.5, 0.5, 0.5, 0.5, 0.5, 0.5, 0.5, 0.5, 0.5, 0.5, 1.0, 1.0, 1.0, 1.0, 1.0, 1.0, 1.0, 1.0, 1.0, 1.0, 1.0, 1.0, 1.0, 1.0, 1.0, 1.0, 1.0, 1.0, 1.0, 1.0]

Original costs (unscaled):
  Fixed cost K:    50.0
  Variable costs c: [0.1, 0.1, 0.1, 0.1, 0.1, 0.1, 0.1, 0.1, 0.1, 0.1, 0.1, 0.1, 0.1, 0.1, 0.1, 0.2, 0.2, 0.2, 0.2, 0.2, 0.2, 0.2, 0.2, 0.2, 0.2, 0.2, 0.2, 0.2, 0.2, 0.2, 0.4, 0.4, 0.4, 0.4, 0.4, 0.4, 0.4, 0.4, 0.4, 0.4, 0.4, 0.4, 0.4, 0.4, 0.4, 0.4, 0.4, 0.4, 0.4, 0.4]
  Holding costs h:  [1.0, 1.0, 1.0, 1.0, 1.0, 1.0, 1.0, 1.0, 1.0, 1.0, 1.0, 1.0, 1.0, 1.0, 1.0, 2.0, 2.0, 2.0, 2.0, 2.0, 2.0, 2.0, 2.0, 2.0, 2.0, 2.0, 2.0, 2.0, 2.0, 2.0, 4.0, 4.0, 4.0, 4.0, 4.0, 4.0, 4.0, 4.0, 4.0, 4.0, 4.0, 4.0, 4.0, 4.0, 4.0, 4.0, 4.0, 4.0, 4.0, 4.0]
  Penalty costs p:  [25.0, 25.0, 25.0, 25.0, 25.0, 25.0, 25.0, 25.0, 25.0, 25.0, 25.0, 25.0, 25.0, 25.0, 25.0, 50.0, 50.0, 50.0, 50.0, 50.0, 50.0, 50.0, 50.0, 50.0, 50.0, 50.0, 50.0, 50.0, 50.0, 50.0, 100.0, 100.0, 100.0, 100.0, 100.0, 100.0, 100.0, 100.0, 100.0, 100.0, 100.0, 100.0, 100.0, 100.0, 100.0, 100.0, 100.0, 100.0, 100.0, 100.0]
============================================================

============================================================
TRAINING HYPERPARAMETERS
============================================================
Benchmark source: QS
Precision:        Float32
Batch size:       5000
Num intervals:    100
T horizon:        0.1
Num iterations:   40000
Learning rates:   [0.001, 0.0002, 0.0001, 1.0e-5, 1.0e-6]
LR steps:         [1, 5000, 10000, 20000, 30000]
Beta penalty:     [1.0, 10.0, 100.0, 1000.0, 10000.0, 100000.0]
Penalty steps:    [1, 2500, 5000, 7500, 10000, 20000]
Lambda rate:      16.524998940105988
S guess:          [[10.0, 10.0, 10.0, 10.0, 10.0, 10.0, 10.0, 10.0, 10.0, 10.0, 10.0, 10.0, 10.0, 10.0, 10.0, 6.0, 6.0, 6.0, 6.0, 6.0, 6.0, 6.0, 6.0, 6.0, 6.0, 6.0, 6.0, 6.0, 6.0, 6.0, 4.0, 4.0, 4.0, 4.0, 4.0, 4.0, 4.0, 4.0, 4.0, 4.0, 4.0, 4.0, 4.0, 4.0, 4.0, 4.0, 4.0, 4.0, 4.0, 4.0]]
Nu radius:        0.2
S distribution:   lognormal
Alpha factor:     0.0
Alpha js:         [0.0, 0.0, 0.0, 0.0, 0.0, 0.0, 0.0, 0.0, 0.0, 0.0, 0.0, 0.0, 0.0, 0.0, 0.0, 0.0, 0.0, 0.0, 0.0, 0.0, 0.0, 0.0, 0.0, 0.0, 0.0, 0.0, 0.0, 0.0, 0.0, 0.0, 0.0, 0.0, 0.0, 0.0, 0.0, 0.0, 0.0, 0.0, 0.0, 0.0, 0.0, 0.0, 0.0, 0.0, 0.0, 0.0, 0.0, 0.0, 0.0, 0.0]
Cost scaling:     0.01

Neural network architecture:
  Hidden layers:  4
  Width:          1000
  Activation:     elu

Optimization parameters:
  Start factor:   1.0
  Lower factor:   0.5
  Upper factor:   1.5
  Sim runs:       10
  Sim horizon:    5000
  Epsilons:       [-1.25, -2.5, -5.0, -7.5, -10.0, -12.5, -15.0, -20.0, -25.0, -30.0, -40.0, -50.0, -75.0, -100.0]
============================================================

Gradient network G (∇V):
Chain(
  Dense(50 => 1000, elu),               # 51_000 parameters
  Dense(1000 => 1000, elu),             # 1_001_000 parameters
  Dense(1000 => 1000, elu),             # 1_001_000 parameters
  Dense(1000 => 1000, elu),             # 1_001_000 parameters
  Dense(1000 => 50),                    # 50_050 parameters
)                   # Total: 10 arrays, 3_104_050 parameters, 1.562 KiB.

Value network H (V):
Chain(
  Dense(50 => 1000, elu),               # 51_000 parameters
  Dense(1000 => 1000, elu),             # 1_001_000 parameters
  Dense(1000 => 1000, elu),             # 1_001_000 parameters
  Dense(1000 => 1000, elu),             # 1_001_000 parameters
  Dense(1000 => 1),                     # 1_001 parameters
)                   # Total: 10 arrays, 3_055_001 parameters, 1.562 KiB.


============================================================
Starting neural network training...
============================================================

Starting training with steady-state sampler:
-----------------------------------------
Epoch: 1; Penalty β updated to: 1.0
-----------------------------------------
─── Device check ───
  x_tn: CuArray{Float32} (50, 100, 5000)
  dB: CuArray{Float32} (50, 100, 5000)
  dU: CuArray{Float32} (50, 100, 5000)
  exponentials: CuArray{Float32} (1, 100)
  loss_dB: CuArray{Float32} (1, 5000)
  loss_df: CuArray{Float32} (1, 5000)
  loss_dU: CuArray{Float32} (1, 5000)
  H_x0: CuArray{Float32} (1, 5000)
  H_xT: CuArray{Float32} (1, 5000)
  penalties: CuArray{Float32} (1, 5000)
────────────────────
Epoch: 1; Computation time: 68.423740468; Current value of V(0): 0.0
Lagrangian objective: 354519.56; Average H(x0): 0.0; Quantile-hedge α(β): 50.160000000000004
Simulation time per epoch: 12.277533591; Gradient computation time: 41.159211129; Testing time: 14.064983672
Epoch: 1000; Computation time: 406.633873377; Current value of V(0): 111053.21044921875
Lagrangian objective: -10517.226; Average H(x0): 20668.082; Quantile-hedge α(β): 0.0
Simulation time per epoch: 0.074050812; Gradient computation time: 0.180852081; Testing time: 0.082862572
Epoch: 2000; Computation time: 744.695861099; Current value of V(0): 230638.8671875
Lagrangian objective: -10664.392; Average H(x0): 20606.668; Quantile-hedge α(β): 0.0
Simulation time per epoch: 0.074059136; Gradient computation time: 0.180988623; Testing time: 0.082949563
-----------------------------------------
Epoch: 2500; Penalty β updated to: 10.0
-----------------------------------------
Epoch: 3000; Computation time: 1082.69311924; Current value of V(0): 25326.510620117188
Lagrangian objective: -1586.6234; Average H(x0): 3096.484; Quantile-hedge α(β): 0.36000000000000476
Simulation time per epoch: 0.07408972; Gradient computation time: 0.18115608; Testing time: 0.082977264
Epoch: 4000; Computation time: 1420.579152684; Current value of V(0): 17299.91455078125
Lagrangian objective: -1662.3967; Average H(x0): 2733.1948; Quantile-hedge α(β): 0.30000000000000027
Simulation time per epoch: 0.074081665; Gradient computation time: 0.18166569; Testing time: 0.082873784
-----------------------------------------
Epoch: 5000; Penalty β updated to: 100.0
-----------------------------------------
Epoch: 5000; Computation time: 1758.480383455; Current value of V(0): 20092.08221435547
Lagrangian objective: 8791.602; Average H(x0): 2752.91; Quantile-hedge α(β): 0.7800000000000029
Simulation time per epoch: 0.073849993; Gradient computation time: 0.180985476; Testing time: 0.082942449
Epoch: 6000; Computation time: 2096.354039812; Current value of V(0): -19112.368774414062
Lagrangian objective: -718.66205; Average H(x0): 878.0816; Quantile-hedge α(β): 16.600000000000005
Simulation time per epoch: 0.074087907; Gradient computation time: 0.18702421; Testing time: 0.08288598
Epoch: 7000; Computation time: 2434.211979353; Current value of V(0): -19102.79998779297
Lagrangian objective: -714.36; Average H(x0): 875.6024; Quantile-hedge α(β): 17.62
Simulation time per epoch: 0.074106659; Gradient computation time: 0.18077856; Testing time: 0.082910048
-----------------------------------------
Epoch: 7500; Penalty β updated to: 1000.0
-----------------------------------------
Epoch: 8000; Computation time: 2772.229802524; Current value of V(0): -26627.438354492188
Lagrangian objective: 346.88922; Average H(x0): -342.88263; Quantile-hedge α(β): 99.38
Simulation time per epoch: 0.074067944; Gradient computation time: 0.180571626; Testing time: 0.082886103
Epoch: 9000; Computation time: 3110.16525596; Current value of V(0): -20095.489501953125
Lagrangian objective: -550.74097; Average H(x0): 601.5208; Quantile-hedge α(β): 69.76
Simulation time per epoch: 0.074078177; Gradient computation time: 0.180681568; Testing time: 0.082862258
-----------------------------------------
Epoch: 10000; Penalty β updated to: 10000.0
-----------------------------------------
Epoch: 10000; Computation time: 3448.123623578; Current value of V(0): -21067.556762695312
Lagrangian objective: -154.9103; Average H(x0): 612.6807; Quantile-hedge α(β): 67.86
Simulation time per epoch: 0.074060963; Gradient computation time: 0.180850199; Testing time: 0.083052314
Epoch: 11000; Computation time: 3785.665198926; Current value of V(0): -21882.289123535156
Lagrangian objective: 293.22186; Average H(x0): -292.97894; Quantile-hedge α(β): 99.96000000000001
Simulation time per epoch: 0.074232941; Gradient computation time: 0.180556087; Testing time: 0.08278714
Epoch: 12000; Computation time: 4123.159185795; Current value of V(0): -15200.431823730469
Lagrangian objective: -270.91132; Average H(x0): 295.43985; Quantile-hedge α(β): 99.14
Simulation time per epoch: 0.074244867; Gradient computation time: 0.180190854; Testing time: 0.082716801
Epoch: 13000; Computation time: 4461.105870499; Current value of V(0): -16339.382934570312
Lagrangian objective: -477.8053; Average H(x0): 509.2377; Quantile-hedge α(β): 94.48
Simulation time per epoch: 0.074311203; Gradient computation time: 0.181087912; Testing time: 0.082898498
Epoch: 14000; Computation time: 4799.106567744; Current value of V(0): -17397.94158935547
Lagrangian objective: -477.09665; Average H(x0): 483.9847; Quantile-hedge α(β): 98.0
Simulation time per epoch: 0.074058461; Gradient computation time: 0.180915538; Testing time: 0.083024853
Epoch: 15000; Computation time: 5137.029518299; Current value of V(0): -19029.977416992188
Lagrangian objective: 303.18344; Average H(x0): -300.4594; Quantile-hedge α(β): 99.96000000000001
Simulation time per epoch: 0.072353228; Gradient computation time: 0.181006041; Testing time: 0.082884037
Epoch: 16000; Computation time: 5474.926690157; Current value of V(0): -15517.1630859375
Lagrangian objective: -301.54694; Average H(x0): 308.69406; Quantile-hedge α(β): 99.32
Simulation time per epoch: 0.073835277; Gradient computation time: 0.180925736; Testing time: 0.082991879
Epoch: 17000; Computation time: 5812.889116865; Current value of V(0): -17090.609741210938
Lagrangian objective: -500.5414; Average H(x0): 516.99097; Quantile-hedge α(β): 94.89999999999999
Simulation time per epoch: 0.074168296; Gradient computation time: 0.181161558; Testing time: 0.082975951
Epoch: 18000; Computation time: 6150.830164556; Current value of V(0): -30521.401977539062
Lagrangian objective: 692.457; Average H(x0): -691.33765; Quantile-hedge α(β): 99.94
Simulation time per epoch: 0.074125727; Gradient computation time: 0.18069589; Testing time: 0.082847329
Epoch: 19000; Computation time: 6488.79311546; Current value of V(0): -23315.66162109375
Lagrangian objective: -83.12044; Average H(x0): 88.14977; Quantile-hedge α(β): 99.8
Simulation time per epoch: 0.074139534; Gradient computation time: 0.18084673; Testing time: 0.082906467
-----------------------------------------
Epoch: 20000; Penalty β updated to: 100000.0
-----------------------------------------
Epoch: 20000; Computation time: 6826.717077983; Current value of V(0): -21538.648986816406
Lagrangian objective: -272.3588; Average H(x0): 527.81824; Quantile-hedge α(β): 93.02
Simulation time per epoch: 0.073925111; Gradient computation time: 0.180768828; Testing time: 0.082912912
Epoch: 21000; Computation time: 7164.823042707; Current value of V(0): -22546.78192138672
Lagrangian objective: -456.1731; Average H(x0): 472.3875; Quantile-hedge α(β): 99.03999999999999
Simulation time per epoch: 0.074114523; Gradient computation time: 0.180972216; Testing time: 0.082994988
Epoch: 22000; Computation time: 7502.714267822; Current value of V(0): -23076.77001953125
Lagrangian objective: -450.9707; Average H(x0): 471.096; Quantile-hedge α(β): 98.96000000000001
Simulation time per epoch: 0.074120243; Gradient computation time: 0.181011078; Testing time: 0.082967829
Epoch: 23000; Computation time: 7840.60812283; Current value of V(0): -23309.76104736328
Lagrangian objective: -427.3638; Average H(x0): 444.17084; Quantile-hedge α(β): 99.53999999999999
Simulation time per epoch: 0.074119833; Gradient computation time: 0.181094973; Testing time: 0.082960544
Epoch: 24000; Computation time: 8178.597169719; Current value of V(0): -23266.15447998047
Lagrangian objective: -384.6183; Average H(x0): 405.11526; Quantile-hedge α(β): 99.64
Simulation time per epoch: 0.074061451; Gradient computation time: 0.18101641; Testing time: 0.082888536
Epoch: 25000; Computation time: 8516.489812437; Current value of V(0): -23202.60467529297
Lagrangian objective: -444.1104; Average H(x0): 462.4895; Quantile-hedge α(β): 99.36
Simulation time per epoch: 0.074101031; Gradient computation time: 0.180622556; Testing time: 0.082785176
Epoch: 26000; Computation time: 8853.978065665; Current value of V(0): -23393.223571777344
Lagrangian objective: -445.1793; Average H(x0): 469.7403; Quantile-hedge α(β): 99.02
Simulation time per epoch: 0.074245032; Gradient computation time: 0.180414431; Testing time: 0.082813697
Epoch: 27000; Computation time: 9191.531233216; Current value of V(0): -24192.111206054688
Lagrangian objective: -298.80466; Average H(x0): 299.00372; Quantile-hedge α(β): 99.98
Simulation time per epoch: 0.074122936; Gradient computation time: 0.180328867; Testing time: 0.082827491
Epoch: 28000; Computation time: 9529.028895784; Current value of V(0): -23193.260192871094
Lagrangian objective: -366.37854; Average H(x0): 366.4139; Quantile-hedge α(β): 99.96000000000001
Simulation time per epoch: 0.074133685; Gradient computation time: 0.180201701; Testing time: 0.082796509
Epoch: 29000; Computation time: 9866.671653193; Current value of V(0): -23288.633728027344
Lagrangian objective: -411.9644; Average H(x0): 412.8603; Quantile-hedge α(β): 99.94
Simulation time per epoch: 0.074220143; Gradient computation time: 0.18038623; Testing time: 0.082861596
Epoch: 30000; Computation time: 10204.152716257; Current value of V(0): -22997.547912597656
Lagrangian objective: -458.95325; Average H(x0): 468.02014; Quantile-hedge α(β): 99.2
Simulation time per epoch: 0.073907793; Gradient computation time: 0.180115811; Testing time: 0.082768666
Epoch: 31000; Computation time: 10541.540592428; Current value of V(0): -22929.26788330078
Lagrangian objective: -467.23764; Average H(x0): 477.9772; Quantile-hedge α(β): 99.36
Simulation time per epoch: 0.074272871; Gradient computation time: 0.18037145; Testing time: 0.082803366
Epoch: 32000; Computation time: 10878.951452504; Current value of V(0): -22958.604431152344
Lagrangian objective: -467.78036; Average H(x0): 479.8152; Quantile-hedge α(β): 99.16
Simulation time per epoch: 0.074321284; Gradient computation time: 0.180394118; Testing time: 0.082753736
Epoch: 33000; Computation time: 11216.33165292; Current value of V(0): -22979.071044921875
Lagrangian objective: -473.3983; Average H(x0): 483.9299; Quantile-hedge α(β): 99.03999999999999
Simulation time per epoch: 0.074254494; Gradient computation time: 0.180402709; Testing time: 0.082832996
Epoch: 34000; Computation time: 11553.678739779; Current value of V(0): -23016.03240966797
Lagrangian objective: -450.49146; Average H(x0): 483.8332; Quantile-hedge α(β): 98.52
Simulation time per epoch: 0.074238672; Gradient computation time: 0.180319123; Testing time: 0.082784275
Epoch: 35000; Computation time: 11891.124007226; Current value of V(0): -23059.75799560547
Lagrangian objective: -460.4431; Average H(x0): 482.5413; Quantile-hedge α(β): 98.92
Simulation time per epoch: 0.074248327; Gradient computation time: 0.180175885; Testing time: 0.082806684
Epoch: 36000; Computation time: 12228.600936886; Current value of V(0): -23130.995178222656
Lagrangian objective: -457.67786; Average H(x0): 485.2312; Quantile-hedge α(β): 98.58
Simulation time per epoch: 0.074332696; Gradient computation time: 0.17998292; Testing time: 0.082762627
Epoch: 37000; Computation time: 12565.967461013; Current value of V(0): -23204.576110839844
Lagrangian objective: -465.91986; Average H(x0): 484.5836; Quantile-hedge α(β): 98.78
Simulation time per epoch: 0.074161378; Gradient computation time: 0.180249186; Testing time: 0.082946068
Epoch: 38000; Computation time: 12903.406587227; Current value of V(0): -23237.637329101562
Lagrangian objective: -462.612; Average H(x0): 480.8298; Quantile-hedge α(β): 98.82
Simulation time per epoch: 0.074253186; Gradient computation time: 0.180114138; Testing time: 0.082790838
Epoch: 39000; Computation time: 13240.804988563; Current value of V(0): -23220.925903320312
Lagrangian objective: -469.28696; Average H(x0): 482.4117; Quantile-hedge α(β): 98.96000000000001
Simulation time per epoch: 0.074224421; Gradient computation time: 0.180274604; Testing time: 0.082760491
Epoch: 40000; Computation time: 13578.147258322; Current value of V(0): -23250.160217285156
Lagrangian objective: -468.68225; Average H(x0): 479.0122; Quantile-hedge α(β): 99.06
Simulation time per epoch: 0.074231379; Gradient computation time: 0.180568051; Testing time: 0.082755097

Training completed in 13578.147349345 seconds
Final V(0): -23250.01983642578

============================================================
Running policy evaluation...
============================================================


============================================================
INVENTORY PROBLEM (unscaled, weekly)
============================================================
Dimension:       50
Discount factor: 0.9990389236684376
Fixed cost:      50.0
Variable costs:  [0.1, 0.1, 0.1, 0.1, 0.1, 0.1, 0.1, 0.1, 0.1, 0.1, 0.1, 0.1, 0.1, 0.1, 0.1, 0.2, 0.2, 0.2, 0.2, 0.2, 0.2, 0.2, 0.2, 0.2, 0.2, 0.2, 0.2, 0.2, 0.2, 0.2, 0.4, 0.4, 0.4, 0.4, 0.4, 0.4, 0.4, 0.4, 0.4, 0.4, 0.4, 0.4, 0.4, 0.4, 0.4, 0.4, 0.4, 0.4, 0.4, 0.4]
Holding costs:   [0.019230769230769232, 0.019230769230769232, 0.019230769230769232, 0.019230769230769232, 0.019230769230769232, 0.019230769230769232, 0.019230769230769232, 0.019230769230769232, 0.019230769230769232, 0.019230769230769232, 0.019230769230769232, 0.019230769230769232, 0.019230769230769232, 0.019230769230769232, 0.019230769230769232, 0.038461538461538464, 0.038461538461538464, 0.038461538461538464, 0.038461538461538464, 0.038461538461538464, 0.038461538461538464, 0.038461538461538464, 0.038461538461538464, 0.038461538461538464, 0.038461538461538464, 0.038461538461538464, 0.038461538461538464, 0.038461538461538464, 0.038461538461538464, 0.038461538461538464, 0.07692307692307693, 0.07692307692307693, 0.07692307692307693, 0.07692307692307693, 0.07692307692307693, 0.07692307692307693, 0.07692307692307693, 0.07692307692307693, 0.07692307692307693, 0.07692307692307693, 0.07692307692307693, 0.07692307692307693, 0.07692307692307693, 0.07692307692307693, 0.07692307692307693, 0.07692307692307693, 0.07692307692307693, 0.07692307692307693, 0.07692307692307693, 0.07692307692307693]
Backlog costs:   [0.4807692307692308, 0.4807692307692308, 0.4807692307692308, 0.4807692307692308, 0.4807692307692308, 0.4807692307692308, 0.4807692307692308, 0.4807692307692308, 0.4807692307692308, 0.4807692307692308, 0.4807692307692308, 0.4807692307692308, 0.4807692307692308, 0.4807692307692308, 0.4807692307692308, 0.9615384615384616, 0.9615384615384616, 0.9615384615384616, 0.9615384615384616, 0.9615384615384616, 0.9615384615384616, 0.9615384615384616, 0.9615384615384616, 0.9615384615384616, 0.9615384615384616, 0.9615384615384616, 0.9615384615384616, 0.9615384615384616, 0.9615384615384616, 0.9615384615384616, 1.9230769230769231, 1.9230769230769231, 1.9230769230769231, 1.9230769230769231, 1.9230769230769231, 1.9230769230769231, 1.9230769230769231, 1.9230769230769231, 1.9230769230769231, 1.9230769230769231, 1.9230769230769231, 1.9230769230769231, 1.9230769230769231, 1.9230769230769231, 1.9230769230769231, 1.9230769230769231, 1.9230769230769231, 1.9230769230769231, 1.9230769230769231, 1.9230769230769231]
Demand dists:    DataType[Distributions.NegativeBinomial{Float64}, Distributions.NegativeBinomial{Float64}, Distributions.NegativeBinomial{Float64}, Distributions.NegativeBinomial{Float64}, Distributions.NegativeBinomial{Float64}, Distributions.NegativeBinomial{Float64}, Distributions.NegativeBinomial{Float64}, Distributions.NegativeBinomial{Float64}, Distributions.NegativeBinomial{Float64}, Distributions.NegativeBinomial{Float64}, Distributions.NegativeBinomial{Float64}, Distributions.NegativeBinomial{Float64}, Distributions.NegativeBinomial{Float64}, Distributions.NegativeBinomial{Float64}, Distributions.NegativeBinomial{Float64}, Distributions.NegativeBinomial{Float64}, Distributions.NegativeBinomial{Float64}, Distributions.NegativeBinomial{Float64}, Distributions.NegativeBinomial{Float64}, Distributions.NegativeBinomial{Float64}, Distributions.NegativeBinomial{Float64}, Distributions.NegativeBinomial{Float64}, Distributions.NegativeBinomial{Float64}, Distributions.NegativeBinomial{Float64}, Distributions.NegativeBinomial{Float64}, Distributions.NegativeBinomial{Float64}, Distributions.NegativeBinomial{Float64}, Distributions.NegativeBinomial{Float64}, Distributions.NegativeBinomial{Float64}, Distributions.NegativeBinomial{Float64}, Distributions.NegativeBinomial{Float64}, Distributions.NegativeBinomial{Float64}, Distributions.NegativeBinomial{Float64}, Distributions.NegativeBinomial{Float64}, Distributions.NegativeBinomial{Float64}, Distributions.NegativeBinomial{Float64}, Distributions.NegativeBinomial{Float64}, Distributions.NegativeBinomial{Float64}, Distributions.NegativeBinomial{Float64}, Distributions.NegativeBinomial{Float64}, Distributions.NegativeBinomial{Float64}, Distributions.NegativeBinomial{Float64}, Distributions.NegativeBinomial{Float64}, Distributions.NegativeBinomial{Float64}, Distributions.NegativeBinomial{Float64}, Distributions.NegativeBinomial{Float64}, Distributions.NegativeBinomial{Float64}, Distributions.NegativeBinomial{Float64}, Distributions.NegativeBinomial{Float64}, Distributions.NegativeBinomial{Float64}]
Demand means:    [0.9615384615384615, 0.9615384615384615, 0.9615384615384615, 0.9615384615384615, 0.9615384615384615, 0.9615384615384615, 0.9615384615384615, 0.9615384615384615, 0.9615384615384615, 0.9615384615384615, 0.9615384615384615, 0.9615384615384615, 0.9615384615384615, 0.9615384615384615, 0.9615384615384615, 0.4807692307692307, 0.4807692307692307, 0.4807692307692307, 0.4807692307692307, 0.4807692307692307, 0.4807692307692307, 0.4807692307692307, 0.4807692307692307, 0.4807692307692307, 0.4807692307692307, 0.4807692307692307, 0.4807692307692307, 0.4807692307692307, 0.4807692307692307, 0.4807692307692307, 0.2403846153846154, 0.2403846153846154, 0.2403846153846154, 0.2403846153846154, 0.2403846153846154, 0.2403846153846154, 0.2403846153846154, 0.2403846153846154, 0.2403846153846154, 0.2403846153846154, 0.2403846153846154, 0.2403846153846154, 0.2403846153846154, 0.2403846153846154, 0.2403846153846154, 0.2403846153846154, 0.2403846153846154, 0.2403846153846154, 0.2403846153846154, 0.2403846153846154]
============================================================

==================================================
Computing order-up-to vector via :solve_inf
==================================================

Method: solve_inf
Final objective: -72.16801788344495
z*: [9.04296890061249, 5.0, 5.0, 6.273577677735473, 5.648124567554949, 5.0, 10.879236036685779, 5.0, 6.023750346491945, 9.579433642883245, 9.547496278535135, 10.03272552787938, 5.0, 5.0, 5.0, 3.0, 3.0, 3.0, 3.0, 3.0, 3.0, 3.0, 3.0, 3.0, 3.0, 3.0, 3.2158694955912903, 3.0, 3.0, 3.5914578298561723, 2.0, 2.0, 2.0, 2.0, 2.0, 2.0, 2.0, 2.0, 2.0, 2.0, 2.0, 2.0, 2.0, 2.0, 2.0, 2.0, 2.0, 2.0, 2.0, 2.0]
Intervention value: -160.83207366928943

==================================================
Computing order-up-to vector via :find_stationary
==================================================

Method: find_stationary
Final residual: 0.024292267059642086
z*: [10.381198041541353, 9.546053655095799, 11.226549693899393, 9.821455772739885, 11.395868710422267, 10.503980830511939, 10.24972538696876, 10.57241897803451, 10.330592673031862, 9.45042696463075, 10.586030025558902, 11.516281000719486, 12.278914365006676, 10.037176484591994, 11.970815969597862, 6.7882741575344525, 7.317955514544505, 7.959373314209117, 6.418760712848053, 7.5423534441526865, 7.162848535726294, 6.672748249391259, 6.137505977373348, 6.167018756839108, 5.494581705805038, 7.158310043096125, 5.238766249140674, 6.618137952932437, 7.1263280159063, 5.585093190799712, 3.753898845667407, 4.831984163217977, 3.1777850709706748, 4.124793016919928, 4.797055484478014, 3.9438211838743085, 3.7034392874428375, 3.708631261494058, 4.175349955580955, 4.313722073930973, 4.599982771167027, 5.780926478145631, 4.459733888308008, 6.0, 2.9076176771223348, 2.870480900719205, 5.835866614391562, 4.53052541544831, 4.188143926550765, 3.8985300132644647]
Intervention value: -717.6924773128546

==================================================
Summary:
  solve_inf:       z* = [9, 5, 5, 6, 6, 5, 11, 5, 6, 10, 10, 10, 5, 5, 5, 3, 3, 3, 3, 3, 3, 3, 3, 3, 3, 3, 3, 3, 3, 4, 2, 2, 2, 2, 2, 2, 2, 2, 2, 2, 2, 2, 2, 2, 2, 2, 2, 2, 2, 2]
  find_stationary: z* = [10, 10, 11, 10, 11, 11, 10, 11, 10, 9, 11, 12, 12, 10, 12, 7, 7, 8, 6, 8, 7, 7, 6, 6, 5, 7, 5, 7, 7, 6, 4, 5, 3, 4, 5, 4, 4, 4, 4, 4, 5, 6, 4, 6, 3, 3, 6, 5, 4, 4]
==================================================

============================================================
Evaluating method: solve_inf
============================================================

----------------------------------------
Evaluating ε = -1.25
----------------------------------------
Mean cost: 75021.04420713005 ± 268.76777047877295
  Inventory costs: 23571.253741804758
  Variable costs:  4991.427563450937
  Fixed costs:     46458.36290187446
  Simulation time: 568.1s

----------------------------------------
Evaluating ε = -2.5
----------------------------------------
Mean cost: 74365.73945294836 ± 272.39928212754404
  Inventory costs: 23935.895379432946
  Variable costs:  4993.063143822636
  Fixed costs:     45436.780929692926
  Simulation time: 638.3s

----------------------------------------
Evaluating ε = -5.0
----------------------------------------
Mean cost: 73687.76302507301 ± 364.565674104753
  Inventory costs: 24464.565316072454
  Variable costs:  4928.693307500694
  Fixed costs:     44294.50440149987
  Simulation time: 637.7s

----------------------------------------
Evaluating ε = -7.5
----------------------------------------
Mean cost: 73070.50687368693 ± 357.55208239396376
  Inventory costs: 25682.645359021033
  Variable costs:  5000.928097820354
  Fixed costs:     42386.93341684558
  Simulation time: 648.0s

----------------------------------------
Evaluating ε = -10.0
----------------------------------------
Mean cost: 72693.30461333368 ± 244.42746987386474
  Inventory costs: 27281.611139559962
  Variable costs:  4994.9892916421
  Fixed costs:     40416.70418213155
  Simulation time: 641.4s

----------------------------------------
Evaluating ε = -12.5
----------------------------------------
Mean cost: 71812.88733692607 ± 203.7108258288346
  Inventory costs: 29150.889326720604
  Variable costs:  5005.403383676789
  Fixed costs:     37656.59462652867
  Simulation time: 633.2s

----------------------------------------
Evaluating ε = -15.0
----------------------------------------
Mean cost: 71644.78581439334 ± 307.16588150633294
  Inventory costs: 31305.58122812272
  Variable costs:  5009.619529210645
  Fixed costs:     35329.58505705994
  Simulation time: 640.4s

----------------------------------------
Evaluating ε = -20.0
----------------------------------------
Mean cost: 71204.51928187857 ± 359.1563161040522
  Inventory costs: 35586.253187591785
  Variable costs:  4973.2948849361655
  Fixed costs:     30644.971209350508
  Simulation time: 636.1s

----------------------------------------
Evaluating ε = -25.0
----------------------------------------
Mean cost: 72957.0131089614 ± 189.97078758410487
  Inventory costs: 41346.6040995581
  Variable costs:  4983.560301573651
  Fixed costs:     26626.84870782965
  Simulation time: 639.9s

----------------------------------------
Evaluating ε = -30.0
----------------------------------------
Mean cost: 74949.96861471547 ± 200.49312967716625
  Inventory costs: 46129.2060654041
  Variable costs:  4987.022307074007
  Fixed costs:     23833.74024223738
  Simulation time: 649.5s

----------------------------------------
Evaluating ε = -40.0
----------------------------------------
Mean cost: 81155.70975333606 ± 351.7317065135472
  Inventory costs: 56945.72630739645
  Variable costs:  5041.588622097057
  Fixed costs:     19168.39482384235
  Simulation time: 648.8s

----------------------------------------
Evaluating ε = -50.0
----------------------------------------
Mean cost: 89310.83236416212 ± 409.79805430616574
  Inventory costs: 69293.82803504055
  Variable costs:  4939.496346225721
  Fixed costs:     15077.507982895822
  Simulation time: 644.6s

----------------------------------------
Evaluating ε = -75.0
----------------------------------------
Mean cost: 112143.40890730367 ± 544.8872306818645
  Inventory costs: 96525.22822808268
  Variable costs:  5054.4358830136935
  Fixed costs:     10563.744796207411
  Simulation time: 628.3s

----------------------------------------
Evaluating ε = -100.0
----------------------------------------
Mean cost: 135834.8840579823 ± 661.3030772111033
  Inventory costs: 122974.12632211407
  Variable costs:  4961.683348855395
  Fixed costs:     7899.074387012988
  Simulation time: 639.6s

==================================================
Best epsilon: -20.0 with cost: 71204.51928187857 ± 359.1563161040522
==================================================

============================================================
Evaluating method: find_stationary
============================================================

----------------------------------------
Evaluating ε = -1.25
----------------------------------------
Mean cost: 51749.14538652832 ± 255.22329218176813
  Inventory costs: 30845.598453122664
  Variable costs:  5021.7582981405885
  Fixed costs:     15881.788635265006
  Simulation time: 638.0s

----------------------------------------
Evaluating ε = -2.5
----------------------------------------
Mean cost: 52228.60314606791 ± 309.6684682185789
  Inventory costs: 31877.27532401855
  Variable costs:  5063.591761648443
  Fixed costs:     15287.736060400974
  Simulation time: 636.1s

----------------------------------------
Evaluating ε = -5.0
----------------------------------------
Mean cost: 52380.28616625861 ± 220.78223378187906
  Inventory costs: 33731.72375136764
  Variable costs:  5046.2083751465025
  Fixed costs:     13602.354039744565
  Simulation time: 641.9s

----------------------------------------
Evaluating ε = -7.5
----------------------------------------
Mean cost: 52880.917415977994 ± 282.01078793796444
  Inventory costs: 35922.44470456838
  Variable costs:  4990.400590449413
  Fixed costs:     11968.07212096021
  Simulation time: 648.2s

----------------------------------------
Evaluating ε = -10.0
----------------------------------------
Mean cost: 54085.06769543966 ± 237.38662511329383
  Inventory costs: 38029.739177592
  Variable costs:  5010.785729178471
  Fixed costs:     11044.542788669207
  Simulation time: 642.2s

----------------------------------------
Evaluating ε = -12.5
----------------------------------------
Mean cost: 55645.270943548974 ± 213.77690465973444
  Inventory costs: 40343.91565232581
  Variable costs:  5058.478974089214
  Fixed costs:     10242.876317133923
  Simulation time: 638.8s

----------------------------------------
Evaluating ε = -15.0
----------------------------------------
Mean cost: 56261.76398241015 ± 221.7051704022599
  Inventory costs: 42005.96539303525
  Variable costs:  4946.6195224663325
  Fixed costs:     9309.179066908551
  Simulation time: 639.0s

----------------------------------------
Evaluating ε = -20.0
----------------------------------------
Mean cost: 60151.18639983829 ± 161.7078398629098
  Inventory costs: 46821.44028582277
  Variable costs:  5025.993622795769
  Fixed costs:     8303.752491219744
  Simulation time: 630.2s

----------------------------------------
Evaluating ε = -25.0
----------------------------------------
Mean cost: 63613.19878145406 ± 149.73847192548183
  Inventory costs: 51428.692238185715
  Variable costs:  4941.775297766757
  Fixed costs:     7242.73124550162
  Simulation time: 632.3s

----------------------------------------
Evaluating ε = -30.0
----------------------------------------
Mean cost: 68493.73092529661 ± 289.1911499176326
  Inventory costs: 56750.333893723764
  Variable costs:  5024.327520533177
  Fixed costs:     6719.069511039587
  Simulation time: 634.5s

----------------------------------------
Evaluating ε = -40.0
----------------------------------------
Mean cost: 76465.45764031215 ± 270.7763091527114
  Inventory costs: 65955.3703664853
  Variable costs:  4972.360048724962
  Fixed costs:     5537.727225101978
  Simulation time: 638.1s

----------------------------------------
Evaluating ε = -50.0
----------------------------------------
Mean cost: 86034.13629743947 ± 303.53718585251937
  Inventory costs: 76207.82858888745
  Variable costs:  4986.831497109575
  Fixed costs:     4839.476211442417
  Simulation time: 646.2s

----------------------------------------
Evaluating ε = -75.0
----------------------------------------
Mean cost: 107869.30375848459 ± 246.1390259041465
  Inventory costs: 99092.90182892195
  Variable costs:  5056.871811930993
  Fixed costs:     3719.530117631658
  Simulation time: 643.7s

----------------------------------------
Evaluating ε = -100.0
----------------------------------------
Mean cost: 132065.9785683231 ± 569.9567876930031
  Inventory costs: 124070.82805284354
  Variable costs:  4984.835681499334
  Fixed costs:     3010.3148339802287
  Simulation time: 631.9s

==================================================
Best epsilon: -1.25 with cost: 51749.14538652832 ± 255.22329218176813
==================================================
Improving solve_inf: 73949.85387496071 -> 71204.51928187857
Results saved to: output/nn_training/results_50D_CaseHL_solve_inf.json
Neural networks saved to: policies/policies50D/neural_networks_50D_CaseHL_solve_inf.bson
Improving find_stationary: 52213.725346736166 -> 51749.14538652832
Results saved to: output/nn_training/results_50D_CaseHL_find_stationary.json
Neural networks saved to: policies/policies50D/neural_networks_50D_CaseHL_find_stationary.bson

============================================================
FINAL RESULTS SUMMARY
============================================================

Method: solve_inf
  Order-up-to vector: [9, 5, 5, 6, 6, 5, 11, 5, 6, 10, 10, 10, 5, 5, 5, 3, 3, 3, 3, 3, 3, 3, 3, 3, 3, 3, 3, 3, 3, 4, 2, 2, 2, 2, 2, 2, 2, 2, 2, 2, 2, 2, 2, 2, 2, 2, 2, 2, 2, 2]
  Best epsilon: -20.0
  Best cost: 71204.51928187857 ± 359.1563161040522

Method: find_stationary
  Order-up-to vector: [10, 10, 11, 10, 11, 11, 10, 11, 10, 9, 11, 12, 12, 10, 12, 7, 7, 8, 6, 8, 7, 7, 6, 6, 5, 7, 5, 7, 7, 6, 4, 5, 3, 4, 5, 4, 4, 4, 4, 4, 5, 6, 4, 6, 3, 3, 6, 5, 4, 4]
  Best epsilon: -1.25
  Best cost: 51749.14538652832 ± 255.22329218176813

============================================================
Complete! Per-method results saved to:
  output/nn_training/results_50D_CaseHL_solve_inf.json
  output/nn_training/results_50D_CaseHL_find_stationary.json
============================================================

  Activating project at `~/DeepSJRP`
[ Info:  started timer at: 2026-04-24T01:23:11.713
┌ Warning: Layer with Float32 parameters got Float64 input.
│   The input will be converted, but any earlier layers may be very slow.
│   layer = Dense(50 => 1000, elu)  # 51_000 parameters
│   summary(x) = "50-element Vector{Float64}"
└ @ Flux ~/.julia/packages/Flux/DZYiO/src/layers/stateless.jl:60
RUNNING THE L-BFGS-B CODE

           * * *

Machine precision = 2.220D-16
 N =           50     M =           10

At X0         0 variables are exactly at the bounds

At iterate    0    f=  4.24957D+02    |proj g|=  3.42589D+00

At iterate    1    f=  4.31995D+01    |proj g|=  3.15979D+00
  ys=-1.237E+02  -gs= 3.034E+02 BFGS update SKIPPED

At iterate    2    f= -5.17184D+01    |proj g|=  2.74544D+00

At iterate    3    f= -6.07154D+01    |proj g|=  1.68313D+00

At iterate    4    f= -7.04914D+01    |proj g|=  7.71111D-01

At iterate    5    f= -7.13392D+01    |proj g|=  5.84472D-01

At iterate    6    f= -7.18323D+01    |proj g|=  4.42671D-01

At iterate    7    f= -7.19787D+01    |proj g|=  3.24335D-01

At iterate    8    f= -7.21307D+01    |proj g|=  1.01552D-01

At iterate    9    f= -7.21547D+01    |proj g|=  7.17647D-02

At iterate   10    f= -7.21675D+01    |proj g|=  1.25946D-02

At iterate   11    f= -7.21680D+01    |proj g|=  5.89283D-03

           * * *

Tit   = total number of iterations
Tnf   = total number of function evaluations
Tnint = total number of segments explored during Cauchy searches
Skip  = number of BFGS updates skipped
Nact  = number of active bounds at final generalized Cauchy point
Projg = norm of the final projected gradient
F     = final function value

           * * *

   N    Tit     Tnf  Tnint  Skip  Nact     Projg        F
   50     11     12     50     1    40   5.893D-03  -7.217D+01
  F =  -72.168017883444946     

CONVERGENCE: NORM_OF_PROJECTED_GRADIENT_<=_PGTOL            

 Cauchy                time 0.000E+00 seconds.
 Subspace minimization time 0.000E+00 seconds.
 Line search           time 1.367E-02 seconds.

 Total User time 2.136E+00 seconds.

RUNNING THE L-BFGS-B CODE

           * * *

Machine precision = 2.220D-16
 N =           50     M =           10

At X0         0 variables are exactly at the bounds

At iterate    0    f=  4.86475D-02    |proj g|=  1.49793D-02

At iterate    1    f=  4.70063D-02    |proj g|=  1.45398D-02

At iterate    2    f=  1.33442D-02    |proj g|=  4.58535D-03

At iterate    3    f=  7.71323D-03    |proj g|=  1.78435D-03

At iterate    4    f=  6.00892D-03    |proj g|=  9.50776D-04

At iterate    5    f=  4.57683D-03    |proj g|=  5.88557D-04

At iterate    6    f=  1.95992D-03    |proj g|=  4.83642D-04

At iterate    7    f=  6.29535D-04    |proj g|=  5.91182D-05

At iterate    8    f=  5.95566D-04    |proj g|=  1.69350D-05

At iterate    9    f=  5.90114D-04    |proj g|=  8.48719D-06

           * * *

Tit   = total number of iterations
Tnf   = total number of function evaluations
Tnint = total number of segments explored during Cauchy searches
Skip  = number of BFGS updates skipped
Nact  = number of active bounds at final generalized Cauchy point
Projg = norm of the final projected gradient
F     = final function value

           * * *

   N    Tit     Tnf  Tnint  Skip  Nact     Projg        F
   50      9     10      9     0     1   8.487D-06   5.901D-04
  F =   5.9011423889697196E-004

CONVERGENCE: NORM_OF_PROJECTED_GRADIENT_<=_PGTOL            

 Cauchy                time 0.000E+00 seconds.
 Subspace minimization time 0.000E+00 seconds.
 Line search           time 9.766E-03 seconds.

 Total User time 2.646E-01 seconds.

