
============================================================
DeepSJRP - Stochastic Joint Replenishment Problem Solver
============================================================
Instance: 50D_CaseHL
Options: Dict{Symbol, Any}(:beta_override => 100000.0, :alpha_override => nothing, :device => :gpu, :nu_override => 1.0, :T_override => 0.2, :seed => 777)
============================================================

Device: CUDA GPU
CUDA toolchain: 
- runtime 12.8, local installation
- driver 580.126.16 for 13.2
- compiler 12.9

CUDA libraries: 
- CUBLAS: 12.8.4
- CURAND: 10.3.9
- CUFFT: 11.3.3
- CUSOLVER: 11.7.3
- CUSPARSE: 12.5.8
- CUPTI: 2025.1.1 (API 12.8.0)
- NVML: 13.0.0+580.126.16

Julia packages: 
- CUDA: 5.11.0
- GPUArrays: 11.4.1
- GPUCompiler: 1.9.1
- KernelAbstractions: 0.9.41
- CUDA_Driver_jll: 13.2.0+0
- CUDA_Compiler_jll: 0.4.2+0
- CUDA_Runtime_jll: 0.21.0+0
- CUDA_Runtime_Discovery: 1.0.0

Toolchain:
- Julia: 1.11.7
- LLVM: 16.0.6

Preferences:
- CUDA_Runtime_jll.version: local

1 device:
  0: NVIDIA H100 80GB HBM3 (sm_90, 79.175 GiB / 79.647 GiB available)
BLAS threads: 1
Julia threads: 10

Benchmark source: QS

============================================================
IMPULSE CONTROL PROBLEM (scaled, annual)
============================================================
Instance: 50D_CaseHL
Dimension: 50
Interest rate: 0.05
Cost scaling κ: 0.01

Drift μ (annual demand rates): [50.0, 50.0, 50.0, 50.0, 50.0, 50.0, 50.0, 50.0, 50.0, 50.0, 50.0, 50.0, 50.0, 50.0, 50.0, 25.0, 25.0, 25.0, 25.0, 25.0, 25.0, 25.0, 25.0, 25.0, 25.0, 25.0, 25.0, 25.0, 25.0, 25.0, 12.5, 12.5, 12.5, 12.5, 12.5, 12.5, 12.5, 12.5, 12.5, 12.5, 12.5, 12.5, 12.5, 12.5, 12.5, 12.5, 12.5, 12.5, 12.5, 12.5]
Covariance Σ diagonal: [2500.0, 2500.0, 2500.0, 2500.0, 2500.0, 2500.0, 2500.0, 2500.0, 2500.0, 2500.0, 2500.0, 2500.0, 2500.0, 2500.0, 2500.0, 625.0, 625.0, 625.0, 625.0, 625.0, 625.0, 625.0, 625.0, 625.0, 625.0, 625.0, 625.0, 625.0, 625.0, 625.0, 156.25, 156.25, 156.25, 156.25, 156.25, 156.25, 156.25, 156.25, 156.25, 156.25, 156.25, 156.25, 156.25, 156.25, 156.25, 156.25, 156.25, 156.25, 156.25, 156.25]

Scaled costs (× κ = 0.01):
  Fixed cost K:    0.5
  Variable costs c: [0.001, 0.001, 0.001, 0.001, 0.001, 0.001, 0.001, 0.001, 0.001, 0.001, 0.001, 0.001, 0.001, 0.001, 0.001, 0.002, 0.002, 0.002, 0.002, 0.002, 0.002, 0.002, 0.002, 0.002, 0.002, 0.002, 0.002, 0.002, 0.002, 0.002, 0.004, 0.004, 0.004, 0.004, 0.004, 0.004, 0.004, 0.004, 0.004, 0.004, 0.004, 0.004, 0.004, 0.004, 0.004, 0.004, 0.004, 0.004, 0.004, 0.004]
  Holding costs h:  [0.01, 0.01, 0.01, 0.01, 0.01, 0.01, 0.01, 0.01, 0.01, 0.01, 0.01, 0.01, 0.01, 0.01, 0.01, 0.02, 0.02, 0.02, 0.02, 0.02, 0.02, 0.02, 0.02, 0.02, 0.02, 0.02, 0.02, 0.02, 0.02, 0.02, 0.04, 0.04, 0.04, 0.04, 0.04, 0.04, 0.04, 0.04, 0.04, 0.04, 0.04, 0.04, 0.04, 0.04, 0.04, 0.04, 0.04, 0.04, 0.04, 0.04]
  Penalty costs p:  [0.25, 0.25, 0.25, 0.25, 0.25, 0.25, 0.25, 0.25, 0.25, 0.25, 0.25, 0.25, 0.25, 0.25, 0.25, 0.5, 0.5, 0.5, 0.5, 0.5, 0.5, 0.5, 0.5, 0.5, 0.5, 0.5, 0.5, 0.5, 0.5, 0.5, 1.0, 1.0, 1.0, 1.0, 1.0, 1.0, 1.0, 1.0, 1.0, 1.0, 1.0, 1.0, 1.0, 1.0, 1.0, 1.0, 1.0, 1.0, 1.0, 1.0]

Original costs (unscaled):
  Fixed cost K:    50.0
  Variable costs c: [0.1, 0.1, 0.1, 0.1, 0.1, 0.1, 0.1, 0.1, 0.1, 0.1, 0.1, 0.1, 0.1, 0.1, 0.1, 0.2, 0.2, 0.2, 0.2, 0.2, 0.2, 0.2, 0.2, 0.2, 0.2, 0.2, 0.2, 0.2, 0.2, 0.2, 0.4, 0.4, 0.4, 0.4, 0.4, 0.4, 0.4, 0.4, 0.4, 0.4, 0.4, 0.4, 0.4, 0.4, 0.4, 0.4, 0.4, 0.4, 0.4, 0.4]
  Holding costs h:  [1.0, 1.0, 1.0, 1.0, 1.0, 1.0, 1.0, 1.0, 1.0, 1.0, 1.0, 1.0, 1.0, 1.0, 1.0, 2.0, 2.0, 2.0, 2.0, 2.0, 2.0, 2.0, 2.0, 2.0, 2.0, 2.0, 2.0, 2.0, 2.0, 2.0, 4.0, 4.0, 4.0, 4.0, 4.0, 4.0, 4.0, 4.0, 4.0, 4.0, 4.0, 4.0, 4.0, 4.0, 4.0, 4.0, 4.0, 4.0, 4.0, 4.0]
  Penalty costs p:  [25.0, 25.0, 25.0, 25.0, 25.0, 25.0, 25.0, 25.0, 25.0, 25.0, 25.0, 25.0, 25.0, 25.0, 25.0, 50.0, 50.0, 50.0, 50.0, 50.0, 50.0, 50.0, 50.0, 50.0, 50.0, 50.0, 50.0, 50.0, 50.0, 50.0, 100.0, 100.0, 100.0, 100.0, 100.0, 100.0, 100.0, 100.0, 100.0, 100.0, 100.0, 100.0, 100.0, 100.0, 100.0, 100.0, 100.0, 100.0, 100.0, 100.0]
============================================================

============================================================
TRAINING HYPERPARAMETERS
============================================================
Benchmark source: QS
Precision:        Float32
Batch size:       5000
Num intervals:    100
T horizon:        0.2
Num iterations:   40000
Learning rates:   [0.001, 0.0002, 0.0001, 1.0e-5, 1.0e-6]
LR steps:         [1, 5000, 10000, 20000, 30000]
Beta penalty:     [1.0, 10.0, 100.0, 1000.0, 10000.0, 100000.0]
Penalty steps:    [1, 2500, 5000, 7500, 10000, 20000]
Lambda rate:      16.524998940105988
S guess:          [[10.0, 10.0, 10.0, 10.0, 10.0, 10.0, 10.0, 10.0, 10.0, 10.0, 10.0, 10.0, 10.0, 10.0, 10.0, 6.0, 6.0, 6.0, 6.0, 6.0, 6.0, 6.0, 6.0, 6.0, 6.0, 6.0, 6.0, 6.0, 6.0, 6.0, 4.0, 4.0, 4.0, 4.0, 4.0, 4.0, 4.0, 4.0, 4.0, 4.0, 4.0, 4.0, 4.0, 4.0, 4.0, 4.0, 4.0, 4.0, 4.0, 4.0]]
Nu radius:        1.0
S distribution:   lognormal
Alpha factor:     0.0
Alpha js:         [0.0, 0.0, 0.0, 0.0, 0.0, 0.0, 0.0, 0.0, 0.0, 0.0, 0.0, 0.0, 0.0, 0.0, 0.0, 0.0, 0.0, 0.0, 0.0, 0.0, 0.0, 0.0, 0.0, 0.0, 0.0, 0.0, 0.0, 0.0, 0.0, 0.0, 0.0, 0.0, 0.0, 0.0, 0.0, 0.0, 0.0, 0.0, 0.0, 0.0, 0.0, 0.0, 0.0, 0.0, 0.0, 0.0, 0.0, 0.0, 0.0, 0.0]
Cost scaling:     0.01

Neural network architecture:
  Hidden layers:  4
  Width:          1000
  Activation:     elu

Optimization parameters:
  Start factor:   1.0
  Lower factor:   0.5
  Upper factor:   1.5
  Sim runs:       10
  Sim horizon:    5000
  Epsilons:       [-1.25, -2.5, -5.0, -7.5, -10.0, -12.5, -15.0, -20.0, -25.0, -30.0, -40.0, -50.0, -75.0, -100.0]
============================================================

Gradient network G (∇V):
Chain(
  Dense(50 => 1000, elu),               # 51_000 parameters
  Dense(1000 => 1000, elu),             # 1_001_000 parameters
  Dense(1000 => 1000, elu),             # 1_001_000 parameters
  Dense(1000 => 1000, elu),             # 1_001_000 parameters
  Dense(1000 => 50),                    # 50_050 parameters
)                   # Total: 10 arrays, 3_104_050 parameters, 1.562 KiB.

Value network H (V):
Chain(
  Dense(50 => 1000, elu),               # 51_000 parameters
  Dense(1000 => 1000, elu),             # 1_001_000 parameters
  Dense(1000 => 1000, elu),             # 1_001_000 parameters
  Dense(1000 => 1000, elu),             # 1_001_000 parameters
  Dense(1000 => 1),                     # 1_001 parameters
)                   # Total: 10 arrays, 3_055_001 parameters, 1.562 KiB.


============================================================
Starting neural network training...
============================================================

Starting training with steady-state sampler:
-----------------------------------------
Epoch: 1; Penalty β updated to: 1.0
-----------------------------------------
─── Device check ───
  x_tn: CuArray{Float32} (50, 100, 5000)
  dB: CuArray{Float32} (50, 100, 5000)
  dU: CuArray{Float32} (50, 100, 5000)
  exponentials: CuArray{Float32} (1, 100)
  loss_dB: CuArray{Float32} (1, 5000)
  loss_df: CuArray{Float32} (1, 5000)
  loss_dU: CuArray{Float32} (1, 5000)
  H_x0: CuArray{Float32} (1, 5000)
  H_xT: CuArray{Float32} (1, 5000)
  penalties: CuArray{Float32} (1, 5000)
────────────────────
Epoch: 1; Computation time: 65.355550279; Current value of V(0): 0.0
Lagrangian objective: 1.857315e6; Average H(x0): 0.0; Quantile-hedge α(β): 50.7
Simulation time per epoch: 11.440951949; Gradient computation time: 41.724115927; Testing time: 11.336925972
Epoch: 1000; Computation time: 402.543308331; Current value of V(0): -1173.9060401916504
Lagrangian objective: -2951.9907; Average H(x0): 5769.6704; Quantile-hedge α(β): 1.0000000000000009
Simulation time per epoch: 0.073621462; Gradient computation time: 0.180687157; Testing time: 0.082787536
Epoch: 2000; Computation time: 739.20041281; Current value of V(0): -1049.3063926696777
Lagrangian objective: -3237.8145; Average H(x0): 5837.188; Quantile-hedge α(β): 0.0
Simulation time per epoch: 0.073758702; Gradient computation time: 0.179669583; Testing time: 0.082575605
-----------------------------------------
Epoch: 2500; Penalty β updated to: 10.0
-----------------------------------------
Epoch: 3000; Computation time: 1075.235567128; Current value of V(0): -2934.767723083496
Lagrangian objective: -287.0238; Average H(x0): 911.3638; Quantile-hedge α(β): 45.74
Simulation time per epoch: 0.074181663; Gradient computation time: 0.180319762; Testing time: 0.08265149
Epoch: 4000; Computation time: 1411.178654174; Current value of V(0): -3603.104782104492
Lagrangian objective: -921.3686; Average H(x0): 1292.3562; Quantile-hedge α(β): 12.8
Simulation time per epoch: 0.073745531; Gradient computation time: 0.179936123; Testing time: 0.082570554
-----------------------------------------
Epoch: 5000; Penalty β updated to: 100.0
-----------------------------------------
Epoch: 5000; Computation time: 1747.247862265; Current value of V(0): -3534.548568725586
Lagrangian objective: 2081.116; Average H(x0): 1303.8907; Quantile-hedge α(β): 8.360000000000001
Simulation time per epoch: 0.073658993; Gradient computation time: 0.180207709; Testing time: 0.082564815
Epoch: 6000; Computation time: 2083.246119433; Current value of V(0): -1681.3457489013672
Lagrangian objective: -670.5611; Average H(x0): 770.6309; Quantile-hedge α(β): 58.379999999999995
Simulation time per epoch: 0.073640754; Gradient computation time: 0.179430154; Testing time: 0.082785521
Epoch: 7000; Computation time: 2419.257673664; Current value of V(0): -1739.377784729004
Lagrangian objective: -695.7189; Average H(x0): 794.0303; Quantile-hedge α(β): 54.279999999999994
Simulation time per epoch: 0.073640132; Gradient computation time: 0.179933507; Testing time: 0.082608897
-----------------------------------------
Epoch: 7500; Penalty β updated to: 1000.0
-----------------------------------------
Epoch: 8000; Computation time: 2755.267964799; Current value of V(0): 2254.6085357666016
Lagrangian objective: -159.4709; Average H(x0): 200.10637; Quantile-hedge α(β): 99.56
Simulation time per epoch: 0.073705802; Gradient computation time: 0.179645115; Testing time: 0.082373793
Epoch: 9000; Computation time: 3091.310971949; Current value of V(0): 1365.2342796325684
Lagrangian objective: -447.90814; Average H(x0): 568.91565; Quantile-hedge α(β): 95.1
Simulation time per epoch: 0.073784534; Gradient computation time: 0.179804792; Testing time: 0.082422859
-----------------------------------------
Epoch: 10000; Penalty β updated to: 10000.0
-----------------------------------------
Epoch: 10000; Computation time: 3427.262209298; Current value of V(0): 959.5668792724609
Lagrangian objective: -257.7333; Average H(x0): 644.452; Quantile-hedge α(β): 91.86
Simulation time per epoch: 0.073650349; Gradient computation time: 0.179588638; Testing time: 0.082473158
Epoch: 11000; Computation time: 3763.368608198; Current value of V(0): 1854.8530578613281
Lagrangian objective: -237.5894; Average H(x0): 239.1282; Quantile-hedge α(β): 99.94
Simulation time per epoch: 0.073737741; Gradient computation time: 0.179437829; Testing time: 0.082420346
Epoch: 12000; Computation time: 4099.273798249; Current value of V(0): 2620.824432373047
Lagrangian objective: -341.58508; Average H(x0): 353.07266; Quantile-hedge α(β): 99.8
Simulation time per epoch: 0.073772682; Gradient computation time: 0.179341517; Testing time: 0.0823975
Epoch: 13000; Computation time: 4435.104296318; Current value of V(0): 3074.1186141967773
Lagrangian objective: -250.5391; Average H(x0): 455.4934; Quantile-hedge α(β): 97.94
Simulation time per epoch: 0.073899243; Gradient computation time: 0.179220184; Testing time: 0.08243358
Epoch: 14000; Computation time: 4771.19537298; Current value of V(0): 3514.3444061279297
Lagrangian objective: -374.22095; Average H(x0): 528.0385; Quantile-hedge α(β): 97.72
Simulation time per epoch: 0.073732205; Gradient computation time: 0.179389866; Testing time: 0.082460872
Epoch: 15000; Computation time: 5107.102764764; Current value of V(0): 3587.887954711914
Lagrangian objective: 119185.54; Average H(x0): 328.67526; Quantile-hedge α(β): 72.36
Simulation time per epoch: 0.074064096; Gradient computation time: 0.179622716; Testing time: 0.082558527
Epoch: 16000; Computation time: 5442.833559184; Current value of V(0): 4372.782897949219
Lagrangian objective: -266.80658; Average H(x0): 271.25214; Quantile-hedge α(β): 99.9
Simulation time per epoch: 0.073792952; Gradient computation time: 0.179519085; Testing time: 0.082519114
Epoch: 17000; Computation time: 5778.642751696; Current value of V(0): 4556.912994384766
Lagrangian objective: -172.05669; Average H(x0): 186.08595; Quantile-hedge α(β): 99.9
Simulation time per epoch: 0.073784079; Gradient computation time: 0.179526727; Testing time: 0.082807569
Epoch: 18000; Computation time: 6114.262763247; Current value of V(0): 5085.819244384766
Lagrangian objective: -281.75186; Average H(x0): 284.3966; Quantile-hedge α(β): 99.96000000000001
Simulation time per epoch: 0.073818412; Gradient computation time: 0.179135102; Testing time: 0.082280581
Epoch: 19000; Computation time: 6449.716610013; Current value of V(0): 5965.449523925781
Lagrangian objective: -311.56424; Average H(x0): 423.8199; Quantile-hedge α(β): 99.22
Simulation time per epoch: 0.073819979; Gradient computation time: 0.179371836; Testing time: 0.082360759
-----------------------------------------
Epoch: 20000; Penalty β updated to: 100000.0
-----------------------------------------
Epoch: 20000; Computation time: 6785.22136844; Current value of V(0): 6730.0811767578125
Lagrangian objective: -129.9412; Average H(x0): 542.6279; Quantile-hedge α(β): 99.02
Simulation time per epoch: 0.073762007; Gradient computation time: 0.17909074; Testing time: 0.08232171
Epoch: 21000; Computation time: 7120.682734897; Current value of V(0): 6369.39697265625
Lagrangian objective: -455.89764; Average H(x0): 459.8964; Quantile-hedge α(β): 99.94
Simulation time per epoch: 0.073828501; Gradient computation time: 0.178996324; Testing time: 0.082240166
Epoch: 22000; Computation time: 7456.089721581; Current value of V(0): 6449.440002441406
Lagrangian objective: -470.91614; Average H(x0): 473.45856; Quantile-hedge α(β): 99.96000000000001
Simulation time per epoch: 0.073806755; Gradient computation time: 0.179126948; Testing time: 0.082321384
Epoch: 23000; Computation time: 7792.103435005; Current value of V(0): 6363.01383972168
Lagrangian objective: -434.4871; Average H(x0): 461.0759; Quantile-hedge α(β): 99.78
Simulation time per epoch: 0.073783789; Gradient computation time: 0.179397984; Testing time: 0.082576146
Epoch: 24000; Computation time: 8128.225047957; Current value of V(0): 6307.636642456055
Lagrangian objective: -440.09674; Average H(x0): 460.55554; Quantile-hedge α(β): 99.94
Simulation time per epoch: 0.073703264; Gradient computation time: 0.179690641; Testing time: 0.08259786
Epoch: 25000; Computation time: 8464.391210171; Current value of V(0): 6329.1107177734375
Lagrangian objective: 216.94925; Average H(x0): 446.56256; Quantile-hedge α(β): 99.42
Simulation time per epoch: 0.073700978; Gradient computation time: 0.17979761; Testing time: 0.082610683
Epoch: 26000; Computation time: 8800.638518822; Current value of V(0): 6334.06982421875
Lagrangian objective: -415.85782; Average H(x0): 448.1516; Quantile-hedge α(β): 99.94
Simulation time per epoch: 0.074199758; Gradient computation time: 0.180096241; Testing time: 0.082683611
Epoch: 27000; Computation time: 9136.853613943; Current value of V(0): 6523.152923583984
Lagrangian objective: -459.3165; Average H(x0): 459.8515; Quantile-hedge α(β): 99.98
Simulation time per epoch: 0.073766272; Gradient computation time: 0.179845333; Testing time: 0.082891834
Epoch: 28000; Computation time: 9473.05617256; Current value of V(0): 6705.242156982422
Lagrangian objective: -444.10876; Average H(x0): 489.15646; Quantile-hedge α(β): 99.92
Simulation time per epoch: 0.073722544; Gradient computation time: 0.179935903; Testing time: 0.082904905
Epoch: 29000; Computation time: 9809.224847048; Current value of V(0): 6390.818023681641
Lagrangian objective: -430.7716; Average H(x0): 430.7993; Quantile-hedge α(β): 99.98
Simulation time per epoch: 0.073788121; Gradient computation time: 0.18002167; Testing time: 0.08264072
Epoch: 30000; Computation time: 10145.444468616; Current value of V(0): 6685.909271240234
Lagrangian objective: -444.80515; Average H(x0): 468.6283; Quantile-hedge α(β): 99.92
Simulation time per epoch: 0.073786807; Gradient computation time: 0.179809453; Testing time: 0.082564699
Epoch: 31000; Computation time: 10481.6039918; Current value of V(0): 6747.013854980469
Lagrangian objective: -477.00055; Average H(x0): 477.60376; Quantile-hedge α(β): 99.98
Simulation time per epoch: 0.073672816; Gradient computation time: 0.179645097; Testing time: 0.082532377
Epoch: 32000; Computation time: 10817.844678298; Current value of V(0): 6826.426696777344
Lagrangian objective: -486.8023; Average H(x0): 486.8023; Quantile-hedge α(β): 100.0
Simulation time per epoch: 0.073748727; Gradient computation time: 0.180234948; Testing time: 0.082641113
Epoch: 33000; Computation time: 11154.111486497; Current value of V(0): 6938.735198974609
Lagrangian objective: -498.40515; Average H(x0): 498.4196; Quantile-hedge α(β): 99.96000000000001
Simulation time per epoch: 0.073697258; Gradient computation time: 0.179716666; Testing time: 0.082550271
Epoch: 34000; Computation time: 11490.411124596; Current value of V(0): 7065.567779541016
Lagrangian objective: -507.94806; Average H(x0): 512.9241; Quantile-hedge α(β): 99.94
Simulation time per epoch: 0.073939958; Gradient computation time: 0.180228594; Testing time: 0.0826241
Epoch: 35000; Computation time: 11826.587766507; Current value of V(0): 7180.193328857422
Lagrangian objective: -517.9145; Average H(x0): 525.2776; Quantile-hedge α(β): 99.92
Simulation time per epoch: 0.073701502; Gradient computation time: 0.17972652; Testing time: 0.082621781
Epoch: 36000; Computation time: 12162.947011164; Current value of V(0): 7285.502624511719
Lagrangian objective: -529.95197; Average H(x0): 537.3063; Quantile-hedge α(β): 99.92
Simulation time per epoch: 0.073762174; Gradient computation time: 0.179990395; Testing time: 0.082810301
Epoch: 37000; Computation time: 12499.325819787; Current value of V(0): 7336.557769775391
Lagrangian objective: -252.66638; Average H(x0): 543.9019; Quantile-hedge α(β): 99.86
Simulation time per epoch: 0.073683623; Gradient computation time: 0.179783445; Testing time: 0.082601035
Epoch: 38000; Computation time: 12835.801722317; Current value of V(0): 7395.719909667969
Lagrangian objective: -519.92816; Average H(x0): 551.1413; Quantile-hedge α(β): 99.92
Simulation time per epoch: 0.073663536; Gradient computation time: 0.17995327; Testing time: 0.082765351
Epoch: 39000; Computation time: 13172.276948057; Current value of V(0): 7432.180023193359
Lagrangian objective: -519.1537; Average H(x0): 555.8782; Quantile-hedge α(β): 99.78
Simulation time per epoch: 0.073765611; Gradient computation time: 0.180114898; Testing time: 0.082973789
Epoch: 40000; Computation time: 13508.869040953; Current value of V(0): 7441.912841796875
Lagrangian objective: -536.8724; Average H(x0): 553.9791; Quantile-hedge α(β): 99.83999999999999
Simulation time per epoch: 0.073653706; Gradient computation time: 0.18011999; Testing time: 0.082920797

Training completed in 13508.869172147 seconds
Final V(0): 7441.996002197266

============================================================
Running policy evaluation...
============================================================


============================================================
INVENTORY PROBLEM (unscaled, weekly)
============================================================
Dimension:       50
Discount factor: 0.9990389236684376
Fixed cost:      50.0
Variable costs:  [0.1, 0.1, 0.1, 0.1, 0.1, 0.1, 0.1, 0.1, 0.1, 0.1, 0.1, 0.1, 0.1, 0.1, 0.1, 0.2, 0.2, 0.2, 0.2, 0.2, 0.2, 0.2, 0.2, 0.2, 0.2, 0.2, 0.2, 0.2, 0.2, 0.2, 0.4, 0.4, 0.4, 0.4, 0.4, 0.4, 0.4, 0.4, 0.4, 0.4, 0.4, 0.4, 0.4, 0.4, 0.4, 0.4, 0.4, 0.4, 0.4, 0.4]
Holding costs:   [0.019230769230769232, 0.019230769230769232, 0.019230769230769232, 0.019230769230769232, 0.019230769230769232, 0.019230769230769232, 0.019230769230769232, 0.019230769230769232, 0.019230769230769232, 0.019230769230769232, 0.019230769230769232, 0.019230769230769232, 0.019230769230769232, 0.019230769230769232, 0.019230769230769232, 0.038461538461538464, 0.038461538461538464, 0.038461538461538464, 0.038461538461538464, 0.038461538461538464, 0.038461538461538464, 0.038461538461538464, 0.038461538461538464, 0.038461538461538464, 0.038461538461538464, 0.038461538461538464, 0.038461538461538464, 0.038461538461538464, 0.038461538461538464, 0.038461538461538464, 0.07692307692307693, 0.07692307692307693, 0.07692307692307693, 0.07692307692307693, 0.07692307692307693, 0.07692307692307693, 0.07692307692307693, 0.07692307692307693, 0.07692307692307693, 0.07692307692307693, 0.07692307692307693, 0.07692307692307693, 0.07692307692307693, 0.07692307692307693, 0.07692307692307693, 0.07692307692307693, 0.07692307692307693, 0.07692307692307693, 0.07692307692307693, 0.07692307692307693]
Backlog costs:   [0.4807692307692308, 0.4807692307692308, 0.4807692307692308, 0.4807692307692308, 0.4807692307692308, 0.4807692307692308, 0.4807692307692308, 0.4807692307692308, 0.4807692307692308, 0.4807692307692308, 0.4807692307692308, 0.4807692307692308, 0.4807692307692308, 0.4807692307692308, 0.4807692307692308, 0.9615384615384616, 0.9615384615384616, 0.9615384615384616, 0.9615384615384616, 0.9615384615384616, 0.9615384615384616, 0.9615384615384616, 0.9615384615384616, 0.9615384615384616, 0.9615384615384616, 0.9615384615384616, 0.9615384615384616, 0.9615384615384616, 0.9615384615384616, 0.9615384615384616, 1.9230769230769231, 1.9230769230769231, 1.9230769230769231, 1.9230769230769231, 1.9230769230769231, 1.9230769230769231, 1.9230769230769231, 1.9230769230769231, 1.9230769230769231, 1.9230769230769231, 1.9230769230769231, 1.9230769230769231, 1.9230769230769231, 1.9230769230769231, 1.9230769230769231, 1.9230769230769231, 1.9230769230769231, 1.9230769230769231, 1.9230769230769231, 1.9230769230769231]
Demand dists:    DataType[Distributions.NegativeBinomial{Float64}, Distributions.NegativeBinomial{Float64}, Distributions.NegativeBinomial{Float64}, Distributions.NegativeBinomial{Float64}, Distributions.NegativeBinomial{Float64}, Distributions.NegativeBinomial{Float64}, Distributions.NegativeBinomial{Float64}, Distributions.NegativeBinomial{Float64}, Distributions.NegativeBinomial{Float64}, Distributions.NegativeBinomial{Float64}, Distributions.NegativeBinomial{Float64}, Distributions.NegativeBinomial{Float64}, Distributions.NegativeBinomial{Float64}, Distributions.NegativeBinomial{Float64}, Distributions.NegativeBinomial{Float64}, Distributions.NegativeBinomial{Float64}, Distributions.NegativeBinomial{Float64}, Distributions.NegativeBinomial{Float64}, Distributions.NegativeBinomial{Float64}, Distributions.NegativeBinomial{Float64}, Distributions.NegativeBinomial{Float64}, Distributions.NegativeBinomial{Float64}, Distributions.NegativeBinomial{Float64}, Distributions.NegativeBinomial{Float64}, Distributions.NegativeBinomial{Float64}, Distributions.NegativeBinomial{Float64}, Distributions.NegativeBinomial{Float64}, Distributions.NegativeBinomial{Float64}, Distributions.NegativeBinomial{Float64}, Distributions.NegativeBinomial{Float64}, Distributions.NegativeBinomial{Float64}, Distributions.NegativeBinomial{Float64}, Distributions.NegativeBinomial{Float64}, Distributions.NegativeBinomial{Float64}, Distributions.NegativeBinomial{Float64}, Distributions.NegativeBinomial{Float64}, Distributions.NegativeBinomial{Float64}, Distributions.NegativeBinomial{Float64}, Distributions.NegativeBinomial{Float64}, Distributions.NegativeBinomial{Float64}, Distributions.NegativeBinomial{Float64}, Distributions.NegativeBinomial{Float64}, Distributions.NegativeBinomial{Float64}, Distributions.NegativeBinomial{Float64}, Distributions.NegativeBinomial{Float64}, Distributions.NegativeBinomial{Float64}, Distributions.NegativeBinomial{Float64}, Distributions.NegativeBinomial{Float64}, Distributions.NegativeBinomial{Float64}, Distributions.NegativeBinomial{Float64}]
Demand means:    [0.9615384615384615, 0.9615384615384615, 0.9615384615384615, 0.9615384615384615, 0.9615384615384615, 0.9615384615384615, 0.9615384615384615, 0.9615384615384615, 0.9615384615384615, 0.9615384615384615, 0.9615384615384615, 0.9615384615384615, 0.9615384615384615, 0.9615384615384615, 0.9615384615384615, 0.4807692307692307, 0.4807692307692307, 0.4807692307692307, 0.4807692307692307, 0.4807692307692307, 0.4807692307692307, 0.4807692307692307, 0.4807692307692307, 0.4807692307692307, 0.4807692307692307, 0.4807692307692307, 0.4807692307692307, 0.4807692307692307, 0.4807692307692307, 0.4807692307692307, 0.2403846153846154, 0.2403846153846154, 0.2403846153846154, 0.2403846153846154, 0.2403846153846154, 0.2403846153846154, 0.2403846153846154, 0.2403846153846154, 0.2403846153846154, 0.2403846153846154, 0.2403846153846154, 0.2403846153846154, 0.2403846153846154, 0.2403846153846154, 0.2403846153846154, 0.2403846153846154, 0.2403846153846154, 0.2403846153846154, 0.2403846153846154, 0.2403846153846154]
============================================================

==================================================
Computing order-up-to vector via :solve_inf
==================================================

Method: solve_inf
Final objective: 302.19337837036574
z*: [5.171807993521438, 5.0, 10.640350883454712, 5.0, 5.0, 5.0, 5.0, 10.226536328919492, 5.0, 5.0, 5.0, 8.013184949478836, 5.982680538262657, 5.667083461625766, 5.0, 3.0, 3.0, 3.0, 3.0, 3.0, 3.0, 3.0, 3.0, 3.0, 3.0, 3.0, 3.0, 3.26719611304691, 3.0, 3.0, 2.0, 2.0, 2.0, 2.0, 2.0, 2.0, 2.0, 2.0, 2.0, 2.0, 2.0, 2.0, 2.0, 2.0, 2.0, 2.0, 2.0, 2.0, 2.0, 2.0]
Intervention value: -228.2734259777876

==================================================
Computing order-up-to vector via :find_stationary
==================================================

Method: find_stationary
Final residual: 0.1543080449706654
z*: [15.0, 5.0, 15.0, 5.0, 15.0, 15.0, 15.0, 15.0, 15.0, 5.0, 15.0, 15.0, 15.0, 15.0, 15.0, 3.0, 9.0, 3.0, 9.0, 9.0, 9.0, 9.0, 9.0, 3.0, 3.0, 9.0, 3.0, 3.0, 9.0, 9.0, 5.419025279305666, 2.0, 2.0, 2.0, 2.0, 2.0, 2.0, 6.0, 2.0, 6.0, 6.0, 6.0, 2.0, 6.0, 2.0, 2.0, 6.0, 6.0, 2.0, 2.0]
Intervention value: -353.23281428471097

==================================================
Summary:
  solve_inf:       z* = [5, 5, 11, 5, 5, 5, 5, 10, 5, 5, 5, 8, 6, 6, 5, 3, 3, 3, 3, 3, 3, 3, 3, 3, 3, 3, 3, 3, 3, 3, 2, 2, 2, 2, 2, 2, 2, 2, 2, 2, 2, 2, 2, 2, 2, 2, 2, 2, 2, 2]
  find_stationary: z* = [15, 5, 15, 5, 15, 15, 15, 15, 15, 5, 15, 15, 15, 15, 15, 3, 9, 3, 9, 9, 9, 9, 9, 3, 3, 9, 3, 3, 9, 9, 5, 2, 2, 2, 2, 2, 2, 6, 2, 6, 6, 6, 2, 6, 2, 2, 6, 6, 2, 2]
==================================================

============================================================
Evaluating method: solve_inf
============================================================

----------------------------------------
Evaluating ε = -1.25
----------------------------------------
Mean cost: 70147.93635216722 ± 223.52071936568737
  Inventory costs: 31302.62252671685
  Variable costs:  4987.655561665181
  Fixed costs:     33857.658263785284
  Simulation time: 544.2s

----------------------------------------
Evaluating ε = -2.5
----------------------------------------
Mean cost: 69807.42109973855 ± 216.2617916427475
  Inventory costs: 31646.6635791087
  Variable costs:  4989.312861133281
  Fixed costs:     33171.44465949649
  Simulation time: 585.3s

----------------------------------------
Evaluating ε = -5.0
----------------------------------------
Mean cost: 69283.2017667235 ± 391.88482139376663
  Inventory costs: 32601.46855033071
  Variable costs:  4924.824968465249
  Fixed costs:     31756.90824792742
  Simulation time: 594.0s

----------------------------------------
Evaluating ε = -7.5
----------------------------------------
Mean cost: 69523.78091535249 ± 287.9951272580741
  Inventory costs: 34078.62022507744
  Variable costs:  4996.973307071961
  Fixed costs:     30448.187383203076
  Simulation time: 595.4s

----------------------------------------
Evaluating ε = -10.0
----------------------------------------
Mean cost: 70218.91857013525 ± 205.91431489606094
  Inventory costs: 35712.52706509264
  Variable costs:  4991.065531748282
  Fixed costs:     29515.32597329417
  Simulation time: 592.9s

----------------------------------------
Evaluating ε = -12.5
----------------------------------------
Mean cost: 70295.28156316443 ± 265.26895197491297
  Inventory costs: 37183.1975730227
  Variable costs:  5001.55355734381
  Fixed costs:     28110.530432797917
  Simulation time: 603.6s

----------------------------------------
Evaluating ε = -15.0
----------------------------------------
Mean cost: 70924.66563671196 ± 225.65580000053367
  Inventory costs: 39221.62251071986
  Variable costs:  5005.853872443258
  Fixed costs:     26697.189253548917
  Simulation time: 602.5s

----------------------------------------
Evaluating ε = -20.0
----------------------------------------
Mean cost: 72231.83488276441 ± 368.86280450955803
  Inventory costs: 42767.89274025101
  Variable costs:  4969.77621506213
  Fixed costs:     24494.165927451315
  Simulation time: 614.6s

----------------------------------------
Evaluating ε = -25.0
----------------------------------------
Mean cost: 75168.54208610409 ± 256.31882650453974
  Inventory costs: 48092.25707456286
  Variable costs:  4980.272065731837
  Fixed costs:     22096.01294580921
  Simulation time: 602.6s

----------------------------------------
Evaluating ε = -30.0
----------------------------------------
Mean cost: 78070.13160209624 ± 252.28953480237092
  Inventory costs: 52861.11439378705
  Variable costs:  4983.739569292035
  Fixed costs:     20225.277639017197
  Simulation time: 604.2s

----------------------------------------
Evaluating ε = -40.0
----------------------------------------
Mean cost: 85583.65237056429 ± 435.29833034909524
  Inventory costs: 63443.997357052824
  Variable costs:  5038.403428202973
  Fixed costs:     17101.251585308353
  Simulation time: 620.7s

----------------------------------------
Evaluating ε = -50.0
----------------------------------------
Mean cost: 95100.61966918598 ± 414.3612538879911
  Inventory costs: 75841.99366182342
  Variable costs:  4936.379810322426
  Fixed costs:     14322.246197040067
  Simulation time: 638.4s

----------------------------------------
Evaluating ε = -75.0
----------------------------------------
Mean cost: 118430.56636421502 ± 546.4948949075869
  Inventory costs: 102532.00044586074
  Variable costs:  5051.760501659939
  Fixed costs:     10846.805416694344
  Simulation time: 642.8s

----------------------------------------
Evaluating ε = -100.0
----------------------------------------
Mean cost: 141263.5412858329 ± 865.5521415779617
  Inventory costs: 127868.92155462054
  Variable costs:  4959.279555510506
  Fixed costs:     8435.340175701898
  Simulation time: 615.5s

==================================================
Best epsilon: -5.0 with cost: 69283.2017667235 ± 391.88482139376663
==================================================

============================================================
Evaluating method: find_stationary
============================================================

----------------------------------------
Evaluating ε = -1.25
----------------------------------------
Mean cost: 60339.15146625403 ± 285.0761444332223
  Inventory costs: 34935.463343823474
  Variable costs:  5018.1182836642265
  Fixed costs:     20385.569838766263
  Simulation time: 597.0s

----------------------------------------
Evaluating ε = -2.5
----------------------------------------
Mean cost: 59084.85681082508 ± 305.02970198869014
  Inventory costs: 35774.183578317046
  Variable costs:  5060.041284647401
  Fixed costs:     18250.63194786058
  Simulation time: 597.8s

----------------------------------------
Evaluating ε = -5.0
----------------------------------------
Mean cost: 57588.583460696704 ± 224.03915611212952
  Inventory costs: 37634.89364857814
  Variable costs:  5042.643703670675
  Fixed costs:     14911.0461084479
  Simulation time: 598.0s

----------------------------------------
Evaluating ε = -7.5
----------------------------------------
Mean cost: 57065.350454645464 ± 224.1046579450945
  Inventory costs: 39306.25623355326
  Variable costs:  4986.964052049717
  Fixed costs:     12772.13016904249
  Simulation time: 590.9s

----------------------------------------
Evaluating ε = -10.0
----------------------------------------
Mean cost: 57564.80242923525 ± 217.51889509254434
  Inventory costs: 41017.600134624736
  Variable costs:  5007.519944454145
  Fixed costs:     11539.682350156323
  Simulation time: 600.2s

----------------------------------------
Evaluating ε = -12.5
----------------------------------------
Mean cost: 58815.3160675235 ± 240.0094806150419
  Inventory costs: 43238.12811461586
  Variable costs:  5055.190075544389
  Fixed costs:     10521.997877363265
  Simulation time: 594.7s

----------------------------------------
Evaluating ε = -15.0
----------------------------------------
Mean cost: 59283.54979218075 ± 194.89113794362777
  Inventory costs: 44848.078404125845
  Variable costs:  4943.5068867000755
  Fixed costs:     9491.964501354803
  Simulation time: 593.0s

----------------------------------------
Evaluating ε = -20.0
----------------------------------------
Mean cost: 63428.79971931157 ± 221.00834228536212
  Inventory costs: 50034.22807567388
  Variable costs:  5022.842446371757
  Fixed costs:     8371.729197265919
  Simulation time: 590.6s

----------------------------------------
Evaluating ε = -25.0
----------------------------------------
Mean cost: 66035.54769938008 ± 140.95240998023132
  Inventory costs: 53769.182783778386
  Variable costs:  4938.8394189380615
  Fixed costs:     7327.525496663732
  Simulation time: 587.8s

----------------------------------------
Evaluating ε = -30.0
----------------------------------------
Mean cost: 71438.58208598116 ± 370.4608482705055
  Inventory costs: 59675.267508407436
  Variable costs:  5021.366990570215
  Fixed costs:     6741.947587003597
  Simulation time: 589.7s

----------------------------------------
Evaluating ε = -40.0
----------------------------------------
Mean cost: 80044.0134550571 ± 254.12725612352517
  Inventory costs: 69539.2502164509
  Variable costs:  4969.190335735414
  Fixed costs:     5535.572902870778
  Simulation time: 589.5s

----------------------------------------
Evaluating ε = -50.0
----------------------------------------
Mean cost: 89352.28892393343 ± 358.6182390506543
  Inventory costs: 79548.76162574791
  Variable costs:  4983.9477373657155
  Fixed costs:     4819.579560819761
  Simulation time: 593.6s

----------------------------------------
Evaluating ε = -75.0
----------------------------------------
Mean cost: 115242.7576098806 ± 530.1784606353468
  Inventory costs: 106547.63220525274
  Variable costs:  5052.75594112283
  Fixed costs:     3642.369463505048
  Simulation time: 555.5s

----------------------------------------
Evaluating ε = -100.0
----------------------------------------
Mean cost: 139165.27570898522 ± 600.8783722166046
  Inventory costs: 131218.08875945286
  Variable costs:  4981.057314291245
  Fixed costs:     2966.129635241162
  Simulation time: 521.7s

==================================================
Best epsilon: -7.5 with cost: 57065.350454645464 ± 224.1046579450945
==================================================
Skipping save for solve_inf: existing cost 53425.0660414292 <= new cost 69283.2017667235
Skipping save for find_stationary: existing cost 51644.315428969276 <= new cost 57065.350454645464

============================================================
FINAL RESULTS SUMMARY
============================================================

Method: solve_inf
  Order-up-to vector: [5, 5, 11, 5, 5, 5, 5, 10, 5, 5, 5, 8, 6, 6, 5, 3, 3, 3, 3, 3, 3, 3, 3, 3, 3, 3, 3, 3, 3, 3, 2, 2, 2, 2, 2, 2, 2, 2, 2, 2, 2, 2, 2, 2, 2, 2, 2, 2, 2, 2]
  Best epsilon: -5.0
  Best cost: 69283.2017667235 ± 391.88482139376663

Method: find_stationary
  Order-up-to vector: [15, 5, 15, 5, 15, 15, 15, 15, 15, 5, 15, 15, 15, 15, 15, 3, 9, 3, 9, 9, 9, 9, 9, 3, 3, 9, 3, 3, 9, 9, 5, 2, 2, 2, 2, 2, 2, 6, 2, 6, 6, 6, 2, 6, 2, 2, 6, 6, 2, 2]
  Best epsilon: -7.5
  Best cost: 57065.350454645464 ± 224.1046579450945

============================================================
Complete! Per-method results saved to:
  output/nn_training/results_50D_CaseHL_solve_inf.json
  output/nn_training/results_50D_CaseHL_find_stationary.json
============================================================

  Activating project at `~/DeepSJRP`
[ Info:  started timer at: 2026-04-29T03:54:18.944
┌ Warning: Layer with Float32 parameters got Float64 input.
│   The input will be converted, but any earlier layers may be very slow.
│   layer = Dense(50 => 1000, elu)  # 51_000 parameters
│   summary(x) = "50-element Vector{Float64}"
└ @ Flux ~/.julia/packages/Flux/DZYiO/src/layers/stateless.jl:60
RUNNING THE L-BFGS-B CODE

           * * *

Machine precision = 2.220D-16
 N =           50     M =           10

At X0         0 variables are exactly at the bounds

At iterate    0    f=  3.87487D+02    |proj g|=  1.84471D+00

At iterate    1    f=  3.49741D+02    |proj g|=  1.05693D+00

At iterate    2    f=  3.05718D+02    |proj g|=  4.62692D-01

At iterate    3    f=  3.04574D+02    |proj g|=  2.66393D-01

At iterate    4    f=  3.04304D+02    |proj g|=  2.60241D-01

At iterate    5    f=  3.02929D+02    |proj g|=  1.57294D-01

At iterate    6    f=  3.02446D+02    |proj g|=  1.02010D-01

At iterate    7    f=  3.02352D+02    |proj g|=  7.03127D-02

At iterate    8    f=  3.02279D+02    |proj g|=  4.15421D-02

At iterate    9    f=  3.02231D+02    |proj g|=  3.42387D-02

At iterate   10    f=  3.02210D+02    |proj g|=  2.81751D-02

At iterate   11    f=  3.02202D+02    |proj g|=  2.04908D-02

At iterate   12    f=  3.02197D+02    |proj g|=  1.20236D-02

At iterate   13    f=  3.02195D+02    |proj g|=  1.00299D-02

At iterate   14    f=  3.02193D+02    |proj g|=  5.17222D-03

           * * *

Tit   = total number of iterations
Tnf   = total number of function evaluations
Tnint = total number of segments explored during Cauchy searches
Skip  = number of BFGS updates skipped
Nact  = number of active bounds at final generalized Cauchy point
Projg = norm of the final projected gradient
F     = final function value

           * * *

   N    Tit     Tnf  Tnint  Skip  Nact     Projg        F
   50     14     15     57     0    43   5.172D-03   3.022D+02
  F =   302.19337837036574     

CONVERGENCE: NORM_OF_PROJECTED_GRADIENT_<=_PGTOL            

 Cauchy                time 0.000E+00 seconds.
 Subspace minimization time 0.000E+00 seconds.
 Line search           time 1.758E-02 seconds.

 Total User time 2.923E+00 seconds.

RUNNING THE L-BFGS-B CODE

           * * *

Machine precision = 2.220D-16
 N =           50     M =           10

At X0         0 variables are exactly at the bounds

At iterate    0    f=  5.44916D+03    |proj g|=  5.00000D+00

At iterate    1    f=  9.02250D-02    |proj g|=  4.59247D-03

At iterate    2    f=  5.39167D-02    |proj g|=  2.24259D-03

At iterate    3    f=  4.33900D-02    |proj g|=  1.97190D-03
  ys=-1.203E-03  -gs= 9.801E-03 BFGS update SKIPPED

At iterate    4    f=  4.18823D-02    |proj g|=  2.18419D-03
  ys=-1.056E-04  -gs= 1.456E-03 BFGS update SKIPPED

At iterate    5    f=  2.81729D-02    |proj g|=  1.99910D-03
  ys=-2.140E-03  -gs= 1.153E-02 BFGS update SKIPPED

At iterate    6    f=  2.59444D-02    |proj g|=  3.67413D-04

At iterate    7    f=  2.51952D-02    |proj g|=  2.92744D-04
  ys=-4.534E-05  -gs= 6.850E-04 BFGS update SKIPPED

At iterate    8    f=  2.46823D-02    |proj g|=  3.18540D-04
  ys=-5.255E-05  -gs= 5.066E-04 BFGS update SKIPPED

At iterate    9    f=  2.38110D-02    |proj g|=  9.68133D-06

           * * *

Tit   = total number of iterations
Tnf   = total number of function evaluations
Tnint = total number of segments explored during Cauchy searches
Skip  = number of BFGS updates skipped
Nact  = number of active bounds at final generalized Cauchy point
Projg = norm of the final projected gradient
F     = final function value

           * * *

   N    Tit     Tnf  Tnint  Skip  Nact     Projg        F
   50      9     36     58     5    48   9.681D-06   2.381D-02
  F =   2.3810972742668888E-002

CONVERGENCE: NORM_OF_PROJECTED_GRADIENT_<=_PGTOL            

 Cauchy                time 0.000E+00 seconds.
 Subspace minimization time 0.000E+00 seconds.
 Line search           time 4.004E-02 seconds.

 Total User time 3.721E-01 seconds.

