
============================================================
DeepSJRP - Stochastic Joint Replenishment Problem Solver
============================================================
Instance: 50D_CaseLL
Options: Dict{Symbol, Any}(:beta_override => 1.0e6, :alpha_override => nothing, :device => :gpu, :nu_override => 0.4, :T_override => 0.05, :seed => 777)
============================================================

Device: CUDA GPU
CUDA toolchain: 
- runtime 12.8, local installation
- driver 580.126.16 for 13.2
- compiler 12.9

CUDA libraries: 
- CUBLAS: 12.8.4
- CURAND: 10.3.9
- CUFFT: 11.3.3
- CUSOLVER: 11.7.3
- CUSPARSE: 12.5.8
- CUPTI: 2025.1.1 (API 12.8.0)
- NVML: 13.0.0+580.126.16

Julia packages: 
- CUDA: 5.11.0
- GPUArrays: 11.4.1
- GPUCompiler: 1.9.1
- KernelAbstractions: 0.9.41
- CUDA_Driver_jll: 13.2.0+0
- CUDA_Compiler_jll: 0.4.2+0
- CUDA_Runtime_jll: 0.21.0+0
- CUDA_Runtime_Discovery: 1.0.0

Toolchain:
- Julia: 1.11.7
- LLVM: 16.0.6

Preferences:
- CUDA_Runtime_jll.version: local

1 device:
  0: NVIDIA H100 80GB HBM3 (sm_90, 79.175 GiB / 79.647 GiB available)
BLAS threads: 1
Julia threads: 10

Benchmark source: QS

============================================================
IMPULSE CONTROL PROBLEM (scaled, annual)
============================================================
Instance: 50D_CaseLL
Dimension: 50
Interest rate: 0.05
Cost scaling κ: 0.01

Drift μ (annual demand rates): [50.0, 50.0, 50.0, 50.0, 50.0, 50.0, 50.0, 50.0, 50.0, 50.0, 50.0, 50.0, 50.0, 50.0, 50.0, 25.0, 25.0, 25.0, 25.0, 25.0, 25.0, 25.0, 25.0, 25.0, 25.0, 25.0, 25.0, 25.0, 25.0, 25.0, 12.5, 12.5, 12.5, 12.5, 12.5, 12.5, 12.5, 12.5, 12.5, 12.5, 12.5, 12.5, 12.5, 12.5, 12.5, 12.5, 12.5, 12.5, 12.5, 12.5]
Covariance Σ diagonal: [50.0, 50.0, 50.0, 50.0, 50.0, 50.0, 50.0, 50.0, 50.0, 50.0, 50.0, 50.0, 50.0, 50.0, 50.0, 25.0, 25.0, 25.0, 25.0, 25.0, 25.0, 25.0, 25.0, 25.0, 25.0, 25.0, 25.0, 25.0, 25.0, 25.0, 12.5, 12.5, 12.5, 12.5, 12.5, 12.5, 12.5, 12.5, 12.5, 12.5, 12.5, 12.5, 12.5, 12.5, 12.5, 12.5, 12.5, 12.5, 12.5, 12.5]

Scaled costs (× κ = 0.01):
  Fixed cost K:    0.5
  Variable costs c: [0.001, 0.001, 0.001, 0.001, 0.001, 0.001, 0.001, 0.001, 0.001, 0.001, 0.001, 0.001, 0.001, 0.001, 0.001, 0.002, 0.002, 0.002, 0.002, 0.002, 0.002, 0.002, 0.002, 0.002, 0.002, 0.002, 0.002, 0.002, 0.002, 0.002, 0.004, 0.004, 0.004, 0.004, 0.004, 0.004, 0.004, 0.004, 0.004, 0.004, 0.004, 0.004, 0.004, 0.004, 0.004, 0.004, 0.004, 0.004, 0.004, 0.004]
  Holding costs h:  [0.01, 0.01, 0.01, 0.01, 0.01, 0.01, 0.01, 0.01, 0.01, 0.01, 0.01, 0.01, 0.01, 0.01, 0.01, 0.02, 0.02, 0.02, 0.02, 0.02, 0.02, 0.02, 0.02, 0.02, 0.02, 0.02, 0.02, 0.02, 0.02, 0.02, 0.04, 0.04, 0.04, 0.04, 0.04, 0.04, 0.04, 0.04, 0.04, 0.04, 0.04, 0.04, 0.04, 0.04, 0.04, 0.04, 0.04, 0.04, 0.04, 0.04]
  Penalty costs p:  [0.25, 0.25, 0.25, 0.25, 0.25, 0.25, 0.25, 0.25, 0.25, 0.25, 0.25, 0.25, 0.25, 0.25, 0.25, 0.5, 0.5, 0.5, 0.5, 0.5, 0.5, 0.5, 0.5, 0.5, 0.5, 0.5, 0.5, 0.5, 0.5, 0.5, 1.0, 1.0, 1.0, 1.0, 1.0, 1.0, 1.0, 1.0, 1.0, 1.0, 1.0, 1.0, 1.0, 1.0, 1.0, 1.0, 1.0, 1.0, 1.0, 1.0]

Original costs (unscaled):
  Fixed cost K:    50.0
  Variable costs c: [0.1, 0.1, 0.1, 0.1, 0.1, 0.1, 0.1, 0.1, 0.1, 0.1, 0.1, 0.1, 0.1, 0.1, 0.1, 0.2, 0.2, 0.2, 0.2, 0.2, 0.2, 0.2, 0.2, 0.2, 0.2, 0.2, 0.2, 0.2, 0.2, 0.2, 0.4, 0.4, 0.4, 0.4, 0.4, 0.4, 0.4, 0.4, 0.4, 0.4, 0.4, 0.4, 0.4, 0.4, 0.4, 0.4, 0.4, 0.4, 0.4, 0.4]
  Holding costs h:  [1.0, 1.0, 1.0, 1.0, 1.0, 1.0, 1.0, 1.0, 1.0, 1.0, 1.0, 1.0, 1.0, 1.0, 1.0, 2.0, 2.0, 2.0, 2.0, 2.0, 2.0, 2.0, 2.0, 2.0, 2.0, 2.0, 2.0, 2.0, 2.0, 2.0, 4.0, 4.0, 4.0, 4.0, 4.0, 4.0, 4.0, 4.0, 4.0, 4.0, 4.0, 4.0, 4.0, 4.0, 4.0, 4.0, 4.0, 4.0, 4.0, 4.0]
  Penalty costs p:  [25.0, 25.0, 25.0, 25.0, 25.0, 25.0, 25.0, 25.0, 25.0, 25.0, 25.0, 25.0, 25.0, 25.0, 25.0, 50.0, 50.0, 50.0, 50.0, 50.0, 50.0, 50.0, 50.0, 50.0, 50.0, 50.0, 50.0, 50.0, 50.0, 50.0, 100.0, 100.0, 100.0, 100.0, 100.0, 100.0, 100.0, 100.0, 100.0, 100.0, 100.0, 100.0, 100.0, 100.0, 100.0, 100.0, 100.0, 100.0, 100.0, 100.0]
============================================================

============================================================
TRAINING HYPERPARAMETERS
============================================================
Benchmark source: QS
Precision:        Float32
Batch size:       5000
Num intervals:    100
T horizon:        0.05
Num iterations:   40000
Learning rates:   [0.001, 0.0002, 0.0001, 1.0e-5, 1.0e-6]
LR steps:         [1, 5000, 10000, 20000, 30000]
Beta penalty:     [1.0, 10.0, 100.0, 1000.0, 10000.0, 1.0e6]
Penalty steps:    [1, 2500, 5000, 7500, 10000, 20000]
Lambda rate:      5.872242335766425
S guess:          [[11.0, 11.0, 11.0, 11.0, 11.0, 11.0, 11.0, 11.0, 11.0, 11.0, 11.0, 11.0, 11.0, 11.0, 11.0, 6.0, 6.0, 6.0, 6.0, 6.0, 6.0, 6.0, 6.0, 6.0, 6.0, 6.0, 6.0, 6.0, 6.0, 6.0, 4.0, 4.0, 4.0, 4.0, 4.0, 4.0, 4.0, 4.0, 4.0, 4.0, 4.0, 4.0, 4.0, 4.0, 4.0, 4.0, 4.0, 4.0, 4.0, 4.0]]
Nu radius:        0.4
S distribution:   lognormal
Alpha factor:     0.0
Alpha js:         [0.0, 0.0, 0.0, 0.0, 0.0, 0.0, 0.0, 0.0, 0.0, 0.0, 0.0, 0.0, 0.0, 0.0, 0.0, 0.0, 0.0, 0.0, 0.0, 0.0, 0.0, 0.0, 0.0, 0.0, 0.0, 0.0, 0.0, 0.0, 0.0, 0.0, 0.0, 0.0, 0.0, 0.0, 0.0, 0.0, 0.0, 0.0, 0.0, 0.0, 0.0, 0.0, 0.0, 0.0, 0.0, 0.0, 0.0, 0.0, 0.0, 0.0]
Cost scaling:     0.01

Neural network architecture:
  Hidden layers:  4
  Width:          1000
  Activation:     elu

Optimization parameters:
  Start factor:   1.0
  Lower factor:   0.5
  Upper factor:   1.5
  Sim runs:       10
  Sim horizon:    5000
  Epsilons:       [-1.25, -2.5, -5.0, -7.5, -10.0, -12.5, -15.0, -20.0, -25.0, -30.0, -40.0, -50.0, -75.0, -100.0]
============================================================

Gradient network G (∇V):
Chain(
  Dense(50 => 1000, elu),               # 51_000 parameters
  Dense(1000 => 1000, elu),             # 1_001_000 parameters
  Dense(1000 => 1000, elu),             # 1_001_000 parameters
  Dense(1000 => 1000, elu),             # 1_001_000 parameters
  Dense(1000 => 50),                    # 50_050 parameters
)                   # Total: 10 arrays, 3_104_050 parameters, 1.562 KiB.

Value network H (V):
Chain(
  Dense(50 => 1000, elu),               # 51_000 parameters
  Dense(1000 => 1000, elu),             # 1_001_000 parameters
  Dense(1000 => 1000, elu),             # 1_001_000 parameters
  Dense(1000 => 1000, elu),             # 1_001_000 parameters
  Dense(1000 => 1),                     # 1_001 parameters
)                   # Total: 10 arrays, 3_055_001 parameters, 1.562 KiB.


============================================================
Starting neural network training...
============================================================

Starting training with steady-state sampler:
-----------------------------------------
Epoch: 1; Penalty β updated to: 1.0
-----------------------------------------
─── Device check ───
  x_tn: CuArray{Float32} (50, 100, 5000)
  dB: CuArray{Float32} (50, 100, 5000)
  dU: CuArray{Float32} (50, 100, 5000)
  exponentials: CuArray{Float32} (1, 100)
  loss_dB: CuArray{Float32} (1, 5000)
  loss_df: CuArray{Float32} (1, 5000)
  loss_dU: CuArray{Float32} (1, 5000)
  H_x0: CuArray{Float32} (1, 5000)
  H_xT: CuArray{Float32} (1, 5000)
  penalties: CuArray{Float32} (1, 5000)
────────────────────
Epoch: 1; Computation time: 60.159991776; Current value of V(0): 0.0
Lagrangian objective: 638.5767; Average H(x0): 0.0; Quantile-hedge α(β): 45.26
Simulation time per epoch: 10.857765496; Gradient computation time: 37.078872085; Testing time: 11.418834528
Epoch: 1000; Computation time: 397.717666947; Current value of V(0): 3.8090984375e6
Lagrangian objective: -40774.84; Average H(x0): 80871.78; Quantile-hedge α(β): 0.0
Simulation time per epoch: 0.073892233; Gradient computation time: 0.180303321; Testing time: 0.082742341
Epoch: 2000; Computation time: 735.007730421; Current value of V(0): 4.02257265625e6
Lagrangian objective: -40740.56; Average H(x0): 80911.16; Quantile-hedge α(β): 0.0
Simulation time per epoch: 0.073969112; Gradient computation time: 0.180644318; Testing time: 0.082843745
-----------------------------------------
Epoch: 2500; Penalty β updated to: 10.0
-----------------------------------------
Epoch: 3000; Computation time: 1072.232048182; Current value of V(0): 507940.576171875
Lagrangian objective: -4602.574; Average H(x0): 8732.867; Quantile-hedge α(β): 0.36000000000000476
Simulation time per epoch: 0.073984686; Gradient computation time: 0.180655703; Testing time: 0.082811905
Epoch: 4000; Computation time: 1409.540328635; Current value of V(0): 519765.8203125
Lagrangian objective: -4594.4507; Average H(x0): 8730.105; Quantile-hedge α(β): 0.30000000000000027
Simulation time per epoch: 0.073918344; Gradient computation time: 0.179981205; Testing time: 0.082710251
-----------------------------------------
Epoch: 5000; Penalty β updated to: 100.0
-----------------------------------------
Epoch: 5000; Computation time: 1746.462964552; Current value of V(0): 528389.55078125
Lagrangian objective: 32073.314; Average H(x0): 8682.86; Quantile-hedge α(β): 0.31999999999999806
Simulation time per epoch: 0.073545806; Gradient computation time: 0.180085363; Testing time: 0.0827127
Epoch: 6000; Computation time: 2083.772531315; Current value of V(0): 77113.73291015625
Lagrangian objective: -771.97656; Average H(x0): 1287.3654; Quantile-hedge α(β): 14.759999999999994
Simulation time per epoch: 0.073996878; Gradient computation time: 0.180364196; Testing time: 0.082837462
Epoch: 7000; Computation time: 2421.167753117; Current value of V(0): 78455.76782226562
Lagrangian objective: -811.3361; Average H(x0): 1302.1404; Quantile-hedge α(β): 13.060000000000006
Simulation time per epoch: 0.073980744; Gradient computation time: 0.180365171; Testing time: 0.082827315
-----------------------------------------
Epoch: 7500; Penalty β updated to: 1000.0
-----------------------------------------
Epoch: 8000; Computation time: 2758.603833275; Current value of V(0): 23087.396240234375
Lagrangian objective: -330.3155; Average H(x0): 407.66614; Quantile-hedge α(β): 35.540000000000006
Simulation time per epoch: 0.074034015; Gradient computation time: 0.180448968; Testing time: 0.082814298
Epoch: 9000; Computation time: 3095.921319944; Current value of V(0): 23536.781311035156
Lagrangian objective: -330.2194; Average H(x0): 411.20624; Quantile-hedge α(β): 34.019999999999996
Simulation time per epoch: 0.074033059; Gradient computation time: 0.180446436; Testing time: 0.082822481
-----------------------------------------
Epoch: 10000; Penalty β updated to: 10000.0
-----------------------------------------
Epoch: 10000; Computation time: 3433.268033909; Current value of V(0): 23545.462036132812
Lagrangian objective: 393.29874; Average H(x0): 408.2159; Quantile-hedge α(β): 34.88
Simulation time per epoch: 0.073903298; Gradient computation time: 0.18049633; Testing time: 0.082820872
Epoch: 11000; Computation time: 3770.635040195; Current value of V(0): 14763.909912109375
Lagrangian objective: -249.64688; Average H(x0): 269.61746; Quantile-hedge α(β): 68.32000000000001
Simulation time per epoch: 0.07401849; Gradient computation time: 0.180837678; Testing time: 0.08282875
Epoch: 12000; Computation time: 4108.034596618; Current value of V(0): 15307.701110839844
Lagrangian objective: -247.20712; Average H(x0): 270.14075; Quantile-hedge α(β): 67.66
Simulation time per epoch: 0.074011064; Gradient computation time: 0.180324591; Testing time: 0.082819135
Epoch: 13000; Computation time: 4445.414444423; Current value of V(0): 15966.775512695312
Lagrangian objective: -248.0801; Average H(x0): 268.466; Quantile-hedge α(β): 72.82
Simulation time per epoch: 0.073990431; Gradient computation time: 0.180435572; Testing time: 0.082823542
Epoch: 14000; Computation time: 4782.619181574; Current value of V(0): 17143.736267089844
Lagrangian objective: -249.57935; Average H(x0): 267.5757; Quantile-hedge α(β): 71.41999999999999
Simulation time per epoch: 0.073997093; Gradient computation time: 0.180069572; Testing time: 0.082736861
Epoch: 15000; Computation time: 5119.740937971; Current value of V(0): 17791.798400878906
Lagrangian objective: -246.8379; Average H(x0): 268.88922; Quantile-hedge α(β): 71.46000000000001
Simulation time per epoch: 0.074003873; Gradient computation time: 0.180370509; Testing time: 0.082823037
Epoch: 16000; Computation time: 5457.100527782; Current value of V(0): 18415.765380859375
Lagrangian objective: -246.83376; Average H(x0): 270.72314; Quantile-hedge α(β): 67.96
Simulation time per epoch: 0.074074958; Gradient computation time: 0.180206772; Testing time: 0.08280725
Epoch: 17000; Computation time: 5794.489229242; Current value of V(0): 18604.65087890625
Lagrangian objective: -248.56567; Average H(x0): 269.0424; Quantile-hedge α(β): 70.54
Simulation time per epoch: 0.074159371; Gradient computation time: 0.180492777; Testing time: 0.082782791
Epoch: 18000; Computation time: 6132.205391564; Current value of V(0): 18927.713012695312
Lagrangian objective: -245.81747; Average H(x0): 270.29398; Quantile-hedge α(β): 72.48
Simulation time per epoch: 0.073904968; Gradient computation time: 0.181332326; Testing time: 0.083053608
Epoch: 19000; Computation time: 6470.760379251; Current value of V(0): 18973.82354736328
Lagrangian objective: -246.17496; Average H(x0): 267.1539; Quantile-hedge α(β): 70.94
Simulation time per epoch: 0.073960828; Gradient computation time: 0.180748025; Testing time: 0.082864655
-----------------------------------------
Epoch: 20000; Penalty β updated to: 1.0e6
-----------------------------------------
Epoch: 20000; Computation time: 6809.014109943; Current value of V(0): 19476.361083984375
Lagrangian objective: 2238.144; Average H(x0): 271.9647; Quantile-hedge α(β): 68.41999999999999
Simulation time per epoch: 0.073041456; Gradient computation time: 0.180652958; Testing time: 0.08262008
Epoch: 21000; Computation time: 7147.621064852; Current value of V(0): 16201.373291015625
Lagrangian objective: -215.1236; Average H(x0): 221.3127; Quantile-hedge α(β): 98.74000000000001
Simulation time per epoch: 0.073803215; Gradient computation time: 0.181997815; Testing time: 0.083189137
Epoch: 22000; Computation time: 7486.397554385; Current value of V(0): 16091.041564941406
Lagrangian objective: -214.45427; Average H(x0): 220.48578; Quantile-hedge α(β): 98.06
Simulation time per epoch: 0.073800505; Gradient computation time: 0.181953814; Testing time: 0.083164728
Epoch: 23000; Computation time: 7824.985553349; Current value of V(0): 16032.865905761719
Lagrangian objective: -209.60507; Average H(x0): 219.8999; Quantile-hedge α(β): 98.74000000000001
Simulation time per epoch: 0.073760046; Gradient computation time: 0.181657823; Testing time: 0.083023373
Epoch: 24000; Computation time: 8163.599813324; Current value of V(0): 15844.657897949219
Lagrangian objective: -209.30905; Average H(x0): 217.21844; Quantile-hedge α(β): 98.92
Simulation time per epoch: 0.073780377; Gradient computation time: 0.181910843; Testing time: 0.083108456
Epoch: 25000; Computation time: 8502.182981605; Current value of V(0): 15865.049743652344
Lagrangian objective: -213.43758; Average H(x0): 217.50055; Quantile-hedge α(β): 98.54
Simulation time per epoch: 0.073849259; Gradient computation time: 0.181504386; Testing time: 0.082965047
Epoch: 26000; Computation time: 8840.887670108; Current value of V(0): 15739.530944824219
Lagrangian objective: -208.1464; Average H(x0): 216.09872; Quantile-hedge α(β): 98.88
Simulation time per epoch: 0.073801179; Gradient computation time: 0.181659365; Testing time: 0.083032148
Epoch: 27000; Computation time: 9179.649386936; Current value of V(0): 15730.232238769531
Lagrangian objective: -204.90144; Average H(x0): 216.37115; Quantile-hedge α(β): 98.82
Simulation time per epoch: 0.073991638; Gradient computation time: 0.181307863; Testing time: 0.08361519
Epoch: 28000; Computation time: 9518.274833576; Current value of V(0): 15619.798278808594
Lagrangian objective: -209.78625; Average H(x0): 215.25266; Quantile-hedge α(β): 99.11999999999999
Simulation time per epoch: 0.073834443; Gradient computation time: 0.181972133; Testing time: 0.083104611
Epoch: 29000; Computation time: 9857.04126544; Current value of V(0): 15413.908386230469
Lagrangian objective: -208.5093; Average H(x0): 212.9104; Quantile-hedge α(β): 98.46000000000001
Simulation time per epoch: 0.073834446; Gradient computation time: 0.181780206; Testing time: 0.083147484
Epoch: 30000; Computation time: 10195.932047465; Current value of V(0): 15698.98681640625
Lagrangian objective: -208.77133; Average H(x0): 217.73027; Quantile-hedge α(β): 98.44000000000001
Simulation time per epoch: 0.073820969; Gradient computation time: 0.181905959; Testing time: 0.083121376
Epoch: 31000; Computation time: 10534.642956721; Current value of V(0): 16002.01416015625
Lagrangian objective: -218.28442; Average H(x0): 222.2804; Quantile-hedge α(β): 98.3
Simulation time per epoch: 0.073776609; Gradient computation time: 0.18199209; Testing time: 0.083180667
Epoch: 32000; Computation time: 10873.324205999; Current value of V(0): 16013.937377929688
Lagrangian objective: -217.85037; Average H(x0): 222.50423; Quantile-hedge α(β): 98.0
Simulation time per epoch: 0.073738694; Gradient computation time: 0.18184899; Testing time: 0.083193209
Epoch: 33000; Computation time: 11212.181519699; Current value of V(0): 15981.471252441406
Lagrangian objective: -217.96033; Average H(x0): 222.23825; Quantile-hedge α(β): 98.28
Simulation time per epoch: 0.073729987; Gradient computation time: 0.181671146; Testing time: 0.083157868
Epoch: 34000; Computation time: 11550.705393751; Current value of V(0): 15982.612609863281
Lagrangian objective: -217.56128; Average H(x0): 222.2704; Quantile-hedge α(β): 98.4
Simulation time per epoch: 0.073779284; Gradient computation time: 0.182221561; Testing time: 0.083214546
Epoch: 35000; Computation time: 11889.352772273; Current value of V(0): 15952.882385253906
Lagrangian objective: -218.97845; Average H(x0): 221.93515; Quantile-hedge α(β): 98.18
Simulation time per epoch: 0.073878831; Gradient computation time: 0.181309571; Testing time: 0.083004726
Epoch: 36000; Computation time: 12228.341371733; Current value of V(0): 15972.775268554688
Lagrangian objective: -218.49162; Average H(x0): 222.24153; Quantile-hedge α(β): 98.46000000000001
Simulation time per epoch: 0.073878319; Gradient computation time: 0.181192815; Testing time: 0.083095881
Epoch: 37000; Computation time: 12567.164298037; Current value of V(0): 15962.232971191406
Lagrangian objective: -217.32668; Average H(x0): 222.22485; Quantile-hedge α(β): 98.38
Simulation time per epoch: 0.073938219; Gradient computation time: 0.181274483; Testing time: 0.083102754
Epoch: 38000; Computation time: 12905.848998357; Current value of V(0): 15977.784729003906
Lagrangian objective: -214.88165; Average H(x0): 222.46765; Quantile-hedge α(β): 98.11999999999999
Simulation time per epoch: 0.073935209; Gradient computation time: 0.181355074; Testing time: 0.083098459
Epoch: 39000; Computation time: 13244.59721163; Current value of V(0): 15963.945007324219
Lagrangian objective: -216.5485; Average H(x0): 222.3585; Quantile-hedge α(β): 98.22
Simulation time per epoch: 0.073964467; Gradient computation time: 0.18100582; Testing time: 0.083063388
Epoch: 40000; Computation time: 13583.654718516; Current value of V(0): 15972.001647949219
Lagrangian objective: -218.60304; Average H(x0): 222.4996; Quantile-hedge α(β): 98.1
Simulation time per epoch: 0.073684299; Gradient computation time: 0.181835175; Testing time: 0.083061776

Training completed in 13583.654838716 seconds
Final V(0): 15973.533630371094

============================================================
Running policy evaluation...
============================================================


============================================================
INVENTORY PROBLEM (unscaled, weekly)
============================================================
Dimension:       50
Discount factor: 0.9990389236684376
Fixed cost:      50.0
Variable costs:  [0.1, 0.1, 0.1, 0.1, 0.1, 0.1, 0.1, 0.1, 0.1, 0.1, 0.1, 0.1, 0.1, 0.1, 0.1, 0.2, 0.2, 0.2, 0.2, 0.2, 0.2, 0.2, 0.2, 0.2, 0.2, 0.2, 0.2, 0.2, 0.2, 0.2, 0.4, 0.4, 0.4, 0.4, 0.4, 0.4, 0.4, 0.4, 0.4, 0.4, 0.4, 0.4, 0.4, 0.4, 0.4, 0.4, 0.4, 0.4, 0.4, 0.4]
Holding costs:   [0.019230769230769232, 0.019230769230769232, 0.019230769230769232, 0.019230769230769232, 0.019230769230769232, 0.019230769230769232, 0.019230769230769232, 0.019230769230769232, 0.019230769230769232, 0.019230769230769232, 0.019230769230769232, 0.019230769230769232, 0.019230769230769232, 0.019230769230769232, 0.019230769230769232, 0.038461538461538464, 0.038461538461538464, 0.038461538461538464, 0.038461538461538464, 0.038461538461538464, 0.038461538461538464, 0.038461538461538464, 0.038461538461538464, 0.038461538461538464, 0.038461538461538464, 0.038461538461538464, 0.038461538461538464, 0.038461538461538464, 0.038461538461538464, 0.038461538461538464, 0.07692307692307693, 0.07692307692307693, 0.07692307692307693, 0.07692307692307693, 0.07692307692307693, 0.07692307692307693, 0.07692307692307693, 0.07692307692307693, 0.07692307692307693, 0.07692307692307693, 0.07692307692307693, 0.07692307692307693, 0.07692307692307693, 0.07692307692307693, 0.07692307692307693, 0.07692307692307693, 0.07692307692307693, 0.07692307692307693, 0.07692307692307693, 0.07692307692307693]
Backlog costs:   [0.4807692307692308, 0.4807692307692308, 0.4807692307692308, 0.4807692307692308, 0.4807692307692308, 0.4807692307692308, 0.4807692307692308, 0.4807692307692308, 0.4807692307692308, 0.4807692307692308, 0.4807692307692308, 0.4807692307692308, 0.4807692307692308, 0.4807692307692308, 0.4807692307692308, 0.9615384615384616, 0.9615384615384616, 0.9615384615384616, 0.9615384615384616, 0.9615384615384616, 0.9615384615384616, 0.9615384615384616, 0.9615384615384616, 0.9615384615384616, 0.9615384615384616, 0.9615384615384616, 0.9615384615384616, 0.9615384615384616, 0.9615384615384616, 0.9615384615384616, 1.9230769230769231, 1.9230769230769231, 1.9230769230769231, 1.9230769230769231, 1.9230769230769231, 1.9230769230769231, 1.9230769230769231, 1.9230769230769231, 1.9230769230769231, 1.9230769230769231, 1.9230769230769231, 1.9230769230769231, 1.9230769230769231, 1.9230769230769231, 1.9230769230769231, 1.9230769230769231, 1.9230769230769231, 1.9230769230769231, 1.9230769230769231, 1.9230769230769231]
Demand dists:    DataType[Distributions.Poisson{Float64}, Distributions.Poisson{Float64}, Distributions.Poisson{Float64}, Distributions.Poisson{Float64}, Distributions.Poisson{Float64}, Distributions.Poisson{Float64}, Distributions.Poisson{Float64}, Distributions.Poisson{Float64}, Distributions.Poisson{Float64}, Distributions.Poisson{Float64}, Distributions.Poisson{Float64}, Distributions.Poisson{Float64}, Distributions.Poisson{Float64}, Distributions.Poisson{Float64}, Distributions.Poisson{Float64}, Distributions.Poisson{Float64}, Distributions.Poisson{Float64}, Distributions.Poisson{Float64}, Distributions.Poisson{Float64}, Distributions.Poisson{Float64}, Distributions.Poisson{Float64}, Distributions.Poisson{Float64}, Distributions.Poisson{Float64}, Distributions.Poisson{Float64}, Distributions.Poisson{Float64}, Distributions.Poisson{Float64}, Distributions.Poisson{Float64}, Distributions.Poisson{Float64}, Distributions.Poisson{Float64}, Distributions.Poisson{Float64}, Distributions.Poisson{Float64}, Distributions.Poisson{Float64}, Distributions.Poisson{Float64}, Distributions.Poisson{Float64}, Distributions.Poisson{Float64}, Distributions.Poisson{Float64}, Distributions.Poisson{Float64}, Distributions.Poisson{Float64}, Distributions.Poisson{Float64}, Distributions.Poisson{Float64}, Distributions.Poisson{Float64}, Distributions.Poisson{Float64}, Distributions.Poisson{Float64}, Distributions.Poisson{Float64}, Distributions.Poisson{Float64}, Distributions.Poisson{Float64}, Distributions.Poisson{Float64}, Distributions.Poisson{Float64}, Distributions.Poisson{Float64}, Distributions.Poisson{Float64}]
Demand means:    [0.9615384615384616, 0.9615384615384616, 0.9615384615384616, 0.9615384615384616, 0.9615384615384616, 0.9615384615384616, 0.9615384615384616, 0.9615384615384616, 0.9615384615384616, 0.9615384615384616, 0.9615384615384616, 0.9615384615384616, 0.9615384615384616, 0.9615384615384616, 0.9615384615384616, 0.4807692307692308, 0.4807692307692308, 0.4807692307692308, 0.4807692307692308, 0.4807692307692308, 0.4807692307692308, 0.4807692307692308, 0.4807692307692308, 0.4807692307692308, 0.4807692307692308, 0.4807692307692308, 0.4807692307692308, 0.4807692307692308, 0.4807692307692308, 0.4807692307692308, 0.2403846153846154, 0.2403846153846154, 0.2403846153846154, 0.2403846153846154, 0.2403846153846154, 0.2403846153846154, 0.2403846153846154, 0.2403846153846154, 0.2403846153846154, 0.2403846153846154, 0.2403846153846154, 0.2403846153846154, 0.2403846153846154, 0.2403846153846154, 0.2403846153846154, 0.2403846153846154, 0.2403846153846154, 0.2403846153846154, 0.2403846153846154, 0.2403846153846154]
============================================================

==================================================
Computing order-up-to vector via :solve_inf
==================================================

Method: solve_inf
Final objective: 222.6263037109375
z*: [11.0, 11.0, 11.0, 11.0, 11.0, 11.0, 11.0, 11.0, 11.0, 11.0, 11.0, 11.0, 11.0, 11.0, 11.0, 6.0, 6.0, 6.0, 6.0, 6.0, 6.0, 6.0, 6.0, 6.0, 6.0, 6.0, 6.0, 6.0, 6.0, 6.0, 4.0, 4.0, 4.0, 4.0, 4.0, 4.0, 4.0, 4.0, 4.0, 4.0, 4.0, 4.0, 4.0, 4.0, 4.0, 4.0, 4.0, 4.0, 4.0, 4.0]
Intervention value: -63.39099792480468

==================================================
Computing order-up-to vector via :find_stationary
==================================================

Method: find_stationary
Final residual: 0.01725954018074437
z*: [11.0, 11.0, 11.0, 11.0, 11.0, 11.0, 11.0, 11.0, 11.0, 11.0, 11.0, 11.0, 11.0, 11.0, 11.0, 6.0, 6.0, 6.0, 6.0, 6.0, 6.0, 6.0, 6.0, 6.0, 6.0, 6.0, 6.0, 6.0, 6.0, 6.0, 4.0, 4.0, 4.0, 4.0, 4.0, 4.0, 4.0, 4.0, 4.0, 4.0, 4.0, 4.0, 4.0, 4.0, 4.0, 4.0, 4.0, 4.0, 4.0, 4.0]
Intervention value: -63.39099792480468

==================================================
Summary:
  solve_inf:       z* = [11, 11, 11, 11, 11, 11, 11, 11, 11, 11, 11, 11, 11, 11, 11, 6, 6, 6, 6, 6, 6, 6, 6, 6, 6, 6, 6, 6, 6, 6, 4, 4, 4, 4, 4, 4, 4, 4, 4, 4, 4, 4, 4, 4, 4, 4, 4, 4, 4, 4]
  find_stationary: z* = [11, 11, 11, 11, 11, 11, 11, 11, 11, 11, 11, 11, 11, 11, 11, 6, 6, 6, 6, 6, 6, 6, 6, 6, 6, 6, 6, 6, 6, 6, 4, 4, 4, 4, 4, 4, 4, 4, 4, 4, 4, 4, 4, 4, 4, 4, 4, 4, 4, 4]
==================================================

============================================================
Evaluating method: solve_inf
============================================================

----------------------------------------
Evaluating ε = -1.25
----------------------------------------
Mean cost: 21711.006131439754 ± 23.629481028361493
  Inventory costs: 11087.735231556744
  Variable costs:  5002.379319207657
  Fixed costs:     5620.89158067534
  Simulation time: 639.2s

----------------------------------------
Evaluating ε = -2.5
----------------------------------------
Mean cost: 22023.910020566018 ± 27.148528282478743
  Inventory costs: 11685.575954238062
  Variable costs:  5012.183383034976
  Fixed costs:     5326.150683292997
  Simulation time: 663.1s

----------------------------------------
Evaluating ε = -5.0
----------------------------------------
Mean cost: 22681.82316435418 ± 30.83285973415306
  Inventory costs: 12818.069455337882
  Variable costs:  4993.467051459453
  Fixed costs:     4870.286657556837
  Simulation time: 662.2s

----------------------------------------
Evaluating ε = -7.5
----------------------------------------
Mean cost: 23569.542940781957 ± 22.725809500265598
  Inventory costs: 13997.598411647235
  Variable costs:  4989.252766226484
  Fixed costs:     4582.691762908292
  Simulation time: 658.3s

----------------------------------------
Evaluating ε = -10.0
----------------------------------------
Mean cost: 24555.85661306242 ± 31.90309359408693
  Inventory costs: 15187.654484003884
  Variable costs:  5003.314785328951
  Fixed costs:     4364.8873437295815
  Simulation time: 658.7s

----------------------------------------
Evaluating ε = -12.5
----------------------------------------
Mean cost: 25674.80239547221 ± 32.2758403430281
  Inventory costs: 16480.42542170812
  Variable costs:  4996.946527335204
  Fixed costs:     4197.430446428878
  Simulation time: 666.8s

----------------------------------------
Evaluating ε = -15.0
----------------------------------------
Mean cost: 26689.58889891579 ± 45.767890104349746
  Inventory costs: 17671.479227053256
  Variable costs:  4983.929155581394
  Fixed costs:     4034.180516281126
  Simulation time: 661.2s

----------------------------------------
Evaluating ε = -20.0
----------------------------------------
Mean cost: 28925.383793101726 ± 46.76891199874625
  Inventory costs: 20131.49712570884
  Variable costs:  4995.110489365796
  Fixed costs:     3798.776178027104
  Simulation time: 671.8s

----------------------------------------
Evaluating ε = -25.0
----------------------------------------
Mean cost: 31270.68279509259 ± 21.467414953914687
  Inventory costs: 22690.967409310473
  Variable costs:  4982.316526551428
  Fixed costs:     3597.3988592307023
  Simulation time: 661.9s

----------------------------------------
Evaluating ε = -30.0
----------------------------------------
Mean cost: 33927.66634657464 ± 52.00219646369355
  Inventory costs: 25490.145112609353
  Variable costs:  5000.186853134617
  Fixed costs:     3437.334380830678
  Simulation time: 665.3s

----------------------------------------
Evaluating ε = -40.0
----------------------------------------
Mean cost: 39266.23305960079 ± 41.88517397486675
  Inventory costs: 31093.37335508095
  Variable costs:  4994.789505670337
  Fixed costs:     3178.070198849465
  Simulation time: 670.8s

----------------------------------------
Evaluating ε = -50.0
----------------------------------------
Mean cost: 44871.10603685423 ± 89.41783175192582
  Inventory costs: 36933.45703644151
  Variable costs:  4980.738548471122
  Fixed costs:     2956.9104519416046
  Simulation time: 665.1s

----------------------------------------
Evaluating ε = -75.0
----------------------------------------
Mean cost: 59778.513549321986 ± 123.06132573554859
  Inventory costs: 52209.67826328906
  Variable costs:  4988.049548561815
  Fixed costs:     2580.7857374711366
  Simulation time: 621.2s

----------------------------------------
Evaluating ε = -100.0
----------------------------------------
Mean cost: 76162.6927974155 ± 74.8093731619635
  Inventory costs: 68884.211239551
  Variable costs:  4979.178172079533
  Fixed costs:     2299.303385784908
  Simulation time: 570.3s

==================================================
Best epsilon: -1.25 with cost: 21711.006131439754 ± 23.629481028361493
==================================================

============================================================
Evaluating method: find_stationary
============================================================

----------------------------------------
Evaluating ε = -1.25
----------------------------------------
Mean cost: 21800.94135961621 ± 28.95276006633377
  Inventory costs: 11122.174101350867
  Variable costs:  5016.751317653093
  Fixed costs:     5662.015940612251
  Simulation time: 571.3s

----------------------------------------
Evaluating ε = -2.5
----------------------------------------
Mean cost: 21995.918463770617 ± 22.543262525151878
  Inventory costs: 11690.930597893126
  Variable costs:  4998.012888271385
  Fixed costs:     5306.974977606087
  Simulation time: 567.4s

----------------------------------------
Evaluating ε = -5.0
----------------------------------------
Mean cost: 22718.142133609475 ± 30.257688547880946
  Inventory costs: 12806.756502642611
  Variable costs:  5011.859066790007
  Fixed costs:     4899.52656417692
  Simulation time: 562.6s

----------------------------------------
Evaluating ε = -7.5
----------------------------------------
Mean cost: 23634.213680388584 ± 28.033167718004435
  Inventory costs: 14030.23818555607
  Variable costs:  4998.898309375763
  Fixed costs:     4605.077185456743
  Simulation time: 571.0s

----------------------------------------
Evaluating ε = -10.0
----------------------------------------
Mean cost: 24523.134401937346 ± 34.1092439737269
  Inventory costs: 15172.699596969134
  Variable costs:  4990.714637617438
  Fixed costs:     4359.720167350797
  Simulation time: 567.4s

----------------------------------------
Evaluating ε = -12.5
----------------------------------------
Mean cost: 25603.578259142487 ± 43.66780553048573
  Inventory costs: 16418.038604940386
  Variable costs:  4999.612910697375
  Fixed costs:     4185.926743504688
  Simulation time: 572.2s

----------------------------------------
Evaluating ε = -15.0
----------------------------------------
Mean cost: 26727.875238864082 ± 45.87798189277515
  Inventory costs: 17705.11461721432
  Variable costs:  4992.700103461445
  Fixed costs:     4030.060518188309
  Simulation time: 556.7s

----------------------------------------
Evaluating ε = -20.0
----------------------------------------
Mean cost: 29035.366627316893 ± 32.44587538777856
  Inventory costs: 20233.298477866418
  Variable costs:  4999.879979651391
  Fixed costs:     3802.1881697990952
  Simulation time: 570.1s

----------------------------------------
Evaluating ε = -25.0
----------------------------------------
Mean cost: 31454.48300766231 ± 57.39214029398903
  Inventory costs: 22870.62140663848
  Variable costs:  4989.582616885267
  Fixed costs:     3594.27898413857
  Simulation time: 575.8s

----------------------------------------
Evaluating ε = -30.0
----------------------------------------
Mean cost: 34002.15337756381 ± 61.087348187873076
  Inventory costs: 25590.3686400999
  Variable costs:  4983.129460323589
  Fixed costs:     3428.655277140292
  Simulation time: 582.8s

----------------------------------------
Evaluating ε = -40.0
----------------------------------------
Mean cost: 39151.09770856211 ± 68.00467272893219
  Inventory costs: 31006.808961571056
  Variable costs:  4978.906871658395
  Fixed costs:     3165.3818753327228
  Simulation time: 540.8s

----------------------------------------
Evaluating ε = -50.0
----------------------------------------
Mean cost: 44766.3100114948 ± 89.94293152769421
  Inventory costs: 36810.589504922755
  Variable costs:  4991.5790559648685
  Fixed costs:     2964.1414506072365
  Simulation time: 512.7s

----------------------------------------
Evaluating ε = -75.0
----------------------------------------
Mean cost: 59823.4689022884 ± 133.79258780307808
  Inventory costs: 52261.979882910084
  Variable costs:  4988.07735004973
  Fixed costs:     2573.4116693286005
  Simulation time: 522.0s

----------------------------------------
Evaluating ε = -100.0
----------------------------------------
Mean cost: 76001.9249712001 ± 96.89947282178643
  Inventory costs: 68708.52235809015
  Variable costs:  4989.07893497902
  Fixed costs:     2304.3236781309342
  Simulation time: 526.0s

==================================================
Best epsilon: -1.25 with cost: 21800.94135961621 ± 28.95276006633377
==================================================
Skipping save for solve_inf: existing cost 21701.541014944843 <= new cost 21711.006131439754
Skipping save for find_stationary: existing cost 21784.664044114932 <= new cost 21800.94135961621

============================================================
FINAL RESULTS SUMMARY
============================================================

Method: solve_inf
  Order-up-to vector: [11, 11, 11, 11, 11, 11, 11, 11, 11, 11, 11, 11, 11, 11, 11, 6, 6, 6, 6, 6, 6, 6, 6, 6, 6, 6, 6, 6, 6, 6, 4, 4, 4, 4, 4, 4, 4, 4, 4, 4, 4, 4, 4, 4, 4, 4, 4, 4, 4, 4]
  Best epsilon: -1.25
  Best cost: 21711.006131439754 ± 23.629481028361493

Method: find_stationary
  Order-up-to vector: [11, 11, 11, 11, 11, 11, 11, 11, 11, 11, 11, 11, 11, 11, 11, 6, 6, 6, 6, 6, 6, 6, 6, 6, 6, 6, 6, 6, 6, 6, 4, 4, 4, 4, 4, 4, 4, 4, 4, 4, 4, 4, 4, 4, 4, 4, 4, 4, 4, 4]
  Best epsilon: -1.25
  Best cost: 21800.94135961621 ± 28.95276006633377

============================================================
Complete! Per-method results saved to:
  output/nn_training/results_50D_CaseLL_solve_inf.json
  output/nn_training/results_50D_CaseLL_find_stationary.json
============================================================

  Activating project at `~/DeepSJRP`
[ Info:  started timer at: 2026-04-28T02:57:50.412
┌ Warning: Layer with Float32 parameters got Float64 input.
│   The input will be converted, but any earlier layers may be very slow.
│   layer = Dense(50 => 1000, elu)  # 51_000 parameters
│   summary(x) = "50-element Vector{Float64}"
└ @ Flux ~/.julia/packages/Flux/DZYiO/src/layers/stateless.jl:60
RUNNING THE L-BFGS-B CODE

           * * *

Machine precision = 2.220D-16
 N =           50     M =           10

At X0         0 variables are exactly at the bounds

At iterate    0    f=  2.22626D+02    |proj g|=  2.35601D-03

           * * *

Tit   = total number of iterations
Tnf   = total number of function evaluations
Tnint = total number of segments explored during Cauchy searches
Skip  = number of BFGS updates skipped
Nact  = number of active bounds at final generalized Cauchy point
Projg = norm of the final projected gradient
F     = final function value

           * * *

   N    Tit     Tnf  Tnint  Skip  Nact     Projg        F
   50      0      1      0     0     0   2.356D-03   2.226D+02
  F =   222.62630371093749     

CONVERGENCE: NORM_OF_PROJECTED_GRADIENT_<=_PGTOL            

 Cauchy                time 0.000E+00 seconds.
 Subspace minimization time 0.000E+00 seconds.
 Line search           time 0.000E+00 seconds.

 Total User time 3.152E+00 seconds.

RUNNING THE L-BFGS-B CODE

           * * *

Machine precision = 2.220D-16
 N =           50     M =           10

At X0         0 variables are exactly at the bounds

At iterate    0    f=  2.97892D-04    |proj g|=  8.32982D-07

           * * *

Tit   = total number of iterations
Tnf   = total number of function evaluations
Tnint = total number of segments explored during Cauchy searches
Skip  = number of BFGS updates skipped
Nact  = number of active bounds at final generalized Cauchy point
Projg = norm of the final projected gradient
F     = final function value

           * * *

   N    Tit     Tnf  Tnint  Skip  Nact     Projg        F
   50      0      1      0     0     0   8.330D-07   2.979D-04
  F =   2.9789172725072942E-004

CONVERGENCE: NORM_OF_PROJECTED_GRADIENT_<=_PGTOL            

 Cauchy                time 0.000E+00 seconds.
 Subspace minimization time 0.000E+00 seconds.
 Line search           time 0.000E+00 seconds.

 Total User time 3.721E-01 seconds.

