
============================================================
DeepSJRP - Stochastic Joint Replenishment Problem Solver
============================================================
Instance: 50D_CaseHL
Options: Dict{Symbol, Any}(:beta_override => 1.0e6, :alpha_override => nothing, :device => :gpu, :nu_override => 0.2, :T_override => 0.05, :seed => 777)
============================================================

Device: CUDA GPU
CUDA toolchain: 
- runtime 12.8, local installation
- driver 580.126.16 for 13.2
- compiler 12.9

CUDA libraries: 
- CUBLAS: 12.8.4
- CURAND: 10.3.9
- CUFFT: 11.3.3
- CUSOLVER: 11.7.3
- CUSPARSE: 12.5.8
- CUPTI: 2025.1.1 (API 12.8.0)
- NVML: 13.0.0+580.126.16

Julia packages: 
- CUDA: 5.11.0
- GPUArrays: 11.4.1
- GPUCompiler: 1.9.1
- KernelAbstractions: 0.9.41
- CUDA_Driver_jll: 13.2.0+0
- CUDA_Compiler_jll: 0.4.2+0
- CUDA_Runtime_jll: 0.21.0+0
- CUDA_Runtime_Discovery: 1.0.0

Toolchain:
- Julia: 1.11.7
- LLVM: 16.0.6

Preferences:
- CUDA_Runtime_jll.version: local

1 device:
  0: NVIDIA H100 80GB HBM3 (sm_90, 79.175 GiB / 79.647 GiB available)
BLAS threads: 1
Julia threads: 10

Benchmark source: QS

============================================================
IMPULSE CONTROL PROBLEM (scaled, annual)
============================================================
Instance: 50D_CaseHL
Dimension: 50
Interest rate: 0.05
Cost scaling κ: 0.01

Drift μ (annual demand rates): [50.0, 50.0, 50.0, 50.0, 50.0, 50.0, 50.0, 50.0, 50.0, 50.0, 50.0, 50.0, 50.0, 50.0, 50.0, 25.0, 25.0, 25.0, 25.0, 25.0, 25.0, 25.0, 25.0, 25.0, 25.0, 25.0, 25.0, 25.0, 25.0, 25.0, 12.5, 12.5, 12.5, 12.5, 12.5, 12.5, 12.5, 12.5, 12.5, 12.5, 12.5, 12.5, 12.5, 12.5, 12.5, 12.5, 12.5, 12.5, 12.5, 12.5]
Covariance Σ diagonal: [2500.0, 2500.0, 2500.0, 2500.0, 2500.0, 2500.0, 2500.0, 2500.0, 2500.0, 2500.0, 2500.0, 2500.0, 2500.0, 2500.0, 2500.0, 625.0, 625.0, 625.0, 625.0, 625.0, 625.0, 625.0, 625.0, 625.0, 625.0, 625.0, 625.0, 625.0, 625.0, 625.0, 156.25, 156.25, 156.25, 156.25, 156.25, 156.25, 156.25, 156.25, 156.25, 156.25, 156.25, 156.25, 156.25, 156.25, 156.25, 156.25, 156.25, 156.25, 156.25, 156.25]

Scaled costs (× κ = 0.01):
  Fixed cost K:    0.5
  Variable costs c: [0.001, 0.001, 0.001, 0.001, 0.001, 0.001, 0.001, 0.001, 0.001, 0.001, 0.001, 0.001, 0.001, 0.001, 0.001, 0.002, 0.002, 0.002, 0.002, 0.002, 0.002, 0.002, 0.002, 0.002, 0.002, 0.002, 0.002, 0.002, 0.002, 0.002, 0.004, 0.004, 0.004, 0.004, 0.004, 0.004, 0.004, 0.004, 0.004, 0.004, 0.004, 0.004, 0.004, 0.004, 0.004, 0.004, 0.004, 0.004, 0.004, 0.004]
  Holding costs h:  [0.01, 0.01, 0.01, 0.01, 0.01, 0.01, 0.01, 0.01, 0.01, 0.01, 0.01, 0.01, 0.01, 0.01, 0.01, 0.02, 0.02, 0.02, 0.02, 0.02, 0.02, 0.02, 0.02, 0.02, 0.02, 0.02, 0.02, 0.02, 0.02, 0.02, 0.04, 0.04, 0.04, 0.04, 0.04, 0.04, 0.04, 0.04, 0.04, 0.04, 0.04, 0.04, 0.04, 0.04, 0.04, 0.04, 0.04, 0.04, 0.04, 0.04]
  Penalty costs p:  [0.25, 0.25, 0.25, 0.25, 0.25, 0.25, 0.25, 0.25, 0.25, 0.25, 0.25, 0.25, 0.25, 0.25, 0.25, 0.5, 0.5, 0.5, 0.5, 0.5, 0.5, 0.5, 0.5, 0.5, 0.5, 0.5, 0.5, 0.5, 0.5, 0.5, 1.0, 1.0, 1.0, 1.0, 1.0, 1.0, 1.0, 1.0, 1.0, 1.0, 1.0, 1.0, 1.0, 1.0, 1.0, 1.0, 1.0, 1.0, 1.0, 1.0]

Original costs (unscaled):
  Fixed cost K:    50.0
  Variable costs c: [0.1, 0.1, 0.1, 0.1, 0.1, 0.1, 0.1, 0.1, 0.1, 0.1, 0.1, 0.1, 0.1, 0.1, 0.1, 0.2, 0.2, 0.2, 0.2, 0.2, 0.2, 0.2, 0.2, 0.2, 0.2, 0.2, 0.2, 0.2, 0.2, 0.2, 0.4, 0.4, 0.4, 0.4, 0.4, 0.4, 0.4, 0.4, 0.4, 0.4, 0.4, 0.4, 0.4, 0.4, 0.4, 0.4, 0.4, 0.4, 0.4, 0.4]
  Holding costs h:  [1.0, 1.0, 1.0, 1.0, 1.0, 1.0, 1.0, 1.0, 1.0, 1.0, 1.0, 1.0, 1.0, 1.0, 1.0, 2.0, 2.0, 2.0, 2.0, 2.0, 2.0, 2.0, 2.0, 2.0, 2.0, 2.0, 2.0, 2.0, 2.0, 2.0, 4.0, 4.0, 4.0, 4.0, 4.0, 4.0, 4.0, 4.0, 4.0, 4.0, 4.0, 4.0, 4.0, 4.0, 4.0, 4.0, 4.0, 4.0, 4.0, 4.0]
  Penalty costs p:  [25.0, 25.0, 25.0, 25.0, 25.0, 25.0, 25.0, 25.0, 25.0, 25.0, 25.0, 25.0, 25.0, 25.0, 25.0, 50.0, 50.0, 50.0, 50.0, 50.0, 50.0, 50.0, 50.0, 50.0, 50.0, 50.0, 50.0, 50.0, 50.0, 50.0, 100.0, 100.0, 100.0, 100.0, 100.0, 100.0, 100.0, 100.0, 100.0, 100.0, 100.0, 100.0, 100.0, 100.0, 100.0, 100.0, 100.0, 100.0, 100.0, 100.0]
============================================================

============================================================
TRAINING HYPERPARAMETERS
============================================================
Benchmark source: QS
Precision:        Float32
Batch size:       5000
Num intervals:    100
T horizon:        0.05
Num iterations:   40000
Learning rates:   [0.001, 0.0002, 0.0001, 1.0e-5, 1.0e-6]
LR steps:         [1, 5000, 10000, 20000, 30000]
Beta penalty:     [1.0, 10.0, 100.0, 1000.0, 10000.0, 1.0e6]
Penalty steps:    [1, 2500, 5000, 7500, 10000, 20000]
Lambda rate:      16.524998940105988
S guess:          [[10.0, 10.0, 10.0, 10.0, 10.0, 10.0, 10.0, 10.0, 10.0, 10.0, 10.0, 10.0, 10.0, 10.0, 10.0, 6.0, 6.0, 6.0, 6.0, 6.0, 6.0, 6.0, 6.0, 6.0, 6.0, 6.0, 6.0, 6.0, 6.0, 6.0, 4.0, 4.0, 4.0, 4.0, 4.0, 4.0, 4.0, 4.0, 4.0, 4.0, 4.0, 4.0, 4.0, 4.0, 4.0, 4.0, 4.0, 4.0, 4.0, 4.0]]
Nu radius:        0.2
S distribution:   lognormal
Alpha factor:     0.0
Alpha js:         [0.0, 0.0, 0.0, 0.0, 0.0, 0.0, 0.0, 0.0, 0.0, 0.0, 0.0, 0.0, 0.0, 0.0, 0.0, 0.0, 0.0, 0.0, 0.0, 0.0, 0.0, 0.0, 0.0, 0.0, 0.0, 0.0, 0.0, 0.0, 0.0, 0.0, 0.0, 0.0, 0.0, 0.0, 0.0, 0.0, 0.0, 0.0, 0.0, 0.0, 0.0, 0.0, 0.0, 0.0, 0.0, 0.0, 0.0, 0.0, 0.0, 0.0]
Cost scaling:     0.01

Neural network architecture:
  Hidden layers:  4
  Width:          1000
  Activation:     elu

Optimization parameters:
  Start factor:   1.0
  Lower factor:   0.5
  Upper factor:   1.5
  Sim runs:       10
  Sim horizon:    5000
  Epsilons:       [-1.25, -2.5, -5.0, -7.5, -10.0, -12.5, -15.0, -20.0, -25.0, -30.0, -40.0, -50.0, -75.0, -100.0]
============================================================

Gradient network G (∇V):
Chain(
  Dense(50 => 1000, elu),               # 51_000 parameters
  Dense(1000 => 1000, elu),             # 1_001_000 parameters
  Dense(1000 => 1000, elu),             # 1_001_000 parameters
  Dense(1000 => 1000, elu),             # 1_001_000 parameters
  Dense(1000 => 50),                    # 50_050 parameters
)                   # Total: 10 arrays, 3_104_050 parameters, 1.562 KiB.

Value network H (V):
Chain(
  Dense(50 => 1000, elu),               # 51_000 parameters
  Dense(1000 => 1000, elu),             # 1_001_000 parameters
  Dense(1000 => 1000, elu),             # 1_001_000 parameters
  Dense(1000 => 1000, elu),             # 1_001_000 parameters
  Dense(1000 => 1),                     # 1_001 parameters
)                   # Total: 10 arrays, 3_055_001 parameters, 1.562 KiB.


============================================================
Starting neural network training...
============================================================

Starting training with steady-state sampler:
-----------------------------------------
Epoch: 1; Penalty β updated to: 1.0
-----------------------------------------
─── Device check ───
  x_tn: CuArray{Float32} (50, 100, 5000)
  dB: CuArray{Float32} (50, 100, 5000)
  dU: CuArray{Float32} (50, 100, 5000)
  exponentials: CuArray{Float32} (1, 100)
  loss_dB: CuArray{Float32} (1, 5000)
  loss_df: CuArray{Float32} (1, 5000)
  loss_dU: CuArray{Float32} (1, 5000)
  H_x0: CuArray{Float32} (1, 5000)
  H_xT: CuArray{Float32} (1, 5000)
  penalties: CuArray{Float32} (1, 5000)
────────────────────
Epoch: 1; Computation time: 94.864644507; Current value of V(0): 0.0
Lagrangian objective: 104315.945; Average H(x0): 0.0; Quantile-hedge α(β): 50.03999999999999
Simulation time per epoch: 18.76182809; Gradient computation time: 56.447806038; Testing time: 18.660075904
Epoch: 1000; Computation time: 434.72177022; Current value of V(0): 2.27400546875e6
Lagrangian objective: -39876.06; Average H(x0): 79782.32; Quantile-hedge α(β): 0.0
Simulation time per epoch: 0.073623155; Gradient computation time: 0.182284329; Testing time: 0.083418108
Epoch: 2000; Computation time: 775.247993451; Current value of V(0): 3.2153447265625e6
Lagrangian objective: -40198.406; Average H(x0): 80339.98; Quantile-hedge α(β): 0.0
Simulation time per epoch: 0.073917223; Gradient computation time: 0.185326117; Testing time: 0.083158506
-----------------------------------------
Epoch: 2500; Penalty β updated to: 10.0
-----------------------------------------
Epoch: 3000; Computation time: 1115.906306173; Current value of V(0): 83699.62768554688
Lagrangian objective: -4715.529; Average H(x0): 8914.142; Quantile-hedge α(β): 0.0
Simulation time per epoch: 0.073750244; Gradient computation time: 0.182213168; Testing time: 0.083343478
Epoch: 4000; Computation time: 1456.791413747; Current value of V(0): 73760.82763671875
Lagrangian objective: -4554.0825; Average H(x0): 8715.8125; Quantile-hedge α(β): 0.0
Simulation time per epoch: 0.07373856; Gradient computation time: 0.182334151; Testing time: 0.08331833
-----------------------------------------
Epoch: 5000; Penalty β updated to: 100.0
-----------------------------------------
Epoch: 5000; Computation time: 1797.733929337; Current value of V(0): 81469.39697265625
Lagrangian objective: 34801.293; Average H(x0): 8656.533; Quantile-hedge α(β): 0.21999999999999797
Simulation time per epoch: 0.073597205; Gradient computation time: 0.183335546; Testing time: 0.083158798
Epoch: 6000; Computation time: 2138.4279594; Current value of V(0): -300751.513671875
Lagrangian objective: -1059.7604; Average H(x0): 1516.5435; Quantile-hedge α(β): 2.6800000000000046
Simulation time per epoch: 0.073728698; Gradient computation time: 0.18252637; Testing time: 0.08336921
Epoch: 7000; Computation time: 2478.624444452; Current value of V(0): -304744.1162109375
Lagrangian objective: -928.8013; Average H(x0): 1515.6766; Quantile-hedge α(β): 7.16
Simulation time per epoch: 0.073634297; Gradient computation time: 0.181782822; Testing time: 0.083158388
-----------------------------------------
Epoch: 7500; Penalty β updated to: 1000.0
-----------------------------------------
Epoch: 8000; Computation time: 2818.471821017; Current value of V(0): -426043.65234375
Lagrangian objective: 3104.2522; Average H(x0): -3050.327; Quantile-hedge α(β): 99.32
Simulation time per epoch: 0.073770613; Gradient computation time: 0.182346622; Testing time: 0.083167569
Epoch: 9000; Computation time: 3158.369282274; Current value of V(0): -304977.783203125
Lagrangian objective: -50.118355; Average H(x0): 127.22955; Quantile-hedge α(β): 90.42
Simulation time per epoch: 0.073935042; Gradient computation time: 0.182088977; Testing time: 0.083319722
-----------------------------------------
Epoch: 10000; Penalty β updated to: 10000.0
-----------------------------------------
Epoch: 10000; Computation time: 3498.459039081; Current value of V(0): -275823.3642578125
Lagrangian objective: 466.9428; Average H(x0): 700.3017; Quantile-hedge α(β): 39.2
Simulation time per epoch: 0.073686155; Gradient computation time: 0.182264343; Testing time: 0.083303199
Epoch: 11000; Computation time: 3838.426981169; Current value of V(0): -333018.1884765625
Lagrangian objective: 1047.9183; Average H(x0): -1045.0464; Quantile-hedge α(β): 99.76
Simulation time per epoch: 0.073919057; Gradient computation time: 0.182657856; Testing time: 0.083116935
Epoch: 12000; Computation time: 4178.3866461; Current value of V(0): -273224.2919921875
Lagrangian objective: -269.36462; Average H(x0): 284.17487; Quantile-hedge α(β): 97.89999999999999
Simulation time per epoch: 0.073817232; Gradient computation time: 0.18357602; Testing time: 0.083161156
Epoch: 13000; Computation time: 4518.206360755; Current value of V(0): -274493.6279296875
Lagrangian objective: 310191.25; Average H(x0): 171.98485; Quantile-hedge α(β): 56.3
Simulation time per epoch: 0.074016632; Gradient computation time: 0.182081505; Testing time: 0.083248512
Epoch: 14000; Computation time: 4858.386042706; Current value of V(0): -307109.814453125
Lagrangian objective: 725.6355; Average H(x0): -716.842; Quantile-hedge α(β): 99.56
Simulation time per epoch: 0.073777216; Gradient computation time: 0.181923134; Testing time: 0.083207181
Epoch: 15000; Computation time: 5198.381281703; Current value of V(0): -263589.55078125
Lagrangian objective: -470.73114; Average H(x0): 524.3802; Quantile-hedge α(β): 83.38
Simulation time per epoch: 0.07363579; Gradient computation time: 0.18175535; Testing time: 0.083058694
Epoch: 16000; Computation time: 5538.350652505; Current value of V(0): -266724.3408203125
Lagrangian objective: -460.85226; Average H(x0): 488.7656; Quantile-hedge α(β): 90.48
Simulation time per epoch: 0.073811257; Gradient computation time: 0.187468764; Testing time: 0.083228312
Epoch: 17000; Computation time: 5878.13910309; Current value of V(0): -325457.421875
Lagrangian objective: 1696.979; Average H(x0): -1695.7074; Quantile-hedge α(β): 99.98
Simulation time per epoch: 0.073692751; Gradient computation time: 0.182919358; Testing time: 0.083150759
Epoch: 18000; Computation time: 6218.303592552; Current value of V(0): -274570.01953125
Lagrangian objective: 378.5812; Average H(x0): -377.20038; Quantile-hedge α(β): 99.66000000000001
Simulation time per epoch: 0.073733447; Gradient computation time: 0.184965518; Testing time: 0.083267897
Epoch: 19000; Computation time: 6558.326128735; Current value of V(0): -235776.8310546875
Lagrangian objective: -416.33484; Average H(x0): 524.7911; Quantile-hedge α(β): 84.89999999999999
Simulation time per epoch: 0.07374531; Gradient computation time: 0.181847236; Testing time: 0.083226195
-----------------------------------------
Epoch: 20000; Penalty β updated to: 1.0e6
-----------------------------------------
Epoch: 20000; Computation time: 6898.152081317; Current value of V(0): -235969.23828125
Lagrangian objective: 968.055; Average H(x0): 428.1824; Quantile-hedge α(β): 94.92
Simulation time per epoch: 0.073617102; Gradient computation time: 0.182312231; Testing time: 0.083223248
Epoch: 21000; Computation time: 7237.963360181; Current value of V(0): -247215.4296875
Lagrangian objective: -54.79583; Average H(x0): 58.30959; Quantile-hedge α(β): 99.98
Simulation time per epoch: 0.073975619; Gradient computation time: 0.182208571; Testing time: 0.083194368
Epoch: 22000; Computation time: 7577.791253126; Current value of V(0): -247837.4267578125
Lagrangian objective: 18.162485; Average H(x0): 37.905273; Quantile-hedge α(β): 99.9
Simulation time per epoch: 0.073718987; Gradient computation time: 0.182057002; Testing time: 0.083266925
Epoch: 23000; Computation time: 7917.599765157; Current value of V(0): -247671.8505859375
Lagrangian objective: -44.560585; Average H(x0): 44.59628; Quantile-hedge α(β): 99.98
Simulation time per epoch: 0.073672621; Gradient computation time: 0.181987045; Testing time: 0.083113312
Epoch: 24000; Computation time: 8257.37447734; Current value of V(0): -247673.583984375
Lagrangian objective: -32.072407; Average H(x0): 32.072407; Quantile-hedge α(β): 100.0
Simulation time per epoch: 0.073740789; Gradient computation time: 0.181975511; Testing time: 0.083203567
Epoch: 25000; Computation time: 8597.44806305; Current value of V(0): -250356.4453125
Lagrangian objective: 109.55005; Average H(x0): -46.20765; Quantile-hedge α(β): 99.96000000000001
Simulation time per epoch: 0.073789297; Gradient computation time: 0.182038136; Testing time: 0.083312424
Epoch: 26000; Computation time: 8937.614734641; Current value of V(0): -259145.263671875
Lagrangian objective: 294.8044; Average H(x0): -294.8044; Quantile-hedge α(β): 100.0
Simulation time per epoch: 0.073706574; Gradient computation time: 0.181950983; Testing time: 0.08303313
Epoch: 27000; Computation time: 9277.334244938; Current value of V(0): -259154.296875
Lagrangian objective: 292.84784; Average H(x0): -292.84784; Quantile-hedge α(β): 100.0
Simulation time per epoch: 0.073888409; Gradient computation time: 0.181891048; Testing time: 0.083197073
Epoch: 28000; Computation time: 9617.177801823; Current value of V(0): -261573.14453125
Lagrangian objective: 377.5312; Average H(x0): -376.4251; Quantile-hedge α(β): 99.98
Simulation time per epoch: 0.073874066; Gradient computation time: 0.182203156; Testing time: 0.083123907
Epoch: 29000; Computation time: 9956.827035056; Current value of V(0): -265111.4501953125
Lagrangian objective: 494.3643; Average H(x0): -478.21674; Quantile-hedge α(β): 99.98
Simulation time per epoch: 0.074055537; Gradient computation time: 0.18226994; Testing time: 0.083177306
Epoch: 30000; Computation time: 10296.78199556; Current value of V(0): -269472.216796875
Lagrangian objective: 594.2842; Average H(x0): -594.2842; Quantile-hedge α(β): 100.0
Simulation time per epoch: 0.073893583; Gradient computation time: 0.181573597; Testing time: 0.083262533
Epoch: 31000; Computation time: 10636.425933899; Current value of V(0): -269190.5029296875
Lagrangian objective: 583.1402; Average H(x0): -583.1402; Quantile-hedge α(β): 100.0
Simulation time per epoch: 0.07380705; Gradient computation time: 0.181762784; Testing time: 0.083196269
Epoch: 32000; Computation time: 10976.268398485; Current value of V(0): -268985.83984375
Lagrangian objective: 578.1654; Average H(x0): -578.1654; Quantile-hedge α(β): 100.0
Simulation time per epoch: 0.074161677; Gradient computation time: 0.181582808; Testing time: 0.083036142
Epoch: 33000; Computation time: 11315.719445912; Current value of V(0): -269043.2373046875
Lagrangian objective: 578.941; Average H(x0): -578.5905; Quantile-hedge α(β): 99.98
Simulation time per epoch: 0.073933522; Gradient computation time: 0.185080652; Testing time: 0.083174796
Epoch: 34000; Computation time: 11655.805245071; Current value of V(0): -268912.6953125
Lagrangian objective: 681.5074; Average H(x0): -569.2985; Quantile-hedge α(β): 99.96000000000001
Simulation time per epoch: 0.073899237; Gradient computation time: 0.181379924; Testing time: 0.083142483
Epoch: 35000; Computation time: 11995.151323554; Current value of V(0): -269624.462890625
Lagrangian objective: 613.9106; Average H(x0): -595.0165; Quantile-hedge α(β): 99.96000000000001
Simulation time per epoch: 0.074221939; Gradient computation time: 0.180161107; Testing time: 0.082774204
Epoch: 36000; Computation time: 12333.438581605; Current value of V(0): -269457.6416015625
Lagrangian objective: 584.6652; Average H(x0): -584.6652; Quantile-hedge α(β): 100.0
Simulation time per epoch: 0.074222215; Gradient computation time: 0.180469488; Testing time: 0.082776679
Epoch: 37000; Computation time: 12671.730926635; Current value of V(0): -269094.2138671875
Lagrangian objective: 563.76935; Average H(x0): -563.76935; Quantile-hedge α(β): 100.0
Simulation time per epoch: 0.074229669; Gradient computation time: 0.18062774; Testing time: 0.08273018
Epoch: 38000; Computation time: 13009.922818555; Current value of V(0): -268941.064453125
Lagrangian objective: 554.1575; Average H(x0): -554.1575; Quantile-hedge α(β): 100.0
Simulation time per epoch: 0.074183455; Gradient computation time: 0.181172125; Testing time: 0.082785692
Epoch: 39000; Computation time: 13348.226441081; Current value of V(0): -268766.3818359375
Lagrangian objective: 567.6467; Average H(x0): -542.6182; Quantile-hedge α(β): 99.96000000000001
Simulation time per epoch: 0.074189515; Gradient computation time: 0.180572919; Testing time: 0.08277765
Epoch: 40000; Computation time: 13686.41063613; Current value of V(0): -268531.201171875
Lagrangian objective: 531.7261; Average H(x0): -531.7261; Quantile-hedge α(β): 100.0
Simulation time per epoch: 0.07400109; Gradient computation time: 0.180760475; Testing time: 0.082805937

Training completed in 13686.410715503 seconds
Final V(0): -268531.0546875

============================================================
Running policy evaluation...
============================================================


============================================================
INVENTORY PROBLEM (unscaled, weekly)
============================================================
Dimension:       50
Discount factor: 0.9990389236684376
Fixed cost:      50.0
Variable costs:  [0.1, 0.1, 0.1, 0.1, 0.1, 0.1, 0.1, 0.1, 0.1, 0.1, 0.1, 0.1, 0.1, 0.1, 0.1, 0.2, 0.2, 0.2, 0.2, 0.2, 0.2, 0.2, 0.2, 0.2, 0.2, 0.2, 0.2, 0.2, 0.2, 0.2, 0.4, 0.4, 0.4, 0.4, 0.4, 0.4, 0.4, 0.4, 0.4, 0.4, 0.4, 0.4, 0.4, 0.4, 0.4, 0.4, 0.4, 0.4, 0.4, 0.4]
Holding costs:   [0.019230769230769232, 0.019230769230769232, 0.019230769230769232, 0.019230769230769232, 0.019230769230769232, 0.019230769230769232, 0.019230769230769232, 0.019230769230769232, 0.019230769230769232, 0.019230769230769232, 0.019230769230769232, 0.019230769230769232, 0.019230769230769232, 0.019230769230769232, 0.019230769230769232, 0.038461538461538464, 0.038461538461538464, 0.038461538461538464, 0.038461538461538464, 0.038461538461538464, 0.038461538461538464, 0.038461538461538464, 0.038461538461538464, 0.038461538461538464, 0.038461538461538464, 0.038461538461538464, 0.038461538461538464, 0.038461538461538464, 0.038461538461538464, 0.038461538461538464, 0.07692307692307693, 0.07692307692307693, 0.07692307692307693, 0.07692307692307693, 0.07692307692307693, 0.07692307692307693, 0.07692307692307693, 0.07692307692307693, 0.07692307692307693, 0.07692307692307693, 0.07692307692307693, 0.07692307692307693, 0.07692307692307693, 0.07692307692307693, 0.07692307692307693, 0.07692307692307693, 0.07692307692307693, 0.07692307692307693, 0.07692307692307693, 0.07692307692307693]
Backlog costs:   [0.4807692307692308, 0.4807692307692308, 0.4807692307692308, 0.4807692307692308, 0.4807692307692308, 0.4807692307692308, 0.4807692307692308, 0.4807692307692308, 0.4807692307692308, 0.4807692307692308, 0.4807692307692308, 0.4807692307692308, 0.4807692307692308, 0.4807692307692308, 0.4807692307692308, 0.9615384615384616, 0.9615384615384616, 0.9615384615384616, 0.9615384615384616, 0.9615384615384616, 0.9615384615384616, 0.9615384615384616, 0.9615384615384616, 0.9615384615384616, 0.9615384615384616, 0.9615384615384616, 0.9615384615384616, 0.9615384615384616, 0.9615384615384616, 0.9615384615384616, 1.9230769230769231, 1.9230769230769231, 1.9230769230769231, 1.9230769230769231, 1.9230769230769231, 1.9230769230769231, 1.9230769230769231, 1.9230769230769231, 1.9230769230769231, 1.9230769230769231, 1.9230769230769231, 1.9230769230769231, 1.9230769230769231, 1.9230769230769231, 1.9230769230769231, 1.9230769230769231, 1.9230769230769231, 1.9230769230769231, 1.9230769230769231, 1.9230769230769231]
Demand dists:    DataType[Distributions.NegativeBinomial{Float64}, Distributions.NegativeBinomial{Float64}, Distributions.NegativeBinomial{Float64}, Distributions.NegativeBinomial{Float64}, Distributions.NegativeBinomial{Float64}, Distributions.NegativeBinomial{Float64}, Distributions.NegativeBinomial{Float64}, Distributions.NegativeBinomial{Float64}, Distributions.NegativeBinomial{Float64}, Distributions.NegativeBinomial{Float64}, Distributions.NegativeBinomial{Float64}, Distributions.NegativeBinomial{Float64}, Distributions.NegativeBinomial{Float64}, Distributions.NegativeBinomial{Float64}, Distributions.NegativeBinomial{Float64}, Distributions.NegativeBinomial{Float64}, Distributions.NegativeBinomial{Float64}, Distributions.NegativeBinomial{Float64}, Distributions.NegativeBinomial{Float64}, Distributions.NegativeBinomial{Float64}, Distributions.NegativeBinomial{Float64}, Distributions.NegativeBinomial{Float64}, Distributions.NegativeBinomial{Float64}, Distributions.NegativeBinomial{Float64}, Distributions.NegativeBinomial{Float64}, Distributions.NegativeBinomial{Float64}, Distributions.NegativeBinomial{Float64}, Distributions.NegativeBinomial{Float64}, Distributions.NegativeBinomial{Float64}, Distributions.NegativeBinomial{Float64}, Distributions.NegativeBinomial{Float64}, Distributions.NegativeBinomial{Float64}, Distributions.NegativeBinomial{Float64}, Distributions.NegativeBinomial{Float64}, Distributions.NegativeBinomial{Float64}, Distributions.NegativeBinomial{Float64}, Distributions.NegativeBinomial{Float64}, Distributions.NegativeBinomial{Float64}, Distributions.NegativeBinomial{Float64}, Distributions.NegativeBinomial{Float64}, Distributions.NegativeBinomial{Float64}, Distributions.NegativeBinomial{Float64}, Distributions.NegativeBinomial{Float64}, Distributions.NegativeBinomial{Float64}, Distributions.NegativeBinomial{Float64}, Distributions.NegativeBinomial{Float64}, Distributions.NegativeBinomial{Float64}, Distributions.NegativeBinomial{Float64}, Distributions.NegativeBinomial{Float64}, Distributions.NegativeBinomial{Float64}]
Demand means:    [0.9615384615384615, 0.9615384615384615, 0.9615384615384615, 0.9615384615384615, 0.9615384615384615, 0.9615384615384615, 0.9615384615384615, 0.9615384615384615, 0.9615384615384615, 0.9615384615384615, 0.9615384615384615, 0.9615384615384615, 0.9615384615384615, 0.9615384615384615, 0.9615384615384615, 0.4807692307692307, 0.4807692307692307, 0.4807692307692307, 0.4807692307692307, 0.4807692307692307, 0.4807692307692307, 0.4807692307692307, 0.4807692307692307, 0.4807692307692307, 0.4807692307692307, 0.4807692307692307, 0.4807692307692307, 0.4807692307692307, 0.4807692307692307, 0.4807692307692307, 0.2403846153846154, 0.2403846153846154, 0.2403846153846154, 0.2403846153846154, 0.2403846153846154, 0.2403846153846154, 0.2403846153846154, 0.2403846153846154, 0.2403846153846154, 0.2403846153846154, 0.2403846153846154, 0.2403846153846154, 0.2403846153846154, 0.2403846153846154, 0.2403846153846154, 0.2403846153846154, 0.2403846153846154, 0.2403846153846154, 0.2403846153846154, 0.2403846153846154]
============================================================

==================================================
Computing order-up-to vector via :solve_inf
==================================================

Method: solve_inf
Final objective: -2199.800369623149
z*: [5.0, 5.0, 5.0, 5.0, 5.0, 5.0, 5.0, 6.645124517210491, 5.0, 6.935311573951772, 6.575390817207543, 5.0, 5.0, 7.042909317608978, 5.0, 3.0, 3.0, 3.0, 3.0, 3.0, 3.0, 3.0, 3.0, 3.0, 3.0, 3.0, 3.0, 3.0, 3.0, 3.0, 2.0, 2.0, 2.0, 2.0, 2.0, 2.0, 2.0, 2.0, 2.0, 2.0, 2.0, 2.0, 2.0, 2.0, 2.0, 2.0, 2.0, 2.0, 2.0, 2.0]
Intervention value: -486.010421392476

==================================================
Computing order-up-to vector via :find_stationary
==================================================

Method: find_stationary
Final residual: 0.11290603390501927
z*: [14.587713789944326, 8.146161686807444, 14.998956021766112, 5.0, 15.0, 14.975917511377679, 5.710111193482181, 15.0, 15.0, 5.0, 5.042927815699065, 15.0, 15.0, 14.721468329837323, 14.876560816778163, 3.1227965340117496, 3.9171381363948523, 7.055515416013247, 8.83736465365958, 9.0, 8.378150246639885, 9.0, 9.0, 3.0, 4.454505592175269, 9.0, 3.0, 8.283177756649112, 9.0, 8.497980919485322, 2.331170052510124, 5.894179182831805, 5.644644245649858, 5.8951229469339825, 5.911309402924688, 6.0, 6.0, 2.2331784816125193, 5.712781982389339, 6.0, 6.0, 2.7151378938920208, 5.926769664707739, 5.987928451171613, 5.652903638456107, 2.0043858248563775, 5.971895229095256, 3.869445886350463, 2.0, 5.92120806439978]
Intervention value: -2148.4374013780607

==================================================
Summary:
  solve_inf:       z* = [5, 5, 5, 5, 5, 5, 5, 7, 5, 7, 7, 5, 5, 7, 5, 3, 3, 3, 3, 3, 3, 3, 3, 3, 3, 3, 3, 3, 3, 3, 2, 2, 2, 2, 2, 2, 2, 2, 2, 2, 2, 2, 2, 2, 2, 2, 2, 2, 2, 2]
  find_stationary: z* = [15, 8, 15, 5, 15, 15, 6, 15, 15, 5, 5, 15, 15, 15, 15, 3, 4, 7, 9, 9, 8, 9, 9, 3, 4, 9, 3, 8, 9, 8, 2, 6, 6, 6, 6, 6, 6, 2, 6, 6, 6, 3, 6, 6, 6, 2, 6, 4, 2, 6]
==================================================

============================================================
Evaluating method: solve_inf
============================================================

----------------------------------------
Evaluating ε = -1.25
----------------------------------------
Mean cost: 73414.85055091849 ± 214.8620930240393
  Inventory costs: 24703.622587406026
  Variable costs:  4988.833454880283
  Fixed costs:     43722.3945086324
  Simulation time: 439.0s

----------------------------------------
Evaluating ε = -2.5
----------------------------------------
Mean cost: 73193.35289707835 ± 124.04285339952541
  Inventory costs: 24615.091825134594
  Variable costs:  4990.609427039892
  Fixed costs:     43587.65164490399
  Simulation time: 440.2s

----------------------------------------
Evaluating ε = -5.0
----------------------------------------
Mean cost: 73098.99244969609 ± 269.31284281762277
  Inventory costs: 24502.715741472486
  Variable costs:  4926.444647261274
  Fixed costs:     43669.83206096225
  Simulation time: 444.6s

----------------------------------------
Evaluating ε = -7.5
----------------------------------------
Mean cost: 73100.9973873273 ± 325.1071951249122
  Inventory costs: 24815.24288146781
  Variable costs:  4998.95360321818
  Fixed costs:     43286.80090264124
  Simulation time: 435.4s

----------------------------------------
Evaluating ε = -10.0
----------------------------------------
Mean cost: 73435.98089740677 ± 188.22838651320782
  Inventory costs: 24789.816899130925
  Variable costs:  4993.4980050402955
  Fixed costs:     43652.6659932355
  Simulation time: 441.5s

----------------------------------------
Evaluating ε = -12.5
----------------------------------------
Mean cost: 73031.3857458567 ± 259.3985573231547
  Inventory costs: 24962.196649459762
  Variable costs:  5004.378807686325
  Fixed costs:     43064.81028871065
  Simulation time: 440.8s

----------------------------------------
Evaluating ε = -15.0
----------------------------------------
Mean cost: 73520.5214794855 ± 277.06618167869334
  Inventory costs: 24902.84793167174
  Variable costs:  5009.299737374327
  Fixed costs:     43608.37381043965
  Simulation time: 443.1s

----------------------------------------
Evaluating ε = -20.0
----------------------------------------
Mean cost: 72932.71775667448 ± 283.30969825665846
  Inventory costs: 24763.5558277412
  Variable costs:  4974.278814233183
  Fixed costs:     43194.8831147002
  Simulation time: 435.0s

----------------------------------------
Evaluating ε = -25.0
----------------------------------------
Mean cost: 73167.66008802122 ± 182.75000290574934
  Inventory costs: 24883.909050562826
  Variable costs:  4986.222291577346
  Fixed costs:     43297.528745881194
  Simulation time: 438.5s

----------------------------------------
Evaluating ε = -30.0
----------------------------------------
Mean cost: 73089.75550667991 ± 224.07391466551903
  Inventory costs: 25090.83567334817
  Variable costs:  4991.017757901702
  Fixed costs:     43007.90207543028
  Simulation time: 439.5s

----------------------------------------
Evaluating ε = -40.0
----------------------------------------
Mean cost: 73400.18020765713 ± 255.41200279171804
  Inventory costs: 25354.785162795935
  Variable costs:  5048.687441990751
  Fixed costs:     42996.70760287049
  Simulation time: 440.9s

----------------------------------------
Evaluating ε = -50.0
----------------------------------------
Mean cost: 72490.80390149 ± 196.2440973034702
  Inventory costs: 26102.82534034251
  Variable costs:  4949.887434399877
  Fixed costs:     41438.09112674778
  Simulation time: 437.8s

----------------------------------------
Evaluating ε = -75.0
----------------------------------------
Mean cost: 77274.08632781524 ± 206.76229277153988
  Inventory costs: 39958.00288515526
  Variable costs:  5068.6654249426765
  Fixed costs:     32247.41801771729
  Simulation time: 438.4s

----------------------------------------
Evaluating ε = -100.0
----------------------------------------
Mean cost: 89734.86304530676 ± 683.7389920924635
  Inventory costs: 64622.812661894226
  Variable costs:  4976.197290878052
  Fixed costs:     20135.85309253446
  Simulation time: 438.4s

==================================================
Best epsilon: -50.0 with cost: 72490.80390149 ± 196.2440973034702
==================================================

============================================================
Evaluating method: find_stationary
============================================================

----------------------------------------
Evaluating ε = -1.25
----------------------------------------
Mean cost: 80511.96031894445 ± 216.5030952624587
  Inventory costs: 26749.459701285214
  Variable costs:  5033.154022140178
  Fixed costs:     48729.34659551938
  Simulation time: 435.8s

----------------------------------------
Evaluating ε = -2.5
----------------------------------------
Mean cost: 80477.71159330376 ± 246.92303379433883
  Inventory costs: 26835.085560906387
  Variable costs:  5075.362524762258
  Fixed costs:     48567.26350763524
  Simulation time: 435.8s

----------------------------------------
Evaluating ε = -5.0
----------------------------------------
Mean cost: 80597.06204354385 ± 154.77807216297032
  Inventory costs: 26816.72415749692
  Variable costs:  5058.937302982525
  Fixed costs:     48721.400583064584
  Simulation time: 435.4s

----------------------------------------
Evaluating ε = -7.5
----------------------------------------
Mean cost: 79934.90298116396 ± 181.25325683292525
  Inventory costs: 26722.21615799112
  Variable costs:  5004.122089344936
  Fixed costs:     48208.56473382813
  Simulation time: 441.4s

----------------------------------------
Evaluating ε = -10.0
----------------------------------------
Mean cost: 80062.66035236468 ± 242.82448926169153
  Inventory costs: 26771.841922200354
  Variable costs:  5025.347267925153
  Fixed costs:     48265.471162239395
  Simulation time: 433.1s

----------------------------------------
Evaluating ε = -12.5
----------------------------------------
Mean cost: 80094.74372130874 ± 180.17386155562886
  Inventory costs: 26979.487545026885
  Variable costs:  5073.88385586265
  Fixed costs:     48041.372320419316
  Simulation time: 444.6s

----------------------------------------
Evaluating ε = -15.0
----------------------------------------
Mean cost: 79503.95125622881 ± 174.405196815583
  Inventory costs: 26569.267620351544
  Variable costs:  4963.102343467328
  Fixed costs:     47971.581292409915
  Simulation time: 474.6s

----------------------------------------
Evaluating ε = -20.0
----------------------------------------
Mean cost: 78866.00679638615 ± 147.4580039019299
  Inventory costs: 26853.72252499321
  Variable costs:  5043.994937444196
  Fixed costs:     46968.28933394885
  Simulation time: 477.3s

----------------------------------------
Evaluating ε = -25.0
----------------------------------------
Mean cost: 75939.51766618589 ± 327.2656222501856
  Inventory costs: 26689.751695460687
  Variable costs:  4961.463908334826
  Fixed costs:     44288.30206239045
  Simulation time: 476.5s

----------------------------------------
Evaluating ε = -30.0
----------------------------------------
Mean cost: 59781.936783441764 ± 344.1047330540205
  Inventory costs: 27159.308933385037
  Variable costs:  5044.79994566129
  Fixed costs:     27577.82790439543
  Simulation time: 491.6s

----------------------------------------
Evaluating ε = -40.0
----------------------------------------
Mean cost: 51965.246875323544 ± 207.91651187131498
  Inventory costs: 31778.35691792553
  Variable costs:  4993.445936079903
  Fixed costs:     15193.44402131807
  Simulation time: 517.9s

----------------------------------------
Evaluating ε = -50.0
----------------------------------------
Mean cost: 55209.04507582617 ± 234.92135718594577
  Inventory costs: 39754.69818200327
  Variable costs:  5007.839956494432
  Fixed costs:     10446.506937328506
  Simulation time: 546.5s

----------------------------------------
Evaluating ε = -75.0
----------------------------------------
Mean cost: 72668.69409249045 ± 431.2489547651614
  Inventory costs: 61515.54065316153
  Variable costs:  5076.9090364591675
  Fixed costs:     6076.244402869909
  Simulation time: 615.3s

----------------------------------------
Evaluating ε = -100.0
----------------------------------------
Mean cost: 93837.92592606286 ± 378.3928225801842
  Inventory costs: 84533.10296440063
  Variable costs:  5004.5130639748
  Fixed costs:     4300.309897687423
  Simulation time: 613.2s

==================================================
Best epsilon: -40.0 with cost: 51965.246875323544 ± 207.91651187131498
==================================================
Skipping save for solve_inf: existing cost 54045.510953895864 <= new cost 72490.80390149
Skipping save for find_stationary: existing cost 51644.315428969276 <= new cost 51965.246875323544

============================================================
FINAL RESULTS SUMMARY
============================================================

Method: solve_inf
  Order-up-to vector: [5, 5, 5, 5, 5, 5, 5, 7, 5, 7, 7, 5, 5, 7, 5, 3, 3, 3, 3, 3, 3, 3, 3, 3, 3, 3, 3, 3, 3, 3, 2, 2, 2, 2, 2, 2, 2, 2, 2, 2, 2, 2, 2, 2, 2, 2, 2, 2, 2, 2]
  Best epsilon: -50.0
  Best cost: 72490.80390149 ± 196.2440973034702

Method: find_stationary
  Order-up-to vector: [15, 8, 15, 5, 15, 15, 6, 15, 15, 5, 5, 15, 15, 15, 15, 3, 4, 7, 9, 9, 8, 9, 9, 3, 4, 9, 3, 8, 9, 8, 2, 6, 6, 6, 6, 6, 6, 2, 6, 6, 6, 3, 6, 6, 6, 2, 6, 4, 2, 6]
  Best epsilon: -40.0
  Best cost: 51965.246875323544 ± 207.91651187131498

============================================================
Complete! Per-method results saved to:
  output/nn_training/results_50D_CaseHL_solve_inf.json
  output/nn_training/results_50D_CaseHL_find_stationary.json
============================================================

  Activating project at `~/DeepSJRP`
[ Info:  started timer at: 2026-04-27T23:26:50.703
┌ Warning: Layer with Float32 parameters got Float64 input.
│   The input will be converted, but any earlier layers may be very slow.
│   layer = Dense(50 => 1000, elu)  # 51_000 parameters
│   summary(x) = "50-element Vector{Float64}"
└ @ Flux ~/.julia/packages/Flux/DZYiO/src/layers/stateless.jl:60
RUNNING THE L-BFGS-B CODE

           * * *

Machine precision = 2.220D-16
 N =           50     M =           10

At X0         0 variables are exactly at the bounds

At iterate    0    f= -9.07508D+02    |proj g|=  4.75866D+00

At iterate    1    f= -2.10064D+03    |proj g|=  6.18285D+00

At iterate    2    f= -2.17555D+03    |proj g|=  3.23398D+00

At iterate    3    f= -2.19400D+03    |proj g|=  1.72648D+00

At iterate    4    f= -2.19946D+03    |proj g|=  6.50207D-01

At iterate    5    f= -2.19964D+03    |proj g|=  4.56215D-01

At iterate    6    f= -2.19978D+03    |proj g|=  1.11829D-01

At iterate    7    f= -2.19979D+03    |proj g|=  6.32006D-02

At iterate    8    f= -2.19980D+03    |proj g|=  2.79780D-02

At iterate    9    f= -2.19980D+03    |proj g|=  1.09476D-02

At iterate   10    f= -2.19980D+03    |proj g|=  8.50899D-03

           * * *

Tit   = total number of iterations
Tnf   = total number of function evaluations
Tnint = total number of segments explored during Cauchy searches
Skip  = number of BFGS updates skipped
Nact  = number of active bounds at final generalized Cauchy point
Projg = norm of the final projected gradient
F     = final function value

           * * *

   N    Tit     Tnf  Tnint  Skip  Nact     Projg        F
   50     10     11     52     0    46   8.509D-03  -2.200D+03
  F =  -2199.8003696231490     

CONVERGENCE: NORM_OF_PROJECTED_GRADIENT_<=_PGTOL            

 Cauchy                time 0.000E+00 seconds.
 Subspace minimization time 0.000E+00 seconds.
 Line search           time 1.172E-02 seconds.

 Total User time 2.055E+00 seconds.

RUNNING THE L-BFGS-B CODE

           * * *

Machine precision = 2.220D-16
 N =           50     M =           10

At X0         0 variables are exactly at the bounds

At iterate    0    f=  5.02708D+01    |proj g|=  5.00000D+00

At iterate    1    f=  4.41607D+00    |proj g|=  3.87378D-01

At iterate    2    f=  3.72675D+00    |proj g|=  3.68290D-01

At iterate    3    f=  2.09415D+00    |proj g|=  3.15812D-01

At iterate    4    f=  7.36388D-01    |proj g|=  1.25903D-01

At iterate    5    f=  4.75852D-01    |proj g|=  9.67194D-02

At iterate    6    f=  2.29855D-01    |proj g|=  7.04025D-02

At iterate    7    f=  4.30620D-02    |proj g|=  1.61787D-02

At iterate    8    f=  3.81810D-02    |proj g|=  1.37286D-02

At iterate    9    f=  2.61361D-02    |proj g|=  7.56941D-03

At iterate   10    f=  2.11380D-02    |proj g|=  4.87225D-03

At iterate   11    f=  1.93559D-02    |proj g|=  3.89901D-03

At iterate   12    f=  1.72671D-02    |proj g|=  1.83197D-03

At iterate   13    f=  1.59042D-02    |proj g|=  1.37045D-03

At iterate   14    f=  1.53864D-02    |proj g|=  1.17730D-03

At iterate   15    f=  1.42612D-02    |proj g|=  7.48930D-04

At iterate   16    f=  1.39696D-02    |proj g|=  6.31292D-04

At iterate   17    f=  1.31831D-02    |proj g|=  1.51967D-04

At iterate   18    f=  1.30823D-02    |proj g|=  1.26249D-04

At iterate   19    f=  1.28117D-02    |proj g|=  2.31240D-05

At iterate   20    f=  1.27957D-02    |proj g|=  1.46171D-05

At iterate   21    f=  1.27881D-02    |proj g|=  1.18566D-05

At iterate   22    f=  1.27857D-02    |proj g|=  1.25609D-05

At iterate   23    f=  1.27772D-02    |proj g|=  1.29999D-05

At iterate   24    f=  1.27478D-02    |proj g|=  3.35935D-06

           * * *

Tit   = total number of iterations
Tnf   = total number of function evaluations
Tnint = total number of segments explored during Cauchy searches
Skip  = number of BFGS updates skipped
Nact  = number of active bounds at final generalized Cauchy point
Projg = norm of the final projected gradient
F     = final function value

           * * *

   N    Tit     Tnf  Tnint  Skip  Nact     Projg        F
   50     24     27     62     0     5   3.359D-06   1.275D-02
  F =   1.2747772492161361E-002

CONVERGENCE: NORM_OF_PROJECTED_GRADIENT_<=_PGTOL            

 Cauchy                time 0.000E+00 seconds.
 Subspace minimization time 0.000E+00 seconds.
 Line search           time 2.734E-02 seconds.

 Total User time 2.744E-01 seconds.

