
============================================================
DeepSJRP - Stochastic Joint Replenishment Problem Solver
============================================================
Instance: 50D_CaseML
Options: Dict{Symbol, Any}(:beta_override => 1.0e6, :alpha_override => nothing, :device => :gpu, :nu_override => 0.8, :T_override => 0.2, :seed => 777)
============================================================

Device: CUDA GPU
CUDA toolchain: 
- runtime 12.8, local installation
- driver 580.126.16 for 13.2
- compiler 12.9

CUDA libraries: 
- CUBLAS: 12.8.4
- CURAND: 10.3.9
- CUFFT: 11.3.3
- CUSOLVER: 11.7.3
- CUSPARSE: 12.5.8
- CUPTI: 2025.1.1 (API 12.8.0)
- NVML: 13.0.0+580.126.16

Julia packages: 
- CUDA: 5.11.0
- GPUArrays: 11.4.1
- GPUCompiler: 1.9.1
- KernelAbstractions: 0.9.41
- CUDA_Driver_jll: 13.2.0+0
- CUDA_Compiler_jll: 0.4.2+0
- CUDA_Runtime_jll: 0.21.0+0
- CUDA_Runtime_Discovery: 1.0.0

Toolchain:
- Julia: 1.11.7
- LLVM: 16.0.6

Preferences:
- CUDA_Runtime_jll.version: local

1 device:
  0: NVIDIA H100 80GB HBM3 (sm_90, 79.175 GiB / 79.647 GiB available)
BLAS threads: 1
Julia threads: 10

Benchmark source: QS

============================================================
IMPULSE CONTROL PROBLEM (scaled, annual)
============================================================
Instance: 50D_CaseML
Dimension: 50
Interest rate: 0.05
Cost scaling κ: 0.01

Drift μ (annual demand rates): [50.0, 50.0, 50.0, 50.0, 50.0, 50.0, 50.0, 50.0, 50.0, 50.0, 50.0, 50.0, 50.0, 50.0, 50.0, 25.0, 25.0, 25.0, 25.0, 25.0, 25.0, 25.0, 25.0, 25.0, 25.0, 25.0, 25.0, 25.0, 25.0, 25.0, 12.5, 12.5, 12.5, 12.5, 12.5, 12.5, 12.5, 12.5, 12.5, 12.5, 12.5, 12.5, 12.5, 12.5, 12.5, 12.5, 12.5, 12.5, 12.5, 12.5]
Covariance Σ diagonal: [625.0, 625.0, 625.0, 625.0, 625.0, 625.0, 625.0, 625.0, 625.0, 625.0, 625.0, 625.0, 625.0, 625.0, 625.0, 156.25, 156.25, 156.25, 156.25, 156.25, 156.25, 156.25, 156.25, 156.25, 156.25, 156.25, 156.25, 156.25, 156.25, 156.25, 39.0625, 39.0625, 39.0625, 39.0625, 39.0625, 39.0625, 39.0625, 39.0625, 39.0625, 39.0625, 39.0625, 39.0625, 39.0625, 39.0625, 39.0625, 39.0625, 39.0625, 39.0625, 39.0625, 39.0625]

Scaled costs (× κ = 0.01):
  Fixed cost K:    0.5
  Variable costs c: [0.001, 0.001, 0.001, 0.001, 0.001, 0.001, 0.001, 0.001, 0.001, 0.001, 0.001, 0.001, 0.001, 0.001, 0.001, 0.002, 0.002, 0.002, 0.002, 0.002, 0.002, 0.002, 0.002, 0.002, 0.002, 0.002, 0.002, 0.002, 0.002, 0.002, 0.004, 0.004, 0.004, 0.004, 0.004, 0.004, 0.004, 0.004, 0.004, 0.004, 0.004, 0.004, 0.004, 0.004, 0.004, 0.004, 0.004, 0.004, 0.004, 0.004]
  Holding costs h:  [0.01, 0.01, 0.01, 0.01, 0.01, 0.01, 0.01, 0.01, 0.01, 0.01, 0.01, 0.01, 0.01, 0.01, 0.01, 0.02, 0.02, 0.02, 0.02, 0.02, 0.02, 0.02, 0.02, 0.02, 0.02, 0.02, 0.02, 0.02, 0.02, 0.02, 0.04, 0.04, 0.04, 0.04, 0.04, 0.04, 0.04, 0.04, 0.04, 0.04, 0.04, 0.04, 0.04, 0.04, 0.04, 0.04, 0.04, 0.04, 0.04, 0.04]
  Penalty costs p:  [0.25, 0.25, 0.25, 0.25, 0.25, 0.25, 0.25, 0.25, 0.25, 0.25, 0.25, 0.25, 0.25, 0.25, 0.25, 0.5, 0.5, 0.5, 0.5, 0.5, 0.5, 0.5, 0.5, 0.5, 0.5, 0.5, 0.5, 0.5, 0.5, 0.5, 1.0, 1.0, 1.0, 1.0, 1.0, 1.0, 1.0, 1.0, 1.0, 1.0, 1.0, 1.0, 1.0, 1.0, 1.0, 1.0, 1.0, 1.0, 1.0, 1.0]

Original costs (unscaled):
  Fixed cost K:    50.0
  Variable costs c: [0.1, 0.1, 0.1, 0.1, 0.1, 0.1, 0.1, 0.1, 0.1, 0.1, 0.1, 0.1, 0.1, 0.1, 0.1, 0.2, 0.2, 0.2, 0.2, 0.2, 0.2, 0.2, 0.2, 0.2, 0.2, 0.2, 0.2, 0.2, 0.2, 0.2, 0.4, 0.4, 0.4, 0.4, 0.4, 0.4, 0.4, 0.4, 0.4, 0.4, 0.4, 0.4, 0.4, 0.4, 0.4, 0.4, 0.4, 0.4, 0.4, 0.4]
  Holding costs h:  [1.0, 1.0, 1.0, 1.0, 1.0, 1.0, 1.0, 1.0, 1.0, 1.0, 1.0, 1.0, 1.0, 1.0, 1.0, 2.0, 2.0, 2.0, 2.0, 2.0, 2.0, 2.0, 2.0, 2.0, 2.0, 2.0, 2.0, 2.0, 2.0, 2.0, 4.0, 4.0, 4.0, 4.0, 4.0, 4.0, 4.0, 4.0, 4.0, 4.0, 4.0, 4.0, 4.0, 4.0, 4.0, 4.0, 4.0, 4.0, 4.0, 4.0]
  Penalty costs p:  [25.0, 25.0, 25.0, 25.0, 25.0, 25.0, 25.0, 25.0, 25.0, 25.0, 25.0, 25.0, 25.0, 25.0, 25.0, 50.0, 50.0, 50.0, 50.0, 50.0, 50.0, 50.0, 50.0, 50.0, 50.0, 50.0, 50.0, 50.0, 50.0, 50.0, 100.0, 100.0, 100.0, 100.0, 100.0, 100.0, 100.0, 100.0, 100.0, 100.0, 100.0, 100.0, 100.0, 100.0, 100.0, 100.0, 100.0, 100.0, 100.0, 100.0]
============================================================

============================================================
TRAINING HYPERPARAMETERS
============================================================
Benchmark source: QS
Precision:        Float32
Batch size:       5000
Num intervals:    100
T horizon:        0.2
Num iterations:   40000
Learning rates:   [0.001, 0.0002, 0.0001, 1.0e-5, 1.0e-6]
LR steps:         [1, 5000, 10000, 20000, 30000]
Beta penalty:     [1.0, 10.0, 100.0, 1000.0, 10000.0, 1.0e6]
Penalty steps:    [1, 2500, 5000, 7500, 10000, 20000]
Lambda rate:      8.914510628937105
S guess:          [[17.0, 17.0, 17.0, 17.0, 17.0, 17.0, 17.0, 17.0, 17.0, 17.0, 17.0, 17.0, 17.0, 17.0, 17.0, 9.0, 9.0, 9.0, 9.0, 9.0, 9.0, 9.0, 9.0, 9.0, 9.0, 9.0, 9.0, 9.0, 9.0, 9.0, 5.0, 5.0, 5.0, 5.0, 5.0, 5.0, 5.0, 5.0, 5.0, 5.0, 5.0, 5.0, 5.0, 5.0, 5.0, 5.0, 5.0, 5.0, 5.0, 5.0]]
Nu radius:        0.8
S distribution:   lognormal
Alpha factor:     0.0
Alpha js:         [0.0, 0.0, 0.0, 0.0, 0.0, 0.0, 0.0, 0.0, 0.0, 0.0, 0.0, 0.0, 0.0, 0.0, 0.0, 0.0, 0.0, 0.0, 0.0, 0.0, 0.0, 0.0, 0.0, 0.0, 0.0, 0.0, 0.0, 0.0, 0.0, 0.0, 0.0, 0.0, 0.0, 0.0, 0.0, 0.0, 0.0, 0.0, 0.0, 0.0, 0.0, 0.0, 0.0, 0.0, 0.0, 0.0, 0.0, 0.0, 0.0, 0.0]
Cost scaling:     0.01

Neural network architecture:
  Hidden layers:  4
  Width:          1000
  Activation:     elu

Optimization parameters:
  Start factor:   1.0
  Lower factor:   0.5
  Upper factor:   1.5
  Sim runs:       10
  Sim horizon:    5000
  Epsilons:       [-1.25, -2.5, -5.0, -7.5, -10.0, -12.5, -15.0, -20.0, -25.0, -30.0, -40.0, -50.0, -75.0, -100.0]
============================================================

Gradient network G (∇V):
Chain(
  Dense(50 => 1000, elu),               # 51_000 parameters
  Dense(1000 => 1000, elu),             # 1_001_000 parameters
  Dense(1000 => 1000, elu),             # 1_001_000 parameters
  Dense(1000 => 1000, elu),             # 1_001_000 parameters
  Dense(1000 => 50),                    # 50_050 parameters
)                   # Total: 10 arrays, 3_104_050 parameters, 1.562 KiB.

Value network H (V):
Chain(
  Dense(50 => 1000, elu),               # 51_000 parameters
  Dense(1000 => 1000, elu),             # 1_001_000 parameters
  Dense(1000 => 1000, elu),             # 1_001_000 parameters
  Dense(1000 => 1000, elu),             # 1_001_000 parameters
  Dense(1000 => 1),                     # 1_001 parameters
)                   # Total: 10 arrays, 3_055_001 parameters, 1.562 KiB.


============================================================
Starting neural network training...
============================================================

Starting training with steady-state sampler:
-----------------------------------------
Epoch: 1; Penalty β updated to: 1.0
-----------------------------------------
─── Device check ───
  x_tn: CuArray{Float32} (50, 100, 5000)
  dB: CuArray{Float32} (50, 100, 5000)
  dU: CuArray{Float32} (50, 100, 5000)
  exponentials: CuArray{Float32} (1, 100)
  loss_dB: CuArray{Float32} (1, 5000)
  loss_df: CuArray{Float32} (1, 5000)
  loss_dU: CuArray{Float32} (1, 5000)
  H_x0: CuArray{Float32} (1, 5000)
  H_xT: CuArray{Float32} (1, 5000)
  penalties: CuArray{Float32} (1, 5000)
────────────────────
Epoch: 1; Computation time: 56.124186163; Current value of V(0): 0.0
Lagrangian objective: 396151.66; Average H(x0): 0.0; Quantile-hedge α(β): 51.4
Simulation time per epoch: 10.015301549; Gradient computation time: 34.642601092; Testing time: 10.802216706
Epoch: 1000; Computation time: 393.466862363; Current value of V(0): 9230.072784423828
Lagrangian objective: -3010.446; Average H(x0): 5611.04; Quantile-hedge α(β): 0.11999999999999789
Simulation time per epoch: 0.074041658; Gradient computation time: 0.18006203; Testing time: 0.082850267
Epoch: 2000; Computation time: 730.93702243; Current value of V(0): 18987.518310546875
Lagrangian objective: -3046.4756; Average H(x0): 5614.7217; Quantile-hedge α(β): 0.0
Simulation time per epoch: 0.074003639; Gradient computation time: 0.181312555; Testing time: 0.083245197
-----------------------------------------
Epoch: 2500; Penalty β updated to: 10.0
-----------------------------------------
Epoch: 3000; Computation time: 1069.576107984; Current value of V(0): 13872.770690917969
Lagrangian objective: -741.3578; Average H(x0): 1072.051; Quantile-hedge α(β): 7.079999999999997
Simulation time per epoch: 0.073933443; Gradient computation time: 0.180644515; Testing time: 0.083188492
Epoch: 4000; Computation time: 1408.027120277; Current value of V(0): 14825.494384765625
Lagrangian objective: -785.6009; Average H(x0): 1084.5682; Quantile-hedge α(β): 4.059999999999997
Simulation time per epoch: 0.074128503; Gradient computation time: 0.181306518; Testing time: 0.083313114
-----------------------------------------
Epoch: 5000; Penalty β updated to: 100.0
-----------------------------------------
Epoch: 5000; Computation time: 1746.506652695; Current value of V(0): 15081.027221679688
Lagrangian objective: 1851.3365; Average H(x0): 1081.7274; Quantile-hedge α(β): 3.620000000000001
Simulation time per epoch: 0.073863073; Gradient computation time: 0.181085187; Testing time: 0.083187763
Epoch: 6000; Computation time: 2085.17319583; Current value of V(0): 7614.344787597656
Lagrangian objective: -510.3281; Average H(x0): 570.9091; Quantile-hedge α(β): 40.66
Simulation time per epoch: 0.074035511; Gradient computation time: 0.18098227; Testing time: 0.083127226
Epoch: 7000; Computation time: 2423.666784496; Current value of V(0): 7573.043060302734
Lagrangian objective: -506.6098; Average H(x0): 572.6537; Quantile-hedge α(β): 41.339999999999996
Simulation time per epoch: 0.073956073; Gradient computation time: 0.180647424; Testing time: 0.08316178
-----------------------------------------
Epoch: 7500; Penalty β updated to: 1000.0
-----------------------------------------
Epoch: 8000; Computation time: 2761.912483914; Current value of V(0): 10155.9814453125
Lagrangian objective: -430.23154; Average H(x0): 458.07074; Quantile-hedge α(β): 85.84
Simulation time per epoch: 0.073982429; Gradient computation time: 0.180999276; Testing time: 0.083058765
Epoch: 9000; Computation time: 3100.250215751; Current value of V(0): 10626.607513427734
Lagrangian objective: -443.18375; Average H(x0): 468.3494; Quantile-hedge α(β): 84.46000000000001
Simulation time per epoch: 0.073943498; Gradient computation time: 0.181315506; Testing time: 0.083201358
-----------------------------------------
Epoch: 10000; Penalty β updated to: 10000.0
-----------------------------------------
Epoch: 10000; Computation time: 3438.487481644; Current value of V(0): 10762.796020507812
Lagrangian objective: -112.67963; Average H(x0): 466.2586; Quantile-hedge α(β): 83.52
Simulation time per epoch: 0.073776603; Gradient computation time: 0.181532128; Testing time: 0.083026172
Epoch: 11000; Computation time: 3776.901759004; Current value of V(0): -1562.0338439941406
Lagrangian objective: -11.234595; Average H(x0): 11.372753; Quantile-hedge α(β): 99.94
Simulation time per epoch: 0.072616128; Gradient computation time: 0.181185208; Testing time: 0.083169246
Epoch: 12000; Computation time: 4115.239326379; Current value of V(0): 4772.8546142578125
Lagrangian objective: -247.22745; Average H(x0): 249.26117; Quantile-hedge α(β): 99.76
Simulation time per epoch: 0.074000994; Gradient computation time: 0.181453112; Testing time: 0.083681456
Epoch: 13000; Computation time: 4453.508506198; Current value of V(0): 9681.501770019531
Lagrangian objective: -392.6178; Average H(x0): 412.21243; Quantile-hedge α(β): 97.34
Simulation time per epoch: 0.074262228; Gradient computation time: 0.180489455; Testing time: 0.082986997
Epoch: 14000; Computation time: 4791.830387079; Current value of V(0): 9709.125518798828
Lagrangian objective: 188.00845; Average H(x0): 411.08594; Quantile-hedge α(β): 88.98
Simulation time per epoch: 0.074134146; Gradient computation time: 0.181326714; Testing time: 0.083236119
Epoch: 15000; Computation time: 5130.174038863; Current value of V(0): 52.50377058982849
Lagrangian objective: -69.65451; Average H(x0): 69.92119; Quantile-hedge α(β): 99.96000000000001
Simulation time per epoch: 0.073985425; Gradient computation time: 0.181000754; Testing time: 0.083287004
Epoch: 16000; Computation time: 5468.553590994; Current value of V(0): 9823.648071289062
Lagrangian objective: -380.2902; Average H(x0): 391.1333; Quantile-hedge α(β): 98.4
Simulation time per epoch: 0.073992925; Gradient computation time: 0.181827227; Testing time: 0.083200077
Epoch: 17000; Computation time: 5806.66307884; Current value of V(0): -1048.2994079589844
Lagrangian objective: -8.918662; Average H(x0): 9.4947; Quantile-hedge α(β): 99.96000000000001
Simulation time per epoch: 0.074036539; Gradient computation time: 0.180221019; Testing time: 0.082903488
Epoch: 18000; Computation time: 6144.956835615; Current value of V(0): 6498.7274169921875
Lagrangian objective: -301.15042; Average H(x0): 303.4723; Quantile-hedge α(β): 99.72
Simulation time per epoch: 0.073992078; Gradient computation time: 0.18110891; Testing time: 0.083168958
Epoch: 19000; Computation time: 6483.143072846; Current value of V(0): 9731.403350830078
Lagrangian objective: -401.72296; Average H(x0): 413.4497; Quantile-hedge α(β): 97.82
Simulation time per epoch: 0.074004723; Gradient computation time: 0.181149199; Testing time: 0.083175168
-----------------------------------------
Epoch: 20000; Penalty β updated to: 1.0e6
-----------------------------------------
Epoch: 20000; Computation time: 6821.396488172; Current value of V(0): 10448.538970947266
Lagrangian objective: 1080.9528; Average H(x0): 411.5882; Quantile-hedge α(β): 97.92
Simulation time per epoch: 0.073808356; Gradient computation time: 0.180722507; Testing time: 0.083077725
Epoch: 21000; Computation time: 7159.444425235; Current value of V(0): 8986.176300048828
Lagrangian objective: -347.04904; Average H(x0): 347.2709; Quantile-hedge α(β): 99.96000000000001
Simulation time per epoch: 0.074071398; Gradient computation time: 0.180566102; Testing time: 0.083094942
Epoch: 22000; Computation time: 7497.467493128; Current value of V(0): 9216.40396118164
Lagrangian objective: -344.77048; Average H(x0): 344.77048; Quantile-hedge α(β): 100.0
Simulation time per epoch: 0.073970753; Gradient computation time: 0.181039139; Testing time: 0.08318007
Epoch: 23000; Computation time: 7835.693387771; Current value of V(0): 9337.655639648438
Lagrangian objective: -346.80704; Average H(x0): 346.80704; Quantile-hedge α(β): 100.0
Simulation time per epoch: 0.073909804; Gradient computation time: 0.180532234; Testing time: 0.083112824
Epoch: 24000; Computation time: 8173.77620603; Current value of V(0): 8237.66860961914
Lagrangian objective: -302.55267; Average H(x0): 302.55267; Quantile-hedge α(β): 100.0
Simulation time per epoch: 0.07404036; Gradient computation time: 0.181152625; Testing time: 0.083179997
Epoch: 25000; Computation time: 8512.029780919; Current value of V(0): 8396.015930175781
Lagrangian objective: -301.4818; Average H(x0): 301.4818; Quantile-hedge α(β): 100.0
Simulation time per epoch: 0.074045599; Gradient computation time: 0.181400093; Testing time: 0.083097692
Epoch: 26000; Computation time: 8850.089474457; Current value of V(0): 8885.484313964844
Lagrangian objective: -319.9546; Average H(x0): 319.9546; Quantile-hedge α(β): 100.0
Simulation time per epoch: 0.073999425; Gradient computation time: 0.180921723; Testing time: 0.083246385
Epoch: 27000; Computation time: 9188.346942802; Current value of V(0): 7730.818939208984
Lagrangian objective: -270.3636; Average H(x0): 275.16904; Quantile-hedge α(β): 99.98
Simulation time per epoch: 0.073630462; Gradient computation time: 0.180943697; Testing time: 0.083187565
Epoch: 28000; Computation time: 9526.382948247; Current value of V(0): 6514.556884765625
Lagrangian objective: -229.09586; Average H(x0): 229.09586; Quantile-hedge α(β): 100.0
Simulation time per epoch: 0.074007866; Gradient computation time: 0.182909235; Testing time: 0.083242253
Epoch: 29000; Computation time: 9864.617566578; Current value of V(0): 6567.887115478516
Lagrangian objective: -223.43414; Average H(x0): 223.43414; Quantile-hedge α(β): 100.0
Simulation time per epoch: 0.074013427; Gradient computation time: 0.18123321; Testing time: 0.083057399
Epoch: 30000; Computation time: 10202.927358843; Current value of V(0): 6716.045379638672
Lagrangian objective: -78.1637; Average H(x0): 220.59795; Quantile-hedge α(β): 99.9
Simulation time per epoch: 0.074064858; Gradient computation time: 0.181339948; Testing time: 0.083280045
Epoch: 31000; Computation time: 10540.933859218; Current value of V(0): 6925.345611572266
Lagrangian objective: -230.0716; Average H(x0): 230.0716; Quantile-hedge α(β): 100.0
Simulation time per epoch: 0.074035451; Gradient computation time: 0.180664887; Testing time: 0.08315777
Epoch: 32000; Computation time: 10879.205816367; Current value of V(0): 7202.283477783203
Lagrangian objective: -237.7499; Average H(x0): 241.7358; Quantile-hedge α(β): 99.98
Simulation time per epoch: 0.073988401; Gradient computation time: 0.180758837; Testing time: 0.083249084
Epoch: 33000; Computation time: 11217.710339234; Current value of V(0): 7568.976593017578
Lagrangian objective: -253.6669; Average H(x0): 253.6669; Quantile-hedge α(β): 100.0
Simulation time per epoch: 0.073984708; Gradient computation time: 0.181134252; Testing time: 0.083246532
Epoch: 34000; Computation time: 11556.453777229; Current value of V(0): 8089.003753662109
Lagrangian objective: -273.5287; Average H(x0): 273.5287; Quantile-hedge α(β): 100.0
Simulation time per epoch: 0.073954836; Gradient computation time: 0.181293708; Testing time: 0.083261041
Epoch: 35000; Computation time: 11894.976691578; Current value of V(0): 8555.365753173828
Lagrangian objective: -289.93207; Average H(x0): 289.93207; Quantile-hedge α(β): 100.0
Simulation time per epoch: 0.073975341; Gradient computation time: 0.181194861; Testing time: 0.083189103
Epoch: 36000; Computation time: 12233.812503933; Current value of V(0): 9022.684478759766
Lagrangian objective: -307.5597; Average H(x0): 307.8189; Quantile-hedge α(β): 99.98
Simulation time per epoch: 0.07395288; Gradient computation time: 0.180848792; Testing time: 0.083207848
Epoch: 37000; Computation time: 12572.73895503; Current value of V(0): 9399.715423583984
Lagrangian objective: -318.67123; Average H(x0): 321.50955; Quantile-hedge α(β): 99.98
Simulation time per epoch: 0.07399634; Gradient computation time: 0.181019104; Testing time: 0.083195058
Epoch: 38000; Computation time: 12911.633856455; Current value of V(0): 9679.304504394531
Lagrangian objective: -330.15866; Average H(x0): 331.98007; Quantile-hedge α(β): 99.98
Simulation time per epoch: 0.073873303; Gradient computation time: 0.181145624; Testing time: 0.083248639
Epoch: 39000; Computation time: 13250.507788485; Current value of V(0): 9787.618255615234
Lagrangian objective: -336.30316; Average H(x0): 336.30316; Quantile-hedge α(β): 100.0
Simulation time per epoch: 0.07424041; Gradient computation time: 0.181156141; Testing time: 0.083213229
Epoch: 40000; Computation time: 13589.213249009; Current value of V(0): 9904.379272460938
Lagrangian objective: -217.90683; Average H(x0): 339.58084; Quantile-hedge α(β): 99.94
Simulation time per epoch: 0.072976294; Gradient computation time: 0.181009133; Testing time: 0.083390538

Training completed in 13589.213356421 seconds
Final V(0): 9903.912353515625

============================================================
Running policy evaluation...
============================================================


============================================================
INVENTORY PROBLEM (unscaled, weekly)
============================================================
Dimension:       50
Discount factor: 0.9990389236684376
Fixed cost:      50.0
Variable costs:  [0.1, 0.1, 0.1, 0.1, 0.1, 0.1, 0.1, 0.1, 0.1, 0.1, 0.1, 0.1, 0.1, 0.1, 0.1, 0.2, 0.2, 0.2, 0.2, 0.2, 0.2, 0.2, 0.2, 0.2, 0.2, 0.2, 0.2, 0.2, 0.2, 0.2, 0.4, 0.4, 0.4, 0.4, 0.4, 0.4, 0.4, 0.4, 0.4, 0.4, 0.4, 0.4, 0.4, 0.4, 0.4, 0.4, 0.4, 0.4, 0.4, 0.4]
Holding costs:   [0.019230769230769232, 0.019230769230769232, 0.019230769230769232, 0.019230769230769232, 0.019230769230769232, 0.019230769230769232, 0.019230769230769232, 0.019230769230769232, 0.019230769230769232, 0.019230769230769232, 0.019230769230769232, 0.019230769230769232, 0.019230769230769232, 0.019230769230769232, 0.019230769230769232, 0.038461538461538464, 0.038461538461538464, 0.038461538461538464, 0.038461538461538464, 0.038461538461538464, 0.038461538461538464, 0.038461538461538464, 0.038461538461538464, 0.038461538461538464, 0.038461538461538464, 0.038461538461538464, 0.038461538461538464, 0.038461538461538464, 0.038461538461538464, 0.038461538461538464, 0.07692307692307693, 0.07692307692307693, 0.07692307692307693, 0.07692307692307693, 0.07692307692307693, 0.07692307692307693, 0.07692307692307693, 0.07692307692307693, 0.07692307692307693, 0.07692307692307693, 0.07692307692307693, 0.07692307692307693, 0.07692307692307693, 0.07692307692307693, 0.07692307692307693, 0.07692307692307693, 0.07692307692307693, 0.07692307692307693, 0.07692307692307693, 0.07692307692307693]
Backlog costs:   [0.4807692307692308, 0.4807692307692308, 0.4807692307692308, 0.4807692307692308, 0.4807692307692308, 0.4807692307692308, 0.4807692307692308, 0.4807692307692308, 0.4807692307692308, 0.4807692307692308, 0.4807692307692308, 0.4807692307692308, 0.4807692307692308, 0.4807692307692308, 0.4807692307692308, 0.9615384615384616, 0.9615384615384616, 0.9615384615384616, 0.9615384615384616, 0.9615384615384616, 0.9615384615384616, 0.9615384615384616, 0.9615384615384616, 0.9615384615384616, 0.9615384615384616, 0.9615384615384616, 0.9615384615384616, 0.9615384615384616, 0.9615384615384616, 0.9615384615384616, 1.9230769230769231, 1.9230769230769231, 1.9230769230769231, 1.9230769230769231, 1.9230769230769231, 1.9230769230769231, 1.9230769230769231, 1.9230769230769231, 1.9230769230769231, 1.9230769230769231, 1.9230769230769231, 1.9230769230769231, 1.9230769230769231, 1.9230769230769231, 1.9230769230769231, 1.9230769230769231, 1.9230769230769231, 1.9230769230769231, 1.9230769230769231, 1.9230769230769231]
Demand dists:    DataType[Distributions.NegativeBinomial{Float64}, Distributions.NegativeBinomial{Float64}, Distributions.NegativeBinomial{Float64}, Distributions.NegativeBinomial{Float64}, Distributions.NegativeBinomial{Float64}, Distributions.NegativeBinomial{Float64}, Distributions.NegativeBinomial{Float64}, Distributions.NegativeBinomial{Float64}, Distributions.NegativeBinomial{Float64}, Distributions.NegativeBinomial{Float64}, Distributions.NegativeBinomial{Float64}, Distributions.NegativeBinomial{Float64}, Distributions.NegativeBinomial{Float64}, Distributions.NegativeBinomial{Float64}, Distributions.NegativeBinomial{Float64}, Distributions.NegativeBinomial{Float64}, Distributions.NegativeBinomial{Float64}, Distributions.NegativeBinomial{Float64}, Distributions.NegativeBinomial{Float64}, Distributions.NegativeBinomial{Float64}, Distributions.NegativeBinomial{Float64}, Distributions.NegativeBinomial{Float64}, Distributions.NegativeBinomial{Float64}, Distributions.NegativeBinomial{Float64}, Distributions.NegativeBinomial{Float64}, Distributions.NegativeBinomial{Float64}, Distributions.NegativeBinomial{Float64}, Distributions.NegativeBinomial{Float64}, Distributions.NegativeBinomial{Float64}, Distributions.NegativeBinomial{Float64}, Distributions.NegativeBinomial{Float64}, Distributions.NegativeBinomial{Float64}, Distributions.NegativeBinomial{Float64}, Distributions.NegativeBinomial{Float64}, Distributions.NegativeBinomial{Float64}, Distributions.NegativeBinomial{Float64}, Distributions.NegativeBinomial{Float64}, Distributions.NegativeBinomial{Float64}, Distributions.NegativeBinomial{Float64}, Distributions.NegativeBinomial{Float64}, Distributions.NegativeBinomial{Float64}, Distributions.NegativeBinomial{Float64}, Distributions.NegativeBinomial{Float64}, Distributions.NegativeBinomial{Float64}, Distributions.NegativeBinomial{Float64}, Distributions.NegativeBinomial{Float64}, Distributions.NegativeBinomial{Float64}, Distributions.NegativeBinomial{Float64}, Distributions.NegativeBinomial{Float64}, Distributions.NegativeBinomial{Float64}]
Demand means:    [0.9615384615384616, 0.9615384615384616, 0.9615384615384616, 0.9615384615384616, 0.9615384615384616, 0.9615384615384616, 0.9615384615384616, 0.9615384615384616, 0.9615384615384616, 0.9615384615384616, 0.9615384615384616, 0.9615384615384616, 0.9615384615384616, 0.9615384615384616, 0.9615384615384616, 0.4807692307692307, 0.4807692307692307, 0.4807692307692307, 0.4807692307692307, 0.4807692307692307, 0.4807692307692307, 0.4807692307692307, 0.4807692307692307, 0.4807692307692307, 0.4807692307692307, 0.4807692307692307, 0.4807692307692307, 0.4807692307692307, 0.4807692307692307, 0.4807692307692307, 0.24038461538461536, 0.24038461538461536, 0.24038461538461536, 0.24038461538461536, 0.24038461538461536, 0.24038461538461536, 0.24038461538461536, 0.24038461538461536, 0.24038461538461536, 0.24038461538461536, 0.24038461538461536, 0.24038461538461536, 0.24038461538461536, 0.24038461538461536, 0.24038461538461536, 0.24038461538461536, 0.24038461538461536, 0.24038461538461536, 0.24038461538461536, 0.24038461538461536]
============================================================

==================================================
Computing order-up-to vector via :solve_inf
==================================================

Method: solve_inf
Final objective: 279.00910914847697
z*: [8.5, 10.633900701017062, 9.856039411650366, 11.369192184764897, 8.5, 8.5, 8.5, 9.997385722801365, 9.077667183124795, 8.5, 8.5, 8.5, 9.532518578833853, 8.5, 8.5, 4.5, 4.5, 6.738516916493334, 5.522464908673236, 4.5, 4.5, 4.5, 6.927466027140847, 6.117566529196346, 4.5, 4.5, 4.5, 5.002034752338637, 4.5, 5.772879388591623, 2.5, 2.5, 2.5, 2.5, 2.5, 2.5, 5.024187106920038, 2.5, 2.5, 2.5, 2.5, 2.809601783871882, 3.240766481331637, 2.5, 4.6436390157220835, 2.5, 2.5, 2.5, 2.5, 6.379247446501395]
Intervention value: -180.47001613089884

==================================================
Computing order-up-to vector via :find_stationary
==================================================

Method: find_stationary
Final residual: 0.038369991914363105
z*: [17.796312473971444, 18.24403508600118, 17.38585807252085, 16.824220042537927, 18.24248783238453, 17.424621587627584, 18.518637965641275, 17.835184327808708, 16.92034846847419, 17.067595000235812, 17.77238667778791, 17.470120704051833, 19.49322623173476, 17.994406882472557, 17.54234056850711, 8.64337793193919, 9.831350304949007, 7.16824997803719, 10.508822977711182, 9.478988683033766, 10.453074725284033, 8.246466611613467, 11.81992849639938, 8.637703259023468, 10.349544052346154, 10.216953956949848, 7.025233489521825, 7.939877110550866, 8.224061876126427, 9.428902702722835, 3.767502630028026, 5.885909437014181, 2.5943097706779534, 3.2829036064378614, 5.4171772789150925, 6.015436563945447, 5.552073938881983, 4.333960082945401, 7.265019288293092, 7.150610445965418, 6.346881919776714, 4.377171073406327, 4.457671126813936, 5.3330939926501415, 5.281403802937574, 3.048725566403081, 5.196110366700741, 4.51526182452771, 4.72711214100675, 4.4053273868122504]
Intervention value: -238.91158862235136

==================================================
Summary:
  solve_inf:       z* = [8, 11, 10, 11, 8, 8, 8, 10, 9, 8, 8, 8, 10, 8, 8, 4, 4, 7, 6, 4, 4, 4, 7, 6, 4, 4, 4, 5, 4, 6, 2, 2, 2, 2, 2, 2, 5, 2, 2, 2, 2, 3, 3, 2, 5, 2, 2, 2, 2, 6]
  find_stationary: z* = [18, 18, 17, 17, 18, 17, 19, 18, 17, 17, 18, 17, 19, 18, 18, 9, 10, 7, 11, 9, 10, 8, 12, 9, 10, 10, 7, 8, 8, 9, 4, 6, 3, 3, 5, 6, 6, 4, 7, 7, 6, 4, 4, 5, 5, 3, 5, 5, 5, 4]
==================================================

============================================================
Evaluating method: solve_inf
============================================================

----------------------------------------
Evaluating ε = -1.25
----------------------------------------
Mean cost: 41208.50480427161 ± 131.65639317801538
  Inventory costs: 23864.598500796586
  Variable costs:  5005.559112609494
  Fixed costs:     12338.34719086548
  Simulation time: 577.8s

----------------------------------------
Evaluating ε = -2.5
----------------------------------------
Mean cost: 40951.91253731794 ± 173.33457229843538
  Inventory costs: 24034.42524386432
  Variable costs:  4964.412607112468
  Fixed costs:     11953.074686341144
  Simulation time: 530.2s

----------------------------------------
Evaluating ε = -5.0
----------------------------------------
Mean cost: 41380.706874407195 ± 91.627934951288
  Inventory costs: 24849.805164961348
  Variable costs:  5007.289193378781
  Fixed costs:     11523.612516067064
  Simulation time: 482.9s

----------------------------------------
Evaluating ε = -7.5
----------------------------------------
Mean cost: 41647.08540563975 ± 159.60831793089685
  Inventory costs: 26024.538606619404
  Variable costs:  4975.242541826141
  Fixed costs:     10647.304257194222
  Simulation time: 476.3s

----------------------------------------
Evaluating ε = -10.0
----------------------------------------
Mean cost: 42627.83197873889 ± 129.13960219500163
  Inventory costs: 27725.1600566366
  Variable costs:  5005.276490304083
  Fixed costs:     9897.395431798202
  Simulation time: 469.8s

----------------------------------------
Evaluating ε = -12.5
----------------------------------------
Mean cost: 44030.53869853193 ± 110.61078869667266
  Inventory costs: 29828.9028028196
  Variable costs:  5020.561638659746
  Fixed costs:     9181.074257052616
  Simulation time: 473.9s

----------------------------------------
Evaluating ε = -15.0
----------------------------------------
Mean cost: 45372.29673027931 ± 136.3401220511087
  Inventory costs: 32036.52704550408
  Variable costs:  4976.814103308623
  Fixed costs:     8358.955581466651
  Simulation time: 465.4s

----------------------------------------
Evaluating ε = -20.0
----------------------------------------
Mean cost: 49038.59754668841 ± 140.66189752451237
  Inventory costs: 36803.83211524812
  Variable costs:  5015.117805472629
  Fixed costs:     7219.647625967625
  Simulation time: 468.4s

----------------------------------------
Evaluating ε = -25.0
----------------------------------------
Mean cost: 53049.26315292021 ± 210.37915198495855
  Inventory costs: 41726.70444123562
  Variable costs:  4973.672338141513
  Fixed costs:     6348.886373543092
  Simulation time: 481.9s

----------------------------------------
Evaluating ε = -30.0
----------------------------------------
Mean cost: 56952.371880426464 ± 167.32283219043293
  Inventory costs: 46201.005889270564
  Variable costs:  4991.380684702962
  Fixed costs:     5759.9853064529325
  Simulation time: 475.0s

----------------------------------------
Evaluating ε = -40.0
----------------------------------------
Mean cost: 65110.74425397381 ± 157.11815799792066
  Inventory costs: 55191.11677576351
  Variable costs:  5005.189214104686
  Fixed costs:     4914.438264105644
  Simulation time: 474.2s

----------------------------------------
Evaluating ε = -50.0
----------------------------------------
Mean cost: 73217.59755162513 ± 243.67167526332244
  Inventory costs: 63923.073955177446
  Variable costs:  4974.330802448985
  Fixed costs:     4320.192793998776
  Simulation time: 463.7s

----------------------------------------
Evaluating ε = -75.0
----------------------------------------
Mean cost: 93909.87567599044 ± 180.341540416801
  Inventory costs: 85465.18198037954
  Variable costs:  4996.020806112186
  Fixed costs:     3448.672889498702
  Simulation time: 465.7s

----------------------------------------
Evaluating ε = -100.0
----------------------------------------
Mean cost: 114198.64743915098 ± 337.48728472334835
  Inventory costs: 106348.30597728738
  Variable costs:  4973.434745708031
  Fixed costs:     2876.9067161556095
  Simulation time: 476.2s

==================================================
Best epsilon: -2.5 with cost: 40951.91253731794 ± 173.33457229843538
==================================================

============================================================
Evaluating method: find_stationary
============================================================

----------------------------------------
Evaluating ε = -1.25
----------------------------------------
Mean cost: 36786.58705475041 ± 131.36441426787735
  Inventory costs: 21776.357345002194
  Variable costs:  5054.285522207438
  Fixed costs:     9955.944187540734
  Simulation time: 468.3s

----------------------------------------
Evaluating ε = -2.5
----------------------------------------
Mean cost: 36796.25816133234 ± 83.86865902759483
  Inventory costs: 22786.637975468362
  Variable costs:  5087.832917337592
  Fixed costs:     8921.787268526363
  Simulation time: 474.2s

----------------------------------------
Evaluating ε = -5.0
----------------------------------------
Mean cost: 37053.79662257912 ± 71.73116436887737
  Inventory costs: 24685.197892647964
  Variable costs:  5001.437132161084
  Fixed costs:     7367.1615977700885
  Simulation time: 477.2s

----------------------------------------
Evaluating ε = -7.5
----------------------------------------
Mean cost: 38366.53044571525 ± 65.84684118837461
  Inventory costs: 26845.683279815265
  Variable costs:  5035.375762884644
  Fixed costs:     6485.471403015341
  Simulation time: 474.3s

----------------------------------------
Evaluating ε = -10.0
----------------------------------------
Mean cost: 39652.630990625235 ± 108.3644664425916
  Inventory costs: 28839.870477324166
  Variable costs:  5014.170974625964
  Fixed costs:     5798.589538675163
  Simulation time: 470.9s

----------------------------------------
Evaluating ε = -12.5
----------------------------------------
Mean cost: 41374.76693913622 ± 140.44225521566074
  Inventory costs: 30929.538754816305
  Variable costs:  5057.8845980810665
  Fixed costs:     5387.34358623886
  Simulation time: 472.4s

----------------------------------------
Evaluating ε = -15.0
----------------------------------------
Mean cost: 42788.80248939793 ± 110.84613485668473
  Inventory costs: 32852.20095507959
  Variable costs:  5016.626023748685
  Fixed costs:     4919.975510569627
  Simulation time: 480.3s

----------------------------------------
Evaluating ε = -20.0
----------------------------------------
Mean cost: 46539.738828136666 ± 126.58326883389593
  Inventory costs: 37061.68138565326
  Variable costs:  5065.058215764477
  Fixed costs:     4412.9992267189755
  Simulation time: 466.7s

----------------------------------------
Evaluating ε = -25.0
----------------------------------------
Mean cost: 49754.58404344045 ± 169.8850133985816
  Inventory costs: 40758.96234969362
  Variable costs:  5025.087362942622
  Fixed costs:     3970.534330804219
  Simulation time: 470.4s

----------------------------------------
Evaluating ε = -30.0
----------------------------------------
Mean cost: 53245.86580595056 ± 207.1902277963337
  Inventory costs: 44594.897216048965
  Variable costs:  5001.957889268396
  Fixed costs:     3649.0107006332014
  Simulation time: 430.3s

----------------------------------------
Evaluating ε = -40.0
----------------------------------------
Mean cost: 60038.0617585735 ± 306.8282391527561
  Inventory costs: 51825.128789114344
  Variable costs:  5011.239366915293
  Fixed costs:     3201.6936025438786
  Simulation time: 433.0s

----------------------------------------
Evaluating ε = -50.0
----------------------------------------
Mean cost: 67275.4297971625 ± 169.7043489428166
  Inventory costs: 59380.819665001865
  Variable costs:  5007.31304011978
  Fixed costs:     2887.2970920409352
  Simulation time: 429.4s

----------------------------------------
Evaluating ε = -75.0
----------------------------------------
Mean cost: 86275.03884068009 ± 182.96025358317294
  Inventory costs: 78862.34324556089
  Variable costs:  5031.230269919485
  Fixed costs:     2381.465325199718
  Simulation time: 436.0s

----------------------------------------
Evaluating ε = -100.0
----------------------------------------
Mean cost: 103577.35049491208 ± 477.2372058130247
  Inventory costs: 96531.41654395177
  Variable costs:  4994.718458821915
  Fixed costs:     2051.215492138308
  Simulation time: 427.4s

==================================================
Best epsilon: -1.25 with cost: 36786.58705475041 ± 131.36441426787735
==================================================
Skipping save for solve_inf: existing cost 35753.13163808852 <= new cost 40951.91253731794
Skipping save for find_stationary: existing cost 35862.81825006443 <= new cost 36786.58705475041

============================================================
FINAL RESULTS SUMMARY
============================================================

Method: solve_inf
  Order-up-to vector: [8, 11, 10, 11, 8, 8, 8, 10, 9, 8, 8, 8, 10, 8, 8, 4, 4, 7, 6, 4, 4, 4, 7, 6, 4, 4, 4, 5, 4, 6, 2, 2, 2, 2, 2, 2, 5, 2, 2, 2, 2, 3, 3, 2, 5, 2, 2, 2, 2, 6]
  Best epsilon: -2.5
  Best cost: 40951.91253731794 ± 173.33457229843538

Method: find_stationary
  Order-up-to vector: [18, 18, 17, 17, 18, 17, 19, 18, 17, 17, 18, 17, 19, 18, 18, 9, 10, 7, 11, 9, 10, 8, 12, 9, 10, 10, 7, 8, 8, 9, 4, 6, 3, 3, 5, 6, 6, 4, 7, 7, 6, 4, 4, 5, 5, 3, 5, 5, 5, 4]
  Best epsilon: -1.25
  Best cost: 36786.58705475041 ± 131.36441426787735

============================================================
Complete! Per-method results saved to:
  output/nn_training/results_50D_CaseML_solve_inf.json
  output/nn_training/results_50D_CaseML_find_stationary.json
============================================================

  Activating project at `~/DeepSJRP`
[ Info:  started timer at: 2026-04-30T03:44:33.413
┌ Warning: Layer with Float32 parameters got Float64 input.
│   The input will be converted, but any earlier layers may be very slow.
│   layer = Dense(50 => 1000, elu)  # 51_000 parameters
│   summary(x) = "50-element Vector{Float64}"
└ @ Flux ~/.julia/packages/Flux/DZYiO/src/layers/stateless.jl:60
RUNNING THE L-BFGS-B CODE

           * * *

Machine precision = 2.220D-16
 N =           50     M =           10

At X0         0 variables are exactly at the bounds

At iterate    0    f=  3.36719D+02    |proj g|=  1.53688D-01

At iterate    1    f=  3.36501D+02    |proj g|=  1.52257D-01

At iterate    2    f=  3.07662D+02    |proj g|=  7.06089D-01
  ys=-8.682E+00  -gs= 7.146E+00 BFGS update SKIPPED

At iterate    3    f=  2.83509D+02    |proj g|=  2.27158D-01

At iterate    4    f=  2.81570D+02    |proj g|=  1.48080D-01

At iterate    5    f=  2.80242D+02    |proj g|=  1.26203D-01

At iterate    6    f=  2.79856D+02    |proj g|=  1.23346D-01

At iterate    7    f=  2.79543D+02    |proj g|=  5.51883D-02

At iterate    8    f=  2.79395D+02    |proj g|=  5.78932D-02

At iterate    9    f=  2.79252D+02    |proj g|=  5.19304D-02

At iterate   10    f=  2.79116D+02    |proj g|=  6.31704D-02

At iterate   11    f=  2.79052D+02    |proj g|=  3.29893D-02

At iterate   12    f=  2.79020D+02    |proj g|=  1.73058D-02

At iterate   13    f=  2.79015D+02    |proj g|=  1.13547D-02

At iterate   14    f=  2.79009D+02    |proj g|=  6.40162D-03

           * * *

Tit   = total number of iterations
Tnf   = total number of function evaluations
Tnint = total number of segments explored during Cauchy searches
Skip  = number of BFGS updates skipped
Nact  = number of active bounds at final generalized Cauchy point
Projg = norm of the final projected gradient
F     = final function value

           * * *

   N    Tit     Tnf  Tnint  Skip  Nact     Projg        F
   50     14     16     65     1    33   6.402D-03   2.790D+02
  F =   279.00910914847697     

CONVERGENCE: NORM_OF_PROJECTED_GRADIENT_<=_PGTOL            

 Cauchy                time 0.000E+00 seconds.
 Subspace minimization time 0.000E+00 seconds.
 Line search           time 2.051E-02 seconds.

 Total User time 2.835E+00 seconds.

RUNNING THE L-BFGS-B CODE

           * * *

Machine precision = 2.220D-16
 N =           50     M =           10

At X0         0 variables are exactly at the bounds

At iterate    0    f=  5.68664D-03    |proj g|=  1.23146D-03

At iterate    1    f=  5.67951D-03    |proj g|=  1.22925D-03

At iterate    2    f=  2.84424D-03    |proj g|=  4.14432D-04

At iterate    3    f=  2.15323D-03    |proj g|=  1.99697D-04

At iterate    4    f=  1.80463D-03    |proj g|=  8.92649D-05

At iterate    5    f=  1.65250D-03    |proj g|=  3.74051D-05

At iterate    6    f=  1.57945D-03    |proj g|=  1.82536D-05

At iterate    7    f=  1.52070D-03    |proj g|=  1.13768D-05

At iterate    8    f=  1.47226D-03    |proj g|=  8.46497D-06

           * * *

Tit   = total number of iterations
Tnf   = total number of function evaluations
Tnint = total number of segments explored during Cauchy searches
Skip  = number of BFGS updates skipped
Nact  = number of active bounds at final generalized Cauchy point
Projg = norm of the final projected gradient
F     = final function value

           * * *

   N    Tit     Tnf  Tnint  Skip  Nact     Projg        F
   50      8      9      8     0     0   8.465D-06   1.472D-03
  F =   1.4722562795082899E-003

CONVERGENCE: NORM_OF_PROJECTED_GRADIENT_<=_PGTOL            

 Cauchy                time 0.000E+00 seconds.
 Subspace minimization time 0.000E+00 seconds.
 Line search           time 9.766E-03 seconds.

 Total User time 3.545E-01 seconds.

