
============================================================
DeepSJRP - Stochastic Joint Replenishment Problem Solver
============================================================
Instance: 50D_CaseLH
Options: Dict{Symbol, Any}(:beta_override => 1.0e6, :alpha_override => nothing, :device => :gpu, :nu_override => 1.0, :T_override => 0.1, :seed => 777)
============================================================

Device: CUDA GPU
CUDA toolchain: 
- runtime 12.8, local installation
- driver 580.126.16 for 13.2
- compiler 12.9

CUDA libraries: 
- CUBLAS: 12.8.4
- CURAND: 10.3.9
- CUFFT: 11.3.3
- CUSOLVER: 11.7.3
- CUSPARSE: 12.5.8
- CUPTI: 2025.1.1 (API 12.8.0)
- NVML: 13.0.0+580.126.16

Julia packages: 
- CUDA: 5.11.0
- GPUArrays: 11.4.1
- GPUCompiler: 1.9.1
- KernelAbstractions: 0.9.41
- CUDA_Driver_jll: 13.2.0+0
- CUDA_Compiler_jll: 0.4.2+0
- CUDA_Runtime_jll: 0.21.0+0
- CUDA_Runtime_Discovery: 1.0.0

Toolchain:
- Julia: 1.11.7
- LLVM: 16.0.6

Preferences:
- CUDA_Runtime_jll.version: local

1 device:
  0: NVIDIA H100 80GB HBM3 (sm_90, 79.175 GiB / 79.647 GiB available)
BLAS threads: 1
Julia threads: 10

Benchmark source: QS

============================================================
IMPULSE CONTROL PROBLEM (scaled, annual)
============================================================
Instance: 50D_CaseLH
Dimension: 50
Interest rate: 0.05
Cost scaling κ: 0.01

Drift μ (annual demand rates): [50.0, 50.0, 50.0, 50.0, 50.0, 50.0, 50.0, 50.0, 50.0, 50.0, 50.0, 50.0, 50.0, 50.0, 50.0, 25.0, 25.0, 25.0, 25.0, 25.0, 25.0, 25.0, 25.0, 25.0, 25.0, 25.0, 25.0, 25.0, 25.0, 25.0, 12.5, 12.5, 12.5, 12.5, 12.5, 12.5, 12.5, 12.5, 12.5, 12.5, 12.5, 12.5, 12.5, 12.5, 12.5, 12.5, 12.5, 12.5, 12.5, 12.5]
Covariance Σ diagonal: [50.0, 50.0, 50.0, 50.0, 50.0, 50.0, 50.0, 50.0, 50.0, 50.0, 50.0, 50.0, 50.0, 50.0, 50.0, 25.0, 25.0, 25.0, 25.0, 25.0, 25.0, 25.0, 25.0, 25.0, 25.0, 25.0, 25.0, 25.0, 25.0, 25.0, 12.5, 12.5, 12.5, 12.5, 12.5, 12.5, 12.5, 12.5, 12.5, 12.5, 12.5, 12.5, 12.5, 12.5, 12.5, 12.5, 12.5, 12.5, 12.5, 12.5]

Scaled costs (× κ = 0.01):
  Fixed cost K:    2.5
  Variable costs c: [0.001, 0.001, 0.001, 0.001, 0.001, 0.001, 0.001, 0.001, 0.001, 0.001, 0.001, 0.001, 0.001, 0.001, 0.001, 0.002, 0.002, 0.002, 0.002, 0.002, 0.002, 0.002, 0.002, 0.002, 0.002, 0.002, 0.002, 0.002, 0.002, 0.002, 0.004, 0.004, 0.004, 0.004, 0.004, 0.004, 0.004, 0.004, 0.004, 0.004, 0.004, 0.004, 0.004, 0.004, 0.004, 0.004, 0.004, 0.004, 0.004, 0.004]
  Holding costs h:  [0.01, 0.01, 0.01, 0.01, 0.01, 0.01, 0.01, 0.01, 0.01, 0.01, 0.01, 0.01, 0.01, 0.01, 0.01, 0.02, 0.02, 0.02, 0.02, 0.02, 0.02, 0.02, 0.02, 0.02, 0.02, 0.02, 0.02, 0.02, 0.02, 0.02, 0.04, 0.04, 0.04, 0.04, 0.04, 0.04, 0.04, 0.04, 0.04, 0.04, 0.04, 0.04, 0.04, 0.04, 0.04, 0.04, 0.04, 0.04, 0.04, 0.04]
  Penalty costs p:  [0.25, 0.25, 0.25, 0.25, 0.25, 0.25, 0.25, 0.25, 0.25, 0.25, 0.25, 0.25, 0.25, 0.25, 0.25, 0.5, 0.5, 0.5, 0.5, 0.5, 0.5, 0.5, 0.5, 0.5, 0.5, 0.5, 0.5, 0.5, 0.5, 0.5, 1.0, 1.0, 1.0, 1.0, 1.0, 1.0, 1.0, 1.0, 1.0, 1.0, 1.0, 1.0, 1.0, 1.0, 1.0, 1.0, 1.0, 1.0, 1.0, 1.0]

Original costs (unscaled):
  Fixed cost K:    250.0
  Variable costs c: [0.1, 0.1, 0.1, 0.1, 0.1, 0.1, 0.1, 0.1, 0.1, 0.1, 0.1, 0.1, 0.1, 0.1, 0.1, 0.2, 0.2, 0.2, 0.2, 0.2, 0.2, 0.2, 0.2, 0.2, 0.2, 0.2, 0.2, 0.2, 0.2, 0.2, 0.4, 0.4, 0.4, 0.4, 0.4, 0.4, 0.4, 0.4, 0.4, 0.4, 0.4, 0.4, 0.4, 0.4, 0.4, 0.4, 0.4, 0.4, 0.4, 0.4]
  Holding costs h:  [1.0, 1.0, 1.0, 1.0, 1.0, 1.0, 1.0, 1.0, 1.0, 1.0, 1.0, 1.0, 1.0, 1.0, 1.0, 2.0, 2.0, 2.0, 2.0, 2.0, 2.0, 2.0, 2.0, 2.0, 2.0, 2.0, 2.0, 2.0, 2.0, 2.0, 4.0, 4.0, 4.0, 4.0, 4.0, 4.0, 4.0, 4.0, 4.0, 4.0, 4.0, 4.0, 4.0, 4.0, 4.0, 4.0, 4.0, 4.0, 4.0, 4.0]
  Penalty costs p:  [25.0, 25.0, 25.0, 25.0, 25.0, 25.0, 25.0, 25.0, 25.0, 25.0, 25.0, 25.0, 25.0, 25.0, 25.0, 50.0, 50.0, 50.0, 50.0, 50.0, 50.0, 50.0, 50.0, 50.0, 50.0, 50.0, 50.0, 50.0, 50.0, 50.0, 100.0, 100.0, 100.0, 100.0, 100.0, 100.0, 100.0, 100.0, 100.0, 100.0, 100.0, 100.0, 100.0, 100.0, 100.0, 100.0, 100.0, 100.0, 100.0, 100.0]
============================================================

============================================================
TRAINING HYPERPARAMETERS
============================================================
Benchmark source: QS
Precision:        Float32
Batch size:       5000
Num intervals:    100
T horizon:        0.1
Num iterations:   40000
Learning rates:   [0.001, 0.0002, 0.0001, 1.0e-5, 1.0e-6]
LR steps:         [1, 5000, 10000, 20000, 30000]
Beta penalty:     [1.0, 10.0, 100.0, 1000.0, 10000.0, 1.0e6]
Penalty steps:    [1, 2500, 5000, 7500, 10000, 20000]
Lambda rate:      2.5618794920507937
S guess:          [[22.0, 22.0, 22.0, 22.0, 22.0, 22.0, 22.0, 22.0, 22.0, 22.0, 22.0, 22.0, 22.0, 22.0, 22.0, 12.0, 12.0, 12.0, 12.0, 12.0, 12.0, 12.0, 12.0, 12.0, 12.0, 12.0, 12.0, 12.0, 12.0, 12.0, 7.0, 7.0, 7.0, 7.0, 7.0, 7.0, 7.0, 7.0, 7.0, 7.0, 7.0, 7.0, 7.0, 7.0, 7.0, 7.0, 7.0, 7.0, 7.0, 7.0]]
Nu radius:        1.0
S distribution:   lognormal
Alpha factor:     0.0
Alpha js:         [0.0, 0.0, 0.0, 0.0, 0.0, 0.0, 0.0, 0.0, 0.0, 0.0, 0.0, 0.0, 0.0, 0.0, 0.0, 0.0, 0.0, 0.0, 0.0, 0.0, 0.0, 0.0, 0.0, 0.0, 0.0, 0.0, 0.0, 0.0, 0.0, 0.0, 0.0, 0.0, 0.0, 0.0, 0.0, 0.0, 0.0, 0.0, 0.0, 0.0, 0.0, 0.0, 0.0, 0.0, 0.0, 0.0, 0.0, 0.0, 0.0, 0.0]
Cost scaling:     0.01

Neural network architecture:
  Hidden layers:  4
  Width:          1000
  Activation:     elu

Optimization parameters:
  Start factor:   1.0
  Lower factor:   0.5
  Upper factor:   1.5
  Sim runs:       10
  Sim horizon:    5000
  Epsilons:       [-1.25, -2.5, -5.0, -7.5, -10.0, -12.5, -15.0, -20.0, -25.0, -30.0, -40.0, -50.0, -75.0, -100.0]
============================================================

Gradient network G (∇V):
Chain(
  Dense(50 => 1000, elu),               # 51_000 parameters
  Dense(1000 => 1000, elu),             # 1_001_000 parameters
  Dense(1000 => 1000, elu),             # 1_001_000 parameters
  Dense(1000 => 1000, elu),             # 1_001_000 parameters
  Dense(1000 => 50),                    # 50_050 parameters
)                   # Total: 10 arrays, 3_104_050 parameters, 1.562 KiB.

Value network H (V):
Chain(
  Dense(50 => 1000, elu),               # 51_000 parameters
  Dense(1000 => 1000, elu),             # 1_001_000 parameters
  Dense(1000 => 1000, elu),             # 1_001_000 parameters
  Dense(1000 => 1000, elu),             # 1_001_000 parameters
  Dense(1000 => 1),                     # 1_001 parameters
)                   # Total: 10 arrays, 3_055_001 parameters, 1.562 KiB.


============================================================
Starting neural network training...
============================================================

Starting training with steady-state sampler:
-----------------------------------------
Epoch: 1; Penalty β updated to: 1.0
-----------------------------------------
─── Device check ───
  x_tn: CuArray{Float32} (50, 100, 5000)
  dB: CuArray{Float32} (50, 100, 5000)
  dU: CuArray{Float32} (50, 100, 5000)
  exponentials: CuArray{Float32} (1, 100)
  loss_dB: CuArray{Float32} (1, 5000)
  loss_df: CuArray{Float32} (1, 5000)
  loss_dU: CuArray{Float32} (1, 5000)
  H_x0: CuArray{Float32} (1, 5000)
  H_xT: CuArray{Float32} (1, 5000)
  penalties: CuArray{Float32} (1, 5000)
────────────────────
Epoch: 1; Computation time: 54.466442591; Current value of V(0): 0.0
Lagrangian objective: 6387.8726; Average H(x0): 0.0; Quantile-hedge α(β): 47.36
Simulation time per epoch: 9.585607878; Gradient computation time: 33.974396472; Testing time: 10.239930982
Epoch: 1000; Computation time: 392.13084161; Current value of V(0): 717293.359375
Lagrangian objective: -11717.825; Average H(x0): 21939.66; Quantile-hedge α(β): 0.10000000000000009
Simulation time per epoch: 0.074280976; Gradient computation time: 0.180487079; Testing time: 0.08296827
Epoch: 2000; Computation time: 729.9090575; Current value of V(0): 958314.6484375
Lagrangian objective: -11698.339; Average H(x0): 21931.066; Quantile-hedge α(β): 0.18000000000000238
Simulation time per epoch: 0.074172123; Gradient computation time: 0.18092207; Testing time: 0.082949059
-----------------------------------------
Epoch: 2500; Penalty β updated to: 10.0
-----------------------------------------
Epoch: 3000; Computation time: 1067.850718411; Current value of V(0): 186209.814453125
Lagrangian objective: -2138.6743; Average H(x0): 3380.9624; Quantile-hedge α(β): 12.6
Simulation time per epoch: 0.07410828; Gradient computation time: 0.180762888; Testing time: 0.083009965
Epoch: 4000; Computation time: 1405.5793178; Current value of V(0): 194377.57568359375
Lagrangian objective: -2121.321; Average H(x0): 3397.076; Quantile-hedge α(β): 11.899999999999999
Simulation time per epoch: 0.074114845; Gradient computation time: 0.180227645; Testing time: 0.083005533
-----------------------------------------
Epoch: 5000; Penalty β updated to: 100.0
-----------------------------------------
Epoch: 5000; Computation time: 1743.411841779; Current value of V(0): 206071.7529296875
Lagrangian objective: 9734.447; Average H(x0): 3400.2505; Quantile-hedge α(β): 11.819999999999997
Simulation time per epoch: 0.074066932; Gradient computation time: 0.180458987; Testing time: 0.082870925
Epoch: 6000; Computation time: 2081.246592353; Current value of V(0): 92447.73559570312
Lagrangian objective: -850.4629; Average H(x0): 1063.5895; Quantile-hedge α(β): 38.92
Simulation time per epoch: 0.074297757; Gradient computation time: 0.180607395; Testing time: 0.08290674
Epoch: 7000; Computation time: 2419.014692681; Current value of V(0): 92222.47314453125
Lagrangian objective: -851.6905; Average H(x0): 1057.2434; Quantile-hedge α(β): 38.5
Simulation time per epoch: 0.074230134; Gradient computation time: 0.180283371; Testing time: 0.08301284
-----------------------------------------
Epoch: 7500; Penalty β updated to: 1000.0
-----------------------------------------
Epoch: 8000; Computation time: 2756.757744981; Current value of V(0): 67888.83056640625
Lagrangian objective: -601.4675; Average H(x0): 664.55206; Quantile-hedge α(β): 76.24
Simulation time per epoch: 0.074173983; Gradient computation time: 0.180712203; Testing time: 0.08318818
Epoch: 9000; Computation time: 3094.504779279; Current value of V(0): 68832.39135742188
Lagrangian objective: -607.1887; Average H(x0): 668.8311; Quantile-hedge α(β): 75.08
Simulation time per epoch: 0.074211649; Gradient computation time: 0.180239019; Testing time: 0.082993977
-----------------------------------------
Epoch: 10000; Penalty β updated to: 10000.0
-----------------------------------------
Epoch: 10000; Computation time: 3432.270093945; Current value of V(0): 69020.81298828125
Lagrangian objective: 33.5961; Average H(x0): 673.6323; Quantile-hedge α(β): 74.18
Simulation time per epoch: 0.073676145; Gradient computation time: 0.180494403; Testing time: 0.082892976
Epoch: 11000; Computation time: 3770.015154476; Current value of V(0): 60771.307373046875
Lagrangian objective: -493.48236; Average H(x0): 536.2585; Quantile-hedge α(β): 94.0
Simulation time per epoch: 0.074228942; Gradient computation time: 0.180623809; Testing time: 0.082999048
Epoch: 12000; Computation time: 4107.811367498; Current value of V(0): 60294.4091796875
Lagrangian objective: -505.72116; Average H(x0): 530.2411; Quantile-hedge α(β): 95.52000000000001
Simulation time per epoch: 0.074170804; Gradient computation time: 0.180568543; Testing time: 0.082838233
Epoch: 13000; Computation time: 4445.44567948; Current value of V(0): 60747.39990234375
Lagrangian objective: -493.3065; Average H(x0): 536.8531; Quantile-hedge α(β): 94.74000000000001
Simulation time per epoch: 0.073997552; Gradient computation time: 0.180512493; Testing time: 0.082965286
Epoch: 14000; Computation time: 4783.058855725; Current value of V(0): 61490.00244140625
Lagrangian objective: -507.7237; Average H(x0): 545.3605; Quantile-hedge α(β): 93.92
Simulation time per epoch: 0.074078818; Gradient computation time: 0.180576141; Testing time: 0.08295674
Epoch: 15000; Computation time: 5120.915447788; Current value of V(0): 61345.269775390625
Lagrangian objective: -508.0067; Average H(x0): 544.7284; Quantile-hedge α(β): 93.94
Simulation time per epoch: 0.074080716; Gradient computation time: 0.182280699; Testing time: 0.082981522
Epoch: 16000; Computation time: 5459.042431906; Current value of V(0): 61167.535400390625
Lagrangian objective: -514.01965; Average H(x0): 545.7604; Quantile-hedge α(β): 94.17999999999999
Simulation time per epoch: 0.074575274; Gradient computation time: 0.180698809; Testing time: 0.083172456
Epoch: 17000; Computation time: 5797.134588257; Current value of V(0): 60641.36962890625
Lagrangian objective: -510.06686; Average H(x0): 538.5196; Quantile-hedge α(β): 95.06
Simulation time per epoch: 0.074092206; Gradient computation time: 0.180368857; Testing time: 0.082849729
Epoch: 18000; Computation time: 6135.178425617; Current value of V(0): 59997.00927734375
Lagrangian objective: -510.48935; Average H(x0): 538.1061; Quantile-hedge α(β): 94.62
Simulation time per epoch: 0.074156894; Gradient computation time: 0.180648324; Testing time: 0.08295543
Epoch: 19000; Computation time: 6473.133987969; Current value of V(0): 60281.292724609375
Lagrangian objective: -507.1073; Average H(x0): 547.49097; Quantile-hedge α(β): 93.26
Simulation time per epoch: 0.074199479; Gradient computation time: 0.18048452; Testing time: 0.082960388
-----------------------------------------
Epoch: 20000; Penalty β updated to: 1.0e6
-----------------------------------------
Epoch: 20000; Computation time: 6811.048741501; Current value of V(0): 59319.512939453125
Lagrangian objective: 2918.7583; Average H(x0): 538.4418; Quantile-hedge α(β): 93.94
Simulation time per epoch: 0.073879893; Gradient computation time: 0.18210444; Testing time: 0.083056322
Epoch: 21000; Computation time: 7149.114302746; Current value of V(0): 52492.49267578125
Lagrangian objective: -394.57092; Average H(x0): 431.25494; Quantile-hedge α(β): 99.94
Simulation time per epoch: 0.074168225; Gradient computation time: 0.18094115; Testing time: 0.082905554
Epoch: 22000; Computation time: 7487.21202876; Current value of V(0): 53010.040283203125
Lagrangian objective: -391.87027; Average H(x0): 438.9573; Quantile-hedge α(β): 99.9
Simulation time per epoch: 0.074184589; Gradient computation time: 0.180467443; Testing time: 0.083087241
Epoch: 23000; Computation time: 7825.521912662; Current value of V(0): 51702.313232421875
Lagrangian objective: -407.17276; Average H(x0): 418.00574; Quantile-hedge α(β): 99.9
Simulation time per epoch: 0.073930238; Gradient computation time: 0.181087523; Testing time: 0.083168963
Epoch: 24000; Computation time: 8164.358969286; Current value of V(0): 51758.837890625
Lagrangian objective: -359.18106; Average H(x0): 422.6569; Quantile-hedge α(β): 99.56
Simulation time per epoch: 0.073891811; Gradient computation time: 0.181562074; Testing time: 0.08322387
Epoch: 25000; Computation time: 8502.545565024; Current value of V(0): 51260.3759765625
Lagrangian objective: -413.1668; Average H(x0): 413.47104; Quantile-hedge α(β): 99.98
Simulation time per epoch: 0.074070133; Gradient computation time: 0.181049532; Testing time: 0.08312773
Epoch: 26000; Computation time: 8841.366736913; Current value of V(0): 50978.1005859375
Lagrangian objective: -405.2144; Average H(x0): 408.9007; Quantile-hedge α(β): 99.94
Simulation time per epoch: 0.073862069; Gradient computation time: 0.181822243; Testing time: 0.083425429
Epoch: 27000; Computation time: 9181.437198608; Current value of V(0): 49767.92297363281
Lagrangian objective: -385.53564; Average H(x0): 397.87277; Quantile-hedge α(β): 99.94
Simulation time per epoch: 0.074021793; Gradient computation time: 0.181840927; Testing time: 0.083474036
Epoch: 28000; Computation time: 9521.554110711; Current value of V(0): 49693.75305175781
Lagrangian objective: -397.69562; Average H(x0): 399.6414; Quantile-hedge α(β): 99.96000000000001
Simulation time per epoch: 0.073978128; Gradient computation time: 0.182086335; Testing time: 0.083559423
Epoch: 29000; Computation time: 9861.772805062; Current value of V(0): 50896.734619140625
Lagrangian objective: -415.5412; Average H(x0): 415.54135; Quantile-hedge α(β): 99.98
Simulation time per epoch: 0.074112079; Gradient computation time: 0.182274225; Testing time: 0.083401694
Epoch: 30000; Computation time: 10201.865494475; Current value of V(0): 51348.907470703125
Lagrangian objective: -411.53006; Average H(x0): 424.2292; Quantile-hedge α(β): 99.94
Simulation time per epoch: 0.073891981; Gradient computation time: 0.182225541; Testing time: 0.083532649
Epoch: 31000; Computation time: 10541.781755078; Current value of V(0): 52174.798583984375
Lagrangian objective: -423.7049; Average H(x0): 434.90756; Quantile-hedge α(β): 99.9
Simulation time per epoch: 0.073924806; Gradient computation time: 0.181829849; Testing time: 0.083534501
Epoch: 32000; Computation time: 10881.858765074; Current value of V(0): 52428.30810546875
Lagrangian objective: -416.45044; Average H(x0): 437.5128; Quantile-hedge α(β): 99.9
Simulation time per epoch: 0.074045815; Gradient computation time: 0.182059082; Testing time: 0.083412734
Epoch: 33000; Computation time: 11221.821802847; Current value of V(0): 52812.432861328125
Lagrangian objective: -421.1326; Average H(x0): 442.15955; Quantile-hedge α(β): 99.86
Simulation time per epoch: 0.073978799; Gradient computation time: 0.181858437; Testing time: 0.0833815
Epoch: 34000; Computation time: 11561.718604819; Current value of V(0): 52870.025634765625
Lagrangian objective: -414.2532; Average H(x0): 442.2201; Quantile-hedge α(β): 99.82
Simulation time per epoch: 0.073968321; Gradient computation time: 0.181894598; Testing time: 0.083378096
Epoch: 35000; Computation time: 11901.73410319; Current value of V(0): 52709.0576171875
Lagrangian objective: -423.06946; Average H(x0): 439.5001; Quantile-hedge α(β): 99.9
Simulation time per epoch: 0.074083911; Gradient computation time: 0.181934833; Testing time: 0.083505638
Epoch: 36000; Computation time: 12241.736270037; Current value of V(0): 52943.182373046875
Lagrangian objective: -428.0976; Average H(x0): 442.7409; Quantile-hedge α(β): 99.88
Simulation time per epoch: 0.073874437; Gradient computation time: 0.181995819; Testing time: 0.083459163
Epoch: 37000; Computation time: 12581.540188495; Current value of V(0): 53019.549560546875
Lagrangian objective: -435.10956; Average H(x0): 443.5889; Quantile-hedge α(β): 99.76
Simulation time per epoch: 0.073866643; Gradient computation time: 0.181835187; Testing time: 0.083295283
Epoch: 38000; Computation time: 12921.494523712; Current value of V(0): 53039.007568359375
Lagrangian objective: -436.66586; Average H(x0): 443.78555; Quantile-hedge α(β): 99.92
Simulation time per epoch: 0.07335433; Gradient computation time: 0.181906717; Testing time: 0.083334754
Epoch: 39000; Computation time: 13261.441373635; Current value of V(0): 53141.9677734375
Lagrangian objective: -438.7641; Average H(x0): 444.94495; Quantile-hedge α(β): 99.8
Simulation time per epoch: 0.073938714; Gradient computation time: 0.182467224; Testing time: 0.08335021
Epoch: 40000; Computation time: 13601.420139523; Current value of V(0): 53046.392822265625
Lagrangian objective: -417.02884; Average H(x0): 443.53165; Quantile-hedge α(β): 99.88
Simulation time per epoch: 0.073892459; Gradient computation time: 0.182526796; Testing time: 0.083568315

Training completed in 13601.420281732 seconds
Final V(0): 53047.076416015625

============================================================
Running policy evaluation...
============================================================


============================================================
INVENTORY PROBLEM (unscaled, weekly)
============================================================
Dimension:       50
Discount factor: 0.9990389236684376
Fixed cost:      250.0
Variable costs:  [0.1, 0.1, 0.1, 0.1, 0.1, 0.1, 0.1, 0.1, 0.1, 0.1, 0.1, 0.1, 0.1, 0.1, 0.1, 0.2, 0.2, 0.2, 0.2, 0.2, 0.2, 0.2, 0.2, 0.2, 0.2, 0.2, 0.2, 0.2, 0.2, 0.2, 0.4, 0.4, 0.4, 0.4, 0.4, 0.4, 0.4, 0.4, 0.4, 0.4, 0.4, 0.4, 0.4, 0.4, 0.4, 0.4, 0.4, 0.4, 0.4, 0.4]
Holding costs:   [0.019230769230769232, 0.019230769230769232, 0.019230769230769232, 0.019230769230769232, 0.019230769230769232, 0.019230769230769232, 0.019230769230769232, 0.019230769230769232, 0.019230769230769232, 0.019230769230769232, 0.019230769230769232, 0.019230769230769232, 0.019230769230769232, 0.019230769230769232, 0.019230769230769232, 0.038461538461538464, 0.038461538461538464, 0.038461538461538464, 0.038461538461538464, 0.038461538461538464, 0.038461538461538464, 0.038461538461538464, 0.038461538461538464, 0.038461538461538464, 0.038461538461538464, 0.038461538461538464, 0.038461538461538464, 0.038461538461538464, 0.038461538461538464, 0.038461538461538464, 0.07692307692307693, 0.07692307692307693, 0.07692307692307693, 0.07692307692307693, 0.07692307692307693, 0.07692307692307693, 0.07692307692307693, 0.07692307692307693, 0.07692307692307693, 0.07692307692307693, 0.07692307692307693, 0.07692307692307693, 0.07692307692307693, 0.07692307692307693, 0.07692307692307693, 0.07692307692307693, 0.07692307692307693, 0.07692307692307693, 0.07692307692307693, 0.07692307692307693]
Backlog costs:   [0.4807692307692308, 0.4807692307692308, 0.4807692307692308, 0.4807692307692308, 0.4807692307692308, 0.4807692307692308, 0.4807692307692308, 0.4807692307692308, 0.4807692307692308, 0.4807692307692308, 0.4807692307692308, 0.4807692307692308, 0.4807692307692308, 0.4807692307692308, 0.4807692307692308, 0.9615384615384616, 0.9615384615384616, 0.9615384615384616, 0.9615384615384616, 0.9615384615384616, 0.9615384615384616, 0.9615384615384616, 0.9615384615384616, 0.9615384615384616, 0.9615384615384616, 0.9615384615384616, 0.9615384615384616, 0.9615384615384616, 0.9615384615384616, 0.9615384615384616, 1.9230769230769231, 1.9230769230769231, 1.9230769230769231, 1.9230769230769231, 1.9230769230769231, 1.9230769230769231, 1.9230769230769231, 1.9230769230769231, 1.9230769230769231, 1.9230769230769231, 1.9230769230769231, 1.9230769230769231, 1.9230769230769231, 1.9230769230769231, 1.9230769230769231, 1.9230769230769231, 1.9230769230769231, 1.9230769230769231, 1.9230769230769231, 1.9230769230769231]
Demand dists:    DataType[Distributions.Poisson{Float64}, Distributions.Poisson{Float64}, Distributions.Poisson{Float64}, Distributions.Poisson{Float64}, Distributions.Poisson{Float64}, Distributions.Poisson{Float64}, Distributions.Poisson{Float64}, Distributions.Poisson{Float64}, Distributions.Poisson{Float64}, Distributions.Poisson{Float64}, Distributions.Poisson{Float64}, Distributions.Poisson{Float64}, Distributions.Poisson{Float64}, Distributions.Poisson{Float64}, Distributions.Poisson{Float64}, Distributions.Poisson{Float64}, Distributions.Poisson{Float64}, Distributions.Poisson{Float64}, Distributions.Poisson{Float64}, Distributions.Poisson{Float64}, Distributions.Poisson{Float64}, Distributions.Poisson{Float64}, Distributions.Poisson{Float64}, Distributions.Poisson{Float64}, Distributions.Poisson{Float64}, Distributions.Poisson{Float64}, Distributions.Poisson{Float64}, Distributions.Poisson{Float64}, Distributions.Poisson{Float64}, Distributions.Poisson{Float64}, Distributions.Poisson{Float64}, Distributions.Poisson{Float64}, Distributions.Poisson{Float64}, Distributions.Poisson{Float64}, Distributions.Poisson{Float64}, Distributions.Poisson{Float64}, Distributions.Poisson{Float64}, Distributions.Poisson{Float64}, Distributions.Poisson{Float64}, Distributions.Poisson{Float64}, Distributions.Poisson{Float64}, Distributions.Poisson{Float64}, Distributions.Poisson{Float64}, Distributions.Poisson{Float64}, Distributions.Poisson{Float64}, Distributions.Poisson{Float64}, Distributions.Poisson{Float64}, Distributions.Poisson{Float64}, Distributions.Poisson{Float64}, Distributions.Poisson{Float64}]
Demand means:    [0.9615384615384616, 0.9615384615384616, 0.9615384615384616, 0.9615384615384616, 0.9615384615384616, 0.9615384615384616, 0.9615384615384616, 0.9615384615384616, 0.9615384615384616, 0.9615384615384616, 0.9615384615384616, 0.9615384615384616, 0.9615384615384616, 0.9615384615384616, 0.9615384615384616, 0.4807692307692308, 0.4807692307692308, 0.4807692307692308, 0.4807692307692308, 0.4807692307692308, 0.4807692307692308, 0.4807692307692308, 0.4807692307692308, 0.4807692307692308, 0.4807692307692308, 0.4807692307692308, 0.4807692307692308, 0.4807692307692308, 0.4807692307692308, 0.4807692307692308, 0.2403846153846154, 0.2403846153846154, 0.2403846153846154, 0.2403846153846154, 0.2403846153846154, 0.2403846153846154, 0.2403846153846154, 0.2403846153846154, 0.2403846153846154, 0.2403846153846154, 0.2403846153846154, 0.2403846153846154, 0.2403846153846154, 0.2403846153846154, 0.2403846153846154, 0.2403846153846154, 0.2403846153846154, 0.2403846153846154, 0.2403846153846154, 0.2403846153846154]
============================================================

==================================================
Computing order-up-to vector via :solve_inf
==================================================

Method: solve_inf
Final objective: 436.86750299485607
z*: [11.0, 15.20116265063569, 14.632608291560478, 13.670591071780297, 21.96061832825862, 11.0, 16.75415313961351, 12.68526873144561, 15.77008828408801, 12.984823730218071, 11.0, 14.687447979844135, 13.06271240298125, 17.288673338777738, 19.677495333295113, 6.0, 7.7086043373776505, 6.1575030043801595, 6.0, 6.0, 7.6829277936488, 6.0, 6.0, 6.0, 6.0, 6.0, 8.75036096676221, 6.0, 6.781003317426667, 6.0, 3.5, 3.5, 3.5, 3.5, 3.5, 3.5, 3.5, 3.5, 3.5, 3.5, 3.5, 3.5, 3.5, 3.5, 3.5, 3.5, 3.5, 3.5, 3.5, 3.5]
Intervention value: 91.10326116530018

==================================================
Computing order-up-to vector via :find_stationary
==================================================

Method: find_stationary
Final residual: 0.04544318049204033
z*: [22.0, 22.0, 22.0, 22.0, 22.0, 22.0, 22.0, 22.0, 22.0, 22.0, 22.0, 22.0, 22.0, 22.0, 22.0, 12.0, 12.0, 12.0, 12.0, 12.0, 12.0, 12.0, 12.0, 12.0, 12.0, 12.0, 12.0, 12.0, 12.0, 12.0, 7.0, 7.0, 7.0, 7.0, 7.0, 7.0, 7.0, 7.0, 7.0, 7.0, 7.0, 7.0, 7.0, 7.0, 7.0, 7.0, 7.0, 7.0, 7.0, 7.0]
Intervention value: 84.73773193359375

==================================================
Summary:
  solve_inf:       z* = [11, 15, 15, 14, 22, 11, 17, 13, 16, 13, 11, 15, 13, 17, 20, 6, 8, 6, 6, 6, 8, 6, 6, 6, 6, 6, 9, 6, 7, 6, 4, 4, 4, 4, 4, 4, 4, 4, 4, 4, 4, 4, 4, 4, 4, 4, 4, 4, 4, 4]
  find_stationary: z* = [22, 22, 22, 22, 22, 22, 22, 22, 22, 22, 22, 22, 22, 22, 22, 12, 12, 12, 12, 12, 12, 12, 12, 12, 12, 12, 12, 12, 12, 12, 7, 7, 7, 7, 7, 7, 7, 7, 7, 7, 7, 7, 7, 7, 7, 7, 7, 7, 7, 7]
==================================================

============================================================
Evaluating method: solve_inf
============================================================

----------------------------------------
Evaluating ε = -1.25
----------------------------------------
Mean cost: 41199.50068356114 ± 64.59117501248238
  Inventory costs: 14892.622812827956
  Variable costs:  5002.73546982902
  Fixed costs:     21304.142400904235
  Simulation time: 597.5s

----------------------------------------
Evaluating ε = -2.5
----------------------------------------
Mean cost: 41350.044864681 ± 61.66611866870172
  Inventory costs: 15475.928701602006
  Variable costs:  5013.15617083722
  Fixed costs:     20860.959992241736
  Simulation time: 592.6s

----------------------------------------
Evaluating ε = -5.0
----------------------------------------
Mean cost: 41468.74814611819 ± 88.1067690483578
  Inventory costs: 16692.092229656642
  Variable costs:  4994.960692164257
  Fixed costs:     19781.69522429721
  Simulation time: 599.6s

----------------------------------------
Evaluating ε = -7.5
----------------------------------------
Mean cost: 41855.204748310614 ± 39.389839143076
  Inventory costs: 17922.353745973913
  Variable costs:  4990.976509654525
  Fixed costs:     18941.874492682193
  Simulation time: 606.7s

----------------------------------------
Evaluating ε = -10.0
----------------------------------------
Mean cost: 42450.45946095645 ± 66.055264442266
  Inventory costs: 19171.09405225631
  Variable costs:  5005.27943724082
  Fixed costs:     18274.08597145936
  Simulation time: 603.2s

----------------------------------------
Evaluating ε = -12.5
----------------------------------------
Mean cost: 43316.43026735358 ± 82.19444802476056
  Inventory costs: 20581.597777709103
  Variable costs:  4998.878350101644
  Fixed costs:     17735.95413954276
  Simulation time: 603.4s

----------------------------------------
Evaluating ε = -15.0
----------------------------------------
Mean cost: 43962.71772114433 ± 39.94976121891258
  Inventory costs: 21818.792398623245
  Variable costs:  4985.710474806119
  Fixed costs:     17158.214847714997
  Simulation time: 602.3s

----------------------------------------
Evaluating ε = -20.0
----------------------------------------
Mean cost: 45706.70333653634 ± 102.11243543066999
  Inventory costs: 24383.798217047297
  Variable costs:  4997.223751989991
  Fixed costs:     16325.681367499119
  Simulation time: 600.7s

----------------------------------------
Evaluating ε = -25.0
----------------------------------------
Mean cost: 47532.054277279625 ± 74.17556700330987
  Inventory costs: 26975.627758765222
  Variable costs:  4984.399433215506
  Fixed costs:     15572.027085298882
  Simulation time: 592.5s

----------------------------------------
Evaluating ε = -30.0
----------------------------------------
Mean cost: 49588.359523120074 ± 115.44774818417889
  Inventory costs: 29545.625065122305
  Variable costs:  5002.277291222433
  Fixed costs:     15040.45716677528
  Simulation time: 591.2s

----------------------------------------
Evaluating ε = -40.0
----------------------------------------
Mean cost: 54090.90805445767 ± 56.050271279927266
  Inventory costs: 35070.89771041533
  Variable costs:  4996.950486011994
  Fixed costs:     14023.059858030343
  Simulation time: 593.8s

----------------------------------------
Evaluating ε = -50.0
----------------------------------------
Mean cost: 58919.68117254167 ± 116.17977330720677
  Inventory costs: 40756.10524570297
  Variable costs:  4982.943292128262
  Fixed costs:     13180.632634710451
  Simulation time: 594.2s

----------------------------------------
Evaluating ε = -75.0
----------------------------------------
Mean cost: 72215.20647786467 ± 88.8677781170266
  Inventory costs: 55536.42013281603
  Variable costs:  4990.40968865699
  Fixed costs:     11688.376656391523
  Simulation time: 588.7s

----------------------------------------
Evaluating ε = -100.0
----------------------------------------
Mean cost: 86974.67794500221 ± 163.68604445010735
  Inventory costs: 71421.42544340764
  Variable costs:  4981.816647041878
  Fixed costs:     10571.435854552747
  Simulation time: 570.2s

==================================================
Best epsilon: -1.25 with cost: 41199.50068356114 ± 64.59117501248238
==================================================

============================================================
Evaluating method: find_stationary
============================================================

----------------------------------------
Evaluating ε = -1.25
----------------------------------------
Mean cost: 36247.94680819641 ± 59.89574838341787
  Inventory costs: 18486.7716679379
  Variable costs:  5048.163950100711
  Fixed costs:     12713.011190157815
  Simulation time: 569.7s

----------------------------------------
Evaluating ε = -2.5
----------------------------------------
Mean cost: 36108.37187418 ± 49.70665653660216
  Inventory costs: 18618.212971520763
  Variable costs:  5029.975013357804
  Fixed costs:     12460.18388930145
  Simulation time: 568.9s

----------------------------------------
Evaluating ε = -5.0
----------------------------------------
Mean cost: 36520.13476475342 ± 51.00630459936302
  Inventory costs: 19313.13811620525
  Variable costs:  5044.358178928052
  Fixed costs:     12162.638469620037
  Simulation time: 580.0s

----------------------------------------
Evaluating ε = -7.5
----------------------------------------
Mean cost: 36835.912706325864 ± 38.48080526934392
  Inventory costs: 20010.092025479717
  Variable costs:  5031.414535486421
  Fixed costs:     11794.406145359726
  Simulation time: 565.1s

----------------------------------------
Evaluating ε = -10.0
----------------------------------------
Mean cost: 37251.87562030168 ± 48.28123425744576
  Inventory costs: 20871.489126168144
  Variable costs:  5022.74878840985
  Fixed costs:     11357.637705723679
  Simulation time: 564.6s

----------------------------------------
Evaluating ε = -12.5
----------------------------------------
Mean cost: 37774.631172750545 ± 48.028564566220474
  Inventory costs: 21623.98876346703
  Variable costs:  5031.64087179271
  Fixed costs:     11119.001537490809
  Simulation time: 432.1s

----------------------------------------
Evaluating ε = -15.0
----------------------------------------
Mean cost: 38489.81988278935 ± 54.16103604179572
  Inventory costs: 22592.722925273854
  Variable costs:  5024.462179999158
  Fixed costs:     10872.634777516332
  Simulation time: 439.4s

----------------------------------------
Evaluating ε = -20.0
----------------------------------------
Mean cost: 39842.668558511374 ± 57.90657498072453
  Inventory costs: 24372.275578255467
  Variable costs:  5030.93286171115
  Fixed costs:     10439.460118544801
  Simulation time: 435.0s

----------------------------------------
Evaluating ε = -25.0
----------------------------------------
Mean cost: 41412.98576871773 ± 88.44133070710426
  Inventory costs: 26300.54069130143
  Variable costs:  5020.65916853451
  Fixed costs:     10091.785908881782
  Simulation time: 442.6s

----------------------------------------
Evaluating ε = -30.0
----------------------------------------
Mean cost: 42869.92490145948 ± 69.60135891734413
  Inventory costs: 28042.25469335933
  Variable costs:  5014.199530874273
  Fixed costs:     9813.47067722594
  Simulation time: 432.9s

----------------------------------------
Evaluating ε = -40.0
----------------------------------------
Mean cost: 46202.52508517237 ± 70.8307004141615
  Inventory costs: 31876.736907367
  Variable costs:  5009.530972275436
  Fixed costs:     9316.257205529975
  Simulation time: 436.4s

----------------------------------------
Evaluating ε = -50.0
----------------------------------------
Mean cost: 50269.51807506572 ± 95.97845660923792
  Inventory costs: 36304.01125811422
  Variable costs:  5022.01378399505
  Fixed costs:     8943.493032956449
  Simulation time: 440.8s

----------------------------------------
Evaluating ε = -75.0
----------------------------------------
Mean cost: 60503.64519580258 ± 75.74908265224026
  Inventory costs: 47323.7209673652
  Variable costs:  5018.326458154197
  Fixed costs:     8161.597770283183
  Simulation time: 436.2s

----------------------------------------
Evaluating ε = -100.0
----------------------------------------
Mean cost: 72446.54528951933 ± 177.4841599485469
  Inventory costs: 59843.140026568944
  Variable costs:  5018.884951205967
  Fixed costs:     7584.520311744391
  Simulation time: 449.6s

==================================================
Best epsilon: -2.5 with cost: 36108.37187418 ± 49.70665653660216
==================================================
Skipping save for solve_inf: existing cost 35985.163448135194 <= new cost 41199.50068356114
Skipping save for find_stationary: existing cost 35940.767677517724 <= new cost 36108.37187418

============================================================
FINAL RESULTS SUMMARY
============================================================

Method: solve_inf
  Order-up-to vector: [11, 15, 15, 14, 22, 11, 17, 13, 16, 13, 11, 15, 13, 17, 20, 6, 8, 6, 6, 6, 8, 6, 6, 6, 6, 6, 9, 6, 7, 6, 4, 4, 4, 4, 4, 4, 4, 4, 4, 4, 4, 4, 4, 4, 4, 4, 4, 4, 4, 4]
  Best epsilon: -1.25
  Best cost: 41199.50068356114 ± 64.59117501248238

Method: find_stationary
  Order-up-to vector: [22, 22, 22, 22, 22, 22, 22, 22, 22, 22, 22, 22, 22, 22, 22, 12, 12, 12, 12, 12, 12, 12, 12, 12, 12, 12, 12, 12, 12, 12, 7, 7, 7, 7, 7, 7, 7, 7, 7, 7, 7, 7, 7, 7, 7, 7, 7, 7, 7, 7]
  Best epsilon: -2.5
  Best cost: 36108.37187418 ± 49.70665653660216

============================================================
Complete! Per-method results saved to:
  output/nn_training/results_50D_CaseLH_solve_inf.json
  output/nn_training/results_50D_CaseLH_find_stationary.json
============================================================

  Activating project at `~/DeepSJRP`
[ Info:  started timer at: 2026-04-25T20:28:23.262
┌ Warning: Layer with Float32 parameters got Float64 input.
│   The input will be converted, but any earlier layers may be very slow.
│   layer = Dense(50 => 1000, elu)  # 51_000 parameters
│   summary(x) = "50-element Vector{Float64}"
└ @ Flux ~/.julia/packages/Flux/DZYiO/src/layers/stateless.jl:60
RUNNING THE L-BFGS-B CODE

           * * *

Machine precision = 2.220D-16
 N =           50     M =           10

At X0         0 variables are exactly at the bounds

At iterate    0    f=  4.43233D+02    |proj g|=  4.52374D-02

At iterate    1    f=  4.43217D+02    |proj g|=  4.56010D-02
  ys=-1.378E-04  -gs= 1.624E-02 BFGS update SKIPPED

At iterate    2    f=  4.41994D+02    |proj g|=  5.61030D-02

At iterate    3    f=  4.41502D+02    |proj g|=  7.54126D-02

At iterate    4    f=  4.40911D+02    |proj g|=  7.23282D-02

At iterate    5    f=  4.40209D+02    |proj g|=  8.12125D-02

At iterate    6    f=  4.39805D+02    |proj g|=  7.44313D-02

At iterate    7    f=  4.39256D+02    |proj g|=  6.57106D-02

At iterate    8    f=  4.38883D+02    |proj g|=  6.25974D-02

At iterate    9    f=  4.38631D+02    |proj g|=  6.50103D-02

At iterate   10    f=  4.38468D+02    |proj g|=  1.52000D-01

At iterate   11    f=  4.37946D+02    |proj g|=  5.13789D-02

At iterate   12    f=  4.37651D+02    |proj g|=  4.41365D-02

At iterate   13    f=  4.37394D+02    |proj g|=  9.05180D-02

At iterate   14    f=  4.37271D+02    |proj g|=  9.15413D-02

At iterate   15    f=  4.37141D+02    |proj g|=  5.40334D-02

At iterate   16    f=  4.37058D+02    |proj g|=  3.15344D-02

At iterate   17    f=  4.37005D+02    |proj g|=  2.20948D-02

At iterate   18    f=  4.36974D+02    |proj g|=  2.38077D-02

At iterate   19    f=  4.36948D+02    |proj g|=  2.12017D-02

At iterate   20    f=  4.36929D+02    |proj g|=  2.08224D-02

At iterate   21    f=  4.36914D+02    |proj g|=  1.34187D-02

At iterate   22    f=  4.36896D+02    |proj g|=  1.84732D-02

At iterate   23    f=  4.36888D+02    |proj g|=  1.23853D-02

At iterate   24    f=  4.36880D+02    |proj g|=  1.51866D-02

At iterate   25    f=  4.36877D+02    |proj g|=  1.14487D-02

At iterate   26    f=  4.36870D+02    |proj g|=  1.15262D-02

At iterate   27    f=  4.36868D+02    |proj g|=  7.92874D-03

           * * *

Tit   = total number of iterations
Tnf   = total number of function evaluations
Tnint = total number of segments explored during Cauchy searches
Skip  = number of BFGS updates skipped
Nact  = number of active bounds at final generalized Cauchy point
Projg = norm of the final projected gradient
F     = final function value

           * * *

   N    Tit     Tnf  Tnint  Skip  Nact     Projg        F
   50     27     32     41     1    33   7.929D-03   4.369D+02
  F =   436.86750299485607     

CONVERGENCE: NORM_OF_PROJECTED_GRADIENT_<=_PGTOL            

 Cauchy                time 0.000E+00 seconds.
 Subspace minimization time 0.000E+00 seconds.
 Line search           time 5.371E-02 seconds.

 Total User time 2.867E+00 seconds.

RUNNING THE L-BFGS-B CODE

           * * *

Machine precision = 2.220D-16
 N =           50     M =           10

At X0         0 variables are exactly at the bounds

At iterate    0    f=  2.06508D-03    |proj g|=  9.49162D-07

           * * *

Tit   = total number of iterations
Tnf   = total number of function evaluations
Tnint = total number of segments explored during Cauchy searches
Skip  = number of BFGS updates skipped
Nact  = number of active bounds at final generalized Cauchy point
Projg = norm of the final projected gradient
F     = final function value

           * * *

   N    Tit     Tnf  Tnint  Skip  Nact     Projg        F
   50      0      1      0     0     0   9.492D-07   2.065D-03
  F =   2.0650826532321552E-003

CONVERGENCE: NORM_OF_PROJECTED_GRADIENT_<=_PGTOL            

 Cauchy                time 0.000E+00 seconds.
 Subspace minimization time 0.000E+00 seconds.
 Line search           time 0.000E+00 seconds.

 Total User time 3.301E-01 seconds.

