
============================================================
DeepSJRP - Stochastic Joint Replenishment Problem Solver
============================================================
Instance: 50D_CaseLL
Options: Dict{Symbol, Any}(:beta_override => 100000.0, :alpha_override => nothing, :device => :gpu, :nu_override => 0.4, :T_override => 0.2, :seed => 777)
============================================================

Device: CUDA GPU
CUDA toolchain: 
- runtime 12.8, local installation
- driver 580.126.16 for 13.2
- compiler 12.9

CUDA libraries: 
- CUBLAS: 12.8.4
- CURAND: 10.3.9
- CUFFT: 11.3.3
- CUSOLVER: 11.7.3
- CUSPARSE: 12.5.8
- CUPTI: 2025.1.1 (API 12.8.0)
- NVML: 13.0.0+580.126.16

Julia packages: 
- CUDA: 5.11.0
- GPUArrays: 11.4.1
- GPUCompiler: 1.9.1
- KernelAbstractions: 0.9.41
- CUDA_Driver_jll: 13.2.0+0
- CUDA_Compiler_jll: 0.4.2+0
- CUDA_Runtime_jll: 0.21.0+0
- CUDA_Runtime_Discovery: 1.0.0

Toolchain:
- Julia: 1.11.7
- LLVM: 16.0.6

Preferences:
- CUDA_Runtime_jll.version: local

1 device:
  0: NVIDIA H100 80GB HBM3 (sm_90, 79.175 GiB / 79.647 GiB available)
BLAS threads: 1
Julia threads: 10

Benchmark source: QS

============================================================
IMPULSE CONTROL PROBLEM (scaled, annual)
============================================================
Instance: 50D_CaseLL
Dimension: 50
Interest rate: 0.05
Cost scaling κ: 0.01

Drift μ (annual demand rates): [50.0, 50.0, 50.0, 50.0, 50.0, 50.0, 50.0, 50.0, 50.0, 50.0, 50.0, 50.0, 50.0, 50.0, 50.0, 25.0, 25.0, 25.0, 25.0, 25.0, 25.0, 25.0, 25.0, 25.0, 25.0, 25.0, 25.0, 25.0, 25.0, 25.0, 12.5, 12.5, 12.5, 12.5, 12.5, 12.5, 12.5, 12.5, 12.5, 12.5, 12.5, 12.5, 12.5, 12.5, 12.5, 12.5, 12.5, 12.5, 12.5, 12.5]
Covariance Σ diagonal: [50.0, 50.0, 50.0, 50.0, 50.0, 50.0, 50.0, 50.0, 50.0, 50.0, 50.0, 50.0, 50.0, 50.0, 50.0, 25.0, 25.0, 25.0, 25.0, 25.0, 25.0, 25.0, 25.0, 25.0, 25.0, 25.0, 25.0, 25.0, 25.0, 25.0, 12.5, 12.5, 12.5, 12.5, 12.5, 12.5, 12.5, 12.5, 12.5, 12.5, 12.5, 12.5, 12.5, 12.5, 12.5, 12.5, 12.5, 12.5, 12.5, 12.5]

Scaled costs (× κ = 0.01):
  Fixed cost K:    0.5
  Variable costs c: [0.001, 0.001, 0.001, 0.001, 0.001, 0.001, 0.001, 0.001, 0.001, 0.001, 0.001, 0.001, 0.001, 0.001, 0.001, 0.002, 0.002, 0.002, 0.002, 0.002, 0.002, 0.002, 0.002, 0.002, 0.002, 0.002, 0.002, 0.002, 0.002, 0.002, 0.004, 0.004, 0.004, 0.004, 0.004, 0.004, 0.004, 0.004, 0.004, 0.004, 0.004, 0.004, 0.004, 0.004, 0.004, 0.004, 0.004, 0.004, 0.004, 0.004]
  Holding costs h:  [0.01, 0.01, 0.01, 0.01, 0.01, 0.01, 0.01, 0.01, 0.01, 0.01, 0.01, 0.01, 0.01, 0.01, 0.01, 0.02, 0.02, 0.02, 0.02, 0.02, 0.02, 0.02, 0.02, 0.02, 0.02, 0.02, 0.02, 0.02, 0.02, 0.02, 0.04, 0.04, 0.04, 0.04, 0.04, 0.04, 0.04, 0.04, 0.04, 0.04, 0.04, 0.04, 0.04, 0.04, 0.04, 0.04, 0.04, 0.04, 0.04, 0.04]
  Penalty costs p:  [0.25, 0.25, 0.25, 0.25, 0.25, 0.25, 0.25, 0.25, 0.25, 0.25, 0.25, 0.25, 0.25, 0.25, 0.25, 0.5, 0.5, 0.5, 0.5, 0.5, 0.5, 0.5, 0.5, 0.5, 0.5, 0.5, 0.5, 0.5, 0.5, 0.5, 1.0, 1.0, 1.0, 1.0, 1.0, 1.0, 1.0, 1.0, 1.0, 1.0, 1.0, 1.0, 1.0, 1.0, 1.0, 1.0, 1.0, 1.0, 1.0, 1.0]

Original costs (unscaled):
  Fixed cost K:    50.0
  Variable costs c: [0.1, 0.1, 0.1, 0.1, 0.1, 0.1, 0.1, 0.1, 0.1, 0.1, 0.1, 0.1, 0.1, 0.1, 0.1, 0.2, 0.2, 0.2, 0.2, 0.2, 0.2, 0.2, 0.2, 0.2, 0.2, 0.2, 0.2, 0.2, 0.2, 0.2, 0.4, 0.4, 0.4, 0.4, 0.4, 0.4, 0.4, 0.4, 0.4, 0.4, 0.4, 0.4, 0.4, 0.4, 0.4, 0.4, 0.4, 0.4, 0.4, 0.4]
  Holding costs h:  [1.0, 1.0, 1.0, 1.0, 1.0, 1.0, 1.0, 1.0, 1.0, 1.0, 1.0, 1.0, 1.0, 1.0, 1.0, 2.0, 2.0, 2.0, 2.0, 2.0, 2.0, 2.0, 2.0, 2.0, 2.0, 2.0, 2.0, 2.0, 2.0, 2.0, 4.0, 4.0, 4.0, 4.0, 4.0, 4.0, 4.0, 4.0, 4.0, 4.0, 4.0, 4.0, 4.0, 4.0, 4.0, 4.0, 4.0, 4.0, 4.0, 4.0]
  Penalty costs p:  [25.0, 25.0, 25.0, 25.0, 25.0, 25.0, 25.0, 25.0, 25.0, 25.0, 25.0, 25.0, 25.0, 25.0, 25.0, 50.0, 50.0, 50.0, 50.0, 50.0, 50.0, 50.0, 50.0, 50.0, 50.0, 50.0, 50.0, 50.0, 50.0, 50.0, 100.0, 100.0, 100.0, 100.0, 100.0, 100.0, 100.0, 100.0, 100.0, 100.0, 100.0, 100.0, 100.0, 100.0, 100.0, 100.0, 100.0, 100.0, 100.0, 100.0]
============================================================

============================================================
TRAINING HYPERPARAMETERS
============================================================
Benchmark source: QS
Precision:        Float32
Batch size:       5000
Num intervals:    100
T horizon:        0.2
Num iterations:   40000
Learning rates:   [0.001, 0.0002, 0.0001, 1.0e-5, 1.0e-6]
LR steps:         [1, 5000, 10000, 20000, 30000]
Beta penalty:     [1.0, 10.0, 100.0, 1000.0, 10000.0, 100000.0]
Penalty steps:    [1, 2500, 5000, 7500, 10000, 20000]
Lambda rate:      5.872242335766425
S guess:          [[11.0, 11.0, 11.0, 11.0, 11.0, 11.0, 11.0, 11.0, 11.0, 11.0, 11.0, 11.0, 11.0, 11.0, 11.0, 6.0, 6.0, 6.0, 6.0, 6.0, 6.0, 6.0, 6.0, 6.0, 6.0, 6.0, 6.0, 6.0, 6.0, 6.0, 4.0, 4.0, 4.0, 4.0, 4.0, 4.0, 4.0, 4.0, 4.0, 4.0, 4.0, 4.0, 4.0, 4.0, 4.0, 4.0, 4.0, 4.0, 4.0, 4.0]]
Nu radius:        0.4
S distribution:   lognormal
Alpha factor:     0.0
Alpha js:         [0.0, 0.0, 0.0, 0.0, 0.0, 0.0, 0.0, 0.0, 0.0, 0.0, 0.0, 0.0, 0.0, 0.0, 0.0, 0.0, 0.0, 0.0, 0.0, 0.0, 0.0, 0.0, 0.0, 0.0, 0.0, 0.0, 0.0, 0.0, 0.0, 0.0, 0.0, 0.0, 0.0, 0.0, 0.0, 0.0, 0.0, 0.0, 0.0, 0.0, 0.0, 0.0, 0.0, 0.0, 0.0, 0.0, 0.0, 0.0, 0.0, 0.0]
Cost scaling:     0.01

Neural network architecture:
  Hidden layers:  4
  Width:          1000
  Activation:     elu

Optimization parameters:
  Start factor:   1.0
  Lower factor:   0.5
  Upper factor:   1.5
  Sim runs:       10
  Sim horizon:    5000
  Epsilons:       [-1.25, -2.5, -5.0, -7.5, -10.0, -12.5, -15.0, -20.0, -25.0, -30.0, -40.0, -50.0, -75.0, -100.0]
============================================================

Gradient network G (∇V):
Chain(
  Dense(50 => 1000, elu),               # 51_000 parameters
  Dense(1000 => 1000, elu),             # 1_001_000 parameters
  Dense(1000 => 1000, elu),             # 1_001_000 parameters
  Dense(1000 => 1000, elu),             # 1_001_000 parameters
  Dense(1000 => 50),                    # 50_050 parameters
)                   # Total: 10 arrays, 3_104_050 parameters, 1.562 KiB.

Value network H (V):
Chain(
  Dense(50 => 1000, elu),               # 51_000 parameters
  Dense(1000 => 1000, elu),             # 1_001_000 parameters
  Dense(1000 => 1000, elu),             # 1_001_000 parameters
  Dense(1000 => 1000, elu),             # 1_001_000 parameters
  Dense(1000 => 1),                     # 1_001 parameters
)                   # Total: 10 arrays, 3_055_001 parameters, 1.562 KiB.


============================================================
Starting neural network training...
============================================================

Starting training with steady-state sampler:
-----------------------------------------
Epoch: 1; Penalty β updated to: 1.0
-----------------------------------------
─── Device check ───
  x_tn: CuArray{Float32} (50, 100, 5000)
  dB: CuArray{Float32} (50, 100, 5000)
  dU: CuArray{Float32} (50, 100, 5000)
  exponentials: CuArray{Float32} (1, 100)
  loss_dB: CuArray{Float32} (1, 5000)
  loss_df: CuArray{Float32} (1, 5000)
  loss_dU: CuArray{Float32} (1, 5000)
  H_x0: CuArray{Float32} (1, 5000)
  H_xT: CuArray{Float32} (1, 5000)
  penalties: CuArray{Float32} (1, 5000)
────────────────────
Epoch: 1; Computation time: 73.205903072; Current value of V(0): 0.0
Lagrangian objective: 7273.2256; Average H(x0): 0.0; Quantile-hedge α(β): 52.32
Simulation time per epoch: 13.011365956; Gradient computation time: 46.061085249; Testing time: 13.197213942
Epoch: 1000; Computation time: 412.935327168; Current value of V(0): 95062.15209960938
Lagrangian objective: -3135.8716; Average H(x0): 5746.5586; Quantile-hedge α(β): 0.6399999999999961
Simulation time per epoch: 0.073898921; Gradient computation time: 0.181561443; Testing time: 0.083257343
Epoch: 2000; Computation time: 752.801674961; Current value of V(0): 133867.041015625
Lagrangian objective: -3123.4324; Average H(x0): 5736.18; Quantile-hedge α(β): 0.7800000000000029
Simulation time per epoch: 0.073973797; Gradient computation time: 0.181500241; Testing time: 0.083208792
-----------------------------------------
Epoch: 2500; Penalty β updated to: 10.0
-----------------------------------------
Epoch: 3000; Computation time: 1092.035252877; Current value of V(0): 44220.623779296875
Lagrangian objective: -663.90155; Average H(x0): 1004.422; Quantile-hedge α(β): 15.100000000000001
Simulation time per epoch: 0.073849592; Gradient computation time: 0.181595318; Testing time: 0.083312472
Epoch: 4000; Computation time: 1430.840983765; Current value of V(0): 44782.47985839844
Lagrangian objective: -660.5507; Average H(x0): 1007.5808; Quantile-hedge α(β): 15.439999999999998
Simulation time per epoch: 0.073917273; Gradient computation time: 0.181908018; Testing time: 0.083396011
-----------------------------------------
Epoch: 5000; Penalty β updated to: 100.0
-----------------------------------------
Epoch: 5000; Computation time: 1769.650987009; Current value of V(0): 45441.54357910156
Lagrangian objective: 2468.3213; Average H(x0): 1005.1624; Quantile-hedge α(β): 14.180000000000003
Simulation time per epoch: 0.07383308; Gradient computation time: 0.181669182; Testing time: 0.083341068
Epoch: 6000; Computation time: 2108.481922934; Current value of V(0): 25465.36865234375
Lagrangian objective: -334.49026; Average H(x0): 392.01065; Quantile-hedge α(β): 43.58
Simulation time per epoch: 0.073964253; Gradient computation time: 0.181574996; Testing time: 0.083318504
Epoch: 7000; Computation time: 2447.458510684; Current value of V(0): 25407.774353027344
Lagrangian objective: -328.79837; Average H(x0): 391.35284; Quantile-hedge α(β): 44.279999999999994
Simulation time per epoch: 0.073885778; Gradient computation time: 0.181785328; Testing time: 0.083201259
-----------------------------------------
Epoch: 7500; Penalty β updated to: 1000.0
-----------------------------------------
Epoch: 8000; Computation time: 2786.39509513; Current value of V(0): 19088.363647460938
Lagrangian objective: -262.2901; Average H(x0): 281.23492; Quantile-hedge α(β): 79.69999999999999
Simulation time per epoch: 0.073764966; Gradient computation time: 0.181819847; Testing time: 0.08334441
Epoch: 9000; Computation time: 3125.318443768; Current value of V(0): 19242.0654296875
Lagrangian objective: -260.51736; Average H(x0): 282.09518; Quantile-hedge α(β): 79.4
Simulation time per epoch: 0.074011419; Gradient computation time: 0.181153723; Testing time: 0.083240956
-----------------------------------------
Epoch: 10000; Penalty β updated to: 10000.0
-----------------------------------------
Epoch: 10000; Computation time: 3463.805351727; Current value of V(0): 19434.141540527344
Lagrangian objective: -85.33719; Average H(x0): 282.72052; Quantile-hedge α(β): 79.58000000000001
Simulation time per epoch: 0.073865229; Gradient computation time: 0.180422577; Testing time: 0.083124854
Epoch: 11000; Computation time: 3801.880827202; Current value of V(0): 20189.820861816406
Lagrangian objective: -241.56944; Average H(x0): 250.5434; Quantile-hedge α(β): 94.89999999999999
Simulation time per epoch: 0.073974371; Gradient computation time: 0.180950812; Testing time: 0.083139612
Epoch: 12000; Computation time: 4139.906902477; Current value of V(0): 20183.21533203125
Lagrangian objective: -238.542; Average H(x0): 249.33487; Quantile-hedge α(β): 94.92
Simulation time per epoch: 0.074042897; Gradient computation time: 0.181091185; Testing time: 0.082944797
Epoch: 13000; Computation time: 4477.88384445; Current value of V(0): 19980.612182617188
Lagrangian objective: -235.3018; Average H(x0): 245.09195; Quantile-hedge α(β): 95.3
Simulation time per epoch: 0.074109129; Gradient computation time: 0.180746089; Testing time: 0.083021143
Epoch: 14000; Computation time: 4815.652106433; Current value of V(0): 20105.08270263672
Lagrangian objective: -231.88028; Average H(x0): 245.64008; Quantile-hedge α(β): 95.84
Simulation time per epoch: 0.07409123; Gradient computation time: 0.180647241; Testing time: 0.082975108
Epoch: 15000; Computation time: 5153.392067565; Current value of V(0): 19825.975036621094
Lagrangian objective: -226.60338; Average H(x0): 239.47334; Quantile-hedge α(β): 95.84
Simulation time per epoch: 0.074092785; Gradient computation time: 0.180819367; Testing time: 0.082944074
Epoch: 16000; Computation time: 5491.109477104; Current value of V(0): 20079.734802246094
Lagrangian objective: -233.48985; Average H(x0): 242.25426; Quantile-hedge α(β): 96.32000000000001
Simulation time per epoch: 0.07401971; Gradient computation time: 0.18130699; Testing time: 0.083213958
Epoch: 17000; Computation time: 5829.110814103; Current value of V(0): 20347.23663330078
Lagrangian objective: -223.5738; Average H(x0): 244.28136; Quantile-hedge α(β): 94.88
Simulation time per epoch: 0.073860378; Gradient computation time: 0.181350882; Testing time: 0.083117262
Epoch: 18000; Computation time: 6166.879561633; Current value of V(0): 19927.8564453125
Lagrangian objective: -223.27162; Average H(x0): 235.65465; Quantile-hedge α(β): 96.1
Simulation time per epoch: 0.073907876; Gradient computation time: 0.180821414; Testing time: 0.082974147
Epoch: 19000; Computation time: 6504.759264502; Current value of V(0): 20426.290893554688
Lagrangian objective: -229.68495; Average H(x0): 241.69185; Quantile-hedge α(β): 95.86
Simulation time per epoch: 0.074024536; Gradient computation time: 0.180664547; Testing time: 0.082950382
-----------------------------------------
Epoch: 20000; Penalty β updated to: 100000.0
-----------------------------------------
Epoch: 20000; Computation time: 6842.486700752; Current value of V(0): 20627.639770507812
Lagrangian objective: -143.42747; Average H(x0): 243.19115; Quantile-hedge α(β): 96.5
Simulation time per epoch: 0.073908014; Gradient computation time: 0.18053261; Testing time: 0.08294497
Epoch: 21000; Computation time: 7180.140542756; Current value of V(0): 20043.79425048828
Lagrangian objective: -229.33478; Average H(x0): 232.30734; Quantile-hedge α(β): 99.44
Simulation time per epoch: 0.074063277; Gradient computation time: 0.18057805; Testing time: 0.08293045
Epoch: 22000; Computation time: 7517.806462745; Current value of V(0): 20166.806030273438
Lagrangian objective: -230.61963; Average H(x0): 234.26006; Quantile-hedge α(β): 99.36
Simulation time per epoch: 0.074066875; Gradient computation time: 0.180698944; Testing time: 0.08297053
Epoch: 23000; Computation time: 7855.658189379; Current value of V(0): 20030.61065673828
Lagrangian objective: -226.03535; Average H(x0): 232.02568; Quantile-hedge α(β): 99.28
Simulation time per epoch: 0.074038508; Gradient computation time: 0.180724998; Testing time: 0.083013309
Epoch: 24000; Computation time: 8193.35902123; Current value of V(0): 20118.978881835938
Lagrangian objective: -225.95543; Average H(x0): 233.08165; Quantile-hedge α(β): 99.2
Simulation time per epoch: 0.074058512; Gradient computation time: 0.180819914; Testing time: 0.082913524
Epoch: 25000; Computation time: 8531.081990009; Current value of V(0): 20154.896545410156
Lagrangian objective: -224.52776; Average H(x0): 233.48575; Quantile-hedge α(β): 99.03999999999999
Simulation time per epoch: 0.074039083; Gradient computation time: 0.180727422; Testing time: 0.083028257
Epoch: 26000; Computation time: 8869.009094555; Current value of V(0): 20152.420043945312
Lagrangian objective: -228.68575; Average H(x0): 233.64195; Quantile-hedge α(β): 99.11999999999999
Simulation time per epoch: 0.073968055; Gradient computation time: 0.180845102; Testing time: 0.083069402
Epoch: 27000; Computation time: 9206.885396923; Current value of V(0): 20199.024963378906
Lagrangian objective: -229.27048; Average H(x0): 234.0217; Quantile-hedge α(β): 99.3
Simulation time per epoch: 0.074046363; Gradient computation time: 0.180424901; Testing time: 0.082955428
Epoch: 28000; Computation time: 9544.62222067; Current value of V(0): 20170.889282226562
Lagrangian objective: -228.33102; Average H(x0): 233.46695; Quantile-hedge α(β): 99.08
Simulation time per epoch: 0.074148151; Gradient computation time: 0.180537413; Testing time: 0.082977585
Epoch: 29000; Computation time: 9882.36505426; Current value of V(0): 20204.891967773438
Lagrangian objective: -229.49205; Average H(x0): 233.7432; Quantile-hedge α(β): 99.36
Simulation time per epoch: 0.074196694; Gradient computation time: 0.180491111; Testing time: 0.082953007
Epoch: 30000; Computation time: 10220.091496644; Current value of V(0): 20183.108520507812
Lagrangian objective: -228.27745; Average H(x0): 232.6224; Quantile-hedge α(β): 99.36
Simulation time per epoch: 0.074161525; Gradient computation time: 0.180700577; Testing time: 0.082918759
Epoch: 31000; Computation time: 10557.750149446; Current value of V(0): 20443.739318847656
Lagrangian objective: -232.36588; Average H(x0): 237.10318; Quantile-hedge α(β): 99.08
Simulation time per epoch: 0.074095992; Gradient computation time: 0.180940026; Testing time: 0.082969764
Epoch: 32000; Computation time: 10895.44662254; Current value of V(0): 20449.98016357422
Lagrangian objective: -234.22443; Average H(x0): 237.10205; Quantile-hedge α(β): 99.02
Simulation time per epoch: 0.07413318; Gradient computation time: 0.180376045; Testing time: 0.082943137
Epoch: 33000; Computation time: 11233.114617407; Current value of V(0): 20448.30780029297
Lagrangian objective: -232.5615; Average H(x0): 237.01814; Quantile-hedge α(β): 99.02
Simulation time per epoch: 0.074128751; Gradient computation time: 0.18081605; Testing time: 0.082995697
Epoch: 34000; Computation time: 11570.864506423; Current value of V(0): 20455.76171875
Lagrangian objective: -232.06137; Average H(x0): 237.08125; Quantile-hedge α(β): 99.08
Simulation time per epoch: 0.074111092; Gradient computation time: 0.18083504; Testing time: 0.082967638
Epoch: 35000; Computation time: 11908.498663777; Current value of V(0): 20461.856079101562
Lagrangian objective: -233.53912; Average H(x0): 237.1785; Quantile-hedge α(β): 99.26
Simulation time per epoch: 0.074099137; Gradient computation time: 0.180670761; Testing time: 0.082977408
Epoch: 36000; Computation time: 12246.154867665; Current value of V(0): 20471.69647216797
Lagrangian objective: -232.9293; Average H(x0): 237.27142; Quantile-hedge α(β): 99.08
Simulation time per epoch: 0.074124709; Gradient computation time: 0.180843995; Testing time: 0.082963495
Epoch: 37000; Computation time: 12583.879479172; Current value of V(0): 20447.23663330078
Lagrangian objective: -231.08768; Average H(x0): 236.7966; Quantile-hedge α(β): 99.1
Simulation time per epoch: 0.074005856; Gradient computation time: 0.180853059; Testing time: 0.083016478
Epoch: 38000; Computation time: 12921.720625181; Current value of V(0): 20460.09979248047
Lagrangian objective: -231.42392; Average H(x0): 236.93555; Quantile-hedge α(β): 98.98
Simulation time per epoch: 0.074099908; Gradient computation time: 0.180493588; Testing time: 0.082981499
Epoch: 39000; Computation time: 13259.531210516; Current value of V(0): 20487.364196777344
Lagrangian objective: -232.37198; Average H(x0): 237.30495; Quantile-hedge α(β): 99.0
Simulation time per epoch: 0.074115854; Gradient computation time: 0.180534914; Testing time: 0.082983416
Epoch: 40000; Computation time: 13597.235765896; Current value of V(0): 20487.123107910156
Lagrangian objective: -231.47987; Average H(x0): 237.14903; Quantile-hedge α(β): 98.66
Simulation time per epoch: 0.074058711; Gradient computation time: 0.180794297; Testing time: 0.082987367

Training completed in 13597.235874128 seconds
Final V(0): 20486.79656982422

============================================================
Running policy evaluation...
============================================================


============================================================
INVENTORY PROBLEM (unscaled, weekly)
============================================================
Dimension:       50
Discount factor: 0.9990389236684376
Fixed cost:      50.0
Variable costs:  [0.1, 0.1, 0.1, 0.1, 0.1, 0.1, 0.1, 0.1, 0.1, 0.1, 0.1, 0.1, 0.1, 0.1, 0.1, 0.2, 0.2, 0.2, 0.2, 0.2, 0.2, 0.2, 0.2, 0.2, 0.2, 0.2, 0.2, 0.2, 0.2, 0.2, 0.4, 0.4, 0.4, 0.4, 0.4, 0.4, 0.4, 0.4, 0.4, 0.4, 0.4, 0.4, 0.4, 0.4, 0.4, 0.4, 0.4, 0.4, 0.4, 0.4]
Holding costs:   [0.019230769230769232, 0.019230769230769232, 0.019230769230769232, 0.019230769230769232, 0.019230769230769232, 0.019230769230769232, 0.019230769230769232, 0.019230769230769232, 0.019230769230769232, 0.019230769230769232, 0.019230769230769232, 0.019230769230769232, 0.019230769230769232, 0.019230769230769232, 0.019230769230769232, 0.038461538461538464, 0.038461538461538464, 0.038461538461538464, 0.038461538461538464, 0.038461538461538464, 0.038461538461538464, 0.038461538461538464, 0.038461538461538464, 0.038461538461538464, 0.038461538461538464, 0.038461538461538464, 0.038461538461538464, 0.038461538461538464, 0.038461538461538464, 0.038461538461538464, 0.07692307692307693, 0.07692307692307693, 0.07692307692307693, 0.07692307692307693, 0.07692307692307693, 0.07692307692307693, 0.07692307692307693, 0.07692307692307693, 0.07692307692307693, 0.07692307692307693, 0.07692307692307693, 0.07692307692307693, 0.07692307692307693, 0.07692307692307693, 0.07692307692307693, 0.07692307692307693, 0.07692307692307693, 0.07692307692307693, 0.07692307692307693, 0.07692307692307693]
Backlog costs:   [0.4807692307692308, 0.4807692307692308, 0.4807692307692308, 0.4807692307692308, 0.4807692307692308, 0.4807692307692308, 0.4807692307692308, 0.4807692307692308, 0.4807692307692308, 0.4807692307692308, 0.4807692307692308, 0.4807692307692308, 0.4807692307692308, 0.4807692307692308, 0.4807692307692308, 0.9615384615384616, 0.9615384615384616, 0.9615384615384616, 0.9615384615384616, 0.9615384615384616, 0.9615384615384616, 0.9615384615384616, 0.9615384615384616, 0.9615384615384616, 0.9615384615384616, 0.9615384615384616, 0.9615384615384616, 0.9615384615384616, 0.9615384615384616, 0.9615384615384616, 1.9230769230769231, 1.9230769230769231, 1.9230769230769231, 1.9230769230769231, 1.9230769230769231, 1.9230769230769231, 1.9230769230769231, 1.9230769230769231, 1.9230769230769231, 1.9230769230769231, 1.9230769230769231, 1.9230769230769231, 1.9230769230769231, 1.9230769230769231, 1.9230769230769231, 1.9230769230769231, 1.9230769230769231, 1.9230769230769231, 1.9230769230769231, 1.9230769230769231]
Demand dists:    DataType[Distributions.Poisson{Float64}, Distributions.Poisson{Float64}, Distributions.Poisson{Float64}, Distributions.Poisson{Float64}, Distributions.Poisson{Float64}, Distributions.Poisson{Float64}, Distributions.Poisson{Float64}, Distributions.Poisson{Float64}, Distributions.Poisson{Float64}, Distributions.Poisson{Float64}, Distributions.Poisson{Float64}, Distributions.Poisson{Float64}, Distributions.Poisson{Float64}, Distributions.Poisson{Float64}, Distributions.Poisson{Float64}, Distributions.Poisson{Float64}, Distributions.Poisson{Float64}, Distributions.Poisson{Float64}, Distributions.Poisson{Float64}, Distributions.Poisson{Float64}, Distributions.Poisson{Float64}, Distributions.Poisson{Float64}, Distributions.Poisson{Float64}, Distributions.Poisson{Float64}, Distributions.Poisson{Float64}, Distributions.Poisson{Float64}, Distributions.Poisson{Float64}, Distributions.Poisson{Float64}, Distributions.Poisson{Float64}, Distributions.Poisson{Float64}, Distributions.Poisson{Float64}, Distributions.Poisson{Float64}, Distributions.Poisson{Float64}, Distributions.Poisson{Float64}, Distributions.Poisson{Float64}, Distributions.Poisson{Float64}, Distributions.Poisson{Float64}, Distributions.Poisson{Float64}, Distributions.Poisson{Float64}, Distributions.Poisson{Float64}, Distributions.Poisson{Float64}, Distributions.Poisson{Float64}, Distributions.Poisson{Float64}, Distributions.Poisson{Float64}, Distributions.Poisson{Float64}, Distributions.Poisson{Float64}, Distributions.Poisson{Float64}, Distributions.Poisson{Float64}, Distributions.Poisson{Float64}, Distributions.Poisson{Float64}]
Demand means:    [0.9615384615384616, 0.9615384615384616, 0.9615384615384616, 0.9615384615384616, 0.9615384615384616, 0.9615384615384616, 0.9615384615384616, 0.9615384615384616, 0.9615384615384616, 0.9615384615384616, 0.9615384615384616, 0.9615384615384616, 0.9615384615384616, 0.9615384615384616, 0.9615384615384616, 0.4807692307692308, 0.4807692307692308, 0.4807692307692308, 0.4807692307692308, 0.4807692307692308, 0.4807692307692308, 0.4807692307692308, 0.4807692307692308, 0.4807692307692308, 0.4807692307692308, 0.4807692307692308, 0.4807692307692308, 0.4807692307692308, 0.4807692307692308, 0.4807692307692308, 0.2403846153846154, 0.2403846153846154, 0.2403846153846154, 0.2403846153846154, 0.2403846153846154, 0.2403846153846154, 0.2403846153846154, 0.2403846153846154, 0.2403846153846154, 0.2403846153846154, 0.2403846153846154, 0.2403846153846154, 0.2403846153846154, 0.2403846153846154, 0.2403846153846154, 0.2403846153846154, 0.2403846153846154, 0.2403846153846154, 0.2403846153846154, 0.2403846153846154]
============================================================

==================================================
Computing order-up-to vector via :solve_inf
==================================================

Method: solve_inf
Final objective: 237.07898620605468
z*: [11.0, 11.0, 11.0, 11.0, 11.0, 11.0, 11.0, 11.0, 11.0, 11.0, 11.0, 11.0, 11.0, 11.0, 11.0, 6.0, 6.0, 6.0, 6.0, 6.0, 6.0, 6.0, 6.0, 6.0, 6.0, 6.0, 6.0, 6.0, 6.0, 6.0, 4.0, 4.0, 4.0, 4.0, 4.0, 4.0, 4.0, 4.0, 4.0, 4.0, 4.0, 4.0, 4.0, 4.0, 4.0, 4.0, 4.0, 4.0, 4.0, 4.0]
Intervention value: -32.711035766601555

==================================================
Computing order-up-to vector via :find_stationary
==================================================

Method: find_stationary
Final residual: 0.021278063438106412
z*: [11.0, 11.0, 11.0, 11.0, 11.0, 11.0, 11.0, 11.0, 11.0, 11.0, 11.0, 11.0, 11.0, 11.0, 11.0, 6.0, 6.0, 6.0, 6.0, 6.0, 6.0, 6.0, 6.0, 6.0, 6.0, 6.0, 6.0, 6.0, 6.0, 6.0, 4.0, 4.0, 4.0, 4.0, 4.0, 4.0, 4.0, 4.0, 4.0, 4.0, 4.0, 4.0, 4.0, 4.0, 4.0, 4.0, 4.0, 4.0, 4.0, 4.0]
Intervention value: -32.711035766601555

==================================================
Summary:
  solve_inf:       z* = [11, 11, 11, 11, 11, 11, 11, 11, 11, 11, 11, 11, 11, 11, 11, 6, 6, 6, 6, 6, 6, 6, 6, 6, 6, 6, 6, 6, 6, 6, 4, 4, 4, 4, 4, 4, 4, 4, 4, 4, 4, 4, 4, 4, 4, 4, 4, 4, 4, 4]
  find_stationary: z* = [11, 11, 11, 11, 11, 11, 11, 11, 11, 11, 11, 11, 11, 11, 11, 6, 6, 6, 6, 6, 6, 6, 6, 6, 6, 6, 6, 6, 6, 6, 4, 4, 4, 4, 4, 4, 4, 4, 4, 4, 4, 4, 4, 4, 4, 4, 4, 4, 4, 4]
==================================================

============================================================
Evaluating method: solve_inf
============================================================

----------------------------------------
Evaluating ε = -1.25
----------------------------------------
Mean cost: 21779.854249012285 ± 23.60149308900832
  Inventory costs: 11262.96597270625
  Variable costs:  5001.982746206726
  Fixed costs:     5514.905530099282
  Simulation time: 478.7s

----------------------------------------
Evaluating ε = -2.5
----------------------------------------
Mean cost: 22155.69548314218 ± 24.05312493313841
  Inventory costs: 11907.641434425246
  Variable costs:  5011.713439867695
  Fixed costs:     5236.3406088492575
  Simulation time: 461.5s

----------------------------------------
Evaluating ε = -5.0
----------------------------------------
Mean cost: 22898.466078803198 ± 25.030708792809694
  Inventory costs: 13095.726610863645
  Variable costs:  4993.140950907249
  Fixed costs:     4809.598517032274
  Simulation time: 411.4s

----------------------------------------
Evaluating ε = -7.5
----------------------------------------
Mean cost: 23798.82385093951 ± 26.387890262258832
  Inventory costs: 14282.754134467312
  Variable costs:  4988.958222969858
  Fixed costs:     4527.111493502333
  Simulation time: 413.8s

----------------------------------------
Evaluating ε = -10.0
----------------------------------------
Mean cost: 24833.138760264323 ± 37.925718532054326
  Inventory costs: 15510.926083265824
  Variable costs:  5003.179778655423
  Fixed costs:     4319.032898343063
  Simulation time: 417.0s

----------------------------------------
Evaluating ε = -12.5
----------------------------------------
Mean cost: 25898.675066332493 ± 41.00215288974093
  Inventory costs: 16738.822785782493
  Variable costs:  4996.699619943241
  Fixed costs:     4163.152660606778
  Simulation time: 456.4s

----------------------------------------
Evaluating ε = -15.0
----------------------------------------
Mean cost: 26895.892275426915 ± 47.44581502601247
  Inventory costs: 17901.464390558067
  Variable costs:  4983.760794696055
  Fixed costs:     4010.667090172779
  Simulation time: 462.4s

----------------------------------------
Evaluating ε = -20.0
----------------------------------------
Mean cost: 29250.82105797006 ± 40.20387383686244
  Inventory costs: 20471.445098378506
  Variable costs:  4994.911681165509
  Fixed costs:     3784.464278426042
  Simulation time: 547.2s

----------------------------------------
Evaluating ε = -25.0
----------------------------------------
Mean cost: 31467.541297703883 ± 37.88074183456247
  Inventory costs: 22897.466896562026
  Variable costs:  4982.320657511541
  Fixed costs:     3587.7537436303164
  Simulation time: 593.8s

----------------------------------------
Evaluating ε = -30.0
----------------------------------------
Mean cost: 33920.83498383366 ± 63.41984358146582
  Inventory costs: 25474.139710059368
  Variable costs:  5000.246498301112
  Fixed costs:     3446.448775473207
  Simulation time: 600.3s

----------------------------------------
Evaluating ε = -40.0
----------------------------------------
Mean cost: 39111.09170234721 ± 60.02405349660597
  Inventory costs: 30924.00024664659
  Variable costs:  4995.001831351562
  Fixed costs:     3192.089624348979
  Simulation time: 586.0s

----------------------------------------
Evaluating ε = -50.0
----------------------------------------
Mean cost: 44818.55923140164 ± 89.77174741301232
  Inventory costs: 36868.18444807152
  Variable costs:  4980.9019895836955
  Fixed costs:     2969.4727937463767
  Simulation time: 587.0s

----------------------------------------
Evaluating ε = -75.0
----------------------------------------
Mean cost: 59584.195953653136 ± 107.09557890626441
  Inventory costs: 52002.30030020287
  Variable costs:  4988.176267026069
  Fixed costs:     2593.719386424219
  Simulation time: 585.8s

----------------------------------------
Evaluating ε = -100.0
----------------------------------------
Mean cost: 75443.35089451067 ± 165.1632295943795
  Inventory costs: 68144.61613906207
  Variable costs:  4979.594870423614
  Fixed costs:     2319.139885025108
  Simulation time: 595.8s

==================================================
Best epsilon: -1.25 with cost: 21779.854249012285 ± 23.60149308900832
==================================================

============================================================
Evaluating method: find_stationary
============================================================

----------------------------------------
Evaluating ε = -1.25
----------------------------------------
Mean cost: 21869.1398004138 ± 25.282756674461677
  Inventory costs: 11295.966192667589
  Variable costs:  5016.35826625154
  Fixed costs:     5556.815341494644
  Simulation time: 593.8s

----------------------------------------
Evaluating ε = -2.5
----------------------------------------
Mean cost: 22139.393589121686 ± 23.20395341076104
  Inventory costs: 11919.604355618792
  Variable costs:  4997.699008644535
  Fixed costs:     5222.090224858371
  Simulation time: 598.7s

----------------------------------------
Evaluating ε = -5.0
----------------------------------------
Mean cost: 22926.178359064343 ± 21.837782315125263
  Inventory costs: 13083.682132832246
  Variable costs:  5011.413674507674
  Fixed costs:     4831.082551724447
  Simulation time: 592.7s

----------------------------------------
Evaluating ε = -7.5
----------------------------------------
Mean cost: 23859.360811226787 ± 26.182999527954188
  Inventory costs: 14309.653121296467
  Variable costs:  4998.58581697766
  Fixed costs:     4551.121872952678
  Simulation time: 597.2s

----------------------------------------
Evaluating ε = -10.0
----------------------------------------
Mean cost: 24742.369864788947 ± 36.73084281894646
  Inventory costs: 15426.914730440243
  Variable costs:  4990.552554749347
  Fixed costs:     4324.902579599383
  Simulation time: 590.8s

----------------------------------------
Evaluating ε = -12.5
----------------------------------------
Mean cost: 25863.25768064548 ± 55.32445704440669
  Inventory costs: 16700.91418107146
  Variable costs:  4999.475615543663
  Fixed costs:     4162.867884030321
  Simulation time: 593.2s

----------------------------------------
Evaluating ε = -15.0
----------------------------------------
Mean cost: 26881.096370074403 ± 35.37033220293376
  Inventory costs: 17879.233546580992
  Variable costs:  4992.599731966563
  Fixed costs:     4009.263091526853
  Simulation time: 581.3s

----------------------------------------
Evaluating ε = -20.0
----------------------------------------
Mean cost: 29226.24766910595 ± 25.863505956800644
  Inventory costs: 20438.43637389861
  Variable costs:  4999.831686312076
  Fixed costs:     3787.9796088952507
  Simulation time: 568.0s

----------------------------------------
Evaluating ε = -25.0
----------------------------------------
Mean cost: 31523.219386382076 ± 41.36990899420587
  Inventory costs: 22942.341191870695
  Variable costs:  4989.487719772877
  Fixed costs:     3591.390474738506
  Simulation time: 602.8s

----------------------------------------
Evaluating ε = -30.0
----------------------------------------
Mean cost: 34030.8534219778 ± 87.39923673073487
  Inventory costs: 25616.961538703843
  Variable costs:  4983.2004360682195
  Fixed costs:     3430.691447205744
  Simulation time: 595.0s

----------------------------------------
Evaluating ε = -40.0
----------------------------------------
Mean cost: 39041.60092089996 ± 69.96069064981941
  Inventory costs: 30888.486823740335
  Variable costs:  4979.059850682375
  Fixed costs:     3174.0542464772957
  Simulation time: 588.8s

----------------------------------------
Evaluating ε = -50.0
----------------------------------------
Mean cost: 44629.96811792668 ± 65.93012796437306
  Inventory costs: 36662.46238219642
  Variable costs:  4991.885983286412
  Fixed costs:     2975.6197524438476
  Simulation time: 589.2s

----------------------------------------
Evaluating ε = -75.0
----------------------------------------
Mean cost: 59420.762648564276 ± 84.7692212310696
  Inventory costs: 51835.45370653258
  Variable costs:  4988.528740575604
  Fixed costs:     2596.7802014561066
  Simulation time: 596.7s

----------------------------------------
Evaluating ε = -100.0
----------------------------------------
Mean cost: 75782.01717848997 ± 97.36423077220981
  Inventory costs: 68468.96502984277
  Variable costs:  4989.364703567207
  Fixed costs:     2323.687445079985
  Simulation time: 626.9s

==================================================
Best epsilon: -1.25 with cost: 21869.1398004138 ± 25.282756674461677
==================================================
Skipping save for solve_inf: existing cost 21701.541014944843 <= new cost 21779.854249012285
Skipping save for find_stationary: existing cost 21784.664044114932 <= new cost 21869.1398004138

============================================================
FINAL RESULTS SUMMARY
============================================================

Method: solve_inf
  Order-up-to vector: [11, 11, 11, 11, 11, 11, 11, 11, 11, 11, 11, 11, 11, 11, 11, 6, 6, 6, 6, 6, 6, 6, 6, 6, 6, 6, 6, 6, 6, 6, 4, 4, 4, 4, 4, 4, 4, 4, 4, 4, 4, 4, 4, 4, 4, 4, 4, 4, 4, 4]
  Best epsilon: -1.25
  Best cost: 21779.854249012285 ± 23.60149308900832

Method: find_stationary
  Order-up-to vector: [11, 11, 11, 11, 11, 11, 11, 11, 11, 11, 11, 11, 11, 11, 11, 6, 6, 6, 6, 6, 6, 6, 6, 6, 6, 6, 6, 6, 6, 6, 4, 4, 4, 4, 4, 4, 4, 4, 4, 4, 4, 4, 4, 4, 4, 4, 4, 4, 4, 4]
  Best epsilon: -1.25
  Best cost: 21869.1398004138 ± 25.282756674461677

============================================================
Complete! Per-method results saved to:
  output/nn_training/results_50D_CaseLL_solve_inf.json
  output/nn_training/results_50D_CaseLL_find_stationary.json
============================================================

  Activating project at `~/DeepSJRP`
[ Info:  started timer at: 2026-04-28T10:08:36.635
┌ Warning: Layer with Float32 parameters got Float64 input.
│   The input will be converted, but any earlier layers may be very slow.
│   layer = Dense(50 => 1000, elu)  # 51_000 parameters
│   summary(x) = "50-element Vector{Float64}"
└ @ Flux ~/.julia/packages/Flux/DZYiO/src/layers/stateless.jl:60
RUNNING THE L-BFGS-B CODE

           * * *

Machine precision = 2.220D-16
 N =           50     M =           10

At X0         0 variables are exactly at the bounds

At iterate    0    f=  2.37079D+02    |proj g|=  9.37532D-03

           * * *

Tit   = total number of iterations
Tnf   = total number of function evaluations
Tnint = total number of segments explored during Cauchy searches
Skip  = number of BFGS updates skipped
Nact  = number of active bounds at final generalized Cauchy point
Projg = norm of the final projected gradient
F     = final function value

           * * *

   N    Tit     Tnf  Tnint  Skip  Nact     Projg        F
   50      0      1      0     0     0   9.375D-03   2.371D+02
  F =   237.07898620605468     

CONVERGENCE: NORM_OF_PROJECTED_GRADIENT_<=_PGTOL            

 Cauchy                time 0.000E+00 seconds.
 Subspace minimization time 0.000E+00 seconds.
 Line search           time 0.000E+00 seconds.

 Total User time 2.157E+00 seconds.

RUNNING THE L-BFGS-B CODE

           * * *

Machine precision = 2.220D-16
 N =           50     M =           10

At X0         0 variables are exactly at the bounds

At iterate    0    f=  4.52756D-04    |proj g|=  2.46677D-06

           * * *

Tit   = total number of iterations
Tnf   = total number of function evaluations
Tnint = total number of segments explored during Cauchy searches
Skip  = number of BFGS updates skipped
Nact  = number of active bounds at final generalized Cauchy point
Projg = norm of the final projected gradient
F     = final function value

           * * *

   N    Tit     Tnf  Tnint  Skip  Nact     Projg        F
   50      0      1      0     0     0   2.467D-06   4.528D-04
  F =   4.5275598367608085E-004

CONVERGENCE: NORM_OF_PROJECTED_GRADIENT_<=_PGTOL            

 Cauchy                time 0.000E+00 seconds.
 Subspace minimization time 0.000E+00 seconds.
 Line search           time 0.000E+00 seconds.

 Total User time 2.549E-01 seconds.

