
============================================================
DeepSJRP - Stochastic Joint Replenishment Problem Solver
============================================================
Instance: 50D_CaseHH
Options: Dict{Symbol, Any}(:beta_override => 1.0e6, :alpha_override => nothing, :device => :gpu, :nu_override => 0.1, :T_override => 0.1, :seed => 777)
============================================================

Device: CUDA GPU
CUDA toolchain: 
- runtime 12.8, local installation
- driver 580.126.16 for 13.2
- compiler 12.9

CUDA libraries: 
- CUBLAS: 12.8.4
- CURAND: 10.3.9
- CUFFT: 11.3.3
- CUSOLVER: 11.7.3
- CUSPARSE: 12.5.8
- CUPTI: 2025.1.1 (API 12.8.0)
- NVML: 13.0.0+580.126.16

Julia packages: 
- CUDA: 5.11.0
- GPUArrays: 11.4.1
- GPUCompiler: 1.9.1
- KernelAbstractions: 0.9.41
- CUDA_Driver_jll: 13.2.0+0
- CUDA_Compiler_jll: 0.4.2+0
- CUDA_Runtime_jll: 0.21.0+0
- CUDA_Runtime_Discovery: 1.0.0

Toolchain:
- Julia: 1.11.7
- LLVM: 16.0.6

Preferences:
- CUDA_Runtime_jll.version: local

1 device:
  0: NVIDIA H100 80GB HBM3 (sm_90, 79.175 GiB / 79.647 GiB available)
BLAS threads: 1
Julia threads: 10

Benchmark source: QS

============================================================
IMPULSE CONTROL PROBLEM (scaled, annual)
============================================================
Instance: 50D_CaseHH
Dimension: 50
Interest rate: 0.05
Cost scaling κ: 0.01

Drift μ (annual demand rates): [50.0, 50.0, 50.0, 50.0, 50.0, 50.0, 50.0, 50.0, 50.0, 50.0, 50.0, 50.0, 50.0, 50.0, 50.0, 25.0, 25.0, 25.0, 25.0, 25.0, 25.0, 25.0, 25.0, 25.0, 25.0, 25.0, 25.0, 25.0, 25.0, 25.0, 12.5, 12.5, 12.5, 12.5, 12.5, 12.5, 12.5, 12.5, 12.5, 12.5, 12.5, 12.5, 12.5, 12.5, 12.5, 12.5, 12.5, 12.5, 12.5, 12.5]
Covariance Σ diagonal: [2500.0, 2500.0, 2500.0, 2500.0, 2500.0, 2500.0, 2500.0, 2500.0, 2500.0, 2500.0, 2500.0, 2500.0, 2500.0, 2500.0, 2500.0, 625.0, 625.0, 625.0, 625.0, 625.0, 625.0, 625.0, 625.0, 625.0, 625.0, 625.0, 625.0, 625.0, 625.0, 625.0, 156.25, 156.25, 156.25, 156.25, 156.25, 156.25, 156.25, 156.25, 156.25, 156.25, 156.25, 156.25, 156.25, 156.25, 156.25, 156.25, 156.25, 156.25, 156.25, 156.25]

Scaled costs (× κ = 0.01):
  Fixed cost K:    2.5
  Variable costs c: [0.001, 0.001, 0.001, 0.001, 0.001, 0.001, 0.001, 0.001, 0.001, 0.001, 0.001, 0.001, 0.001, 0.001, 0.001, 0.002, 0.002, 0.002, 0.002, 0.002, 0.002, 0.002, 0.002, 0.002, 0.002, 0.002, 0.002, 0.002, 0.002, 0.002, 0.004, 0.004, 0.004, 0.004, 0.004, 0.004, 0.004, 0.004, 0.004, 0.004, 0.004, 0.004, 0.004, 0.004, 0.004, 0.004, 0.004, 0.004, 0.004, 0.004]
  Holding costs h:  [0.01, 0.01, 0.01, 0.01, 0.01, 0.01, 0.01, 0.01, 0.01, 0.01, 0.01, 0.01, 0.01, 0.01, 0.01, 0.02, 0.02, 0.02, 0.02, 0.02, 0.02, 0.02, 0.02, 0.02, 0.02, 0.02, 0.02, 0.02, 0.02, 0.02, 0.04, 0.04, 0.04, 0.04, 0.04, 0.04, 0.04, 0.04, 0.04, 0.04, 0.04, 0.04, 0.04, 0.04, 0.04, 0.04, 0.04, 0.04, 0.04, 0.04]
  Penalty costs p:  [0.25, 0.25, 0.25, 0.25, 0.25, 0.25, 0.25, 0.25, 0.25, 0.25, 0.25, 0.25, 0.25, 0.25, 0.25, 0.5, 0.5, 0.5, 0.5, 0.5, 0.5, 0.5, 0.5, 0.5, 0.5, 0.5, 0.5, 0.5, 0.5, 0.5, 1.0, 1.0, 1.0, 1.0, 1.0, 1.0, 1.0, 1.0, 1.0, 1.0, 1.0, 1.0, 1.0, 1.0, 1.0, 1.0, 1.0, 1.0, 1.0, 1.0]

Original costs (unscaled):
  Fixed cost K:    250.0
  Variable costs c: [0.1, 0.1, 0.1, 0.1, 0.1, 0.1, 0.1, 0.1, 0.1, 0.1, 0.1, 0.1, 0.1, 0.1, 0.1, 0.2, 0.2, 0.2, 0.2, 0.2, 0.2, 0.2, 0.2, 0.2, 0.2, 0.2, 0.2, 0.2, 0.2, 0.2, 0.4, 0.4, 0.4, 0.4, 0.4, 0.4, 0.4, 0.4, 0.4, 0.4, 0.4, 0.4, 0.4, 0.4, 0.4, 0.4, 0.4, 0.4, 0.4, 0.4]
  Holding costs h:  [1.0, 1.0, 1.0, 1.0, 1.0, 1.0, 1.0, 1.0, 1.0, 1.0, 1.0, 1.0, 1.0, 1.0, 1.0, 2.0, 2.0, 2.0, 2.0, 2.0, 2.0, 2.0, 2.0, 2.0, 2.0, 2.0, 2.0, 2.0, 2.0, 2.0, 4.0, 4.0, 4.0, 4.0, 4.0, 4.0, 4.0, 4.0, 4.0, 4.0, 4.0, 4.0, 4.0, 4.0, 4.0, 4.0, 4.0, 4.0, 4.0, 4.0]
  Penalty costs p:  [25.0, 25.0, 25.0, 25.0, 25.0, 25.0, 25.0, 25.0, 25.0, 25.0, 25.0, 25.0, 25.0, 25.0, 25.0, 50.0, 50.0, 50.0, 50.0, 50.0, 50.0, 50.0, 50.0, 50.0, 50.0, 50.0, 50.0, 50.0, 50.0, 50.0, 100.0, 100.0, 100.0, 100.0, 100.0, 100.0, 100.0, 100.0, 100.0, 100.0, 100.0, 100.0, 100.0, 100.0, 100.0, 100.0, 100.0, 100.0, 100.0, 100.0]
============================================================

============================================================
TRAINING HYPERPARAMETERS
============================================================
Benchmark source: QS
Precision:        Float32
Batch size:       5000
Num intervals:    100
T horizon:        0.1
Num iterations:   40000
Learning rates:   [0.001, 0.0002, 0.0001, 1.0e-5, 1.0e-6]
LR steps:         [1, 5000, 10000, 20000, 30000]
Beta penalty:     [1.0, 10.0, 100.0, 1000.0, 10000.0, 1.0e6]
Penalty steps:    [1, 2500, 5000, 7500, 10000, 20000]
Lambda rate:      5.88094210578942
S guess:          [[27.0, 28.0, 28.0, 28.0, 28.0, 28.0, 28.0, 28.0, 27.0, 28.0, 28.0, 28.0, 28.0, 28.0, 28.0, 16.0, 17.0, 16.0, 17.0, 16.0, 16.0, 16.0, 16.0, 16.0, 16.0, 16.0, 16.0, 16.0, 16.0, 17.0, 9.0, 9.0, 9.0, 9.0, 9.0, 9.0, 9.0, 9.0, 9.0, 9.0, 9.0, 9.0, 9.0, 9.0, 9.0, 9.0, 9.0, 9.0, 9.0, 9.0]]
Nu radius:        0.1
S distribution:   lognormal
Alpha factor:     0.0
Alpha js:         [0.0, 0.0, 0.0, 0.0, 0.0, 0.0, 0.0, 0.0, 0.0, 0.0, 0.0, 0.0, 0.0, 0.0, 0.0, 0.0, 0.0, 0.0, 0.0, 0.0, 0.0, 0.0, 0.0, 0.0, 0.0, 0.0, 0.0, 0.0, 0.0, 0.0, 0.0, 0.0, 0.0, 0.0, 0.0, 0.0, 0.0, 0.0, 0.0, 0.0, 0.0, 0.0, 0.0, 0.0, 0.0, 0.0, 0.0, 0.0, 0.0, 0.0]
Cost scaling:     0.01

Neural network architecture:
  Hidden layers:  4
  Width:          1000
  Activation:     elu

Optimization parameters:
  Start factor:   1.0
  Lower factor:   0.5
  Upper factor:   1.5
  Sim runs:       10
  Sim horizon:    5000
  Epsilons:       [-1.25, -2.5, -5.0, -7.5, -10.0, -12.5, -15.0, -20.0, -25.0, -30.0, -40.0, -50.0, -75.0, -100.0]
============================================================

Gradient network G (∇V):
Chain(
  Dense(50 => 1000, elu),               # 51_000 parameters
  Dense(1000 => 1000, elu),             # 1_001_000 parameters
  Dense(1000 => 1000, elu),             # 1_001_000 parameters
  Dense(1000 => 1000, elu),             # 1_001_000 parameters
  Dense(1000 => 50),                    # 50_050 parameters
)                   # Total: 10 arrays, 3_104_050 parameters, 1.562 KiB.

Value network H (V):
Chain(
  Dense(50 => 1000, elu),               # 51_000 parameters
  Dense(1000 => 1000, elu),             # 1_001_000 parameters
  Dense(1000 => 1000, elu),             # 1_001_000 parameters
  Dense(1000 => 1000, elu),             # 1_001_000 parameters
  Dense(1000 => 1),                     # 1_001 parameters
)                   # Total: 10 arrays, 3_055_001 parameters, 1.562 KiB.


============================================================
Starting neural network training...
============================================================

Starting training with steady-state sampler:
-----------------------------------------
Epoch: 1; Penalty β updated to: 1.0
-----------------------------------------
─── Device check ───
  x_tn: CuArray{Float32} (50, 100, 5000)
  dB: CuArray{Float32} (50, 100, 5000)
  dU: CuArray{Float32} (50, 100, 5000)
  exponentials: CuArray{Float32} (1, 100)
  loss_dB: CuArray{Float32} (1, 5000)
  loss_df: CuArray{Float32} (1, 5000)
  loss_dU: CuArray{Float32} (1, 5000)
  H_x0: CuArray{Float32} (1, 5000)
  H_xT: CuArray{Float32} (1, 5000)
  penalties: CuArray{Float32} (1, 5000)
────────────────────
Epoch: 1; Computation time: 59.93130662; Current value of V(0): 0.0
Lagrangian objective: 693511.9; Average H(x0): 0.0; Quantile-hedge α(β): 50.080000000000005
Simulation time per epoch: 10.864037203; Gradient computation time: 37.129585893; Testing time: 11.162812606
Epoch: 1000; Computation time: 398.623243803; Current value of V(0): 66369.970703125
Lagrangian objective: -10654.99; Average H(x0): 20537.27; Quantile-hedge α(β): 0.10000000000000009
Simulation time per epoch: 0.073880517; Gradient computation time: 0.181311197; Testing time: 0.083339538
Epoch: 2000; Computation time: 737.239542371; Current value of V(0): 142242.07763671875
Lagrangian objective: -10923.574; Average H(x0): 20968.307; Quantile-hedge α(β): 0.0
Simulation time per epoch: 0.073908642; Gradient computation time: 0.181026254; Testing time: 0.083238136
-----------------------------------------
Epoch: 2500; Penalty β updated to: 10.0
-----------------------------------------
Epoch: 3000; Computation time: 1075.909520995; Current value of V(0): 30732.278442382812
Lagrangian objective: -1984.1656; Average H(x0): 3263.943; Quantile-hedge α(β): 2.300000000000002
Simulation time per epoch: 0.073856609; Gradient computation time: 0.181769007; Testing time: 0.083338544
Epoch: 4000; Computation time: 1414.62638625; Current value of V(0): 29832.928466796875
Lagrangian objective: -1997.5468; Average H(x0): 3143.0105; Quantile-hedge α(β): 2.4599999999999955
Simulation time per epoch: 0.073826334; Gradient computation time: 0.181586429; Testing time: 0.083226947
-----------------------------------------
Epoch: 5000; Penalty β updated to: 100.0
-----------------------------------------
Epoch: 5000; Computation time: 1753.291641581; Current value of V(0): 30071.786499023438
Lagrangian objective: 7910.882; Average H(x0): 3103.958; Quantile-hedge α(β): 2.200000000000002
Simulation time per epoch: 0.073743007; Gradient computation time: 0.181284612; Testing time: 0.083268188
Epoch: 6000; Computation time: 2091.80367794; Current value of V(0): 7987.290954589844
Lagrangian objective: -958.6631; Average H(x0): 1148.3317; Quantile-hedge α(β): 30.300000000000004
Simulation time per epoch: 0.073866426; Gradient computation time: 0.181308241; Testing time: 0.083253144
Epoch: 7000; Computation time: 2430.297330107; Current value of V(0): 7964.83154296875
Lagrangian objective: -932.3838; Average H(x0): 1148.8989; Quantile-hedge α(β): 31.799999999999994
Simulation time per epoch: 0.073838783; Gradient computation time: 0.181159278; Testing time: 0.083297391
-----------------------------------------
Epoch: 7500; Penalty β updated to: 1000.0
-----------------------------------------
Epoch: 8000; Computation time: 2768.742272765; Current value of V(0): -14345.480346679688
Lagrangian objective: 160.5269; Average H(x0): -151.40656; Quantile-hedge α(β): 98.96000000000001
Simulation time per epoch: 0.073858238; Gradient computation time: 0.181298954; Testing time: 0.083263432
Epoch: 9000; Computation time: 3107.186065248; Current value of V(0): -2490.4306411743164
Lagrangian objective: -495.1733; Average H(x0): 580.9144; Quantile-hedge α(β): 92.84
Simulation time per epoch: 0.073841624; Gradient computation time: 0.18135054; Testing time: 0.083309876
-----------------------------------------
Epoch: 10000; Penalty β updated to: 10000.0
-----------------------------------------
Epoch: 10000; Computation time: 3444.925572736; Current value of V(0): 1323.6525535583496
Lagrangian objective: -191.9702; Average H(x0): 801.16376; Quantile-hedge α(β): 75.88000000000001
Simulation time per epoch: 0.073947377; Gradient computation time: 0.1801156; Testing time: 0.08288718
Epoch: 11000; Computation time: 3782.153786712; Current value of V(0): -5750.254821777344
Lagrangian objective: -151.28873; Average H(x0): 152.63475; Quantile-hedge α(β): 99.88
Simulation time per epoch: 0.073992524; Gradient computation time: 0.180182399; Testing time: 0.082893708
Epoch: 12000; Computation time: 4119.476951306; Current value of V(0): -562.2206211090088
Lagrangian objective: -401.61185; Average H(x0): 405.9832; Quantile-hedge α(β): 99.58
Simulation time per epoch: 0.074046644; Gradient computation time: 0.180414233; Testing time: 0.082876762
Epoch: 13000; Computation time: 4456.703277715; Current value of V(0): 3791.689682006836
Lagrangian objective: -626.6439; Average H(x0): 656.764; Quantile-hedge α(β): 96.08
Simulation time per epoch: 0.073963365; Gradient computation time: 0.180359249; Testing time: 0.082894719
Epoch: 14000; Computation time: 4794.196023747; Current value of V(0): 4338.262557983398
Lagrangian objective: -625.7062; Average H(x0): 660.23944; Quantile-hedge α(β): 95.98
Simulation time per epoch: 0.073968803; Gradient computation time: 0.18068156; Testing time: 0.083091148
Epoch: 15000; Computation time: 5132.081016084; Current value of V(0): -5331.41975402832
Lagrangian objective: 6.455886; Average H(x0): -5.0684986; Quantile-hedge α(β): 99.9
Simulation time per epoch: 0.073891324; Gradient computation time: 0.181429715; Testing time: 0.083179964
Epoch: 16000; Computation time: 5469.812931804; Current value of V(0): 974.5974540710449
Lagrangian objective: -295.3319; Average H(x0): 299.8952; Quantile-hedge α(β): 99.56
Simulation time per epoch: 0.073995561; Gradient computation time: 0.180639927; Testing time: 0.083024124
Epoch: 17000; Computation time: 5807.532940103; Current value of V(0): 8665.423583984375
Lagrangian objective: -629.1647; Average H(x0): 665.908; Quantile-hedge α(β): 96.3
Simulation time per epoch: 0.074025527; Gradient computation time: 0.180543092; Testing time: 0.082958012
Epoch: 18000; Computation time: 6145.128632855; Current value of V(0): -5980.4840087890625
Lagrangian objective: 82.90272; Average H(x0): -82.57064; Quantile-hedge α(β): 99.94
Simulation time per epoch: 0.0740417; Gradient computation time: 0.180801014; Testing time: 0.083499366
Epoch: 19000; Computation time: 6482.760178287; Current value of V(0): 10197.398376464844
Lagrangian objective: -636.0073; Average H(x0): 675.7502; Quantile-hedge α(β): 94.74000000000001
Simulation time per epoch: 0.073987759; Gradient computation time: 0.180643548; Testing time: 0.083007898
-----------------------------------------
Epoch: 20000; Penalty β updated to: 1.0e6
-----------------------------------------
Epoch: 20000; Computation time: 6820.001182009; Current value of V(0): -7299.561309814453
Lagrangian objective: 725.1164; Average H(x0): -163.43198; Quantile-hedge α(β): 99.9
Simulation time per epoch: 0.073925886; Gradient computation time: 0.179991237; Testing time: 0.082810168
Epoch: 21000; Computation time: 7157.481181486; Current value of V(0): -8380.284881591797
Lagrangian objective: 211.5409; Average H(x0): -211.5409; Quantile-hedge α(β): 100.0
Simulation time per epoch: 0.073965322; Gradient computation time: 0.180641667; Testing time: 0.083039336
Epoch: 22000; Computation time: 7495.127375009; Current value of V(0): -9665.804290771484
Lagrangian objective: 841.5656; Average H(x0): -247.75815; Quantile-hedge α(β): 99.9
Simulation time per epoch: 0.073985706; Gradient computation time: 0.180532587; Testing time: 0.083036292
Epoch: 23000; Computation time: 7832.939447224; Current value of V(0): -10642.353057861328
Lagrangian objective: 292.23108; Average H(x0): -292.23108; Quantile-hedge α(β): 100.0
Simulation time per epoch: 0.073951428; Gradient computation time: 0.180767997; Testing time: 0.083122579
Epoch: 24000; Computation time: 8170.524709056; Current value of V(0): -11309.81216430664
Lagrangian objective: 327.32822; Average H(x0): -327.32822; Quantile-hedge α(β): 100.0
Simulation time per epoch: 0.074020604; Gradient computation time: 0.180601917; Testing time: 0.082987364
Epoch: 25000; Computation time: 8508.277002677; Current value of V(0): -11753.373718261719
Lagrangian objective: 337.0075; Average H(x0): -337.0075; Quantile-hedge α(β): 100.0
Simulation time per epoch: 0.073942715; Gradient computation time: 0.180474104; Testing time: 0.08302836
Epoch: 26000; Computation time: 8845.834698087; Current value of V(0): -12259.771728515625
Lagrangian objective: 374.66824; Average H(x0): -374.66824; Quantile-hedge α(β): 100.0
Simulation time per epoch: 0.074048468; Gradient computation time: 0.180501322; Testing time: 0.082968342
Epoch: 27000; Computation time: 9183.332450299; Current value of V(0): -13462.564086914062
Lagrangian objective: 420.6204; Average H(x0): -420.6204; Quantile-hedge α(β): 100.0
Simulation time per epoch: 0.074005256; Gradient computation time: 0.180906163; Testing time: 0.08302542
Epoch: 28000; Computation time: 9521.084597938; Current value of V(0): -13466.691589355469
Lagrangian objective: 420.5435; Average H(x0): -420.5435; Quantile-hedge α(β): 100.0
Simulation time per epoch: 0.073991577; Gradient computation time: 0.180451023; Testing time: 0.082991669
Epoch: 29000; Computation time: 9858.764352818; Current value of V(0): -13048.193359375
Lagrangian objective: 388.8322; Average H(x0): -388.8322; Quantile-hedge α(β): 100.0
Simulation time per epoch: 0.073958834; Gradient computation time: 0.180498392; Testing time: 0.083045927
Epoch: 30000; Computation time: 10196.393440824; Current value of V(0): -12758.687591552734
Lagrangian objective: 394.63745; Average H(x0): -394.63745; Quantile-hedge α(β): 100.0
Simulation time per epoch: 0.073997894; Gradient computation time: 0.180477548; Testing time: 0.082976589
Epoch: 31000; Computation time: 10534.084225686; Current value of V(0): -12613.915252685547
Lagrangian objective: 383.82053; Average H(x0): -383.82053; Quantile-hedge α(β): 100.0
Simulation time per epoch: 0.073949179; Gradient computation time: 0.180886848; Testing time: 0.08309539
Epoch: 32000; Computation time: 10871.808321617; Current value of V(0): -12315.0390625
Lagrangian objective: 363.8911; Average H(x0): -363.8911; Quantile-hedge α(β): 100.0
Simulation time per epoch: 0.073954972; Gradient computation time: 0.180671498; Testing time: 0.083096256
Epoch: 33000; Computation time: 11209.506312721; Current value of V(0): -12093.583679199219
Lagrangian objective: 359.45236; Average H(x0): -359.45236; Quantile-hedge α(β): 100.0
Simulation time per epoch: 0.073939714; Gradient computation time: 0.180878857; Testing time: 0.083085063
Epoch: 34000; Computation time: 11547.231131244; Current value of V(0): -11948.633575439453
Lagrangian objective: 352.46854; Average H(x0): -352.46854; Quantile-hedge α(β): 100.0
Simulation time per epoch: 0.073990949; Gradient computation time: 0.180532533; Testing time: 0.083002235
Epoch: 35000; Computation time: 11884.955217199; Current value of V(0): -11755.38101196289
Lagrangian objective: 343.5222; Average H(x0): -343.5222; Quantile-hedge α(β): 100.0
Simulation time per epoch: 0.073967396; Gradient computation time: 0.181378807; Testing time: 0.083129343
Epoch: 36000; Computation time: 12222.678194702; Current value of V(0): -11405.281066894531
Lagrangian objective: 320.57535; Average H(x0): -320.57535; Quantile-hedge α(β): 100.0
Simulation time per epoch: 0.07399698; Gradient computation time: 0.180983164; Testing time: 0.08307007
Epoch: 37000; Computation time: 12560.328873938; Current value of V(0): -10914.49203491211
Lagrangian objective: 298.10425; Average H(x0): -298.10425; Quantile-hedge α(β): 100.0
Simulation time per epoch: 0.073943126; Gradient computation time: 0.18069614; Testing time: 0.082879294
Epoch: 38000; Computation time: 12898.054013582; Current value of V(0): -10379.019927978516
Lagrangian objective: 278.0572; Average H(x0): -278.0572; Quantile-hedge α(β): 100.0
Simulation time per epoch: 0.073959121; Gradient computation time: 0.180802142; Testing time: 0.083043834
Epoch: 39000; Computation time: 13235.763609033; Current value of V(0): -9872.574615478516
Lagrangian objective: 259.92776; Average H(x0): -259.92776; Quantile-hedge α(β): 100.0
Simulation time per epoch: 0.07399129; Gradient computation time: 0.180469805; Testing time: 0.082969786
Epoch: 40000; Computation time: 13573.378516985; Current value of V(0): -9224.417877197266
Lagrangian objective: 231.75925; Average H(x0): -231.75925; Quantile-hedge α(β): 100.0
Simulation time per epoch: 0.073865718; Gradient computation time: 0.180430704; Testing time: 0.08301443

Training completed in 13573.378623651 seconds
Final V(0): -9224.091339111328

============================================================
Running policy evaluation...
============================================================


============================================================
INVENTORY PROBLEM (unscaled, weekly)
============================================================
Dimension:       50
Discount factor: 0.9990389236684376
Fixed cost:      250.0
Variable costs:  [0.1, 0.1, 0.1, 0.1, 0.1, 0.1, 0.1, 0.1, 0.1, 0.1, 0.1, 0.1, 0.1, 0.1, 0.1, 0.2, 0.2, 0.2, 0.2, 0.2, 0.2, 0.2, 0.2, 0.2, 0.2, 0.2, 0.2, 0.2, 0.2, 0.2, 0.4, 0.4, 0.4, 0.4, 0.4, 0.4, 0.4, 0.4, 0.4, 0.4, 0.4, 0.4, 0.4, 0.4, 0.4, 0.4, 0.4, 0.4, 0.4, 0.4]
Holding costs:   [0.019230769230769232, 0.019230769230769232, 0.019230769230769232, 0.019230769230769232, 0.019230769230769232, 0.019230769230769232, 0.019230769230769232, 0.019230769230769232, 0.019230769230769232, 0.019230769230769232, 0.019230769230769232, 0.019230769230769232, 0.019230769230769232, 0.019230769230769232, 0.019230769230769232, 0.038461538461538464, 0.038461538461538464, 0.038461538461538464, 0.038461538461538464, 0.038461538461538464, 0.038461538461538464, 0.038461538461538464, 0.038461538461538464, 0.038461538461538464, 0.038461538461538464, 0.038461538461538464, 0.038461538461538464, 0.038461538461538464, 0.038461538461538464, 0.038461538461538464, 0.07692307692307693, 0.07692307692307693, 0.07692307692307693, 0.07692307692307693, 0.07692307692307693, 0.07692307692307693, 0.07692307692307693, 0.07692307692307693, 0.07692307692307693, 0.07692307692307693, 0.07692307692307693, 0.07692307692307693, 0.07692307692307693, 0.07692307692307693, 0.07692307692307693, 0.07692307692307693, 0.07692307692307693, 0.07692307692307693, 0.07692307692307693, 0.07692307692307693]
Backlog costs:   [0.4807692307692308, 0.4807692307692308, 0.4807692307692308, 0.4807692307692308, 0.4807692307692308, 0.4807692307692308, 0.4807692307692308, 0.4807692307692308, 0.4807692307692308, 0.4807692307692308, 0.4807692307692308, 0.4807692307692308, 0.4807692307692308, 0.4807692307692308, 0.4807692307692308, 0.9615384615384616, 0.9615384615384616, 0.9615384615384616, 0.9615384615384616, 0.9615384615384616, 0.9615384615384616, 0.9615384615384616, 0.9615384615384616, 0.9615384615384616, 0.9615384615384616, 0.9615384615384616, 0.9615384615384616, 0.9615384615384616, 0.9615384615384616, 0.9615384615384616, 1.9230769230769231, 1.9230769230769231, 1.9230769230769231, 1.9230769230769231, 1.9230769230769231, 1.9230769230769231, 1.9230769230769231, 1.9230769230769231, 1.9230769230769231, 1.9230769230769231, 1.9230769230769231, 1.9230769230769231, 1.9230769230769231, 1.9230769230769231, 1.9230769230769231, 1.9230769230769231, 1.9230769230769231, 1.9230769230769231, 1.9230769230769231, 1.9230769230769231]
Demand dists:    DataType[Distributions.NegativeBinomial{Float64}, Distributions.NegativeBinomial{Float64}, Distributions.NegativeBinomial{Float64}, Distributions.NegativeBinomial{Float64}, Distributions.NegativeBinomial{Float64}, Distributions.NegativeBinomial{Float64}, Distributions.NegativeBinomial{Float64}, Distributions.NegativeBinomial{Float64}, Distributions.NegativeBinomial{Float64}, Distributions.NegativeBinomial{Float64}, Distributions.NegativeBinomial{Float64}, Distributions.NegativeBinomial{Float64}, Distributions.NegativeBinomial{Float64}, Distributions.NegativeBinomial{Float64}, Distributions.NegativeBinomial{Float64}, Distributions.NegativeBinomial{Float64}, Distributions.NegativeBinomial{Float64}, Distributions.NegativeBinomial{Float64}, Distributions.NegativeBinomial{Float64}, Distributions.NegativeBinomial{Float64}, Distributions.NegativeBinomial{Float64}, Distributions.NegativeBinomial{Float64}, Distributions.NegativeBinomial{Float64}, Distributions.NegativeBinomial{Float64}, Distributions.NegativeBinomial{Float64}, Distributions.NegativeBinomial{Float64}, Distributions.NegativeBinomial{Float64}, Distributions.NegativeBinomial{Float64}, Distributions.NegativeBinomial{Float64}, Distributions.NegativeBinomial{Float64}, Distributions.NegativeBinomial{Float64}, Distributions.NegativeBinomial{Float64}, Distributions.NegativeBinomial{Float64}, Distributions.NegativeBinomial{Float64}, Distributions.NegativeBinomial{Float64}, Distributions.NegativeBinomial{Float64}, Distributions.NegativeBinomial{Float64}, Distributions.NegativeBinomial{Float64}, Distributions.NegativeBinomial{Float64}, Distributions.NegativeBinomial{Float64}, Distributions.NegativeBinomial{Float64}, Distributions.NegativeBinomial{Float64}, Distributions.NegativeBinomial{Float64}, Distributions.NegativeBinomial{Float64}, Distributions.NegativeBinomial{Float64}, Distributions.NegativeBinomial{Float64}, Distributions.NegativeBinomial{Float64}, Distributions.NegativeBinomial{Float64}, Distributions.NegativeBinomial{Float64}, Distributions.NegativeBinomial{Float64}]
Demand means:    [0.9615384615384615, 0.9615384615384615, 0.9615384615384615, 0.9615384615384615, 0.9615384615384615, 0.9615384615384615, 0.9615384615384615, 0.9615384615384615, 0.9615384615384615, 0.9615384615384615, 0.9615384615384615, 0.9615384615384615, 0.9615384615384615, 0.9615384615384615, 0.9615384615384615, 0.4807692307692307, 0.4807692307692307, 0.4807692307692307, 0.4807692307692307, 0.4807692307692307, 0.4807692307692307, 0.4807692307692307, 0.4807692307692307, 0.4807692307692307, 0.4807692307692307, 0.4807692307692307, 0.4807692307692307, 0.4807692307692307, 0.4807692307692307, 0.4807692307692307, 0.2403846153846154, 0.2403846153846154, 0.2403846153846154, 0.2403846153846154, 0.2403846153846154, 0.2403846153846154, 0.2403846153846154, 0.2403846153846154, 0.2403846153846154, 0.2403846153846154, 0.2403846153846154, 0.2403846153846154, 0.2403846153846154, 0.2403846153846154, 0.2403846153846154, 0.2403846153846154, 0.2403846153846154, 0.2403846153846154, 0.2403846153846154, 0.2403846153846154]
============================================================

==================================================
Computing order-up-to vector via :solve_inf
==================================================

Method: solve_inf
Final objective: -236.35333407117756
z*: [30.735974453592974, 14.37977680470537, 14.034858787289547, 20.380833537026376, 23.318920317387786, 41.99449731010566, 42.0, 29.210708542216867, 21.908293284338527, 41.895138871816336, 27.271385012742897, 14.200955354651148, 38.91471736713642, 15.504566228475628, 20.18868084934633, 23.99536571758383, 16.143151168322216, 8.52697405052975, 25.497969622020243, 21.43262682743023, 24.0, 8.0, 23.99429351236106, 24.0, 8.0, 23.999488399542372, 8.0, 12.712855806415025, 8.0, 25.48595674163474, 4.5, 13.5, 6.218908112175739, 13.5, 4.5, 10.443639477697767, 4.5, 4.5, 5.4517612164747105, 13.498646591066668, 13.498233864374592, 4.706108549748653, 13.5, 13.498397958519835, 5.166913661626353, 4.5, 13.499579728811899, 6.518591206437541, 13.5, 13.49988262422456]
Intervention value: 141.61272585584553

==================================================
Computing order-up-to vector via :find_stationary
==================================================
RUNNING THE L-BFGS-B CODE

           * * *

Machine precision = 2.220D-16
 N =           50     M =           10

At X0         0 variables are exactly at the bounds

At iterate    0    f= -2.32807D+02    |proj g|=  6.08988D-02

At iterate    1    f= -2.32826D+02    |proj g|=  6.10398D-02
  ys=-2.415E-05  -gs= 1.849E-02 BFGS update SKIPPED

At iterate    2    f= -2.33309D+02    |proj g|=  5.54071D-02

At iterate    3    f= -2.34128D+02    |proj g|=  4.39198D-02

At iterate    4    f= -2.34406D+02    |proj g|=  4.43630D-02

At iterate    5    f= -2.34711D+02    |proj g|=  4.72757D-02

At iterate    6    f= -2.35737D+02    |proj g|=  4.84270D-02

At iterate    7    f= -2.35774D+02    |proj g|=  4.46528D-02

At iterate    8    f= -2.35801D+02    |proj g|=  3.68766D-02

At iterate    9    f= -2.35868D+02    |proj g|=  3.87821D-02

At iterate   10    f= -2.36185D+02    |proj g|=  2.73630D-02

At iterate   11    f= -2.36263D+02    |proj g|=  2.47234D-02

At iterate   12    f= -2.36309D+02    |proj g|=  2.11750D-02

At iterate   13    f= -2.36329D+02    |proj g|=  1.65427D-02

At iterate   14    f= -2.36343D+02    |proj g|=  1.58256D-02

At iterate   15    f= -2.36349D+02    |proj g|=  2.07412D-02

At iterate   16    f= -2.36352D+02    |proj g|=  2.45737D-02

At iterate   17    f= -2.36353D+02    |proj g|=  2.69757D-02

At iterate   18    f= -2.36353D+02    |proj g|=  2.69757D-02

           * * *

Tit   = total number of iterations
Tnf   = total number of function evaluations
Tnint = total number of segments explored during Cauchy searches
Skip  = number of BFGS updates skipped
Nact  = number of active bounds at final generalized Cauchy point
Projg = norm of the final projected gradient
F     = final function value

           * * *

   N    Tit     Tnf  Tnint  Skip  Nact     Projg        F
   50     18     49     26     1    11   2.698D-02  -2.364D+02
  F =  -236.35333407117756     

CONVERGENCE: REL_REDUCTION_OF_F_<=_FACTR*EPSMCH             

 Warning:  more than 10 function and gradient
   evaluations in the last line search.  Termination
   may possibly be caused by a bad search direction.

 Cauchy                time 0.000E+00 seconds.
 Subspace minimization time 0.000E+00 seconds.
 Line search           time 5.371E-02 seconds.

 Total User time 2.330E+00 seconds.

RUNNING THE L-BFGS-B CODE

           * * *

Machine precision = 2.220D-16
 N =           50     M =           10

At X0         0 variables are exactly at the bounds

At iterate    0    f=  1.81841D-02    |proj g|=  1.23572D-04

At iterate    1    f=  1.81839D-02    |proj g|=  1.23542D-04

At iterate    2    f=  1.78337D-02    |proj g|=  1.64109D-05

At iterate    3    f=  1.73765D-02    |proj g|=  1.27226D-04

At iterate    4    f=  1.70178D-02    |proj g|=  1.05191D-04

At iterate    5    f=  1.69390D-02    |proj g|=  6.27284D-05

At iterate    6    f=  1.68800D-02    |proj g|=  2.17105D-05

At iterate    7    f=  1.68646D-02    |proj g|=  2.56276D-05

At iterate    8    f=  1.67642D-02    |proj g|=  4.58508D-05

At iterate    9    f=  1.65904D-02    |proj g|=  5.22836D-05

At iterate   10    f=  1.65863D-02    |proj g|=  8.23919D-05

At iterate   11    f=  1.64393D-02    |proj g|=  4.62241D-05

At iterate   12    f=  1.63598D-02    |proj g|=  2.89011D-05

At iterate   13    f=  1.63368D-02    |proj g|=  4.65946D-05

At iterate   14    f=  1.62993D-02    |proj g|=  3.00545D-05

At iterate   15    f=  1.61964D-02    |proj g|=  3.17484D-05

At iterate   16    f=  1.60127D-02    |proj g|=  4.25435D-05

At iterate   17    f=  1.59221D-02    |proj g|=  4.99029D-05

At iterate   18    f=  1.58653D-02    |proj g|=  1.86903D-05

At iterate   19    f=  1.58291D-02    |proj g|=  3.29137D-05

At iterate   20    f=  1.57943D-02    |proj g|=  2.00709D-05

At iterate   21    f=  1.57403D-02    |proj g|=  4.90677D-05

At iterate   22    f=  1.57240D-02    |proj g|=  3.36938D-05

At iterate   23    f=  1.57010D-02    |proj g|=  1.79147D-05

At iterate   24    f=  1.56700D-02    |proj g|=  1.84371D-05

At iterate   25    f=  1.56375D-02    |proj g|=  2.57317D-05

At iterate   26    f=  1.55813D-02    |proj g|=  2.58685D-05

Method: find_stationary
Final residual: 0.12403753793759117
z*: [30.978184038144118, 35.092971454252236, 26.805549618239276, 14.0, 35.10977083557944, 32.91942300805897, 25.173128566172686, 14.0, 16.3032986157324, 21.865854986343, 28.336704584734026, 19.711495478496232, 14.0, 30.085200774492755, 14.0, 8.0, 8.5, 13.682643743275154, 18.808402616591927, 8.0, 9.705849996078719, 23.136854489373075, 8.113031105224811, 9.59734542679346, 8.0, 8.0, 16.190852566996256, 23.80382819497191, 12.107152280118132, 10.759153826726775, 13.5, 13.5, 13.5, 13.5, 4.5, 12.593289586902838, 11.603361517345887, 11.94891751355565, 4.724343978471006, 7.431031715687312, 13.5, 13.5, 13.5, 4.5, 8.562593275035256, 12.762545873409065, 5.732742093868538, 4.693173846958182, 4.5, 13.5]
Intervention value: 137.75517984282143

==================================================
Summary:
  solve_inf:       z* = [31, 14, 14, 20, 23, 42, 42, 29, 22, 42, 27, 14, 39, 16, 20, 24, 16, 9, 25, 21, 24, 8, 24, 24, 8, 24, 8, 13, 8, 25, 4, 14, 6, 14, 4, 10, 4, 4, 5, 13, 13, 5, 14, 13, 5, 4, 13, 7, 14, 13]
  find_stationary: z* = [31, 35, 27, 14, 35, 33, 25, 14, 16, 22, 28, 20, 14, 30, 14, 8, 8, 14, 19, 8, 10, 23, 8, 10, 8, 8, 16, 24, 12, 11, 14, 14, 14, 14, 4, 13, 12, 12, 5, 7, 14, 14, 14, 4, 9, 13, 6, 5, 4, 14]
==================================================

============================================================
Evaluating method: solve_inf
============================================================

----------------------------------------
Evaluating ε = -1.25
----------------------------------------
Mean cost: 291163.85523580556 ± 401.0051590193153
  Inventory costs: 38919.529506039034
  Variable costs:  5119.514531300668
  Fixed costs:     247124.81119846465
  Simulation time: 515.7s

----------------------------------------
Evaluating ε = -2.5
----------------------------------------
Mean cost: 289972.1148336729 ± 330.1525943347966
  Inventory costs: 38788.53386993219
  Variable costs:  5121.264155844217
  Fixed costs:     246062.31680789636
  Simulation time: 522.2s

----------------------------------------
Evaluating ε = -5.0
----------------------------------------
Mean cost: 290931.0386686573 ± 424.64542436482583
  Inventory costs: 38816.919721111226
  Variable costs:  5057.117553111691
  Fixed costs:     247057.00139443454
  Simulation time: 525.9s

----------------------------------------
Evaluating ε = -7.5
----------------------------------------
Mean cost: 290819.33993386186 ± 395.5482226585828
  Inventory costs: 38750.48217693512
  Variable costs:  5129.667623234101
  Fixed costs:     246939.19013369194
  Simulation time: 535.8s

----------------------------------------
Evaluating ε = -10.0
----------------------------------------
Mean cost: 291610.63471409224 ± 405.35313930359746
  Inventory costs: 38879.35064361591
  Variable costs:  5124.195673431476
  Fixed costs:     247607.08839704347
  Simulation time: 540.8s

----------------------------------------
Evaluating ε = -12.5
----------------------------------------
Mean cost: 291507.39622167137 ± 392.1704270134738
  Inventory costs: 38827.84710916537
  Variable costs:  5135.141195343406
  Fixed costs:     247544.40791716304
  Simulation time: 553.0s

----------------------------------------
Evaluating ε = -15.0
----------------------------------------
Mean cost: 291999.9016400828 ± 325.03613146056006
  Inventory costs: 38821.75071635899
  Variable costs:  5140.014855712728
  Fixed costs:     248038.13606801053
  Simulation time: 559.9s

----------------------------------------
Evaluating ε = -20.0
----------------------------------------
Mean cost: 123235.29603718358 ± 1008.925289736391
  Inventory costs: 38860.70540827711
  Variable costs:  5099.651084850777
  Fixed costs:     79274.93954405558
  Simulation time: 626.6s

----------------------------------------
Evaluating ε = -25.0
----------------------------------------
Mean cost: 103191.04536496544 ± 485.09476449411136
  Inventory costs: 41854.54528287351
  Variable costs:  5108.25576276282
  Fixed costs:     56228.244319328995
  Simulation time: 597.9s

----------------------------------------
Evaluating ε = -30.0
----------------------------------------
Mean cost: 94213.0499321917 ± 513.1134216603141
  Inventory costs: 45174.03360660999
  Variable costs:  5110.105680069804
  Fixed costs:     43928.91064551203
  Simulation time: 590.8s

----------------------------------------
Evaluating ε = -40.0
----------------------------------------
Mean cost: 90515.14673444463 ± 433.5110243025667
  Inventory costs: 53482.32177240033
  Variable costs:  5162.321511789057
  Fixed costs:     31870.50345025512
  Simulation time: 587.2s

----------------------------------------
Evaluating ε = -50.0
----------------------------------------
Mean cost: 90856.57294956098 ± 594.2546368782105
  Inventory costs: 61315.705601273876
  Variable costs:  5058.794823275681
  Fixed costs:     24482.07252501128
  Simulation time: 584.5s

----------------------------------------
Evaluating ε = -75.0
----------------------------------------
Mean cost: 105502.16498753449 ± 552.5157932216189
  Inventory costs: 83306.20736676767
  Variable costs:  5169.951605710682
  Fixed costs:     17026.00601505617
  Simulation time: 561.8s

----------------------------------------
Evaluating ε = -100.0
----------------------------------------
Mean cost: 122699.5448718168 ± 440.79555618946506
  Inventory costs: 104681.8501385552
  Variable costs:  5073.268488932705
  Fixed costs:     12944.426244328906
  Simulation time: 556.2s

==================================================
Best epsilon: -40.0 with cost: 90515.14673444463 ± 433.5110243025667
==================================================

============================================================
Evaluating method: find_stationary
============================================================

----------------------------------------
Evaluating ε = -1.25
----------------------------------------
Mean cost: 290372.9238000123 ± 449.0155115281032
  Inventory costs: 37616.56069941639
  Variable costs:  5110.93929091856
  Fixed costs:     247645.4238096775
  Simulation time: 553.3s

----------------------------------------
Evaluating ε = -2.5
----------------------------------------
Mean cost: 290079.8906147604 ± 324.5637504412133
  Inventory costs: 37702.791404981166
  Variable costs:  5153.154414471381
  Fixed costs:     247223.94479530724
  Simulation time: 557.9s

----------------------------------------
Evaluating ε = -5.0
----------------------------------------
Mean cost: 290818.2524926073 ± 288.5311799571833
  Inventory costs: 37648.54606422418
  Variable costs:  5136.725061785059
  Fixed costs:     248032.98136659787
  Simulation time: 553.7s

----------------------------------------
Evaluating ε = -7.5
----------------------------------------
Mean cost: 289509.1586446243 ± 365.24667505270486
  Inventory costs: 37648.42581826578
  Variable costs:  5081.938819506721
  Fixed costs:     246778.79400685243
  Simulation time: 551.2s

----------------------------------------
Evaluating ε = -10.0
----------------------------------------
Mean cost: 289809.45196860953 ± 386.4670126330198
  Inventory costs: 37591.09290348449
  Variable costs:  5103.16416149486
  Fixed costs:     247115.19490362966
  Simulation time: 550.8s

----------------------------------------
Evaluating ε = -12.5
----------------------------------------
Mean cost: 290314.03813878354 ± 319.11669808137157
  Inventory costs: 37784.70448789188
  Variable costs:  5151.737022707078
  Fixed costs:     247377.5966281849
  Simulation time: 551.3s

----------------------------------------
Evaluating ε = -15.0
----------------------------------------
Mean cost: 289651.0769325235 ± 389.62754119424966
  Inventory costs: 37437.30167642246
  Variable costs:  5040.944615984839
  Fixed costs:     247172.83064011546
  Simulation time: 550.8s

----------------------------------------
Evaluating ε = -20.0
----------------------------------------
Mean cost: 138468.38585405942 ± 675.6267765725637
  Inventory costs: 37797.26217927737
  Variable costs:  5117.972315908164
  Fixed costs:     95553.15135887402
  Simulation time: 550.1s

----------------------------------------
Evaluating ε = -25.0
----------------------------------------
Mean cost: 105296.1938632895 ± 674.5355316052667
  Inventory costs: 40236.77087149954
  Variable costs:  5031.99184034839
  Fixed costs:     60027.431151441284
  Simulation time: 552.0s

----------------------------------------
Evaluating ε = -30.0
----------------------------------------
Mean cost: 95792.50414481506 ± 611.4503129408824
  Inventory costs: 43988.853243721955
  Variable costs:  5113.175053412951
  Fixed costs:     46690.475847680136
  Simulation time: 551.3s

----------------------------------------
Evaluating ε = -40.0
----------------------------------------
Mean cost: 89413.77585305487 ± 396.9748619039099
  Inventory costs: 52048.57561117134
  Variable costs:  5059.2582793153615
  Fixed costs:     32305.9419625682
  Simulation time: 576.8s

----------------------------------------
Evaluating ε = -50.0
----------------------------------------
Mean cost: 91308.45012401197 ± 419.56594408747884
  Inventory costs: 60722.3686555125
  Variable costs:  5071.86623992572
  Fixed costs:     25514.21522857372
  Simulation time: 583.7s

----------------------------------------
Evaluating ε = -75.0
----------------------------------------
Mean cost: 105944.56716999851 ± 436.20877596232003
  Inventory costs: 83379.62843169319
  Variable costs:  5138.3166815301865
  Fixed costs:     17426.622056775144
  Simulation time: 585.8s

----------------------------------------
Evaluating ε = -100.0
----------------------------------------
Mean cost: 123629.8959520048 ± 603.2465942619023
  Inventory costs: 105229.07962492897
  Variable costs:  5063.803004662424
  Fixed costs:     13337.013322413419
  Simulation time: 589.4s

==================================================
Best epsilon: -40.0 with cost: 89413.77585305487 ± 396.9748619039099
==================================================
Skipping save for solve_inf: existing cost 86472.45787137409 <= new cost 90515.14673444463
Skipping save for find_stationary: existing cost 84547.45605301627 <= new cost 89413.77585305487

============================================================
FINAL RESULTS SUMMARY
============================================================

Method: solve_inf
  Order-up-to vector: [31, 14, 14, 20, 23, 42, 42, 29, 22, 42, 27, 14, 39, 16, 20, 24, 16, 9, 25, 21, 24, 8, 24, 24, 8, 24, 8, 13, 8, 25, 4, 14, 6, 14, 4, 10, 4, 4, 5, 13, 13, 5, 14, 13, 5, 4, 13, 7, 14, 13]
  Best epsilon: -40.0
  Best cost: 90515.14673444463 ± 433.5110243025667

Method: find_stationary
  Order-up-to vector: [31, 35, 27, 14, 35, 33, 25, 14, 16, 22, 28, 20, 14, 30, 14, 8, 8, 14, 19, 8, 10, 23, 8, 10, 8, 8, 16, 24, 12, 11, 14, 14, 14, 14, 4, 13, 12, 12, 5, 7, 14, 14, 14, 4, 9, 13, 6, 5, 4, 14]
  Best epsilon: -40.0
  Best cost: 89413.77585305487 ± 396.9748619039099

============================================================
Complete! Per-method results saved to:
  output/nn_training/results_50D_CaseHH_solve_inf.json
  output/nn_training/results_50D_CaseHH_find_stationary.json
============================================================

Precompiling Pkg...
    299.4 ms  ✓ Logging
    297.2 ms  ✓ MozillaCACerts_jll
    343.4 ms  ✓ Zlib_jll
    347.1 ms  ✓ nghttp2_jll
    350.1 ms  ✓ MbedTLS_jll
    351.8 ms  ✓ p7zip_jll
    412.2 ms  ✓ NetworkOptions
    397.7 ms  ✓ Base64
    468.9 ms  ✓ UUIDs
    358.8 ms  ✓ LibSSH2_jll
   1000.3 ms  ✓ ArgTools
    351.4 ms  ✓ LibCURL_jll
    376.1 ms  ✓ LibGit2_jll
    502.6 ms  ✓ Tar
    558.1 ms  ✓ LibCURL
   1671.9 ms  ✓ Dates
    434.7 ms  ✓ TOML
   2070.1 ms  ✓ Markdown
   1641.8 ms  ✓ LibGit2
   2398.0 ms  ✓ Downloads
  36493.0 ms  ✓ Pkg
  21 dependencies successfully precompiled in 41 seconds. 2 already precompiled.
  Activating project at `~/DeepSJRP`
[ Info:  started timer at: 2026-04-26T03:35:06.033
┌ Warning: Layer with Float32 parameters got Float64 input.
│   The input will be converted, but any earlier layers may be very slow.
│   layer = Dense(50 => 1000, elu)  # 51_000 parameters
│   summary(x) = "50-element Vector{Float64}"
└ @ Flux ~/.julia/packages/Flux/DZYiO/src/layers/stateless.jl:60

At iterate   27    f=  1.55638D-02    |proj g|=  2.12761D-05

At iterate   28    f=  1.55505D-02    |proj g|=  1.65633D-05

At iterate   29    f=  1.55029D-02    |proj g|=  1.22910D-05

At iterate   30    f=  1.54680D-02    |proj g|=  1.80908D-05

At iterate   31    f=  1.54436D-02    |proj g|=  1.64099D-05

At iterate   32    f=  1.54328D-02    |proj g|=  4.02276D-05

At iterate   33    f=  1.54090D-02    |proj g|=  2.09516D-05

At iterate   34    f=  1.53853D-02    |proj g|=  9.47532D-06

           * * *

Tit   = total number of iterations
Tnf   = total number of function evaluations
Tnint = total number of segments explored during Cauchy searches
Skip  = number of BFGS updates skipped
Nact  = number of active bounds at final generalized Cauchy point
Projg = norm of the final projected gradient
F     = final function value

           * * *

   N    Tit     Tnf  Tnint  Skip  Nact     Projg        F
   50     34     41     37     0    18   9.475D-06   1.539D-02
  F =   1.5385310817619369E-002

CONVERGENCE: NORM_OF_PROJECTED_GRADIENT_<=_PGTOL            

 Cauchy                time 0.000E+00 seconds.
 Subspace minimization time 9.766E-04 seconds.
 Line search           time 9.375E-02 seconds.

 Total User time 3.955E-01 seconds.

