
============================================================
DeepSJRP - Stochastic Joint Replenishment Problem Solver
============================================================
Instance: 50D_CaseLL
Options: Dict{Symbol, Any}(:beta_override => 100000.0, :alpha_override => nothing, :device => :gpu, :nu_override => 1.0, :T_override => 0.05, :seed => 777)
============================================================

Device: CUDA GPU
CUDA toolchain: 
- runtime 12.8, local installation
- driver 580.126.16 for 13.2
- compiler 12.9

CUDA libraries: 
- CUBLAS: 12.8.4
- CURAND: 10.3.9
- CUFFT: 11.3.3
- CUSOLVER: 11.7.3
- CUSPARSE: 12.5.8
- CUPTI: 2025.1.1 (API 12.8.0)
- NVML: 13.0.0+580.126.16

Julia packages: 
- CUDA: 5.11.0
- GPUArrays: 11.4.1
- GPUCompiler: 1.9.1
- KernelAbstractions: 0.9.41
- CUDA_Driver_jll: 13.2.0+0
- CUDA_Compiler_jll: 0.4.2+0
- CUDA_Runtime_jll: 0.21.0+0
- CUDA_Runtime_Discovery: 1.0.0

Toolchain:
- Julia: 1.11.7
- LLVM: 16.0.6

Preferences:
- CUDA_Runtime_jll.version: local

1 device:
  0: NVIDIA H100 80GB HBM3 (sm_90, 79.175 GiB / 79.647 GiB available)
BLAS threads: 1
Julia threads: 10

Benchmark source: QS

============================================================
IMPULSE CONTROL PROBLEM (scaled, annual)
============================================================
Instance: 50D_CaseLL
Dimension: 50
Interest rate: 0.05
Cost scaling κ: 0.01

Drift μ (annual demand rates): [50.0, 50.0, 50.0, 50.0, 50.0, 50.0, 50.0, 50.0, 50.0, 50.0, 50.0, 50.0, 50.0, 50.0, 50.0, 25.0, 25.0, 25.0, 25.0, 25.0, 25.0, 25.0, 25.0, 25.0, 25.0, 25.0, 25.0, 25.0, 25.0, 25.0, 12.5, 12.5, 12.5, 12.5, 12.5, 12.5, 12.5, 12.5, 12.5, 12.5, 12.5, 12.5, 12.5, 12.5, 12.5, 12.5, 12.5, 12.5, 12.5, 12.5]
Covariance Σ diagonal: [50.0, 50.0, 50.0, 50.0, 50.0, 50.0, 50.0, 50.0, 50.0, 50.0, 50.0, 50.0, 50.0, 50.0, 50.0, 25.0, 25.0, 25.0, 25.0, 25.0, 25.0, 25.0, 25.0, 25.0, 25.0, 25.0, 25.0, 25.0, 25.0, 25.0, 12.5, 12.5, 12.5, 12.5, 12.5, 12.5, 12.5, 12.5, 12.5, 12.5, 12.5, 12.5, 12.5, 12.5, 12.5, 12.5, 12.5, 12.5, 12.5, 12.5]

Scaled costs (× κ = 0.01):
  Fixed cost K:    0.5
  Variable costs c: [0.001, 0.001, 0.001, 0.001, 0.001, 0.001, 0.001, 0.001, 0.001, 0.001, 0.001, 0.001, 0.001, 0.001, 0.001, 0.002, 0.002, 0.002, 0.002, 0.002, 0.002, 0.002, 0.002, 0.002, 0.002, 0.002, 0.002, 0.002, 0.002, 0.002, 0.004, 0.004, 0.004, 0.004, 0.004, 0.004, 0.004, 0.004, 0.004, 0.004, 0.004, 0.004, 0.004, 0.004, 0.004, 0.004, 0.004, 0.004, 0.004, 0.004]
  Holding costs h:  [0.01, 0.01, 0.01, 0.01, 0.01, 0.01, 0.01, 0.01, 0.01, 0.01, 0.01, 0.01, 0.01, 0.01, 0.01, 0.02, 0.02, 0.02, 0.02, 0.02, 0.02, 0.02, 0.02, 0.02, 0.02, 0.02, 0.02, 0.02, 0.02, 0.02, 0.04, 0.04, 0.04, 0.04, 0.04, 0.04, 0.04, 0.04, 0.04, 0.04, 0.04, 0.04, 0.04, 0.04, 0.04, 0.04, 0.04, 0.04, 0.04, 0.04]
  Penalty costs p:  [0.25, 0.25, 0.25, 0.25, 0.25, 0.25, 0.25, 0.25, 0.25, 0.25, 0.25, 0.25, 0.25, 0.25, 0.25, 0.5, 0.5, 0.5, 0.5, 0.5, 0.5, 0.5, 0.5, 0.5, 0.5, 0.5, 0.5, 0.5, 0.5, 0.5, 1.0, 1.0, 1.0, 1.0, 1.0, 1.0, 1.0, 1.0, 1.0, 1.0, 1.0, 1.0, 1.0, 1.0, 1.0, 1.0, 1.0, 1.0, 1.0, 1.0]

Original costs (unscaled):
  Fixed cost K:    50.0
  Variable costs c: [0.1, 0.1, 0.1, 0.1, 0.1, 0.1, 0.1, 0.1, 0.1, 0.1, 0.1, 0.1, 0.1, 0.1, 0.1, 0.2, 0.2, 0.2, 0.2, 0.2, 0.2, 0.2, 0.2, 0.2, 0.2, 0.2, 0.2, 0.2, 0.2, 0.2, 0.4, 0.4, 0.4, 0.4, 0.4, 0.4, 0.4, 0.4, 0.4, 0.4, 0.4, 0.4, 0.4, 0.4, 0.4, 0.4, 0.4, 0.4, 0.4, 0.4]
  Holding costs h:  [1.0, 1.0, 1.0, 1.0, 1.0, 1.0, 1.0, 1.0, 1.0, 1.0, 1.0, 1.0, 1.0, 1.0, 1.0, 2.0, 2.0, 2.0, 2.0, 2.0, 2.0, 2.0, 2.0, 2.0, 2.0, 2.0, 2.0, 2.0, 2.0, 2.0, 4.0, 4.0, 4.0, 4.0, 4.0, 4.0, 4.0, 4.0, 4.0, 4.0, 4.0, 4.0, 4.0, 4.0, 4.0, 4.0, 4.0, 4.0, 4.0, 4.0]
  Penalty costs p:  [25.0, 25.0, 25.0, 25.0, 25.0, 25.0, 25.0, 25.0, 25.0, 25.0, 25.0, 25.0, 25.0, 25.0, 25.0, 50.0, 50.0, 50.0, 50.0, 50.0, 50.0, 50.0, 50.0, 50.0, 50.0, 50.0, 50.0, 50.0, 50.0, 50.0, 100.0, 100.0, 100.0, 100.0, 100.0, 100.0, 100.0, 100.0, 100.0, 100.0, 100.0, 100.0, 100.0, 100.0, 100.0, 100.0, 100.0, 100.0, 100.0, 100.0]
============================================================

============================================================
TRAINING HYPERPARAMETERS
============================================================
Benchmark source: QS
Precision:        Float32
Batch size:       5000
Num intervals:    100
T horizon:        0.05
Num iterations:   40000
Learning rates:   [0.001, 0.0002, 0.0001, 1.0e-5, 1.0e-6]
LR steps:         [1, 5000, 10000, 20000, 30000]
Beta penalty:     [1.0, 10.0, 100.0, 1000.0, 10000.0, 100000.0]
Penalty steps:    [1, 2500, 5000, 7500, 10000, 20000]
Lambda rate:      5.872242335766425
S guess:          [[11.0, 11.0, 11.0, 11.0, 11.0, 11.0, 11.0, 11.0, 11.0, 11.0, 11.0, 11.0, 11.0, 11.0, 11.0, 6.0, 6.0, 6.0, 6.0, 6.0, 6.0, 6.0, 6.0, 6.0, 6.0, 6.0, 6.0, 6.0, 6.0, 6.0, 4.0, 4.0, 4.0, 4.0, 4.0, 4.0, 4.0, 4.0, 4.0, 4.0, 4.0, 4.0, 4.0, 4.0, 4.0, 4.0, 4.0, 4.0, 4.0, 4.0]]
Nu radius:        1.0
S distribution:   lognormal
Alpha factor:     0.0
Alpha js:         [0.0, 0.0, 0.0, 0.0, 0.0, 0.0, 0.0, 0.0, 0.0, 0.0, 0.0, 0.0, 0.0, 0.0, 0.0, 0.0, 0.0, 0.0, 0.0, 0.0, 0.0, 0.0, 0.0, 0.0, 0.0, 0.0, 0.0, 0.0, 0.0, 0.0, 0.0, 0.0, 0.0, 0.0, 0.0, 0.0, 0.0, 0.0, 0.0, 0.0, 0.0, 0.0, 0.0, 0.0, 0.0, 0.0, 0.0, 0.0, 0.0, 0.0]
Cost scaling:     0.01

Neural network architecture:
  Hidden layers:  4
  Width:          1000
  Activation:     elu

Optimization parameters:
  Start factor:   1.0
  Lower factor:   0.5
  Upper factor:   1.5
  Sim runs:       10
  Sim horizon:    5000
  Epsilons:       [-1.25, -2.5, -5.0, -7.5, -10.0, -12.5, -15.0, -20.0, -25.0, -30.0, -40.0, -50.0, -75.0, -100.0]
============================================================

Gradient network G (∇V):
Chain(
  Dense(50 => 1000, elu),               # 51_000 parameters
  Dense(1000 => 1000, elu),             # 1_001_000 parameters
  Dense(1000 => 1000, elu),             # 1_001_000 parameters
  Dense(1000 => 1000, elu),             # 1_001_000 parameters
  Dense(1000 => 50),                    # 50_050 parameters
)                   # Total: 10 arrays, 3_104_050 parameters, 1.562 KiB.

Value network H (V):
Chain(
  Dense(50 => 1000, elu),               # 51_000 parameters
  Dense(1000 => 1000, elu),             # 1_001_000 parameters
  Dense(1000 => 1000, elu),             # 1_001_000 parameters
  Dense(1000 => 1000, elu),             # 1_001_000 parameters
  Dense(1000 => 1),                     # 1_001 parameters
)                   # Total: 10 arrays, 3_055_001 parameters, 1.562 KiB.


============================================================
Starting neural network training...
============================================================

Starting training with steady-state sampler:
-----------------------------------------
Epoch: 1; Penalty β updated to: 1.0
-----------------------------------------
─── Device check ───
  x_tn: CuArray{Float32} (50, 100, 5000)
  dB: CuArray{Float32} (50, 100, 5000)
  dU: CuArray{Float32} (50, 100, 5000)
  exponentials: CuArray{Float32} (1, 100)
  loss_dB: CuArray{Float32} (1, 5000)
  loss_df: CuArray{Float32} (1, 5000)
  loss_dU: CuArray{Float32} (1, 5000)
  H_x0: CuArray{Float32} (1, 5000)
  H_xT: CuArray{Float32} (1, 5000)
  penalties: CuArray{Float32} (1, 5000)
────────────────────
Epoch: 1; Computation time: 59.708309416; Current value of V(0): 0.0
Lagrangian objective: 1019.0334; Average H(x0): 0.0; Quantile-hedge α(β): 44.92
Simulation time per epoch: 10.173104617; Gradient computation time: 37.476791991; Testing time: 11.342352989
Epoch: 1000; Computation time: 398.108514424; Current value of V(0): 4.960142578125e6
Lagrangian objective: -40779.418; Average H(x0): 80885.24; Quantile-hedge α(β): 0.0
Simulation time per epoch: 0.07396965; Gradient computation time: 0.181425206; Testing time: 0.083128487
Epoch: 2000; Computation time: 736.807555093; Current value of V(0): 5.11044140625e6
Lagrangian objective: -40800.28; Average H(x0): 80957.16; Quantile-hedge α(β): 0.0
Simulation time per epoch: 0.073867236; Gradient computation time: 0.181993479; Testing time: 0.083215942
-----------------------------------------
Epoch: 2500; Penalty β updated to: 10.0
-----------------------------------------
Epoch: 3000; Computation time: 1075.494230755; Current value of V(0): 527096.97265625
Lagrangian objective: -4683.3647; Average H(x0): 8817.068; Quantile-hedge α(β): 0.21999999999999797
Simulation time per epoch: 0.073974338; Gradient computation time: 0.181953526; Testing time: 0.083061572
Epoch: 4000; Computation time: 1414.221574946; Current value of V(0): 532896.77734375
Lagrangian objective: -4677.9414; Average H(x0): 8799.586; Quantile-hedge α(β): 0.16000000000000458
Simulation time per epoch: 0.073900951; Gradient computation time: 0.181777639; Testing time: 0.08309342
-----------------------------------------
Epoch: 5000; Penalty β updated to: 100.0
-----------------------------------------
Epoch: 5000; Computation time: 1752.900130097; Current value of V(0): 537981.591796875
Lagrangian objective: 31984.832; Average H(x0): 8767.016; Quantile-hedge α(β): 0.16000000000000458
Simulation time per epoch: 0.073887912; Gradient computation time: 0.181239485; Testing time: 0.082993596
Epoch: 6000; Computation time: 2091.627485034; Current value of V(0): 78926.9775390625
Lagrangian objective: -891.3146; Average H(x0): 1404.583; Quantile-hedge α(β): 13.200000000000001
Simulation time per epoch: 0.073847775; Gradient computation time: 0.18178068; Testing time: 0.083185347
Epoch: 7000; Computation time: 2430.552852753; Current value of V(0): 78568.51196289062
Lagrangian objective: -890.9962; Average H(x0): 1397.1398; Quantile-hedge α(β): 12.960000000000004
Simulation time per epoch: 0.074023356; Gradient computation time: 0.182117619; Testing time: 0.083138235
-----------------------------------------
Epoch: 7500; Penalty β updated to: 1000.0
-----------------------------------------
Epoch: 8000; Computation time: 2769.582692641; Current value of V(0): 19294.180297851562
Lagrangian objective: -331.20932; Average H(x0): 434.93924; Quantile-hedge α(β): 55.26
Simulation time per epoch: 0.073832637; Gradient computation time: 0.182216458; Testing time: 0.083265853
Epoch: 9000; Computation time: 3108.677201426; Current value of V(0): 19396.434020996094
Lagrangian objective: -329.24734; Average H(x0): 432.0076; Quantile-hedge α(β): 54.89999999999999
Simulation time per epoch: 0.073879487; Gradient computation time: 0.181944141; Testing time: 0.083183933
-----------------------------------------
Epoch: 10000; Penalty β updated to: 10000.0
-----------------------------------------
Epoch: 10000; Computation time: 3447.881120457; Current value of V(0): 19811.570739746094
Lagrangian objective: 604.3196; Average H(x0): 432.2297; Quantile-hedge α(β): 54.92
Simulation time per epoch: 0.07385916; Gradient computation time: 0.182179851; Testing time: 0.083207735
Epoch: 11000; Computation time: 3787.16135138; Current value of V(0): 7676.953125
Lagrangian objective: -205.10117; Average H(x0): 237.29515; Quantile-hedge α(β): 81.02000000000001
Simulation time per epoch: 0.074000253; Gradient computation time: 0.182189408; Testing time: 0.083251955
Epoch: 12000; Computation time: 4126.429841517; Current value of V(0): 8854.248046875
Lagrangian objective: -205.06851; Average H(x0): 238.07706; Quantile-hedge α(β): 81.08
Simulation time per epoch: 0.073696185; Gradient computation time: 0.182028427; Testing time: 0.083251845
Epoch: 13000; Computation time: 4465.721158899; Current value of V(0): 9229.886627197266
Lagrangian objective: -206.75581; Average H(x0): 236.79297; Quantile-hedge α(β): 81.64
Simulation time per epoch: 0.073779092; Gradient computation time: 0.182350497; Testing time: 0.083329679
Epoch: 14000; Computation time: 4804.991252213; Current value of V(0): 9264.779663085938
Lagrangian objective: -200.88356; Average H(x0): 237.469; Quantile-hedge α(β): 80.84
Simulation time per epoch: 0.073908106; Gradient computation time: 0.181297038; Testing time: 0.083201456
Epoch: 15000; Computation time: 5144.242840181; Current value of V(0): -11156.603240966797
Lagrangian objective: 0.6508332; Average H(x0): 5.0370398; Quantile-hedge α(β): 98.11999999999999
Simulation time per epoch: 0.073918761; Gradient computation time: 0.182329109; Testing time: 0.083225385
Epoch: 16000; Computation time: 5483.502483057; Current value of V(0): 10805.767059326172
Lagrangian objective: -270.26807; Average H(x0): 309.99377; Quantile-hedge α(β): 84.2
Simulation time per epoch: 0.073756107; Gradient computation time: 0.182012778; Testing time: 0.083307669
Epoch: 17000; Computation time: 5822.899031029; Current value of V(0): 12239.561462402344
Lagrangian objective: -278.44153; Average H(x0): 313.741; Quantile-hedge α(β): 83.67999999999999
Simulation time per epoch: 0.073883123; Gradient computation time: 0.182398; Testing time: 0.083306887
Epoch: 18000; Computation time: 6162.173533094; Current value of V(0): 13275.515747070312
Lagrangian objective: -281.7605; Average H(x0): 315.6819; Quantile-hedge α(β): 82.26
Simulation time per epoch: 0.073761234; Gradient computation time: 0.181772374; Testing time: 0.083151544
Epoch: 19000; Computation time: 6501.425962406; Current value of V(0): 14315.646362304688
Lagrangian objective: -284.0407; Average H(x0): 316.02234; Quantile-hedge α(β): 82.14
Simulation time per epoch: 0.07376619; Gradient computation time: 0.18225012; Testing time: 0.083275723
-----------------------------------------
Epoch: 20000; Penalty β updated to: 100000.0
-----------------------------------------
Epoch: 20000; Computation time: 6840.701337382; Current value of V(0): 15181.712341308594
Lagrangian objective: 43.3227; Average H(x0): 319.82675; Quantile-hedge α(β): 83.62
Simulation time per epoch: 0.073774392; Gradient computation time: 0.182202569; Testing time: 0.083216503
Epoch: 21000; Computation time: 7179.878828117; Current value of V(0): 10668.080139160156
Lagrangian objective: -233.8769; Average H(x0): 252.76884; Quantile-hedge α(β): 96.7
Simulation time per epoch: 0.073808773; Gradient computation time: 0.182121159; Testing time: 0.083345649
Epoch: 22000; Computation time: 7519.208470081; Current value of V(0): 10862.256622314453
Lagrangian objective: -228.40794; Average H(x0): 253.3834; Quantile-hedge α(β): 96.36
Simulation time per epoch: 0.073849847; Gradient computation time: 0.182051929; Testing time: 0.083338512
Epoch: 23000; Computation time: 7858.492047989; Current value of V(0): 11168.801879882812
Lagrangian objective: -233.59454; Average H(x0): 255.07288; Quantile-hedge α(β): 96.12
Simulation time per epoch: 0.073706404; Gradient computation time: 0.182200174; Testing time: 0.083249193
Epoch: 24000; Computation time: 8197.604456962; Current value of V(0): 11198.98681640625
Lagrangian objective: -233.15135; Average H(x0): 253.53102; Quantile-hedge α(β): 96.52000000000001
Simulation time per epoch: 0.073739072; Gradient computation time: 0.18216512; Testing time: 0.083284372
Epoch: 25000; Computation time: 8536.658255594; Current value of V(0): 11575.36392211914
Lagrangian objective: -234.844; Average H(x0): 254.38934; Quantile-hedge α(β): 96.56
Simulation time per epoch: 0.073478067; Gradient computation time: 0.182328238; Testing time: 0.083545058
Epoch: 26000; Computation time: 8875.730209125; Current value of V(0): 11855.779266357422
Lagrangian objective: -228.59814; Average H(x0): 254.49733; Quantile-hedge α(β): 95.92
Simulation time per epoch: 0.073927201; Gradient computation time: 0.182077695; Testing time: 0.083239271
Epoch: 27000; Computation time: 9214.995819686; Current value of V(0): 12159.949493408203
Lagrangian objective: -232.10185; Average H(x0): 255.05205; Quantile-hedge α(β): 96.0
Simulation time per epoch: 0.073930581; Gradient computation time: 0.181757654; Testing time: 0.08317536
Epoch: 28000; Computation time: 9554.193196696; Current value of V(0): 12389.164733886719
Lagrangian objective: -231.53966; Average H(x0): 253.43402; Quantile-hedge α(β): 96.1
Simulation time per epoch: 0.073823521; Gradient computation time: 0.181873158; Testing time: 0.083387493
Epoch: 29000; Computation time: 9893.47398621; Current value of V(0): 12296.027374267578
Lagrangian objective: -231.22395; Average H(x0): 249.14278; Quantile-hedge α(β): 96.98
Simulation time per epoch: 0.073911439; Gradient computation time: 0.182380905; Testing time: 0.083182472
Epoch: 30000; Computation time: 10232.716969567; Current value of V(0): 12573.717498779297
Lagrangian objective: -238.29234; Average H(x0): 253.36575; Quantile-hedge α(β): 96.82
Simulation time per epoch: 0.073797014; Gradient computation time: 0.181768238; Testing time: 0.083078822
Epoch: 31000; Computation time: 10571.803203899; Current value of V(0): 12955.830383300781
Lagrangian objective: -238.019; Average H(x0): 258.3325; Quantile-hedge α(β): 96.2
Simulation time per epoch: 0.073709907; Gradient computation time: 0.181934532; Testing time: 0.083274094
Epoch: 32000; Computation time: 10910.772122957; Current value of V(0): 12979.902648925781
Lagrangian objective: -240.2286; Average H(x0): 258.4618; Quantile-hedge α(β): 96.12
Simulation time per epoch: 0.073855819; Gradient computation time: 0.182141129; Testing time: 0.083046139
Epoch: 33000; Computation time: 11249.821905155; Current value of V(0): 12907.685852050781
Lagrangian objective: -241.7462; Average H(x0): 257.16367; Quantile-hedge α(β): 96.36
Simulation time per epoch: 0.073935982; Gradient computation time: 0.181680545; Testing time: 0.083065947
Epoch: 34000; Computation time: 11588.843425578; Current value of V(0): 12972.03369140625
Lagrangian objective: -238.18193; Average H(x0): 257.8532; Quantile-hedge α(β): 96.41999999999999
Simulation time per epoch: 0.073859912; Gradient computation time: 0.182067922; Testing time: 0.083121733
Epoch: 35000; Computation time: 11928.121988175; Current value of V(0): 13023.147583007812
Lagrangian objective: -242.94298; Average H(x0): 258.33127; Quantile-hedge α(β): 96.5
Simulation time per epoch: 0.073870774; Gradient computation time: 0.182463273; Testing time: 0.083345367
Epoch: 36000; Computation time: 12267.62379496; Current value of V(0): 13014.224243164062
Lagrangian objective: -236.79872; Average H(x0): 258.2812; Quantile-hedge α(β): 96.32000000000001
Simulation time per epoch: 0.073812045; Gradient computation time: 0.182250566; Testing time: 0.083196892
Epoch: 37000; Computation time: 12607.283465269; Current value of V(0): 13024.502563476562
Lagrangian objective: -242.1075; Average H(x0): 258.32285; Quantile-hedge α(β): 96.26
Simulation time per epoch: 0.073407125; Gradient computation time: 0.182624937; Testing time: 0.083562527
Epoch: 38000; Computation time: 12947.152305765; Current value of V(0): 13028.6376953125
Lagrangian objective: -242.04172; Average H(x0): 258.0937; Quantile-hedge α(β): 96.32000000000001
Simulation time per epoch: 0.073664443; Gradient computation time: 0.182735373; Testing time: 0.083393366
Epoch: 39000; Computation time: 13287.04480005; Current value of V(0): 13084.915161132812
Lagrangian objective: -239.43033; Average H(x0): 258.50238; Quantile-hedge α(β): 96.02
Simulation time per epoch: 0.073822203; Gradient computation time: 0.18294264; Testing time: 0.083491183
Epoch: 40000; Computation time: 13626.891253881; Current value of V(0): 13095.965576171875
Lagrangian objective: -234.40704; Average H(x0): 258.23376; Quantile-hedge α(β): 95.67999999999999
Simulation time per epoch: 0.073824536; Gradient computation time: 0.182587157; Testing time: 0.083370591

Training completed in 13626.891409083 seconds
Final V(0): 13102.272033691406

============================================================
Running policy evaluation...
============================================================


============================================================
INVENTORY PROBLEM (unscaled, weekly)
============================================================
Dimension:       50
Discount factor: 0.9990389236684376
Fixed cost:      50.0
Variable costs:  [0.1, 0.1, 0.1, 0.1, 0.1, 0.1, 0.1, 0.1, 0.1, 0.1, 0.1, 0.1, 0.1, 0.1, 0.1, 0.2, 0.2, 0.2, 0.2, 0.2, 0.2, 0.2, 0.2, 0.2, 0.2, 0.2, 0.2, 0.2, 0.2, 0.2, 0.4, 0.4, 0.4, 0.4, 0.4, 0.4, 0.4, 0.4, 0.4, 0.4, 0.4, 0.4, 0.4, 0.4, 0.4, 0.4, 0.4, 0.4, 0.4, 0.4]
Holding costs:   [0.019230769230769232, 0.019230769230769232, 0.019230769230769232, 0.019230769230769232, 0.019230769230769232, 0.019230769230769232, 0.019230769230769232, 0.019230769230769232, 0.019230769230769232, 0.019230769230769232, 0.019230769230769232, 0.019230769230769232, 0.019230769230769232, 0.019230769230769232, 0.019230769230769232, 0.038461538461538464, 0.038461538461538464, 0.038461538461538464, 0.038461538461538464, 0.038461538461538464, 0.038461538461538464, 0.038461538461538464, 0.038461538461538464, 0.038461538461538464, 0.038461538461538464, 0.038461538461538464, 0.038461538461538464, 0.038461538461538464, 0.038461538461538464, 0.038461538461538464, 0.07692307692307693, 0.07692307692307693, 0.07692307692307693, 0.07692307692307693, 0.07692307692307693, 0.07692307692307693, 0.07692307692307693, 0.07692307692307693, 0.07692307692307693, 0.07692307692307693, 0.07692307692307693, 0.07692307692307693, 0.07692307692307693, 0.07692307692307693, 0.07692307692307693, 0.07692307692307693, 0.07692307692307693, 0.07692307692307693, 0.07692307692307693, 0.07692307692307693]
Backlog costs:   [0.4807692307692308, 0.4807692307692308, 0.4807692307692308, 0.4807692307692308, 0.4807692307692308, 0.4807692307692308, 0.4807692307692308, 0.4807692307692308, 0.4807692307692308, 0.4807692307692308, 0.4807692307692308, 0.4807692307692308, 0.4807692307692308, 0.4807692307692308, 0.4807692307692308, 0.9615384615384616, 0.9615384615384616, 0.9615384615384616, 0.9615384615384616, 0.9615384615384616, 0.9615384615384616, 0.9615384615384616, 0.9615384615384616, 0.9615384615384616, 0.9615384615384616, 0.9615384615384616, 0.9615384615384616, 0.9615384615384616, 0.9615384615384616, 0.9615384615384616, 1.9230769230769231, 1.9230769230769231, 1.9230769230769231, 1.9230769230769231, 1.9230769230769231, 1.9230769230769231, 1.9230769230769231, 1.9230769230769231, 1.9230769230769231, 1.9230769230769231, 1.9230769230769231, 1.9230769230769231, 1.9230769230769231, 1.9230769230769231, 1.9230769230769231, 1.9230769230769231, 1.9230769230769231, 1.9230769230769231, 1.9230769230769231, 1.9230769230769231]
Demand dists:    DataType[Distributions.Poisson{Float64}, Distributions.Poisson{Float64}, Distributions.Poisson{Float64}, Distributions.Poisson{Float64}, Distributions.Poisson{Float64}, Distributions.Poisson{Float64}, Distributions.Poisson{Float64}, Distributions.Poisson{Float64}, Distributions.Poisson{Float64}, Distributions.Poisson{Float64}, Distributions.Poisson{Float64}, Distributions.Poisson{Float64}, Distributions.Poisson{Float64}, Distributions.Poisson{Float64}, Distributions.Poisson{Float64}, Distributions.Poisson{Float64}, Distributions.Poisson{Float64}, Distributions.Poisson{Float64}, Distributions.Poisson{Float64}, Distributions.Poisson{Float64}, Distributions.Poisson{Float64}, Distributions.Poisson{Float64}, Distributions.Poisson{Float64}, Distributions.Poisson{Float64}, Distributions.Poisson{Float64}, Distributions.Poisson{Float64}, Distributions.Poisson{Float64}, Distributions.Poisson{Float64}, Distributions.Poisson{Float64}, Distributions.Poisson{Float64}, Distributions.Poisson{Float64}, Distributions.Poisson{Float64}, Distributions.Poisson{Float64}, Distributions.Poisson{Float64}, Distributions.Poisson{Float64}, Distributions.Poisson{Float64}, Distributions.Poisson{Float64}, Distributions.Poisson{Float64}, Distributions.Poisson{Float64}, Distributions.Poisson{Float64}, Distributions.Poisson{Float64}, Distributions.Poisson{Float64}, Distributions.Poisson{Float64}, Distributions.Poisson{Float64}, Distributions.Poisson{Float64}, Distributions.Poisson{Float64}, Distributions.Poisson{Float64}, Distributions.Poisson{Float64}, Distributions.Poisson{Float64}, Distributions.Poisson{Float64}]
Demand means:    [0.9615384615384616, 0.9615384615384616, 0.9615384615384616, 0.9615384615384616, 0.9615384615384616, 0.9615384615384616, 0.9615384615384616, 0.9615384615384616, 0.9615384615384616, 0.9615384615384616, 0.9615384615384616, 0.9615384615384616, 0.9615384615384616, 0.9615384615384616, 0.9615384615384616, 0.4807692307692308, 0.4807692307692308, 0.4807692307692308, 0.4807692307692308, 0.4807692307692308, 0.4807692307692308, 0.4807692307692308, 0.4807692307692308, 0.4807692307692308, 0.4807692307692308, 0.4807692307692308, 0.4807692307692308, 0.4807692307692308, 0.4807692307692308, 0.4807692307692308, 0.2403846153846154, 0.2403846153846154, 0.2403846153846154, 0.2403846153846154, 0.2403846153846154, 0.2403846153846154, 0.2403846153846154, 0.2403846153846154, 0.2403846153846154, 0.2403846153846154, 0.2403846153846154, 0.2403846153846154, 0.2403846153846154, 0.2403846153846154, 0.2403846153846154, 0.2403846153846154, 0.2403846153846154, 0.2403846153846154, 0.2403846153846154, 0.2403846153846154]
============================================================

==================================================
Computing order-up-to vector via :solve_inf
==================================================

Method: solve_inf
Final objective: 257.96434692382815
z*: [11.0, 11.0, 11.0, 11.0, 11.0, 11.0, 11.0, 11.0, 11.0, 11.0, 11.0, 11.0, 11.0, 11.0, 11.0, 6.0, 6.0, 6.0, 6.0, 6.0, 6.0, 6.0, 6.0, 6.0, 6.0, 6.0, 6.0, 6.0, 6.0, 6.0, 4.0, 4.0, 4.0, 4.0, 4.0, 4.0, 4.0, 4.0, 4.0, 4.0, 4.0, 4.0, 4.0, 4.0, 4.0, 4.0, 4.0, 4.0, 4.0, 4.0]
Intervention value: -127.44177917480471

==================================================
Computing order-up-to vector via :find_stationary
==================================================

Method: find_stationary
Final residual: 0.030991690718467694
z*: [11.0, 11.0, 11.0, 11.0, 11.0, 11.0, 11.0, 11.0, 11.0, 11.0, 11.0, 11.0, 11.0, 11.0, 11.0, 6.0, 6.0, 6.0, 6.0, 6.0, 6.0, 6.0, 6.0, 6.0, 6.0, 6.0, 6.0, 6.0, 6.0, 6.0, 4.0, 4.0, 4.0, 4.0, 4.0, 4.0, 4.0, 4.0, 4.0, 4.0, 4.0, 4.0, 4.0, 4.0, 4.0, 4.0, 4.0, 4.0, 4.0, 4.0]
Intervention value: -127.44177917480471

==================================================
Summary:
  solve_inf:       z* = [11, 11, 11, 11, 11, 11, 11, 11, 11, 11, 11, 11, 11, 11, 11, 6, 6, 6, 6, 6, 6, 6, 6, 6, 6, 6, 6, 6, 6, 6, 4, 4, 4, 4, 4, 4, 4, 4, 4, 4, 4, 4, 4, 4, 4, 4, 4, 4, 4, 4]
  find_stationary: z* = [11, 11, 11, 11, 11, 11, 11, 11, 11, 11, 11, 11, 11, 11, 11, 6, 6, 6, 6, 6, 6, 6, 6, 6, 6, 6, 6, 6, 6, 6, 4, 4, 4, 4, 4, 4, 4, 4, 4, 4, 4, 4, 4, 4, 4, 4, 4, 4, 4, 4]
==================================================

============================================================
Evaluating method: solve_inf
============================================================

----------------------------------------
Evaluating ε = -1.25
----------------------------------------
Mean cost: 22095.192447144662 ± 35.72395129190574
  Inventory costs: 11876.160287036177
  Variable costs:  5000.802073614735
  Fixed costs:     5218.230086493741
  Simulation time: 626.1s

----------------------------------------
Evaluating ε = -2.5
----------------------------------------
Mean cost: 22520.79646922698 ± 28.824470414859867
  Inventory costs: 12488.11780214139
  Variable costs:  5010.7778747063985
  Fixed costs:     5021.900792379155
  Simulation time: 623.5s

----------------------------------------
Evaluating ε = -5.0
----------------------------------------
Mean cost: 23397.471319398694 ± 32.28308071443597
  Inventory costs: 13753.180584845366
  Variable costs:  4992.284250724968
  Fixed costs:     4652.006483828392
  Simulation time: 627.1s

----------------------------------------
Evaluating ε = -7.5
----------------------------------------
Mean cost: 24478.831260802363 ± 33.95051404541803
  Inventory costs: 15101.17180067279
  Variable costs:  4988.057757827652
  Fixed costs:     4389.6017023019085
  Simulation time: 621.3s

----------------------------------------
Evaluating ε = -10.0
----------------------------------------
Mean cost: 25632.738005142088 ± 69.83005621936375
  Inventory costs: 16428.471450045574
  Variable costs:  5002.311440999985
  Fixed costs:     4201.955114096539
  Simulation time: 611.8s

----------------------------------------
Evaluating ε = -12.5
----------------------------------------
Mean cost: 26901.99967058485 ± 32.27865381096627
  Inventory costs: 17864.828794830115
  Variable costs:  4995.703680832026
  Fixed costs:     4041.4671949227013
  Simulation time: 605.7s

----------------------------------------
Evaluating ε = -15.0
----------------------------------------
Mean cost: 28001.244425829987 ± 52.76726178882626
  Inventory costs: 19129.188299936286
  Variable costs:  4982.782151427333
  Fixed costs:     3889.2739744663595
  Simulation time: 599.4s

----------------------------------------
Evaluating ε = -20.0
----------------------------------------
Mean cost: 30515.811915646114 ± 52.488543611820894
  Inventory costs: 21845.83153690913
  Variable costs:  4994.1360302432295
  Fixed costs:     3675.8443484937734
  Simulation time: 556.2s

----------------------------------------
Evaluating ε = -25.0
----------------------------------------
Mean cost: 32939.71705306777 ± 52.37291681372435
  Inventory costs: 24461.38235133146
  Variable costs:  4981.437716876899
  Fixed costs:     3496.8969848594184
  Simulation time: 542.7s

----------------------------------------
Evaluating ε = -30.0
----------------------------------------
Mean cost: 35581.06940512451 ± 89.38797669103315
  Inventory costs: 27221.869621287373
  Variable costs:  4999.273983771031
  Fixed costs:     3359.9258000661202
  Simulation time: 550.4s

----------------------------------------
Evaluating ε = -40.0
----------------------------------------
Mean cost: 40903.8744365425 ± 68.75588521085068
  Inventory costs: 32790.07980931623
  Variable costs:  4994.148756716042
  Fixed costs:     3119.645870510237
  Simulation time: 550.7s

----------------------------------------
Evaluating ε = -50.0
----------------------------------------
Mean cost: 46413.59538022378 ± 77.50914378027234
  Inventory costs: 38517.62844235334
  Variable costs:  4980.175899026954
  Fixed costs:     2915.7910388434852
  Simulation time: 549.9s

----------------------------------------
Evaluating ε = -75.0
----------------------------------------
Mean cost: 61438.6065537207 ± 114.83744054962462
  Inventory costs: 53894.98711852172
  Variable costs:  4987.576219216751
  Fixed costs:     2556.043215982244
  Simulation time: 543.7s

----------------------------------------
Evaluating ε = -100.0
----------------------------------------
Mean cost: 77537.58812320139 ± 138.044207078475
  Inventory costs: 70265.3710692786
  Variable costs:  4979.107934776655
  Fixed costs:     2293.1091191460464
  Simulation time: 547.6s

==================================================
Best epsilon: -1.25 with cost: 22095.192447144662 ± 35.72395129190574
==================================================

============================================================
Evaluating method: find_stationary
============================================================

----------------------------------------
Evaluating ε = -1.25
----------------------------------------
Mean cost: 22172.515260775475 ± 23.7233030807423
  Inventory costs: 11916.527096946214
  Variable costs:  5015.137037860561
  Fixed costs:     5240.851125968678
  Simulation time: 558.2s

----------------------------------------
Evaluating ε = -2.5
----------------------------------------
Mean cost: 22524.782652297592 ± 38.08827358699339
  Inventory costs: 12525.90648721053
  Variable costs:  4996.7659617368645
  Fixed costs:     5002.110203350194
  Simulation time: 546.9s

----------------------------------------
Evaluating ε = -5.0
----------------------------------------
Mean cost: 23483.017976428822 ± 44.86402599623615
  Inventory costs: 13783.259454295432
  Variable costs:  5010.768893890947
  Fixed costs:     4688.989628242492
  Simulation time: 547.4s

----------------------------------------
Evaluating ε = -7.5
----------------------------------------
Mean cost: 24545.151110534396 ± 29.762339459982357
  Inventory costs: 15140.701881087185
  Variable costs:  4997.724916881868
  Fixed costs:     4406.724312565335
  Simulation time: 554.9s

----------------------------------------
Evaluating ε = -10.0
----------------------------------------
Mean cost: 25574.754628942246 ± 40.36461825722812
  Inventory costs: 16395.221805416564
  Variable costs:  4989.668596105229
  Fixed costs:     4189.864227420496
  Simulation time: 575.2s

----------------------------------------
Evaluating ε = -12.5
----------------------------------------
Mean cost: 26855.66288373025 ± 31.546840888875504
  Inventory costs: 17827.30118910665
  Variable costs:  4998.4842518193545
  Fixed costs:     4029.877442804244
  Simulation time: 592.2s

----------------------------------------
Evaluating ε = -15.0
----------------------------------------
Mean cost: 28002.071607901868 ± 55.86227889121833
  Inventory costs: 19121.13656449888
  Variable costs:  4991.610886701872
  Fixed costs:     3889.3241567011223
  Simulation time: 591.0s

----------------------------------------
Evaluating ε = -20.0
----------------------------------------
Mean cost: 30547.59513133458 ± 43.3256620324309
  Inventory costs: 21870.58602459078
  Variable costs:  4998.749184901787
  Fixed costs:     3678.2599218420264
  Simulation time: 590.3s

----------------------------------------
Evaluating ε = -25.0
----------------------------------------
Mean cost: 32917.7745975021 ± 61.83386618366482
  Inventory costs: 24428.537344506305
  Variable costs:  4988.544838876894
  Fixed costs:     3500.692414118899
  Simulation time: 582.8s

----------------------------------------
Evaluating ε = -30.0
----------------------------------------
Mean cost: 35497.83914234938 ± 83.62475231372228
  Inventory costs: 27173.23769808634
  Variable costs:  4982.332062744607
  Fixed costs:     3342.269381518392
  Simulation time: 582.8s

----------------------------------------
Evaluating ε = -40.0
----------------------------------------
Mean cost: 40839.774284891915 ± 79.33715789285624
  Inventory costs: 32752.874617740134
  Variable costs:  4978.11687787904
  Fixed costs:     3108.7827892728174
  Simulation time: 557.2s

----------------------------------------
Evaluating ε = -50.0
----------------------------------------
Mean cost: 46425.089374800984 ± 94.75230199696804
  Inventory costs: 38514.62330316503
  Variable costs:  4990.9836044858075
  Fixed costs:     2919.4824671501674
  Simulation time: 517.1s

----------------------------------------
Evaluating ε = -75.0
----------------------------------------
Mean cost: 61574.600273748314 ± 88.56725068312731
  Inventory costs: 54033.99346499019
  Variable costs:  4987.638043560462
  Fixed costs:     2552.96876519767
  Simulation time: 469.8s

----------------------------------------
Evaluating ε = -100.0
----------------------------------------
Mean cost: 77656.0001740244 ± 112.79950812015693
  Inventory costs: 70370.13171609477
  Variable costs:  4988.633953877408
  Fixed costs:     2297.2345040522896
  Simulation time: 466.5s

==================================================
Best epsilon: -1.25 with cost: 22172.515260775475 ± 23.7233030807423
==================================================
Skipping save for solve_inf: existing cost 21783.210372240337 <= new cost 22095.192447144662
Skipping save for find_stationary: existing cost 21821.025791854216 <= new cost 22172.515260775475

============================================================
FINAL RESULTS SUMMARY
============================================================

Method: solve_inf
  Order-up-to vector: [11, 11, 11, 11, 11, 11, 11, 11, 11, 11, 11, 11, 11, 11, 11, 6, 6, 6, 6, 6, 6, 6, 6, 6, 6, 6, 6, 6, 6, 6, 4, 4, 4, 4, 4, 4, 4, 4, 4, 4, 4, 4, 4, 4, 4, 4, 4, 4, 4, 4]
  Best epsilon: -1.25
  Best cost: 22095.192447144662 ± 35.72395129190574

Method: find_stationary
  Order-up-to vector: [11, 11, 11, 11, 11, 11, 11, 11, 11, 11, 11, 11, 11, 11, 11, 6, 6, 6, 6, 6, 6, 6, 6, 6, 6, 6, 6, 6, 6, 6, 4, 4, 4, 4, 4, 4, 4, 4, 4, 4, 4, 4, 4, 4, 4, 4, 4, 4, 4, 4]
  Best epsilon: -1.25
  Best cost: 22172.515260775475 ± 23.7233030807423

============================================================
Complete! Per-method results saved to:
  output/nn_training/results_50D_CaseLL_solve_inf.json
  output/nn_training/results_50D_CaseLL_find_stationary.json
============================================================

  Activating project at `~/DeepSJRP`
[ Info:  started timer at: 2026-04-27T12:39:07.013
┌ Warning: Layer with Float32 parameters got Float64 input.
│   The input will be converted, but any earlier layers may be very slow.
│   layer = Dense(50 => 1000, elu)  # 51_000 parameters
│   summary(x) = "50-element Vector{Float64}"
└ @ Flux ~/.julia/packages/Flux/DZYiO/src/layers/stateless.jl:60
RUNNING THE L-BFGS-B CODE

           * * *

Machine precision = 2.220D-16
 N =           50     M =           10

At X0         0 variables are exactly at the bounds

At iterate    0    f=  2.57964D+02    |proj g|=  4.00444D-03

           * * *

Tit   = total number of iterations
Tnf   = total number of function evaluations
Tnint = total number of segments explored during Cauchy searches
Skip  = number of BFGS updates skipped
Nact  = number of active bounds at final generalized Cauchy point
Projg = norm of the final projected gradient
F     = final function value

           * * *

   N    Tit     Tnf  Tnint  Skip  Nact     Projg        F
   50      0      1      0     0     0   4.004D-03   2.580D+02
  F =   257.96434692382815     

CONVERGENCE: NORM_OF_PROJECTED_GRADIENT_<=_PGTOL            

 Cauchy                time 0.000E+00 seconds.
 Subspace minimization time 0.000E+00 seconds.
 Line search           time 0.000E+00 seconds.

 Total User time 3.072E+00 seconds.

RUNNING THE L-BFGS-B CODE

           * * *

Machine precision = 2.220D-16
 N =           50     M =           10

At X0         0 variables are exactly at the bounds

At iterate    0    f=  9.60485D-04    |proj g|=  2.00082D-06

           * * *

Tit   = total number of iterations
Tnf   = total number of function evaluations
Tnint = total number of segments explored during Cauchy searches
Skip  = number of BFGS updates skipped
Nact  = number of active bounds at final generalized Cauchy point
Projg = norm of the final projected gradient
F     = final function value

           * * *

   N    Tit     Tnf  Tnint  Skip  Nact     Projg        F
   50      0      1      0     0     0   2.001D-06   9.605D-04
  F =   9.6048489358915661E-004

CONVERGENCE: NORM_OF_PROJECTED_GRADIENT_<=_PGTOL            

 Cauchy                time 0.000E+00 seconds.
 Subspace minimization time 0.000E+00 seconds.
 Line search           time 0.000E+00 seconds.

 Total User time 4.053E-01 seconds.

