
============================================================
DeepSJRP - Stochastic Joint Replenishment Problem Solver
============================================================
Instance: 50D_CaseHM
Options: Dict{Symbol, Any}(:beta_override => 100000.0, :alpha_override => nothing, :device => :gpu, :nu_override => 0.4, :T_override => 0.1, :seed => 777)
============================================================

Device: CUDA GPU
CUDA toolchain: 
- runtime 12.8, local installation
- driver 580.126.16 for 13.2
- compiler 12.9

CUDA libraries: 
- CUBLAS: 12.8.4
- CURAND: 10.3.9
- CUFFT: 11.3.3
- CUSOLVER: 11.7.3
- CUSPARSE: 12.5.8
- CUPTI: 2025.1.1 (API 12.8.0)
- NVML: 13.0.0+580.126.16

Julia packages: 
- CUDA: 5.11.0
- GPUArrays: 11.4.1
- GPUCompiler: 1.9.1
- KernelAbstractions: 0.9.41
- CUDA_Driver_jll: 13.2.0+0
- CUDA_Compiler_jll: 0.4.2+0
- CUDA_Runtime_jll: 0.21.0+0
- CUDA_Runtime_Discovery: 1.0.0

Toolchain:
- Julia: 1.11.7
- LLVM: 16.0.6

Preferences:
- CUDA_Runtime_jll.version: local

1 device:
  0: NVIDIA H100 80GB HBM3 (sm_90, 79.175 GiB / 79.647 GiB available)
BLAS threads: 1
Julia threads: 10

Benchmark source: QS

============================================================
IMPULSE CONTROL PROBLEM (scaled, annual)
============================================================
Instance: 50D_CaseHM
Dimension: 50
Interest rate: 0.05
Cost scaling κ: 0.01

Drift μ (annual demand rates): [50.0, 50.0, 50.0, 50.0, 50.0, 50.0, 50.0, 50.0, 50.0, 50.0, 50.0, 50.0, 50.0, 50.0, 50.0, 25.0, 25.0, 25.0, 25.0, 25.0, 25.0, 25.0, 25.0, 25.0, 25.0, 25.0, 25.0, 25.0, 25.0, 25.0, 12.5, 12.5, 12.5, 12.5, 12.5, 12.5, 12.5, 12.5, 12.5, 12.5, 12.5, 12.5, 12.5, 12.5, 12.5, 12.5, 12.5, 12.5, 12.5, 12.5]
Covariance Σ diagonal: [2500.0, 2500.0, 2500.0, 2500.0, 2500.0, 2500.0, 2500.0, 2500.0, 2500.0, 2500.0, 2500.0, 2500.0, 2500.0, 2500.0, 2500.0, 625.0, 625.0, 625.0, 625.0, 625.0, 625.0, 625.0, 625.0, 625.0, 625.0, 625.0, 625.0, 625.0, 625.0, 625.0, 156.25, 156.25, 156.25, 156.25, 156.25, 156.25, 156.25, 156.25, 156.25, 156.25, 156.25, 156.25, 156.25, 156.25, 156.25, 156.25, 156.25, 156.25, 156.25, 156.25]

Scaled costs (× κ = 0.01):
  Fixed cost K:    1.5
  Variable costs c: [0.001, 0.001, 0.001, 0.001, 0.001, 0.001, 0.001, 0.001, 0.001, 0.001, 0.001, 0.001, 0.001, 0.001, 0.001, 0.002, 0.002, 0.002, 0.002, 0.002, 0.002, 0.002, 0.002, 0.002, 0.002, 0.002, 0.002, 0.002, 0.002, 0.002, 0.004, 0.004, 0.004, 0.004, 0.004, 0.004, 0.004, 0.004, 0.004, 0.004, 0.004, 0.004, 0.004, 0.004, 0.004, 0.004, 0.004, 0.004, 0.004, 0.004]
  Holding costs h:  [0.01, 0.01, 0.01, 0.01, 0.01, 0.01, 0.01, 0.01, 0.01, 0.01, 0.01, 0.01, 0.01, 0.01, 0.01, 0.02, 0.02, 0.02, 0.02, 0.02, 0.02, 0.02, 0.02, 0.02, 0.02, 0.02, 0.02, 0.02, 0.02, 0.02, 0.04, 0.04, 0.04, 0.04, 0.04, 0.04, 0.04, 0.04, 0.04, 0.04, 0.04, 0.04, 0.04, 0.04, 0.04, 0.04, 0.04, 0.04, 0.04, 0.04]
  Penalty costs p:  [0.25, 0.25, 0.25, 0.25, 0.25, 0.25, 0.25, 0.25, 0.25, 0.25, 0.25, 0.25, 0.25, 0.25, 0.25, 0.5, 0.5, 0.5, 0.5, 0.5, 0.5, 0.5, 0.5, 0.5, 0.5, 0.5, 0.5, 0.5, 0.5, 0.5, 1.0, 1.0, 1.0, 1.0, 1.0, 1.0, 1.0, 1.0, 1.0, 1.0, 1.0, 1.0, 1.0, 1.0, 1.0, 1.0, 1.0, 1.0, 1.0, 1.0]

Original costs (unscaled):
  Fixed cost K:    150.0
  Variable costs c: [0.1, 0.1, 0.1, 0.1, 0.1, 0.1, 0.1, 0.1, 0.1, 0.1, 0.1, 0.1, 0.1, 0.1, 0.1, 0.2, 0.2, 0.2, 0.2, 0.2, 0.2, 0.2, 0.2, 0.2, 0.2, 0.2, 0.2, 0.2, 0.2, 0.2, 0.4, 0.4, 0.4, 0.4, 0.4, 0.4, 0.4, 0.4, 0.4, 0.4, 0.4, 0.4, 0.4, 0.4, 0.4, 0.4, 0.4, 0.4, 0.4, 0.4]
  Holding costs h:  [1.0, 1.0, 1.0, 1.0, 1.0, 1.0, 1.0, 1.0, 1.0, 1.0, 1.0, 1.0, 1.0, 1.0, 1.0, 2.0, 2.0, 2.0, 2.0, 2.0, 2.0, 2.0, 2.0, 2.0, 2.0, 2.0, 2.0, 2.0, 2.0, 2.0, 4.0, 4.0, 4.0, 4.0, 4.0, 4.0, 4.0, 4.0, 4.0, 4.0, 4.0, 4.0, 4.0, 4.0, 4.0, 4.0, 4.0, 4.0, 4.0, 4.0]
  Penalty costs p:  [25.0, 25.0, 25.0, 25.0, 25.0, 25.0, 25.0, 25.0, 25.0, 25.0, 25.0, 25.0, 25.0, 25.0, 25.0, 50.0, 50.0, 50.0, 50.0, 50.0, 50.0, 50.0, 50.0, 50.0, 50.0, 50.0, 50.0, 50.0, 50.0, 50.0, 100.0, 100.0, 100.0, 100.0, 100.0, 100.0, 100.0, 100.0, 100.0, 100.0, 100.0, 100.0, 100.0, 100.0, 100.0, 100.0, 100.0, 100.0, 100.0, 100.0]
============================================================

============================================================
TRAINING HYPERPARAMETERS
============================================================
Benchmark source: QS
Precision:        Float32
Batch size:       5000
Num intervals:    100
T horizon:        0.1
Num iterations:   40000
Learning rates:   [0.001, 0.0002, 0.0001, 1.0e-5, 1.0e-6]
LR steps:         [1, 5000, 10000, 20000, 30000]
Beta penalty:     [1.0, 10.0, 100.0, 1000.0, 10000.0, 100000.0]
Penalty steps:    [1, 2500, 5000, 7500, 10000, 20000]
Lambda rate:      8.446313568643136
S guess:          [[20.0, 20.0, 20.0, 20.0, 20.0, 20.0, 20.0, 20.0, 20.0, 20.0, 20.0, 20.0, 20.0, 20.0, 19.0, 12.0, 12.0, 12.0, 12.0, 12.0, 12.0, 12.0, 12.0, 12.0, 12.0, 12.0, 12.0, 12.0, 12.0, 12.0, 7.0, 7.0, 7.0, 7.0, 7.0, 7.0, 7.0, 7.0, 7.0, 7.0, 7.0, 7.0, 7.0, 7.0, 7.0, 7.0, 7.0, 7.0, 7.0, 7.0]]
Nu radius:        0.4
S distribution:   lognormal
Alpha factor:     0.0
Alpha js:         [0.0, 0.0, 0.0, 0.0, 0.0, 0.0, 0.0, 0.0, 0.0, 0.0, 0.0, 0.0, 0.0, 0.0, 0.0, 0.0, 0.0, 0.0, 0.0, 0.0, 0.0, 0.0, 0.0, 0.0, 0.0, 0.0, 0.0, 0.0, 0.0, 0.0, 0.0, 0.0, 0.0, 0.0, 0.0, 0.0, 0.0, 0.0, 0.0, 0.0, 0.0, 0.0, 0.0, 0.0, 0.0, 0.0, 0.0, 0.0, 0.0, 0.0]
Cost scaling:     0.01

Neural network architecture:
  Hidden layers:  4
  Width:          1000
  Activation:     elu

Optimization parameters:
  Start factor:   1.0
  Lower factor:   0.5
  Upper factor:   1.5
  Sim runs:       10
  Sim horizon:    5000
  Epsilons:       [-1.25, -2.5, -5.0, -7.5, -10.0, -12.5, -15.0, -20.0, -25.0, -30.0, -40.0, -50.0, -75.0, -100.0]
============================================================

Gradient network G (∇V):
Chain(
  Dense(50 => 1000, elu),               # 51_000 parameters
  Dense(1000 => 1000, elu),             # 1_001_000 parameters
  Dense(1000 => 1000, elu),             # 1_001_000 parameters
  Dense(1000 => 1000, elu),             # 1_001_000 parameters
  Dense(1000 => 50),                    # 50_050 parameters
)                   # Total: 10 arrays, 3_104_050 parameters, 1.562 KiB.

Value network H (V):
Chain(
  Dense(50 => 1000, elu),               # 51_000 parameters
  Dense(1000 => 1000, elu),             # 1_001_000 parameters
  Dense(1000 => 1000, elu),             # 1_001_000 parameters
  Dense(1000 => 1000, elu),             # 1_001_000 parameters
  Dense(1000 => 1),                     # 1_001 parameters
)                   # Total: 10 arrays, 3_055_001 parameters, 1.562 KiB.


============================================================
Starting neural network training...
============================================================

Starting training with steady-state sampler:
-----------------------------------------
Epoch: 1; Penalty β updated to: 1.0
-----------------------------------------
─── Device check ───
  x_tn: CuArray{Float32} (50, 100, 5000)
  dB: CuArray{Float32} (50, 100, 5000)
  dU: CuArray{Float32} (50, 100, 5000)
  exponentials: CuArray{Float32} (1, 100)
  loss_dB: CuArray{Float32} (1, 5000)
  loss_df: CuArray{Float32} (1, 5000)
  loss_dU: CuArray{Float32} (1, 5000)
  H_x0: CuArray{Float32} (1, 5000)
  H_xT: CuArray{Float32} (1, 5000)
  penalties: CuArray{Float32} (1, 5000)
────────────────────
Epoch: 1; Computation time: 55.345263669; Current value of V(0): 0.0
Lagrangian objective: 637305.44; Average H(x0): 0.0; Quantile-hedge α(β): 50.1
Simulation time per epoch: 9.574866394; Gradient computation time: 34.563740179; Testing time: 10.531575178
Epoch: 1000; Computation time: 392.995814839; Current value of V(0): 54890.753173828125
Lagrangian objective: -10685.741; Average H(x0): 20846.068; Quantile-hedge α(β): 0.039999999999995595
Simulation time per epoch: 0.07438666; Gradient computation time: 0.180777397; Testing time: 0.082925834
Epoch: 2000; Computation time: 730.597885525; Current value of V(0): 106144.9951171875
Lagrangian objective: -10843.129; Average H(x0): 20948.686; Quantile-hedge α(β): 0.0
Simulation time per epoch: 0.07406338; Gradient computation time: 0.180309993; Testing time: 0.083062517
-----------------------------------------
Epoch: 2500; Penalty β updated to: 10.0
-----------------------------------------
Epoch: 3000; Computation time: 1068.185981977; Current value of V(0): 4126.161193847656
Lagrangian objective: -1455.05; Average H(x0): 3658.638; Quantile-hedge α(β): 3.4399999999999986
Simulation time per epoch: 0.074366255; Gradient computation time: 0.180027399; Testing time: 0.082877276
Epoch: 4000; Computation time: 1405.763406363; Current value of V(0): 4108.132171630859
Lagrangian objective: -1811.922; Average H(x0): 2989.8435; Quantile-hedge α(β): 1.4000000000000012
Simulation time per epoch: 0.074407459; Gradient computation time: 0.180439867; Testing time: 0.082910717
-----------------------------------------
Epoch: 5000; Penalty β updated to: 100.0
-----------------------------------------
Epoch: 5000; Computation time: 1743.381841742; Current value of V(0): 2540.702247619629
Lagrangian objective: 8303.995; Average H(x0): 2958.3555; Quantile-hedge α(β): 1.7000000000000015
Simulation time per epoch: 0.074218983; Gradient computation time: 0.180286051; Testing time: 0.083004918
Epoch: 6000; Computation time: 2081.071983139; Current value of V(0): 1744.5131301879883
Lagrangian objective: -858.8696; Average H(x0): 1057.2504; Quantile-hedge α(β): 31.879999999999995
Simulation time per epoch: 0.074503366; Gradient computation time: 0.18063074; Testing time: 0.082874875
Epoch: 7000; Computation time: 2418.769434076; Current value of V(0): 2048.830223083496
Lagrangian objective: -852.2844; Average H(x0): 1045.0457; Quantile-hedge α(β): 32.74
Simulation time per epoch: 0.074416655; Gradient computation time: 0.180383592; Testing time: 0.082875225
-----------------------------------------
Epoch: 7500; Penalty β updated to: 1000.0
-----------------------------------------
Epoch: 8000; Computation time: 2756.367233965; Current value of V(0): 13449.998474121094
Lagrangian objective: 395.6906; Average H(x0): -285.7066; Quantile-hedge α(β): 98.14
Simulation time per epoch: 0.074394091; Gradient computation time: 0.180797406; Testing time: 0.083107063
Epoch: 9000; Computation time: 3094.801250734; Current value of V(0): 17474.461364746094
Lagrangian objective: -175.19576; Average H(x0): 273.6893; Quantile-hedge α(β): 95.1
Simulation time per epoch: 0.074376721; Gradient computation time: 0.18094145; Testing time: 0.083151938
-----------------------------------------
Epoch: 10000; Penalty β updated to: 10000.0
-----------------------------------------
Epoch: 10000; Computation time: 3433.269009928; Current value of V(0): 21369.677734375
Lagrangian objective: 347.6148; Average H(x0): 642.8605; Quantile-hedge α(β): 84.94
Simulation time per epoch: 0.074083062; Gradient computation time: 0.180988015; Testing time: 0.083233553
Epoch: 11000; Computation time: 3771.660613749; Current value of V(0): 5587.162399291992
Lagrangian objective: 92.156136; Average H(x0): -90.14489; Quantile-hedge α(β): 99.83999999999999
Simulation time per epoch: 0.074083532; Gradient computation time: 0.181314236; Testing time: 0.083159744
Epoch: 12000; Computation time: 4110.077132382; Current value of V(0): 6013.633728027344
Lagrangian objective: 5.248909; Average H(x0): -0.07636678; Quantile-hedge α(β): 99.82
Simulation time per epoch: 0.074165406; Gradient computation time: 0.181009422; Testing time: 0.083174536
Epoch: 13000; Computation time: 4448.566354892; Current value of V(0): 7685.0830078125
Lagrangian objective: -111.09308; Average H(x0): 117.80821; Quantile-hedge α(β): 99.72
Simulation time per epoch: 0.07436079; Gradient computation time: 0.181005187; Testing time: 0.083165432
Epoch: 14000; Computation time: 4786.978210395; Current value of V(0): 8200.23422241211
Lagrangian objective: -294.04675; Average H(x0): 325.9273; Quantile-hedge α(β): 99.42
Simulation time per epoch: 0.074351105; Gradient computation time: 0.180929073; Testing time: 0.083102715
Epoch: 15000; Computation time: 5125.335760666; Current value of V(0): 10583.406829833984
Lagrangian objective: -441.5208; Average H(x0): 498.0965; Quantile-hedge α(β): 97.66
Simulation time per epoch: 0.074294244; Gradient computation time: 0.180789427; Testing time: 0.083119048
Epoch: 16000; Computation time: 5463.737538602; Current value of V(0): 11250.406646728516
Lagrangian objective: -502.37015; Average H(x0): 558.1946; Quantile-hedge α(β): 96.72
Simulation time per epoch: 0.074106636; Gradient computation time: 0.181115419; Testing time: 0.08309783
Epoch: 17000; Computation time: 5802.187952087; Current value of V(0): 13314.833068847656
Lagrangian objective: 324.5614; Average H(x0): -324.5389; Quantile-hedge α(β): 99.98
Simulation time per epoch: 0.074388886; Gradient computation time: 0.181328177; Testing time: 0.083141956
Epoch: 18000; Computation time: 6140.615215485; Current value of V(0): 15096.3134765625
Lagrangian objective: 114.504875; Average H(x0): -112.03934; Quantile-hedge α(β): 99.92
Simulation time per epoch: 0.074252651; Gradient computation time: 0.18134403; Testing time: 0.083108623
Epoch: 19000; Computation time: 6479.071445811; Current value of V(0): 17968.2373046875
Lagrangian objective: -168.96829; Average H(x0): 171.61176; Quantile-hedge α(β): 99.88
Simulation time per epoch: 0.074309233; Gradient computation time: 0.180973928; Testing time: 0.08320968
-----------------------------------------
Epoch: 20000; Penalty β updated to: 100000.0
-----------------------------------------
Epoch: 20000; Computation time: 6817.428042638; Current value of V(0): 22185.86883544922
Lagrangian objective: 69.52655; Average H(x0): 585.43164; Quantile-hedge α(β): 95.89999999999999
Simulation time per epoch: 0.073986122; Gradient computation time: 0.181123077; Testing time: 0.083143912
Epoch: 21000; Computation time: 7155.856544354; Current value of V(0): 22504.30908203125
Lagrangian objective: -474.989; Average H(x0): 481.5892; Quantile-hedge α(β): 99.76
Simulation time per epoch: 0.074135425; Gradient computation time: 0.181300003; Testing time: 0.083182849
Epoch: 22000; Computation time: 7494.266968379; Current value of V(0): 22748.05450439453
Lagrangian objective: -443.875; Average H(x0): 466.5276; Quantile-hedge α(β): 99.8
Simulation time per epoch: 0.074100844; Gradient computation time: 0.181167121; Testing time: 0.083278825
Epoch: 23000; Computation time: 7832.598418639; Current value of V(0): 23040.528869628906
Lagrangian objective: -433.7826; Average H(x0): 461.6983; Quantile-hedge α(β): 99.66000000000001
Simulation time per epoch: 0.074131891; Gradient computation time: 0.181269782; Testing time: 0.082987447
Epoch: 24000; Computation time: 8170.886296177; Current value of V(0): 23354.164123535156
Lagrangian objective: -438.51785; Average H(x0): 479.51; Quantile-hedge α(β): 99.42
Simulation time per epoch: 0.074130173; Gradient computation time: 0.181264207; Testing time: 0.083256401
Epoch: 25000; Computation time: 8509.264215102; Current value of V(0): 23165.428161621094
Lagrangian objective: -393.4901; Average H(x0): 400.35104; Quantile-hedge α(β): 99.92
Simulation time per epoch: 0.07415866; Gradient computation time: 0.18107571; Testing time: 0.083071274
Epoch: 26000; Computation time: 8847.604107648; Current value of V(0): 23260.821533203125
Lagrangian objective: -431.6804; Average H(x0): 436.7775; Quantile-hedge α(β): 99.83999999999999
Simulation time per epoch: 0.07435077; Gradient computation time: 0.181009974; Testing time: 0.083076103
Epoch: 27000; Computation time: 9186.004009202; Current value of V(0): 23183.29620361328
Lagrangian objective: -471.85776; Average H(x0): 484.16855; Quantile-hedge α(β): 99.74
Simulation time per epoch: 0.07415974; Gradient computation time: 0.180869287; Testing time: 0.083128886
Epoch: 28000; Computation time: 9524.475636818; Current value of V(0): 23420.989990234375
Lagrangian objective: -454.18695; Average H(x0): 516.6944; Quantile-hedge α(β): 99.36
Simulation time per epoch: 0.074292134; Gradient computation time: 0.180968624; Testing time: 0.08318164
Epoch: 29000; Computation time: 9862.87960857; Current value of V(0): 23458.551025390625
Lagrangian objective: -470.6693; Average H(x0): 512.2206; Quantile-hedge α(β): 99.38
Simulation time per epoch: 0.074304205; Gradient computation time: 0.181333678; Testing time: 0.083271403
Epoch: 30000; Computation time: 10201.394715624; Current value of V(0): 23412.762451171875
Lagrangian objective: -468.23715; Average H(x0): 514.9864; Quantile-hedge α(β): 99.42
Simulation time per epoch: 0.074086694; Gradient computation time: 0.18082534; Testing time: 0.083218657
Epoch: 31000; Computation time: 10539.839327554; Current value of V(0): 23443.56231689453
Lagrangian objective: -501.2516; Average H(x0): 529.7752; Quantile-hedge α(β): 99.72
Simulation time per epoch: 0.074011383; Gradient computation time: 0.181176918; Testing time: 0.083229989
Epoch: 32000; Computation time: 10878.204124269; Current value of V(0): 23479.315185546875
Lagrangian objective: -499.83185; Average H(x0): 540.2559; Quantile-hedge α(β): 99.28
Simulation time per epoch: 0.074149443; Gradient computation time: 0.181022787; Testing time: 0.083096769
Epoch: 33000; Computation time: 11216.611810893; Current value of V(0): 23498.692321777344
Lagrangian objective: -515.6602; Average H(x0): 545.8121; Quantile-hedge α(β): 99.36
Simulation time per epoch: 0.074268273; Gradient computation time: 0.180938336; Testing time: 0.083149076
Epoch: 34000; Computation time: 11554.984659825; Current value of V(0): 23528.43780517578
Lagrangian objective: -507.7105; Average H(x0): 546.7473; Quantile-hedge α(β): 99.32
Simulation time per epoch: 0.074201766; Gradient computation time: 0.181088979; Testing time: 0.083068978
Epoch: 35000; Computation time: 11893.74080235; Current value of V(0): 23576.910400390625
Lagrangian objective: -523.16394; Average H(x0): 549.9028; Quantile-hedge α(β): 99.52
Simulation time per epoch: 0.073967954; Gradient computation time: 0.181282311; Testing time: 0.083369426
Epoch: 36000; Computation time: 12232.589795248; Current value of V(0): 23588.21258544922
Lagrangian objective: -523.7555; Average H(x0): 547.5621; Quantile-hedge α(β): 99.36
Simulation time per epoch: 0.074263336; Gradient computation time: 0.181303977; Testing time: 0.083340499
Epoch: 37000; Computation time: 12571.788452778; Current value of V(0): 23602.105712890625
Lagrangian objective: -517.862; Average H(x0): 550.02765; Quantile-hedge α(β): 99.48
Simulation time per epoch: 0.073973781; Gradient computation time: 0.181817897; Testing time: 0.083395848
Epoch: 38000; Computation time: 12911.084050555; Current value of V(0): 23630.503845214844
Lagrangian objective: -512.1744; Average H(x0): 550.4216; Quantile-hedge α(β): 99.38
Simulation time per epoch: 0.074029513; Gradient computation time: 0.182318386; Testing time: 0.083339685
Epoch: 39000; Computation time: 13250.384115947; Current value of V(0): 23673.989868164062
Lagrangian objective: -535.9501; Average H(x0): 539.2296; Quantile-hedge α(β): 99.72
Simulation time per epoch: 0.074036019; Gradient computation time: 0.181858525; Testing time: 0.083388985
Epoch: 40000; Computation time: 13589.573049478; Current value of V(0): 23691.91131591797
Lagrangian objective: -509.7339; Average H(x0): 551.1146; Quantile-hedge α(β): 99.36
Simulation time per epoch: 0.073957661; Gradient computation time: 0.181689613; Testing time: 0.083377717

Training completed in 13589.573175092 seconds
Final V(0): 23691.995239257812

============================================================
Running policy evaluation...
============================================================


============================================================
INVENTORY PROBLEM (unscaled, weekly)
============================================================
Dimension:       50
Discount factor: 0.9990389236684376
Fixed cost:      150.0
Variable costs:  [0.1, 0.1, 0.1, 0.1, 0.1, 0.1, 0.1, 0.1, 0.1, 0.1, 0.1, 0.1, 0.1, 0.1, 0.1, 0.2, 0.2, 0.2, 0.2, 0.2, 0.2, 0.2, 0.2, 0.2, 0.2, 0.2, 0.2, 0.2, 0.2, 0.2, 0.4, 0.4, 0.4, 0.4, 0.4, 0.4, 0.4, 0.4, 0.4, 0.4, 0.4, 0.4, 0.4, 0.4, 0.4, 0.4, 0.4, 0.4, 0.4, 0.4]
Holding costs:   [0.019230769230769232, 0.019230769230769232, 0.019230769230769232, 0.019230769230769232, 0.019230769230769232, 0.019230769230769232, 0.019230769230769232, 0.019230769230769232, 0.019230769230769232, 0.019230769230769232, 0.019230769230769232, 0.019230769230769232, 0.019230769230769232, 0.019230769230769232, 0.019230769230769232, 0.038461538461538464, 0.038461538461538464, 0.038461538461538464, 0.038461538461538464, 0.038461538461538464, 0.038461538461538464, 0.038461538461538464, 0.038461538461538464, 0.038461538461538464, 0.038461538461538464, 0.038461538461538464, 0.038461538461538464, 0.038461538461538464, 0.038461538461538464, 0.038461538461538464, 0.07692307692307693, 0.07692307692307693, 0.07692307692307693, 0.07692307692307693, 0.07692307692307693, 0.07692307692307693, 0.07692307692307693, 0.07692307692307693, 0.07692307692307693, 0.07692307692307693, 0.07692307692307693, 0.07692307692307693, 0.07692307692307693, 0.07692307692307693, 0.07692307692307693, 0.07692307692307693, 0.07692307692307693, 0.07692307692307693, 0.07692307692307693, 0.07692307692307693]
Backlog costs:   [0.4807692307692308, 0.4807692307692308, 0.4807692307692308, 0.4807692307692308, 0.4807692307692308, 0.4807692307692308, 0.4807692307692308, 0.4807692307692308, 0.4807692307692308, 0.4807692307692308, 0.4807692307692308, 0.4807692307692308, 0.4807692307692308, 0.4807692307692308, 0.4807692307692308, 0.9615384615384616, 0.9615384615384616, 0.9615384615384616, 0.9615384615384616, 0.9615384615384616, 0.9615384615384616, 0.9615384615384616, 0.9615384615384616, 0.9615384615384616, 0.9615384615384616, 0.9615384615384616, 0.9615384615384616, 0.9615384615384616, 0.9615384615384616, 0.9615384615384616, 1.9230769230769231, 1.9230769230769231, 1.9230769230769231, 1.9230769230769231, 1.9230769230769231, 1.9230769230769231, 1.9230769230769231, 1.9230769230769231, 1.9230769230769231, 1.9230769230769231, 1.9230769230769231, 1.9230769230769231, 1.9230769230769231, 1.9230769230769231, 1.9230769230769231, 1.9230769230769231, 1.9230769230769231, 1.9230769230769231, 1.9230769230769231, 1.9230769230769231]
Demand dists:    DataType[Distributions.NegativeBinomial{Float64}, Distributions.NegativeBinomial{Float64}, Distributions.NegativeBinomial{Float64}, Distributions.NegativeBinomial{Float64}, Distributions.NegativeBinomial{Float64}, Distributions.NegativeBinomial{Float64}, Distributions.NegativeBinomial{Float64}, Distributions.NegativeBinomial{Float64}, Distributions.NegativeBinomial{Float64}, Distributions.NegativeBinomial{Float64}, Distributions.NegativeBinomial{Float64}, Distributions.NegativeBinomial{Float64}, Distributions.NegativeBinomial{Float64}, Distributions.NegativeBinomial{Float64}, Distributions.NegativeBinomial{Float64}, Distributions.NegativeBinomial{Float64}, Distributions.NegativeBinomial{Float64}, Distributions.NegativeBinomial{Float64}, Distributions.NegativeBinomial{Float64}, Distributions.NegativeBinomial{Float64}, Distributions.NegativeBinomial{Float64}, Distributions.NegativeBinomial{Float64}, Distributions.NegativeBinomial{Float64}, Distributions.NegativeBinomial{Float64}, Distributions.NegativeBinomial{Float64}, Distributions.NegativeBinomial{Float64}, Distributions.NegativeBinomial{Float64}, Distributions.NegativeBinomial{Float64}, Distributions.NegativeBinomial{Float64}, Distributions.NegativeBinomial{Float64}, Distributions.NegativeBinomial{Float64}, Distributions.NegativeBinomial{Float64}, Distributions.NegativeBinomial{Float64}, Distributions.NegativeBinomial{Float64}, Distributions.NegativeBinomial{Float64}, Distributions.NegativeBinomial{Float64}, Distributions.NegativeBinomial{Float64}, Distributions.NegativeBinomial{Float64}, Distributions.NegativeBinomial{Float64}, Distributions.NegativeBinomial{Float64}, Distributions.NegativeBinomial{Float64}, Distributions.NegativeBinomial{Float64}, Distributions.NegativeBinomial{Float64}, Distributions.NegativeBinomial{Float64}, Distributions.NegativeBinomial{Float64}, Distributions.NegativeBinomial{Float64}, Distributions.NegativeBinomial{Float64}, Distributions.NegativeBinomial{Float64}, Distributions.NegativeBinomial{Float64}, Distributions.NegativeBinomial{Float64}]
Demand means:    [0.9615384615384615, 0.9615384615384615, 0.9615384615384615, 0.9615384615384615, 0.9615384615384615, 0.9615384615384615, 0.9615384615384615, 0.9615384615384615, 0.9615384615384615, 0.9615384615384615, 0.9615384615384615, 0.9615384615384615, 0.9615384615384615, 0.9615384615384615, 0.9615384615384615, 0.4807692307692307, 0.4807692307692307, 0.4807692307692307, 0.4807692307692307, 0.4807692307692307, 0.4807692307692307, 0.4807692307692307, 0.4807692307692307, 0.4807692307692307, 0.4807692307692307, 0.4807692307692307, 0.4807692307692307, 0.4807692307692307, 0.4807692307692307, 0.4807692307692307, 0.2403846153846154, 0.2403846153846154, 0.2403846153846154, 0.2403846153846154, 0.2403846153846154, 0.2403846153846154, 0.2403846153846154, 0.2403846153846154, 0.2403846153846154, 0.2403846153846154, 0.2403846153846154, 0.2403846153846154, 0.2403846153846154, 0.2403846153846154, 0.2403846153846154, 0.2403846153846154, 0.2403846153846154, 0.2403846153846154, 0.2403846153846154, 0.2403846153846154]
============================================================

==================================================
Computing order-up-to vector via :solve_inf
==================================================

Method: solve_inf
Final objective: 553.0150161110176
z*: [23.61612020446754, 22.22623885184544, 16.83760346680752, 21.92516143116293, 26.456247882075875, 23.57967373645315, 20.754142210539435, 17.934796500120264, 20.598829739677893, 18.813198122522802, 19.550982332892346, 27.481617345976083, 20.10839869355177, 21.694683049337584, 11.687711951419962, 8.517780253085656, 9.533503515608263, 7.587558701147761, 16.08591442910452, 15.279100496012608, 13.79832802762057, 11.995726800331008, 11.067415730845772, 17.645236428932446, 10.047324678117551, 14.792406203826369, 11.97432696749107, 14.832604432596229, 6.5633009576114505, 16.701029065103974, 9.992283673835722, 6.646746640502818, 10.49961562134393, 9.961641975554869, 5.941217173628288, 5.272654950135972, 6.023148560668388, 9.463868116581411, 10.124802286112121, 9.72497818635619, 8.91183008535301, 10.5, 8.397984215376315, 10.16747627847864, 9.995690589405724, 4.821347806794567, 9.576822157322274, 3.7895252911487036, 9.774606709744521, 4.198885251695613]
Intervention value: -317.59477380144733

==================================================
Computing order-up-to vector via :find_stationary
==================================================

Method: find_stationary
Final residual: 0.03768798462327924
z*: [24.513193758736953, 24.566864005362476, 22.093688356205195, 20.74801895821283, 15.269572091927408, 18.784204482545228, 21.082660290927027, 23.310043288691993, 14.823355795881845, 23.722555638521396, 23.527317855342613, 28.064451554676776, 29.900471212880014, 25.928141380457408, 22.302841569710118, 16.8547468150653, 12.458191476755177, 8.404789959935822, 12.205671397607532, 14.777948976140857, 11.850014833439264, 13.8143911506122, 15.386067295109969, 14.79096689272615, 12.753146208581308, 17.68940734210717, 7.171893014079986, 15.947525724497929, 13.229241723160754, 15.322848089003442, 10.431862350791748, 9.486159818986057, 3.5, 3.900635920721667, 8.13654175452216, 8.629713393849675, 5.584753296034466, 10.5, 10.5, 10.5, 4.2224224911462604, 8.74498513420789, 3.6041789107939817, 10.5, 3.8067715605205765, 3.5, 9.19473965492248, 4.794309032550174, 3.5, 10.5]
Intervention value: -318.3085626321498

==================================================
Summary:
  solve_inf:       z* = [24, 22, 17, 22, 26, 24, 21, 18, 21, 19, 20, 27, 20, 22, 12, 9, 10, 8, 16, 15, 14, 12, 11, 18, 10, 15, 12, 15, 7, 17, 10, 7, 10, 10, 6, 5, 6, 9, 10, 10, 9, 10, 8, 10, 10, 5, 10, 4, 10, 4]
  find_stationary: z* = [25, 25, 22, 21, 15, 19, 21, 23, 15, 24, 24, 28, 30, 26, 22, 17, 12, 8, 12, 15, 12, 14, 15, 15, 13, 18, 7, 16, 13, 15, 10, 9, 4, 4, 8, 9, 6, 10, 10, 10, 4, 9, 4, 10, 4, 4, 9, 5, 4, 10]
==================================================

============================================================
Evaluating method: solve_inf
============================================================

----------------------------------------
Evaluating ε = -1.25
----------------------------------------
Mean cost: 87847.36530675914 ± 475.9044413667779
  Inventory costs: 35690.899161455956
  Variable costs:  5085.320822795343
  Fixed costs:     47071.145322507844
  Simulation time: 620.1s

----------------------------------------
Evaluating ε = -2.5
----------------------------------------
Mean cost: 83508.60755869126 ± 535.5451375134012
  Inventory costs: 36431.73584823584
  Variable costs:  5086.10281145359
  Fixed costs:     41990.76889900188
  Simulation time: 611.2s

----------------------------------------
Evaluating ε = -5.0
----------------------------------------
Mean cost: 77963.18016547691 ± 503.3683467294053
  Inventory costs: 38220.42032903766
  Variable costs:  5020.2792473719055
  Fixed costs:     34722.48058906725
  Simulation time: 618.8s

----------------------------------------
Evaluating ε = -7.5
----------------------------------------
Mean cost: 75545.92465953047 ± 493.0747959325949
  Inventory costs: 40268.50415033491
  Variable costs:  5091.004400242535
  Fixed costs:     30186.416108953075
  Simulation time: 618.2s

----------------------------------------
Evaluating ε = -10.0
----------------------------------------
Mean cost: 74475.41081161081 ± 382.67154434391426
  Inventory costs: 42572.4312799005
  Variable costs:  5084.081163275158
  Fixed costs:     26818.898368435202
  Simulation time: 551.9s

----------------------------------------
Evaluating ε = -12.5
----------------------------------------
Mean cost: 73849.39798085579 ± 489.99069245751485
  Inventory costs: 44908.34372853868
  Variable costs:  5093.364927527108
  Fixed costs:     23847.689324790088
  Simulation time: 555.4s

----------------------------------------
Evaluating ε = -15.0
----------------------------------------
Mean cost: 74816.81758980385 ± 331.11749370590206
  Inventory costs: 47469.44955956719
  Variable costs:  5097.027907700814
  Fixed costs:     22250.340122535865
  Simulation time: 534.1s

----------------------------------------
Evaluating ε = -20.0
----------------------------------------
Mean cost: 75435.31758563282 ± 386.2408343259133
  Inventory costs: 51797.99585437093
  Variable costs:  5058.69015551651
  Fixed costs:     18578.631575745407
  Simulation time: 548.6s

----------------------------------------
Evaluating ε = -25.0
----------------------------------------
Mean cost: 78255.3116722238 ± 359.66400538600936
  Inventory costs: 56415.8530678601
  Variable costs:  5068.7770219460945
  Fixed costs:     16770.68158241773
  Simulation time: 547.1s

----------------------------------------
Evaluating ε = -30.0
----------------------------------------
Mean cost: 81467.18411816639 ± 420.47253738257035
  Inventory costs: 61599.67424184972
  Variable costs:  5070.773948315552
  Fixed costs:     14796.735928001135
  Simulation time: 544.7s

----------------------------------------
Evaluating ε = -40.0
----------------------------------------
Mean cost: 88756.96431301507 ± 661.8859563534626
  Inventory costs: 71095.81328652073
  Variable costs:  5123.866345276279
  Fixed costs:     12537.284681217952
  Simulation time: 553.3s

----------------------------------------
Evaluating ε = -50.0
----------------------------------------
Mean cost: 97134.0132558936 ± 587.2410559990856
  Inventory costs: 81537.390148122
  Variable costs:  5019.594925460562
  Fixed costs:     10577.02818231106
  Simulation time: 550.6s

----------------------------------------
Evaluating ε = -75.0
----------------------------------------
Mean cost: 119993.53340970543 ± 743.3863453037966
  Inventory costs: 106725.19296450606
  Variable costs:  5131.333141494793
  Fixed costs:     8137.0073037045295
  Simulation time: 555.7s

----------------------------------------
Evaluating ε = -100.0
----------------------------------------
Mean cost: 142778.08807141543 ± 674.6587652237948
  Inventory costs: 131210.8963951238
  Variable costs:  5035.343205634834
  Fixed costs:     6531.848470657014
  Simulation time: 553.4s

==================================================
Best epsilon: -12.5 with cost: 73849.39798085579 ± 489.99069245751485
==================================================

============================================================
Evaluating method: find_stationary
============================================================

----------------------------------------
Evaluating ε = -1.25
----------------------------------------
Mean cost: 78064.49481769305 ± 469.43271012595375
  Inventory costs: 36504.86893244908
  Variable costs:  5079.387879359293
  Fixed costs:     36480.238005884654
  Simulation time: 550.6s

----------------------------------------
Evaluating ε = -2.5
----------------------------------------
Mean cost: 77265.54955426443 ± 518.5087036172963
  Inventory costs: 37423.983247518736
  Variable costs:  5121.005717626034
  Fixed costs:     34720.56058911975
  Simulation time: 546.2s

----------------------------------------
Evaluating ε = -5.0
----------------------------------------
Mean cost: 74950.4418362845 ± 290.30117311236154
  Inventory costs: 39284.98773301279
  Variable costs:  5102.995419404593
  Fixed costs:     30562.458683866942
  Simulation time: 563.8s

----------------------------------------
Evaluating ε = -7.5
----------------------------------------
Mean cost: 73390.29783192016 ± 419.49314097045914
  Inventory costs: 40977.504246235934
  Variable costs:  5047.173620705536
  Fixed costs:     27365.61996497858
  Simulation time: 584.8s

----------------------------------------
Evaluating ε = -10.0
----------------------------------------
Mean cost: 73333.99322432918 ± 426.98504426864855
  Inventory costs: 43346.9689709357
  Variable costs:  5066.993422559378
  Fixed costs:     24920.030830834243
  Simulation time: 591.2s

----------------------------------------
Evaluating ε = -12.5
----------------------------------------
Mean cost: 73771.06997126175 ± 393.54561275536963
  Inventory costs: 45369.939501158064
  Variable costs:  5114.32384491019
  Fixed costs:     23286.806625193472
  Simulation time: 600.3s

----------------------------------------
Evaluating ε = -15.0
----------------------------------------
Mean cost: 73035.03920100164 ± 325.27469686822025
  Inventory costs: 47160.60536193335
  Variable costs:  5001.92776048797
  Fixed costs:     20872.5060785803
  Simulation time: 592.2s

----------------------------------------
Evaluating ε = -20.0
----------------------------------------
Mean cost: 75516.82293517278 ± 344.0445516295981
  Inventory costs: 51806.918861873426
  Variable costs:  5080.705111094866
  Fixed costs:     18629.19896220445
  Simulation time: 596.7s

----------------------------------------
Evaluating ε = -25.0
----------------------------------------
Mean cost: 77838.21745671569 ± 350.6442604296643
  Inventory costs: 56592.80631750611
  Variable costs:  4995.709824948005
  Fixed costs:     16249.701314261789
  Simulation time: 579.8s

----------------------------------------
Evaluating ε = -30.0
----------------------------------------
Mean cost: 81583.65818500923 ± 707.4097679209796
  Inventory costs: 61593.17358270274
  Variable costs:  5077.511558208731
  Fixed costs:     14912.973044097675
  Simulation time: 580.4s

----------------------------------------
Evaluating ε = -40.0
----------------------------------------
Mean cost: 88590.4955509387 ± 301.7671439965705
  Inventory costs: 71325.51401242615
  Variable costs:  5024.148731282165
  Fixed costs:     12240.832807230354
  Simulation time: 573.7s

----------------------------------------
Evaluating ε = -50.0
----------------------------------------
Mean cost: 97175.66887188244 ± 728.4127444861799
  Inventory costs: 81480.65687055871
  Variable costs:  5037.3708538283545
  Fixed costs:     10657.641147495378
  Simulation time: 543.6s

----------------------------------------
Evaluating ε = -75.0
----------------------------------------
Mean cost: 119964.55364789204 ± 963.970643763637
  Inventory costs: 106682.32311455654
  Variable costs:  5104.453115651455
  Fixed costs:     8177.777417684049
  Simulation time: 521.3s

----------------------------------------
Evaluating ε = -100.0
----------------------------------------
Mean cost: 143305.15755837475 ± 1092.5335995455487
  Inventory costs: 131719.02647902013
  Variable costs:  5029.1363462810305
  Fixed costs:     6556.994733073669
  Simulation time: 462.4s

==================================================
Best epsilon: -15.0 with cost: 73035.03920100164 ± 325.27469686822025
==================================================
Skipping save for solve_inf: existing cost 73750.87589444831 <= new cost 73849.39798085579
Skipping save for find_stationary: existing cost 72003.01330169557 <= new cost 73035.03920100164

============================================================
FINAL RESULTS SUMMARY
============================================================

Method: solve_inf
  Order-up-to vector: [24, 22, 17, 22, 26, 24, 21, 18, 21, 19, 20, 27, 20, 22, 12, 9, 10, 8, 16, 15, 14, 12, 11, 18, 10, 15, 12, 15, 7, 17, 10, 7, 10, 10, 6, 5, 6, 9, 10, 10, 9, 10, 8, 10, 10, 5, 10, 4, 10, 4]
  Best epsilon: -12.5
  Best cost: 73849.39798085579 ± 489.99069245751485

Method: find_stationary
  Order-up-to vector: [25, 25, 22, 21, 15, 19, 21, 23, 15, 24, 24, 28, 30, 26, 22, 17, 12, 8, 12, 15, 12, 14, 15, 15, 13, 18, 7, 16, 13, 15, 10, 9, 4, 4, 8, 9, 6, 10, 10, 10, 4, 9, 4, 10, 4, 4, 9, 5, 4, 10]
  Best epsilon: -15.0
  Best cost: 73035.03920100164 ± 325.27469686822025

============================================================
Complete! Per-method results saved to:
  output/nn_training/results_50D_CaseHM_solve_inf.json
  output/nn_training/results_50D_CaseHM_find_stationary.json
============================================================

  Activating project at `~/DeepSJRP`
[ Info:  started timer at: 2026-04-24T10:04:45.607
┌ Warning: Layer with Float32 parameters got Float64 input.
│   The input will be converted, but any earlier layers may be very slow.
│   layer = Dense(50 => 1000, elu)  # 51_000 parameters
│   summary(x) = "50-element Vector{Float64}"
└ @ Flux ~/.julia/packages/Flux/DZYiO/src/layers/stateless.jl:60
RUNNING THE L-BFGS-B CODE

           * * *

Machine precision = 2.220D-16
 N =           50     M =           10

At X0         0 variables are exactly at the bounds

At iterate    0    f=  5.57471D+02    |proj g|=  1.72516D-01

At iterate    1    f=  5.57057D+02    |proj g|=  1.54131D-01

At iterate    2    f=  5.54190D+02    |proj g|=  1.20986D-01

At iterate    3    f=  5.54073D+02    |proj g|=  5.71798D-02

At iterate    4    f=  5.53778D+02    |proj g|=  4.94698D-02

At iterate    5    f=  5.53418D+02    |proj g|=  1.38138D-02

At iterate    6    f=  5.53417D+02    |proj g|=  3.62028D-02

At iterate    7    f=  5.53274D+02    |proj g|=  4.75880D-02

At iterate    8    f=  5.53257D+02    |proj g|=  4.62429D-02

At iterate    9    f=  5.53223D+02    |proj g|=  2.85176D-02

At iterate   10    f=  5.53219D+02    |proj g|=  4.75863D-02

At iterate   11    f=  5.53087D+02    |proj g|=  3.06771D-02

At iterate   12    f=  5.53038D+02    |proj g|=  1.48122D-02

At iterate   13    f=  5.53029D+02    |proj g|=  5.37691D-02

At iterate   14    f=  5.53028D+02    |proj g|=  6.02955D-02

At iterate   15    f=  5.53019D+02    |proj g|=  2.61262D-02

At iterate   16    f=  5.53015D+02    |proj g|=  8.12088D-03

           * * *

Tit   = total number of iterations
Tnf   = total number of function evaluations
Tnint = total number of segments explored during Cauchy searches
Skip  = number of BFGS updates skipped
Nact  = number of active bounds at final generalized Cauchy point
Projg = norm of the final projected gradient
F     = final function value

           * * *

   N    Tit     Tnf  Tnint  Skip  Nact     Projg        F
   50     16     33     30     0     1   8.121D-03   5.530D+02
  F =   553.01501611101764     

CONVERGENCE: NORM_OF_PROJECTED_GRADIENT_<=_PGTOL            

 Cauchy                time 0.000E+00 seconds.
 Subspace minimization time 0.000E+00 seconds.
 Line search           time 4.883E-02 seconds.

 Total User time 3.347E+00 seconds.

RUNNING THE L-BFGS-B CODE

           * * *

Machine precision = 2.220D-16
 N =           50     M =           10

At X0         0 variables are exactly at the bounds

At iterate    0    f=  3.55736D-02    |proj g|=  3.24354D-03

At iterate    1    f=  3.54685D-02    |proj g|=  3.23559D-03

At iterate    2    f=  8.60234D-03    |proj g|=  7.43831D-04

At iterate    3    f=  5.02271D-03    |proj g|=  3.52291D-04

At iterate    4    f=  3.52554D-03    |proj g|=  1.60603D-04

At iterate    5    f=  3.00966D-03    |proj g|=  9.13021D-05

At iterate    6    f=  2.68054D-03    |proj g|=  5.18824D-05

At iterate    7    f=  2.30683D-03    |proj g|=  4.22720D-05

At iterate    8    f=  1.64629D-03    |proj g|=  3.21378D-05

At iterate    9    f=  1.48628D-03    |proj g|=  1.26032D-05

At iterate   10    f=  1.42038D-03    |proj g|=  7.68503D-06

           * * *

Tit   = total number of iterations
Tnf   = total number of function evaluations
Tnint = total number of segments explored during Cauchy searches
Skip  = number of BFGS updates skipped
Nact  = number of active bounds at final generalized Cauchy point
Projg = norm of the final projected gradient
F     = final function value

           * * *

   N    Tit     Tnf  Tnint  Skip  Nact     Projg        F
   50     10     11     14     0     7   7.685D-06   1.420D-03
  F =   1.4203841849645324E-003

CONVERGENCE: NORM_OF_PROJECTED_GRADIENT_<=_PGTOL            

 Cauchy                time 0.000E+00 seconds.
 Subspace minimization time 0.000E+00 seconds.
 Line search           time 1.270E-02 seconds.

 Total User time 3.887E-01 seconds.

