Julia threads: 1

============================================================
PROBLEM INPUT (annual, unscaled)
============================================================
Instance:          12D_CaseMHH
Dimension:         12
Interest rate:     0.05
Annual demand μ:   [40.0, 35.0, 40.0, 40.0, 40.0, 20.0, 20.0, 20.0, 28.000000000000004, 20.0, 20.0, 20.0]
Fixed cost K:      200.0
Variable costs c:  [0.10000000000000002, 0.10000000000000002, 0.20000000000000004, 0.20000000000000004, 0.4000000000000001, 0.20000000000000004, 0.4000000000000001, 0.4000000000000001, 0.6, 0.6, 0.8000000000000002, 0.8000000000000002]
Holding costs h:   [2.0, 2.0, 2.0, 2.0, 2.0, 2.0, 2.0, 2.0, 2.0, 2.0, 2.0, 2.0]
Penalty costs p:   [100.0, 100.0, 100.0, 100.0, 100.0, 100.0, 100.0, 100.0, 100.0, 100.0, 100.0, 100.0]

------------------------------------------------------------
INVENTORY PROBLEM (weekly, unscaled)
------------------------------------------------------------
Discount factor:   0.9990389236684376
Fixed cost:        200.0
Variable costs:    [0.10000000000000002, 0.10000000000000002, 0.20000000000000004, 0.20000000000000004, 0.4000000000000001, 0.20000000000000004, 0.4000000000000001, 0.4000000000000001, 0.6, 0.6, 0.8000000000000002, 0.8000000000000002]
Holding costs:     [0.038461538461538464, 0.038461538461538464, 0.038461538461538464, 0.038461538461538464, 0.038461538461538464, 0.038461538461538464, 0.038461538461538464, 0.038461538461538464, 0.038461538461538464, 0.038461538461538464, 0.038461538461538464, 0.038461538461538464]
Backlog costs:     [1.9230769230769231, 1.9230769230769231, 1.9230769230769231, 1.9230769230769231, 1.9230769230769231, 1.9230769230769231, 1.9230769230769231, 1.9230769230769231, 1.9230769230769231, 1.9230769230769231, 1.9230769230769231, 1.9230769230769231]
Demand dists:      DataType[Distributions.NegativeBinomial{Float64}, Distributions.NegativeBinomial{Float64}, Distributions.NegativeBinomial{Float64}, Distributions.NegativeBinomial{Float64}, Distributions.NegativeBinomial{Float64}, Distributions.NegativeBinomial{Float64}, Distributions.NegativeBinomial{Float64}, Distributions.NegativeBinomial{Float64}, Distributions.NegativeBinomial{Float64}, Distributions.NegativeBinomial{Float64}, Distributions.NegativeBinomial{Float64}, Distributions.NegativeBinomial{Float64}]
Demand means:      [0.7692307692307693, 0.6730769230769231, 0.7692307692307693, 0.7692307692307693, 0.7692307692307693, 0.3846153846153846, 0.3846153846153846, 0.3846153846153846, 0.5384615384615385, 0.3846153846153846, 0.3846153846153846, 0.3846153846153846]
============================================================

============================================================
FINAL HIGH-PRECISION SIMULATIONS
Instance: 12D_CaseMHH
Benchmarks: 100000 runs × 10000 periods
NN policy:  100 runs × 10000 periods
============================================================
Loaded NN from: policies/policies12D/neural_networks_12D_CaseMHH_find_stationary.bson

Simulating Individual (s,S)...
  Individual (s,S): 38702.92 ± 1.92 (823.2s)
Simulating (R,S)...
  (R,S): 25762.85 ± 2.87 (811.4s)
Simulating (Q,S)...
  (Q,S): 24115.78 ± 2.29 (814.6s)
Simulating (R,Q,S)...
  (R,Q,S): 24115.82 ± 2.29 (823.2s)
Simulating Can-order...
  Can-order: 22498.93 ± 1.59 (821.2s)

Simulating NN policy (find_stationary)...
  NN (find_stationary): 21939.27 ± 48.65 (23072.2s)

============================================================
FINAL RESULTS
============================================================

NN policy cost: $21939.27 \pm 0.22\%$

Relative differences (benchmark - NN) / NN:
  hybrid_RQS      : +9.92% ± 0.24%
  aggregate_QS    : +9.92% ± 0.24%
  individual_sS   : +76.41% ± 0.39%
  periodic_RS     : +17.43% ± 0.26%
  can_order       : +2.55% ± 0.23%
============================================================

Simulation times (wall):
  hybrid_RQS      :  823.2s  (1 threads)
  aggregate_QS    :  814.6s  (1 threads)
  individual_sS   :  823.2s  (1 threads)
  periodic_RS     :  811.4s  (1 threads)
  can_order       :  821.2s  (1 threads)
  NN              : 23072.2s  (1 threads)

LaTeX performance row:
$21939.27 \pm 0.22\%$ & $17.43\% \pm 0.26\%$ & $9.92\% \pm 0.24\%$ & $9.92\% \pm 0.24\%$ & $2.55\% \pm 0.23\%$ & $76.41\% \pm 0.39\%$ \\

LaTeX hyperparameter row:
0.10 & 1.95 & 0.80 & 0.40 & $10^{6}$ & Can-order & -30.00 & Eq.~\eqref{eq:stationary_conditionZ} & [0.00, 2.00] & 147.67 & 384.54 \\
  Activating project at `~/DeepSJRP`
┌ Warning: Layer with Float32 parameters got Float64 input.
│   The input will be converted, but any earlier layers may be very slow.
│   layer = Dense(12 => 1000, elu)  # 13_000 parameters
│   summary(x) = "12-element Vector{Float64}"
└ @ Flux ~/.julia/packages/Flux/DZYiO/src/layers/stateless.jl:60
Final comparison saved to: output/final_results/final_results_12D_CaseMHH.json
