Julia threads: 10

============================================================
PROBLEM INPUT (annual, unscaled)
============================================================
Instance:          12D_CaseHLL
Dimension:         12
Interest rate:     0.05
Annual demand μ:   [40.0, 35.0, 40.0, 40.0, 40.0, 20.0, 20.0, 20.0, 28.000000000000004, 20.0, 20.0, 20.0]
Fixed cost K:      20.0
Variable costs c:  [0.10000000000000002, 0.10000000000000002, 0.20000000000000004, 0.20000000000000004, 0.4000000000000001, 0.20000000000000004, 0.4000000000000001, 0.4000000000000001, 0.6, 0.6, 0.8000000000000002, 0.8000000000000002]
Holding costs h:   [2.0, 2.0, 2.0, 2.0, 2.0, 2.0, 2.0, 2.0, 2.0, 2.0, 2.0, 2.0]
Penalty costs p:   [10.0, 10.0, 10.0, 10.0, 10.0, 10.0, 10.0, 10.0, 10.0, 10.0, 10.0, 10.0]

------------------------------------------------------------
INVENTORY PROBLEM (weekly, unscaled)
------------------------------------------------------------
Discount factor:   0.9990389236684376
Fixed cost:        20.0
Variable costs:    [0.10000000000000002, 0.10000000000000002, 0.20000000000000004, 0.20000000000000004, 0.4000000000000001, 0.20000000000000004, 0.4000000000000001, 0.4000000000000001, 0.6, 0.6, 0.8000000000000002, 0.8000000000000002]
Holding costs:     [0.038461538461538464, 0.038461538461538464, 0.038461538461538464, 0.038461538461538464, 0.038461538461538464, 0.038461538461538464, 0.038461538461538464, 0.038461538461538464, 0.038461538461538464, 0.038461538461538464, 0.038461538461538464, 0.038461538461538464]
Backlog costs:     [0.19230769230769232, 0.19230769230769232, 0.19230769230769232, 0.19230769230769232, 0.19230769230769232, 0.19230769230769232, 0.19230769230769232, 0.19230769230769232, 0.19230769230769232, 0.19230769230769232, 0.19230769230769232, 0.19230769230769232]
Demand dists:      DataType[Distributions.NegativeBinomial{Float64}, Distributions.NegativeBinomial{Float64}, Distributions.NegativeBinomial{Float64}, Distributions.NegativeBinomial{Float64}, Distributions.NegativeBinomial{Float64}, Distributions.NegativeBinomial{Float64}, Distributions.NegativeBinomial{Float64}, Distributions.NegativeBinomial{Float64}, Distributions.NegativeBinomial{Float64}, Distributions.NegativeBinomial{Float64}, Distributions.NegativeBinomial{Float64}, Distributions.NegativeBinomial{Float64}]
Demand means:      [0.7692307692307693, 0.673076923076923, 0.7692307692307693, 0.7692307692307693, 0.7692307692307693, 0.3846153846153846, 0.3846153846153846, 0.3846153846153846, 0.5384615384615387, 0.3846153846153846, 0.3846153846153846, 0.3846153846153846]
============================================================

============================================================
FINAL HIGH-PRECISION SIMULATIONS
Instance: 12D_CaseHLL
Benchmarks: 100000 runs × 10000 periods
NN policy:  100 runs × 10000 periods
============================================================
Loaded NN from: policies/policies12D/neural_networks_12D_CaseHLL_solve_inf.bson

Simulating Individual (s,S)...
  Individual (s,S): 11107.56 ± 0.97 (55.6s)
Simulating (R,S)...
  (R,S): 10365.67 ± 1.07 (54.1s)
Simulating (Q,S)...
  (Q,S): 8423.12 ± 0.84 (54.2s)
Simulating (R,Q,S)...
  (R,Q,S): 8423.14 ± 0.84 (55.7s)
Simulating Can-order...
  Can-order: 10079.24 ± 0.98 (60.6s)

Recomputing z* via M_operator (solve_inf)...

Method: solve_inf
Final objective: 757.7853817699735
z*: [5.0, 3.0, 3.644988101978952, 3.0, 3.0, 1.7086729619416425, 2.3746448697199987, 1.5, 1.5, 1.5, 1.5, 1.5]
Intervention value: 9.448871159714031

Simulating NN policy (solve_inf)...
  NN (solve_inf): 8465.58 ± 25.90 (807.0s)

============================================================
FINAL RESULTS
============================================================

NN policy cost: $8465.58 \pm 0.31\%$

Relative differences (benchmark - NN) / NN:
  hybrid_RQS      : -0.50% ± 0.30%
  aggregate_QS    : -0.50% ± 0.30%
  individual_sS   : +31.21% ± 0.40%
  periodic_RS     : +22.44% ± 0.37%
  can_order       : +19.06% ± 0.36%
============================================================

Simulation times (wall):
  hybrid_RQS      :   55.7s  (10 threads)
  aggregate_QS    :   54.2s  (10 threads)
  individual_sS   :   55.6s  (10 threads)
  periodic_RS     :   54.1s  (10 threads)
  can_order       :   60.6s  (10 threads)
  NN              :  807.0s  (10 threads)

LaTeX performance row:
$8465.58 \pm 0.31\%$ & $22.44\% \pm 0.37\%$ & $-0.50\% \pm 0.30\%$ & $-0.50\% \pm 0.30\%$ & $19.06\% \pm 0.36\%$ & $31.21\% \pm 0.40\%$ \\

LaTeX hyperparameter row:
0.05 & 7.54 & 0.80 & 0.00 & $10^{6}$ & $(Q,S)$ & $-7.50$ & Eq.~\eqref{eq:argminimpulse} & [0.75, 1.25] & 148.61 & 13.45 \\
  Activating project at `~/DeepSJRP`
┌ Warning: Layer with Float32 parameters got Float64 input.
│   The input will be converted, but any earlier layers may be very slow.
│   layer = Dense(12 => 1000, elu)  # 13_000 parameters
│   summary(x) = "12-element Vector{Float64}"
└ @ Flux ~/.julia/packages/Flux/DZYiO/src/layers/stateless.jl:60
Final comparison saved to: output/final_results/final_results_12D_CaseHLL.json
RUNNING THE L-BFGS-B CODE

           * * *

Machine precision = 2.220D-16
 N =           12     M =           10

At X0         0 variables are exactly at the bounds

At iterate    0    f=  7.60785D+02    |proj g|=  8.54597D-01

At iterate    1    f=  7.57924D+02    |proj g|=  1.98951D-01

At iterate    2    f=  7.57902D+02    |proj g|=  1.58847D-01

At iterate    3    f=  7.57858D+02    |proj g|=  8.08520D-02

At iterate    4    f=  7.57846D+02    |proj g|=  7.74890D-02

At iterate    5    f=  7.57817D+02    |proj g|=  5.87111D-02

At iterate    6    f=  7.57801D+02    |proj g|=  3.06575D-02
  ys=-2.276E-04  -gs= 1.424E-02 BFGS update SKIPPED

At iterate    7    f=  7.57799D+02    |proj g|=  2.96961D-02

At iterate    8    f=  7.57789D+02    |proj g|=  1.40445D-02

At iterate    9    f=  7.57787D+02    |proj g|=  1.71727D-02

At iterate   10    f=  7.57785D+02    |proj g|=  4.72594D-03

           * * *

Tit   = total number of iterations
Tnf   = total number of function evaluations
Tnint = total number of segments explored during Cauchy searches
Skip  = number of BFGS updates skipped
Nact  = number of active bounds at final generalized Cauchy point
Projg = norm of the final projected gradient
F     = final function value

           * * *

   N    Tit     Tnf  Tnint  Skip  Nact     Projg        F
   12     10     11     20     1     7   4.726D-03   7.578D+02
  F =   757.78538176997347     

CONVERGENCE: NORM_OF_PROJECTED_GRADIENT_<=_PGTOL            

 Cauchy                time 0.000E+00 seconds.
 Subspace minimization time 0.000E+00 seconds.
 Line search           time 5.127E-03 seconds.

 Total User time 3.854E+00 seconds.

