Julia threads: 1

============================================================
PROBLEM INPUT (annual, unscaled)
============================================================
Instance:          12D_CaseMLM
Dimension:         12
Interest rate:     0.05
Annual demand μ:   [40.0, 35.0, 40.0, 40.0, 40.0, 20.0, 20.0, 20.0, 28.000000000000004, 20.0, 20.0, 20.0]
Fixed cost K:      20.0
Variable costs c:  [0.10000000000000002, 0.10000000000000002, 0.20000000000000004, 0.20000000000000004, 0.4000000000000001, 0.20000000000000004, 0.4000000000000001, 0.4000000000000001, 0.6, 0.6, 0.8000000000000002, 0.8000000000000002]
Holding costs h:   [2.0, 2.0, 2.0, 2.0, 2.0, 2.0, 2.0, 2.0, 2.0, 2.0, 2.0, 2.0]
Penalty costs p:   [50.0, 50.0, 50.0, 50.0, 50.0, 50.0, 50.0, 50.0, 50.0, 50.0, 50.0, 50.0]

------------------------------------------------------------
INVENTORY PROBLEM (weekly, unscaled)
------------------------------------------------------------
Discount factor:   0.9990389236684376
Fixed cost:        20.0
Variable costs:    [0.10000000000000002, 0.10000000000000002, 0.20000000000000004, 0.20000000000000004, 0.4000000000000001, 0.20000000000000004, 0.4000000000000001, 0.4000000000000001, 0.6, 0.6, 0.8000000000000002, 0.8000000000000002]
Holding costs:     [0.038461538461538464, 0.038461538461538464, 0.038461538461538464, 0.038461538461538464, 0.038461538461538464, 0.038461538461538464, 0.038461538461538464, 0.038461538461538464, 0.038461538461538464, 0.038461538461538464, 0.038461538461538464, 0.038461538461538464]
Backlog costs:     [0.9615384615384616, 0.9615384615384616, 0.9615384615384616, 0.9615384615384616, 0.9615384615384616, 0.9615384615384616, 0.9615384615384616, 0.9615384615384616, 0.9615384615384616, 0.9615384615384616, 0.9615384615384616, 0.9615384615384616]
Demand dists:      DataType[Distributions.NegativeBinomial{Float64}, Distributions.NegativeBinomial{Float64}, Distributions.NegativeBinomial{Float64}, Distributions.NegativeBinomial{Float64}, Distributions.NegativeBinomial{Float64}, Distributions.NegativeBinomial{Float64}, Distributions.NegativeBinomial{Float64}, Distributions.NegativeBinomial{Float64}, Distributions.NegativeBinomial{Float64}, Distributions.NegativeBinomial{Float64}, Distributions.NegativeBinomial{Float64}, Distributions.NegativeBinomial{Float64}]
Demand means:      [0.7692307692307693, 0.6730769230769231, 0.7692307692307693, 0.7692307692307693, 0.7692307692307693, 0.3846153846153846, 0.3846153846153846, 0.3846153846153846, 0.5384615384615385, 0.3846153846153846, 0.3846153846153846, 0.3846153846153846]
============================================================

============================================================
FINAL HIGH-PRECISION SIMULATIONS
Instance: 12D_CaseMLM
Benchmarks: 100000 runs × 10000 periods
NN policy:  100 runs × 10000 periods
============================================================
Loaded NN from: policies/policies12D/neural_networks_12D_CaseMLM_find_stationary.bson

Simulating Individual (s,S)...
  Individual (s,S): 13765.50 ± 0.68 (844.1s)
Simulating (R,S)...
  (R,S): 12791.24 ± 0.97 (815.8s)
Simulating (Q,S)...
  (Q,S): 11313.98 ± 0.72 (824.3s)
Simulating (R,Q,S)...
  (R,Q,S): 11314.00 ± 0.72 (845.8s)
Simulating Can-order...
  Can-order: 10718.42 ± 0.64 (837.8s)

Simulating NN policy (find_stationary)...
  NN (find_stationary): 10522.38 ± 21.46 (21791.2s)

============================================================
FINAL RESULTS
============================================================

NN policy cost: $10522.38 \pm 0.20\%$

Relative differences (benchmark - NN) / NN:
  hybrid_RQS      : +7.52% ± 0.22%
  aggregate_QS    : +7.52% ± 0.22%
  individual_sS   : +30.82% ± 0.27%
  periodic_RS     : +21.56% ± 0.25%
  can_order       : +1.86% ± 0.21%
============================================================

Simulation times (wall):
  hybrid_RQS      :  845.8s  (1 threads)
  aggregate_QS    :  824.3s  (1 threads)
  individual_sS   :  844.1s  (1 threads)
  periodic_RS     :  815.8s  (1 threads)
  can_order       :  837.8s  (1 threads)
  NN              : 21791.2s  (1 threads)

LaTeX performance row:
$10522.38 \pm 0.20\%$ & $21.56\% \pm 0.25\%$ & $7.52\% \pm 0.22\%$ & $7.52\% \pm 0.22\%$ & $1.86\% \pm 0.21\%$ & $30.82\% \pm 0.27\%$ \\

LaTeX hyperparameter row:
0.10 & 6.87 & 0.20 & 0.40 & $10^{6}$ & Can-order & -12.50 & Eq.~\eqref{eq:stationary_conditionZ} & [0.00, 2.00] & 148.49 & 363.19 \\
  Activating project at `~/DeepSJRP`
┌ Warning: Layer with Float32 parameters got Float64 input.
│   The input will be converted, but any earlier layers may be very slow.
│   layer = Dense(12 => 1000, elu)  # 13_000 parameters
│   summary(x) = "12-element Vector{Float64}"
└ @ Flux ~/.julia/packages/Flux/DZYiO/src/layers/stateless.jl:60
Final comparison saved to: output/final_results/final_results_12D_CaseMLM.json
