Julia threads: 1

============================================================
PROBLEM INPUT (annual, unscaled)
============================================================
Instance:          12D_CaseHLH
Dimension:         12
Interest rate:     0.05
Annual demand μ:   [40.0, 35.0, 40.0, 40.0, 40.0, 20.0, 20.0, 20.0, 28.000000000000004, 20.0, 20.0, 20.0]
Fixed cost K:      20.0
Variable costs c:  [0.10000000000000002, 0.10000000000000002, 0.20000000000000004, 0.20000000000000004, 0.4000000000000001, 0.20000000000000004, 0.4000000000000001, 0.4000000000000001, 0.6, 0.6, 0.8000000000000002, 0.8000000000000002]
Holding costs h:   [2.0, 2.0, 2.0, 2.0, 2.0, 2.0, 2.0, 2.0, 2.0, 2.0, 2.0, 2.0]
Penalty costs p:   [100.0, 100.0, 100.0, 100.0, 100.0, 100.0, 100.0, 100.0, 100.0, 100.0, 100.0, 100.0]

------------------------------------------------------------
INVENTORY PROBLEM (weekly, unscaled)
------------------------------------------------------------
Discount factor:   0.9990389236684376
Fixed cost:        20.0
Variable costs:    [0.10000000000000002, 0.10000000000000002, 0.20000000000000004, 0.20000000000000004, 0.4000000000000001, 0.20000000000000004, 0.4000000000000001, 0.4000000000000001, 0.6, 0.6, 0.8000000000000002, 0.8000000000000002]
Holding costs:     [0.038461538461538464, 0.038461538461538464, 0.038461538461538464, 0.038461538461538464, 0.038461538461538464, 0.038461538461538464, 0.038461538461538464, 0.038461538461538464, 0.038461538461538464, 0.038461538461538464, 0.038461538461538464, 0.038461538461538464]
Backlog costs:     [1.9230769230769231, 1.9230769230769231, 1.9230769230769231, 1.9230769230769231, 1.9230769230769231, 1.9230769230769231, 1.9230769230769231, 1.9230769230769231, 1.9230769230769231, 1.9230769230769231, 1.9230769230769231, 1.9230769230769231]
Demand dists:      DataType[Distributions.NegativeBinomial{Float64}, Distributions.NegativeBinomial{Float64}, Distributions.NegativeBinomial{Float64}, Distributions.NegativeBinomial{Float64}, Distributions.NegativeBinomial{Float64}, Distributions.NegativeBinomial{Float64}, Distributions.NegativeBinomial{Float64}, Distributions.NegativeBinomial{Float64}, Distributions.NegativeBinomial{Float64}, Distributions.NegativeBinomial{Float64}, Distributions.NegativeBinomial{Float64}, Distributions.NegativeBinomial{Float64}]
Demand means:      [0.7692307692307693, 0.673076923076923, 0.7692307692307693, 0.7692307692307693, 0.7692307692307693, 0.3846153846153846, 0.3846153846153846, 0.3846153846153846, 0.5384615384615387, 0.3846153846153846, 0.3846153846153846, 0.3846153846153846]
============================================================

============================================================
FINAL HIGH-PRECISION SIMULATIONS
Instance: 12D_CaseHLH
Benchmarks: 100000 runs × 10000 periods
NN policy:  100 runs × 10000 periods
============================================================
Loaded NN from: policies/policies12D/neural_networks_12D_CaseHLH_find_stationary.bson

Simulating Individual (s,S)...
  Individual (s,S): 17708.46 ± 2.09 (777.8s)
Simulating (R,S)...
  (R,S): 23953.38 ± 2.65 (789.1s)
Simulating (Q,S)...
  (Q,S): 17221.60 ± 2.08 (779.9s)
Simulating (R,Q,S)...
  (R,Q,S): 17221.68 ± 2.08 (779.7s)
Simulating Can-order...
  Can-order: 16386.98 ± 2.00 (778.8s)

Simulating NN policy (find_stationary)...
  NN (find_stationary): 16286.62 ± 53.31 (23246.8s)

============================================================
FINAL RESULTS
============================================================

NN policy cost: $16286.62 \pm 0.33\%$

Relative differences (benchmark - NN) / NN:
  hybrid_RQS      : +5.74% ± 0.35%
  aggregate_QS    : +5.74% ± 0.35%
  individual_sS   : +8.73% ± 0.36%
  periodic_RS     : +47.07% ± 0.48%
  can_order       : +0.62% ± 0.33%
============================================================

Simulation times (wall):
  hybrid_RQS      :  779.7s  (1 threads)
  aggregate_QS    :  779.9s  (1 threads)
  individual_sS   :  777.8s  (1 threads)
  periodic_RS     :  789.1s  (1 threads)
  can_order       :  778.8s  (1 threads)
  NN              : 23246.8s  (1 threads)

LaTeX performance row:
$16286.62 \pm 0.33\%$ & $47.07\% \pm 0.48\%$ & $5.74\% \pm 0.35\%$ & $5.74\% \pm 0.35\%$ & $0.62\% \pm 0.33\%$ & $8.73\% \pm 0.36\%$ \\

LaTeX hyperparameter row:
0.10 & 6.96 & 0.10 & 0.40 & $10^{6}$ & Can-order & -25.00 & Eq.~\eqref{eq:stationary_conditionZ} & [0.50, 1.50] & 147.72 & 387.45 \\
  Activating project at `~/DeepSJRP`
┌ Warning: Layer with Float32 parameters got Float64 input.
│   The input will be converted, but any earlier layers may be very slow.
│   layer = Dense(12 => 1000, elu)  # 13_000 parameters
│   summary(x) = "12-element Vector{Float64}"
└ @ Flux ~/.julia/packages/Flux/DZYiO/src/layers/stateless.jl:60
Final comparison saved to: output/final_results/final_results_12D_CaseHLH.json
