Julia threads: 1

============================================================
PROBLEM INPUT (annual, unscaled)
============================================================
Instance:          12D_CaseHMM
Dimension:         12
Interest rate:     0.05
Annual demand μ:   [40.0, 35.0, 40.0, 40.0, 40.0, 20.0, 20.0, 20.0, 28.000000000000004, 20.0, 20.0, 20.0]
Fixed cost K:      100.0
Variable costs c:  [0.10000000000000002, 0.10000000000000002, 0.20000000000000004, 0.20000000000000004, 0.4000000000000001, 0.20000000000000004, 0.4000000000000001, 0.4000000000000001, 0.6, 0.6, 0.8000000000000002, 0.8000000000000002]
Holding costs h:   [2.0, 2.0, 2.0, 2.0, 2.0, 2.0, 2.0, 2.0, 2.0, 2.0, 2.0, 2.0]
Penalty costs p:   [50.0, 50.0, 50.0, 50.0, 50.0, 50.0, 50.0, 50.0, 50.0, 50.0, 50.0, 50.0]

------------------------------------------------------------
INVENTORY PROBLEM (weekly, unscaled)
------------------------------------------------------------
Discount factor:   0.9990389236684376
Fixed cost:        100.0
Variable costs:    [0.10000000000000002, 0.10000000000000002, 0.20000000000000004, 0.20000000000000004, 0.4000000000000001, 0.20000000000000004, 0.4000000000000001, 0.4000000000000001, 0.6, 0.6, 0.8000000000000002, 0.8000000000000002]
Holding costs:     [0.038461538461538464, 0.038461538461538464, 0.038461538461538464, 0.038461538461538464, 0.038461538461538464, 0.038461538461538464, 0.038461538461538464, 0.038461538461538464, 0.038461538461538464, 0.038461538461538464, 0.038461538461538464, 0.038461538461538464]
Backlog costs:     [0.9615384615384616, 0.9615384615384616, 0.9615384615384616, 0.9615384615384616, 0.9615384615384616, 0.9615384615384616, 0.9615384615384616, 0.9615384615384616, 0.9615384615384616, 0.9615384615384616, 0.9615384615384616, 0.9615384615384616]
Demand dists:      DataType[Distributions.NegativeBinomial{Float64}, Distributions.NegativeBinomial{Float64}, Distributions.NegativeBinomial{Float64}, Distributions.NegativeBinomial{Float64}, Distributions.NegativeBinomial{Float64}, Distributions.NegativeBinomial{Float64}, Distributions.NegativeBinomial{Float64}, Distributions.NegativeBinomial{Float64}, Distributions.NegativeBinomial{Float64}, Distributions.NegativeBinomial{Float64}, Distributions.NegativeBinomial{Float64}, Distributions.NegativeBinomial{Float64}]
Demand means:      [0.7692307692307693, 0.673076923076923, 0.7692307692307693, 0.7692307692307693, 0.7692307692307693, 0.3846153846153846, 0.3846153846153846, 0.3846153846153846, 0.5384615384615387, 0.3846153846153846, 0.3846153846153846, 0.3846153846153846]
============================================================

============================================================
FINAL HIGH-PRECISION SIMULATIONS
Instance: 12D_CaseHMM
Benchmarks: 100000 runs × 10000 periods
NN policy:  100 runs × 10000 periods
============================================================
Loaded NN from: policies/policies12D/neural_networks_12D_CaseHMM_find_stationary.bson

Simulating Individual (s,S)...
  Individual (s,S): 27649.67 ± 2.40 (772.0s)
Simulating (R,S)...
  (R,S): 31172.01 ± 4.28 (753.2s)
Simulating (Q,S)...
  (Q,S): 23456.56 ± 2.47 (760.6s)
Simulating (R,Q,S)...
  (R,Q,S): 23456.65 ± 2.47 (763.4s)
Simulating Can-order...
  Can-order: 22737.02 ± 2.28 (766.6s)

Simulating NN policy (find_stationary)...
  NN (find_stationary): 22180.68 ± 59.52 (21752.2s)

============================================================
FINAL RESULTS
============================================================

NN policy cost: $22180.68 \pm 0.27\%$

Relative differences (benchmark - NN) / NN:
  hybrid_RQS      : +5.75% ± 0.28%
  aggregate_QS    : +5.75% ± 0.28%
  individual_sS   : +24.66% ± 0.33%
  periodic_RS     : +40.54% ± 0.38%
  can_order       : +2.51% ± 0.28%
============================================================

Simulation times (wall):
  hybrid_RQS      :  763.4s  (1 threads)
  aggregate_QS    :  760.6s  (1 threads)
  individual_sS   :  772.0s  (1 threads)
  periodic_RS     :  753.2s  (1 threads)
  can_order       :  766.6s  (1 threads)
  NN              : 21752.2s  (1 threads)

LaTeX performance row:
$22180.68 \pm 0.27\%$ & $40.54\% \pm 0.38\%$ & $5.75\% \pm 0.28\%$ & $5.75\% \pm 0.28\%$ & $2.51\% \pm 0.28\%$ & $24.66\% \pm 0.33\%$ \\

LaTeX hyperparameter row:
0.10 & 3.54 & 1.00 & 0.00 & $10^{5}$ & Can-order & -2.50 & Eq.~\eqref{eq:stationary_conditionZ} & [0.50, 1.50] & 148.64 & 362.54 \\
  Activating project at `~/DeepSJRP`
┌ Warning: Layer with Float32 parameters got Float64 input.
│   The input will be converted, but any earlier layers may be very slow.
│   layer = Dense(12 => 1000, elu)  # 13_000 parameters
│   summary(x) = "12-element Vector{Float64}"
└ @ Flux ~/.julia/packages/Flux/DZYiO/src/layers/stateless.jl:60
Final comparison saved to: output/final_results/final_results_12D_CaseHMM.json
