Julia threads: 1

============================================================
PROBLEM INPUT (annual, unscaled)
============================================================
Instance:          12D_CaseLHM
Dimension:         12
Interest rate:     0.05
Annual demand μ:   [40.0, 35.0, 40.0, 40.0, 40.0, 20.0, 20.0, 20.0, 28.000000000000004, 20.0, 20.0, 20.0]
Fixed cost K:      200.0
Variable costs c:  [0.10000000000000002, 0.10000000000000002, 0.20000000000000004, 0.20000000000000004, 0.4000000000000001, 0.20000000000000004, 0.4000000000000001, 0.4000000000000001, 0.6, 0.6, 0.8000000000000002, 0.8000000000000002]
Holding costs h:   [2.0, 2.0, 2.0, 2.0, 2.0, 2.0, 2.0, 2.0, 2.0, 2.0, 2.0, 2.0]
Penalty costs p:   [50.0, 50.0, 50.0, 50.0, 50.0, 50.0, 50.0, 50.0, 50.0, 50.0, 50.0, 50.0]

------------------------------------------------------------
INVENTORY PROBLEM (weekly, unscaled)
------------------------------------------------------------
Discount factor:   0.9990389236684376
Fixed cost:        200.0
Variable costs:    [0.10000000000000002, 0.10000000000000002, 0.20000000000000004, 0.20000000000000004, 0.4000000000000001, 0.20000000000000004, 0.4000000000000001, 0.4000000000000001, 0.6, 0.6, 0.8000000000000002, 0.8000000000000002]
Holding costs:     [0.038461538461538464, 0.038461538461538464, 0.038461538461538464, 0.038461538461538464, 0.038461538461538464, 0.038461538461538464, 0.038461538461538464, 0.038461538461538464, 0.038461538461538464, 0.038461538461538464, 0.038461538461538464, 0.038461538461538464]
Backlog costs:     [0.9615384615384616, 0.9615384615384616, 0.9615384615384616, 0.9615384615384616, 0.9615384615384616, 0.9615384615384616, 0.9615384615384616, 0.9615384615384616, 0.9615384615384616, 0.9615384615384616, 0.9615384615384616, 0.9615384615384616]
Demand dists:      DataType[Distributions.Poisson{Float64}, Distributions.Poisson{Float64}, Distributions.Poisson{Float64}, Distributions.Poisson{Float64}, Distributions.Poisson{Float64}, Distributions.Poisson{Float64}, Distributions.Poisson{Float64}, Distributions.Poisson{Float64}, Distributions.Poisson{Float64}, Distributions.Poisson{Float64}, Distributions.Poisson{Float64}, Distributions.Poisson{Float64}]
Demand means:      [0.7692307692307693, 0.6730769230769231, 0.7692307692307693, 0.7692307692307693, 0.7692307692307693, 0.38461538461538464, 0.38461538461538464, 0.38461538461538464, 0.5384615384615385, 0.38461538461538464, 0.38461538461538464, 0.38461538461538464]
============================================================

============================================================
FINAL HIGH-PRECISION SIMULATIONS
Instance: 12D_CaseLHM
Benchmarks: 100000 runs × 10000 periods
NN policy:  100 runs × 10000 periods
============================================================
Loaded NN from: policies/policies12D/neural_networks_12D_CaseLHM_find_stationary.bson

Simulating Individual (s,S)...
  Individual (s,S): 37553.96 ± 1.23 (421.7s)
Simulating (R,S)...
  (R,S): 15344.33 ± 0.41 (378.8s)
Simulating (Q,S)...
  (Q,S): 15189.26 ± 0.40 (386.4s)
Simulating (R,Q,S)...
  (R,Q,S): 15189.45 ± 0.41 (391.3s)
Simulating Can-order...
  Can-order: 16449.16 ± 0.49 (381.6s)

Simulating NN policy (find_stationary)...
  NN (find_stationary): 15254.12 ± 11.83 (22437.5s)

============================================================
FINAL RESULTS
============================================================

NN policy cost: $15254.12 \pm 0.08\%$

Relative differences (benchmark - NN) / NN:
  hybrid_RQS      : -0.42% ± 0.08%
  aggregate_QS    : -0.43% ± 0.08%
  individual_sS   : +146.19% ± 0.19%
  periodic_RS     : +0.59% ± 0.08%
  can_order       : +7.83% ± 0.08%
============================================================

Simulation times (wall):
  hybrid_RQS      :  391.3s  (1 threads)
  aggregate_QS    :  386.4s  (1 threads)
  individual_sS   :  421.7s  (1 threads)
  periodic_RS     :  378.8s  (1 threads)
  can_order       :  381.6s  (1 threads)
  NN              : 22437.5s  (1 threads)

LaTeX performance row:
$15254.12 \pm 0.08\%$ & $0.59\% \pm 0.08\%$ & $-0.43\% \pm 0.08\%$ & $-0.42\% \pm 0.08\%$ & $7.83\% \pm 0.08\%$ & $146.19\% \pm 0.19\%$ \\

LaTeX hyperparameter row:
0.10 & 1.35 & 1.00 & 0.00 & $10^{6}$ & $(Q,S)$ & -25.00 & Eq.~\eqref{eq:stationary_conditionZ} & [0.00, 2.00] & 146.98 & 373.96 \\
  Activating project at `~/DeepSJRP`
┌ Warning: Layer with Float32 parameters got Float64 input.
│   The input will be converted, but any earlier layers may be very slow.
│   layer = Dense(12 => 1000, elu)  # 13_000 parameters
│   summary(x) = "12-element Vector{Float64}"
└ @ Flux ~/.julia/packages/Flux/DZYiO/src/layers/stateless.jl:60
Final comparison saved to: output/final_results/final_results_12D_CaseLHM.json
