Julia threads: 1

============================================================
PROBLEM INPUT (annual, unscaled)
============================================================
Instance:          12D_CaseMLL
Dimension:         12
Interest rate:     0.05
Annual demand μ:   [40.0, 35.0, 40.0, 40.0, 40.0, 20.0, 20.0, 20.0, 28.000000000000004, 20.0, 20.0, 20.0]
Fixed cost K:      20.0
Variable costs c:  [0.10000000000000002, 0.10000000000000002, 0.20000000000000004, 0.20000000000000004, 0.4000000000000001, 0.20000000000000004, 0.4000000000000001, 0.4000000000000001, 0.6, 0.6, 0.8000000000000002, 0.8000000000000002]
Holding costs h:   [2.0, 2.0, 2.0, 2.0, 2.0, 2.0, 2.0, 2.0, 2.0, 2.0, 2.0, 2.0]
Penalty costs p:   [10.0, 10.0, 10.0, 10.0, 10.0, 10.0, 10.0, 10.0, 10.0, 10.0, 10.0, 10.0]

------------------------------------------------------------
INVENTORY PROBLEM (weekly, unscaled)
------------------------------------------------------------
Discount factor:   0.9990389236684376
Fixed cost:        20.0
Variable costs:    [0.10000000000000002, 0.10000000000000002, 0.20000000000000004, 0.20000000000000004, 0.4000000000000001, 0.20000000000000004, 0.4000000000000001, 0.4000000000000001, 0.6, 0.6, 0.8000000000000002, 0.8000000000000002]
Holding costs:     [0.038461538461538464, 0.038461538461538464, 0.038461538461538464, 0.038461538461538464, 0.038461538461538464, 0.038461538461538464, 0.038461538461538464, 0.038461538461538464, 0.038461538461538464, 0.038461538461538464, 0.038461538461538464, 0.038461538461538464]
Backlog costs:     [0.19230769230769232, 0.19230769230769232, 0.19230769230769232, 0.19230769230769232, 0.19230769230769232, 0.19230769230769232, 0.19230769230769232, 0.19230769230769232, 0.19230769230769232, 0.19230769230769232, 0.19230769230769232, 0.19230769230769232]
Demand dists:      DataType[Distributions.NegativeBinomial{Float64}, Distributions.NegativeBinomial{Float64}, Distributions.NegativeBinomial{Float64}, Distributions.NegativeBinomial{Float64}, Distributions.NegativeBinomial{Float64}, Distributions.NegativeBinomial{Float64}, Distributions.NegativeBinomial{Float64}, Distributions.NegativeBinomial{Float64}, Distributions.NegativeBinomial{Float64}, Distributions.NegativeBinomial{Float64}, Distributions.NegativeBinomial{Float64}, Distributions.NegativeBinomial{Float64}]
Demand means:      [0.7692307692307693, 0.6730769230769231, 0.7692307692307693, 0.7692307692307693, 0.7692307692307693, 0.3846153846153846, 0.3846153846153846, 0.3846153846153846, 0.5384615384615385, 0.3846153846153846, 0.3846153846153846, 0.3846153846153846]
============================================================

============================================================
FINAL HIGH-PRECISION SIMULATIONS
Instance: 12D_CaseMLL
Benchmarks: 100000 runs × 10000 periods
NN policy:  100 runs × 10000 periods
============================================================
Loaded NN from: policies/policies12D/neural_networks_12D_CaseMLL_find_stationary.bson

Simulating Individual (s,S)...
  Individual (s,S): 12248.70 ± 0.59 (906.0s)
Simulating (R,S)...
  (R,S): 8762.54 ± 0.50 (841.9s)
Simulating (Q,S)...
  (Q,S): 8183.01 ± 0.46 (854.0s)
Simulating (R,Q,S)...
  (R,Q,S): 8183.02 ± 0.46 (878.1s)
Simulating Can-order...
  Can-order: 9421.13 ± 0.54 (836.2s)

Simulating NN policy (find_stationary)...
  NN (find_stationary): 8110.75 ± 16.01 (22256.1s)

============================================================
FINAL RESULTS
============================================================

NN policy cost: $8110.75 \pm 0.20\%$

Relative differences (benchmark - NN) / NN:
  hybrid_RQS      : +0.89% ± 0.20%
  aggregate_QS    : +0.89% ± 0.20%
  individual_sS   : +51.02% ± 0.30%
  periodic_RS     : +8.04% ± 0.21%
  can_order       : +16.16% ± 0.23%
============================================================

Simulation times (wall):
  hybrid_RQS      :  878.1s  (1 threads)
  aggregate_QS    :  854.0s  (1 threads)
  individual_sS   :  906.0s  (1 threads)
  periodic_RS     :  841.9s  (1 threads)
  can_order       :  836.2s  (1 threads)
  NN              : 22256.1s  (1 threads)

LaTeX performance row:
$8110.75 \pm 0.20\%$ & $8.04\% \pm 0.21\%$ & $0.89\% \pm 0.20\%$ & $0.89\% \pm 0.20\%$ & $16.16\% \pm 0.23\%$ & $51.02\% \pm 0.30\%$ \\

LaTeX hyperparameter row:
0.10 & 5.74 & 0.10 & 0.00 & $10^{6}$ & $(Q,S)$ & -15.00 & Eq.~\eqref{eq:stationary_conditionZ} & [0.00, 2.00] & 148.43 & 370.94 \\
  Activating project at `~/DeepSJRP`
┌ Warning: Layer with Float32 parameters got Float64 input.
│   The input will be converted, but any earlier layers may be very slow.
│   layer = Dense(12 => 1000, elu)  # 13_000 parameters
│   summary(x) = "12-element Vector{Float64}"
└ @ Flux ~/.julia/packages/Flux/DZYiO/src/layers/stateless.jl:60
Final comparison saved to: output/final_results/final_results_12D_CaseMLL.json
