Julia threads: 1

============================================================
PROBLEM INPUT (annual, unscaled)
============================================================
Instance:          12D_CaseMMM
Dimension:         12
Interest rate:     0.05
Annual demand μ:   [40.0, 35.0, 40.0, 40.0, 40.0, 20.0, 20.0, 20.0, 28.000000000000004, 20.0, 20.0, 20.0]
Fixed cost K:      100.0
Variable costs c:  [0.10000000000000002, 0.10000000000000002, 0.20000000000000004, 0.20000000000000004, 0.4000000000000001, 0.20000000000000004, 0.4000000000000001, 0.4000000000000001, 0.6, 0.6, 0.8000000000000002, 0.8000000000000002]
Holding costs h:   [2.0, 2.0, 2.0, 2.0, 2.0, 2.0, 2.0, 2.0, 2.0, 2.0, 2.0, 2.0]
Penalty costs p:   [50.0, 50.0, 50.0, 50.0, 50.0, 50.0, 50.0, 50.0, 50.0, 50.0, 50.0, 50.0]

------------------------------------------------------------
INVENTORY PROBLEM (weekly, unscaled)
------------------------------------------------------------
Discount factor:   0.9990389236684376
Fixed cost:        100.0
Variable costs:    [0.10000000000000002, 0.10000000000000002, 0.20000000000000004, 0.20000000000000004, 0.4000000000000001, 0.20000000000000004, 0.4000000000000001, 0.4000000000000001, 0.6, 0.6, 0.8000000000000002, 0.8000000000000002]
Holding costs:     [0.038461538461538464, 0.038461538461538464, 0.038461538461538464, 0.038461538461538464, 0.038461538461538464, 0.038461538461538464, 0.038461538461538464, 0.038461538461538464, 0.038461538461538464, 0.038461538461538464, 0.038461538461538464, 0.038461538461538464]
Backlog costs:     [0.9615384615384616, 0.9615384615384616, 0.9615384615384616, 0.9615384615384616, 0.9615384615384616, 0.9615384615384616, 0.9615384615384616, 0.9615384615384616, 0.9615384615384616, 0.9615384615384616, 0.9615384615384616, 0.9615384615384616]
Demand dists:      DataType[Distributions.NegativeBinomial{Float64}, Distributions.NegativeBinomial{Float64}, Distributions.NegativeBinomial{Float64}, Distributions.NegativeBinomial{Float64}, Distributions.NegativeBinomial{Float64}, Distributions.NegativeBinomial{Float64}, Distributions.NegativeBinomial{Float64}, Distributions.NegativeBinomial{Float64}, Distributions.NegativeBinomial{Float64}, Distributions.NegativeBinomial{Float64}, Distributions.NegativeBinomial{Float64}, Distributions.NegativeBinomial{Float64}]
Demand means:      [0.7692307692307693, 0.6730769230769231, 0.7692307692307693, 0.7692307692307693, 0.7692307692307693, 0.3846153846153846, 0.3846153846153846, 0.3846153846153846, 0.5384615384615385, 0.3846153846153846, 0.3846153846153846, 0.3846153846153846]
============================================================

============================================================
FINAL HIGH-PRECISION SIMULATIONS
Instance: 12D_CaseMMM
Benchmarks: 100000 runs × 10000 periods
NN policy:  100 runs × 10000 periods
============================================================
Loaded NN from: policies/policies12D/neural_networks_12D_CaseMMM_find_stationary.bson

Simulating Individual (s,S)...
  Individual (s,S): 27473.44 ± 1.33 (835.4s)
Simulating (R,S)...
  (R,S): 19037.12 ± 1.66 (816.6s)
Simulating (Q,S)...
  (Q,S): 17724.34 ± 1.35 (815.2s)
Simulating (R,Q,S)...
  (R,Q,S): 17724.44 ± 1.35 (830.3s)
Simulating Can-order...
  Can-order: 17508.71 ± 1.14 (820.0s)

Simulating NN policy (find_stationary)...
  NN (find_stationary): 16637.16 ± 35.16 (23330.1s)

============================================================
FINAL RESULTS
============================================================

NN policy cost: $16637.16 \pm 0.21\%$

Relative differences (benchmark - NN) / NN:
  hybrid_RQS      : +6.54% ± 0.23%
  aggregate_QS    : +6.53% ± 0.23%
  individual_sS   : +65.13% ± 0.35%
  periodic_RS     : +14.43% ± 0.24%
  can_order       : +5.24% ± 0.22%
============================================================

Simulation times (wall):
  hybrid_RQS      :  830.3s  (1 threads)
  aggregate_QS    :  815.2s  (1 threads)
  individual_sS   :  835.4s  (1 threads)
  periodic_RS     :  816.6s  (1 threads)
  can_order       :  820.0s  (1 threads)
  NN              : 23330.1s  (1 threads)

LaTeX performance row:
$16637.16 \pm 0.21\%$ & $14.43\% \pm 0.24\%$ & $6.53\% \pm 0.23\%$ & $6.54\% \pm 0.23\%$ & $5.24\% \pm 0.22\%$ & $65.13\% \pm 0.35\%$ \\

LaTeX hyperparameter row:
0.10 & 2.88 & 0.40 & 0.40 & $10^{6}$ & Can-order & -30.00 & Eq.~\eqref{eq:stationary_conditionZ} & [0.00, 2.00] & 148.34 & 388.84 \\
  Activating project at `~/DeepSJRP`
┌ Warning: Layer with Float32 parameters got Float64 input.
│   The input will be converted, but any earlier layers may be very slow.
│   layer = Dense(12 => 1000, elu)  # 13_000 parameters
│   summary(x) = "12-element Vector{Float64}"
└ @ Flux ~/.julia/packages/Flux/DZYiO/src/layers/stateless.jl:60
Final comparison saved to: output/final_results/final_results_12D_CaseMMM.json
