Julia threads: 1

============================================================
PROBLEM INPUT (annual, unscaled)
============================================================
Instance:          12D_CaseLHL
Dimension:         12
Interest rate:     0.05
Annual demand μ:   [40.0, 35.0, 40.0, 40.0, 40.0, 20.0, 20.0, 20.0, 28.000000000000004, 20.0, 20.0, 20.0]
Fixed cost K:      200.0
Variable costs c:  [0.10000000000000002, 0.10000000000000002, 0.20000000000000004, 0.20000000000000004, 0.4000000000000001, 0.20000000000000004, 0.4000000000000001, 0.4000000000000001, 0.6, 0.6, 0.8000000000000002, 0.8000000000000002]
Holding costs h:   [2.0, 2.0, 2.0, 2.0, 2.0, 2.0, 2.0, 2.0, 2.0, 2.0, 2.0, 2.0]
Penalty costs p:   [10.0, 10.0, 10.0, 10.0, 10.0, 10.0, 10.0, 10.0, 10.0, 10.0, 10.0, 10.0]

------------------------------------------------------------
INVENTORY PROBLEM (weekly, unscaled)
------------------------------------------------------------
Discount factor:   0.9990389236684376
Fixed cost:        200.0
Variable costs:    [0.10000000000000002, 0.10000000000000002, 0.20000000000000004, 0.20000000000000004, 0.4000000000000001, 0.20000000000000004, 0.4000000000000001, 0.4000000000000001, 0.6, 0.6, 0.8000000000000002, 0.8000000000000002]
Holding costs:     [0.038461538461538464, 0.038461538461538464, 0.038461538461538464, 0.038461538461538464, 0.038461538461538464, 0.038461538461538464, 0.038461538461538464, 0.038461538461538464, 0.038461538461538464, 0.038461538461538464, 0.038461538461538464, 0.038461538461538464]
Backlog costs:     [0.19230769230769232, 0.19230769230769232, 0.19230769230769232, 0.19230769230769232, 0.19230769230769232, 0.19230769230769232, 0.19230769230769232, 0.19230769230769232, 0.19230769230769232, 0.19230769230769232, 0.19230769230769232, 0.19230769230769232]
Demand dists:      DataType[Distributions.Poisson{Float64}, Distributions.Poisson{Float64}, Distributions.Poisson{Float64}, Distributions.Poisson{Float64}, Distributions.Poisson{Float64}, Distributions.Poisson{Float64}, Distributions.Poisson{Float64}, Distributions.Poisson{Float64}, Distributions.Poisson{Float64}, Distributions.Poisson{Float64}, Distributions.Poisson{Float64}, Distributions.Poisson{Float64}]
Demand means:      [0.7692307692307693, 0.6730769230769231, 0.7692307692307693, 0.7692307692307693, 0.7692307692307693, 0.38461538461538464, 0.38461538461538464, 0.38461538461538464, 0.5384615384615385, 0.38461538461538464, 0.38461538461538464, 0.38461538461538464]
============================================================

============================================================
FINAL HIGH-PRECISION SIMULATIONS
Instance: 12D_CaseLHL
Benchmarks: 100000 runs × 10000 periods
NN policy:  100 runs × 10000 periods
============================================================
Loaded NN from: policies/policies12D/neural_networks_12D_CaseLHL_find_stationary.bson

Simulating Individual (s,S)...
  Individual (s,S): 35306.81 ± 1.14 (410.7s)
Simulating (R,S)...
  (R,S): 13151.02 ± 0.26 (383.7s)
Simulating (Q,S)...
  (Q,S): 13075.84 ± 0.26 (394.2s)
Simulating (R,Q,S)...
  (R,Q,S): 13075.85 ± 0.26 (394.3s)
Simulating Can-order...
  Can-order: 14962.63 ± 0.44 (385.6s)

Simulating NN policy (find_stationary)...
  NN (find_stationary): 13082.89 ± 8.05 (23263.5s)

============================================================
FINAL RESULTS
============================================================

NN policy cost: $13082.89 \pm 0.06\%$

Relative differences (benchmark - NN) / NN:
  hybrid_RQS      : -0.05% ± 0.06%
  aggregate_QS    : -0.05% ± 0.06%
  individual_sS   : +169.87% ± 0.17%
  periodic_RS     : +0.52% ± 0.06%
  can_order       : +14.37% ± 0.07%
============================================================

Simulation times (wall):
  hybrid_RQS      :  394.3s  (1 threads)
  aggregate_QS    :  394.2s  (1 threads)
  individual_sS   :  410.7s  (1 threads)
  periodic_RS     :  383.7s  (1 threads)
  can_order       :  385.6s  (1 threads)
  NN              : 23263.5s  (1 threads)

LaTeX performance row:
$13082.89 \pm 0.06\%$ & $0.52\% \pm 0.06\%$ & $-0.05\% \pm 0.06\%$ & $-0.05\% \pm 0.06\%$ & $14.37\% \pm 0.07\%$ & $169.87\% \pm 0.17\%$ \\

LaTeX hyperparameter row:
0.10 & 1.21 & 0.80 & 0.20 & $10^{6}$ & $(Q,S)$ & -25.00 & Eq.~\eqref{eq:stationary_conditionZ} & [0.50, 1.50] & 148.50 & 387.72 \\
  Activating project at `~/DeepSJRP`
┌ Warning: Layer with Float32 parameters got Float64 input.
│   The input will be converted, but any earlier layers may be very slow.
│   layer = Dense(12 => 1000, elu)  # 13_000 parameters
│   summary(x) = "12-element Vector{Float64}"
└ @ Flux ~/.julia/packages/Flux/DZYiO/src/layers/stateless.jl:60
Final comparison saved to: output/final_results/final_results_12D_CaseLHL.json
