Julia threads: 1

============================================================
PROBLEM INPUT (annual, unscaled)
============================================================
Instance:          12D_CaseHML
Dimension:         12
Interest rate:     0.05
Annual demand μ:   [40.0, 35.0, 40.0, 40.0, 40.0, 20.0, 20.0, 20.0, 28.000000000000004, 20.0, 20.0, 20.0]
Fixed cost K:      100.0
Variable costs c:  [0.10000000000000002, 0.10000000000000002, 0.20000000000000004, 0.20000000000000004, 0.4000000000000001, 0.20000000000000004, 0.4000000000000001, 0.4000000000000001, 0.6, 0.6, 0.8000000000000002, 0.8000000000000002]
Holding costs h:   [2.0, 2.0, 2.0, 2.0, 2.0, 2.0, 2.0, 2.0, 2.0, 2.0, 2.0, 2.0]
Penalty costs p:   [10.0, 10.0, 10.0, 10.0, 10.0, 10.0, 10.0, 10.0, 10.0, 10.0, 10.0, 10.0]

------------------------------------------------------------
INVENTORY PROBLEM (weekly, unscaled)
------------------------------------------------------------
Discount factor:   0.9990389236684376
Fixed cost:        100.0
Variable costs:    [0.10000000000000002, 0.10000000000000002, 0.20000000000000004, 0.20000000000000004, 0.4000000000000001, 0.20000000000000004, 0.4000000000000001, 0.4000000000000001, 0.6, 0.6, 0.8000000000000002, 0.8000000000000002]
Holding costs:     [0.038461538461538464, 0.038461538461538464, 0.038461538461538464, 0.038461538461538464, 0.038461538461538464, 0.038461538461538464, 0.038461538461538464, 0.038461538461538464, 0.038461538461538464, 0.038461538461538464, 0.038461538461538464, 0.038461538461538464]
Backlog costs:     [0.19230769230769232, 0.19230769230769232, 0.19230769230769232, 0.19230769230769232, 0.19230769230769232, 0.19230769230769232, 0.19230769230769232, 0.19230769230769232, 0.19230769230769232, 0.19230769230769232, 0.19230769230769232, 0.19230769230769232]
Demand dists:      DataType[Distributions.NegativeBinomial{Float64}, Distributions.NegativeBinomial{Float64}, Distributions.NegativeBinomial{Float64}, Distributions.NegativeBinomial{Float64}, Distributions.NegativeBinomial{Float64}, Distributions.NegativeBinomial{Float64}, Distributions.NegativeBinomial{Float64}, Distributions.NegativeBinomial{Float64}, Distributions.NegativeBinomial{Float64}, Distributions.NegativeBinomial{Float64}, Distributions.NegativeBinomial{Float64}, Distributions.NegativeBinomial{Float64}]
Demand means:      [0.7692307692307693, 0.673076923076923, 0.7692307692307693, 0.7692307692307693, 0.7692307692307693, 0.3846153846153846, 0.3846153846153846, 0.3846153846153846, 0.5384615384615387, 0.3846153846153846, 0.3846153846153846, 0.3846153846153846]
============================================================

============================================================
FINAL HIGH-PRECISION SIMULATIONS
Instance: 12D_CaseHML
Benchmarks: 100000 runs × 10000 periods
NN policy:  100 runs × 10000 periods
============================================================
Loaded NN from: policies/policies12D/neural_networks_12D_CaseHML_solve_inf.bson

Simulating Individual (s,S)...
  Individual (s,S): 24397.52 ± 2.04 (790.9s)
Simulating (R,S)...
  (R,S): 18192.90 ± 1.91 (772.2s)
Simulating (Q,S)...
  (Q,S): 15625.08 ± 1.53 (767.8s)
Simulating (R,Q,S)...
  (R,Q,S): 15625.09 ± 1.53 (778.2s)
Simulating Can-order...
  Can-order: 19306.06 ± 2.04 (772.3s)

Simulating NN policy (solve_inf)...
  NN (solve_inf): 15485.99 ± 42.68 (21695.7s)

============================================================
FINAL RESULTS
============================================================

NN policy cost: $15485.99 \pm 0.28\%$

Relative differences (benchmark - NN) / NN:
  hybrid_RQS      : +0.90% ± 0.28%
  aggregate_QS    : +0.90% ± 0.28%
  individual_sS   : +57.55% ± 0.43%
  periodic_RS     : +17.48% ± 0.32%
  can_order       : +24.67% ± 0.34%
============================================================

Simulation times (wall):
  hybrid_RQS      :  778.2s  (1 threads)
  aggregate_QS    :  767.8s  (1 threads)
  individual_sS   :  790.9s  (1 threads)
  periodic_RS     :  772.2s  (1 threads)
  can_order       :  772.3s  (1 threads)
  NN              : 21695.7s  (1 threads)

LaTeX performance row:
$15485.99 \pm 0.28\%$ & $17.48\% \pm 0.32\%$ & $0.90\% \pm 0.28\%$ & $0.90\% \pm 0.28\%$ & $24.67\% \pm 0.34\%$ & $57.55\% \pm 0.43\%$ \\

LaTeX hyperparameter row:
0.05 & 2.97 & 0.80 & 0.40 & $10^{7}$ & $(Q,S)$ & -100.00 & Eq.~\eqref{eq:argminimpulse} & [0.75, 1.25] & 148.56 & 361.59 \\
  Activating project at `~/DeepSJRP`
┌ Warning: Layer with Float32 parameters got Float64 input.
│   The input will be converted, but any earlier layers may be very slow.
│   layer = Dense(12 => 1000, elu)  # 13_000 parameters
│   summary(x) = "12-element Vector{Float64}"
└ @ Flux ~/.julia/packages/Flux/DZYiO/src/layers/stateless.jl:60
Final comparison saved to: output/final_results/final_results_12D_CaseHML.json
