Julia threads: 1

============================================================
PROBLEM INPUT (annual, unscaled)
============================================================
Instance:          12D_CaseMHM
Dimension:         12
Interest rate:     0.05
Annual demand μ:   [40.0, 35.0, 40.0, 40.0, 40.0, 20.0, 20.0, 20.0, 28.000000000000004, 20.0, 20.0, 20.0]
Fixed cost K:      200.0
Variable costs c:  [0.10000000000000002, 0.10000000000000002, 0.20000000000000004, 0.20000000000000004, 0.4000000000000001, 0.20000000000000004, 0.4000000000000001, 0.4000000000000001, 0.6, 0.6, 0.8000000000000002, 0.8000000000000002]
Holding costs h:   [2.0, 2.0, 2.0, 2.0, 2.0, 2.0, 2.0, 2.0, 2.0, 2.0, 2.0, 2.0]
Penalty costs p:   [50.0, 50.0, 50.0, 50.0, 50.0, 50.0, 50.0, 50.0, 50.0, 50.0, 50.0, 50.0]

------------------------------------------------------------
INVENTORY PROBLEM (weekly, unscaled)
------------------------------------------------------------
Discount factor:   0.9990389236684376
Fixed cost:        200.0
Variable costs:    [0.10000000000000002, 0.10000000000000002, 0.20000000000000004, 0.20000000000000004, 0.4000000000000001, 0.20000000000000004, 0.4000000000000001, 0.4000000000000001, 0.6, 0.6, 0.8000000000000002, 0.8000000000000002]
Holding costs:     [0.038461538461538464, 0.038461538461538464, 0.038461538461538464, 0.038461538461538464, 0.038461538461538464, 0.038461538461538464, 0.038461538461538464, 0.038461538461538464, 0.038461538461538464, 0.038461538461538464, 0.038461538461538464, 0.038461538461538464]
Backlog costs:     [0.9615384615384616, 0.9615384615384616, 0.9615384615384616, 0.9615384615384616, 0.9615384615384616, 0.9615384615384616, 0.9615384615384616, 0.9615384615384616, 0.9615384615384616, 0.9615384615384616, 0.9615384615384616, 0.9615384615384616]
Demand dists:      DataType[Distributions.NegativeBinomial{Float64}, Distributions.NegativeBinomial{Float64}, Distributions.NegativeBinomial{Float64}, Distributions.NegativeBinomial{Float64}, Distributions.NegativeBinomial{Float64}, Distributions.NegativeBinomial{Float64}, Distributions.NegativeBinomial{Float64}, Distributions.NegativeBinomial{Float64}, Distributions.NegativeBinomial{Float64}, Distributions.NegativeBinomial{Float64}, Distributions.NegativeBinomial{Float64}, Distributions.NegativeBinomial{Float64}]
Demand means:      [0.7692307692307693, 0.6730769230769231, 0.7692307692307693, 0.7692307692307693, 0.7692307692307693, 0.3846153846153846, 0.3846153846153846, 0.3846153846153846, 0.5384615384615385, 0.3846153846153846, 0.3846153846153846, 0.3846153846153846]
============================================================

============================================================
FINAL HIGH-PRECISION SIMULATIONS
Instance: 12D_CaseMHM
Benchmarks: 100000 runs × 10000 periods
NN policy:  100 runs × 10000 periods
============================================================
Loaded NN from: policies/policies12D/neural_networks_12D_CaseMHM_find_stationary.bson

Simulating Individual (s,S)...
  Individual (s,S): 38216.08 ± 1.88 (825.5s)
Simulating (R,S)...
  (R,S): 23180.32 ± 2.11 (810.4s)
Simulating (Q,S)...
  (Q,S): 21925.00 ± 1.81 (830.2s)
Simulating (R,Q,S)...
  (R,Q,S): 21925.07 ± 1.81 (820.4s)
Simulating Can-order...
  Can-order: 22199.14 ± 1.50 (817.6s)

Simulating NN policy (find_stationary)...
  NN (find_stationary): 20728.23 ± 49.98 (23396.5s)

============================================================
FINAL RESULTS
============================================================

NN policy cost: $20728.23 \pm 0.24\%$

Relative differences (benchmark - NN) / NN:
  hybrid_RQS      : +5.77% ± 0.26%
  aggregate_QS    : +5.77% ± 0.26%
  individual_sS   : +84.37% ± 0.44%
  periodic_RS     : +11.83% ± 0.27%
  can_order       : +7.10% ± 0.26%
============================================================

Simulation times (wall):
  hybrid_RQS      :  820.4s  (1 threads)
  aggregate_QS    :  830.2s  (1 threads)
  individual_sS   :  825.5s  (1 threads)
  periodic_RS     :  810.4s  (1 threads)
  can_order       :  817.6s  (1 threads)
  NN              : 23396.5s  (1 threads)

LaTeX performance row:
$20728.23 \pm 0.24\%$ & $11.83\% \pm 0.27\%$ & $5.77\% \pm 0.26\%$ & $5.77\% \pm 0.26\%$ & $7.10\% \pm 0.26\%$ & $84.37\% \pm 0.44\%$ \\

LaTeX hyperparameter row:
0.10 & 1.66 & 1.00 & 0.40 & $10^{6}$ & $(Q,S)$ & -30.00 & Eq.~\eqref{eq:stationary_conditionZ} & [0.00, 2.00] & 147.96 & 389.94 \\
  Activating project at `~/DeepSJRP`
┌ Warning: Layer with Float32 parameters got Float64 input.
│   The input will be converted, but any earlier layers may be very slow.
│   layer = Dense(12 => 1000, elu)  # 13_000 parameters
│   summary(x) = "12-element Vector{Float64}"
└ @ Flux ~/.julia/packages/Flux/DZYiO/src/layers/stateless.jl:60
Final comparison saved to: output/final_results/final_results_12D_CaseMHM.json
