Julia threads: 1

============================================================
PROBLEM INPUT (annual, unscaled)
============================================================
Instance:          12D_CaseLML
Dimension:         12
Interest rate:     0.05
Annual demand μ:   [40.0, 35.0, 40.0, 40.0, 40.0, 20.0, 20.0, 20.0, 28.000000000000004, 20.0, 20.0, 20.0]
Fixed cost K:      100.0
Variable costs c:  [0.10000000000000002, 0.10000000000000002, 0.20000000000000004, 0.20000000000000004, 0.4000000000000001, 0.20000000000000004, 0.4000000000000001, 0.4000000000000001, 0.6, 0.6, 0.8000000000000002, 0.8000000000000002]
Holding costs h:   [2.0, 2.0, 2.0, 2.0, 2.0, 2.0, 2.0, 2.0, 2.0, 2.0, 2.0, 2.0]
Penalty costs p:   [10.0, 10.0, 10.0, 10.0, 10.0, 10.0, 10.0, 10.0, 10.0, 10.0, 10.0, 10.0]

------------------------------------------------------------
INVENTORY PROBLEM (weekly, unscaled)
------------------------------------------------------------
Discount factor:   0.9990389236684376
Fixed cost:        100.0
Variable costs:    [0.10000000000000002, 0.10000000000000002, 0.20000000000000004, 0.20000000000000004, 0.4000000000000001, 0.20000000000000004, 0.4000000000000001, 0.4000000000000001, 0.6, 0.6, 0.8000000000000002, 0.8000000000000002]
Holding costs:     [0.038461538461538464, 0.038461538461538464, 0.038461538461538464, 0.038461538461538464, 0.038461538461538464, 0.038461538461538464, 0.038461538461538464, 0.038461538461538464, 0.038461538461538464, 0.038461538461538464, 0.038461538461538464, 0.038461538461538464]
Backlog costs:     [0.19230769230769232, 0.19230769230769232, 0.19230769230769232, 0.19230769230769232, 0.19230769230769232, 0.19230769230769232, 0.19230769230769232, 0.19230769230769232, 0.19230769230769232, 0.19230769230769232, 0.19230769230769232, 0.19230769230769232]
Demand dists:      DataType[Distributions.Poisson{Float64}, Distributions.Poisson{Float64}, Distributions.Poisson{Float64}, Distributions.Poisson{Float64}, Distributions.Poisson{Float64}, Distributions.Poisson{Float64}, Distributions.Poisson{Float64}, Distributions.Poisson{Float64}, Distributions.Poisson{Float64}, Distributions.Poisson{Float64}, Distributions.Poisson{Float64}, Distributions.Poisson{Float64}]
Demand means:      [0.7692307692307693, 0.6730769230769231, 0.7692307692307693, 0.7692307692307693, 0.7692307692307693, 0.38461538461538464, 0.38461538461538464, 0.38461538461538464, 0.5384615384615385, 0.38461538461538464, 0.38461538461538464, 0.38461538461538464]
============================================================

============================================================
FINAL HIGH-PRECISION SIMULATIONS
Instance: 12D_CaseLML
Benchmarks: 100000 runs × 10000 periods
NN policy:  100 runs × 10000 periods
============================================================
Loaded NN from: policies/policies12D/neural_networks_12D_CaseLML_find_stationary.bson

Simulating Individual (s,S)...
  Individual (s,S): 25321.95 ± 0.74 (414.2s)
Simulating (R,S)...
  (R,S): 10225.93 ± 0.21 (386.3s)
Simulating (Q,S)...
  (Q,S): 10156.67 ± 0.21 (409.1s)
Simulating (R,Q,S)...
  (R,Q,S): 10156.68 ± 0.21 (399.6s)
Simulating Can-order...
  Can-order: 11743.96 ± 0.31 (393.2s)

Simulating NN policy (find_stationary)...
  NN (find_stationary): 10164.88 ± 5.96 (23546.3s)

============================================================
FINAL RESULTS
============================================================

NN policy cost: $10164.88 \pm 0.06\%$

Relative differences (benchmark - NN) / NN:
  hybrid_RQS      : -0.08% ± 0.06%
  aggregate_QS    : -0.08% ± 0.06%
  individual_sS   : +149.11% ± 0.15%
  periodic_RS     : +0.60% ± 0.06%
  can_order       : +15.53% ± 0.07%
============================================================

Simulation times (wall):
  hybrid_RQS      :  399.6s  (1 threads)
  aggregate_QS    :  409.1s  (1 threads)
  individual_sS   :  414.2s  (1 threads)
  periodic_RS     :  386.3s  (1 threads)
  can_order       :  393.2s  (1 threads)
  NN              : 23546.3s  (1 threads)

LaTeX performance row:
$10164.88 \pm 0.06\%$ & $0.60\% \pm 0.06\%$ & $-0.08\% \pm 0.06\%$ & $-0.08\% \pm 0.06\%$ & $15.53\% \pm 0.07\%$ & $149.11\% \pm 0.15\%$ \\

LaTeX hyperparameter row:
0.10 & 1.73 & 0.40 & 0.00 & $10^{6}$ & $(Q,S)$ & -20.00 & Eq.~\eqref{eq:stationary_conditionZ} & [0.00, 2.00] & 148.56 & 392.44 \\
  Activating project at `~/DeepSJRP`
┌ Warning: Layer with Float32 parameters got Float64 input.
│   The input will be converted, but any earlier layers may be very slow.
│   layer = Dense(12 => 1000, elu)  # 13_000 parameters
│   summary(x) = "12-element Vector{Float64}"
└ @ Flux ~/.julia/packages/Flux/DZYiO/src/layers/stateless.jl:60
Final comparison saved to: output/final_results/final_results_12D_CaseLML.json
