Julia threads: 1

============================================================
PROBLEM INPUT (annual, unscaled)
============================================================
Instance:          12D_CaseLMM
Dimension:         12
Interest rate:     0.05
Annual demand μ:   [40.0, 35.0, 40.0, 40.0, 40.0, 20.0, 20.0, 20.0, 28.000000000000004, 20.0, 20.0, 20.0]
Fixed cost K:      100.0
Variable costs c:  [0.10000000000000002, 0.10000000000000002, 0.20000000000000004, 0.20000000000000004, 0.4000000000000001, 0.20000000000000004, 0.4000000000000001, 0.4000000000000001, 0.6, 0.6, 0.8000000000000002, 0.8000000000000002]
Holding costs h:   [2.0, 2.0, 2.0, 2.0, 2.0, 2.0, 2.0, 2.0, 2.0, 2.0, 2.0, 2.0]
Penalty costs p:   [50.0, 50.0, 50.0, 50.0, 50.0, 50.0, 50.0, 50.0, 50.0, 50.0, 50.0, 50.0]

------------------------------------------------------------
INVENTORY PROBLEM (weekly, unscaled)
------------------------------------------------------------
Discount factor:   0.9990389236684376
Fixed cost:        100.0
Variable costs:    [0.10000000000000002, 0.10000000000000002, 0.20000000000000004, 0.20000000000000004, 0.4000000000000001, 0.20000000000000004, 0.4000000000000001, 0.4000000000000001, 0.6, 0.6, 0.8000000000000002, 0.8000000000000002]
Holding costs:     [0.038461538461538464, 0.038461538461538464, 0.038461538461538464, 0.038461538461538464, 0.038461538461538464, 0.038461538461538464, 0.038461538461538464, 0.038461538461538464, 0.038461538461538464, 0.038461538461538464, 0.038461538461538464, 0.038461538461538464]
Backlog costs:     [0.9615384615384616, 0.9615384615384616, 0.9615384615384616, 0.9615384615384616, 0.9615384615384616, 0.9615384615384616, 0.9615384615384616, 0.9615384615384616, 0.9615384615384616, 0.9615384615384616, 0.9615384615384616, 0.9615384615384616]
Demand dists:      DataType[Distributions.Poisson{Float64}, Distributions.Poisson{Float64}, Distributions.Poisson{Float64}, Distributions.Poisson{Float64}, Distributions.Poisson{Float64}, Distributions.Poisson{Float64}, Distributions.Poisson{Float64}, Distributions.Poisson{Float64}, Distributions.Poisson{Float64}, Distributions.Poisson{Float64}, Distributions.Poisson{Float64}, Distributions.Poisson{Float64}]
Demand means:      [0.7692307692307693, 0.6730769230769231, 0.7692307692307693, 0.7692307692307693, 0.7692307692307693, 0.38461538461538464, 0.38461538461538464, 0.38461538461538464, 0.5384615384615385, 0.38461538461538464, 0.38461538461538464, 0.38461538461538464]
============================================================

============================================================
FINAL HIGH-PRECISION SIMULATIONS
Instance: 12D_CaseLMM
Benchmarks: 100000 runs × 10000 periods
NN policy:  100 runs × 10000 periods
============================================================
Loaded NN from: policies/policies12D/neural_networks_12D_CaseLMM_find_stationary.bson

Simulating Individual (s,S)...
  Individual (s,S): 26929.04 ± 0.78 (398.8s)
Simulating (R,S)...
  (R,S): 12002.26 ± 0.30 (383.1s)
Simulating (Q,S)...
  (Q,S): 11861.30 ± 0.30 (388.3s)
Simulating (R,Q,S)...
  (R,Q,S): 11858.91 ± 0.31 (395.1s)
Simulating Can-order...
  Can-order: 12644.87 ± 0.35 (385.5s)

Simulating NN policy (find_stationary)...
  NN (find_stationary): 11752.23 ± 9.29 (23283.8s)

============================================================
FINAL RESULTS
============================================================

NN policy cost: $11752.23 \pm 0.08\%$

Relative differences (benchmark - NN) / NN:
  hybrid_RQS      : +0.91% ± 0.08%
  aggregate_QS    : +0.93% ± 0.08%
  individual_sS   : +129.14% ± 0.18%
  periodic_RS     : +2.13% ± 0.08%
  can_order       : +7.60% ± 0.09%
============================================================

Simulation times (wall):
  hybrid_RQS      :  395.1s  (1 threads)
  aggregate_QS    :  388.3s  (1 threads)
  individual_sS   :  398.8s  (1 threads)
  periodic_RS     :  383.1s  (1 threads)
  can_order       :  385.5s  (1 threads)
  NN              : 23283.8s  (1 threads)

LaTeX performance row:
$11752.23 \pm 0.08\%$ & $2.13\% \pm 0.08\%$ & $0.93\% \pm 0.08\%$ & $0.91\% \pm 0.08\%$ & $7.60\% \pm 0.09\%$ & $129.14\% \pm 0.18\%$ \\

LaTeX hyperparameter row:
0.10 & 2.05 & 0.20 & 0.20 & $10^{6}$ & $(Q,S)$ & -20.00 & Eq.~\eqref{eq:stationary_conditionZ} & [0.00, 2.00] & 148.60 & 388.06 \\
  Activating project at `~/DeepSJRP`
┌ Warning: Layer with Float32 parameters got Float64 input.
│   The input will be converted, but any earlier layers may be very slow.
│   layer = Dense(12 => 1000, elu)  # 13_000 parameters
│   summary(x) = "12-element Vector{Float64}"
└ @ Flux ~/.julia/packages/Flux/DZYiO/src/layers/stateless.jl:60
Final comparison saved to: output/final_results/final_results_12D_CaseLMM.json
