Julia threads: 1

============================================================
PROBLEM INPUT (annual, unscaled)
============================================================
Instance:          2D_CaseMHM
Dimension:         2
Interest rate:     0.05
Annual demand őľ:   [40.0, 20.0]
Fixed cost K:      100.0
Variable costs c:  [0.10000000000000002, 0.4000000000000001]
Holding costs h:   [2.0, 2.0]
Penalty costs p:   [50.0, 50.0]

------------------------------------------------------------
INVENTORY PROBLEM (weekly, unscaled)
------------------------------------------------------------
Discount factor:   0.9990389236684376
Fixed cost:        100.0
Variable costs:    [0.10000000000000002, 0.4000000000000001]
Holding costs:     [0.038461538461538464, 0.038461538461538464]
Backlog costs:     [0.9615384615384616, 0.9615384615384616]
Demand dists:      DataType[Distributions.NegativeBinomial{Float64}, Distributions.NegativeBinomial{Float64}]
Demand means:      [0.7692307692307693, 0.3846153846153846]
============================================================

============================================================
FINAL HIGH-PRECISION SIMULATIONS
Instance: 2D_CaseMHM
Benchmarks: 100000 runs √ó 10000 periods
NN policy:  1000 runs √ó 10000 periods
============================================================
Loaded NN from: policies/policies2D/neural_networks_2D_CaseMHM_solve_inf.bson

Simulating Individual (s,S)...
  Individual (s,S): 4653.15 ¬Ī 0.49 (136.0s)

Simulating MDP optimal...
  MDP optimal: 3928.73 ¬Ī 0.47 (179.3s)
Simulating (R,S)...
  (R,S): 5465.15 ¬Ī 1.28 (131.8s)
Simulating (Q,S)...
  (Q,S): 4284.79 ¬Ī 0.63 (135.3s)
Simulating (R,Q,S)...
  (R,Q,S): 4284.79 ¬Ī 0.63 (134.6s)
Simulating Can-order...
  Can-order: 3974.84 ¬Ī 0.48 (134.9s)

Simulating NN policy (solve_inf)...
  NN (solve_inf): 3934.66 ¬Ī 4.58 (415.2s)

============================================================
FINAL RESULTS
============================================================

NN policy cost: $3934.66 \pm 0.12\%$

Relative differences (benchmark - NN) / NN:
  hybrid_RQS      : +8.90% ¬Ī 0.13%
  aggregate_QS    : +8.90% ¬Ī 0.13%
  mdp             : -0.15% ¬Ī 0.12%
  individual_sS   : +18.26% ¬Ī 0.14%
  periodic_RS     : +38.90% ¬Ī 0.16%
  can_order       : +1.02% ¬Ī 0.12%
============================================================

Simulation times (wall):
  hybrid_RQS      :  134.6s  (1 threads)
  aggregate_QS    :  135.3s  (1 threads)
  mdp             :  179.3s  (1 threads)
  individual_sS   :  136.0s  (1 threads)
  periodic_RS     :  131.8s  (1 threads)
  can_order       :  134.9s  (1 threads)
  NN              :  415.2s  (1 threads)

LaTeX performance row:
$3934.66 \pm 0.12\%$ & $-0.15\% \pm 0.12\%$ & $38.90\% \pm 0.16\%$ & $8.90\% \pm 0.13\%$ & $8.90\% \pm 0.13\%$ & $1.02\% \pm 0.12\%$ & $18.26\% \pm 0.14\%$ \\

LaTeX hyperparameter row:
0.10 & 0.83 & 0.40 & 0.00 & $10^{5}$ & Can-order & -2.50 & Eq.~\eqref{eq:argminimpulse} & [0.00, 1.50] & 11.07 & 6.92 \\
  Activating project at `~/DeepSJRP`
‚ĒĆ Warning: Layer with Float32 parameters got Float64 input.
‚Ēā   The input will be converted, but any earlier layers may be very slow.
‚Ēā   layer = Dense(2 => 100, elu)  # 300 parameters
‚Ēā   summary(x) = "2-element Vector{Float64}"
‚ĒĒ @ Flux ~/.julia/packages/Flux/DZYiO/src/layers/stateless.jl:60
Final comparison saved to: output/final_results/final_results_2D_CaseMHM.json
