Julia threads: 1

============================================================
PROBLEM INPUT (annual, unscaled)
============================================================
Instance:          2D_CaseMML
Dimension:         2
Interest rate:     0.05
Annual demand őľ:   [40.0, 20.0]
Fixed cost K:      50.0
Variable costs c:  [0.10000000000000002, 0.4000000000000001]
Holding costs h:   [2.0, 2.0]
Penalty costs p:   [10.0, 10.0]

------------------------------------------------------------
INVENTORY PROBLEM (weekly, unscaled)
------------------------------------------------------------
Discount factor:   0.9990389236684376
Fixed cost:        50.0
Variable costs:    [0.10000000000000002, 0.4000000000000001]
Holding costs:     [0.038461538461538464, 0.038461538461538464]
Backlog costs:     [0.19230769230769232, 0.19230769230769232]
Demand dists:      DataType[Distributions.NegativeBinomial{Float64}, Distributions.NegativeBinomial{Float64}]
Demand means:      [0.7692307692307693, 0.3846153846153846]
============================================================

============================================================
FINAL HIGH-PRECISION SIMULATIONS
Instance: 2D_CaseMML
Benchmarks: 100000 runs √ó 10000 periods
NN policy:  1000 runs √ó 10000 periods
============================================================
Loaded NN from: policies/policies2D/neural_networks_2D_CaseMML_solve_inf.bson

Simulating Individual (s,S)...
  Individual (s,S): 3063.96 ¬Ī 0.32 (136.7s)

Simulating MDP optimal...
  MDP optimal: 2571.84 ¬Ī 0.31 (173.6s)
Simulating (R,S)...
  (R,S): 3181.08 ¬Ī 0.50 (133.3s)
Simulating (Q,S)...
  (Q,S): 2656.73 ¬Ī 0.34 (140.2s)
Simulating (R,Q,S)...
  (R,Q,S): 2656.73 ¬Ī 0.34 (135.4s)
Simulating Can-order...
  Can-order: 2637.44 ¬Ī 0.31 (136.1s)

Simulating NN policy (solve_inf)...
  NN (solve_inf): 2589.48 ¬Ī 2.96 (402.3s)

============================================================
FINAL RESULTS
============================================================

NN policy cost: $2589.48 \pm 0.11\%$

Relative differences (benchmark - NN) / NN:
  hybrid_RQS      : +2.60% ¬Ī 0.12%
  aggregate_QS    : +2.60% ¬Ī 0.12%
  mdp             : -0.68% ¬Ī 0.11%
  individual_sS   : +18.32% ¬Ī 0.14%
  periodic_RS     : +22.85% ¬Ī 0.14%
  can_order       : +1.85% ¬Ī 0.12%
============================================================

Simulation times (wall):
  hybrid_RQS      :  135.4s  (1 threads)
  aggregate_QS    :  140.2s  (1 threads)
  mdp             :  173.6s  (1 threads)
  individual_sS   :  136.7s  (1 threads)
  periodic_RS     :  133.3s  (1 threads)
  can_order       :  136.1s  (1 threads)
  NN              :  402.3s  (1 threads)

LaTeX performance row:
$2589.48 \pm 0.11\%$ & $-0.68\% \pm 0.11\%$ & $22.85\% \pm 0.14\%$ & $2.60\% \pm 0.12\%$ & $2.60\% \pm 0.12\%$ & $1.85\% \pm 0.12\%$ & $18.32\% \pm 0.14\%$ \\

LaTeX hyperparameter row:
0.20 & 1.10 & 0.10 & 0.00 & $10^{7}$ & Can-order & -2.50 & Eq.~\eqref{eq:argminimpulse} & [0.00, 1.50] & 10.18 & 6.70 \\
  Activating project at `~/DeepSJRP`
‚ĒĆ Warning: Layer with Float32 parameters got Float64 input.
‚Ēā   The input will be converted, but any earlier layers may be very slow.
‚Ēā   layer = Dense(2 => 100, elu)  # 300 parameters
‚Ēā   summary(x) = "2-element Vector{Float64}"
‚ĒĒ @ Flux ~/.julia/packages/Flux/DZYiO/src/layers/stateless.jl:60
Final comparison saved to: output/final_results/final_results_2D_CaseMML.json
