Julia threads: 1

============================================================
PROBLEM INPUT (annual, unscaled)
============================================================
Instance:          2D_CaseHMM
Dimension:         2
Interest rate:     0.05
Annual demand μ:   [40.0, 20.0]
Fixed cost K:      50.0
Variable costs c:  [0.10000000000000002, 0.4000000000000001]
Holding costs h:   [2.0, 2.0]
Penalty costs p:   [50.0, 50.0]

------------------------------------------------------------
INVENTORY PROBLEM (weekly, unscaled)
------------------------------------------------------------
Discount factor:   0.9990389236684376
Fixed cost:        50.0
Variable costs:    [0.10000000000000002, 0.4000000000000001]
Holding costs:     [0.038461538461538464, 0.038461538461538464]
Backlog costs:     [0.9615384615384616, 0.9615384615384616]
Demand dists:      DataType[Distributions.NegativeBinomial{Float64}, Distributions.NegativeBinomial{Float64}]
Demand means:      [0.7692307692307693, 0.3846153846153846]
============================================================

============================================================
FINAL HIGH-PRECISION SIMULATIONS
Instance: 2D_CaseHMM
Benchmarks: 100000 runs × 10000 periods
NN policy:  1000 runs × 10000 periods
============================================================
Loaded NN from: policies/policies2D/neural_networks_2D_CaseHMM_find_stationary.bson

Simulating Individual (s,S)...
  Individual (s,S): 3424.93 ± 0.74 (134.1s)

Simulating MDP optimal...
  MDP optimal: 3214.36 ± 0.74 (152.8s)
Simulating (R,S)...
  (R,S): 7061.82 ± 2.47 (134.3s)
Simulating (Q,S)...
  (Q,S): 3477.48 ± 0.77 (134.6s)
Simulating (R,Q,S)...
  (R,Q,S): 3477.48 ± 0.77 (134.7s)
Simulating Can-order...
  Can-order: 3233.96 ± 0.72 (132.7s)

Simulating NN policy (find_stationary)...
  NN (find_stationary): 3236.72 ± 7.30 (270.7s)

============================================================
FINAL RESULTS
============================================================

NN policy cost: $3236.72 \pm 0.23\%$

Relative differences (benchmark - NN) / NN:
  hybrid_RQS      : +7.44% ± 0.24%
  aggregate_QS    : +7.44% ± 0.24%
  mdp             : -0.69% ± 0.22%
  individual_sS   : +5.82% ± 0.24%
  periodic_RS     : +118.18% ± 0.50%
  can_order       : -0.09% ± 0.23%
============================================================

Simulation times (wall):
  hybrid_RQS      :  134.7s  (1 threads)
  aggregate_QS    :  134.6s  (1 threads)
  mdp             :  152.8s  (1 threads)
  individual_sS   :  134.1s  (1 threads)
  periodic_RS     :  134.3s  (1 threads)
  can_order       :  132.7s  (1 threads)
  NN              :  270.7s  (1 threads)

LaTeX performance row:
$3236.72 \pm 0.23\%$ & $-0.69\% \pm 0.22\%$ & $118.18\% \pm 0.50\%$ & $7.44\% \pm 0.24\%$ & $7.44\% \pm 0.24\%$ & $-0.09\% \pm 0.23\%$ & $5.82\% \pm 0.24\%$ \\

LaTeX hyperparameter row:
0.05 & 1.18 & 1.00 & 0.00 & $10^{6}$ & Can-order & $-1.00$ & Eq.~\eqref{eq:stationary_conditionZ} & [0.90, 1.10] & 10.86 & 4.51 \\
  Activating project at `~/DeepSJRP`
┌ Warning: Layer with Float32 parameters got Float64 input.
│   The input will be converted, but any earlier layers may be very slow.
│   layer = Dense(2 => 100, elu)  # 300 parameters
│   summary(x) = "2-element Vector{Float64}"
└ @ Flux ~/.julia/packages/Flux/DZYiO/src/layers/stateless.jl:60
Final comparison saved to: output/final_results/final_results_2D_CaseHMM.json
