Julia threads: 1

============================================================
PROBLEM INPUT (annual, unscaled)
============================================================
Instance:          2D_CaseMLM
Dimension:         2
Interest rate:     0.05
Annual demand μ:   [40.0, 20.0]
Fixed cost K:      20.0
Variable costs c:  [0.10000000000000002, 0.4000000000000001]
Holding costs h:   [2.0, 2.0]
Penalty costs p:   [50.0, 50.0]

------------------------------------------------------------
INVENTORY PROBLEM (weekly, unscaled)
------------------------------------------------------------
Discount factor:   0.9990389236684376
Fixed cost:        20.0
Variable costs:    [0.10000000000000002, 0.4000000000000001]
Holding costs:     [0.038461538461538464, 0.038461538461538464]
Backlog costs:     [0.9615384615384616, 0.9615384615384616]
Demand dists:      DataType[Distributions.NegativeBinomial{Float64}, Distributions.NegativeBinomial{Float64}]
Demand means:      [0.7692307692307693, 0.3846153846153846]
============================================================

============================================================
FINAL HIGH-PRECISION SIMULATIONS
Instance: 2D_CaseMLM
Benchmarks: 100000 runs × 10000 periods
NN policy:  1000 runs × 10000 periods
============================================================
Loaded NN from: policies/policies2D/neural_networks_2D_CaseMLM_solve_inf.bson

Simulating Individual (s,S)...
  Individual (s,S): 2286.15 ± 0.26 (137.3s)

Simulating MDP optimal...
  MDP optimal: 2065.44 ± 0.26 (177.1s)
Simulating (R,S)...
  (R,S): 3267.33 ± 0.73 (134.9s)
Simulating (Q,S)...
  (Q,S): 2263.38 ± 0.29 (136.1s)
Simulating (R,Q,S)...
  (R,Q,S): 2263.40 ± 0.29 (136.4s)
Simulating Can-order...
  Can-order: 2068.36 ± 0.25 (136.7s)

Simulating NN policy (solve_inf)...
  NN (solve_inf): 2066.99 ± 2.54 (407.1s)

============================================================
FINAL RESULTS
============================================================

NN policy cost: $2066.99 \pm 0.12\%$

Relative differences (benchmark - NN) / NN:
  hybrid_RQS      : +9.50% ± 0.14%
  aggregate_QS    : +9.50% ± 0.14%
  mdp             : -0.08% ± 0.12%
  individual_sS   : +10.60% ± 0.14%
  periodic_RS     : +58.07% ± 0.20%
  can_order       : +0.07% ± 0.12%
============================================================

Simulation times (wall):
  hybrid_RQS      :  136.4s  (1 threads)
  aggregate_QS    :  136.1s  (1 threads)
  mdp             :  177.1s  (1 threads)
  individual_sS   :  137.3s  (1 threads)
  periodic_RS     :  134.9s  (1 threads)
  can_order       :  136.7s  (1 threads)
  NN              :  407.1s  (1 threads)

LaTeX performance row:
$2066.99 \pm 0.12\%$ & $-0.08\% \pm 0.12\%$ & $58.07\% \pm 0.20\%$ & $9.50\% \pm 0.14\%$ & $9.50\% \pm 0.14\%$ & $0.07\% \pm 0.12\%$ & $10.60\% \pm 0.14\%$ \\

LaTeX hyperparameter row:
0.05 & 1.79 & 0.20 & 0.00 & $10^{7}$ & Can-order & -2.50 & Eq.~\eqref{eq:argminimpulse} & [0.00, 1.50] & 10.20 & 6.79 \\
  Activating project at `~/DeepSJRP`
┌ Warning: Layer with Float32 parameters got Float64 input.
│   The input will be converted, but any earlier layers may be very slow.
│   layer = Dense(2 => 100, elu)  # 300 parameters
│   summary(x) = "2-element Vector{Float64}"
└ @ Flux ~/.julia/packages/Flux/DZYiO/src/layers/stateless.jl:60
Final comparison saved to: output/final_results/final_results_2D_CaseMLM.json
